This script: resnet34_conditional-v3-ablation.py
PyTorch Version: 1.8.1
CUDA device: cuda:1
CUDA version: 10.2
Random seed: 1
Learning rate: 0.0005
Epochs: 50
Batch size: 16
Output path: ../ablation-results/morph2-abl-1
Epoch: 001/050 | Batch 0000/1289 | Loss: 0.7227
Epoch: 001/050 | Batch 0050/1289 | Loss: 0.5520
Epoch: 001/050 | Batch 0100/1289 | Loss: 0.5201
Epoch: 001/050 | Batch 0150/1289 | Loss: 0.4702
Epoch: 001/050 | Batch 0200/1289 | Loss: 0.5199
Epoch: 001/050 | Batch 0250/1289 | Loss: 0.4930
Epoch: 001/050 | Batch 0300/1289 | Loss: 0.4421
Epoch: 001/050 | Batch 0350/1289 | Loss: 0.4847
Epoch: 001/050 | Batch 0400/1289 | Loss: 0.3727
Epoch: 001/050 | Batch 0450/1289 | Loss: 0.3972
Epoch: 001/050 | Batch 0500/1289 | Loss: 0.3649
Epoch: 001/050 | Batch 0550/1289 | Loss: 0.3607
Epoch: 001/050 | Batch 0600/1289 | Loss: 0.4425
Epoch: 001/050 | Batch 0650/1289 | Loss: 0.3798
Epoch: 001/050 | Batch 0700/1289 | Loss: 0.3525
Epoch: 001/050 | Batch 0750/1289 | Loss: 0.3724
Epoch: 001/050 | Batch 0800/1289 | Loss: 0.4141
Epoch: 001/050 | Batch 0850/1289 | Loss: 0.2707
Epoch: 001/050 | Batch 0900/1289 | Loss: 0.3550
Epoch: 001/050 | Batch 0950/1289 | Loss: 0.3385
Epoch: 001/050 | Batch 1000/1289 | Loss: 0.4231
Epoch: 001/050 | Batch 1050/1289 | Loss: 0.3972
Epoch: 001/050 | Batch 1100/1289 | Loss: 0.3037
Epoch: 001/050 | Batch 1150/1289 | Loss: 0.4929
Epoch: 001/050 | Batch 1200/1289 | Loss: 0.3906
Epoch: 001/050 | Batch 1250/1289 | Loss: 0.3064
MAE/RMSE/ACC: Current Valid: 10.62/12.77/3.20 Ep. 1 | Best Valid: 10.62/12.77/3.20 | Ep. 1
Time elapsed: 2.20 min
Epoch: 002/050 | Batch 0000/1289 | Loss: 0.3544
Epoch: 002/050 | Batch 0050/1289 | Loss: 0.2826
Epoch: 002/050 | Batch 0100/1289 | Loss: 0.2760
Epoch: 002/050 | Batch 0150/1289 | Loss: 0.2662
Epoch: 002/050 | Batch 0200/1289 | Loss: 0.3182
Epoch: 002/050 | Batch 0250/1289 | Loss: 0.2307
Epoch: 002/050 | Batch 0300/1289 | Loss: 0.2955
Epoch: 002/050 | Batch 0350/1289 | Loss: 0.3952
Epoch: 002/050 | Batch 0400/1289 | Loss: 0.3751
Epoch: 002/050 | Batch 0450/1289 | Loss: 0.3091
Epoch: 002/050 | Batch 0500/1289 | Loss: 0.2316
Epoch: 002/050 | Batch 0550/1289 | Loss: 0.3231
Epoch: 002/050 | Batch 0600/1289 | Loss: 0.2940
Epoch: 002/050 | Batch 0650/1289 | Loss: 0.3824
Epoch: 002/050 | Batch 0700/1289 | Loss: 0.2561
Epoch: 002/050 | Batch 0750/1289 | Loss: 0.2323
Epoch: 002/050 | Batch 0800/1289 | Loss: 0.3531
Epoch: 002/050 | Batch 0850/1289 | Loss: 0.3283
Epoch: 002/050 | Batch 0900/1289 | Loss: 0.3619
Epoch: 002/050 | Batch 0950/1289 | Loss: 0.2347
Epoch: 002/050 | Batch 1000/1289 | Loss: 0.2822
Epoch: 002/050 | Batch 1050/1289 | Loss: 0.2350
Epoch: 002/050 | Batch 1100/1289 | Loss: 0.3622
Epoch: 002/050 | Batch 1150/1289 | Loss: 0.3201
Epoch: 002/050 | Batch 1200/1289 | Loss: 0.4666
Epoch: 002/050 | Batch 1250/1289 | Loss: 0.3477
MAE/RMSE/ACC: Current Valid: 7.41/9.19/4.74 Ep. 2 | Best Valid: 7.41/9.19/4.74 | Ep. 2
Time elapsed: 4.53 min
Epoch: 003/050 | Batch 0000/1289 | Loss: 0.2108
Epoch: 003/050 | Batch 0050/1289 | Loss: 0.2780
Epoch: 003/050 | Batch 0100/1289 | Loss: 0.3399
Epoch: 003/050 | Batch 0150/1289 | Loss: 0.1944
Epoch: 003/050 | Batch 0200/1289 | Loss: 0.2702
Epoch: 003/050 | Batch 0250/1289 | Loss: 0.2653
Epoch: 003/050 | Batch 0300/1289 | Loss: 0.3764
Epoch: 003/050 | Batch 0350/1289 | Loss: 0.2756
Epoch: 003/050 | Batch 0400/1289 | Loss: 0.3462
Epoch: 003/050 | Batch 0450/1289 | Loss: 0.3124
Epoch: 003/050 | Batch 0500/1289 | Loss: 0.3436
Epoch: 003/050 | Batch 0550/1289 | Loss: 0.2515
Epoch: 003/050 | Batch 0600/1289 | Loss: 0.3887
Epoch: 003/050 | Batch 0650/1289 | Loss: 0.3879
Epoch: 003/050 | Batch 0700/1289 | Loss: 0.2716
Epoch: 003/050 | Batch 0750/1289 | Loss: 0.3179
Epoch: 003/050 | Batch 0800/1289 | Loss: 0.2998
Epoch: 003/050 | Batch 0850/1289 | Loss: 0.3117
Epoch: 003/050 | Batch 0900/1289 | Loss: 0.4071
Epoch: 003/050 | Batch 0950/1289 | Loss: 0.2833
Epoch: 003/050 | Batch 1000/1289 | Loss: 0.3468
Epoch: 003/050 | Batch 1050/1289 | Loss: 0.2783
Epoch: 003/050 | Batch 1100/1289 | Loss: 0.2184
Epoch: 003/050 | Batch 1150/1289 | Loss: 0.3085
Epoch: 003/050 | Batch 1200/1289 | Loss: 0.3392
Epoch: 003/050 | Batch 1250/1289 | Loss: 0.2122
MAE/RMSE/ACC: Current Valid: 6.93/8.56/4.90 Ep. 3 | Best Valid: 6.93/8.56/4.90 | Ep. 3
Time elapsed: 6.94 min
Epoch: 004/050 | Batch 0000/1289 | Loss: 0.3376
Epoch: 004/050 | Batch 0050/1289 | Loss: 0.4617
Epoch: 004/050 | Batch 0100/1289 | Loss: 0.2584
Epoch: 004/050 | Batch 0150/1289 | Loss: 0.3319
Epoch: 004/050 | Batch 0200/1289 | Loss: 0.2719
Epoch: 004/050 | Batch 0250/1289 | Loss: 0.3422
Epoch: 004/050 | Batch 0300/1289 | Loss: 0.2217
Epoch: 004/050 | Batch 0350/1289 | Loss: 0.3174
Epoch: 004/050 | Batch 0400/1289 | Loss: 0.2561
Epoch: 004/050 | Batch 0450/1289 | Loss: 0.2352
Epoch: 004/050 | Batch 0500/1289 | Loss: 0.2432
Epoch: 004/050 | Batch 0550/1289 | Loss: 0.3556
Epoch: 004/050 | Batch 0600/1289 | Loss: 0.2003
Epoch: 004/050 | Batch 0650/1289 | Loss: 0.3403
Epoch: 004/050 | Batch 0700/1289 | Loss: 0.1812
Epoch: 004/050 | Batch 0750/1289 | Loss: 0.2006
Epoch: 004/050 | Batch 0800/1289 | Loss: 0.2646
Epoch: 004/050 | Batch 0850/1289 | Loss: 0.3531
Epoch: 004/050 | Batch 0900/1289 | Loss: 0.2561
Epoch: 004/050 | Batch 0950/1289 | Loss: 0.2452
Epoch: 004/050 | Batch 1000/1289 | Loss: 0.2394
Epoch: 004/050 | Batch 1050/1289 | Loss: 0.2244
Epoch: 004/050 | Batch 1100/1289 | Loss: 0.1989
Epoch: 004/050 | Batch 1150/1289 | Loss: 0.1974
Epoch: 004/050 | Batch 1200/1289 | Loss: 0.2328
Epoch: 004/050 | Batch 1250/1289 | Loss: 0.2439
MAE/RMSE/ACC: Current Valid: 3.91/5.06/7.16 Ep. 4 | Best Valid: 3.91/5.06/7.16 | Ep. 4
Time elapsed: 12.29 min
Epoch: 005/050 | Batch 0000/1289 | Loss: 0.3121
Epoch: 005/050 | Batch 0050/1289 | Loss: 0.2304
Epoch: 005/050 | Batch 0100/1289 | Loss: 0.2716
Epoch: 005/050 | Batch 0150/1289 | Loss: 0.2981
Epoch: 005/050 | Batch 0200/1289 | Loss: 0.2504
Epoch: 005/050 | Batch 0250/1289 | Loss: 0.2227
Epoch: 005/050 | Batch 0300/1289 | Loss: 0.2192
Epoch: 005/050 | Batch 0350/1289 | Loss: 0.1754
Epoch: 005/050 | Batch 0400/1289 | Loss: 0.3549
Epoch: 005/050 | Batch 0450/1289 | Loss: 0.3595
Epoch: 005/050 | Batch 0500/1289 | Loss: 0.2794
Epoch: 005/050 | Batch 0550/1289 | Loss: 0.2066
Epoch: 005/050 | Batch 0600/1289 | Loss: 0.2241
Epoch: 005/050 | Batch 0650/1289 | Loss: 0.1817
Epoch: 005/050 | Batch 0700/1289 | Loss: 0.2361
Epoch: 005/050 | Batch 0750/1289 | Loss: 0.1749
Epoch: 005/050 | Batch 0800/1289 | Loss: 0.3485
Epoch: 005/050 | Batch 0850/1289 | Loss: 0.2784
Epoch: 005/050 | Batch 0900/1289 | Loss: 0.2277
Epoch: 005/050 | Batch 0950/1289 | Loss: 0.2132
Epoch: 005/050 | Batch 1000/1289 | Loss: 0.1728
Epoch: 005/050 | Batch 1050/1289 | Loss: 0.2709
Epoch: 005/050 | Batch 1100/1289 | Loss: 0.2100
Epoch: 005/050 | Batch 1150/1289 | Loss: 0.1820
Epoch: 005/050 | Batch 1200/1289 | Loss: 0.2185
Epoch: 005/050 | Batch 1250/1289 | Loss: 0.2055
MAE/RMSE/ACC: Current Valid: 6.23/7.81/7.16 Ep. 5 | Best Valid: 3.91/5.06/7.16 | Ep. 4
Time elapsed: 19.02 min
Epoch: 006/050 | Batch 0000/1289 | Loss: 0.2716
Epoch: 006/050 | Batch 0050/1289 | Loss: 0.2301
Epoch: 006/050 | Batch 0100/1289 | Loss: 0.2374
Epoch: 006/050 | Batch 0150/1289 | Loss: 0.3017
Epoch: 006/050 | Batch 0200/1289 | Loss: 0.1978
Epoch: 006/050 | Batch 0250/1289 | Loss: 0.2592
Epoch: 006/050 | Batch 0300/1289 | Loss: 0.2257
Epoch: 006/050 | Batch 0350/1289 | Loss: 0.2375
Epoch: 006/050 | Batch 0400/1289 | Loss: 0.2381
Epoch: 006/050 | Batch 0450/1289 | Loss: 0.1791
Epoch: 006/050 | Batch 0500/1289 | Loss: 0.2964
Epoch: 006/050 | Batch 0550/1289 | Loss: 0.2474
Epoch: 006/050 | Batch 0600/1289 | Loss: 0.3304
Epoch: 006/050 | Batch 0650/1289 | Loss: 0.1918
Epoch: 006/050 | Batch 0700/1289 | Loss: 0.3583
Epoch: 006/050 | Batch 0750/1289 | Loss: 0.2325
Epoch: 006/050 | Batch 0800/1289 | Loss: 0.2307
Epoch: 006/050 | Batch 0850/1289 | Loss: 0.3803
Epoch: 006/050 | Batch 0900/1289 | Loss: 0.3028
Epoch: 006/050 | Batch 0950/1289 | Loss: 0.2240
Epoch: 006/050 | Batch 1000/1289 | Loss: 0.2385
Epoch: 006/050 | Batch 1050/1289 | Loss: 0.2767
Epoch: 006/050 | Batch 1100/1289 | Loss: 0.1884
Epoch: 006/050 | Batch 1150/1289 | Loss: 0.2324
Epoch: 006/050 | Batch 1200/1289 | Loss: 0.2554
Epoch: 006/050 | Batch 1250/1289 | Loss: 0.1968
MAE/RMSE/ACC: Current Valid: 4.09/5.20/7.16 Ep. 6 | Best Valid: 3.91/5.06/7.16 | Ep. 4
Time elapsed: 23.01 min
Epoch: 007/050 | Batch 0000/1289 | Loss: 0.2002
Epoch: 007/050 | Batch 0050/1289 | Loss: 0.2262
Epoch: 007/050 | Batch 0100/1289 | Loss: 0.2228
Epoch: 007/050 | Batch 0150/1289 | Loss: 0.2289
Epoch: 007/050 | Batch 0200/1289 | Loss: 0.2059
Epoch: 007/050 | Batch 0250/1289 | Loss: 0.2550
Epoch: 007/050 | Batch 0300/1289 | Loss: 0.3123
Epoch: 007/050 | Batch 0350/1289 | Loss: 0.2132
Epoch: 007/050 | Batch 0400/1289 | Loss: 0.2064
Epoch: 007/050 | Batch 0450/1289 | Loss: 0.2179
Epoch: 007/050 | Batch 0500/1289 | Loss: 0.2172
Epoch: 007/050 | Batch 0550/1289 | Loss: 0.2271
Epoch: 007/050 | Batch 0600/1289 | Loss: 0.1901
Epoch: 007/050 | Batch 0650/1289 | Loss: 0.2189
Epoch: 007/050 | Batch 0700/1289 | Loss: 0.1933
Epoch: 007/050 | Batch 0750/1289 | Loss: 0.2447
Epoch: 007/050 | Batch 0800/1289 | Loss: 0.1983
Epoch: 007/050 | Batch 0850/1289 | Loss: 0.2050
Epoch: 007/050 | Batch 0900/1289 | Loss: 0.2452
Epoch: 007/050 | Batch 0950/1289 | Loss: 0.2301
Epoch: 007/050 | Batch 1000/1289 | Loss: 0.2498
Epoch: 007/050 | Batch 1050/1289 | Loss: 0.1582
Epoch: 007/050 | Batch 1100/1289 | Loss: 0.2644
Epoch: 007/050 | Batch 1150/1289 | Loss: 0.2400
Epoch: 007/050 | Batch 1200/1289 | Loss: 0.2772
Epoch: 007/050 | Batch 1250/1289 | Loss: 0.2180
MAE/RMSE/ACC: Current Valid: 3.93/5.01/8.54 Ep. 7 | Best Valid: 3.93/5.01/8.54 | Ep. 7
Time elapsed: 27.08 min
Epoch: 008/050 | Batch 0000/1289 | Loss: 0.2511
Epoch: 008/050 | Batch 0050/1289 | Loss: 0.2492
Epoch: 008/050 | Batch 0100/1289 | Loss: 0.2332
Epoch: 008/050 | Batch 0150/1289 | Loss: 0.2263
Epoch: 008/050 | Batch 0200/1289 | Loss: 0.2181
Epoch: 008/050 | Batch 0250/1289 | Loss: 0.2275
Epoch: 008/050 | Batch 0300/1289 | Loss: 0.2246
Epoch: 008/050 | Batch 0350/1289 | Loss: 0.2227
Epoch: 008/050 | Batch 0400/1289 | Loss: 0.1605
Epoch: 008/050 | Batch 0450/1289 | Loss: 0.3016
Epoch: 008/050 | Batch 0500/1289 | Loss: 0.2043
Epoch: 008/050 | Batch 0550/1289 | Loss: 0.2500
Epoch: 008/050 | Batch 0600/1289 | Loss: 0.2550
Epoch: 008/050 | Batch 0650/1289 | Loss: 0.2181
Epoch: 008/050 | Batch 0700/1289 | Loss: 0.1983
Epoch: 008/050 | Batch 0750/1289 | Loss: 0.1612
Epoch: 008/050 | Batch 0800/1289 | Loss: 0.1986
Epoch: 008/050 | Batch 0850/1289 | Loss: 0.1968
Epoch: 008/050 | Batch 0900/1289 | Loss: 0.1641
Epoch: 008/050 | Batch 0950/1289 | Loss: 0.2098
Epoch: 008/050 | Batch 1000/1289 | Loss: 0.1959
Epoch: 008/050 | Batch 1050/1289 | Loss: 0.1843
Epoch: 008/050 | Batch 1100/1289 | Loss: 0.1900
Epoch: 008/050 | Batch 1150/1289 | Loss: 0.2621
Epoch: 008/050 | Batch 1200/1289 | Loss: 0.3204
Epoch: 008/050 | Batch 1250/1289 | Loss: 0.2124
MAE/RMSE/ACC: Current Valid: 6.60/8.20/8.54 Ep. 8 | Best Valid: 3.93/5.01/8.54 | Ep. 7
Time elapsed: 31.18 min
Epoch: 009/050 | Batch 0000/1289 | Loss: 0.3314
Epoch: 009/050 | Batch 0050/1289 | Loss: 0.2413
Epoch: 009/050 | Batch 0100/1289 | Loss: 0.2659
Epoch: 009/050 | Batch 0150/1289 | Loss: 0.2554
Epoch: 009/050 | Batch 0200/1289 | Loss: 0.2657
Epoch: 009/050 | Batch 0250/1289 | Loss: 0.2460
Epoch: 009/050 | Batch 0300/1289 | Loss: 0.1982
Epoch: 009/050 | Batch 0350/1289 | Loss: 0.1968
Epoch: 009/050 | Batch 0400/1289 | Loss: 0.2053
Epoch: 009/050 | Batch 0450/1289 | Loss: 0.2155
Epoch: 009/050 | Batch 0500/1289 | Loss: 0.1617
Epoch: 009/050 | Batch 0550/1289 | Loss: 0.1931
Epoch: 009/050 | Batch 0600/1289 | Loss: 0.2516
Epoch: 009/050 | Batch 0650/1289 | Loss: 0.2196
Epoch: 009/050 | Batch 0700/1289 | Loss: 0.3412
Epoch: 009/050 | Batch 0750/1289 | Loss: 0.1795
Epoch: 009/050 | Batch 0800/1289 | Loss: 0.1941
Epoch: 009/050 | Batch 0850/1289 | Loss: 0.1687
Epoch: 009/050 | Batch 0900/1289 | Loss: 0.3207
Epoch: 009/050 | Batch 0950/1289 | Loss: 0.1736
Epoch: 009/050 | Batch 1000/1289 | Loss: 0.1704
Epoch: 009/050 | Batch 1050/1289 | Loss: 0.1872
Epoch: 009/050 | Batch 1100/1289 | Loss: 0.2557
Epoch: 009/050 | Batch 1150/1289 | Loss: 0.2066
Epoch: 009/050 | Batch 1200/1289 | Loss: 0.1890
Epoch: 009/050 | Batch 1250/1289 | Loss: 0.2254
MAE/RMSE/ACC: Current Valid: 4.63/6.03/8.54 Ep. 9 | Best Valid: 3.93/5.01/8.54 | Ep. 7
Time elapsed: 35.29 min
Epoch: 010/050 | Batch 0000/1289 | Loss: 0.2164
Epoch: 010/050 | Batch 0050/1289 | Loss: 0.2773
Epoch: 010/050 | Batch 0100/1289 | Loss: 0.2725
Epoch: 010/050 | Batch 0150/1289 | Loss: 0.2746
Epoch: 010/050 | Batch 0200/1289 | Loss: 0.2429
Epoch: 010/050 | Batch 0250/1289 | Loss: 0.1933
Epoch: 010/050 | Batch 0300/1289 | Loss: 0.2152
Epoch: 010/050 | Batch 0350/1289 | Loss: 0.1943
Epoch: 010/050 | Batch 0400/1289 | Loss: 0.1903
Epoch: 010/050 | Batch 0450/1289 | Loss: 0.1938
Epoch: 010/050 | Batch 0500/1289 | Loss: 0.2517
Epoch: 010/050 | Batch 0550/1289 | Loss: 0.1855
Epoch: 010/050 | Batch 0600/1289 | Loss: 0.1912
Epoch: 010/050 | Batch 0650/1289 | Loss: 0.1553
Epoch: 010/050 | Batch 0700/1289 | Loss: 0.2181
Epoch: 010/050 | Batch 0750/1289 | Loss: 0.2010
Epoch: 010/050 | Batch 0800/1289 | Loss: 0.2020
Epoch: 010/050 | Batch 0850/1289 | Loss: 0.2190
Epoch: 010/050 | Batch 0900/1289 | Loss: 0.2266
Epoch: 010/050 | Batch 0950/1289 | Loss: 0.1801
Epoch: 010/050 | Batch 1000/1289 | Loss: 0.2075
Epoch: 010/050 | Batch 1050/1289 | Loss: 0.2212
Epoch: 010/050 | Batch 1100/1289 | Loss: 0.2178
Epoch: 010/050 | Batch 1150/1289 | Loss: 0.3471
Epoch: 010/050 | Batch 1200/1289 | Loss: 0.1790
Epoch: 010/050 | Batch 1250/1289 | Loss: 0.2542
MAE/RMSE/ACC: Current Valid: 3.49/4.63/9.92 Ep. 10 | Best Valid: 3.49/4.63/9.92 | Ep. 10
Time elapsed: 39.42 min
Epoch: 011/050 | Batch 0000/1289 | Loss: 0.2082
Epoch: 011/050 | Batch 0050/1289 | Loss: 0.2066
Epoch: 011/050 | Batch 0100/1289 | Loss: 0.1484
Epoch: 011/050 | Batch 0150/1289 | Loss: 0.1970
Epoch: 011/050 | Batch 0200/1289 | Loss: 0.2238
Epoch: 011/050 | Batch 0250/1289 | Loss: 0.1989
Epoch: 011/050 | Batch 0300/1289 | Loss: 0.2203
Epoch: 011/050 | Batch 0350/1289 | Loss: 0.1533
Epoch: 011/050 | Batch 0400/1289 | Loss: 0.2364
Epoch: 011/050 | Batch 0450/1289 | Loss: 0.1822
Epoch: 011/050 | Batch 0500/1289 | Loss: 0.2105
Epoch: 011/050 | Batch 0550/1289 | Loss: 0.1922
Epoch: 011/050 | Batch 0600/1289 | Loss: 0.2082
Epoch: 011/050 | Batch 0650/1289 | Loss: 0.3254
Epoch: 011/050 | Batch 0700/1289 | Loss: 0.2761
Epoch: 011/050 | Batch 0750/1289 | Loss: 0.2060
Epoch: 011/050 | Batch 0800/1289 | Loss: 0.2769
Epoch: 011/050 | Batch 0850/1289 | Loss: 0.1672
Epoch: 011/050 | Batch 0900/1289 | Loss: 0.2304
Epoch: 011/050 | Batch 0950/1289 | Loss: 0.1969
Epoch: 011/050 | Batch 1000/1289 | Loss: 0.2194
Epoch: 011/050 | Batch 1050/1289 | Loss: 0.2036
Epoch: 011/050 | Batch 1100/1289 | Loss: 0.2243
Epoch: 011/050 | Batch 1150/1289 | Loss: 0.2443
Epoch: 011/050 | Batch 1200/1289 | Loss: 0.2143
Epoch: 011/050 | Batch 1250/1289 | Loss: 0.2068
MAE/RMSE/ACC: Current Valid: 4.21/5.46/9.92 Ep. 11 | Best Valid: 3.49/4.63/9.92 | Ep. 10
Time elapsed: 43.55 min
Epoch: 012/050 | Batch 0000/1289 | Loss: 0.2153
Epoch: 012/050 | Batch 0050/1289 | Loss: 0.1929
Epoch: 012/050 | Batch 0100/1289 | Loss: 0.1923
Epoch: 012/050 | Batch 0150/1289 | Loss: 0.2325
Epoch: 012/050 | Batch 0200/1289 | Loss: 0.2055
Epoch: 012/050 | Batch 0250/1289 | Loss: 0.2505
Epoch: 012/050 | Batch 0300/1289 | Loss: 0.2145
Epoch: 012/050 | Batch 0350/1289 | Loss: 0.1762
Epoch: 012/050 | Batch 0400/1289 | Loss: 0.1925
Epoch: 012/050 | Batch 0450/1289 | Loss: 0.1617
Epoch: 012/050 | Batch 0500/1289 | Loss: 0.2248
Epoch: 012/050 | Batch 0550/1289 | Loss: 0.2557
Epoch: 012/050 | Batch 0600/1289 | Loss: 0.1565
Epoch: 012/050 | Batch 0650/1289 | Loss: 0.2467
Epoch: 012/050 | Batch 0700/1289 | Loss: 0.1531
Epoch: 012/050 | Batch 0750/1289 | Loss: 0.1903
Epoch: 012/050 | Batch 0800/1289 | Loss: 0.2510
Epoch: 012/050 | Batch 0850/1289 | Loss: 0.1798
Epoch: 012/050 | Batch 0900/1289 | Loss: 0.1813
Epoch: 012/050 | Batch 0950/1289 | Loss: 0.2059
Epoch: 012/050 | Batch 1000/1289 | Loss: 0.2214
Epoch: 012/050 | Batch 1050/1289 | Loss: 0.1667
Epoch: 012/050 | Batch 1100/1289 | Loss: 0.2620
Epoch: 012/050 | Batch 1150/1289 | Loss: 0.2012
Epoch: 012/050 | Batch 1200/1289 | Loss: 0.1959
Epoch: 012/050 | Batch 1250/1289 | Loss: 0.1353
MAE/RMSE/ACC: Current Valid: 3.31/4.21/8.37 Ep. 12 | Best Valid: 3.31/4.21/8.37 | Ep. 12
Time elapsed: 47.67 min
Epoch: 013/050 | Batch 0000/1289 | Loss: 0.1679
Epoch: 013/050 | Batch 0050/1289 | Loss: 0.1886
Epoch: 013/050 | Batch 0100/1289 | Loss: 0.2446
Epoch: 013/050 | Batch 0150/1289 | Loss: 0.2095
Epoch: 013/050 | Batch 0200/1289 | Loss: 0.2138
Epoch: 013/050 | Batch 0250/1289 | Loss: 0.1401
Epoch: 013/050 | Batch 0300/1289 | Loss: 0.2539
Epoch: 013/050 | Batch 0350/1289 | Loss: 0.1825
Epoch: 013/050 | Batch 0400/1289 | Loss: 0.2521
Epoch: 013/050 | Batch 0450/1289 | Loss: 0.1352
Epoch: 013/050 | Batch 0500/1289 | Loss: 0.1951
Epoch: 013/050 | Batch 0550/1289 | Loss: 0.1954
Epoch: 013/050 | Batch 0600/1289 | Loss: 0.1645
Epoch: 013/050 | Batch 0650/1289 | Loss: 0.1837
Epoch: 013/050 | Batch 0700/1289 | Loss: 0.2252
Epoch: 013/050 | Batch 0750/1289 | Loss: 0.2703
Epoch: 013/050 | Batch 0800/1289 | Loss: 0.2129
Epoch: 013/050 | Batch 0850/1289 | Loss: 0.2319
Epoch: 013/050 | Batch 0900/1289 | Loss: 0.2285
Epoch: 013/050 | Batch 0950/1289 | Loss: 0.1597
Epoch: 013/050 | Batch 1000/1289 | Loss: 0.2503
Epoch: 013/050 | Batch 1050/1289 | Loss: 0.1820
Epoch: 013/050 | Batch 1100/1289 | Loss: 0.1800
Epoch: 013/050 | Batch 1150/1289 | Loss: 0.1500
Epoch: 013/050 | Batch 1200/1289 | Loss: 0.1348
Epoch: 013/050 | Batch 1250/1289 | Loss: 0.1891
MAE/RMSE/ACC: Current Valid: 4.10/5.28/8.37 Ep. 13 | Best Valid: 3.31/4.21/8.37 | Ep. 12
Time elapsed: 51.78 min
Epoch: 014/050 | Batch 0000/1289 | Loss: 0.1797
Epoch: 014/050 | Batch 0050/1289 | Loss: 0.2011
Epoch: 014/050 | Batch 0100/1289 | Loss: 0.1611
Epoch: 014/050 | Batch 0150/1289 | Loss: 0.1649
Epoch: 014/050 | Batch 0200/1289 | Loss: 0.2020
Epoch: 014/050 | Batch 0250/1289 | Loss: 0.2325
Epoch: 014/050 | Batch 0300/1289 | Loss: 0.1470
Epoch: 014/050 | Batch 0350/1289 | Loss: 0.1385
Epoch: 014/050 | Batch 0400/1289 | Loss: 0.1945
Epoch: 014/050 | Batch 0450/1289 | Loss: 0.1900
Epoch: 014/050 | Batch 0500/1289 | Loss: 0.1610
Epoch: 014/050 | Batch 0550/1289 | Loss: 0.1658
Epoch: 014/050 | Batch 0600/1289 | Loss: 0.1853
Epoch: 014/050 | Batch 0650/1289 | Loss: 0.1530
Epoch: 014/050 | Batch 0700/1289 | Loss: 0.2291
Epoch: 014/050 | Batch 0750/1289 | Loss: 0.2083
Epoch: 014/050 | Batch 0800/1289 | Loss: 0.2290
Epoch: 014/050 | Batch 0850/1289 | Loss: 0.1740
Epoch: 014/050 | Batch 0900/1289 | Loss: 0.1914
Epoch: 014/050 | Batch 0950/1289 | Loss: 0.1419
Epoch: 014/050 | Batch 1000/1289 | Loss: 0.1766
Epoch: 014/050 | Batch 1050/1289 | Loss: 0.2159
Epoch: 014/050 | Batch 1100/1289 | Loss: 0.1555
Epoch: 014/050 | Batch 1150/1289 | Loss: 0.1764
Epoch: 014/050 | Batch 1200/1289 | Loss: 0.1908
Epoch: 014/050 | Batch 1250/1289 | Loss: 0.1962
MAE/RMSE/ACC: Current Valid: 4.88/6.25/8.37 Ep. 14 | Best Valid: 3.31/4.21/8.37 | Ep. 12
Time elapsed: 55.89 min
Epoch: 015/050 | Batch 0000/1289 | Loss: 0.1488
Epoch: 015/050 | Batch 0050/1289 | Loss: 0.1625
Epoch: 015/050 | Batch 0100/1289 | Loss: 0.2631
Epoch: 015/050 | Batch 0150/1289 | Loss: 0.2154
Epoch: 015/050 | Batch 0200/1289 | Loss: 0.2052
Epoch: 015/050 | Batch 0250/1289 | Loss: 0.1618
Epoch: 015/050 | Batch 0300/1289 | Loss: 0.2076
Epoch: 015/050 | Batch 0350/1289 | Loss: 0.2124
Epoch: 015/050 | Batch 0400/1289 | Loss: 0.1901
Epoch: 015/050 | Batch 0450/1289 | Loss: 0.1231
Epoch: 015/050 | Batch 0500/1289 | Loss: 0.1451
Epoch: 015/050 | Batch 0550/1289 | Loss: 0.1694
Epoch: 015/050 | Batch 0600/1289 | Loss: 0.1460
Epoch: 015/050 | Batch 0650/1289 | Loss: 0.2088
Epoch: 015/050 | Batch 0700/1289 | Loss: 0.1802
Epoch: 015/050 | Batch 0750/1289 | Loss: 0.1814
Epoch: 015/050 | Batch 0800/1289 | Loss: 0.1749
Epoch: 015/050 | Batch 0850/1289 | Loss: 0.1448
Epoch: 015/050 | Batch 0900/1289 | Loss: 0.1687
Epoch: 015/050 | Batch 0950/1289 | Loss: 0.1925
Epoch: 015/050 | Batch 1000/1289 | Loss: 0.1449
Epoch: 015/050 | Batch 1050/1289 | Loss: 0.1715
Epoch: 015/050 | Batch 1100/1289 | Loss: 0.1191
Epoch: 015/050 | Batch 1150/1289 | Loss: 0.1836
Epoch: 015/050 | Batch 1200/1289 | Loss: 0.2043
Epoch: 015/050 | Batch 1250/1289 | Loss: 0.2174
MAE/RMSE/ACC: Current Valid: 3.27/4.31/8.37 Ep. 15 | Best Valid: 3.31/4.21/8.37 | Ep. 12
Time elapsed: 59.99 min
Epoch: 016/050 | Batch 0000/1289 | Loss: 0.1558
Epoch: 016/050 | Batch 0050/1289 | Loss: 0.1387
Epoch: 016/050 | Batch 0100/1289 | Loss: 0.1946
Epoch: 016/050 | Batch 0150/1289 | Loss: 0.3744
Epoch: 016/050 | Batch 0200/1289 | Loss: 0.1370
Epoch: 016/050 | Batch 0250/1289 | Loss: 0.2063
Epoch: 016/050 | Batch 0300/1289 | Loss: 0.1733
Epoch: 016/050 | Batch 0350/1289 | Loss: 0.1468
Epoch: 016/050 | Batch 0400/1289 | Loss: 0.1844
Epoch: 016/050 | Batch 0450/1289 | Loss: 0.1717
Epoch: 016/050 | Batch 0500/1289 | Loss: 0.2425
Epoch: 016/050 | Batch 0550/1289 | Loss: 0.2031
Epoch: 016/050 | Batch 0600/1289 | Loss: 0.2039
Epoch: 016/050 | Batch 0650/1289 | Loss: 0.1984
Epoch: 016/050 | Batch 0700/1289 | Loss: 0.1874
Epoch: 016/050 | Batch 0750/1289 | Loss: 0.2191
Epoch: 016/050 | Batch 0800/1289 | Loss: 0.2150
Epoch: 016/050 | Batch 0850/1289 | Loss: 0.1556
Epoch: 016/050 | Batch 0900/1289 | Loss: 0.1693
Epoch: 016/050 | Batch 0950/1289 | Loss: 0.1139
Epoch: 016/050 | Batch 1000/1289 | Loss: 0.2094
Epoch: 016/050 | Batch 1050/1289 | Loss: 0.1536
Epoch: 016/050 | Batch 1100/1289 | Loss: 0.1941
Epoch: 016/050 | Batch 1150/1289 | Loss: 0.1604
Epoch: 016/050 | Batch 1200/1289 | Loss: 0.1871
Epoch: 016/050 | Batch 1250/1289 | Loss: 0.2322
MAE/RMSE/ACC: Current Valid: 3.39/4.47/8.37 Ep. 16 | Best Valid: 3.31/4.21/8.37 | Ep. 12
Time elapsed: 64.11 min
Epoch: 017/050 | Batch 0000/1289 | Loss: 0.1575
Epoch: 017/050 | Batch 0050/1289 | Loss: 0.1723
Epoch: 017/050 | Batch 0100/1289 | Loss: 0.1384
Epoch: 017/050 | Batch 0150/1289 | Loss: 0.2336
Epoch: 017/050 | Batch 0200/1289 | Loss: 0.1632
Epoch: 017/050 | Batch 0250/1289 | Loss: 0.1557
Epoch: 017/050 | Batch 0300/1289 | Loss: 0.2013
Epoch: 017/050 | Batch 0350/1289 | Loss: 0.2208
Epoch: 017/050 | Batch 0400/1289 | Loss: 0.1339
Epoch: 017/050 | Batch 0450/1289 | Loss: 0.1994
Epoch: 017/050 | Batch 0500/1289 | Loss: 0.1295
Epoch: 017/050 | Batch 0550/1289 | Loss: 0.2449
Epoch: 017/050 | Batch 0600/1289 | Loss: 0.1493
Epoch: 017/050 | Batch 0650/1289 | Loss: 0.1627
Epoch: 017/050 | Batch 0700/1289 | Loss: 0.1621
Epoch: 017/050 | Batch 0750/1289 | Loss: 0.2563
Epoch: 017/050 | Batch 0800/1289 | Loss: 0.1713
Epoch: 017/050 | Batch 0850/1289 | Loss: 0.1543
Epoch: 017/050 | Batch 0900/1289 | Loss: 0.1615
Epoch: 017/050 | Batch 0950/1289 | Loss: 0.1713
Epoch: 017/050 | Batch 1000/1289 | Loss: 0.1733
Epoch: 017/050 | Batch 1050/1289 | Loss: 0.1792
Epoch: 017/050 | Batch 1100/1289 | Loss: 0.1525
Epoch: 017/050 | Batch 1150/1289 | Loss: 0.1943
Epoch: 017/050 | Batch 1200/1289 | Loss: 0.1281
Epoch: 017/050 | Batch 1250/1289 | Loss: 0.1528
MAE/RMSE/ACC: Current Valid: 3.43/4.49/8.37 Ep. 17 | Best Valid: 3.31/4.21/8.37 | Ep. 12
Time elapsed: 68.09 min
Epoch: 018/050 | Batch 0000/1289 | Loss: 0.1746
Epoch: 018/050 | Batch 0050/1289 | Loss: 0.1941
Epoch: 018/050 | Batch 0100/1289 | Loss: 0.2745
Epoch: 018/050 | Batch 0150/1289 | Loss: 0.1858
Epoch: 018/050 | Batch 0200/1289 | Loss: 0.1727
Epoch: 018/050 | Batch 0250/1289 | Loss: 0.2119
Epoch: 018/050 | Batch 0300/1289 | Loss: 0.2073
Epoch: 018/050 | Batch 0350/1289 | Loss: 0.1800
Epoch: 018/050 | Batch 0400/1289 | Loss: 0.2235
Epoch: 018/050 | Batch 0450/1289 | Loss: 0.1234
Epoch: 018/050 | Batch 0500/1289 | Loss: 0.1336
Epoch: 018/050 | Batch 0550/1289 | Loss: 0.1316
Epoch: 018/050 | Batch 0600/1289 | Loss: 0.1605
Epoch: 018/050 | Batch 0650/1289 | Loss: 0.1644
Epoch: 018/050 | Batch 0700/1289 | Loss: 0.1258
Epoch: 018/050 | Batch 0750/1289 | Loss: 0.1399
Epoch: 018/050 | Batch 0800/1289 | Loss: 0.2576
Epoch: 018/050 | Batch 0850/1289 | Loss: 0.1311
Epoch: 018/050 | Batch 0900/1289 | Loss: 0.1265
Epoch: 018/050 | Batch 0950/1289 | Loss: 0.1730
Epoch: 018/050 | Batch 1000/1289 | Loss: 0.1905
Epoch: 018/050 | Batch 1050/1289 | Loss: 0.1592
Epoch: 018/050 | Batch 1100/1289 | Loss: 0.1527
Epoch: 018/050 | Batch 1150/1289 | Loss: 0.1807
Epoch: 018/050 | Batch 1200/1289 | Loss: 0.1410
Epoch: 018/050 | Batch 1250/1289 | Loss: 0.1494
MAE/RMSE/ACC: Current Valid: 3.52/4.67/8.37 Ep. 18 | Best Valid: 3.31/4.21/8.37 | Ep. 12
Time elapsed: 72.15 min
Epoch: 019/050 | Batch 0000/1289 | Loss: 0.1271
Epoch: 019/050 | Batch 0050/1289 | Loss: 0.1515
Epoch: 019/050 | Batch 0100/1289 | Loss: 0.1966
Epoch: 019/050 | Batch 0150/1289 | Loss: 0.2034
Epoch: 019/050 | Batch 0200/1289 | Loss: 0.1789
Epoch: 019/050 | Batch 0250/1289 | Loss: 0.1603
Epoch: 019/050 | Batch 0300/1289 | Loss: 0.1741
Epoch: 019/050 | Batch 0350/1289 | Loss: 0.1742
Epoch: 019/050 | Batch 0400/1289 | Loss: 0.1272
Epoch: 019/050 | Batch 0450/1289 | Loss: 0.1765
Epoch: 019/050 | Batch 0500/1289 | Loss: 0.1591
Epoch: 019/050 | Batch 0550/1289 | Loss: 0.1370
Epoch: 019/050 | Batch 0600/1289 | Loss: 0.1535
Epoch: 019/050 | Batch 0650/1289 | Loss: 0.1304
Epoch: 019/050 | Batch 0700/1289 | Loss: 0.1502
Epoch: 019/050 | Batch 0750/1289 | Loss: 0.1302
Epoch: 019/050 | Batch 0800/1289 | Loss: 0.1340
Epoch: 019/050 | Batch 0850/1289 | Loss: 0.1703
Epoch: 019/050 | Batch 0900/1289 | Loss: 0.1689
Epoch: 019/050 | Batch 0950/1289 | Loss: 0.1539
Epoch: 019/050 | Batch 1000/1289 | Loss: 0.2074
Epoch: 019/050 | Batch 1050/1289 | Loss: 0.1585
Epoch: 019/050 | Batch 1100/1289 | Loss: 0.2110
Epoch: 019/050 | Batch 1150/1289 | Loss: 0.1658
Epoch: 019/050 | Batch 1200/1289 | Loss: 0.2250
Epoch: 019/050 | Batch 1250/1289 | Loss: 0.2010
MAE/RMSE/ACC: Current Valid: 3.43/4.52/8.37 Ep. 19 | Best Valid: 3.31/4.21/8.37 | Ep. 12
Time elapsed: 76.20 min
Epoch: 020/050 | Batch 0000/1289 | Loss: 0.1841
Epoch: 020/050 | Batch 0050/1289 | Loss: 0.0965
Epoch: 020/050 | Batch 0100/1289 | Loss: 0.1349
Epoch: 020/050 | Batch 0150/1289 | Loss: 0.1492
Epoch: 020/050 | Batch 0200/1289 | Loss: 0.1603
Epoch: 020/050 | Batch 0250/1289 | Loss: 0.1477
Epoch: 020/050 | Batch 0300/1289 | Loss: 0.1230
Epoch: 020/050 | Batch 0350/1289 | Loss: 0.1580
Epoch: 020/050 | Batch 0400/1289 | Loss: 0.1722
Epoch: 020/050 | Batch 0450/1289 | Loss: 0.1555
Epoch: 020/050 | Batch 0500/1289 | Loss: 0.1226
Epoch: 020/050 | Batch 0550/1289 | Loss: 0.1432
Epoch: 020/050 | Batch 0600/1289 | Loss: 0.1415
Epoch: 020/050 | Batch 0650/1289 | Loss: 0.2070
Epoch: 020/050 | Batch 0700/1289 | Loss: 0.2012
Epoch: 020/050 | Batch 0750/1289 | Loss: 0.1472
Epoch: 020/050 | Batch 0800/1289 | Loss: 0.1556
Epoch: 020/050 | Batch 0850/1289 | Loss: 0.2915
Epoch: 020/050 | Batch 0900/1289 | Loss: 0.1437
Epoch: 020/050 | Batch 0950/1289 | Loss: 0.1565
Epoch: 020/050 | Batch 1000/1289 | Loss: 0.1506
Epoch: 020/050 | Batch 1050/1289 | Loss: 0.1275
Epoch: 020/050 | Batch 1100/1289 | Loss: 0.1188
Epoch: 020/050 | Batch 1150/1289 | Loss: 0.2150
Epoch: 020/050 | Batch 1200/1289 | Loss: 0.1404
Epoch: 020/050 | Batch 1250/1289 | Loss: 0.1501
MAE/RMSE/ACC: Current Valid: 3.70/4.84/8.37 Ep. 20 | Best Valid: 3.31/4.21/8.37 | Ep. 12
Time elapsed: 80.24 min
Epoch: 021/050 | Batch 0000/1289 | Loss: 0.1288
Epoch: 021/050 | Batch 0050/1289 | Loss: 0.1833
Epoch: 021/050 | Batch 0100/1289 | Loss: 0.1495
Epoch: 021/050 | Batch 0150/1289 | Loss: 0.1237
Epoch: 021/050 | Batch 0200/1289 | Loss: 0.1817
Epoch: 021/050 | Batch 0250/1289 | Loss: 0.1685
Epoch: 021/050 | Batch 0300/1289 | Loss: 0.1730
Epoch: 021/050 | Batch 0350/1289 | Loss: 0.1537
Epoch: 021/050 | Batch 0400/1289 | Loss: 0.1606
Epoch: 021/050 | Batch 0450/1289 | Loss: 0.2143
Epoch: 021/050 | Batch 0500/1289 | Loss: 0.1698
Epoch: 021/050 | Batch 0550/1289 | Loss: 0.1971
Epoch: 021/050 | Batch 0600/1289 | Loss: 0.1905
Epoch: 021/050 | Batch 0650/1289 | Loss: 0.1909
Epoch: 021/050 | Batch 0700/1289 | Loss: 0.1283
Epoch: 021/050 | Batch 0750/1289 | Loss: 0.1357
Epoch: 021/050 | Batch 0800/1289 | Loss: 0.1478
Epoch: 021/050 | Batch 0850/1289 | Loss: 0.1511
Epoch: 021/050 | Batch 0900/1289 | Loss: 0.1461
Epoch: 021/050 | Batch 0950/1289 | Loss: 0.1977
Epoch: 021/050 | Batch 1000/1289 | Loss: 0.1346
Epoch: 021/050 | Batch 1050/1289 | Loss: 0.1368
Epoch: 021/050 | Batch 1100/1289 | Loss: 0.1406
Epoch: 021/050 | Batch 1150/1289 | Loss: 0.1954
Epoch: 021/050 | Batch 1200/1289 | Loss: 0.1425
Epoch: 021/050 | Batch 1250/1289 | Loss: 0.1766
MAE/RMSE/ACC: Current Valid: 3.45/4.54/8.37 Ep. 21 | Best Valid: 3.31/4.21/8.37 | Ep. 12
Time elapsed: 84.33 min
Epoch: 022/050 | Batch 0000/1289 | Loss: 0.1566
Epoch: 022/050 | Batch 0050/1289 | Loss: 0.1314
Epoch: 022/050 | Batch 0100/1289 | Loss: 0.1680
Epoch: 022/050 | Batch 0150/1289 | Loss: 0.1314
Epoch: 022/050 | Batch 0200/1289 | Loss: 0.1461
Epoch: 022/050 | Batch 0250/1289 | Loss: 0.1386
Epoch: 022/050 | Batch 0300/1289 | Loss: 0.2310
Epoch: 022/050 | Batch 0350/1289 | Loss: 0.1613
Epoch: 022/050 | Batch 0400/1289 | Loss: 0.1482
Epoch: 022/050 | Batch 0450/1289 | Loss: 0.2007
Epoch: 022/050 | Batch 0500/1289 | Loss: 0.1171
Epoch: 022/050 | Batch 0550/1289 | Loss: 0.1491
Epoch: 022/050 | Batch 0600/1289 | Loss: 0.1270
Epoch: 022/050 | Batch 0650/1289 | Loss: 0.1548
Epoch: 022/050 | Batch 0700/1289 | Loss: 0.1197
Epoch: 022/050 | Batch 0750/1289 | Loss: 0.1449
Epoch: 022/050 | Batch 0800/1289 | Loss: 0.1293
Epoch: 022/050 | Batch 0850/1289 | Loss: 0.1279
Epoch: 022/050 | Batch 0900/1289 | Loss: 0.1202
Epoch: 022/050 | Batch 0950/1289 | Loss: 0.1733
Epoch: 022/050 | Batch 1000/1289 | Loss: 0.1400
Epoch: 022/050 | Batch 1050/1289 | Loss: 0.1694
Epoch: 022/050 | Batch 1100/1289 | Loss: 0.1532
Epoch: 022/050 | Batch 1150/1289 | Loss: 0.1662
Epoch: 022/050 | Batch 1200/1289 | Loss: 0.1550
Epoch: 022/050 | Batch 1250/1289 | Loss: 0.1779
MAE/RMSE/ACC: Current Valid: 3.41/4.47/8.37 Ep. 22 | Best Valid: 3.31/4.21/8.37 | Ep. 12
Time elapsed: 88.41 min
Epoch: 023/050 | Batch 0000/1289 | Loss: 0.1227
Epoch: 023/050 | Batch 0050/1289 | Loss: 0.1384
Epoch: 023/050 | Batch 0100/1289 | Loss: 0.1187
Epoch: 023/050 | Batch 0150/1289 | Loss: 0.1256
Epoch: 023/050 | Batch 0200/1289 | Loss: 0.1768
Epoch: 023/050 | Batch 0250/1289 | Loss: 0.1621
Epoch: 023/050 | Batch 0300/1289 | Loss: 0.1582
Epoch: 023/050 | Batch 0350/1289 | Loss: 0.1548
Epoch: 023/050 | Batch 0400/1289 | Loss: 0.1263
Epoch: 023/050 | Batch 0450/1289 | Loss: 0.1424
Epoch: 023/050 | Batch 0500/1289 | Loss: 0.1260
Epoch: 023/050 | Batch 0550/1289 | Loss: 0.1551
Epoch: 023/050 | Batch 0600/1289 | Loss: 0.1839
Epoch: 023/050 | Batch 0650/1289 | Loss: 0.1751
Epoch: 023/050 | Batch 0700/1289 | Loss: 0.1401
Epoch: 023/050 | Batch 0750/1289 | Loss: 0.1308
Epoch: 023/050 | Batch 0800/1289 | Loss: 0.1942
Epoch: 023/050 | Batch 0850/1289 | Loss: 0.1544
Epoch: 023/050 | Batch 0900/1289 | Loss: 0.1192
Epoch: 023/050 | Batch 0950/1289 | Loss: 0.1531
Epoch: 023/050 | Batch 1000/1289 | Loss: 0.1876
Epoch: 023/050 | Batch 1050/1289 | Loss: 0.1322
Epoch: 023/050 | Batch 1100/1289 | Loss: 0.1358
Epoch: 023/050 | Batch 1150/1289 | Loss: 0.1395
Epoch: 023/050 | Batch 1200/1289 | Loss: 0.1114
Epoch: 023/050 | Batch 1250/1289 | Loss: 0.1227
MAE/RMSE/ACC: Current Valid: 4.09/5.39/8.37 Ep. 23 | Best Valid: 3.31/4.21/8.37 | Ep. 12
Time elapsed: 92.50 min
Epoch: 024/050 | Batch 0000/1289 | Loss: 0.1338
Epoch: 024/050 | Batch 0050/1289 | Loss: 0.1357
Epoch: 024/050 | Batch 0100/1289 | Loss: 0.1051
Epoch: 024/050 | Batch 0150/1289 | Loss: 0.1743
Epoch: 024/050 | Batch 0200/1289 | Loss: 0.1726
Epoch: 024/050 | Batch 0250/1289 | Loss: 0.1417
Epoch: 024/050 | Batch 0300/1289 | Loss: 0.1278
Epoch: 024/050 | Batch 0350/1289 | Loss: 0.1544
Epoch: 024/050 | Batch 0400/1289 | Loss: 0.1653
Epoch: 024/050 | Batch 0450/1289 | Loss: 0.1561
Epoch: 024/050 | Batch 0500/1289 | Loss: 0.1810
Epoch: 024/050 | Batch 0550/1289 | Loss: 0.1116
Epoch: 024/050 | Batch 0600/1289 | Loss: 0.1571
Epoch: 024/050 | Batch 0650/1289 | Loss: 0.2197
Epoch: 024/050 | Batch 0700/1289 | Loss: 0.2099
Epoch: 024/050 | Batch 0750/1289 | Loss: 0.1919
Epoch: 024/050 | Batch 0800/1289 | Loss: 0.1466
Epoch: 024/050 | Batch 0850/1289 | Loss: 0.1852
Epoch: 024/050 | Batch 0900/1289 | Loss: 0.1085
Epoch: 024/050 | Batch 0950/1289 | Loss: 0.2040
Epoch: 024/050 | Batch 1000/1289 | Loss: 0.1241
Epoch: 024/050 | Batch 1050/1289 | Loss: 0.1579
Epoch: 024/050 | Batch 1100/1289 | Loss: 0.1309
Epoch: 024/050 | Batch 1150/1289 | Loss: 0.1249
Epoch: 024/050 | Batch 1200/1289 | Loss: 0.1400
Epoch: 024/050 | Batch 1250/1289 | Loss: 0.1485
MAE/RMSE/ACC: Current Valid: 3.29/4.31/8.37 Ep. 24 | Best Valid: 3.31/4.21/8.37 | Ep. 12
Time elapsed: 96.59 min
Epoch: 025/050 | Batch 0000/1289 | Loss: 0.1097
Epoch: 025/050 | Batch 0050/1289 | Loss: 0.1216
Epoch: 025/050 | Batch 0100/1289 | Loss: 0.1442
Epoch: 025/050 | Batch 0150/1289 | Loss: 0.1348
Epoch: 025/050 | Batch 0200/1289 | Loss: 0.1637
Epoch: 025/050 | Batch 0250/1289 | Loss: 0.1280
Epoch: 025/050 | Batch 0300/1289 | Loss: 0.1268
Epoch: 025/050 | Batch 0350/1289 | Loss: 0.1987
Epoch: 025/050 | Batch 0400/1289 | Loss: 0.1550
Epoch: 025/050 | Batch 0450/1289 | Loss: 0.1435
Epoch: 025/050 | Batch 0500/1289 | Loss: 0.1371
Epoch: 025/050 | Batch 0550/1289 | Loss: 0.1418
Epoch: 025/050 | Batch 0600/1289 | Loss: 0.2198
Epoch: 025/050 | Batch 0650/1289 | Loss: 0.1308
Epoch: 025/050 | Batch 0700/1289 | Loss: 0.1475
Epoch: 025/050 | Batch 0750/1289 | Loss: 0.1433
Epoch: 025/050 | Batch 0800/1289 | Loss: 0.1660
Epoch: 025/050 | Batch 0850/1289 | Loss: 0.1085
Epoch: 025/050 | Batch 0900/1289 | Loss: 0.1309
Epoch: 025/050 | Batch 0950/1289 | Loss: 0.1350
Epoch: 025/050 | Batch 1000/1289 | Loss: 0.1542
Epoch: 025/050 | Batch 1050/1289 | Loss: 0.1484
Epoch: 025/050 | Batch 1100/1289 | Loss: 0.1271
Epoch: 025/050 | Batch 1150/1289 | Loss: 0.2054
Epoch: 025/050 | Batch 1200/1289 | Loss: 0.1832
Epoch: 025/050 | Batch 1250/1289 | Loss: 0.1165
MAE/RMSE/ACC: Current Valid: 3.10/4.10/11.40 Ep. 25 | Best Valid: 3.10/4.10/11.40 | Ep. 25
Time elapsed: 100.66 min
Epoch: 026/050 | Batch 0000/1289 | Loss: 0.1366
Epoch: 026/050 | Batch 0050/1289 | Loss: 0.1743
Epoch: 026/050 | Batch 0100/1289 | Loss: 0.1219
Epoch: 026/050 | Batch 0150/1289 | Loss: 0.1203
Epoch: 026/050 | Batch 0200/1289 | Loss: 0.1105
Epoch: 026/050 | Batch 0250/1289 | Loss: 0.1533
Epoch: 026/050 | Batch 0300/1289 | Loss: 0.1812
Epoch: 026/050 | Batch 0350/1289 | Loss: 0.1653
Epoch: 026/050 | Batch 0400/1289 | Loss: 0.1098
Epoch: 026/050 | Batch 0450/1289 | Loss: 0.1110
Epoch: 026/050 | Batch 0500/1289 | Loss: 0.1521
Epoch: 026/050 | Batch 0550/1289 | Loss: 0.1233
Epoch: 026/050 | Batch 0600/1289 | Loss: 0.1442
Epoch: 026/050 | Batch 0650/1289 | Loss: 0.1299
Epoch: 026/050 | Batch 0700/1289 | Loss: 0.1161
Epoch: 026/050 | Batch 0750/1289 | Loss: 0.1575
Epoch: 026/050 | Batch 0800/1289 | Loss: 0.1455
Epoch: 026/050 | Batch 0850/1289 | Loss: 0.1294
Epoch: 026/050 | Batch 0900/1289 | Loss: 0.1269
Epoch: 026/050 | Batch 0950/1289 | Loss: 0.1529
Epoch: 026/050 | Batch 1000/1289 | Loss: 0.1374
Epoch: 026/050 | Batch 1050/1289 | Loss: 0.1064
Epoch: 026/050 | Batch 1100/1289 | Loss: 0.1348
Epoch: 026/050 | Batch 1150/1289 | Loss: 0.1241
Epoch: 026/050 | Batch 1200/1289 | Loss: 0.1414
Epoch: 026/050 | Batch 1250/1289 | Loss: 0.1385
MAE/RMSE/ACC: Current Valid: 3.22/4.22/11.40 Ep. 26 | Best Valid: 3.10/4.10/11.40 | Ep. 25
Time elapsed: 104.71 min
Epoch: 027/050 | Batch 0000/1289 | Loss: 0.1058
Epoch: 027/050 | Batch 0050/1289 | Loss: 0.1233
Epoch: 027/050 | Batch 0100/1289 | Loss: 0.1587
Epoch: 027/050 | Batch 0150/1289 | Loss: 0.1719
Epoch: 027/050 | Batch 0200/1289 | Loss: 0.1172
Epoch: 027/050 | Batch 0250/1289 | Loss: 0.1112
Epoch: 027/050 | Batch 0300/1289 | Loss: 0.1702
Epoch: 027/050 | Batch 0350/1289 | Loss: 0.1397
Epoch: 027/050 | Batch 0400/1289 | Loss: 0.1729
Epoch: 027/050 | Batch 0450/1289 | Loss: 0.1113
Epoch: 027/050 | Batch 0500/1289 | Loss: 0.0997
Epoch: 027/050 | Batch 0550/1289 | Loss: 0.1203
Epoch: 027/050 | Batch 0600/1289 | Loss: 0.1140
Epoch: 027/050 | Batch 0650/1289 | Loss: 0.1687
Epoch: 027/050 | Batch 0700/1289 | Loss: 0.1017
Epoch: 027/050 | Batch 0750/1289 | Loss: 0.1413
Epoch: 027/050 | Batch 0800/1289 | Loss: 0.1470
Epoch: 027/050 | Batch 0850/1289 | Loss: 0.1009
Epoch: 027/050 | Batch 0900/1289 | Loss: 0.1125
Epoch: 027/050 | Batch 0950/1289 | Loss: 0.0946
Epoch: 027/050 | Batch 1000/1289 | Loss: 0.1690
Epoch: 027/050 | Batch 1050/1289 | Loss: 0.1484
Epoch: 027/050 | Batch 1100/1289 | Loss: 0.1795
Epoch: 027/050 | Batch 1150/1289 | Loss: 0.1297
Epoch: 027/050 | Batch 1200/1289 | Loss: 0.1342
Epoch: 027/050 | Batch 1250/1289 | Loss: 0.1105
MAE/RMSE/ACC: Current Valid: 3.12/4.13/11.40 Ep. 27 | Best Valid: 3.10/4.10/11.40 | Ep. 25
Time elapsed: 108.58 min
Epoch: 028/050 | Batch 0000/1289 | Loss: 0.1315
Epoch: 028/050 | Batch 0050/1289 | Loss: 0.1044
Epoch: 028/050 | Batch 0100/1289 | Loss: 0.2033
Epoch: 028/050 | Batch 0150/1289 | Loss: 0.1071
Epoch: 028/050 | Batch 0200/1289 | Loss: 0.1021
Epoch: 028/050 | Batch 0250/1289 | Loss: 0.1198
Epoch: 028/050 | Batch 0300/1289 | Loss: 0.1806
Epoch: 028/050 | Batch 0350/1289 | Loss: 0.1301
Epoch: 028/050 | Batch 0400/1289 | Loss: 0.1480
Epoch: 028/050 | Batch 0450/1289 | Loss: 0.1245
Epoch: 028/050 | Batch 0500/1289 | Loss: 0.1420
Epoch: 028/050 | Batch 0550/1289 | Loss: 0.1405
Epoch: 028/050 | Batch 0600/1289 | Loss: 0.1098
Epoch: 028/050 | Batch 0650/1289 | Loss: 0.1219
Epoch: 028/050 | Batch 0700/1289 | Loss: 0.1303
Epoch: 028/050 | Batch 0750/1289 | Loss: 0.2069
Epoch: 028/050 | Batch 0800/1289 | Loss: 0.1394
Epoch: 028/050 | Batch 0850/1289 | Loss: 0.1299
Epoch: 028/050 | Batch 0900/1289 | Loss: 0.0893
Epoch: 028/050 | Batch 0950/1289 | Loss: 0.1109
Epoch: 028/050 | Batch 1000/1289 | Loss: 0.1097
Epoch: 028/050 | Batch 1050/1289 | Loss: 0.1023
Epoch: 028/050 | Batch 1100/1289 | Loss: 0.1274
Epoch: 028/050 | Batch 1150/1289 | Loss: 0.1343
Epoch: 028/050 | Batch 1200/1289 | Loss: 0.1336
Epoch: 028/050 | Batch 1250/1289 | Loss: 0.1523
MAE/RMSE/ACC: Current Valid: 3.24/4.34/11.40 Ep. 28 | Best Valid: 3.10/4.10/11.40 | Ep. 25
Time elapsed: 112.57 min
Epoch: 029/050 | Batch 0000/1289 | Loss: 0.1046
Epoch: 029/050 | Batch 0050/1289 | Loss: 0.1024
Epoch: 029/050 | Batch 0100/1289 | Loss: 0.1480
Epoch: 029/050 | Batch 0150/1289 | Loss: 0.1327
Epoch: 029/050 | Batch 0200/1289 | Loss: 0.1179
Epoch: 029/050 | Batch 0250/1289 | Loss: 0.1282
Epoch: 029/050 | Batch 0300/1289 | Loss: 0.1302
Epoch: 029/050 | Batch 0350/1289 | Loss: 0.1711
Epoch: 029/050 | Batch 0400/1289 | Loss: 0.0976
Epoch: 029/050 | Batch 0450/1289 | Loss: 0.0929
Epoch: 029/050 | Batch 0500/1289 | Loss: 0.1079
Epoch: 029/050 | Batch 0550/1289 | Loss: 0.1321
Epoch: 029/050 | Batch 0600/1289 | Loss: 0.1399
Epoch: 029/050 | Batch 0650/1289 | Loss: 0.1986
Epoch: 029/050 | Batch 0700/1289 | Loss: 0.1059
Epoch: 029/050 | Batch 0750/1289 | Loss: 0.1433
Epoch: 029/050 | Batch 0800/1289 | Loss: 0.1643
Epoch: 029/050 | Batch 0850/1289 | Loss: 0.1217
Epoch: 029/050 | Batch 0900/1289 | Loss: 0.1261
Epoch: 029/050 | Batch 0950/1289 | Loss: 0.1488
Epoch: 029/050 | Batch 1000/1289 | Loss: 0.1470
Epoch: 029/050 | Batch 1050/1289 | Loss: 0.1489
Epoch: 029/050 | Batch 1100/1289 | Loss: 0.1094
Epoch: 029/050 | Batch 1150/1289 | Loss: 0.1015
Epoch: 029/050 | Batch 1200/1289 | Loss: 0.1279
Epoch: 029/050 | Batch 1250/1289 | Loss: 0.1044
MAE/RMSE/ACC: Current Valid: 3.19/4.19/11.40 Ep. 29 | Best Valid: 3.10/4.10/11.40 | Ep. 25
Time elapsed: 116.64 min
Epoch: 030/050 | Batch 0000/1289 | Loss: 0.1522
Epoch: 030/050 | Batch 0050/1289 | Loss: 0.0990
Epoch: 030/050 | Batch 0100/1289 | Loss: 0.1444
Epoch: 030/050 | Batch 0150/1289 | Loss: 0.1673
Epoch: 030/050 | Batch 0200/1289 | Loss: 0.0978
Epoch: 030/050 | Batch 0250/1289 | Loss: 0.1309
Epoch: 030/050 | Batch 0300/1289 | Loss: 0.1350
Epoch: 030/050 | Batch 0350/1289 | Loss: 0.0844
Epoch: 030/050 | Batch 0400/1289 | Loss: 0.0986
Epoch: 030/050 | Batch 0450/1289 | Loss: 0.0957
Epoch: 030/050 | Batch 0500/1289 | Loss: 0.0955
Epoch: 030/050 | Batch 0550/1289 | Loss: 0.1128
Epoch: 030/050 | Batch 0600/1289 | Loss: 0.0975
Epoch: 030/050 | Batch 0650/1289 | Loss: 0.0952
Epoch: 030/050 | Batch 0700/1289 | Loss: 0.0933
Epoch: 030/050 | Batch 0750/1289 | Loss: 0.1040
Epoch: 030/050 | Batch 0800/1289 | Loss: 0.1198
Epoch: 030/050 | Batch 0850/1289 | Loss: 0.1066
Epoch: 030/050 | Batch 0900/1289 | Loss: 0.1195
Epoch: 030/050 | Batch 0950/1289 | Loss: 0.1116
Epoch: 030/050 | Batch 1000/1289 | Loss: 0.0831
Epoch: 030/050 | Batch 1050/1289 | Loss: 0.1182
Epoch: 030/050 | Batch 1100/1289 | Loss: 0.1139
Epoch: 030/050 | Batch 1150/1289 | Loss: 0.1150
Epoch: 030/050 | Batch 1200/1289 | Loss: 0.1271
Epoch: 030/050 | Batch 1250/1289 | Loss: 0.1059
MAE/RMSE/ACC: Current Valid: 3.14/4.18/11.40 Ep. 30 | Best Valid: 3.10/4.10/11.40 | Ep. 25
Time elapsed: 120.69 min
Epoch: 031/050 | Batch 0000/1289 | Loss: 0.1193
Epoch: 031/050 | Batch 0050/1289 | Loss: 0.1465
Epoch: 031/050 | Batch 0100/1289 | Loss: 0.1155
Epoch: 031/050 | Batch 0150/1289 | Loss: 0.1332
Epoch: 031/050 | Batch 0200/1289 | Loss: 0.1036
Epoch: 031/050 | Batch 0250/1289 | Loss: 0.0694
Epoch: 031/050 | Batch 0300/1289 | Loss: 0.1061
Epoch: 031/050 | Batch 0350/1289 | Loss: 0.1160
Epoch: 031/050 | Batch 0400/1289 | Loss: 0.1255
Epoch: 031/050 | Batch 0450/1289 | Loss: 0.0805
Epoch: 031/050 | Batch 0500/1289 | Loss: 0.0905
Epoch: 031/050 | Batch 0550/1289 | Loss: 0.1136
Epoch: 031/050 | Batch 0600/1289 | Loss: 0.0940
Epoch: 031/050 | Batch 0650/1289 | Loss: 0.1240
Epoch: 031/050 | Batch 0700/1289 | Loss: 0.1333
Epoch: 031/050 | Batch 0750/1289 | Loss: 0.1017
Epoch: 031/050 | Batch 0800/1289 | Loss: 0.1391
Epoch: 031/050 | Batch 0850/1289 | Loss: 0.1117
Epoch: 031/050 | Batch 0900/1289 | Loss: 0.1216
Epoch: 031/050 | Batch 0950/1289 | Loss: 0.1640
Epoch: 031/050 | Batch 1000/1289 | Loss: 0.1479
Epoch: 031/050 | Batch 1050/1289 | Loss: 0.1376
Epoch: 031/050 | Batch 1100/1289 | Loss: 0.1187
Epoch: 031/050 | Batch 1150/1289 | Loss: 0.1110
Epoch: 031/050 | Batch 1200/1289 | Loss: 0.1402
Epoch: 031/050 | Batch 1250/1289 | Loss: 0.1371
MAE/RMSE/ACC: Current Valid: 3.22/4.25/11.40 Ep. 31 | Best Valid: 3.10/4.10/11.40 | Ep. 25
Time elapsed: 124.73 min
Epoch: 032/050 | Batch 0000/1289 | Loss: 0.1067
Epoch: 032/050 | Batch 0050/1289 | Loss: 0.1096
Epoch: 032/050 | Batch 0100/1289 | Loss: 0.2000
Epoch: 032/050 | Batch 0150/1289 | Loss: 0.1084
Epoch: 032/050 | Batch 0200/1289 | Loss: 0.0888
Epoch: 032/050 | Batch 0250/1289 | Loss: 0.1109
Epoch: 032/050 | Batch 0300/1289 | Loss: 0.1716
Epoch: 032/050 | Batch 0350/1289 | Loss: 0.0960
Epoch: 032/050 | Batch 0400/1289 | Loss: 0.1118
Epoch: 032/050 | Batch 0450/1289 | Loss: 0.1021
Epoch: 032/050 | Batch 0500/1289 | Loss: 0.1341
Epoch: 032/050 | Batch 0550/1289 | Loss: 0.1329
Epoch: 032/050 | Batch 0600/1289 | Loss: 0.1002
Epoch: 032/050 | Batch 0650/1289 | Loss: 0.0930
Epoch: 032/050 | Batch 0700/1289 | Loss: 0.1073
Epoch: 032/050 | Batch 0750/1289 | Loss: 0.1810
Epoch: 032/050 | Batch 0800/1289 | Loss: 0.0976
Epoch: 032/050 | Batch 0850/1289 | Loss: 0.1432
Epoch: 032/050 | Batch 0900/1289 | Loss: 0.1193
Epoch: 032/050 | Batch 0950/1289 | Loss: 0.0830
Epoch: 032/050 | Batch 1000/1289 | Loss: 0.0859
Epoch: 032/050 | Batch 1050/1289 | Loss: 0.1441
Epoch: 032/050 | Batch 1100/1289 | Loss: 0.1300
Epoch: 032/050 | Batch 1150/1289 | Loss: 0.1463
Epoch: 032/050 | Batch 1200/1289 | Loss: 0.0953
Epoch: 032/050 | Batch 1250/1289 | Loss: 0.1267
MAE/RMSE/ACC: Current Valid: 3.14/4.22/11.40 Ep. 32 | Best Valid: 3.10/4.10/11.40 | Ep. 25
Time elapsed: 128.76 min
Epoch: 033/050 | Batch 0000/1289 | Loss: 0.1097
Epoch: 033/050 | Batch 0050/1289 | Loss: 0.1214
Epoch: 033/050 | Batch 0100/1289 | Loss: 0.1209
Epoch: 033/050 | Batch 0150/1289 | Loss: 0.1089
Epoch: 033/050 | Batch 0200/1289 | Loss: 0.1052
Epoch: 033/050 | Batch 0250/1289 | Loss: 0.1433
Epoch: 033/050 | Batch 0300/1289 | Loss: 0.0740
Epoch: 033/050 | Batch 0350/1289 | Loss: 0.0873
Epoch: 033/050 | Batch 0400/1289 | Loss: 0.1388
Epoch: 033/050 | Batch 0450/1289 | Loss: 0.1010
Epoch: 033/050 | Batch 0500/1289 | Loss: 0.1138
Epoch: 033/050 | Batch 0550/1289 | Loss: 0.1069
Epoch: 033/050 | Batch 0600/1289 | Loss: 0.1328
Epoch: 033/050 | Batch 0650/1289 | Loss: 0.1374
Epoch: 033/050 | Batch 0700/1289 | Loss: 0.1003
Epoch: 033/050 | Batch 0750/1289 | Loss: 0.1434
Epoch: 033/050 | Batch 0800/1289 | Loss: 0.1410
Epoch: 033/050 | Batch 0850/1289 | Loss: 0.1336
Epoch: 033/050 | Batch 0900/1289 | Loss: 0.1322
Epoch: 033/050 | Batch 0950/1289 | Loss: 0.0969
Epoch: 033/050 | Batch 1000/1289 | Loss: 0.1141
Epoch: 033/050 | Batch 1050/1289 | Loss: 0.1015
Epoch: 033/050 | Batch 1100/1289 | Loss: 0.1033
Epoch: 033/050 | Batch 1150/1289 | Loss: 0.1289
Epoch: 033/050 | Batch 1200/1289 | Loss: 0.1269
Epoch: 033/050 | Batch 1250/1289 | Loss: 0.0920
MAE/RMSE/ACC: Current Valid: 3.15/4.13/11.40 Ep. 33 | Best Valid: 3.10/4.10/11.40 | Ep. 25
Time elapsed: 132.77 min
Epoch: 034/050 | Batch 0000/1289 | Loss: 0.1089
Epoch: 034/050 | Batch 0050/1289 | Loss: 0.1105
Epoch: 034/050 | Batch 0100/1289 | Loss: 0.1075
Epoch: 034/050 | Batch 0150/1289 | Loss: 0.1071
Epoch: 034/050 | Batch 0200/1289 | Loss: 0.1228
Epoch: 034/050 | Batch 0250/1289 | Loss: 0.1028
Epoch: 034/050 | Batch 0300/1289 | Loss: 0.1507
Epoch: 034/050 | Batch 0350/1289 | Loss: 0.0974
Epoch: 034/050 | Batch 0400/1289 | Loss: 0.0883
Epoch: 034/050 | Batch 0450/1289 | Loss: 0.1087
Epoch: 034/050 | Batch 0500/1289 | Loss: 0.0807
Epoch: 034/050 | Batch 0550/1289 | Loss: 0.0930
Epoch: 034/050 | Batch 0600/1289 | Loss: 0.1194
Epoch: 034/050 | Batch 0650/1289 | Loss: 0.1312
Epoch: 034/050 | Batch 0700/1289 | Loss: 0.1371
Epoch: 034/050 | Batch 0750/1289 | Loss: 0.1128
Epoch: 034/050 | Batch 0800/1289 | Loss: 0.0958
Epoch: 034/050 | Batch 0850/1289 | Loss: 0.0825
Epoch: 034/050 | Batch 0900/1289 | Loss: 0.0795
Epoch: 034/050 | Batch 0950/1289 | Loss: 0.0989
Epoch: 034/050 | Batch 1000/1289 | Loss: 0.1284
Epoch: 034/050 | Batch 1050/1289 | Loss: 0.1017
Epoch: 034/050 | Batch 1100/1289 | Loss: 0.1047
Epoch: 034/050 | Batch 1150/1289 | Loss: 0.1228
Epoch: 034/050 | Batch 1200/1289 | Loss: 0.1368
Epoch: 034/050 | Batch 1250/1289 | Loss: 0.1368
MAE/RMSE/ACC: Current Valid: 3.10/4.06/10.96 Ep. 34 | Best Valid: 3.10/4.06/10.96 | Ep. 34
Time elapsed: 136.83 min
Epoch: 035/050 | Batch 0000/1289 | Loss: 0.0706
Epoch: 035/050 | Batch 0050/1289 | Loss: 0.0895
Epoch: 035/050 | Batch 0100/1289 | Loss: 0.1217
Epoch: 035/050 | Batch 0150/1289 | Loss: 0.0923
Epoch: 035/050 | Batch 0200/1289 | Loss: 0.1182
Epoch: 035/050 | Batch 0250/1289 | Loss: 0.1264
Epoch: 035/050 | Batch 0300/1289 | Loss: 0.1039
Epoch: 035/050 | Batch 0350/1289 | Loss: 0.1193
Epoch: 035/050 | Batch 0400/1289 | Loss: 0.0929
Epoch: 035/050 | Batch 0450/1289 | Loss: 0.1165
Epoch: 035/050 | Batch 0500/1289 | Loss: 0.1383
Epoch: 035/050 | Batch 0550/1289 | Loss: 0.1509
Epoch: 035/050 | Batch 0600/1289 | Loss: 0.0846
Epoch: 035/050 | Batch 0650/1289 | Loss: 0.1043
Epoch: 035/050 | Batch 0700/1289 | Loss: 0.0829
Epoch: 035/050 | Batch 0750/1289 | Loss: 0.0893
Epoch: 035/050 | Batch 0800/1289 | Loss: 0.1385
Epoch: 035/050 | Batch 0850/1289 | Loss: 0.1131
Epoch: 035/050 | Batch 0900/1289 | Loss: 0.1113
Epoch: 035/050 | Batch 0950/1289 | Loss: 0.1039
Epoch: 035/050 | Batch 1000/1289 | Loss: 0.1417
Epoch: 035/050 | Batch 1050/1289 | Loss: 0.0867
Epoch: 035/050 | Batch 1100/1289 | Loss: 0.0891
Epoch: 035/050 | Batch 1150/1289 | Loss: 0.1887
Epoch: 035/050 | Batch 1200/1289 | Loss: 0.1054
Epoch: 035/050 | Batch 1250/1289 | Loss: 0.1089
MAE/RMSE/ACC: Current Valid: 3.14/4.18/10.96 Ep. 35 | Best Valid: 3.10/4.06/10.96 | Ep. 34
Time elapsed: 140.68 min
Epoch: 036/050 | Batch 0000/1289 | Loss: 0.1245
Epoch: 036/050 | Batch 0050/1289 | Loss: 0.0953
Epoch: 036/050 | Batch 0100/1289 | Loss: 0.0973
Epoch: 036/050 | Batch 0150/1289 | Loss: 0.0736
Epoch: 036/050 | Batch 0200/1289 | Loss: 0.1086
Epoch: 036/050 | Batch 0250/1289 | Loss: 0.1312
Epoch: 036/050 | Batch 0300/1289 | Loss: 0.0910
Epoch: 036/050 | Batch 0350/1289 | Loss: 0.0737
Epoch: 036/050 | Batch 0400/1289 | Loss: 0.1003
Epoch: 036/050 | Batch 0450/1289 | Loss: 0.1055
Epoch: 036/050 | Batch 0500/1289 | Loss: 0.1206
Epoch: 036/050 | Batch 0550/1289 | Loss: 0.1144
Epoch: 036/050 | Batch 0600/1289 | Loss: 0.0839
Epoch: 036/050 | Batch 0650/1289 | Loss: 0.1029
Epoch: 036/050 | Batch 0700/1289 | Loss: 0.1192
Epoch: 036/050 | Batch 0750/1289 | Loss: 0.1108
Epoch: 036/050 | Batch 0800/1289 | Loss: 0.0824
Epoch: 036/050 | Batch 0850/1289 | Loss: 0.0998
Epoch: 036/050 | Batch 0900/1289 | Loss: 0.1074
Epoch: 036/050 | Batch 0950/1289 | Loss: 0.1222
Epoch: 036/050 | Batch 1000/1289 | Loss: 0.0647
Epoch: 036/050 | Batch 1050/1289 | Loss: 0.1102
Epoch: 036/050 | Batch 1100/1289 | Loss: 0.0725
Epoch: 036/050 | Batch 1150/1289 | Loss: 0.0867
Epoch: 036/050 | Batch 1200/1289 | Loss: 0.0934
Epoch: 036/050 | Batch 1250/1289 | Loss: 0.0997
MAE/RMSE/ACC: Current Valid: 3.23/4.29/10.96 Ep. 36 | Best Valid: 3.10/4.06/10.96 | Ep. 34
Time elapsed: 144.75 min
Epoch: 037/050 | Batch 0000/1289 | Loss: 0.0889
Epoch: 037/050 | Batch 0050/1289 | Loss: 0.1053
Epoch: 037/050 | Batch 0100/1289 | Loss: 0.0698
Epoch: 037/050 | Batch 0150/1289 | Loss: 0.0775
Epoch: 037/050 | Batch 0200/1289 | Loss: 0.0896
Epoch: 037/050 | Batch 0250/1289 | Loss: 0.1001
Epoch: 037/050 | Batch 0300/1289 | Loss: 0.0710
Epoch: 037/050 | Batch 0350/1289 | Loss: 0.0806
Epoch: 037/050 | Batch 0400/1289 | Loss: 0.0941
Epoch: 037/050 | Batch 0450/1289 | Loss: 0.1179
Epoch: 037/050 | Batch 0500/1289 | Loss: 0.1042
Epoch: 037/050 | Batch 0550/1289 | Loss: 0.0829
Epoch: 037/050 | Batch 0600/1289 | Loss: 0.0816
Epoch: 037/050 | Batch 0650/1289 | Loss: 0.0773
Epoch: 037/050 | Batch 0700/1289 | Loss: 0.1184
Epoch: 037/050 | Batch 0750/1289 | Loss: 0.0916
Epoch: 037/050 | Batch 0800/1289 | Loss: 0.1258
Epoch: 037/050 | Batch 0850/1289 | Loss: 0.0987
Epoch: 037/050 | Batch 0900/1289 | Loss: 0.0673
Epoch: 037/050 | Batch 0950/1289 | Loss: 0.0796
Epoch: 037/050 | Batch 1000/1289 | Loss: 0.0877
Epoch: 037/050 | Batch 1050/1289 | Loss: 0.0901
Epoch: 037/050 | Batch 1100/1289 | Loss: 0.0735
Epoch: 037/050 | Batch 1150/1289 | Loss: 0.1007
Epoch: 037/050 | Batch 1200/1289 | Loss: 0.0777
Epoch: 037/050 | Batch 1250/1289 | Loss: 0.0830
MAE/RMSE/ACC: Current Valid: 3.12/4.12/10.96 Ep. 37 | Best Valid: 3.10/4.06/10.96 | Ep. 34
Time elapsed: 148.83 min
Epoch: 038/050 | Batch 0000/1289 | Loss: 0.0686
Epoch: 038/050 | Batch 0050/1289 | Loss: 0.0808
Epoch: 038/050 | Batch 0100/1289 | Loss: 0.0865
Epoch: 038/050 | Batch 0150/1289 | Loss: 0.0735
Epoch: 038/050 | Batch 0200/1289 | Loss: 0.0906
Epoch: 038/050 | Batch 0250/1289 | Loss: 0.0880
Epoch: 038/050 | Batch 0300/1289 | Loss: 0.0881
Epoch: 038/050 | Batch 0350/1289 | Loss: 0.0831
Epoch: 038/050 | Batch 0400/1289 | Loss: 0.0888
Epoch: 038/050 | Batch 0450/1289 | Loss: 0.0997
Epoch: 038/050 | Batch 0500/1289 | Loss: 0.1129
Epoch: 038/050 | Batch 0550/1289 | Loss: 0.1120
Epoch: 038/050 | Batch 0600/1289 | Loss: 0.0812
Epoch: 038/050 | Batch 0650/1289 | Loss: 0.0677
Epoch: 038/050 | Batch 0700/1289 | Loss: 0.1137
Epoch: 038/050 | Batch 0750/1289 | Loss: 0.0888
Epoch: 038/050 | Batch 0800/1289 | Loss: 0.0943
Epoch: 038/050 | Batch 0850/1289 | Loss: 0.0957
Epoch: 038/050 | Batch 0900/1289 | Loss: 0.1025
Epoch: 038/050 | Batch 0950/1289 | Loss: 0.1121
Epoch: 038/050 | Batch 1000/1289 | Loss: 0.0954
Epoch: 038/050 | Batch 1050/1289 | Loss: 0.1100
Epoch: 038/050 | Batch 1100/1289 | Loss: 0.0823
Epoch: 038/050 | Batch 1150/1289 | Loss: 0.0932
Epoch: 038/050 | Batch 1200/1289 | Loss: 0.1084
Epoch: 038/050 | Batch 1250/1289 | Loss: 0.0863
MAE/RMSE/ACC: Current Valid: 3.32/4.40/10.96 Ep. 38 | Best Valid: 3.10/4.06/10.96 | Ep. 34
Time elapsed: 152.92 min
Epoch: 039/050 | Batch 0000/1289 | Loss: 0.0635
Epoch: 039/050 | Batch 0050/1289 | Loss: 0.0878
Epoch: 039/050 | Batch 0100/1289 | Loss: 0.0969
Epoch: 039/050 | Batch 0150/1289 | Loss: 0.0995
Epoch: 039/050 | Batch 0200/1289 | Loss: 0.1028
Epoch: 039/050 | Batch 0250/1289 | Loss: 0.0894
Epoch: 039/050 | Batch 0300/1289 | Loss: 0.0966
Epoch: 039/050 | Batch 0350/1289 | Loss: 0.0760
Epoch: 039/050 | Batch 0400/1289 | Loss: 0.0873
Epoch: 039/050 | Batch 0450/1289 | Loss: 0.0720
Epoch: 039/050 | Batch 0500/1289 | Loss: 0.0783
Epoch: 039/050 | Batch 0550/1289 | Loss: 0.1163
Epoch: 039/050 | Batch 0600/1289 | Loss: 0.1128
Epoch: 039/050 | Batch 0650/1289 | Loss: 0.0929
Epoch: 039/050 | Batch 0700/1289 | Loss: 0.1002
Epoch: 039/050 | Batch 0750/1289 | Loss: 0.0886
Epoch: 039/050 | Batch 0800/1289 | Loss: 0.1062
Epoch: 039/050 | Batch 0850/1289 | Loss: 0.0976
Epoch: 039/050 | Batch 0900/1289 | Loss: 0.0874
Epoch: 039/050 | Batch 0950/1289 | Loss: 0.1090
Epoch: 039/050 | Batch 1000/1289 | Loss: 0.0952
Epoch: 039/050 | Batch 1050/1289 | Loss: 0.0697
Epoch: 039/050 | Batch 1100/1289 | Loss: 0.0800
Epoch: 039/050 | Batch 1150/1289 | Loss: 0.0831
Epoch: 039/050 | Batch 1200/1289 | Loss: 0.1047
Epoch: 039/050 | Batch 1250/1289 | Loss: 0.0911
MAE/RMSE/ACC: Current Valid: 3.04/4.03/12.01 Ep. 39 | Best Valid: 3.04/4.03/12.01 | Ep. 39
Time elapsed: 156.99 min
Epoch: 040/050 | Batch 0000/1289 | Loss: 0.0655
Epoch: 040/050 | Batch 0050/1289 | Loss: 0.1022
Epoch: 040/050 | Batch 0100/1289 | Loss: 0.0701
Epoch: 040/050 | Batch 0150/1289 | Loss: 0.0997
Epoch: 040/050 | Batch 0200/1289 | Loss: 0.0773
Epoch: 040/050 | Batch 0250/1289 | Loss: 0.0744
Epoch: 040/050 | Batch 0300/1289 | Loss: 0.0787
Epoch: 040/050 | Batch 0350/1289 | Loss: 0.0689
Epoch: 040/050 | Batch 0400/1289 | Loss: 0.0674
Epoch: 040/050 | Batch 0450/1289 | Loss: 0.0707
Epoch: 040/050 | Batch 0500/1289 | Loss: 0.0936
Epoch: 040/050 | Batch 0550/1289 | Loss: 0.0755
Epoch: 040/050 | Batch 0600/1289 | Loss: 0.1076
Epoch: 040/050 | Batch 0650/1289 | Loss: 0.0804
Epoch: 040/050 | Batch 0700/1289 | Loss: 0.0895
Epoch: 040/050 | Batch 0750/1289 | Loss: 0.0771
Epoch: 040/050 | Batch 0800/1289 | Loss: 0.1090
Epoch: 040/050 | Batch 0850/1289 | Loss: 0.0987
Epoch: 040/050 | Batch 0900/1289 | Loss: 0.0787
Epoch: 040/050 | Batch 0950/1289 | Loss: 0.0977
Epoch: 040/050 | Batch 1000/1289 | Loss: 0.0637
Epoch: 040/050 | Batch 1050/1289 | Loss: 0.1436
Epoch: 040/050 | Batch 1100/1289 | Loss: 0.0660
Epoch: 040/050 | Batch 1150/1289 | Loss: 0.1473
Epoch: 040/050 | Batch 1200/1289 | Loss: 0.1094
Epoch: 040/050 | Batch 1250/1289 | Loss: 0.0984
MAE/RMSE/ACC: Current Valid: 3.15/4.18/12.01 Ep. 40 | Best Valid: 3.04/4.03/12.01 | Ep. 39
Time elapsed: 161.07 min
Epoch: 041/050 | Batch 0000/1289 | Loss: 0.0718
Epoch: 041/050 | Batch 0050/1289 | Loss: 0.1000
Epoch: 041/050 | Batch 0100/1289 | Loss: 0.0726
Epoch: 041/050 | Batch 0150/1289 | Loss: 0.0959
Epoch: 041/050 | Batch 0200/1289 | Loss: 0.0816
Epoch: 041/050 | Batch 0250/1289 | Loss: 0.0633
Epoch: 041/050 | Batch 0300/1289 | Loss: 0.0784
Epoch: 041/050 | Batch 0350/1289 | Loss: 0.1041
Epoch: 041/050 | Batch 0400/1289 | Loss: 0.0768
Epoch: 041/050 | Batch 0450/1289 | Loss: 0.0837
Epoch: 041/050 | Batch 0500/1289 | Loss: 0.0774
Epoch: 041/050 | Batch 0550/1289 | Loss: 0.0633
Epoch: 041/050 | Batch 0600/1289 | Loss: 0.0993
Epoch: 041/050 | Batch 0650/1289 | Loss: 0.0846
Epoch: 041/050 | Batch 0700/1289 | Loss: 0.1265
Epoch: 041/050 | Batch 0750/1289 | Loss: 0.1027
Epoch: 041/050 | Batch 0800/1289 | Loss: 0.0725
Epoch: 041/050 | Batch 0850/1289 | Loss: 0.0766
Epoch: 041/050 | Batch 0900/1289 | Loss: 0.1547
Epoch: 041/050 | Batch 0950/1289 | Loss: 0.0868
Epoch: 041/050 | Batch 1000/1289 | Loss: 0.0590
Epoch: 041/050 | Batch 1050/1289 | Loss: 0.0933
Epoch: 041/050 | Batch 1100/1289 | Loss: 0.1159
Epoch: 041/050 | Batch 1150/1289 | Loss: 0.0655
Epoch: 041/050 | Batch 1200/1289 | Loss: 0.1032
Epoch: 041/050 | Batch 1250/1289 | Loss: 0.0867
MAE/RMSE/ACC: Current Valid: 3.06/4.11/12.01 Ep. 41 | Best Valid: 3.04/4.03/12.01 | Ep. 39
Time elapsed: 165.15 min
Epoch: 042/050 | Batch 0000/1289 | Loss: 0.1074
Epoch: 042/050 | Batch 0050/1289 | Loss: 0.0695
Epoch: 042/050 | Batch 0100/1289 | Loss: 0.0695
Epoch: 042/050 | Batch 0150/1289 | Loss: 0.0942
Epoch: 042/050 | Batch 0200/1289 | Loss: 0.0806
Epoch: 042/050 | Batch 0250/1289 | Loss: 0.0870
Epoch: 042/050 | Batch 0300/1289 | Loss: 0.0868
Epoch: 042/050 | Batch 0350/1289 | Loss: 0.1004
Epoch: 042/050 | Batch 0400/1289 | Loss: 0.1150
Epoch: 042/050 | Batch 0450/1289 | Loss: 0.0975
Epoch: 042/050 | Batch 0500/1289 | Loss: 0.1069
Epoch: 042/050 | Batch 0550/1289 | Loss: 0.1412
Epoch: 042/050 | Batch 0600/1289 | Loss: 0.0990
Epoch: 042/050 | Batch 0650/1289 | Loss: 0.0682
Epoch: 042/050 | Batch 0700/1289 | Loss: 0.0766
Epoch: 042/050 | Batch 0750/1289 | Loss: 0.0984
Epoch: 042/050 | Batch 0800/1289 | Loss: 0.0966
Epoch: 042/050 | Batch 0850/1289 | Loss: 0.0986
Epoch: 042/050 | Batch 0900/1289 | Loss: 0.1000
Epoch: 042/050 | Batch 0950/1289 | Loss: 0.0867
Epoch: 042/050 | Batch 1000/1289 | Loss: 0.0806
Epoch: 042/050 | Batch 1050/1289 | Loss: 0.0904
Epoch: 042/050 | Batch 1100/1289 | Loss: 0.0809
Epoch: 042/050 | Batch 1150/1289 | Loss: 0.0607
Epoch: 042/050 | Batch 1200/1289 | Loss: 0.0561
Epoch: 042/050 | Batch 1250/1289 | Loss: 0.1388
MAE/RMSE/ACC: Current Valid: 3.06/4.07/12.01 Ep. 42 | Best Valid: 3.04/4.03/12.01 | Ep. 39
Time elapsed: 169.21 min
Epoch: 043/050 | Batch 0000/1289 | Loss: 0.0881
Epoch: 043/050 | Batch 0050/1289 | Loss: 0.0650
Epoch: 043/050 | Batch 0100/1289 | Loss: 0.0932
Epoch: 043/050 | Batch 0150/1289 | Loss: 0.0654
Epoch: 043/050 | Batch 0200/1289 | Loss: 0.1125
Epoch: 043/050 | Batch 0250/1289 | Loss: 0.0559
Epoch: 043/050 | Batch 0300/1289 | Loss: 0.0734
Epoch: 043/050 | Batch 0350/1289 | Loss: 0.0566
Epoch: 043/050 | Batch 0400/1289 | Loss: 0.0837
Epoch: 043/050 | Batch 0450/1289 | Loss: 0.0861
Epoch: 043/050 | Batch 0500/1289 | Loss: 0.0582
Epoch: 043/050 | Batch 0550/1289 | Loss: 0.1009
Epoch: 043/050 | Batch 0600/1289 | Loss: 0.0733
Epoch: 043/050 | Batch 0650/1289 | Loss: 0.1433
Epoch: 043/050 | Batch 0700/1289 | Loss: 0.0733
Epoch: 043/050 | Batch 0750/1289 | Loss: 0.0719
Epoch: 043/050 | Batch 0800/1289 | Loss: 0.1081
Epoch: 043/050 | Batch 0850/1289 | Loss: 0.0636
Epoch: 043/050 | Batch 0900/1289 | Loss: 0.0868
Epoch: 043/050 | Batch 0950/1289 | Loss: 0.0846
Epoch: 043/050 | Batch 1000/1289 | Loss: 0.0598
Epoch: 043/050 | Batch 1050/1289 | Loss: 0.1407
Epoch: 043/050 | Batch 1100/1289 | Loss: 0.0803
Epoch: 043/050 | Batch 1150/1289 | Loss: 0.0878
Epoch: 043/050 | Batch 1200/1289 | Loss: 0.0649
Epoch: 043/050 | Batch 1250/1289 | Loss: 0.0901
MAE/RMSE/ACC: Current Valid: 3.11/4.16/12.01 Ep. 43 | Best Valid: 3.04/4.03/12.01 | Ep. 39
Time elapsed: 173.01 min
Epoch: 044/050 | Batch 0000/1289 | Loss: 0.1094
Epoch: 044/050 | Batch 0050/1289 | Loss: 0.0468
Epoch: 044/050 | Batch 0100/1289 | Loss: 0.0590
Epoch: 044/050 | Batch 0150/1289 | Loss: 0.0885
Epoch: 044/050 | Batch 0200/1289 | Loss: 0.0971
Epoch: 044/050 | Batch 0250/1289 | Loss: 0.1402
Epoch: 044/050 | Batch 0300/1289 | Loss: 0.0703
Epoch: 044/050 | Batch 0350/1289 | Loss: 0.0978
Epoch: 044/050 | Batch 0400/1289 | Loss: 0.0776
Epoch: 044/050 | Batch 0450/1289 | Loss: 0.0839
Epoch: 044/050 | Batch 0500/1289 | Loss: 0.0696
Epoch: 044/050 | Batch 0550/1289 | Loss: 0.0685
Epoch: 044/050 | Batch 0600/1289 | Loss: 0.0451
Epoch: 044/050 | Batch 0650/1289 | Loss: 0.1128
Epoch: 044/050 | Batch 0700/1289 | Loss: 0.0752
Epoch: 044/050 | Batch 0750/1289 | Loss: 0.0891
Epoch: 044/050 | Batch 0800/1289 | Loss: 0.0516
Epoch: 044/050 | Batch 0850/1289 | Loss: 0.0605
Epoch: 044/050 | Batch 0900/1289 | Loss: 0.0862
Epoch: 044/050 | Batch 0950/1289 | Loss: 0.0478
Epoch: 044/050 | Batch 1000/1289 | Loss: 0.0735
Epoch: 044/050 | Batch 1050/1289 | Loss: 0.0974
Epoch: 044/050 | Batch 1100/1289 | Loss: 0.0656
Epoch: 044/050 | Batch 1150/1289 | Loss: 0.1001
Epoch: 044/050 | Batch 1200/1289 | Loss: 0.1113
Epoch: 044/050 | Batch 1250/1289 | Loss: 0.0776
MAE/RMSE/ACC: Current Valid: 3.20/4.22/12.01 Ep. 44 | Best Valid: 3.04/4.03/12.01 | Ep. 39
Time elapsed: 177.05 min
Epoch: 045/050 | Batch 0000/1289 | Loss: 0.0740
Epoch: 045/050 | Batch 0050/1289 | Loss: 0.0941
Epoch: 045/050 | Batch 0100/1289 | Loss: 0.0789
Epoch: 045/050 | Batch 0150/1289 | Loss: 0.1060
Epoch: 045/050 | Batch 0200/1289 | Loss: 0.0654
Epoch: 045/050 | Batch 0250/1289 | Loss: 0.0855
Epoch: 045/050 | Batch 0300/1289 | Loss: 0.0600
Epoch: 045/050 | Batch 0350/1289 | Loss: 0.0684
Epoch: 045/050 | Batch 0400/1289 | Loss: 0.0722
Epoch: 045/050 | Batch 0450/1289 | Loss: 0.0832
Epoch: 045/050 | Batch 0500/1289 | Loss: 0.0950
Epoch: 045/050 | Batch 0550/1289 | Loss: 0.0808
Epoch: 045/050 | Batch 0600/1289 | Loss: 0.0759
Epoch: 045/050 | Batch 0650/1289 | Loss: 0.0682
Epoch: 045/050 | Batch 0700/1289 | Loss: 0.0729
Epoch: 045/050 | Batch 0750/1289 | Loss: 0.1296
Epoch: 045/050 | Batch 0800/1289 | Loss: 0.1012
Epoch: 045/050 | Batch 0850/1289 | Loss: 0.0768
Epoch: 045/050 | Batch 0900/1289 | Loss: 0.0871
Epoch: 045/050 | Batch 0950/1289 | Loss: 0.1076
Epoch: 045/050 | Batch 1000/1289 | Loss: 0.0971
Epoch: 045/050 | Batch 1050/1289 | Loss: 0.0665
Epoch: 045/050 | Batch 1100/1289 | Loss: 0.1782
Epoch: 045/050 | Batch 1150/1289 | Loss: 0.0660
Epoch: 045/050 | Batch 1200/1289 | Loss: 0.1040
Epoch: 045/050 | Batch 1250/1289 | Loss: 0.0843
MAE/RMSE/ACC: Current Valid: 3.14/4.20/12.01 Ep. 45 | Best Valid: 3.04/4.03/12.01 | Ep. 39
Time elapsed: 181.10 min
Epoch: 046/050 | Batch 0000/1289 | Loss: 0.0621
Epoch: 046/050 | Batch 0050/1289 | Loss: 0.0660
Epoch: 046/050 | Batch 0100/1289 | Loss: 0.0970
Epoch: 046/050 | Batch 0150/1289 | Loss: 0.0777
Epoch: 046/050 | Batch 0200/1289 | Loss: 0.0742
Epoch: 046/050 | Batch 0250/1289 | Loss: 0.0501
Epoch: 046/050 | Batch 0300/1289 | Loss: 0.0587
Epoch: 046/050 | Batch 0350/1289 | Loss: 0.0638
Epoch: 046/050 | Batch 0400/1289 | Loss: 0.0900
Epoch: 046/050 | Batch 0450/1289 | Loss: 0.0522
Epoch: 046/050 | Batch 0500/1289 | Loss: 0.0657
Epoch: 046/050 | Batch 0550/1289 | Loss: 0.1231
Epoch: 046/050 | Batch 0600/1289 | Loss: 0.0598
Epoch: 046/050 | Batch 0650/1289 | Loss: 0.0807
Epoch: 046/050 | Batch 0700/1289 | Loss: 0.0689
Epoch: 046/050 | Batch 0750/1289 | Loss: 0.0573
Epoch: 046/050 | Batch 0800/1289 | Loss: 0.0876
Epoch: 046/050 | Batch 0850/1289 | Loss: 0.0721
Epoch: 046/050 | Batch 0900/1289 | Loss: 0.0710
Epoch: 046/050 | Batch 0950/1289 | Loss: 0.0798
Epoch: 046/050 | Batch 1000/1289 | Loss: 0.0700
Epoch: 046/050 | Batch 1050/1289 | Loss: 0.0430
Epoch: 046/050 | Batch 1100/1289 | Loss: 0.0539
Epoch: 046/050 | Batch 1150/1289 | Loss: 0.0673
Epoch: 046/050 | Batch 1200/1289 | Loss: 0.0846
Epoch: 046/050 | Batch 1250/1289 | Loss: 0.0635
MAE/RMSE/ACC: Current Valid: 3.04/4.01/11.24 Ep. 46 | Best Valid: 3.04/4.01/11.24 | Ep. 46
Time elapsed: 185.13 min
Epoch: 047/050 | Batch 0000/1289 | Loss: 0.0598
Epoch: 047/050 | Batch 0050/1289 | Loss: 0.0679
Epoch: 047/050 | Batch 0100/1289 | Loss: 0.0563
Epoch: 047/050 | Batch 0150/1289 | Loss: 0.0785
Epoch: 047/050 | Batch 0200/1289 | Loss: 0.0701
Epoch: 047/050 | Batch 0250/1289 | Loss: 0.0923
Epoch: 047/050 | Batch 0300/1289 | Loss: 0.0531
Epoch: 047/050 | Batch 0350/1289 | Loss: 0.0552
Epoch: 047/050 | Batch 0400/1289 | Loss: 0.0678
Epoch: 047/050 | Batch 0450/1289 | Loss: 0.0528
Epoch: 047/050 | Batch 0500/1289 | Loss: 0.0747
Epoch: 047/050 | Batch 0550/1289 | Loss: 0.0610
Epoch: 047/050 | Batch 0600/1289 | Loss: 0.0643
Epoch: 047/050 | Batch 0650/1289 | Loss: 0.0916
Epoch: 047/050 | Batch 0700/1289 | Loss: 0.0866
Epoch: 047/050 | Batch 0750/1289 | Loss: 0.0641
Epoch: 047/050 | Batch 0800/1289 | Loss: 0.0728
Epoch: 047/050 | Batch 0850/1289 | Loss: 0.1035
Epoch: 047/050 | Batch 0900/1289 | Loss: 0.0690
Epoch: 047/050 | Batch 0950/1289 | Loss: 0.0567
Epoch: 047/050 | Batch 1000/1289 | Loss: 0.0847
Epoch: 047/050 | Batch 1050/1289 | Loss: 0.1085
Epoch: 047/050 | Batch 1100/1289 | Loss: 0.0664
Epoch: 047/050 | Batch 1150/1289 | Loss: 0.0636
Epoch: 047/050 | Batch 1200/1289 | Loss: 0.0822
Epoch: 047/050 | Batch 1250/1289 | Loss: 0.0680
MAE/RMSE/ACC: Current Valid: 3.41/4.59/11.24 Ep. 47 | Best Valid: 3.04/4.01/11.24 | Ep. 46
Time elapsed: 189.15 min
Epoch: 048/050 | Batch 0000/1289 | Loss: 0.0875
Epoch: 048/050 | Batch 0050/1289 | Loss: 0.0698
Epoch: 048/050 | Batch 0100/1289 | Loss: 0.0662
Epoch: 048/050 | Batch 0150/1289 | Loss: 0.0542
Epoch: 048/050 | Batch 0200/1289 | Loss: 0.0772
Epoch: 048/050 | Batch 0250/1289 | Loss: 0.0540
Epoch: 048/050 | Batch 0300/1289 | Loss: 0.0636
Epoch: 048/050 | Batch 0350/1289 | Loss: 0.0594
Epoch: 048/050 | Batch 0400/1289 | Loss: 0.0625
Epoch: 048/050 | Batch 0450/1289 | Loss: 0.0903
Epoch: 048/050 | Batch 0500/1289 | Loss: 0.0709
Epoch: 048/050 | Batch 0550/1289 | Loss: 0.0795
Epoch: 048/050 | Batch 0600/1289 | Loss: 0.0719
Epoch: 048/050 | Batch 0650/1289 | Loss: 0.0534
Epoch: 048/050 | Batch 0700/1289 | Loss: 0.0895
Epoch: 048/050 | Batch 0750/1289 | Loss: 0.0459
Epoch: 048/050 | Batch 0800/1289 | Loss: 0.1006
Epoch: 048/050 | Batch 0850/1289 | Loss: 0.1080
Epoch: 048/050 | Batch 0900/1289 | Loss: 0.0748
Epoch: 048/050 | Batch 0950/1289 | Loss: 0.0565
Epoch: 048/050 | Batch 1000/1289 | Loss: 0.0710
Epoch: 048/050 | Batch 1050/1289 | Loss: 0.0741
Epoch: 048/050 | Batch 1100/1289 | Loss: 0.0661
Epoch: 048/050 | Batch 1150/1289 | Loss: 0.0731
Epoch: 048/050 | Batch 1200/1289 | Loss: 0.0695
Epoch: 048/050 | Batch 1250/1289 | Loss: 0.0788
MAE/RMSE/ACC: Current Valid: 3.27/4.29/11.24 Ep. 48 | Best Valid: 3.04/4.01/11.24 | Ep. 46
Time elapsed: 193.19 min
Epoch: 049/050 | Batch 0000/1289 | Loss: 0.0864
Epoch: 049/050 | Batch 0050/1289 | Loss: 0.1111
Epoch: 049/050 | Batch 0100/1289 | Loss: 0.0788
Epoch: 049/050 | Batch 0150/1289 | Loss: 0.0800
Epoch: 049/050 | Batch 0200/1289 | Loss: 0.0788
Epoch: 049/050 | Batch 0250/1289 | Loss: 0.0834
Epoch: 049/050 | Batch 0300/1289 | Loss: 0.0783
Epoch: 049/050 | Batch 0350/1289 | Loss: 0.0612
Epoch: 049/050 | Batch 0400/1289 | Loss: 0.0753
Epoch: 049/050 | Batch 0450/1289 | Loss: 0.0546
Epoch: 049/050 | Batch 0500/1289 | Loss: 0.0786
Epoch: 049/050 | Batch 0550/1289 | Loss: 0.0831
Epoch: 049/050 | Batch 0600/1289 | Loss: 0.1146
Epoch: 049/050 | Batch 0650/1289 | Loss: 0.0483
Epoch: 049/050 | Batch 0700/1289 | Loss: 0.0599
Epoch: 049/050 | Batch 0750/1289 | Loss: 0.0831
Epoch: 049/050 | Batch 0800/1289 | Loss: 0.1062
Epoch: 049/050 | Batch 0850/1289 | Loss: 0.0686
Epoch: 049/050 | Batch 0900/1289 | Loss: 0.0490
Epoch: 049/050 | Batch 0950/1289 | Loss: 0.0771
Epoch: 049/050 | Batch 1000/1289 | Loss: 0.0868
Epoch: 049/050 | Batch 1050/1289 | Loss: 0.0638
Epoch: 049/050 | Batch 1100/1289 | Loss: 0.0618
Epoch: 049/050 | Batch 1150/1289 | Loss: 0.0598
Epoch: 049/050 | Batch 1200/1289 | Loss: 0.0764
Epoch: 049/050 | Batch 1250/1289 | Loss: 0.0725
MAE/RMSE/ACC: Current Valid: 3.19/4.25/11.24 Ep. 49 | Best Valid: 3.04/4.01/11.24 | Ep. 46
Time elapsed: 197.20 min
Epoch: 050/050 | Batch 0000/1289 | Loss: 0.0565
Epoch: 050/050 | Batch 0050/1289 | Loss: 0.0509
Epoch: 050/050 | Batch 0100/1289 | Loss: 0.0640
Epoch: 050/050 | Batch 0150/1289 | Loss: 0.0520
Epoch: 050/050 | Batch 0200/1289 | Loss: 0.0499
Epoch: 050/050 | Batch 0250/1289 | Loss: 0.0789
Epoch: 050/050 | Batch 0300/1289 | Loss: 0.0974
Epoch: 050/050 | Batch 0350/1289 | Loss: 0.0745
Epoch: 050/050 | Batch 0400/1289 | Loss: 0.0673
Epoch: 050/050 | Batch 0450/1289 | Loss: 0.0594
Epoch: 050/050 | Batch 0500/1289 | Loss: 0.0596
Epoch: 050/050 | Batch 0550/1289 | Loss: 0.0958
Epoch: 050/050 | Batch 0600/1289 | Loss: 0.0726
Epoch: 050/050 | Batch 0650/1289 | Loss: 0.0635
Epoch: 050/050 | Batch 0700/1289 | Loss: 0.0810
Epoch: 050/050 | Batch 0750/1289 | Loss: 0.0622
Epoch: 050/050 | Batch 0800/1289 | Loss: 0.0774
Epoch: 050/050 | Batch 0850/1289 | Loss: 0.0977
Epoch: 050/050 | Batch 0900/1289 | Loss: 0.0812
Epoch: 050/050 | Batch 0950/1289 | Loss: 0.0633
Epoch: 050/050 | Batch 1000/1289 | Loss: 0.0642
Epoch: 050/050 | Batch 1050/1289 | Loss: 0.1101
Epoch: 050/050 | Batch 1100/1289 | Loss: 0.0636
Epoch: 050/050 | Batch 1150/1289 | Loss: 0.0609
Epoch: 050/050 | Batch 1200/1289 | Loss: 0.0772
Epoch: 050/050 | Batch 1250/1289 | Loss: 0.0614
MAE/RMSE/ACC: Current Valid: 3.05/4.07/11.24 Ep. 50 | Best Valid: 3.04/4.01/11.24 | Ep. 46
Time elapsed: 201.12 min
MAE/RMSE: | Train: 0.94/1.39 | Valid: 3.05/4.07 | Test: 2.90/3.87
ACC: | Train: 37.90 | Valid: 11.35 | Test: 12.63
Total Running Time: 201.94 min
MAE/RMSE: | Best Train: 1.09/1.58 | Best Valid: 3.04/4.01 | Best Test: 2.95/3.91
ACC: | Best Train: 32.26 | Best Valid: 11.24 | Best Test: 12.26
Total Running Time: 202.60 min
