This script: resnet34_coral.py
PyTorch Version: 1.8.1
CUDA device: cuda:2
CUDA version: 11.1
Random seed: 2
Learning rate: 0.0005
Epochs: 200
Batch size: 256
Output path: runs/afad-balanced/resnet34_coral-imp0-seed2-epochs200_best-rmse
Epoch: 001/200 | Batch 0000/0180 | Loss: 8.2918
Epoch: 001/200 | Batch 0050/0180 | Loss: 8.4073
Epoch: 001/200 | Batch 0100/0180 | Loss: 7.9666
Epoch: 001/200 | Batch 0150/0180 | Loss: 8.0316
MAE/RMSE/ACC: Current Valid: 4.65/5.80/10.80 Ep. 1 | Best Valid: 4.65/5.80/10.80 | Ep. 1
Time elapsed: 1.26 min
Epoch: 002/200 | Batch 0000/0180 | Loss: 7.7678
Epoch: 002/200 | Batch 0050/0180 | Loss: 7.8739
Epoch: 002/200 | Batch 0100/0180 | Loss: 7.7990
Epoch: 002/200 | Batch 0150/0180 | Loss: 7.5620
MAE/RMSE/ACC: Current Valid: 4.20/5.31/10.90 Ep. 2 | Best Valid: 4.20/5.31/10.90 | Ep. 2
Time elapsed: 2.55 min
Epoch: 003/200 | Batch 0000/0180 | Loss: 7.5769
Epoch: 003/200 | Batch 0050/0180 | Loss: 7.5247
Epoch: 003/200 | Batch 0100/0180 | Loss: 7.6532
Epoch: 003/200 | Batch 0150/0180 | Loss: 7.7193
MAE/RMSE/ACC: Current Valid: 4.72/5.80/10.90 Ep. 3 | Best Valid: 4.20/5.31/10.90 | Ep. 2
Time elapsed: 3.85 min
Epoch: 004/200 | Batch 0000/0180 | Loss: 7.1437
Epoch: 004/200 | Batch 0050/0180 | Loss: 7.4061
Epoch: 004/200 | Batch 0100/0180 | Loss: 7.1843
Epoch: 004/200 | Batch 0150/0180 | Loss: 7.2438
MAE/RMSE/ACC: Current Valid: 4.20/5.27/10.30 Ep. 4 | Best Valid: 4.20/5.27/10.30 | Ep. 4
Time elapsed: 5.16 min
Epoch: 005/200 | Batch 0000/0180 | Loss: 7.2145
Epoch: 005/200 | Batch 0050/0180 | Loss: 7.2485
Epoch: 005/200 | Batch 0100/0180 | Loss: 6.9855
Epoch: 005/200 | Batch 0150/0180 | Loss: 6.9400
MAE/RMSE/ACC: Current Valid: 3.72/4.72/10.93 Ep. 5 | Best Valid: 3.72/4.72/10.93 | Ep. 5
Time elapsed: 6.48 min
Epoch: 006/200 | Batch 0000/0180 | Loss: 7.1680
Epoch: 006/200 | Batch 0050/0180 | Loss: 6.9118
Epoch: 006/200 | Batch 0100/0180 | Loss: 6.9353
Epoch: 006/200 | Batch 0150/0180 | Loss: 6.9506
MAE/RMSE/ACC: Current Valid: 3.63/4.56/10.39 Ep. 6 | Best Valid: 3.63/4.56/10.39 | Ep. 6
Time elapsed: 7.79 min
Epoch: 007/200 | Batch 0000/0180 | Loss: 6.7793
Epoch: 007/200 | Batch 0050/0180 | Loss: 6.8888
Epoch: 007/200 | Batch 0100/0180 | Loss: 6.8879
Epoch: 007/200 | Batch 0150/0180 | Loss: 6.7745
MAE/RMSE/ACC: Current Valid: 3.51/4.43/11.02 Ep. 7 | Best Valid: 3.51/4.43/11.02 | Ep. 7
Time elapsed: 9.09 min
Epoch: 008/200 | Batch 0000/0180 | Loss: 6.8640
Epoch: 008/200 | Batch 0050/0180 | Loss: 6.6121
Epoch: 008/200 | Batch 0100/0180 | Loss: 6.6781
Epoch: 008/200 | Batch 0150/0180 | Loss: 6.6446
MAE/RMSE/ACC: Current Valid: 3.36/4.25/11.40 Ep. 8 | Best Valid: 3.36/4.25/11.40 | Ep. 8
Time elapsed: 10.41 min
Epoch: 009/200 | Batch 0000/0180 | Loss: 6.4864
Epoch: 009/200 | Batch 0050/0180 | Loss: 6.5091
Epoch: 009/200 | Batch 0100/0180 | Loss: 6.3613
Epoch: 009/200 | Batch 0150/0180 | Loss: 6.2481
MAE/RMSE/ACC: Current Valid: 3.30/4.17/11.27 Ep. 9 | Best Valid: 3.30/4.17/11.27 | Ep. 9
Time elapsed: 11.72 min
Epoch: 010/200 | Batch 0000/0180 | Loss: 6.3575
Epoch: 010/200 | Batch 0050/0180 | Loss: 6.4845
Epoch: 010/200 | Batch 0100/0180 | Loss: 6.2870
Epoch: 010/200 | Batch 0150/0180 | Loss: 6.3971
MAE/RMSE/ACC: Current Valid: 3.41/4.32/11.27 Ep. 10 | Best Valid: 3.30/4.17/11.27 | Ep. 9
Time elapsed: 13.02 min
Epoch: 011/200 | Batch 0000/0180 | Loss: 6.6346
Epoch: 011/200 | Batch 0050/0180 | Loss: 6.5099
Epoch: 011/200 | Batch 0100/0180 | Loss: 6.6200
Epoch: 011/200 | Batch 0150/0180 | Loss: 6.2476
MAE/RMSE/ACC: Current Valid: 3.23/4.09/11.79 Ep. 11 | Best Valid: 3.23/4.09/11.79 | Ep. 11
Time elapsed: 14.33 min
Epoch: 012/200 | Batch 0000/0180 | Loss: 5.9816
Epoch: 012/200 | Batch 0050/0180 | Loss: 6.3622
Epoch: 012/200 | Batch 0100/0180 | Loss: 6.1348
Epoch: 012/200 | Batch 0150/0180 | Loss: 6.0654
MAE/RMSE/ACC: Current Valid: 3.12/3.92/11.64 Ep. 12 | Best Valid: 3.12/3.92/11.64 | Ep. 12
Time elapsed: 15.64 min
Epoch: 013/200 | Batch 0000/0180 | Loss: 6.0640
Epoch: 013/200 | Batch 0050/0180 | Loss: 6.1355
Epoch: 013/200 | Batch 0100/0180 | Loss: 6.0909
Epoch: 013/200 | Batch 0150/0180 | Loss: 6.1874
MAE/RMSE/ACC: Current Valid: 3.02/3.77/11.54 Ep. 13 | Best Valid: 3.02/3.77/11.54 | Ep. 13
Time elapsed: 16.95 min
Epoch: 014/200 | Batch 0000/0180 | Loss: 5.9741
Epoch: 014/200 | Batch 0050/0180 | Loss: 5.8345
Epoch: 014/200 | Batch 0100/0180 | Loss: 5.9831
Epoch: 014/200 | Batch 0150/0180 | Loss: 5.8481
MAE/RMSE/ACC: Current Valid: 3.08/3.85/11.54 Ep. 14 | Best Valid: 3.02/3.77/11.54 | Ep. 13
Time elapsed: 18.26 min
Epoch: 015/200 | Batch 0000/0180 | Loss: 5.9836
Epoch: 015/200 | Batch 0050/0180 | Loss: 5.7926
Epoch: 015/200 | Batch 0100/0180 | Loss: 5.9963
Epoch: 015/200 | Batch 0150/0180 | Loss: 5.8707
MAE/RMSE/ACC: Current Valid: 3.15/3.98/11.54 Ep. 15 | Best Valid: 3.02/3.77/11.54 | Ep. 13
Time elapsed: 19.57 min
Epoch: 016/200 | Batch 0000/0180 | Loss: 5.5360
Epoch: 016/200 | Batch 0050/0180 | Loss: 5.7037
Epoch: 016/200 | Batch 0100/0180 | Loss: 5.9008
Epoch: 016/200 | Batch 0150/0180 | Loss: 5.8638
MAE/RMSE/ACC: Current Valid: 3.00/3.75/11.37 Ep. 16 | Best Valid: 3.00/3.75/11.37 | Ep. 16
Time elapsed: 20.88 min
Epoch: 017/200 | Batch 0000/0180 | Loss: 5.7509
Epoch: 017/200 | Batch 0050/0180 | Loss: 5.5184
Epoch: 017/200 | Batch 0100/0180 | Loss: 5.5432
Epoch: 017/200 | Batch 0150/0180 | Loss: 5.6183
MAE/RMSE/ACC: Current Valid: 3.09/3.88/11.37 Ep. 17 | Best Valid: 3.00/3.75/11.37 | Ep. 16
Time elapsed: 22.19 min
Epoch: 018/200 | Batch 0000/0180 | Loss: 5.7057
Epoch: 018/200 | Batch 0050/0180 | Loss: 5.6289
Epoch: 018/200 | Batch 0100/0180 | Loss: 5.6277
Epoch: 018/200 | Batch 0150/0180 | Loss: 5.5036
MAE/RMSE/ACC: Current Valid: 3.17/3.99/11.37 Ep. 18 | Best Valid: 3.00/3.75/11.37 | Ep. 16
Time elapsed: 23.50 min
Epoch: 019/200 | Batch 0000/0180 | Loss: 5.2541
Epoch: 019/200 | Batch 0050/0180 | Loss: 5.1950
Epoch: 019/200 | Batch 0100/0180 | Loss: 5.3677
Epoch: 019/200 | Batch 0150/0180 | Loss: 5.6430
MAE/RMSE/ACC: Current Valid: 3.08/3.88/11.37 Ep. 19 | Best Valid: 3.00/3.75/11.37 | Ep. 16
Time elapsed: 24.81 min
Epoch: 020/200 | Batch 0000/0180 | Loss: 5.0786
Epoch: 020/200 | Batch 0050/0180 | Loss: 5.0003
Epoch: 020/200 | Batch 0100/0180 | Loss: 5.4926
Epoch: 020/200 | Batch 0150/0180 | Loss: 5.3984
MAE/RMSE/ACC: Current Valid: 3.06/3.85/11.37 Ep. 20 | Best Valid: 3.00/3.75/11.37 | Ep. 16
Time elapsed: 26.12 min
Epoch: 021/200 | Batch 0000/0180 | Loss: 5.3220
Epoch: 021/200 | Batch 0050/0180 | Loss: 5.1850
Epoch: 021/200 | Batch 0100/0180 | Loss: 5.4211
Epoch: 021/200 | Batch 0150/0180 | Loss: 5.2343
MAE/RMSE/ACC: Current Valid: 3.11/3.92/11.37 Ep. 21 | Best Valid: 3.00/3.75/11.37 | Ep. 16
Time elapsed: 27.42 min
Epoch: 022/200 | Batch 0000/0180 | Loss: 4.7488
Epoch: 022/200 | Batch 0050/0180 | Loss: 4.8316
Epoch: 022/200 | Batch 0100/0180 | Loss: 5.1373
Epoch: 022/200 | Batch 0150/0180 | Loss: 5.0712
MAE/RMSE/ACC: Current Valid: 3.11/3.92/11.37 Ep. 22 | Best Valid: 3.00/3.75/11.37 | Ep. 16
Time elapsed: 28.73 min
Epoch: 023/200 | Batch 0000/0180 | Loss: 4.8311
Epoch: 023/200 | Batch 0050/0180 | Loss: 4.8230
Epoch: 023/200 | Batch 0100/0180 | Loss: 4.7302
Epoch: 023/200 | Batch 0150/0180 | Loss: 4.9983
MAE/RMSE/ACC: Current Valid: 3.06/3.85/11.37 Ep. 23 | Best Valid: 3.00/3.75/11.37 | Ep. 16
Time elapsed: 30.04 min
Epoch: 024/200 | Batch 0000/0180 | Loss: 4.7099
Epoch: 024/200 | Batch 0050/0180 | Loss: 4.7045
Epoch: 024/200 | Batch 0100/0180 | Loss: 4.5342
Epoch: 024/200 | Batch 0150/0180 | Loss: 4.9496
MAE/RMSE/ACC: Current Valid: 3.21/4.06/11.37 Ep. 24 | Best Valid: 3.00/3.75/11.37 | Ep. 16
Time elapsed: 31.35 min
Epoch: 025/200 | Batch 0000/0180 | Loss: 4.3759
Epoch: 025/200 | Batch 0050/0180 | Loss: 4.6950
Epoch: 025/200 | Batch 0100/0180 | Loss: 4.5641
Epoch: 025/200 | Batch 0150/0180 | Loss: 4.7430
MAE/RMSE/ACC: Current Valid: 3.19/4.04/11.37 Ep. 25 | Best Valid: 3.00/3.75/11.37 | Ep. 16
Time elapsed: 32.65 min
Epoch: 026/200 | Batch 0000/0180 | Loss: 4.3421
Epoch: 026/200 | Batch 0050/0180 | Loss: 4.6004
Epoch: 026/200 | Batch 0100/0180 | Loss: 4.4925
Epoch: 026/200 | Batch 0150/0180 | Loss: 4.4715
MAE/RMSE/ACC: Current Valid: 3.17/4.04/11.37 Ep. 26 | Best Valid: 3.00/3.75/11.37 | Ep. 16
Time elapsed: 33.96 min
Epoch: 027/200 | Batch 0000/0180 | Loss: 4.2055
Epoch: 027/200 | Batch 0050/0180 | Loss: 4.6057
Epoch: 027/200 | Batch 0100/0180 | Loss: 4.2746
Epoch: 027/200 | Batch 0150/0180 | Loss: 4.0721
MAE/RMSE/ACC: Current Valid: 3.08/3.86/11.37 Ep. 27 | Best Valid: 3.00/3.75/11.37 | Ep. 16
Time elapsed: 35.27 min
Epoch: 028/200 | Batch 0000/0180 | Loss: 4.4183
Epoch: 028/200 | Batch 0050/0180 | Loss: 4.0573
Epoch: 028/200 | Batch 0100/0180 | Loss: 4.3291
Epoch: 028/200 | Batch 0150/0180 | Loss: 4.3893
MAE/RMSE/ACC: Current Valid: 3.17/4.01/11.37 Ep. 28 | Best Valid: 3.00/3.75/11.37 | Ep. 16
Time elapsed: 36.58 min
Epoch: 029/200 | Batch 0000/0180 | Loss: 4.1484
Epoch: 029/200 | Batch 0050/0180 | Loss: 4.0895
Epoch: 029/200 | Batch 0100/0180 | Loss: 4.0585
Epoch: 029/200 | Batch 0150/0180 | Loss: 4.1961
MAE/RMSE/ACC: Current Valid: 3.17/4.04/11.37 Ep. 29 | Best Valid: 3.00/3.75/11.37 | Ep. 16
Time elapsed: 37.89 min
Epoch: 030/200 | Batch 0000/0180 | Loss: 4.0348
Epoch: 030/200 | Batch 0050/0180 | Loss: 4.0484
Epoch: 030/200 | Batch 0100/0180 | Loss: 3.6972
Epoch: 030/200 | Batch 0150/0180 | Loss: 3.8911
MAE/RMSE/ACC: Current Valid: 3.10/3.92/11.37 Ep. 30 | Best Valid: 3.00/3.75/11.37 | Ep. 16
Time elapsed: 39.20 min
Epoch: 031/200 | Batch 0000/0180 | Loss: 3.7727
Epoch: 031/200 | Batch 0050/0180 | Loss: 3.9694
Epoch: 031/200 | Batch 0100/0180 | Loss: 3.9270
Epoch: 031/200 | Batch 0150/0180 | Loss: 4.1019
MAE/RMSE/ACC: Current Valid: 3.18/4.03/11.37 Ep. 31 | Best Valid: 3.00/3.75/11.37 | Ep. 16
Time elapsed: 40.50 min
Epoch: 032/200 | Batch 0000/0180 | Loss: 3.7062
Epoch: 032/200 | Batch 0050/0180 | Loss: 3.7157
Epoch: 032/200 | Batch 0100/0180 | Loss: 3.9404
Epoch: 032/200 | Batch 0150/0180 | Loss: 3.9294
MAE/RMSE/ACC: Current Valid: 3.11/3.94/11.37 Ep. 32 | Best Valid: 3.00/3.75/11.37 | Ep. 16
Time elapsed: 41.81 min
Epoch: 033/200 | Batch 0000/0180 | Loss: 3.5511
Epoch: 033/200 | Batch 0050/0180 | Loss: 3.6191
Epoch: 033/200 | Batch 0100/0180 | Loss: 3.8434
Epoch: 033/200 | Batch 0150/0180 | Loss: 3.8086
MAE/RMSE/ACC: Current Valid: 3.06/3.87/11.37 Ep. 33 | Best Valid: 3.00/3.75/11.37 | Ep. 16
Time elapsed: 43.12 min
Epoch: 034/200 | Batch 0000/0180 | Loss: 3.6654
Epoch: 034/200 | Batch 0050/0180 | Loss: 3.8983
Epoch: 034/200 | Batch 0100/0180 | Loss: 3.6746
Epoch: 034/200 | Batch 0150/0180 | Loss: 3.6899
MAE/RMSE/ACC: Current Valid: 3.14/3.97/11.37 Ep. 34 | Best Valid: 3.00/3.75/11.37 | Ep. 16
Time elapsed: 44.43 min
Epoch: 035/200 | Batch 0000/0180 | Loss: 3.5425
Epoch: 035/200 | Batch 0050/0180 | Loss: 3.5427
Epoch: 035/200 | Batch 0100/0180 | Loss: 3.8467
Epoch: 035/200 | Batch 0150/0180 | Loss: 3.5307
MAE/RMSE/ACC: Current Valid: 3.09/3.93/11.37 Ep. 35 | Best Valid: 3.00/3.75/11.37 | Ep. 16
Time elapsed: 45.74 min
Epoch: 036/200 | Batch 0000/0180 | Loss: 3.5053
Epoch: 036/200 | Batch 0050/0180 | Loss: 3.4746
Epoch: 036/200 | Batch 0100/0180 | Loss: 3.4370
Epoch: 036/200 | Batch 0150/0180 | Loss: 3.7080
MAE/RMSE/ACC: Current Valid: 3.11/3.93/11.37 Ep. 36 | Best Valid: 3.00/3.75/11.37 | Ep. 16
Time elapsed: 47.05 min
Epoch: 037/200 | Batch 0000/0180 | Loss: 3.3793
Epoch: 037/200 | Batch 0050/0180 | Loss: 3.3281
Epoch: 037/200 | Batch 0100/0180 | Loss: 3.5193
Epoch: 037/200 | Batch 0150/0180 | Loss: 3.4583
MAE/RMSE/ACC: Current Valid: 3.09/3.91/11.37 Ep. 37 | Best Valid: 3.00/3.75/11.37 | Ep. 16
Time elapsed: 48.35 min
Epoch: 038/200 | Batch 0000/0180 | Loss: 3.4664
Epoch: 038/200 | Batch 0050/0180 | Loss: 3.4284
Epoch: 038/200 | Batch 0100/0180 | Loss: 3.6525
Epoch: 038/200 | Batch 0150/0180 | Loss: 3.3996
MAE/RMSE/ACC: Current Valid: 3.13/3.96/11.37 Ep. 38 | Best Valid: 3.00/3.75/11.37 | Ep. 16
Time elapsed: 49.66 min
Epoch: 039/200 | Batch 0000/0180 | Loss: 3.6464
Epoch: 039/200 | Batch 0050/0180 | Loss: 3.2170
Epoch: 039/200 | Batch 0100/0180 | Loss: 3.3642
Epoch: 039/200 | Batch 0150/0180 | Loss: 3.3675
MAE/RMSE/ACC: Current Valid: 3.09/3.90/11.37 Ep. 39 | Best Valid: 3.00/3.75/11.37 | Ep. 16
Time elapsed: 50.97 min
Epoch: 040/200 | Batch 0000/0180 | Loss: 3.3603
Epoch: 040/200 | Batch 0050/0180 | Loss: 3.1099
Epoch: 040/200 | Batch 0100/0180 | Loss: 3.5310
Epoch: 040/200 | Batch 0150/0180 | Loss: 3.3781
MAE/RMSE/ACC: Current Valid: 3.10/3.90/11.37 Ep. 40 | Best Valid: 3.00/3.75/11.37 | Ep. 16
Time elapsed: 52.28 min
Epoch: 041/200 | Batch 0000/0180 | Loss: 3.0392
Epoch: 041/200 | Batch 0050/0180 | Loss: 3.2562
Epoch: 041/200 | Batch 0100/0180 | Loss: 3.1488
Epoch: 041/200 | Batch 0150/0180 | Loss: 3.2119
MAE/RMSE/ACC: Current Valid: 3.09/3.92/11.37 Ep. 41 | Best Valid: 3.00/3.75/11.37 | Ep. 16
Time elapsed: 53.59 min
Epoch: 042/200 | Batch 0000/0180 | Loss: 2.8496
Epoch: 042/200 | Batch 0050/0180 | Loss: 3.0571
Epoch: 042/200 | Batch 0100/0180 | Loss: 3.0724
Epoch: 042/200 | Batch 0150/0180 | Loss: 3.1368
MAE/RMSE/ACC: Current Valid: 3.08/3.86/11.37 Ep. 42 | Best Valid: 3.00/3.75/11.37 | Ep. 16
Time elapsed: 54.90 min
Epoch: 043/200 | Batch 0000/0180 | Loss: 3.1730
Epoch: 043/200 | Batch 0050/0180 | Loss: 2.9893
Epoch: 043/200 | Batch 0100/0180 | Loss: 3.1463
Epoch: 043/200 | Batch 0150/0180 | Loss: 2.9073
MAE/RMSE/ACC: Current Valid: 3.07/3.88/11.37 Ep. 43 | Best Valid: 3.00/3.75/11.37 | Ep. 16
Time elapsed: 56.21 min
Epoch: 044/200 | Batch 0000/0180 | Loss: 2.8782
Epoch: 044/200 | Batch 0050/0180 | Loss: 2.9795
Epoch: 044/200 | Batch 0100/0180 | Loss: 3.0230
Epoch: 044/200 | Batch 0150/0180 | Loss: 3.2239
MAE/RMSE/ACC: Current Valid: 3.12/3.95/11.37 Ep. 44 | Best Valid: 3.00/3.75/11.37 | Ep. 16
Time elapsed: 57.51 min
Epoch: 045/200 | Batch 0000/0180 | Loss: 2.8029
Epoch: 045/200 | Batch 0050/0180 | Loss: 2.8674
Epoch: 045/200 | Batch 0100/0180 | Loss: 2.8928
Epoch: 045/200 | Batch 0150/0180 | Loss: 2.9280
MAE/RMSE/ACC: Current Valid: 3.08/3.87/11.37 Ep. 45 | Best Valid: 3.00/3.75/11.37 | Ep. 16
Time elapsed: 58.82 min
Epoch: 046/200 | Batch 0000/0180 | Loss: 2.7848
Epoch: 046/200 | Batch 0050/0180 | Loss: 2.9729
Epoch: 046/200 | Batch 0100/0180 | Loss: 3.0310
Epoch: 046/200 | Batch 0150/0180 | Loss: 3.1590
MAE/RMSE/ACC: Current Valid: 3.09/3.89/11.37 Ep. 46 | Best Valid: 3.00/3.75/11.37 | Ep. 16
Time elapsed: 60.13 min
Epoch: 047/200 | Batch 0000/0180 | Loss: 2.8359
Epoch: 047/200 | Batch 0050/0180 | Loss: 2.9298
Epoch: 047/200 | Batch 0100/0180 | Loss: 2.7199
Epoch: 047/200 | Batch 0150/0180 | Loss: 2.7906
MAE/RMSE/ACC: Current Valid: 3.10/3.88/11.37 Ep. 47 | Best Valid: 3.00/3.75/11.37 | Ep. 16
Time elapsed: 61.43 min
Epoch: 048/200 | Batch 0000/0180 | Loss: 2.7631
Epoch: 048/200 | Batch 0050/0180 | Loss: 2.7493
Epoch: 048/200 | Batch 0100/0180 | Loss: 2.9491
Epoch: 048/200 | Batch 0150/0180 | Loss: 2.8766
MAE/RMSE/ACC: Current Valid: 3.10/3.91/11.37 Ep. 48 | Best Valid: 3.00/3.75/11.37 | Ep. 16
Time elapsed: 62.74 min
Epoch: 049/200 | Batch 0000/0180 | Loss: 2.6182
Epoch: 049/200 | Batch 0050/0180 | Loss: 2.7101
Epoch: 049/200 | Batch 0100/0180 | Loss: 2.6986
Epoch: 049/200 | Batch 0150/0180 | Loss: 2.7817
MAE/RMSE/ACC: Current Valid: 3.09/3.91/11.37 Ep. 49 | Best Valid: 3.00/3.75/11.37 | Ep. 16
Time elapsed: 64.05 min
Epoch: 050/200 | Batch 0000/0180 | Loss: 2.6522
Epoch: 050/200 | Batch 0050/0180 | Loss: 2.7227
Epoch: 050/200 | Batch 0100/0180 | Loss: 2.5863
Epoch: 050/200 | Batch 0150/0180 | Loss: 2.9322
MAE/RMSE/ACC: Current Valid: 3.09/3.88/11.37 Ep. 50 | Best Valid: 3.00/3.75/11.37 | Ep. 16
Time elapsed: 65.36 min
Epoch: 051/200 | Batch 0000/0180 | Loss: 2.8578
Epoch: 051/200 | Batch 0050/0180 | Loss: 2.7915
Epoch: 051/200 | Batch 0100/0180 | Loss: 2.4295
Epoch: 051/200 | Batch 0150/0180 | Loss: 2.5651
MAE/RMSE/ACC: Current Valid: 3.05/3.84/11.37 Ep. 51 | Best Valid: 3.00/3.75/11.37 | Ep. 16
Time elapsed: 66.67 min
Epoch: 052/200 | Batch 0000/0180 | Loss: 2.6706
Epoch: 052/200 | Batch 0050/0180 | Loss: 2.7440
Epoch: 052/200 | Batch 0100/0180 | Loss: 2.5644
Epoch: 052/200 | Batch 0150/0180 | Loss: 2.5021
MAE/RMSE/ACC: Current Valid: 3.03/3.82/11.37 Ep. 52 | Best Valid: 3.00/3.75/11.37 | Ep. 16
Time elapsed: 67.97 min
Epoch: 053/200 | Batch 0000/0180 | Loss: 2.3535
Epoch: 053/200 | Batch 0050/0180 | Loss: 2.4709
Epoch: 053/200 | Batch 0100/0180 | Loss: 2.4523
Epoch: 053/200 | Batch 0150/0180 | Loss: 2.3457
MAE/RMSE/ACC: Current Valid: 3.07/3.87/11.37 Ep. 53 | Best Valid: 3.00/3.75/11.37 | Ep. 16
Time elapsed: 69.27 min
Epoch: 054/200 | Batch 0000/0180 | Loss: 2.7185
Epoch: 054/200 | Batch 0050/0180 | Loss: 2.3035
Epoch: 054/200 | Batch 0100/0180 | Loss: 2.4082
Epoch: 054/200 | Batch 0150/0180 | Loss: 2.6357
MAE/RMSE/ACC: Current Valid: 3.03/3.82/11.37 Ep. 54 | Best Valid: 3.00/3.75/11.37 | Ep. 16
Time elapsed: 70.57 min
Epoch: 055/200 | Batch 0000/0180 | Loss: 2.5326
Epoch: 055/200 | Batch 0050/0180 | Loss: 2.3691
Epoch: 055/200 | Batch 0100/0180 | Loss: 2.3838
Epoch: 055/200 | Batch 0150/0180 | Loss: 2.5387
MAE/RMSE/ACC: Current Valid: 3.05/3.87/11.37 Ep. 55 | Best Valid: 3.00/3.75/11.37 | Ep. 16
Time elapsed: 71.86 min
Epoch: 056/200 | Batch 0000/0180 | Loss: 2.3032
Epoch: 056/200 | Batch 0050/0180 | Loss: 2.3582
Epoch: 056/200 | Batch 0100/0180 | Loss: 2.3801
Epoch: 056/200 | Batch 0150/0180 | Loss: 2.3317
MAE/RMSE/ACC: Current Valid: 3.03/3.82/11.37 Ep. 56 | Best Valid: 3.00/3.75/11.37 | Ep. 16
Time elapsed: 73.16 min
Epoch: 057/200 | Batch 0000/0180 | Loss: 2.3887
Epoch: 057/200 | Batch 0050/0180 | Loss: 2.4728
Epoch: 057/200 | Batch 0100/0180 | Loss: 2.1591
Epoch: 057/200 | Batch 0150/0180 | Loss: 2.5347
MAE/RMSE/ACC: Current Valid: 2.99/3.79/11.37 Ep. 57 | Best Valid: 3.00/3.75/11.37 | Ep. 16
Time elapsed: 74.45 min
Epoch: 058/200 | Batch 0000/0180 | Loss: 2.1839
Epoch: 058/200 | Batch 0050/0180 | Loss: 2.0835
Epoch: 058/200 | Batch 0100/0180 | Loss: 2.4755
Epoch: 058/200 | Batch 0150/0180 | Loss: 2.3998
MAE/RMSE/ACC: Current Valid: 3.02/3.78/11.37 Ep. 58 | Best Valid: 3.00/3.75/11.37 | Ep. 16
Time elapsed: 75.75 min
Epoch: 059/200 | Batch 0000/0180 | Loss: 2.4156
Epoch: 059/200 | Batch 0050/0180 | Loss: 2.2201
Epoch: 059/200 | Batch 0100/0180 | Loss: 2.2686
Epoch: 059/200 | Batch 0150/0180 | Loss: 2.5101
MAE/RMSE/ACC: Current Valid: 3.05/3.84/11.37 Ep. 59 | Best Valid: 3.00/3.75/11.37 | Ep. 16
Time elapsed: 77.05 min
Epoch: 060/200 | Batch 0000/0180 | Loss: 2.1103
Epoch: 060/200 | Batch 0050/0180 | Loss: 2.4827
Epoch: 060/200 | Batch 0100/0180 | Loss: 2.2709
Epoch: 060/200 | Batch 0150/0180 | Loss: 2.3045
MAE/RMSE/ACC: Current Valid: 3.02/3.80/11.37 Ep. 60 | Best Valid: 3.00/3.75/11.37 | Ep. 16
Time elapsed: 78.35 min
Epoch: 061/200 | Batch 0000/0180 | Loss: 2.1565
Epoch: 061/200 | Batch 0050/0180 | Loss: 2.0229
Epoch: 061/200 | Batch 0100/0180 | Loss: 2.0315
Epoch: 061/200 | Batch 0150/0180 | Loss: 2.1068
MAE/RMSE/ACC: Current Valid: 3.04/3.85/11.37 Ep. 61 | Best Valid: 3.00/3.75/11.37 | Ep. 16
Time elapsed: 79.65 min
Epoch: 062/200 | Batch 0000/0180 | Loss: 2.1079
Epoch: 062/200 | Batch 0050/0180 | Loss: 2.2806
Epoch: 062/200 | Batch 0100/0180 | Loss: 2.2700
Epoch: 062/200 | Batch 0150/0180 | Loss: 2.0482
MAE/RMSE/ACC: Current Valid: 3.04/3.83/11.37 Ep. 62 | Best Valid: 3.00/3.75/11.37 | Ep. 16
Time elapsed: 80.95 min
Epoch: 063/200 | Batch 0000/0180 | Loss: 2.1409
Epoch: 063/200 | Batch 0050/0180 | Loss: 2.0437
Epoch: 063/200 | Batch 0100/0180 | Loss: 2.0470
Epoch: 063/200 | Batch 0150/0180 | Loss: 2.3176
MAE/RMSE/ACC: Current Valid: 2.99/3.77/11.37 Ep. 63 | Best Valid: 3.00/3.75/11.37 | Ep. 16
Time elapsed: 82.25 min
Epoch: 064/200 | Batch 0000/0180 | Loss: 2.2532
Epoch: 064/200 | Batch 0050/0180 | Loss: 2.1104
Epoch: 064/200 | Batch 0100/0180 | Loss: 2.0824
Epoch: 064/200 | Batch 0150/0180 | Loss: 2.1768
MAE/RMSE/ACC: Current Valid: 3.02/3.81/11.37 Ep. 64 | Best Valid: 3.00/3.75/11.37 | Ep. 16
Time elapsed: 83.54 min
Epoch: 065/200 | Batch 0000/0180 | Loss: 1.9672
Epoch: 065/200 | Batch 0050/0180 | Loss: 2.0895
Epoch: 065/200 | Batch 0100/0180 | Loss: 2.1179
Epoch: 065/200 | Batch 0150/0180 | Loss: 2.2804
MAE/RMSE/ACC: Current Valid: 3.00/3.78/11.37 Ep. 65 | Best Valid: 3.00/3.75/11.37 | Ep. 16
Time elapsed: 84.83 min
Epoch: 066/200 | Batch 0000/0180 | Loss: 1.9616
Epoch: 066/200 | Batch 0050/0180 | Loss: 2.0197
Epoch: 066/200 | Batch 0100/0180 | Loss: 2.2227
Epoch: 066/200 | Batch 0150/0180 | Loss: 1.8949
MAE/RMSE/ACC: Current Valid: 3.01/3.79/11.37 Ep. 66 | Best Valid: 3.00/3.75/11.37 | Ep. 16
Time elapsed: 86.13 min
Epoch: 067/200 | Batch 0000/0180 | Loss: 1.7777
Epoch: 067/200 | Batch 0050/0180 | Loss: 1.8122
Epoch: 067/200 | Batch 0100/0180 | Loss: 2.1526
Epoch: 067/200 | Batch 0150/0180 | Loss: 2.0316
MAE/RMSE/ACC: Current Valid: 2.99/3.77/11.37 Ep. 67 | Best Valid: 3.00/3.75/11.37 | Ep. 16
Time elapsed: 87.42 min
Epoch: 068/200 | Batch 0000/0180 | Loss: 1.9241
Epoch: 068/200 | Batch 0050/0180 | Loss: 1.8843
Epoch: 068/200 | Batch 0100/0180 | Loss: 2.0362
Epoch: 068/200 | Batch 0150/0180 | Loss: 1.9527
MAE/RMSE/ACC: Current Valid: 3.00/3.79/11.37 Ep. 68 | Best Valid: 3.00/3.75/11.37 | Ep. 16
Time elapsed: 88.72 min
Epoch: 069/200 | Batch 0000/0180 | Loss: 2.1354
Epoch: 069/200 | Batch 0050/0180 | Loss: 2.0885
Epoch: 069/200 | Batch 0100/0180 | Loss: 1.9089
Epoch: 069/200 | Batch 0150/0180 | Loss: 1.9653
MAE/RMSE/ACC: Current Valid: 3.05/3.87/11.37 Ep. 69 | Best Valid: 3.00/3.75/11.37 | Ep. 16
Time elapsed: 90.01 min
Epoch: 070/200 | Batch 0000/0180 | Loss: 1.9010
Epoch: 070/200 | Batch 0050/0180 | Loss: 1.9621
Epoch: 070/200 | Batch 0100/0180 | Loss: 1.8429
Epoch: 070/200 | Batch 0150/0180 | Loss: 1.9192
MAE/RMSE/ACC: Current Valid: 3.05/3.86/11.37 Ep. 70 | Best Valid: 3.00/3.75/11.37 | Ep. 16
Time elapsed: 91.31 min
Epoch: 071/200 | Batch 0000/0180 | Loss: 2.0246
Epoch: 071/200 | Batch 0050/0180 | Loss: 1.9693
Epoch: 071/200 | Batch 0100/0180 | Loss: 1.9908
Epoch: 071/200 | Batch 0150/0180 | Loss: 1.8216
MAE/RMSE/ACC: Current Valid: 3.05/3.85/11.37 Ep. 71 | Best Valid: 3.00/3.75/11.37 | Ep. 16
Time elapsed: 92.60 min
Epoch: 072/200 | Batch 0000/0180 | Loss: 1.9667
Epoch: 072/200 | Batch 0050/0180 | Loss: 2.0300
Epoch: 072/200 | Batch 0100/0180 | Loss: 1.9803
Epoch: 072/200 | Batch 0150/0180 | Loss: 1.9011
MAE/RMSE/ACC: Current Valid: 3.01/3.81/11.37 Ep. 72 | Best Valid: 3.00/3.75/11.37 | Ep. 16
Time elapsed: 93.90 min
Epoch: 073/200 | Batch 0000/0180 | Loss: 1.8662
Epoch: 073/200 | Batch 0050/0180 | Loss: 1.8182
Epoch: 073/200 | Batch 0100/0180 | Loss: 1.7269
Epoch: 073/200 | Batch 0150/0180 | Loss: 1.8313
MAE/RMSE/ACC: Current Valid: 3.05/3.86/11.37 Ep. 73 | Best Valid: 3.00/3.75/11.37 | Ep. 16
Time elapsed: 95.20 min
Epoch: 074/200 | Batch 0000/0180 | Loss: 1.8190
Epoch: 074/200 | Batch 0050/0180 | Loss: 1.9257
Epoch: 074/200 | Batch 0100/0180 | Loss: 1.7461
Epoch: 074/200 | Batch 0150/0180 | Loss: 1.8675
MAE/RMSE/ACC: Current Valid: 3.02/3.80/11.37 Ep. 74 | Best Valid: 3.00/3.75/11.37 | Ep. 16
Time elapsed: 96.49 min
Epoch: 075/200 | Batch 0000/0180 | Loss: 1.7878
Epoch: 075/200 | Batch 0050/0180 | Loss: 1.8389
Epoch: 075/200 | Batch 0100/0180 | Loss: 1.6547
Epoch: 075/200 | Batch 0150/0180 | Loss: 1.7329
MAE/RMSE/ACC: Current Valid: 2.99/3.80/11.37 Ep. 75 | Best Valid: 3.00/3.75/11.37 | Ep. 16
Time elapsed: 97.79 min
Epoch: 076/200 | Batch 0000/0180 | Loss: 1.6144
Epoch: 076/200 | Batch 0050/0180 | Loss: 1.7150
Epoch: 076/200 | Batch 0100/0180 | Loss: 1.7964
Epoch: 076/200 | Batch 0150/0180 | Loss: 1.7680
MAE/RMSE/ACC: Current Valid: 3.01/3.82/11.37 Ep. 76 | Best Valid: 3.00/3.75/11.37 | Ep. 16
Time elapsed: 99.09 min
Epoch: 077/200 | Batch 0000/0180 | Loss: 1.7430
Epoch: 077/200 | Batch 0050/0180 | Loss: 1.8641
Epoch: 077/200 | Batch 0100/0180 | Loss: 1.9284
Epoch: 077/200 | Batch 0150/0180 | Loss: 1.8752
MAE/RMSE/ACC: Current Valid: 3.05/3.86/11.37 Ep. 77 | Best Valid: 3.00/3.75/11.37 | Ep. 16
Time elapsed: 100.38 min
Epoch: 078/200 | Batch 0000/0180 | Loss: 1.7744
Epoch: 078/200 | Batch 0050/0180 | Loss: 1.9093
Epoch: 078/200 | Batch 0100/0180 | Loss: 1.7754
Epoch: 078/200 | Batch 0150/0180 | Loss: 1.7472
MAE/RMSE/ACC: Current Valid: 3.03/3.83/11.37 Ep. 78 | Best Valid: 3.00/3.75/11.37 | Ep. 16
Time elapsed: 101.68 min
Epoch: 079/200 | Batch 0000/0180 | Loss: 1.7728
Epoch: 079/200 | Batch 0050/0180 | Loss: 1.9613
Epoch: 079/200 | Batch 0100/0180 | Loss: 1.6671
Epoch: 079/200 | Batch 0150/0180 | Loss: 1.5960
MAE/RMSE/ACC: Current Valid: 3.02/3.82/11.37 Ep. 79 | Best Valid: 3.00/3.75/11.37 | Ep. 16
Time elapsed: 102.98 min
Epoch: 080/200 | Batch 0000/0180 | Loss: 1.6894
Epoch: 080/200 | Batch 0050/0180 | Loss: 1.7579
Epoch: 080/200 | Batch 0100/0180 | Loss: 1.8158
Epoch: 080/200 | Batch 0150/0180 | Loss: 1.9013
MAE/RMSE/ACC: Current Valid: 3.03/3.86/11.37 Ep. 80 | Best Valid: 3.00/3.75/11.37 | Ep. 16
Time elapsed: 104.27 min
Epoch: 081/200 | Batch 0000/0180 | Loss: 1.6220
Epoch: 081/200 | Batch 0050/0180 | Loss: 1.6302
Epoch: 081/200 | Batch 0100/0180 | Loss: 1.6929
Epoch: 081/200 | Batch 0150/0180 | Loss: 1.6718
MAE/RMSE/ACC: Current Valid: 3.02/3.83/11.37 Ep. 81 | Best Valid: 3.00/3.75/11.37 | Ep. 16
Time elapsed: 105.57 min
Epoch: 082/200 | Batch 0000/0180 | Loss: 1.6280
Epoch: 082/200 | Batch 0050/0180 | Loss: 1.5836
Epoch: 082/200 | Batch 0100/0180 | Loss: 1.6339
Epoch: 082/200 | Batch 0150/0180 | Loss: 1.8987
MAE/RMSE/ACC: Current Valid: 3.08/3.90/11.37 Ep. 82 | Best Valid: 3.00/3.75/11.37 | Ep. 16
Time elapsed: 106.87 min
Epoch: 083/200 | Batch 0000/0180 | Loss: 1.7545
Epoch: 083/200 | Batch 0050/0180 | Loss: 1.8322
Epoch: 083/200 | Batch 0100/0180 | Loss: 1.9964
Epoch: 083/200 | Batch 0150/0180 | Loss: 1.6994
MAE/RMSE/ACC: Current Valid: 3.06/3.89/11.37 Ep. 83 | Best Valid: 3.00/3.75/11.37 | Ep. 16
Time elapsed: 108.16 min
Epoch: 084/200 | Batch 0000/0180 | Loss: 2.0128
Epoch: 084/200 | Batch 0050/0180 | Loss: 1.9293
Epoch: 084/200 | Batch 0100/0180 | Loss: 1.8165
Epoch: 084/200 | Batch 0150/0180 | Loss: 1.8249
MAE/RMSE/ACC: Current Valid: 3.03/3.84/11.37 Ep. 84 | Best Valid: 3.00/3.75/11.37 | Ep. 16
Time elapsed: 109.46 min
Epoch: 085/200 | Batch 0000/0180 | Loss: 1.6077
Epoch: 085/200 | Batch 0050/0180 | Loss: 1.6687
Epoch: 085/200 | Batch 0100/0180 | Loss: 1.7031
Epoch: 085/200 | Batch 0150/0180 | Loss: 1.7024
MAE/RMSE/ACC: Current Valid: 3.03/3.83/11.37 Ep. 85 | Best Valid: 3.00/3.75/11.37 | Ep. 16
Time elapsed: 110.76 min
Epoch: 086/200 | Batch 0000/0180 | Loss: 1.7394
Epoch: 086/200 | Batch 0050/0180 | Loss: 1.5995
Epoch: 086/200 | Batch 0100/0180 | Loss: 1.6582
Epoch: 086/200 | Batch 0150/0180 | Loss: 1.7721
MAE/RMSE/ACC: Current Valid: 3.02/3.83/11.37 Ep. 86 | Best Valid: 3.00/3.75/11.37 | Ep. 16
Time elapsed: 112.05 min
Epoch: 087/200 | Batch 0000/0180 | Loss: 1.5077
Epoch: 087/200 | Batch 0050/0180 | Loss: 1.6069
Epoch: 087/200 | Batch 0100/0180 | Loss: 1.5963
Epoch: 087/200 | Batch 0150/0180 | Loss: 1.7706
MAE/RMSE/ACC: Current Valid: 3.10/3.94/11.37 Ep. 87 | Best Valid: 3.00/3.75/11.37 | Ep. 16
Time elapsed: 113.35 min
Epoch: 088/200 | Batch 0000/0180 | Loss: 1.7216
Epoch: 088/200 | Batch 0050/0180 | Loss: 1.6953
Epoch: 088/200 | Batch 0100/0180 | Loss: 1.6477
Epoch: 088/200 | Batch 0150/0180 | Loss: 1.5994
MAE/RMSE/ACC: Current Valid: 3.02/3.83/11.37 Ep. 88 | Best Valid: 3.00/3.75/11.37 | Ep. 16
Time elapsed: 114.64 min
Epoch: 089/200 | Batch 0000/0180 | Loss: 1.5621
Epoch: 089/200 | Batch 0050/0180 | Loss: 1.4719
Epoch: 089/200 | Batch 0100/0180 | Loss: 1.6068
Epoch: 089/200 | Batch 0150/0180 | Loss: 1.6412
MAE/RMSE/ACC: Current Valid: 3.03/3.84/11.37 Ep. 89 | Best Valid: 3.00/3.75/11.37 | Ep. 16
Time elapsed: 115.94 min
Epoch: 090/200 | Batch 0000/0180 | Loss: 1.4735
Epoch: 090/200 | Batch 0050/0180 | Loss: 1.6015
Epoch: 090/200 | Batch 0100/0180 | Loss: 1.4903
Epoch: 090/200 | Batch 0150/0180 | Loss: 1.6034
MAE/RMSE/ACC: Current Valid: 3.05/3.88/11.37 Ep. 90 | Best Valid: 3.00/3.75/11.37 | Ep. 16
Time elapsed: 117.24 min
Epoch: 091/200 | Batch 0000/0180 | Loss: 1.4521
Epoch: 091/200 | Batch 0050/0180 | Loss: 1.5776
Epoch: 091/200 | Batch 0100/0180 | Loss: 1.4853
Epoch: 091/200 | Batch 0150/0180 | Loss: 1.5190
MAE/RMSE/ACC: Current Valid: 3.04/3.87/11.37 Ep. 91 | Best Valid: 3.00/3.75/11.37 | Ep. 16
Time elapsed: 118.53 min
Epoch: 092/200 | Batch 0000/0180 | Loss: 1.7387
Epoch: 092/200 | Batch 0050/0180 | Loss: 1.4970
Epoch: 092/200 | Batch 0100/0180 | Loss: 1.5406
Epoch: 092/200 | Batch 0150/0180 | Loss: 1.5158
MAE/RMSE/ACC: Current Valid: 3.02/3.82/11.37 Ep. 92 | Best Valid: 3.00/3.75/11.37 | Ep. 16
Time elapsed: 119.83 min
Epoch: 093/200 | Batch 0000/0180 | Loss: 1.5985
Epoch: 093/200 | Batch 0050/0180 | Loss: 1.7049
Epoch: 093/200 | Batch 0100/0180 | Loss: 1.6334
Epoch: 093/200 | Batch 0150/0180 | Loss: 1.6374
MAE/RMSE/ACC: Current Valid: 3.04/3.88/11.37 Ep. 93 | Best Valid: 3.00/3.75/11.37 | Ep. 16
Time elapsed: 121.14 min
Epoch: 094/200 | Batch 0000/0180 | Loss: 1.7264
Epoch: 094/200 | Batch 0050/0180 | Loss: 1.5913
Epoch: 094/200 | Batch 0100/0180 | Loss: 1.7643
Epoch: 094/200 | Batch 0150/0180 | Loss: 1.7628
MAE/RMSE/ACC: Current Valid: 3.05/3.88/11.37 Ep. 94 | Best Valid: 3.00/3.75/11.37 | Ep. 16
Time elapsed: 122.45 min
Epoch: 095/200 | Batch 0000/0180 | Loss: 1.6654
Epoch: 095/200 | Batch 0050/0180 | Loss: 1.6704
Epoch: 095/200 | Batch 0100/0180 | Loss: 1.5133
Epoch: 095/200 | Batch 0150/0180 | Loss: 1.7086
MAE/RMSE/ACC: Current Valid: 3.03/3.85/11.37 Ep. 95 | Best Valid: 3.00/3.75/11.37 | Ep. 16
Time elapsed: 123.74 min
Epoch: 096/200 | Batch 0000/0180 | Loss: 1.4631
Epoch: 096/200 | Batch 0050/0180 | Loss: 1.6047
Epoch: 096/200 | Batch 0100/0180 | Loss: 1.5936
Epoch: 096/200 | Batch 0150/0180 | Loss: 1.6311
MAE/RMSE/ACC: Current Valid: 3.06/3.88/11.37 Ep. 96 | Best Valid: 3.00/3.75/11.37 | Ep. 16
Time elapsed: 125.04 min
Epoch: 097/200 | Batch 0000/0180 | Loss: 1.7394
Epoch: 097/200 | Batch 0050/0180 | Loss: 1.3644
Epoch: 097/200 | Batch 0100/0180 | Loss: 1.5787
Epoch: 097/200 | Batch 0150/0180 | Loss: 1.6019
MAE/RMSE/ACC: Current Valid: 3.03/3.85/11.37 Ep. 97 | Best Valid: 3.00/3.75/11.37 | Ep. 16
Time elapsed: 126.34 min
Epoch: 098/200 | Batch 0000/0180 | Loss: 1.3411
Epoch: 098/200 | Batch 0050/0180 | Loss: 1.4346
Epoch: 098/200 | Batch 0100/0180 | Loss: 1.5600
Epoch: 098/200 | Batch 0150/0180 | Loss: 1.5106
MAE/RMSE/ACC: Current Valid: 3.03/3.84/11.37 Ep. 98 | Best Valid: 3.00/3.75/11.37 | Ep. 16
Time elapsed: 127.65 min
Epoch: 099/200 | Batch 0000/0180 | Loss: 1.4184
Epoch: 099/200 | Batch 0050/0180 | Loss: 1.5426
Epoch: 099/200 | Batch 0100/0180 | Loss: 1.4852
Epoch: 099/200 | Batch 0150/0180 | Loss: 1.4965
MAE/RMSE/ACC: Current Valid: 3.07/3.92/11.37 Ep. 99 | Best Valid: 3.00/3.75/11.37 | Ep. 16
Time elapsed: 128.94 min
Epoch: 100/200 | Batch 0000/0180 | Loss: 1.6552
Epoch: 100/200 | Batch 0050/0180 | Loss: 1.4531
Epoch: 100/200 | Batch 0100/0180 | Loss: 1.8435
Epoch: 100/200 | Batch 0150/0180 | Loss: 1.9461
MAE/RMSE/ACC: Current Valid: 3.07/3.89/11.37 Ep. 100 | Best Valid: 3.00/3.75/11.37 | Ep. 16
Time elapsed: 130.24 min
Epoch: 101/200 | Batch 0000/0180 | Loss: 1.8598
Epoch: 101/200 | Batch 0050/0180 | Loss: 1.5818
Epoch: 101/200 | Batch 0100/0180 | Loss: 1.4878
Epoch: 101/200 | Batch 0150/0180 | Loss: 1.5229
MAE/RMSE/ACC: Current Valid: 3.04/3.86/11.37 Ep. 101 | Best Valid: 3.00/3.75/11.37 | Ep. 16
Time elapsed: 131.53 min
Epoch: 102/200 | Batch 0000/0180 | Loss: 1.4704
Epoch: 102/200 | Batch 0050/0180 | Loss: 1.4427
Epoch: 102/200 | Batch 0100/0180 | Loss: 1.6557
Epoch: 102/200 | Batch 0150/0180 | Loss: 1.9605
MAE/RMSE/ACC: Current Valid: 3.15/3.99/11.37 Ep. 102 | Best Valid: 3.00/3.75/11.37 | Ep. 16
Time elapsed: 132.83 min
Epoch: 103/200 | Batch 0000/0180 | Loss: 1.8964
Epoch: 103/200 | Batch 0050/0180 | Loss: 1.7721
Epoch: 103/200 | Batch 0100/0180 | Loss: 1.6227
Epoch: 103/200 | Batch 0150/0180 | Loss: 1.7163
MAE/RMSE/ACC: Current Valid: 3.06/3.87/11.37 Ep. 103 | Best Valid: 3.00/3.75/11.37 | Ep. 16
Time elapsed: 134.13 min
Epoch: 104/200 | Batch 0000/0180 | Loss: 1.5463
Epoch: 104/200 | Batch 0050/0180 | Loss: 1.5921
Epoch: 104/200 | Batch 0100/0180 | Loss: 1.8837
Epoch: 104/200 | Batch 0150/0180 | Loss: 1.5582
MAE/RMSE/ACC: Current Valid: 3.09/3.94/11.37 Ep. 104 | Best Valid: 3.00/3.75/11.37 | Ep. 16
Time elapsed: 135.43 min
Epoch: 105/200 | Batch 0000/0180 | Loss: 1.5995
Epoch: 105/200 | Batch 0050/0180 | Loss: 1.4877
Epoch: 105/200 | Batch 0100/0180 | Loss: 1.5340
Epoch: 105/200 | Batch 0150/0180 | Loss: 1.7713
MAE/RMSE/ACC: Current Valid: 3.08/3.92/11.37 Ep. 105 | Best Valid: 3.00/3.75/11.37 | Ep. 16
Time elapsed: 136.72 min
Epoch: 106/200 | Batch 0000/0180 | Loss: 1.7172
Epoch: 106/200 | Batch 0050/0180 | Loss: 1.6412
Epoch: 106/200 | Batch 0100/0180 | Loss: 1.4980
Epoch: 106/200 | Batch 0150/0180 | Loss: 1.6382
MAE/RMSE/ACC: Current Valid: 3.07/3.89/11.37 Ep. 106 | Best Valid: 3.00/3.75/11.37 | Ep. 16
Time elapsed: 138.02 min
Epoch: 107/200 | Batch 0000/0180 | Loss: 1.5114
Epoch: 107/200 | Batch 0050/0180 | Loss: 1.5681
Epoch: 107/200 | Batch 0100/0180 | Loss: 1.3794
Epoch: 107/200 | Batch 0150/0180 | Loss: 1.3960
MAE/RMSE/ACC: Current Valid: 3.04/3.87/11.37 Ep. 107 | Best Valid: 3.00/3.75/11.37 | Ep. 16
Time elapsed: 139.32 min
Epoch: 108/200 | Batch 0000/0180 | Loss: 1.3335
Epoch: 108/200 | Batch 0050/0180 | Loss: 1.3057
Epoch: 108/200 | Batch 0100/0180 | Loss: 1.4605
Epoch: 108/200 | Batch 0150/0180 | Loss: 1.4929
MAE/RMSE/ACC: Current Valid: 3.04/3.86/11.37 Ep. 108 | Best Valid: 3.00/3.75/11.37 | Ep. 16
Time elapsed: 140.61 min
Epoch: 109/200 | Batch 0000/0180 | Loss: 1.2091
Epoch: 109/200 | Batch 0050/0180 | Loss: 1.2614
Epoch: 109/200 | Batch 0100/0180 | Loss: 1.2696
Epoch: 109/200 | Batch 0150/0180 | Loss: 1.3903
MAE/RMSE/ACC: Current Valid: 3.07/3.91/11.37 Ep. 109 | Best Valid: 3.00/3.75/11.37 | Ep. 16
Time elapsed: 141.91 min
Epoch: 110/200 | Batch 0000/0180 | Loss: 1.2856
Epoch: 110/200 | Batch 0050/0180 | Loss: 1.5076
Epoch: 110/200 | Batch 0100/0180 | Loss: 1.5906
Epoch: 110/200 | Batch 0150/0180 | Loss: 1.6435
MAE/RMSE/ACC: Current Valid: 3.09/3.91/11.37 Ep. 110 | Best Valid: 3.00/3.75/11.37 | Ep. 16
Time elapsed: 143.21 min
Epoch: 111/200 | Batch 0000/0180 | Loss: 1.6835
Epoch: 111/200 | Batch 0050/0180 | Loss: 1.3812
Epoch: 111/200 | Batch 0100/0180 | Loss: 1.3802
Epoch: 111/200 | Batch 0150/0180 | Loss: 1.6508
MAE/RMSE/ACC: Current Valid: 3.11/3.96/11.37 Ep. 111 | Best Valid: 3.00/3.75/11.37 | Ep. 16
Time elapsed: 144.50 min
Epoch: 112/200 | Batch 0000/0180 | Loss: 1.7145
Epoch: 112/200 | Batch 0050/0180 | Loss: 1.5792
Epoch: 112/200 | Batch 0100/0180 | Loss: 1.7520
Epoch: 112/200 | Batch 0150/0180 | Loss: 1.4277
MAE/RMSE/ACC: Current Valid: 3.05/3.89/11.37 Ep. 112 | Best Valid: 3.00/3.75/11.37 | Ep. 16
Time elapsed: 145.80 min
Epoch: 113/200 | Batch 0000/0180 | Loss: 1.3165
Epoch: 113/200 | Batch 0050/0180 | Loss: 1.2536
Epoch: 113/200 | Batch 0100/0180 | Loss: 1.3236
Epoch: 113/200 | Batch 0150/0180 | Loss: 1.4830
MAE/RMSE/ACC: Current Valid: 3.05/3.89/11.37 Ep. 113 | Best Valid: 3.00/3.75/11.37 | Ep. 16
Time elapsed: 147.10 min
Epoch: 114/200 | Batch 0000/0180 | Loss: 1.4281
Epoch: 114/200 | Batch 0050/0180 | Loss: 1.2102
Epoch: 114/200 | Batch 0100/0180 | Loss: 1.2424
Epoch: 114/200 | Batch 0150/0180 | Loss: 1.2390
MAE/RMSE/ACC: Current Valid: 3.05/3.89/11.37 Ep. 114 | Best Valid: 3.00/3.75/11.37 | Ep. 16
Time elapsed: 148.40 min
Epoch: 115/200 | Batch 0000/0180 | Loss: 1.1794
Epoch: 115/200 | Batch 0050/0180 | Loss: 1.3226
Epoch: 115/200 | Batch 0100/0180 | Loss: 1.1791
Epoch: 115/200 | Batch 0150/0180 | Loss: 1.4056
MAE/RMSE/ACC: Current Valid: 3.03/3.86/11.37 Ep. 115 | Best Valid: 3.00/3.75/11.37 | Ep. 16
Time elapsed: 149.70 min
Epoch: 116/200 | Batch 0000/0180 | Loss: 1.1824
Epoch: 116/200 | Batch 0050/0180 | Loss: 1.1364
Epoch: 116/200 | Batch 0100/0180 | Loss: 1.4111
Epoch: 116/200 | Batch 0150/0180 | Loss: 1.3256
MAE/RMSE/ACC: Current Valid: 3.04/3.86/11.37 Ep. 116 | Best Valid: 3.00/3.75/11.37 | Ep. 16
Time elapsed: 151.00 min
Epoch: 117/200 | Batch 0000/0180 | Loss: 1.2133
Epoch: 117/200 | Batch 0050/0180 | Loss: 1.6584
Epoch: 117/200 | Batch 0100/0180 | Loss: 1.8559
Epoch: 117/200 | Batch 0150/0180 | Loss: 1.5889
MAE/RMSE/ACC: Current Valid: 3.07/3.91/11.37 Ep. 117 | Best Valid: 3.00/3.75/11.37 | Ep. 16
Time elapsed: 152.29 min
Epoch: 118/200 | Batch 0000/0180 | Loss: 1.5407
Epoch: 118/200 | Batch 0050/0180 | Loss: 1.7207
Epoch: 118/200 | Batch 0100/0180 | Loss: 1.7402
Epoch: 118/200 | Batch 0150/0180 | Loss: 1.5275
MAE/RMSE/ACC: Current Valid: 3.09/3.93/11.37 Ep. 118 | Best Valid: 3.00/3.75/11.37 | Ep. 16
Time elapsed: 153.59 min
Epoch: 119/200 | Batch 0000/0180 | Loss: 1.3564
Epoch: 119/200 | Batch 0050/0180 | Loss: 1.7079
Epoch: 119/200 | Batch 0100/0180 | Loss: 1.5153
Epoch: 119/200 | Batch 0150/0180 | Loss: 1.4881
MAE/RMSE/ACC: Current Valid: 3.08/3.91/11.37 Ep. 119 | Best Valid: 3.00/3.75/11.37 | Ep. 16
Time elapsed: 154.88 min
Epoch: 120/200 | Batch 0000/0180 | Loss: 1.4004
Epoch: 120/200 | Batch 0050/0180 | Loss: 1.4623
Epoch: 120/200 | Batch 0100/0180 | Loss: 1.8980
Epoch: 120/200 | Batch 0150/0180 | Loss: 1.4189
MAE/RMSE/ACC: Current Valid: 3.09/3.93/11.37 Ep. 120 | Best Valid: 3.00/3.75/11.37 | Ep. 16
Time elapsed: 156.18 min
Epoch: 121/200 | Batch 0000/0180 | Loss: 1.5804
Epoch: 121/200 | Batch 0050/0180 | Loss: 1.2906
Epoch: 121/200 | Batch 0100/0180 | Loss: 1.4456
Epoch: 121/200 | Batch 0150/0180 | Loss: 1.5999
MAE/RMSE/ACC: Current Valid: 3.11/3.95/11.37 Ep. 121 | Best Valid: 3.00/3.75/11.37 | Ep. 16
Time elapsed: 157.47 min
Epoch: 122/200 | Batch 0000/0180 | Loss: 1.4837
Epoch: 122/200 | Batch 0050/0180 | Loss: 1.5475
Epoch: 122/200 | Batch 0100/0180 | Loss: 1.4652
Epoch: 122/200 | Batch 0150/0180 | Loss: 1.6566
MAE/RMSE/ACC: Current Valid: 3.06/3.89/11.37 Ep. 122 | Best Valid: 3.00/3.75/11.37 | Ep. 16
Time elapsed: 158.77 min
Epoch: 123/200 | Batch 0000/0180 | Loss: 1.3135
Epoch: 123/200 | Batch 0050/0180 | Loss: 1.2291
Epoch: 123/200 | Batch 0100/0180 | Loss: 1.3882
Epoch: 123/200 | Batch 0150/0180 | Loss: 1.4086
MAE/RMSE/ACC: Current Valid: 3.06/3.90/11.37 Ep. 123 | Best Valid: 3.00/3.75/11.37 | Ep. 16
Time elapsed: 160.08 min
Epoch: 124/200 | Batch 0000/0180 | Loss: 1.1440
Epoch: 124/200 | Batch 0050/0180 | Loss: 1.5685
Epoch: 124/200 | Batch 0100/0180 | Loss: 1.4786
Epoch: 124/200 | Batch 0150/0180 | Loss: 1.6112
MAE/RMSE/ACC: Current Valid: 3.08/3.94/11.37 Ep. 124 | Best Valid: 3.00/3.75/11.37 | Ep. 16
Time elapsed: 161.37 min
Epoch: 125/200 | Batch 0000/0180 | Loss: 1.1966
Epoch: 125/200 | Batch 0050/0180 | Loss: 1.2595
Epoch: 125/200 | Batch 0100/0180 | Loss: 1.2607
Epoch: 125/200 | Batch 0150/0180 | Loss: 1.2459
MAE/RMSE/ACC: Current Valid: 3.05/3.87/11.37 Ep. 125 | Best Valid: 3.00/3.75/11.37 | Ep. 16
Time elapsed: 162.67 min
Epoch: 126/200 | Batch 0000/0180 | Loss: 1.2501
Epoch: 126/200 | Batch 0050/0180 | Loss: 1.2520
Epoch: 126/200 | Batch 0100/0180 | Loss: 1.2430
Epoch: 126/200 | Batch 0150/0180 | Loss: 1.3669
MAE/RMSE/ACC: Current Valid: 3.08/3.95/11.37 Ep. 126 | Best Valid: 3.00/3.75/11.37 | Ep. 16
Time elapsed: 163.97 min
Epoch: 127/200 | Batch 0000/0180 | Loss: 1.0965
Epoch: 127/200 | Batch 0050/0180 | Loss: 1.1887
Epoch: 127/200 | Batch 0100/0180 | Loss: 1.1370
Epoch: 127/200 | Batch 0150/0180 | Loss: 1.2804
MAE/RMSE/ACC: Current Valid: 3.09/3.96/11.37 Ep. 127 | Best Valid: 3.00/3.75/11.37 | Ep. 16
Time elapsed: 165.26 min
Epoch: 128/200 | Batch 0000/0180 | Loss: 1.2301
Epoch: 128/200 | Batch 0050/0180 | Loss: 1.7163
Epoch: 128/200 | Batch 0100/0180 | Loss: 1.3218
Epoch: 128/200 | Batch 0150/0180 | Loss: 1.5744
MAE/RMSE/ACC: Current Valid: 3.07/3.90/11.37 Ep. 128 | Best Valid: 3.00/3.75/11.37 | Ep. 16
Time elapsed: 166.56 min
Epoch: 129/200 | Batch 0000/0180 | Loss: 1.2953
Epoch: 129/200 | Batch 0050/0180 | Loss: 1.2397
Epoch: 129/200 | Batch 0100/0180 | Loss: 1.3456
Epoch: 129/200 | Batch 0150/0180 | Loss: 1.2535
MAE/RMSE/ACC: Current Valid: 3.07/3.91/11.37 Ep. 129 | Best Valid: 3.00/3.75/11.37 | Ep. 16
Time elapsed: 167.85 min
Epoch: 130/200 | Batch 0000/0180 | Loss: 1.4117
Epoch: 130/200 | Batch 0050/0180 | Loss: 1.4412
Epoch: 130/200 | Batch 0100/0180 | Loss: 1.4189
Epoch: 130/200 | Batch 0150/0180 | Loss: 1.4110
MAE/RMSE/ACC: Current Valid: 3.08/3.91/11.37 Ep. 130 | Best Valid: 3.00/3.75/11.37 | Ep. 16
Time elapsed: 169.15 min
Epoch: 131/200 | Batch 0000/0180 | Loss: 1.3702
Epoch: 131/200 | Batch 0050/0180 | Loss: 1.1932
Epoch: 131/200 | Batch 0100/0180 | Loss: 1.4629
Epoch: 131/200 | Batch 0150/0180 | Loss: 1.3021
MAE/RMSE/ACC: Current Valid: 3.10/3.96/11.37 Ep. 131 | Best Valid: 3.00/3.75/11.37 | Ep. 16
Time elapsed: 170.45 min
Epoch: 132/200 | Batch 0000/0180 | Loss: 1.9780
Epoch: 132/200 | Batch 0050/0180 | Loss: 1.3244
Epoch: 132/200 | Batch 0100/0180 | Loss: 1.4984
Epoch: 132/200 | Batch 0150/0180 | Loss: 1.7523
MAE/RMSE/ACC: Current Valid: 3.12/3.95/11.37 Ep. 132 | Best Valid: 3.00/3.75/11.37 | Ep. 16
Time elapsed: 171.75 min
Epoch: 133/200 | Batch 0000/0180 | Loss: 1.4992
Epoch: 133/200 | Batch 0050/0180 | Loss: 1.3519
Epoch: 133/200 | Batch 0100/0180 | Loss: 1.6049
Epoch: 133/200 | Batch 0150/0180 | Loss: 1.6142
MAE/RMSE/ACC: Current Valid: 3.13/4.00/11.37 Ep. 133 | Best Valid: 3.00/3.75/11.37 | Ep. 16
Time elapsed: 173.05 min
Epoch: 134/200 | Batch 0000/0180 | Loss: 1.4120
Epoch: 134/200 | Batch 0050/0180 | Loss: 1.5585
Epoch: 134/200 | Batch 0100/0180 | Loss: 1.5604
Epoch: 134/200 | Batch 0150/0180 | Loss: 1.4272
MAE/RMSE/ACC: Current Valid: 3.12/3.97/11.37 Ep. 134 | Best Valid: 3.00/3.75/11.37 | Ep. 16
Time elapsed: 174.34 min
Epoch: 135/200 | Batch 0000/0180 | Loss: 1.4191
Epoch: 135/200 | Batch 0050/0180 | Loss: 1.4056
Epoch: 135/200 | Batch 0100/0180 | Loss: 1.2677
Epoch: 135/200 | Batch 0150/0180 | Loss: 1.2575
MAE/RMSE/ACC: Current Valid: 3.07/3.93/11.37 Ep. 135 | Best Valid: 3.00/3.75/11.37 | Ep. 16
Time elapsed: 175.64 min
Epoch: 136/200 | Batch 0000/0180 | Loss: 1.1261
Epoch: 136/200 | Batch 0050/0180 | Loss: 1.2376
Epoch: 136/200 | Batch 0100/0180 | Loss: 1.1739
Epoch: 136/200 | Batch 0150/0180 | Loss: 1.5276
MAE/RMSE/ACC: Current Valid: 3.08/3.94/11.37 Ep. 136 | Best Valid: 3.00/3.75/11.37 | Ep. 16
Time elapsed: 176.94 min
Epoch: 137/200 | Batch 0000/0180 | Loss: 1.1223
Epoch: 137/200 | Batch 0050/0180 | Loss: 1.0396
Epoch: 137/200 | Batch 0100/0180 | Loss: 1.0753
Epoch: 137/200 | Batch 0150/0180 | Loss: 1.2604
MAE/RMSE/ACC: Current Valid: 3.09/3.93/11.37 Ep. 137 | Best Valid: 3.00/3.75/11.37 | Ep. 16
Time elapsed: 178.24 min
Epoch: 138/200 | Batch 0000/0180 | Loss: 1.1619
Epoch: 138/200 | Batch 0050/0180 | Loss: 1.1940
Epoch: 138/200 | Batch 0100/0180 | Loss: 1.1222
Epoch: 138/200 | Batch 0150/0180 | Loss: 1.3198
MAE/RMSE/ACC: Current Valid: 3.06/3.91/11.37 Ep. 138 | Best Valid: 3.00/3.75/11.37 | Ep. 16
Time elapsed: 179.53 min
Epoch: 139/200 | Batch 0000/0180 | Loss: 1.2009
Epoch: 139/200 | Batch 0050/0180 | Loss: 1.3314
Epoch: 139/200 | Batch 0100/0180 | Loss: 1.6323
Epoch: 139/200 | Batch 0150/0180 | Loss: 1.7093
MAE/RMSE/ACC: Current Valid: 3.09/3.92/11.37 Ep. 139 | Best Valid: 3.00/3.75/11.37 | Ep. 16
Time elapsed: 180.82 min
Epoch: 140/200 | Batch 0000/0180 | Loss: 1.4424
Epoch: 140/200 | Batch 0050/0180 | Loss: 1.3224
Epoch: 140/200 | Batch 0100/0180 | Loss: 1.3622
Epoch: 140/200 | Batch 0150/0180 | Loss: 1.2370
MAE/RMSE/ACC: Current Valid: 3.11/3.96/11.37 Ep. 140 | Best Valid: 3.00/3.75/11.37 | Ep. 16
Time elapsed: 182.12 min
Epoch: 141/200 | Batch 0000/0180 | Loss: 1.4073
Epoch: 141/200 | Batch 0050/0180 | Loss: 1.2298
Epoch: 141/200 | Batch 0100/0180 | Loss: 1.0983
Epoch: 141/200 | Batch 0150/0180 | Loss: 1.4075
MAE/RMSE/ACC: Current Valid: 3.13/4.01/11.37 Ep. 141 | Best Valid: 3.00/3.75/11.37 | Ep. 16
Time elapsed: 183.41 min
Epoch: 142/200 | Batch 0000/0180 | Loss: 1.2359
Epoch: 142/200 | Batch 0050/0180 | Loss: 1.3014
Epoch: 142/200 | Batch 0100/0180 | Loss: 1.4500
Epoch: 142/200 | Batch 0150/0180 | Loss: 1.2645
MAE/RMSE/ACC: Current Valid: 3.14/4.00/11.37 Ep. 142 | Best Valid: 3.00/3.75/11.37 | Ep. 16
Time elapsed: 184.71 min
Epoch: 143/200 | Batch 0000/0180 | Loss: 1.2189
Epoch: 143/200 | Batch 0050/0180 | Loss: 1.2424
Epoch: 143/200 | Batch 0100/0180 | Loss: 1.3932
Epoch: 143/200 | Batch 0150/0180 | Loss: 1.1174
MAE/RMSE/ACC: Current Valid: 3.08/3.93/11.37 Ep. 143 | Best Valid: 3.00/3.75/11.37 | Ep. 16
Time elapsed: 186.01 min
Epoch: 144/200 | Batch 0000/0180 | Loss: 1.1421
Epoch: 144/200 | Batch 0050/0180 | Loss: 1.1745
Epoch: 144/200 | Batch 0100/0180 | Loss: 1.3122
Epoch: 144/200 | Batch 0150/0180 | Loss: 1.3453
MAE/RMSE/ACC: Current Valid: 3.10/3.95/11.37 Ep. 144 | Best Valid: 3.00/3.75/11.37 | Ep. 16
Time elapsed: 187.30 min
Epoch: 145/200 | Batch 0000/0180 | Loss: 1.0899
Epoch: 145/200 | Batch 0050/0180 | Loss: 1.0900
Epoch: 145/200 | Batch 0100/0180 | Loss: 1.1255
Epoch: 145/200 | Batch 0150/0180 | Loss: 1.2274
MAE/RMSE/ACC: Current Valid: 3.07/3.91/11.37 Ep. 145 | Best Valid: 3.00/3.75/11.37 | Ep. 16
Time elapsed: 188.60 min
Epoch: 146/200 | Batch 0000/0180 | Loss: 1.2545
Epoch: 146/200 | Batch 0050/0180 | Loss: 1.5380
Epoch: 146/200 | Batch 0100/0180 | Loss: 1.2376
Epoch: 146/200 | Batch 0150/0180 | Loss: 1.2193
MAE/RMSE/ACC: Current Valid: 3.07/3.92/11.37 Ep. 146 | Best Valid: 3.00/3.75/11.37 | Ep. 16
Time elapsed: 189.90 min
Epoch: 147/200 | Batch 0000/0180 | Loss: 1.2313
Epoch: 147/200 | Batch 0050/0180 | Loss: 1.2144
Epoch: 147/200 | Batch 0100/0180 | Loss: 1.0145
Epoch: 147/200 | Batch 0150/0180 | Loss: 1.2656
MAE/RMSE/ACC: Current Valid: 3.08/3.94/11.37 Ep. 147 | Best Valid: 3.00/3.75/11.37 | Ep. 16
Time elapsed: 191.20 min
Epoch: 148/200 | Batch 0000/0180 | Loss: 1.0336
Epoch: 148/200 | Batch 0050/0180 | Loss: 1.0463
Epoch: 148/200 | Batch 0100/0180 | Loss: 1.1663
Epoch: 148/200 | Batch 0150/0180 | Loss: 1.0703
MAE/RMSE/ACC: Current Valid: 3.04/3.88/11.37 Ep. 148 | Best Valid: 3.00/3.75/11.37 | Ep. 16
Time elapsed: 192.49 min
Epoch: 149/200 | Batch 0000/0180 | Loss: 0.9761
Epoch: 149/200 | Batch 0050/0180 | Loss: 1.1260
Epoch: 149/200 | Batch 0100/0180 | Loss: 1.3913
Epoch: 149/200 | Batch 0150/0180 | Loss: 1.4308
MAE/RMSE/ACC: Current Valid: 3.11/3.97/11.37 Ep. 149 | Best Valid: 3.00/3.75/11.37 | Ep. 16
Time elapsed: 193.79 min
Epoch: 150/200 | Batch 0000/0180 | Loss: 1.1546
Epoch: 150/200 | Batch 0050/0180 | Loss: 1.2214
Epoch: 150/200 | Batch 0100/0180 | Loss: 1.1517
Epoch: 150/200 | Batch 0150/0180 | Loss: 1.0394
MAE/RMSE/ACC: Current Valid: 3.09/3.96/11.37 Ep. 150 | Best Valid: 3.00/3.75/11.37 | Ep. 16
Time elapsed: 195.08 min
Epoch: 151/200 | Batch 0000/0180 | Loss: 1.0622
Epoch: 151/200 | Batch 0050/0180 | Loss: 1.2534
Epoch: 151/200 | Batch 0100/0180 | Loss: 1.2068
Epoch: 151/200 | Batch 0150/0180 | Loss: 1.4386
MAE/RMSE/ACC: Current Valid: 3.09/3.94/11.37 Ep. 151 | Best Valid: 3.00/3.75/11.37 | Ep. 16
Time elapsed: 196.38 min
Epoch: 152/200 | Batch 0000/0180 | Loss: 1.2071
Epoch: 152/200 | Batch 0050/0180 | Loss: 1.1327
Epoch: 152/200 | Batch 0100/0180 | Loss: 1.2900
Epoch: 152/200 | Batch 0150/0180 | Loss: 1.1727
MAE/RMSE/ACC: Current Valid: 3.12/4.00/11.37 Ep. 152 | Best Valid: 3.00/3.75/11.37 | Ep. 16
Time elapsed: 197.67 min
Epoch: 153/200 | Batch 0000/0180 | Loss: 1.4456
Epoch: 153/200 | Batch 0050/0180 | Loss: 1.3917
Epoch: 153/200 | Batch 0100/0180 | Loss: 1.3187
Epoch: 153/200 | Batch 0150/0180 | Loss: 1.1500
MAE/RMSE/ACC: Current Valid: 3.12/3.98/11.37 Ep. 153 | Best Valid: 3.00/3.75/11.37 | Ep. 16
Time elapsed: 198.97 min
Epoch: 154/200 | Batch 0000/0180 | Loss: 1.5809
Epoch: 154/200 | Batch 0050/0180 | Loss: 1.5768
Epoch: 154/200 | Batch 0100/0180 | Loss: 1.5026
Epoch: 154/200 | Batch 0150/0180 | Loss: 1.5381
MAE/RMSE/ACC: Current Valid: 3.12/3.97/11.37 Ep. 154 | Best Valid: 3.00/3.75/11.37 | Ep. 16
Time elapsed: 200.27 min
Epoch: 155/200 | Batch 0000/0180 | Loss: 1.5661
Epoch: 155/200 | Batch 0050/0180 | Loss: 1.2303
Epoch: 155/200 | Batch 0100/0180 | Loss: 1.4296
Epoch: 155/200 | Batch 0150/0180 | Loss: 1.2006
MAE/RMSE/ACC: Current Valid: 3.08/3.94/11.37 Ep. 155 | Best Valid: 3.00/3.75/11.37 | Ep. 16
Time elapsed: 201.57 min
Epoch: 156/200 | Batch 0000/0180 | Loss: 1.1848
Epoch: 156/200 | Batch 0050/0180 | Loss: 1.1171
Epoch: 156/200 | Batch 0100/0180 | Loss: 1.1446
Epoch: 156/200 | Batch 0150/0180 | Loss: 1.2097
MAE/RMSE/ACC: Current Valid: 3.07/3.92/11.37 Ep. 156 | Best Valid: 3.00/3.75/11.37 | Ep. 16
Time elapsed: 202.86 min
Epoch: 157/200 | Batch 0000/0180 | Loss: 1.1660
Epoch: 157/200 | Batch 0050/0180 | Loss: 1.1195
Epoch: 157/200 | Batch 0100/0180 | Loss: 1.3459
Epoch: 157/200 | Batch 0150/0180 | Loss: 1.1235
MAE/RMSE/ACC: Current Valid: 3.06/3.92/11.37 Ep. 157 | Best Valid: 3.00/3.75/11.37 | Ep. 16
Time elapsed: 204.16 min
Epoch: 158/200 | Batch 0000/0180 | Loss: 1.0808
Epoch: 158/200 | Batch 0050/0180 | Loss: 1.0983
Epoch: 158/200 | Batch 0100/0180 | Loss: 1.1081
Epoch: 158/200 | Batch 0150/0180 | Loss: 1.0800
MAE/RMSE/ACC: Current Valid: 3.08/3.94/11.37 Ep. 158 | Best Valid: 3.00/3.75/11.37 | Ep. 16
Time elapsed: 205.46 min
Epoch: 159/200 | Batch 0000/0180 | Loss: 1.1357
Epoch: 159/200 | Batch 0050/0180 | Loss: 1.2627
Epoch: 159/200 | Batch 0100/0180 | Loss: 1.6009
Epoch: 159/200 | Batch 0150/0180 | Loss: 1.6548
MAE/RMSE/ACC: Current Valid: 3.10/3.96/11.37 Ep. 159 | Best Valid: 3.00/3.75/11.37 | Ep. 16
Time elapsed: 206.75 min
Epoch: 160/200 | Batch 0000/0180 | Loss: 1.1656
Epoch: 160/200 | Batch 0050/0180 | Loss: 1.1146
Epoch: 160/200 | Batch 0100/0180 | Loss: 1.0803
Epoch: 160/200 | Batch 0150/0180 | Loss: 1.4632
MAE/RMSE/ACC: Current Valid: 3.13/4.00/11.37 Ep. 160 | Best Valid: 3.00/3.75/11.37 | Ep. 16
Time elapsed: 208.05 min
Epoch: 161/200 | Batch 0000/0180 | Loss: 1.2612
Epoch: 161/200 | Batch 0050/0180 | Loss: 1.3914
Epoch: 161/200 | Batch 0100/0180 | Loss: 1.1331
Epoch: 161/200 | Batch 0150/0180 | Loss: 1.1496
MAE/RMSE/ACC: Current Valid: 3.16/4.02/11.37 Ep. 161 | Best Valid: 3.00/3.75/11.37 | Ep. 16
Time elapsed: 209.35 min
Epoch: 162/200 | Batch 0000/0180 | Loss: 1.1943
Epoch: 162/200 | Batch 0050/0180 | Loss: 0.9742
Epoch: 162/200 | Batch 0100/0180 | Loss: 1.3069
Epoch: 162/200 | Batch 0150/0180 | Loss: 1.0883
MAE/RMSE/ACC: Current Valid: 3.14/4.00/11.37 Ep. 162 | Best Valid: 3.00/3.75/11.37 | Ep. 16
Time elapsed: 210.65 min
Epoch: 163/200 | Batch 0000/0180 | Loss: 1.1399
Epoch: 163/200 | Batch 0050/0180 | Loss: 1.3911
Epoch: 163/200 | Batch 0100/0180 | Loss: 1.2794
Epoch: 163/200 | Batch 0150/0180 | Loss: 1.2036
MAE/RMSE/ACC: Current Valid: 3.11/3.95/11.37 Ep. 163 | Best Valid: 3.00/3.75/11.37 | Ep. 16
Time elapsed: 211.95 min
Epoch: 164/200 | Batch 0000/0180 | Loss: 1.1116
Epoch: 164/200 | Batch 0050/0180 | Loss: 1.0642
Epoch: 164/200 | Batch 0100/0180 | Loss: 1.2001
Epoch: 164/200 | Batch 0150/0180 | Loss: 1.4907
MAE/RMSE/ACC: Current Valid: 3.10/3.96/11.37 Ep. 164 | Best Valid: 3.00/3.75/11.37 | Ep. 16
Time elapsed: 213.25 min
Epoch: 165/200 | Batch 0000/0180 | Loss: 1.1591
Epoch: 165/200 | Batch 0050/0180 | Loss: 1.0876
Epoch: 165/200 | Batch 0100/0180 | Loss: 0.9933
Epoch: 165/200 | Batch 0150/0180 | Loss: 1.1658
MAE/RMSE/ACC: Current Valid: 3.10/3.97/11.37 Ep. 165 | Best Valid: 3.00/3.75/11.37 | Ep. 16
Time elapsed: 214.55 min
Epoch: 166/200 | Batch 0000/0180 | Loss: 1.3053
Epoch: 166/200 | Batch 0050/0180 | Loss: 0.9970
Epoch: 166/200 | Batch 0100/0180 | Loss: 1.5278
Epoch: 166/200 | Batch 0150/0180 | Loss: 1.3821
MAE/RMSE/ACC: Current Valid: 3.10/3.96/11.37 Ep. 166 | Best Valid: 3.00/3.75/11.37 | Ep. 16
Time elapsed: 215.85 min
Epoch: 167/200 | Batch 0000/0180 | Loss: 1.0649
Epoch: 167/200 | Batch 0050/0180 | Loss: 1.3012
Epoch: 167/200 | Batch 0100/0180 | Loss: 1.4560
Epoch: 167/200 | Batch 0150/0180 | Loss: 1.1049
MAE/RMSE/ACC: Current Valid: 3.10/3.96/11.37 Ep. 167 | Best Valid: 3.00/3.75/11.37 | Ep. 16
Time elapsed: 217.14 min
Epoch: 168/200 | Batch 0000/0180 | Loss: 1.0077
Epoch: 168/200 | Batch 0050/0180 | Loss: 1.2390
Epoch: 168/200 | Batch 0100/0180 | Loss: 1.3275
Epoch: 168/200 | Batch 0150/0180 | Loss: 1.4388
MAE/RMSE/ACC: Current Valid: 3.11/3.96/11.37 Ep. 168 | Best Valid: 3.00/3.75/11.37 | Ep. 16
Time elapsed: 218.44 min
Epoch: 169/200 | Batch 0000/0180 | Loss: 1.0602
Epoch: 169/200 | Batch 0050/0180 | Loss: 1.4206
Epoch: 169/200 | Batch 0100/0180 | Loss: 0.9706
Epoch: 169/200 | Batch 0150/0180 | Loss: 1.1686
MAE/RMSE/ACC: Current Valid: 3.09/3.95/11.37 Ep. 169 | Best Valid: 3.00/3.75/11.37 | Ep. 16
Time elapsed: 219.74 min
Epoch: 170/200 | Batch 0000/0180 | Loss: 1.1784
Epoch: 170/200 | Batch 0050/0180 | Loss: 1.1651
Epoch: 170/200 | Batch 0100/0180 | Loss: 1.7610
Epoch: 170/200 | Batch 0150/0180 | Loss: 1.2361
MAE/RMSE/ACC: Current Valid: 3.11/3.98/11.37 Ep. 170 | Best Valid: 3.00/3.75/11.37 | Ep. 16
Time elapsed: 221.04 min
Epoch: 171/200 | Batch 0000/0180 | Loss: 1.2505
Epoch: 171/200 | Batch 0050/0180 | Loss: 1.1116
Epoch: 171/200 | Batch 0100/0180 | Loss: 1.1295
Epoch: 171/200 | Batch 0150/0180 | Loss: 1.1730
MAE/RMSE/ACC: Current Valid: 3.07/3.92/11.37 Ep. 171 | Best Valid: 3.00/3.75/11.37 | Ep. 16
Time elapsed: 222.33 min
Epoch: 172/200 | Batch 0000/0180 | Loss: 1.0485
Epoch: 172/200 | Batch 0050/0180 | Loss: 0.8850
Epoch: 172/200 | Batch 0100/0180 | Loss: 1.0355
Epoch: 172/200 | Batch 0150/0180 | Loss: 1.0333
MAE/RMSE/ACC: Current Valid: 3.12/3.99/11.37 Ep. 172 | Best Valid: 3.00/3.75/11.37 | Ep. 16
Time elapsed: 223.63 min
Epoch: 173/200 | Batch 0000/0180 | Loss: 1.1147
Epoch: 173/200 | Batch 0050/0180 | Loss: 1.0251
Epoch: 173/200 | Batch 0100/0180 | Loss: 1.2157
Epoch: 173/200 | Batch 0150/0180 | Loss: 1.0572
MAE/RMSE/ACC: Current Valid: 3.07/3.91/11.37 Ep. 173 | Best Valid: 3.00/3.75/11.37 | Ep. 16
Time elapsed: 224.93 min
Epoch: 174/200 | Batch 0000/0180 | Loss: 0.9378
Epoch: 174/200 | Batch 0050/0180 | Loss: 1.0853
Epoch: 174/200 | Batch 0100/0180 | Loss: 1.0666
Epoch: 174/200 | Batch 0150/0180 | Loss: 1.2364
MAE/RMSE/ACC: Current Valid: 3.12/3.97/11.37 Ep. 174 | Best Valid: 3.00/3.75/11.37 | Ep. 16
Time elapsed: 226.23 min
Epoch: 175/200 | Batch 0000/0180 | Loss: 1.3905
Epoch: 175/200 | Batch 0050/0180 | Loss: 1.3040
Epoch: 175/200 | Batch 0100/0180 | Loss: 1.2034
Epoch: 175/200 | Batch 0150/0180 | Loss: 1.0817
MAE/RMSE/ACC: Current Valid: 3.11/3.96/11.37 Ep. 175 | Best Valid: 3.00/3.75/11.37 | Ep. 16
Time elapsed: 227.52 min
Epoch: 176/200 | Batch 0000/0180 | Loss: 1.1099
Epoch: 176/200 | Batch 0050/0180 | Loss: 1.0059
Epoch: 176/200 | Batch 0100/0180 | Loss: 0.9033
Epoch: 176/200 | Batch 0150/0180 | Loss: 1.1502
MAE/RMSE/ACC: Current Valid: 3.10/3.96/11.37 Ep. 176 | Best Valid: 3.00/3.75/11.37 | Ep. 16
Time elapsed: 228.82 min
Epoch: 177/200 | Batch 0000/0180 | Loss: 1.0465
Epoch: 177/200 | Batch 0050/0180 | Loss: 1.2199
Epoch: 177/200 | Batch 0100/0180 | Loss: 1.1167
Epoch: 177/200 | Batch 0150/0180 | Loss: 1.2268
MAE/RMSE/ACC: Current Valid: 3.12/3.99/11.37 Ep. 177 | Best Valid: 3.00/3.75/11.37 | Ep. 16
Time elapsed: 230.11 min
Epoch: 178/200 | Batch 0000/0180 | Loss: 1.1790
Epoch: 178/200 | Batch 0050/0180 | Loss: 1.2054
Epoch: 178/200 | Batch 0100/0180 | Loss: 1.0277
Epoch: 178/200 | Batch 0150/0180 | Loss: 1.0150
MAE/RMSE/ACC: Current Valid: 3.10/3.95/11.37 Ep. 178 | Best Valid: 3.00/3.75/11.37 | Ep. 16
Time elapsed: 231.41 min
Epoch: 179/200 | Batch 0000/0180 | Loss: 1.0434
Epoch: 179/200 | Batch 0050/0180 | Loss: 1.0669
Epoch: 179/200 | Batch 0100/0180 | Loss: 0.9179
Epoch: 179/200 | Batch 0150/0180 | Loss: 0.9619
MAE/RMSE/ACC: Current Valid: 3.10/3.94/11.37 Ep. 179 | Best Valid: 3.00/3.75/11.37 | Ep. 16
Time elapsed: 232.71 min
Epoch: 180/200 | Batch 0000/0180 | Loss: 1.0117
Epoch: 180/200 | Batch 0050/0180 | Loss: 1.2049
Epoch: 180/200 | Batch 0100/0180 | Loss: 1.3905
Epoch: 180/200 | Batch 0150/0180 | Loss: 1.2591
MAE/RMSE/ACC: Current Valid: 3.05/3.92/11.37 Ep. 180 | Best Valid: 3.00/3.75/11.37 | Ep. 16
Time elapsed: 234.01 min
Epoch: 181/200 | Batch 0000/0180 | Loss: 1.2878
Epoch: 181/200 | Batch 0050/0180 | Loss: 0.9148
Epoch: 181/200 | Batch 0100/0180 | Loss: 1.4706
Epoch: 181/200 | Batch 0150/0180 | Loss: 1.0387
MAE/RMSE/ACC: Current Valid: 3.09/3.95/11.37 Ep. 181 | Best Valid: 3.00/3.75/11.37 | Ep. 16
Time elapsed: 235.30 min
Epoch: 182/200 | Batch 0000/0180 | Loss: 1.0109
Epoch: 182/200 | Batch 0050/0180 | Loss: 1.1366
Epoch: 182/200 | Batch 0100/0180 | Loss: 1.2556
Epoch: 182/200 | Batch 0150/0180 | Loss: 1.3130
MAE/RMSE/ACC: Current Valid: 3.09/3.97/11.37 Ep. 182 | Best Valid: 3.00/3.75/11.37 | Ep. 16
Time elapsed: 236.60 min
Epoch: 183/200 | Batch 0000/0180 | Loss: 0.8465
Epoch: 183/200 | Batch 0050/0180 | Loss: 0.9030
Epoch: 183/200 | Batch 0100/0180 | Loss: 1.5457
Epoch: 183/200 | Batch 0150/0180 | Loss: 1.0983
MAE/RMSE/ACC: Current Valid: 3.08/3.94/11.37 Ep. 183 | Best Valid: 3.00/3.75/11.37 | Ep. 16
Time elapsed: 237.89 min
Epoch: 184/200 | Batch 0000/0180 | Loss: 1.1946
Epoch: 184/200 | Batch 0050/0180 | Loss: 1.5460
Epoch: 184/200 | Batch 0100/0180 | Loss: 1.2588
Epoch: 184/200 | Batch 0150/0180 | Loss: 1.1761
MAE/RMSE/ACC: Current Valid: 3.10/3.96/11.37 Ep. 184 | Best Valid: 3.00/3.75/11.37 | Ep. 16
Time elapsed: 239.19 min
Epoch: 185/200 | Batch 0000/0180 | Loss: 1.1419
Epoch: 185/200 | Batch 0050/0180 | Loss: 1.1483
Epoch: 185/200 | Batch 0100/0180 | Loss: 1.0790
Epoch: 185/200 | Batch 0150/0180 | Loss: 1.2224
MAE/RMSE/ACC: Current Valid: 3.10/3.97/11.37 Ep. 185 | Best Valid: 3.00/3.75/11.37 | Ep. 16
Time elapsed: 240.49 min
Epoch: 186/200 | Batch 0000/0180 | Loss: 1.0595
Epoch: 186/200 | Batch 0050/0180 | Loss: 1.1442
Epoch: 186/200 | Batch 0100/0180 | Loss: 1.2359
Epoch: 186/200 | Batch 0150/0180 | Loss: 1.0653
MAE/RMSE/ACC: Current Valid: 3.09/3.95/11.37 Ep. 186 | Best Valid: 3.00/3.75/11.37 | Ep. 16
Time elapsed: 241.79 min
Epoch: 187/200 | Batch 0000/0180 | Loss: 1.0299
Epoch: 187/200 | Batch 0050/0180 | Loss: 1.1082
Epoch: 187/200 | Batch 0100/0180 | Loss: 1.1375
Epoch: 187/200 | Batch 0150/0180 | Loss: 1.0016
MAE/RMSE/ACC: Current Valid: 3.10/3.96/11.37 Ep. 187 | Best Valid: 3.00/3.75/11.37 | Ep. 16
Time elapsed: 243.08 min
Epoch: 188/200 | Batch 0000/0180 | Loss: 0.9891
Epoch: 188/200 | Batch 0050/0180 | Loss: 1.2026
Epoch: 188/200 | Batch 0100/0180 | Loss: 1.3762
Epoch: 188/200 | Batch 0150/0180 | Loss: 1.2228
MAE/RMSE/ACC: Current Valid: 3.09/3.95/11.37 Ep. 188 | Best Valid: 3.00/3.75/11.37 | Ep. 16
Time elapsed: 244.38 min
Epoch: 189/200 | Batch 0000/0180 | Loss: 0.8008
Epoch: 189/200 | Batch 0050/0180 | Loss: 0.8940
Epoch: 189/200 | Batch 0100/0180 | Loss: 0.7769
Epoch: 189/200 | Batch 0150/0180 | Loss: 0.8719
MAE/RMSE/ACC: Current Valid: 3.08/3.94/11.37 Ep. 189 | Best Valid: 3.00/3.75/11.37 | Ep. 16
Time elapsed: 245.68 min
Epoch: 190/200 | Batch 0000/0180 | Loss: 0.9865
Epoch: 190/200 | Batch 0050/0180 | Loss: 1.0824
Epoch: 190/200 | Batch 0100/0180 | Loss: 0.8775
Epoch: 190/200 | Batch 0150/0180 | Loss: 0.8761
MAE/RMSE/ACC: Current Valid: 3.07/3.93/11.37 Ep. 190 | Best Valid: 3.00/3.75/11.37 | Ep. 16
Time elapsed: 246.97 min
Epoch: 191/200 | Batch 0000/0180 | Loss: 0.8215
Epoch: 191/200 | Batch 0050/0180 | Loss: 0.8182
Epoch: 191/200 | Batch 0100/0180 | Loss: 0.9699
Epoch: 191/200 | Batch 0150/0180 | Loss: 1.0841
MAE/RMSE/ACC: Current Valid: 3.16/4.04/11.37 Ep. 191 | Best Valid: 3.00/3.75/11.37 | Ep. 16
Time elapsed: 248.27 min
Epoch: 192/200 | Batch 0000/0180 | Loss: 1.0480
Epoch: 192/200 | Batch 0050/0180 | Loss: 1.3550
Epoch: 192/200 | Batch 0100/0180 | Loss: 1.0088
Epoch: 192/200 | Batch 0150/0180 | Loss: 1.3058
MAE/RMSE/ACC: Current Valid: 3.09/3.94/11.37 Ep. 192 | Best Valid: 3.00/3.75/11.37 | Ep. 16
Time elapsed: 249.57 min
Epoch: 193/200 | Batch 0000/0180 | Loss: 1.0354
Epoch: 193/200 | Batch 0050/0180 | Loss: 1.0803
Epoch: 193/200 | Batch 0100/0180 | Loss: 0.9842
Epoch: 193/200 | Batch 0150/0180 | Loss: 1.0838
MAE/RMSE/ACC: Current Valid: 3.12/3.98/11.37 Ep. 193 | Best Valid: 3.00/3.75/11.37 | Ep. 16
Time elapsed: 250.86 min
Epoch: 194/200 | Batch 0000/0180 | Loss: 1.0779
Epoch: 194/200 | Batch 0050/0180 | Loss: 1.1927
Epoch: 194/200 | Batch 0100/0180 | Loss: 0.9662
Epoch: 194/200 | Batch 0150/0180 | Loss: 0.8848
MAE/RMSE/ACC: Current Valid: 3.11/3.96/11.37 Ep. 194 | Best Valid: 3.00/3.75/11.37 | Ep. 16
Time elapsed: 252.16 min
Epoch: 195/200 | Batch 0000/0180 | Loss: 0.8906
Epoch: 195/200 | Batch 0050/0180 | Loss: 1.8324
Epoch: 195/200 | Batch 0100/0180 | Loss: 1.0975
Epoch: 195/200 | Batch 0150/0180 | Loss: 1.2100
MAE/RMSE/ACC: Current Valid: 3.11/3.98/11.37 Ep. 195 | Best Valid: 3.00/3.75/11.37 | Ep. 16
Time elapsed: 253.46 min
Epoch: 196/200 | Batch 0000/0180 | Loss: 0.9910
Epoch: 196/200 | Batch 0050/0180 | Loss: 1.0658
Epoch: 196/200 | Batch 0100/0180 | Loss: 1.0705
Epoch: 196/200 | Batch 0150/0180 | Loss: 1.1380
MAE/RMSE/ACC: Current Valid: 3.11/3.97/11.37 Ep. 196 | Best Valid: 3.00/3.75/11.37 | Ep. 16
Time elapsed: 254.75 min
Epoch: 197/200 | Batch 0000/0180 | Loss: 0.9817
Epoch: 197/200 | Batch 0050/0180 | Loss: 0.9976
Epoch: 197/200 | Batch 0100/0180 | Loss: 1.3154
Epoch: 197/200 | Batch 0150/0180 | Loss: 1.4884
MAE/RMSE/ACC: Current Valid: 3.09/3.96/11.37 Ep. 197 | Best Valid: 3.00/3.75/11.37 | Ep. 16
Time elapsed: 256.05 min
Epoch: 198/200 | Batch 0000/0180 | Loss: 1.3369
Epoch: 198/200 | Batch 0050/0180 | Loss: 0.8628
Epoch: 198/200 | Batch 0100/0180 | Loss: 0.9174
Epoch: 198/200 | Batch 0150/0180 | Loss: 1.0438
MAE/RMSE/ACC: Current Valid: 3.11/3.98/11.37 Ep. 198 | Best Valid: 3.00/3.75/11.37 | Ep. 16
Time elapsed: 257.35 min
Epoch: 199/200 | Batch 0000/0180 | Loss: 1.3475
Epoch: 199/200 | Batch 0050/0180 | Loss: 1.0932
Epoch: 199/200 | Batch 0100/0180 | Loss: 0.9601
Epoch: 199/200 | Batch 0150/0180 | Loss: 0.9872
MAE/RMSE/ACC: Current Valid: 3.10/3.95/11.37 Ep. 199 | Best Valid: 3.00/3.75/11.37 | Ep. 16
Time elapsed: 258.65 min
Epoch: 200/200 | Batch 0000/0180 | Loss: 0.9261
Epoch: 200/200 | Batch 0050/0180 | Loss: 0.8520
Epoch: 200/200 | Batch 0100/0180 | Loss: 0.8808
Epoch: 200/200 | Batch 0150/0180 | Loss: 0.8915
MAE/RMSE/ACC: Current Valid: 3.11/3.97/11.37 Ep. 200 | Best Valid: 3.00/3.75/11.37 | Ep. 16
Time elapsed: 259.95 min
MAE/RMSE: | Train: 0.30/0.63 | Valid: 3.11/3.97 | Test: 3.07/3.92
ACC: | Train: 72.53 | Valid: 11.49 | Test: 12.41
Total Running Time: 261.88 min
MAE/RMSE: | Best Train: 2.50/3.13 | Best Valid: 3.00/3.75 | Best Test: 2.98/3.70
ACC: | Best Train: 14.08 | Best Valid: 11.37 | Best Test: 10.99
Total Running Time: 263.80 min
