This script: resnet34_xentr.py
PyTorch Version: 1.8.1
CUDA device: cuda:1
CUDA version: 11.1
Random seed: 1
Learning rate: 0.0005
Epochs: 200
Batch size: 256
Output path: runs/aes/resnet34_xentr-imp0-seed1-epochs200_best-rmse
Epoch: 001/200 | Batch 0000/0043 | Loss: 1.9804
MAE/RMSE/ACC: Current Valid: 0.49/0.74/54.59 Ep. 1 | Best Valid: 0.49/0.74/54.59 | Ep. 1
Time elapsed: 0.34 min
Epoch: 002/200 | Batch 0000/0043 | Loss: 0.9619
MAE/RMSE/ACC: Current Valid: 0.43/0.68/59.25 Ep. 2 | Best Valid: 0.43/0.68/59.25 | Ep. 2
Time elapsed: 0.67 min
Epoch: 003/200 | Batch 0000/0043 | Loss: 0.8653
MAE/RMSE/ACC: Current Valid: 0.47/0.71/59.25 Ep. 3 | Best Valid: 0.43/0.68/59.25 | Ep. 2
Time elapsed: 1.00 min
Epoch: 004/200 | Batch 0000/0043 | Loss: 0.9300
MAE/RMSE/ACC: Current Valid: 0.42/0.67/60.21 Ep. 4 | Best Valid: 0.42/0.67/60.21 | Ep. 4
Time elapsed: 1.34 min
Epoch: 005/200 | Batch 0000/0043 | Loss: 0.7979
MAE/RMSE/ACC: Current Valid: 0.44/0.70/60.21 Ep. 5 | Best Valid: 0.42/0.67/60.21 | Ep. 4
Time elapsed: 1.68 min
Epoch: 006/200 | Batch 0000/0043 | Loss: 0.8332
MAE/RMSE/ACC: Current Valid: 0.44/0.70/60.21 Ep. 6 | Best Valid: 0.42/0.67/60.21 | Ep. 4
Time elapsed: 2.03 min
Epoch: 007/200 | Batch 0000/0043 | Loss: 0.8053
MAE/RMSE/ACC: Current Valid: 0.43/0.69/60.21 Ep. 7 | Best Valid: 0.42/0.67/60.21 | Ep. 4
Time elapsed: 2.39 min
Epoch: 008/200 | Batch 0000/0043 | Loss: 0.7255
MAE/RMSE/ACC: Current Valid: 0.46/0.72/60.21 Ep. 8 | Best Valid: 0.42/0.67/60.21 | Ep. 4
Time elapsed: 2.74 min
Epoch: 009/200 | Batch 0000/0043 | Loss: 0.7459
MAE/RMSE/ACC: Current Valid: 0.48/0.73/60.21 Ep. 9 | Best Valid: 0.42/0.67/60.21 | Ep. 4
Time elapsed: 3.10 min
Epoch: 010/200 | Batch 0000/0043 | Loss: 0.7629
MAE/RMSE/ACC: Current Valid: 0.46/0.72/60.21 Ep. 10 | Best Valid: 0.42/0.67/60.21 | Ep. 4
Time elapsed: 3.45 min
Epoch: 011/200 | Batch 0000/0043 | Loss: 0.6430
MAE/RMSE/ACC: Current Valid: 0.42/0.68/60.21 Ep. 11 | Best Valid: 0.42/0.67/60.21 | Ep. 4
Time elapsed: 3.81 min
Epoch: 012/200 | Batch 0000/0043 | Loss: 0.6154
MAE/RMSE/ACC: Current Valid: 0.50/0.76/60.21 Ep. 12 | Best Valid: 0.42/0.67/60.21 | Ep. 4
Time elapsed: 4.17 min
Epoch: 013/200 | Batch 0000/0043 | Loss: 0.5712
MAE/RMSE/ACC: Current Valid: 0.51/0.76/60.21 Ep. 13 | Best Valid: 0.42/0.67/60.21 | Ep. 4
Time elapsed: 4.53 min
Epoch: 014/200 | Batch 0000/0043 | Loss: 0.4883
MAE/RMSE/ACC: Current Valid: 0.45/0.71/60.21 Ep. 14 | Best Valid: 0.42/0.67/60.21 | Ep. 4
Time elapsed: 4.89 min
Epoch: 015/200 | Batch 0000/0043 | Loss: 0.4806
MAE/RMSE/ACC: Current Valid: 0.48/0.73/60.21 Ep. 15 | Best Valid: 0.42/0.67/60.21 | Ep. 4
Time elapsed: 5.25 min
Epoch: 016/200 | Batch 0000/0043 | Loss: 0.3563
MAE/RMSE/ACC: Current Valid: 0.53/0.79/60.21 Ep. 16 | Best Valid: 0.42/0.67/60.21 | Ep. 4
Time elapsed: 5.61 min
Epoch: 017/200 | Batch 0000/0043 | Loss: 0.3988
MAE/RMSE/ACC: Current Valid: 0.49/0.75/60.21 Ep. 17 | Best Valid: 0.42/0.67/60.21 | Ep. 4
Time elapsed: 5.97 min
Epoch: 018/200 | Batch 0000/0043 | Loss: 0.3347
MAE/RMSE/ACC: Current Valid: 0.49/0.75/60.21 Ep. 18 | Best Valid: 0.42/0.67/60.21 | Ep. 4
Time elapsed: 6.33 min
Epoch: 019/200 | Batch 0000/0043 | Loss: 0.2152
MAE/RMSE/ACC: Current Valid: 0.49/0.77/60.21 Ep. 19 | Best Valid: 0.42/0.67/60.21 | Ep. 4
Time elapsed: 6.69 min
Epoch: 020/200 | Batch 0000/0043 | Loss: 0.2849
MAE/RMSE/ACC: Current Valid: 0.49/0.76/60.21 Ep. 20 | Best Valid: 0.42/0.67/60.21 | Ep. 4
Time elapsed: 7.06 min
Epoch: 021/200 | Batch 0000/0043 | Loss: 0.1405
MAE/RMSE/ACC: Current Valid: 0.50/0.78/60.21 Ep. 21 | Best Valid: 0.42/0.67/60.21 | Ep. 4
Time elapsed: 7.42 min
Epoch: 022/200 | Batch 0000/0043 | Loss: 0.1665
MAE/RMSE/ACC: Current Valid: 0.51/0.77/60.21 Ep. 22 | Best Valid: 0.42/0.67/60.21 | Ep. 4
Time elapsed: 7.78 min
Epoch: 023/200 | Batch 0000/0043 | Loss: 0.1235
MAE/RMSE/ACC: Current Valid: 0.50/0.76/60.21 Ep. 23 | Best Valid: 0.42/0.67/60.21 | Ep. 4
Time elapsed: 8.14 min
Epoch: 024/200 | Batch 0000/0043 | Loss: 0.1180
MAE/RMSE/ACC: Current Valid: 0.52/0.77/60.21 Ep. 24 | Best Valid: 0.42/0.67/60.21 | Ep. 4
Time elapsed: 8.50 min
Epoch: 025/200 | Batch 0000/0043 | Loss: 0.0980
MAE/RMSE/ACC: Current Valid: 0.51/0.77/60.21 Ep. 25 | Best Valid: 0.42/0.67/60.21 | Ep. 4
Time elapsed: 8.87 min
Epoch: 026/200 | Batch 0000/0043 | Loss: 0.1297
MAE/RMSE/ACC: Current Valid: 0.49/0.75/60.21 Ep. 26 | Best Valid: 0.42/0.67/60.21 | Ep. 4
Time elapsed: 9.23 min
Epoch: 027/200 | Batch 0000/0043 | Loss: 0.0734
MAE/RMSE/ACC: Current Valid: 0.48/0.75/60.21 Ep. 27 | Best Valid: 0.42/0.67/60.21 | Ep. 4
Time elapsed: 9.59 min
Epoch: 028/200 | Batch 0000/0043 | Loss: 0.1083
MAE/RMSE/ACC: Current Valid: 0.47/0.73/60.21 Ep. 28 | Best Valid: 0.42/0.67/60.21 | Ep. 4
Time elapsed: 9.95 min
Epoch: 029/200 | Batch 0000/0043 | Loss: 0.1314
MAE/RMSE/ACC: Current Valid: 0.49/0.75/60.21 Ep. 29 | Best Valid: 0.42/0.67/60.21 | Ep. 4
Time elapsed: 10.31 min
Epoch: 030/200 | Batch 0000/0043 | Loss: 0.0869
MAE/RMSE/ACC: Current Valid: 0.52/0.78/60.21 Ep. 30 | Best Valid: 0.42/0.67/60.21 | Ep. 4
Time elapsed: 10.67 min
Epoch: 031/200 | Batch 0000/0043 | Loss: 0.0739
MAE/RMSE/ACC: Current Valid: 0.49/0.76/60.21 Ep. 31 | Best Valid: 0.42/0.67/60.21 | Ep. 4
Time elapsed: 11.04 min
Epoch: 032/200 | Batch 0000/0043 | Loss: 0.0695
MAE/RMSE/ACC: Current Valid: 0.52/0.78/60.21 Ep. 32 | Best Valid: 0.42/0.67/60.21 | Ep. 4
Time elapsed: 11.40 min
Epoch: 033/200 | Batch 0000/0043 | Loss: 0.0352
MAE/RMSE/ACC: Current Valid: 0.52/0.79/60.21 Ep. 33 | Best Valid: 0.42/0.67/60.21 | Ep. 4
Time elapsed: 11.76 min
Epoch: 034/200 | Batch 0000/0043 | Loss: 0.0635
MAE/RMSE/ACC: Current Valid: 0.50/0.77/60.21 Ep. 34 | Best Valid: 0.42/0.67/60.21 | Ep. 4
Time elapsed: 12.13 min
Epoch: 035/200 | Batch 0000/0043 | Loss: 0.0484
MAE/RMSE/ACC: Current Valid: 0.50/0.77/60.21 Ep. 35 | Best Valid: 0.42/0.67/60.21 | Ep. 4
Time elapsed: 12.49 min
Epoch: 036/200 | Batch 0000/0043 | Loss: 0.0416
MAE/RMSE/ACC: Current Valid: 0.49/0.75/60.21 Ep. 36 | Best Valid: 0.42/0.67/60.21 | Ep. 4
Time elapsed: 12.86 min
Epoch: 037/200 | Batch 0000/0043 | Loss: 0.1075
MAE/RMSE/ACC: Current Valid: 0.49/0.75/60.21 Ep. 37 | Best Valid: 0.42/0.67/60.21 | Ep. 4
Time elapsed: 13.22 min
Epoch: 038/200 | Batch 0000/0043 | Loss: 0.0449
MAE/RMSE/ACC: Current Valid: 0.49/0.76/60.21 Ep. 38 | Best Valid: 0.42/0.67/60.21 | Ep. 4
Time elapsed: 13.58 min
Epoch: 039/200 | Batch 0000/0043 | Loss: 0.0598
MAE/RMSE/ACC: Current Valid: 0.51/0.78/60.21 Ep. 39 | Best Valid: 0.42/0.67/60.21 | Ep. 4
Time elapsed: 13.95 min
Epoch: 040/200 | Batch 0000/0043 | Loss: 0.0186
MAE/RMSE/ACC: Current Valid: 0.47/0.74/60.21 Ep. 40 | Best Valid: 0.42/0.67/60.21 | Ep. 4
Time elapsed: 14.31 min
Epoch: 041/200 | Batch 0000/0043 | Loss: 0.0644
MAE/RMSE/ACC: Current Valid: 0.46/0.73/60.21 Ep. 41 | Best Valid: 0.42/0.67/60.21 | Ep. 4
Time elapsed: 14.67 min
Epoch: 042/200 | Batch 0000/0043 | Loss: 0.0184
MAE/RMSE/ACC: Current Valid: 0.48/0.75/60.21 Ep. 42 | Best Valid: 0.42/0.67/60.21 | Ep. 4
Time elapsed: 15.04 min
Epoch: 043/200 | Batch 0000/0043 | Loss: 0.0458
MAE/RMSE/ACC: Current Valid: 0.52/0.79/60.21 Ep. 43 | Best Valid: 0.42/0.67/60.21 | Ep. 4
Time elapsed: 15.40 min
Epoch: 044/200 | Batch 0000/0043 | Loss: 0.0596
MAE/RMSE/ACC: Current Valid: 0.52/0.78/60.21 Ep. 44 | Best Valid: 0.42/0.67/60.21 | Ep. 4
Time elapsed: 15.77 min
Epoch: 045/200 | Batch 0000/0043 | Loss: 0.0446
MAE/RMSE/ACC: Current Valid: 0.49/0.75/60.21 Ep. 45 | Best Valid: 0.42/0.67/60.21 | Ep. 4
Time elapsed: 16.13 min
Epoch: 046/200 | Batch 0000/0043 | Loss: 0.0155
MAE/RMSE/ACC: Current Valid: 0.51/0.77/60.21 Ep. 46 | Best Valid: 0.42/0.67/60.21 | Ep. 4
Time elapsed: 16.49 min
Epoch: 047/200 | Batch 0000/0043 | Loss: 0.0482
MAE/RMSE/ACC: Current Valid: 0.51/0.77/60.21 Ep. 47 | Best Valid: 0.42/0.67/60.21 | Ep. 4
Time elapsed: 16.86 min
Epoch: 048/200 | Batch 0000/0043 | Loss: 0.0435
MAE/RMSE/ACC: Current Valid: 0.51/0.77/60.21 Ep. 48 | Best Valid: 0.42/0.67/60.21 | Ep. 4
Time elapsed: 17.22 min
Epoch: 049/200 | Batch 0000/0043 | Loss: 0.0465
MAE/RMSE/ACC: Current Valid: 0.51/0.77/60.21 Ep. 49 | Best Valid: 0.42/0.67/60.21 | Ep. 4
Time elapsed: 17.58 min
Epoch: 050/200 | Batch 0000/0043 | Loss: 0.0495
MAE/RMSE/ACC: Current Valid: 0.46/0.73/60.21 Ep. 50 | Best Valid: 0.42/0.67/60.21 | Ep. 4
Time elapsed: 17.95 min
Epoch: 051/200 | Batch 0000/0043 | Loss: 0.0215
MAE/RMSE/ACC: Current Valid: 0.50/0.76/60.21 Ep. 51 | Best Valid: 0.42/0.67/60.21 | Ep. 4
Time elapsed: 18.31 min
Epoch: 052/200 | Batch 0000/0043 | Loss: 0.0131
MAE/RMSE/ACC: Current Valid: 0.53/0.80/60.21 Ep. 52 | Best Valid: 0.42/0.67/60.21 | Ep. 4
Time elapsed: 18.68 min
Epoch: 053/200 | Batch 0000/0043 | Loss: 0.0654
MAE/RMSE/ACC: Current Valid: 0.49/0.76/60.21 Ep. 53 | Best Valid: 0.42/0.67/60.21 | Ep. 4
Time elapsed: 19.04 min
Epoch: 054/200 | Batch 0000/0043 | Loss: 0.0273
MAE/RMSE/ACC: Current Valid: 0.52/0.78/60.21 Ep. 54 | Best Valid: 0.42/0.67/60.21 | Ep. 4
Time elapsed: 19.40 min
Epoch: 055/200 | Batch 0000/0043 | Loss: 0.0340
MAE/RMSE/ACC: Current Valid: 0.49/0.76/60.21 Ep. 55 | Best Valid: 0.42/0.67/60.21 | Ep. 4
Time elapsed: 19.77 min
Epoch: 056/200 | Batch 0000/0043 | Loss: 0.0088
MAE/RMSE/ACC: Current Valid: 0.51/0.77/60.21 Ep. 56 | Best Valid: 0.42/0.67/60.21 | Ep. 4
Time elapsed: 20.13 min
Epoch: 057/200 | Batch 0000/0043 | Loss: 0.0717
MAE/RMSE/ACC: Current Valid: 0.50/0.76/60.21 Ep. 57 | Best Valid: 0.42/0.67/60.21 | Ep. 4
Time elapsed: 20.50 min
Epoch: 058/200 | Batch 0000/0043 | Loss: 0.0160
MAE/RMSE/ACC: Current Valid: 0.47/0.73/60.21 Ep. 58 | Best Valid: 0.42/0.67/60.21 | Ep. 4
Time elapsed: 20.86 min
Epoch: 059/200 | Batch 0000/0043 | Loss: 0.0434
MAE/RMSE/ACC: Current Valid: 0.49/0.75/60.21 Ep. 59 | Best Valid: 0.42/0.67/60.21 | Ep. 4
Time elapsed: 21.23 min
Epoch: 060/200 | Batch 0000/0043 | Loss: 0.0198
MAE/RMSE/ACC: Current Valid: 0.50/0.76/60.21 Ep. 60 | Best Valid: 0.42/0.67/60.21 | Ep. 4
Time elapsed: 21.59 min
Epoch: 061/200 | Batch 0000/0043 | Loss: 0.0369
MAE/RMSE/ACC: Current Valid: 0.49/0.75/60.21 Ep. 61 | Best Valid: 0.42/0.67/60.21 | Ep. 4
Time elapsed: 21.96 min
Epoch: 062/200 | Batch 0000/0043 | Loss: 0.0130
MAE/RMSE/ACC: Current Valid: 0.48/0.74/60.21 Ep. 62 | Best Valid: 0.42/0.67/60.21 | Ep. 4
Time elapsed: 22.32 min
Epoch: 063/200 | Batch 0000/0043 | Loss: 0.0131
MAE/RMSE/ACC: Current Valid: 0.49/0.75/60.21 Ep. 63 | Best Valid: 0.42/0.67/60.21 | Ep. 4
Time elapsed: 22.68 min
Epoch: 064/200 | Batch 0000/0043 | Loss: 0.0206
MAE/RMSE/ACC: Current Valid: 0.49/0.75/60.21 Ep. 64 | Best Valid: 0.42/0.67/60.21 | Ep. 4
Time elapsed: 23.05 min
Epoch: 065/200 | Batch 0000/0043 | Loss: 0.0215
MAE/RMSE/ACC: Current Valid: 0.50/0.76/60.21 Ep. 65 | Best Valid: 0.42/0.67/60.21 | Ep. 4
Time elapsed: 23.41 min
Epoch: 066/200 | Batch 0000/0043 | Loss: 0.0636
MAE/RMSE/ACC: Current Valid: 0.49/0.75/60.21 Ep. 66 | Best Valid: 0.42/0.67/60.21 | Ep. 4
Time elapsed: 23.77 min
Epoch: 067/200 | Batch 0000/0043 | Loss: 0.0312
MAE/RMSE/ACC: Current Valid: 0.49/0.74/60.21 Ep. 67 | Best Valid: 0.42/0.67/60.21 | Ep. 4
Time elapsed: 24.14 min
Epoch: 068/200 | Batch 0000/0043 | Loss: 0.0165
MAE/RMSE/ACC: Current Valid: 0.48/0.74/60.21 Ep. 68 | Best Valid: 0.42/0.67/60.21 | Ep. 4
Time elapsed: 24.50 min
Epoch: 069/200 | Batch 0000/0043 | Loss: 0.0135
MAE/RMSE/ACC: Current Valid: 0.51/0.77/60.21 Ep. 69 | Best Valid: 0.42/0.67/60.21 | Ep. 4
Time elapsed: 24.86 min
Epoch: 070/200 | Batch 0000/0043 | Loss: 0.0182
MAE/RMSE/ACC: Current Valid: 0.49/0.75/60.21 Ep. 70 | Best Valid: 0.42/0.67/60.21 | Ep. 4
Time elapsed: 25.23 min
Epoch: 071/200 | Batch 0000/0043 | Loss: 0.0217
MAE/RMSE/ACC: Current Valid: 0.53/0.78/60.21 Ep. 71 | Best Valid: 0.42/0.67/60.21 | Ep. 4
Time elapsed: 25.59 min
Epoch: 072/200 | Batch 0000/0043 | Loss: 0.0149
MAE/RMSE/ACC: Current Valid: 0.52/0.78/60.21 Ep. 72 | Best Valid: 0.42/0.67/60.21 | Ep. 4
Time elapsed: 25.96 min
Epoch: 073/200 | Batch 0000/0043 | Loss: 0.0273
MAE/RMSE/ACC: Current Valid: 0.50/0.76/60.21 Ep. 73 | Best Valid: 0.42/0.67/60.21 | Ep. 4
Time elapsed: 26.33 min
Epoch: 074/200 | Batch 0000/0043 | Loss: 0.0588
MAE/RMSE/ACC: Current Valid: 0.48/0.74/60.21 Ep. 74 | Best Valid: 0.42/0.67/60.21 | Ep. 4
Time elapsed: 26.69 min
Epoch: 075/200 | Batch 0000/0043 | Loss: 0.0350
MAE/RMSE/ACC: Current Valid: 0.50/0.77/60.21 Ep. 75 | Best Valid: 0.42/0.67/60.21 | Ep. 4
Time elapsed: 27.06 min
Epoch: 076/200 | Batch 0000/0043 | Loss: 0.0552
MAE/RMSE/ACC: Current Valid: 0.51/0.77/60.21 Ep. 76 | Best Valid: 0.42/0.67/60.21 | Ep. 4
Time elapsed: 27.42 min
Epoch: 077/200 | Batch 0000/0043 | Loss: 0.0058
MAE/RMSE/ACC: Current Valid: 0.51/0.77/60.21 Ep. 77 | Best Valid: 0.42/0.67/60.21 | Ep. 4
Time elapsed: 27.79 min
Epoch: 078/200 | Batch 0000/0043 | Loss: 0.0255
MAE/RMSE/ACC: Current Valid: 0.47/0.73/60.21 Ep. 78 | Best Valid: 0.42/0.67/60.21 | Ep. 4
Time elapsed: 28.16 min
Epoch: 079/200 | Batch 0000/0043 | Loss: 0.0100
MAE/RMSE/ACC: Current Valid: 0.50/0.76/60.21 Ep. 79 | Best Valid: 0.42/0.67/60.21 | Ep. 4
Time elapsed: 28.52 min
Epoch: 080/200 | Batch 0000/0043 | Loss: 0.0219
MAE/RMSE/ACC: Current Valid: 0.49/0.76/60.21 Ep. 80 | Best Valid: 0.42/0.67/60.21 | Ep. 4
Time elapsed: 28.88 min
Epoch: 081/200 | Batch 0000/0043 | Loss: 0.0270
MAE/RMSE/ACC: Current Valid: 0.47/0.73/60.21 Ep. 81 | Best Valid: 0.42/0.67/60.21 | Ep. 4
Time elapsed: 29.25 min
Epoch: 082/200 | Batch 0000/0043 | Loss: 0.0165
MAE/RMSE/ACC: Current Valid: 0.49/0.75/60.21 Ep. 82 | Best Valid: 0.42/0.67/60.21 | Ep. 4
Time elapsed: 29.61 min
Epoch: 083/200 | Batch 0000/0043 | Loss: 0.0328
MAE/RMSE/ACC: Current Valid: 0.48/0.74/60.21 Ep. 83 | Best Valid: 0.42/0.67/60.21 | Ep. 4
Time elapsed: 29.97 min
Epoch: 084/200 | Batch 0000/0043 | Loss: 0.0500
MAE/RMSE/ACC: Current Valid: 0.50/0.76/60.21 Ep. 84 | Best Valid: 0.42/0.67/60.21 | Ep. 4
Time elapsed: 30.34 min
Epoch: 085/200 | Batch 0000/0043 | Loss: 0.0380
MAE/RMSE/ACC: Current Valid: 0.48/0.74/60.21 Ep. 85 | Best Valid: 0.42/0.67/60.21 | Ep. 4
Time elapsed: 30.70 min
Epoch: 086/200 | Batch 0000/0043 | Loss: 0.0203
MAE/RMSE/ACC: Current Valid: 0.49/0.76/60.21 Ep. 86 | Best Valid: 0.42/0.67/60.21 | Ep. 4
Time elapsed: 31.07 min
Epoch: 087/200 | Batch 0000/0043 | Loss: 0.0373
MAE/RMSE/ACC: Current Valid: 0.49/0.74/60.21 Ep. 87 | Best Valid: 0.42/0.67/60.21 | Ep. 4
Time elapsed: 31.43 min
Epoch: 088/200 | Batch 0000/0043 | Loss: 0.0058
MAE/RMSE/ACC: Current Valid: 0.49/0.75/60.21 Ep. 88 | Best Valid: 0.42/0.67/60.21 | Ep. 4
Time elapsed: 31.79 min
Epoch: 089/200 | Batch 0000/0043 | Loss: 0.0097
MAE/RMSE/ACC: Current Valid: 0.50/0.75/60.21 Ep. 89 | Best Valid: 0.42/0.67/60.21 | Ep. 4
Time elapsed: 32.16 min
Epoch: 090/200 | Batch 0000/0043 | Loss: 0.0082
MAE/RMSE/ACC: Current Valid: 0.50/0.76/60.21 Ep. 90 | Best Valid: 0.42/0.67/60.21 | Ep. 4
Time elapsed: 32.52 min
Epoch: 091/200 | Batch 0000/0043 | Loss: 0.0660
MAE/RMSE/ACC: Current Valid: 0.50/0.78/60.21 Ep. 91 | Best Valid: 0.42/0.67/60.21 | Ep. 4
Time elapsed: 32.88 min
Epoch: 092/200 | Batch 0000/0043 | Loss: 0.0385
MAE/RMSE/ACC: Current Valid: 0.51/0.77/60.21 Ep. 92 | Best Valid: 0.42/0.67/60.21 | Ep. 4
Time elapsed: 33.25 min
Epoch: 093/200 | Batch 0000/0043 | Loss: 0.0295
MAE/RMSE/ACC: Current Valid: 0.48/0.74/60.21 Ep. 93 | Best Valid: 0.42/0.67/60.21 | Ep. 4
Time elapsed: 33.61 min
Epoch: 094/200 | Batch 0000/0043 | Loss: 0.0433
MAE/RMSE/ACC: Current Valid: 0.49/0.75/60.21 Ep. 94 | Best Valid: 0.42/0.67/60.21 | Ep. 4
Time elapsed: 33.98 min
Epoch: 095/200 | Batch 0000/0043 | Loss: 0.0123
MAE/RMSE/ACC: Current Valid: 0.48/0.74/60.21 Ep. 95 | Best Valid: 0.42/0.67/60.21 | Ep. 4
Time elapsed: 34.34 min
Epoch: 096/200 | Batch 0000/0043 | Loss: 0.0166
MAE/RMSE/ACC: Current Valid: 0.52/0.79/60.21 Ep. 96 | Best Valid: 0.42/0.67/60.21 | Ep. 4
Time elapsed: 34.70 min
Epoch: 097/200 | Batch 0000/0043 | Loss: 0.0236
MAE/RMSE/ACC: Current Valid: 0.49/0.74/60.21 Ep. 97 | Best Valid: 0.42/0.67/60.21 | Ep. 4
Time elapsed: 35.07 min
Epoch: 098/200 | Batch 0000/0043 | Loss: 0.0103
MAE/RMSE/ACC: Current Valid: 0.48/0.74/60.21 Ep. 98 | Best Valid: 0.42/0.67/60.21 | Ep. 4
Time elapsed: 35.43 min
Epoch: 099/200 | Batch 0000/0043 | Loss: 0.0241
MAE/RMSE/ACC: Current Valid: 0.48/0.74/60.21 Ep. 99 | Best Valid: 0.42/0.67/60.21 | Ep. 4
Time elapsed: 35.80 min
Epoch: 100/200 | Batch 0000/0043 | Loss: 0.0088
MAE/RMSE/ACC: Current Valid: 0.49/0.74/60.21 Ep. 100 | Best Valid: 0.42/0.67/60.21 | Ep. 4
Time elapsed: 36.16 min
Epoch: 101/200 | Batch 0000/0043 | Loss: 0.0407
MAE/RMSE/ACC: Current Valid: 0.48/0.74/60.21 Ep. 101 | Best Valid: 0.42/0.67/60.21 | Ep. 4
Time elapsed: 36.52 min
Epoch: 102/200 | Batch 0000/0043 | Loss: 0.0096
MAE/RMSE/ACC: Current Valid: 0.48/0.74/60.21 Ep. 102 | Best Valid: 0.42/0.67/60.21 | Ep. 4
Time elapsed: 36.88 min
Epoch: 103/200 | Batch 0000/0043 | Loss: 0.0111
MAE/RMSE/ACC: Current Valid: 0.46/0.73/60.21 Ep. 103 | Best Valid: 0.42/0.67/60.21 | Ep. 4
Time elapsed: 37.25 min
Epoch: 104/200 | Batch 0000/0043 | Loss: 0.0257
MAE/RMSE/ACC: Current Valid: 0.48/0.74/60.21 Ep. 104 | Best Valid: 0.42/0.67/60.21 | Ep. 4
Time elapsed: 37.62 min
Epoch: 105/200 | Batch 0000/0043 | Loss: 0.0198
MAE/RMSE/ACC: Current Valid: 0.48/0.74/60.21 Ep. 105 | Best Valid: 0.42/0.67/60.21 | Ep. 4
Time elapsed: 37.98 min
Epoch: 106/200 | Batch 0000/0043 | Loss: 0.0173
MAE/RMSE/ACC: Current Valid: 0.49/0.75/60.21 Ep. 106 | Best Valid: 0.42/0.67/60.21 | Ep. 4
Time elapsed: 38.35 min
Epoch: 107/200 | Batch 0000/0043 | Loss: 0.0121
MAE/RMSE/ACC: Current Valid: 0.46/0.73/60.21 Ep. 107 | Best Valid: 0.42/0.67/60.21 | Ep. 4
Time elapsed: 38.71 min
Epoch: 108/200 | Batch 0000/0043 | Loss: 0.0768
MAE/RMSE/ACC: Current Valid: 0.47/0.73/60.21 Ep. 108 | Best Valid: 0.42/0.67/60.21 | Ep. 4
Time elapsed: 39.08 min
Epoch: 109/200 | Batch 0000/0043 | Loss: 0.0329
MAE/RMSE/ACC: Current Valid: 0.51/0.78/60.21 Ep. 109 | Best Valid: 0.42/0.67/60.21 | Ep. 4
Time elapsed: 39.44 min
Epoch: 110/200 | Batch 0000/0043 | Loss: 0.0158
MAE/RMSE/ACC: Current Valid: 0.47/0.73/60.21 Ep. 110 | Best Valid: 0.42/0.67/60.21 | Ep. 4
Time elapsed: 39.81 min
Epoch: 111/200 | Batch 0000/0043 | Loss: 0.0433
MAE/RMSE/ACC: Current Valid: 0.50/0.76/60.21 Ep. 111 | Best Valid: 0.42/0.67/60.21 | Ep. 4
Time elapsed: 40.17 min
Epoch: 112/200 | Batch 0000/0043 | Loss: 0.0106
MAE/RMSE/ACC: Current Valid: 0.50/0.76/60.21 Ep. 112 | Best Valid: 0.42/0.67/60.21 | Ep. 4
Time elapsed: 40.54 min
Epoch: 113/200 | Batch 0000/0043 | Loss: 0.0181
MAE/RMSE/ACC: Current Valid: 0.49/0.74/60.21 Ep. 113 | Best Valid: 0.42/0.67/60.21 | Ep. 4
Time elapsed: 40.90 min
Epoch: 114/200 | Batch 0000/0043 | Loss: 0.0572
MAE/RMSE/ACC: Current Valid: 0.49/0.75/60.21 Ep. 114 | Best Valid: 0.42/0.67/60.21 | Ep. 4
Time elapsed: 41.27 min
Epoch: 115/200 | Batch 0000/0043 | Loss: 0.0131
MAE/RMSE/ACC: Current Valid: 0.47/0.73/60.21 Ep. 115 | Best Valid: 0.42/0.67/60.21 | Ep. 4
Time elapsed: 41.63 min
Epoch: 116/200 | Batch 0000/0043 | Loss: 0.0362
MAE/RMSE/ACC: Current Valid: 0.49/0.75/60.21 Ep. 116 | Best Valid: 0.42/0.67/60.21 | Ep. 4
Time elapsed: 41.99 min
Epoch: 117/200 | Batch 0000/0043 | Loss: 0.0085
MAE/RMSE/ACC: Current Valid: 0.48/0.74/60.21 Ep. 117 | Best Valid: 0.42/0.67/60.21 | Ep. 4
Time elapsed: 42.36 min
Epoch: 118/200 | Batch 0000/0043 | Loss: 0.0096
MAE/RMSE/ACC: Current Valid: 0.51/0.78/60.21 Ep. 118 | Best Valid: 0.42/0.67/60.21 | Ep. 4
Time elapsed: 42.72 min
Epoch: 119/200 | Batch 0000/0043 | Loss: 0.0407
MAE/RMSE/ACC: Current Valid: 0.51/0.76/60.21 Ep. 119 | Best Valid: 0.42/0.67/60.21 | Ep. 4
Time elapsed: 43.09 min
Epoch: 120/200 | Batch 0000/0043 | Loss: 0.0545
MAE/RMSE/ACC: Current Valid: 0.48/0.74/60.21 Ep. 120 | Best Valid: 0.42/0.67/60.21 | Ep. 4
Time elapsed: 43.45 min
Epoch: 121/200 | Batch 0000/0043 | Loss: 0.0208
MAE/RMSE/ACC: Current Valid: 0.49/0.75/60.21 Ep. 121 | Best Valid: 0.42/0.67/60.21 | Ep. 4
Time elapsed: 43.81 min
Epoch: 122/200 | Batch 0000/0043 | Loss: 0.0661
MAE/RMSE/ACC: Current Valid: 0.51/0.77/60.21 Ep. 122 | Best Valid: 0.42/0.67/60.21 | Ep. 4
Time elapsed: 44.18 min
Epoch: 123/200 | Batch 0000/0043 | Loss: 0.0380
MAE/RMSE/ACC: Current Valid: 0.48/0.74/60.21 Ep. 123 | Best Valid: 0.42/0.67/60.21 | Ep. 4
Time elapsed: 44.54 min
Epoch: 124/200 | Batch 0000/0043 | Loss: 0.0297
MAE/RMSE/ACC: Current Valid: 0.52/0.79/60.21 Ep. 124 | Best Valid: 0.42/0.67/60.21 | Ep. 4
Time elapsed: 44.91 min
Epoch: 125/200 | Batch 0000/0043 | Loss: 0.0219
MAE/RMSE/ACC: Current Valid: 0.49/0.74/60.21 Ep. 125 | Best Valid: 0.42/0.67/60.21 | Ep. 4
Time elapsed: 45.27 min
Epoch: 126/200 | Batch 0000/0043 | Loss: 0.0035
MAE/RMSE/ACC: Current Valid: 0.47/0.72/60.21 Ep. 126 | Best Valid: 0.42/0.67/60.21 | Ep. 4
Time elapsed: 45.64 min
Epoch: 127/200 | Batch 0000/0043 | Loss: 0.0060
MAE/RMSE/ACC: Current Valid: 0.49/0.75/60.21 Ep. 127 | Best Valid: 0.42/0.67/60.21 | Ep. 4
Time elapsed: 46.00 min
Epoch: 128/200 | Batch 0000/0043 | Loss: 0.0055
MAE/RMSE/ACC: Current Valid: 0.47/0.73/60.21 Ep. 128 | Best Valid: 0.42/0.67/60.21 | Ep. 4
Time elapsed: 46.37 min
Epoch: 129/200 | Batch 0000/0043 | Loss: 0.0025
MAE/RMSE/ACC: Current Valid: 0.49/0.74/60.21 Ep. 129 | Best Valid: 0.42/0.67/60.21 | Ep. 4
Time elapsed: 46.73 min
Epoch: 130/200 | Batch 0000/0043 | Loss: 0.0179
MAE/RMSE/ACC: Current Valid: 0.49/0.75/60.21 Ep. 130 | Best Valid: 0.42/0.67/60.21 | Ep. 4
Time elapsed: 47.10 min
Epoch: 131/200 | Batch 0000/0043 | Loss: 0.0323
MAE/RMSE/ACC: Current Valid: 0.48/0.74/60.21 Ep. 131 | Best Valid: 0.42/0.67/60.21 | Ep. 4
Time elapsed: 47.46 min
Epoch: 132/200 | Batch 0000/0043 | Loss: 0.0116
MAE/RMSE/ACC: Current Valid: 0.50/0.75/60.21 Ep. 132 | Best Valid: 0.42/0.67/60.21 | Ep. 4
Time elapsed: 47.83 min
Epoch: 133/200 | Batch 0000/0043 | Loss: 0.0152
MAE/RMSE/ACC: Current Valid: 0.48/0.74/60.21 Ep. 133 | Best Valid: 0.42/0.67/60.21 | Ep. 4
Time elapsed: 48.19 min
Epoch: 134/200 | Batch 0000/0043 | Loss: 0.0219
MAE/RMSE/ACC: Current Valid: 0.51/0.78/60.21 Ep. 134 | Best Valid: 0.42/0.67/60.21 | Ep. 4
Time elapsed: 48.56 min
Epoch: 135/200 | Batch 0000/0043 | Loss: 0.0211
MAE/RMSE/ACC: Current Valid: 0.50/0.76/60.21 Ep. 135 | Best Valid: 0.42/0.67/60.21 | Ep. 4
Time elapsed: 48.92 min
Epoch: 136/200 | Batch 0000/0043 | Loss: 0.0043
MAE/RMSE/ACC: Current Valid: 0.48/0.74/60.21 Ep. 136 | Best Valid: 0.42/0.67/60.21 | Ep. 4
Time elapsed: 49.28 min
Epoch: 137/200 | Batch 0000/0043 | Loss: 0.0182
MAE/RMSE/ACC: Current Valid: 0.47/0.73/60.21 Ep. 137 | Best Valid: 0.42/0.67/60.21 | Ep. 4
Time elapsed: 49.65 min
Epoch: 138/200 | Batch 0000/0043 | Loss: 0.0019
MAE/RMSE/ACC: Current Valid: 0.53/0.79/60.21 Ep. 138 | Best Valid: 0.42/0.67/60.21 | Ep. 4
Time elapsed: 50.01 min
Epoch: 139/200 | Batch 0000/0043 | Loss: 0.0229
MAE/RMSE/ACC: Current Valid: 0.48/0.73/60.21 Ep. 139 | Best Valid: 0.42/0.67/60.21 | Ep. 4
Time elapsed: 50.37 min
Epoch: 140/200 | Batch 0000/0043 | Loss: 0.0220
MAE/RMSE/ACC: Current Valid: 0.51/0.77/60.21 Ep. 140 | Best Valid: 0.42/0.67/60.21 | Ep. 4
Time elapsed: 50.74 min
Epoch: 141/200 | Batch 0000/0043 | Loss: 0.0176
MAE/RMSE/ACC: Current Valid: 0.50/0.76/60.21 Ep. 141 | Best Valid: 0.42/0.67/60.21 | Ep. 4
Time elapsed: 51.10 min
Epoch: 142/200 | Batch 0000/0043 | Loss: 0.0258
MAE/RMSE/ACC: Current Valid: 0.52/0.78/60.21 Ep. 142 | Best Valid: 0.42/0.67/60.21 | Ep. 4
Time elapsed: 51.47 min
Epoch: 143/200 | Batch 0000/0043 | Loss: 0.0262
MAE/RMSE/ACC: Current Valid: 0.48/0.75/60.21 Ep. 143 | Best Valid: 0.42/0.67/60.21 | Ep. 4
Time elapsed: 51.83 min
Epoch: 144/200 | Batch 0000/0043 | Loss: 0.0058
MAE/RMSE/ACC: Current Valid: 0.47/0.75/60.21 Ep. 144 | Best Valid: 0.42/0.67/60.21 | Ep. 4
Time elapsed: 52.20 min
Epoch: 145/200 | Batch 0000/0043 | Loss: 0.0322
MAE/RMSE/ACC: Current Valid: 0.50/0.76/60.21 Ep. 145 | Best Valid: 0.42/0.67/60.21 | Ep. 4
Time elapsed: 52.56 min
Epoch: 146/200 | Batch 0000/0043 | Loss: 0.0307
MAE/RMSE/ACC: Current Valid: 0.50/0.76/60.21 Ep. 146 | Best Valid: 0.42/0.67/60.21 | Ep. 4
Time elapsed: 52.93 min
Epoch: 147/200 | Batch 0000/0043 | Loss: 0.0395
MAE/RMSE/ACC: Current Valid: 0.49/0.76/60.21 Ep. 147 | Best Valid: 0.42/0.67/60.21 | Ep. 4
Time elapsed: 53.29 min
Epoch: 148/200 | Batch 0000/0043 | Loss: 0.0325
MAE/RMSE/ACC: Current Valid: 0.49/0.75/60.21 Ep. 148 | Best Valid: 0.42/0.67/60.21 | Ep. 4
Time elapsed: 53.66 min
Epoch: 149/200 | Batch 0000/0043 | Loss: 0.0045
MAE/RMSE/ACC: Current Valid: 0.47/0.74/60.21 Ep. 149 | Best Valid: 0.42/0.67/60.21 | Ep. 4
Time elapsed: 54.02 min
Epoch: 150/200 | Batch 0000/0043 | Loss: 0.0242
MAE/RMSE/ACC: Current Valid: 0.47/0.73/60.21 Ep. 150 | Best Valid: 0.42/0.67/60.21 | Ep. 4
Time elapsed: 54.39 min
Epoch: 151/200 | Batch 0000/0043 | Loss: 0.0195
MAE/RMSE/ACC: Current Valid: 0.51/0.77/60.21 Ep. 151 | Best Valid: 0.42/0.67/60.21 | Ep. 4
Time elapsed: 54.75 min
Epoch: 152/200 | Batch 0000/0043 | Loss: 0.0095
MAE/RMSE/ACC: Current Valid: 0.48/0.74/60.21 Ep. 152 | Best Valid: 0.42/0.67/60.21 | Ep. 4
Time elapsed: 55.12 min
Epoch: 153/200 | Batch 0000/0043 | Loss: 0.0484
MAE/RMSE/ACC: Current Valid: 0.48/0.74/60.21 Ep. 153 | Best Valid: 0.42/0.67/60.21 | Ep. 4
Time elapsed: 55.48 min
Epoch: 154/200 | Batch 0000/0043 | Loss: 0.0191
MAE/RMSE/ACC: Current Valid: 0.48/0.74/60.21 Ep. 154 | Best Valid: 0.42/0.67/60.21 | Ep. 4
Time elapsed: 55.85 min
Epoch: 155/200 | Batch 0000/0043 | Loss: 0.0060
MAE/RMSE/ACC: Current Valid: 0.48/0.75/60.21 Ep. 155 | Best Valid: 0.42/0.67/60.21 | Ep. 4
Time elapsed: 56.21 min
Epoch: 156/200 | Batch 0000/0043 | Loss: 0.0109
MAE/RMSE/ACC: Current Valid: 0.50/0.76/60.21 Ep. 156 | Best Valid: 0.42/0.67/60.21 | Ep. 4
Time elapsed: 56.58 min
Epoch: 157/200 | Batch 0000/0043 | Loss: 0.0028
MAE/RMSE/ACC: Current Valid: 0.48/0.75/60.21 Ep. 157 | Best Valid: 0.42/0.67/60.21 | Ep. 4
Time elapsed: 56.94 min
Epoch: 158/200 | Batch 0000/0043 | Loss: 0.0120
MAE/RMSE/ACC: Current Valid: 0.47/0.73/60.21 Ep. 158 | Best Valid: 0.42/0.67/60.21 | Ep. 4
Time elapsed: 57.30 min
Epoch: 159/200 | Batch 0000/0043 | Loss: 0.0322
MAE/RMSE/ACC: Current Valid: 0.46/0.73/60.21 Ep. 159 | Best Valid: 0.42/0.67/60.21 | Ep. 4
Time elapsed: 57.67 min
Epoch: 160/200 | Batch 0000/0043 | Loss: 0.0097
MAE/RMSE/ACC: Current Valid: 0.49/0.75/60.21 Ep. 160 | Best Valid: 0.42/0.67/60.21 | Ep. 4
Time elapsed: 58.03 min
Epoch: 161/200 | Batch 0000/0043 | Loss: 0.0046
MAE/RMSE/ACC: Current Valid: 0.49/0.75/60.21 Ep. 161 | Best Valid: 0.42/0.67/60.21 | Ep. 4
Time elapsed: 58.40 min
Epoch: 162/200 | Batch 0000/0043 | Loss: 0.0397
MAE/RMSE/ACC: Current Valid: 0.48/0.74/60.21 Ep. 162 | Best Valid: 0.42/0.67/60.21 | Ep. 4
Time elapsed: 58.76 min
Epoch: 163/200 | Batch 0000/0043 | Loss: 0.0230
MAE/RMSE/ACC: Current Valid: 0.48/0.75/60.21 Ep. 163 | Best Valid: 0.42/0.67/60.21 | Ep. 4
Time elapsed: 59.13 min
Epoch: 164/200 | Batch 0000/0043 | Loss: 0.0432
MAE/RMSE/ACC: Current Valid: 0.51/0.78/60.21 Ep. 164 | Best Valid: 0.42/0.67/60.21 | Ep. 4
Time elapsed: 59.49 min
Epoch: 165/200 | Batch 0000/0043 | Loss: 0.0171
MAE/RMSE/ACC: Current Valid: 0.48/0.74/60.21 Ep. 165 | Best Valid: 0.42/0.67/60.21 | Ep. 4
Time elapsed: 59.85 min
Epoch: 166/200 | Batch 0000/0043 | Loss: 0.0364
MAE/RMSE/ACC: Current Valid: 0.48/0.74/60.21 Ep. 166 | Best Valid: 0.42/0.67/60.21 | Ep. 4
Time elapsed: 60.22 min
Epoch: 167/200 | Batch 0000/0043 | Loss: 0.0111
MAE/RMSE/ACC: Current Valid: 0.48/0.74/60.21 Ep. 167 | Best Valid: 0.42/0.67/60.21 | Ep. 4
Time elapsed: 60.58 min
Epoch: 168/200 | Batch 0000/0043 | Loss: 0.0057
MAE/RMSE/ACC: Current Valid: 0.48/0.75/60.21 Ep. 168 | Best Valid: 0.42/0.67/60.21 | Ep. 4
Time elapsed: 60.95 min
Epoch: 169/200 | Batch 0000/0043 | Loss: 0.0022
MAE/RMSE/ACC: Current Valid: 0.50/0.77/60.21 Ep. 169 | Best Valid: 0.42/0.67/60.21 | Ep. 4
Time elapsed: 61.31 min
Epoch: 170/200 | Batch 0000/0043 | Loss: 0.0026
MAE/RMSE/ACC: Current Valid: 0.47/0.73/60.21 Ep. 170 | Best Valid: 0.42/0.67/60.21 | Ep. 4
Time elapsed: 61.68 min
Epoch: 171/200 | Batch 0000/0043 | Loss: 0.0352
MAE/RMSE/ACC: Current Valid: 0.48/0.75/60.21 Ep. 171 | Best Valid: 0.42/0.67/60.21 | Ep. 4
Time elapsed: 62.04 min
Epoch: 172/200 | Batch 0000/0043 | Loss: 0.0181
MAE/RMSE/ACC: Current Valid: 0.50/0.76/60.21 Ep. 172 | Best Valid: 0.42/0.67/60.21 | Ep. 4
Time elapsed: 62.40 min
Epoch: 173/200 | Batch 0000/0043 | Loss: 0.0145
MAE/RMSE/ACC: Current Valid: 0.49/0.76/60.21 Ep. 173 | Best Valid: 0.42/0.67/60.21 | Ep. 4
Time elapsed: 62.77 min
Epoch: 174/200 | Batch 0000/0043 | Loss: 0.0018
MAE/RMSE/ACC: Current Valid: 0.48/0.74/60.21 Ep. 174 | Best Valid: 0.42/0.67/60.21 | Ep. 4
Time elapsed: 63.13 min
Epoch: 175/200 | Batch 0000/0043 | Loss: 0.0325
MAE/RMSE/ACC: Current Valid: 0.46/0.72/60.21 Ep. 175 | Best Valid: 0.42/0.67/60.21 | Ep. 4
Time elapsed: 63.50 min
Epoch: 176/200 | Batch 0000/0043 | Loss: 0.0074
MAE/RMSE/ACC: Current Valid: 0.50/0.76/60.21 Ep. 176 | Best Valid: 0.42/0.67/60.21 | Ep. 4
Time elapsed: 63.86 min
Epoch: 177/200 | Batch 0000/0043 | Loss: 0.0133
MAE/RMSE/ACC: Current Valid: 0.50/0.76/60.21 Ep. 177 | Best Valid: 0.42/0.67/60.21 | Ep. 4
Time elapsed: 64.22 min
Epoch: 178/200 | Batch 0000/0043 | Loss: 0.0059
MAE/RMSE/ACC: Current Valid: 0.48/0.75/60.21 Ep. 178 | Best Valid: 0.42/0.67/60.21 | Ep. 4
Time elapsed: 64.59 min
Epoch: 179/200 | Batch 0000/0043 | Loss: 0.0080
MAE/RMSE/ACC: Current Valid: 0.47/0.73/60.21 Ep. 179 | Best Valid: 0.42/0.67/60.21 | Ep. 4
Time elapsed: 64.95 min
Epoch: 180/200 | Batch 0000/0043 | Loss: 0.0024
MAE/RMSE/ACC: Current Valid: 0.48/0.74/60.21 Ep. 180 | Best Valid: 0.42/0.67/60.21 | Ep. 4
Time elapsed: 65.32 min
Epoch: 181/200 | Batch 0000/0043 | Loss: 0.0030
MAE/RMSE/ACC: Current Valid: 0.51/0.77/60.21 Ep. 181 | Best Valid: 0.42/0.67/60.21 | Ep. 4
Time elapsed: 65.68 min
Epoch: 182/200 | Batch 0000/0043 | Loss: 0.0176
MAE/RMSE/ACC: Current Valid: 0.49/0.75/60.21 Ep. 182 | Best Valid: 0.42/0.67/60.21 | Ep. 4
Time elapsed: 66.04 min
Epoch: 183/200 | Batch 0000/0043 | Loss: 0.0080
MAE/RMSE/ACC: Current Valid: 0.48/0.75/60.21 Ep. 183 | Best Valid: 0.42/0.67/60.21 | Ep. 4
Time elapsed: 66.41 min
Epoch: 184/200 | Batch 0000/0043 | Loss: 0.0174
MAE/RMSE/ACC: Current Valid: 0.47/0.73/60.21 Ep. 184 | Best Valid: 0.42/0.67/60.21 | Ep. 4
Time elapsed: 66.78 min
Epoch: 185/200 | Batch 0000/0043 | Loss: 0.0192
MAE/RMSE/ACC: Current Valid: 0.48/0.74/60.21 Ep. 185 | Best Valid: 0.42/0.67/60.21 | Ep. 4
Time elapsed: 67.14 min
Epoch: 186/200 | Batch 0000/0043 | Loss: 0.0241
MAE/RMSE/ACC: Current Valid: 0.50/0.76/60.21 Ep. 186 | Best Valid: 0.42/0.67/60.21 | Ep. 4
Time elapsed: 67.50 min
Epoch: 187/200 | Batch 0000/0043 | Loss: 0.0272
MAE/RMSE/ACC: Current Valid: 0.50/0.75/60.21 Ep. 187 | Best Valid: 0.42/0.67/60.21 | Ep. 4
Time elapsed: 67.87 min
Epoch: 188/200 | Batch 0000/0043 | Loss: 0.0037
MAE/RMSE/ACC: Current Valid: 0.50/0.76/60.21 Ep. 188 | Best Valid: 0.42/0.67/60.21 | Ep. 4
Time elapsed: 68.23 min
Epoch: 189/200 | Batch 0000/0043 | Loss: 0.0363
MAE/RMSE/ACC: Current Valid: 0.50/0.76/60.21 Ep. 189 | Best Valid: 0.42/0.67/60.21 | Ep. 4
Time elapsed: 68.59 min
Epoch: 190/200 | Batch 0000/0043 | Loss: 0.0178
MAE/RMSE/ACC: Current Valid: 0.48/0.73/60.21 Ep. 190 | Best Valid: 0.42/0.67/60.21 | Ep. 4
Time elapsed: 68.96 min
Epoch: 191/200 | Batch 0000/0043 | Loss: 0.0037
MAE/RMSE/ACC: Current Valid: 0.49/0.74/60.21 Ep. 191 | Best Valid: 0.42/0.67/60.21 | Ep. 4
Time elapsed: 69.32 min
Epoch: 192/200 | Batch 0000/0043 | Loss: 0.0078
MAE/RMSE/ACC: Current Valid: 0.47/0.73/60.21 Ep. 192 | Best Valid: 0.42/0.67/60.21 | Ep. 4
Time elapsed: 69.69 min
Epoch: 193/200 | Batch 0000/0043 | Loss: 0.0224
MAE/RMSE/ACC: Current Valid: 0.50/0.76/60.21 Ep. 193 | Best Valid: 0.42/0.67/60.21 | Ep. 4
Time elapsed: 70.05 min
Epoch: 194/200 | Batch 0000/0043 | Loss: 0.0033
MAE/RMSE/ACC: Current Valid: 0.49/0.75/60.21 Ep. 194 | Best Valid: 0.42/0.67/60.21 | Ep. 4
Time elapsed: 70.42 min
Epoch: 195/200 | Batch 0000/0043 | Loss: 0.0170
MAE/RMSE/ACC: Current Valid: 0.49/0.75/60.21 Ep. 195 | Best Valid: 0.42/0.67/60.21 | Ep. 4
Time elapsed: 70.79 min
Epoch: 196/200 | Batch 0000/0043 | Loss: 0.0017
MAE/RMSE/ACC: Current Valid: 0.47/0.73/60.21 Ep. 196 | Best Valid: 0.42/0.67/60.21 | Ep. 4
Time elapsed: 71.16 min
Epoch: 197/200 | Batch 0000/0043 | Loss: 0.0076
MAE/RMSE/ACC: Current Valid: 0.50/0.77/60.21 Ep. 197 | Best Valid: 0.42/0.67/60.21 | Ep. 4
Time elapsed: 71.52 min
Epoch: 198/200 | Batch 0000/0043 | Loss: 0.0119
MAE/RMSE/ACC: Current Valid: 0.48/0.74/60.21 Ep. 198 | Best Valid: 0.42/0.67/60.21 | Ep. 4
Time elapsed: 71.89 min
Epoch: 199/200 | Batch 0000/0043 | Loss: 0.0353
MAE/RMSE/ACC: Current Valid: 0.48/0.74/60.21 Ep. 199 | Best Valid: 0.42/0.67/60.21 | Ep. 4
Time elapsed: 72.26 min
Epoch: 200/200 | Batch 0000/0043 | Loss: 0.0021
MAE/RMSE/ACC: Current Valid: 0.48/0.74/60.21 Ep. 200 | Best Valid: 0.42/0.67/60.21 | Ep. 4
Time elapsed: 72.62 min
MAE/RMSE: | Train: 0.00/0.07 | Valid: 0.48/0.74 | Test: 0.44/0.71
ACC: | Train: 99.64 | Valid: 55.21 | Test: 58.59
Total Running Time: 73.27 min
MAE/RMSE: | Best Train: 0.40/0.66 | Best Valid: 0.42/0.67 | Best Test: 0.43/0.69
ACC: | Best Train: 62.07 | Best Valid: 60.21 | Best Test: 59.74
Total Running Time: 73.90 min
