This script: resnet34_conditional-v3-ablation.py
PyTorch Version: 1.8.1
CUDA device: cuda:3
CUDA version: 10.2
Random seed: 3
Learning rate: 0.0005
Epochs: 50
Batch size: 16
Output path: ../ablation-results/morph2-abl-3
Epoch: 001/050 | Batch 0000/1289 | Loss: 0.7330
Epoch: 001/050 | Batch 0050/1289 | Loss: 0.5333
Epoch: 001/050 | Batch 0100/1289 | Loss: 0.5277
Epoch: 001/050 | Batch 0150/1289 | Loss: 0.3962
Epoch: 001/050 | Batch 0200/1289 | Loss: 0.4084
Epoch: 001/050 | Batch 0250/1289 | Loss: 0.3772
Epoch: 001/050 | Batch 0300/1289 | Loss: 0.6835
Epoch: 001/050 | Batch 0350/1289 | Loss: 0.3611
Epoch: 001/050 | Batch 0400/1289 | Loss: 0.4053
Epoch: 001/050 | Batch 0450/1289 | Loss: 0.3437
Epoch: 001/050 | Batch 0500/1289 | Loss: 0.3127
Epoch: 001/050 | Batch 0550/1289 | Loss: 0.3714
Epoch: 001/050 | Batch 0600/1289 | Loss: 0.3437
Epoch: 001/050 | Batch 0650/1289 | Loss: 0.5126
Epoch: 001/050 | Batch 0700/1289 | Loss: 0.3377
Epoch: 001/050 | Batch 0750/1289 | Loss: 0.2677
Epoch: 001/050 | Batch 0800/1289 | Loss: 0.2603
Epoch: 001/050 | Batch 0850/1289 | Loss: 0.3707
Epoch: 001/050 | Batch 0900/1289 | Loss: 0.2935
Epoch: 001/050 | Batch 0950/1289 | Loss: 0.3499
Epoch: 001/050 | Batch 1000/1289 | Loss: 0.3536
Epoch: 001/050 | Batch 1050/1289 | Loss: 0.4140
Epoch: 001/050 | Batch 1100/1289 | Loss: 0.2658
Epoch: 001/050 | Batch 1150/1289 | Loss: 0.3597
Epoch: 001/050 | Batch 1200/1289 | Loss: 0.3225
Epoch: 001/050 | Batch 1250/1289 | Loss: 0.3107
MAE/RMSE/ACC: Current Valid: 5.32/6.70/5.34 Ep. 1 | Best Valid: 5.32/6.70/5.34 | Ep. 1
Time elapsed: 1.47 min
Epoch: 002/050 | Batch 0000/1289 | Loss: 0.4151
Epoch: 002/050 | Batch 0050/1289 | Loss: 0.2865
Epoch: 002/050 | Batch 0100/1289 | Loss: 0.2534
Epoch: 002/050 | Batch 0150/1289 | Loss: 0.3164
Epoch: 002/050 | Batch 0200/1289 | Loss: 0.1964
Epoch: 002/050 | Batch 0250/1289 | Loss: 0.4457
Epoch: 002/050 | Batch 0300/1289 | Loss: 0.4050
Epoch: 002/050 | Batch 0350/1289 | Loss: 0.2319
Epoch: 002/050 | Batch 0400/1289 | Loss: 0.2645
Epoch: 002/050 | Batch 0450/1289 | Loss: 0.2669
Epoch: 002/050 | Batch 0500/1289 | Loss: 0.2609
Epoch: 002/050 | Batch 0550/1289 | Loss: 0.2909
Epoch: 002/050 | Batch 0600/1289 | Loss: 0.3199
Epoch: 002/050 | Batch 0650/1289 | Loss: 0.2070
Epoch: 002/050 | Batch 0700/1289 | Loss: 0.2322
Epoch: 002/050 | Batch 0750/1289 | Loss: 0.3144
Epoch: 002/050 | Batch 0800/1289 | Loss: 0.3611
Epoch: 002/050 | Batch 0850/1289 | Loss: 0.3068
Epoch: 002/050 | Batch 0900/1289 | Loss: 0.1984
Epoch: 002/050 | Batch 0950/1289 | Loss: 0.3125
Epoch: 002/050 | Batch 1000/1289 | Loss: 0.2213
Epoch: 002/050 | Batch 1050/1289 | Loss: 0.2295
Epoch: 002/050 | Batch 1100/1289 | Loss: 0.1974
Epoch: 002/050 | Batch 1150/1289 | Loss: 0.2414
Epoch: 002/050 | Batch 1200/1289 | Loss: 0.3111
Epoch: 002/050 | Batch 1250/1289 | Loss: 0.1992
MAE/RMSE/ACC: Current Valid: 5.08/6.60/7.16 Ep. 2 | Best Valid: 5.08/6.60/7.16 | Ep. 2
Time elapsed: 2.88 min
Epoch: 003/050 | Batch 0000/1289 | Loss: 0.3244
Epoch: 003/050 | Batch 0050/1289 | Loss: 0.2617
Epoch: 003/050 | Batch 0100/1289 | Loss: 0.3843
Epoch: 003/050 | Batch 0150/1289 | Loss: 0.2635
Epoch: 003/050 | Batch 0200/1289 | Loss: 0.2614
Epoch: 003/050 | Batch 0250/1289 | Loss: 0.2859
Epoch: 003/050 | Batch 0300/1289 | Loss: 0.2221
Epoch: 003/050 | Batch 0350/1289 | Loss: 0.2474
Epoch: 003/050 | Batch 0400/1289 | Loss: 0.3713
Epoch: 003/050 | Batch 0450/1289 | Loss: 0.3825
Epoch: 003/050 | Batch 0500/1289 | Loss: 0.2436
Epoch: 003/050 | Batch 0550/1289 | Loss: 0.3180
Epoch: 003/050 | Batch 0600/1289 | Loss: 0.3504
Epoch: 003/050 | Batch 0650/1289 | Loss: 0.2811
Epoch: 003/050 | Batch 0700/1289 | Loss: 0.2806
Epoch: 003/050 | Batch 0750/1289 | Loss: 0.2820
Epoch: 003/050 | Batch 0800/1289 | Loss: 0.3221
Epoch: 003/050 | Batch 0850/1289 | Loss: 0.2619
Epoch: 003/050 | Batch 0900/1289 | Loss: 0.2798
Epoch: 003/050 | Batch 0950/1289 | Loss: 0.2433
Epoch: 003/050 | Batch 1000/1289 | Loss: 0.2480
Epoch: 003/050 | Batch 1050/1289 | Loss: 0.1975
Epoch: 003/050 | Batch 1100/1289 | Loss: 0.3582
Epoch: 003/050 | Batch 1150/1289 | Loss: 0.2895
Epoch: 003/050 | Batch 1200/1289 | Loss: 0.2357
Epoch: 003/050 | Batch 1250/1289 | Loss: 0.2167
MAE/RMSE/ACC: Current Valid: 4.02/5.19/8.21 Ep. 3 | Best Valid: 4.02/5.19/8.21 | Ep. 3
Time elapsed: 4.31 min
Epoch: 004/050 | Batch 0000/1289 | Loss: 0.3331
Epoch: 004/050 | Batch 0050/1289 | Loss: 0.2282
Epoch: 004/050 | Batch 0100/1289 | Loss: 0.2349
Epoch: 004/050 | Batch 0150/1289 | Loss: 0.2761
Epoch: 004/050 | Batch 0200/1289 | Loss: 0.3543
Epoch: 004/050 | Batch 0250/1289 | Loss: 0.2205
Epoch: 004/050 | Batch 0300/1289 | Loss: 0.2355
Epoch: 004/050 | Batch 0350/1289 | Loss: 0.2660
Epoch: 004/050 | Batch 0400/1289 | Loss: 0.2618
Epoch: 004/050 | Batch 0450/1289 | Loss: 0.2450
Epoch: 004/050 | Batch 0500/1289 | Loss: 0.2689
Epoch: 004/050 | Batch 0550/1289 | Loss: 0.2179
Epoch: 004/050 | Batch 0600/1289 | Loss: 0.2850
Epoch: 004/050 | Batch 0650/1289 | Loss: 0.2121
Epoch: 004/050 | Batch 0700/1289 | Loss: 0.2756
Epoch: 004/050 | Batch 0750/1289 | Loss: 0.3389
Epoch: 004/050 | Batch 0800/1289 | Loss: 0.2281
Epoch: 004/050 | Batch 0850/1289 | Loss: 0.2940
Epoch: 004/050 | Batch 0900/1289 | Loss: 0.2809
Epoch: 004/050 | Batch 0950/1289 | Loss: 0.2156
Epoch: 004/050 | Batch 1000/1289 | Loss: 0.2737
Epoch: 004/050 | Batch 1050/1289 | Loss: 0.3279
Epoch: 004/050 | Batch 1100/1289 | Loss: 0.3131
Epoch: 004/050 | Batch 1150/1289 | Loss: 0.3028
Epoch: 004/050 | Batch 1200/1289 | Loss: 0.1803
Epoch: 004/050 | Batch 1250/1289 | Loss: 0.2021
MAE/RMSE/ACC: Current Valid: 4.84/6.24/8.21 Ep. 4 | Best Valid: 4.02/5.19/8.21 | Ep. 3
Time elapsed: 5.75 min
Epoch: 005/050 | Batch 0000/1289 | Loss: 0.2686
Epoch: 005/050 | Batch 0050/1289 | Loss: 0.1971
Epoch: 005/050 | Batch 0100/1289 | Loss: 0.2557
Epoch: 005/050 | Batch 0150/1289 | Loss: 0.2895
Epoch: 005/050 | Batch 0200/1289 | Loss: 0.2185
Epoch: 005/050 | Batch 0250/1289 | Loss: 0.2376
Epoch: 005/050 | Batch 0300/1289 | Loss: 0.2431
Epoch: 005/050 | Batch 0350/1289 | Loss: 0.2253
Epoch: 005/050 | Batch 0400/1289 | Loss: 0.2261
Epoch: 005/050 | Batch 0450/1289 | Loss: 0.3177
Epoch: 005/050 | Batch 0500/1289 | Loss: 0.2291
Epoch: 005/050 | Batch 0550/1289 | Loss: 0.2973
Epoch: 005/050 | Batch 0600/1289 | Loss: 0.1878
Epoch: 005/050 | Batch 0650/1289 | Loss: 0.3314
Epoch: 005/050 | Batch 0700/1289 | Loss: 0.2719
Epoch: 005/050 | Batch 0750/1289 | Loss: 0.1939
Epoch: 005/050 | Batch 0800/1289 | Loss: 0.2157
Epoch: 005/050 | Batch 0850/1289 | Loss: 0.2784
Epoch: 005/050 | Batch 0900/1289 | Loss: 0.2073
Epoch: 005/050 | Batch 0950/1289 | Loss: 0.2197
Epoch: 005/050 | Batch 1000/1289 | Loss: 0.2036
Epoch: 005/050 | Batch 1050/1289 | Loss: 0.2340
Epoch: 005/050 | Batch 1100/1289 | Loss: 0.2390
Epoch: 005/050 | Batch 1150/1289 | Loss: 0.2133
Epoch: 005/050 | Batch 1200/1289 | Loss: 0.3017
Epoch: 005/050 | Batch 1250/1289 | Loss: 0.2190
MAE/RMSE/ACC: Current Valid: 4.83/6.31/8.21 Ep. 5 | Best Valid: 4.02/5.19/8.21 | Ep. 3
Time elapsed: 7.21 min
Epoch: 006/050 | Batch 0000/1289 | Loss: 0.2705
Epoch: 006/050 | Batch 0050/1289 | Loss: 0.2313
Epoch: 006/050 | Batch 0100/1289 | Loss: 0.2079
Epoch: 006/050 | Batch 0150/1289 | Loss: 0.2502
Epoch: 006/050 | Batch 0200/1289 | Loss: 0.3551
Epoch: 006/050 | Batch 0250/1289 | Loss: 0.2206
Epoch: 006/050 | Batch 0300/1289 | Loss: 0.2231
Epoch: 006/050 | Batch 0350/1289 | Loss: 0.3355
Epoch: 006/050 | Batch 0400/1289 | Loss: 0.2424
Epoch: 006/050 | Batch 0450/1289 | Loss: 0.2401
Epoch: 006/050 | Batch 0500/1289 | Loss: 0.2132
Epoch: 006/050 | Batch 0550/1289 | Loss: 0.2844
Epoch: 006/050 | Batch 0600/1289 | Loss: 0.3145
Epoch: 006/050 | Batch 0650/1289 | Loss: 0.2265
Epoch: 006/050 | Batch 0700/1289 | Loss: 0.2417
Epoch: 006/050 | Batch 0750/1289 | Loss: 0.3172
Epoch: 006/050 | Batch 0800/1289 | Loss: 0.3198
Epoch: 006/050 | Batch 0850/1289 | Loss: 0.2104
Epoch: 006/050 | Batch 0900/1289 | Loss: 0.2465
Epoch: 006/050 | Batch 0950/1289 | Loss: 0.2345
Epoch: 006/050 | Batch 1000/1289 | Loss: 0.2516
Epoch: 006/050 | Batch 1050/1289 | Loss: 0.2359
Epoch: 006/050 | Batch 1100/1289 | Loss: 0.2111
Epoch: 006/050 | Batch 1150/1289 | Loss: 0.2061
Epoch: 006/050 | Batch 1200/1289 | Loss: 0.2020
Epoch: 006/050 | Batch 1250/1289 | Loss: 0.1955
MAE/RMSE/ACC: Current Valid: 4.16/5.40/8.21 Ep. 6 | Best Valid: 4.02/5.19/8.21 | Ep. 3
Time elapsed: 9.42 min
Epoch: 007/050 | Batch 0000/1289 | Loss: 0.1722
Epoch: 007/050 | Batch 0050/1289 | Loss: 0.2219
Epoch: 007/050 | Batch 0100/1289 | Loss: 0.1958
Epoch: 007/050 | Batch 0150/1289 | Loss: 0.2242
Epoch: 007/050 | Batch 0200/1289 | Loss: 0.2192
Epoch: 007/050 | Batch 0250/1289 | Loss: 0.1574
Epoch: 007/050 | Batch 0300/1289 | Loss: 0.1856
Epoch: 007/050 | Batch 0350/1289 | Loss: 0.2262
Epoch: 007/050 | Batch 0400/1289 | Loss: 0.3875
Epoch: 007/050 | Batch 0450/1289 | Loss: 0.2817
Epoch: 007/050 | Batch 0500/1289 | Loss: 0.2044
Epoch: 007/050 | Batch 0550/1289 | Loss: 0.2231
Epoch: 007/050 | Batch 0600/1289 | Loss: 0.2051
Epoch: 007/050 | Batch 0650/1289 | Loss: 0.3266
Epoch: 007/050 | Batch 0700/1289 | Loss: 0.2156
Epoch: 007/050 | Batch 0750/1289 | Loss: 0.2334
Epoch: 007/050 | Batch 0800/1289 | Loss: 0.2349
Epoch: 007/050 | Batch 0850/1289 | Loss: 0.2899
Epoch: 007/050 | Batch 0900/1289 | Loss: 0.1934
Epoch: 007/050 | Batch 0950/1289 | Loss: 0.2712
Epoch: 007/050 | Batch 1000/1289 | Loss: 0.1782
Epoch: 007/050 | Batch 1050/1289 | Loss: 0.2337
Epoch: 007/050 | Batch 1100/1289 | Loss: 0.1446
Epoch: 007/050 | Batch 1150/1289 | Loss: 0.2414
Epoch: 007/050 | Batch 1200/1289 | Loss: 0.2069
Epoch: 007/050 | Batch 1250/1289 | Loss: 0.2950
MAE/RMSE/ACC: Current Valid: 6.16/7.59/8.21 Ep. 7 | Best Valid: 4.02/5.19/8.21 | Ep. 3
Time elapsed: 11.78 min
Epoch: 008/050 | Batch 0000/1289 | Loss: 0.2759
Epoch: 008/050 | Batch 0050/1289 | Loss: 0.2003
Epoch: 008/050 | Batch 0100/1289 | Loss: 0.2295
Epoch: 008/050 | Batch 0150/1289 | Loss: 0.1645
Epoch: 008/050 | Batch 0200/1289 | Loss: 0.1775
Epoch: 008/050 | Batch 0250/1289 | Loss: 0.2731
Epoch: 008/050 | Batch 0300/1289 | Loss: 0.2627
Epoch: 008/050 | Batch 0350/1289 | Loss: 0.1781
Epoch: 008/050 | Batch 0400/1289 | Loss: 0.1426
Epoch: 008/050 | Batch 0450/1289 | Loss: 0.1923
Epoch: 008/050 | Batch 0500/1289 | Loss: 0.1610
Epoch: 008/050 | Batch 0550/1289 | Loss: 0.2682
Epoch: 008/050 | Batch 0600/1289 | Loss: 0.1782
Epoch: 008/050 | Batch 0650/1289 | Loss: 0.2430
Epoch: 008/050 | Batch 0700/1289 | Loss: 0.2153
Epoch: 008/050 | Batch 0750/1289 | Loss: 0.3414
Epoch: 008/050 | Batch 0800/1289 | Loss: 0.2056
Epoch: 008/050 | Batch 0850/1289 | Loss: 0.2569
Epoch: 008/050 | Batch 0900/1289 | Loss: 0.1939
Epoch: 008/050 | Batch 0950/1289 | Loss: 0.1902
Epoch: 008/050 | Batch 1000/1289 | Loss: 0.2315
Epoch: 008/050 | Batch 1050/1289 | Loss: 0.2951
Epoch: 008/050 | Batch 1100/1289 | Loss: 0.2370
Epoch: 008/050 | Batch 1150/1289 | Loss: 0.1707
Epoch: 008/050 | Batch 1200/1289 | Loss: 0.1831
Epoch: 008/050 | Batch 1250/1289 | Loss: 0.2628
MAE/RMSE/ACC: Current Valid: 6.04/7.50/8.21 Ep. 8 | Best Valid: 4.02/5.19/8.21 | Ep. 3
Time elapsed: 16.31 min
Epoch: 009/050 | Batch 0000/1289 | Loss: 0.2990
Epoch: 009/050 | Batch 0050/1289 | Loss: 0.1995
Epoch: 009/050 | Batch 0100/1289 | Loss: 0.1454
Epoch: 009/050 | Batch 0150/1289 | Loss: 0.2986
Epoch: 009/050 | Batch 0200/1289 | Loss: 0.2660
Epoch: 009/050 | Batch 0250/1289 | Loss: 0.1871
Epoch: 009/050 | Batch 0300/1289 | Loss: 0.1876
Epoch: 009/050 | Batch 0350/1289 | Loss: 0.2864
Epoch: 009/050 | Batch 0400/1289 | Loss: 0.2750
Epoch: 009/050 | Batch 0450/1289 | Loss: 0.2157
Epoch: 009/050 | Batch 0500/1289 | Loss: 0.1597
Epoch: 009/050 | Batch 0550/1289 | Loss: 0.1571
Epoch: 009/050 | Batch 0600/1289 | Loss: 0.1977
Epoch: 009/050 | Batch 0650/1289 | Loss: 0.1989
Epoch: 009/050 | Batch 0700/1289 | Loss: 0.2157
Epoch: 009/050 | Batch 0750/1289 | Loss: 0.2081
Epoch: 009/050 | Batch 0800/1289 | Loss: 0.2545
Epoch: 009/050 | Batch 0850/1289 | Loss: 0.2268
Epoch: 009/050 | Batch 0900/1289 | Loss: 0.2837
Epoch: 009/050 | Batch 0950/1289 | Loss: 0.1638
Epoch: 009/050 | Batch 1000/1289 | Loss: 0.1907
Epoch: 009/050 | Batch 1050/1289 | Loss: 0.1918
Epoch: 009/050 | Batch 1100/1289 | Loss: 0.2289
Epoch: 009/050 | Batch 1150/1289 | Loss: 0.1436
Epoch: 009/050 | Batch 1200/1289 | Loss: 0.1703
Epoch: 009/050 | Batch 1250/1289 | Loss: 0.2269
MAE/RMSE/ACC: Current Valid: 4.26/5.48/8.21 Ep. 9 | Best Valid: 4.02/5.19/8.21 | Ep. 3
Time elapsed: 20.25 min
Epoch: 010/050 | Batch 0000/1289 | Loss: 0.1872
Epoch: 010/050 | Batch 0050/1289 | Loss: 0.3557
Epoch: 010/050 | Batch 0100/1289 | Loss: 0.1950
Epoch: 010/050 | Batch 0150/1289 | Loss: 0.2008
Epoch: 010/050 | Batch 0200/1289 | Loss: 0.1394
Epoch: 010/050 | Batch 0250/1289 | Loss: 0.2288
Epoch: 010/050 | Batch 0300/1289 | Loss: 0.1683
Epoch: 010/050 | Batch 0350/1289 | Loss: 0.2129
Epoch: 010/050 | Batch 0400/1289 | Loss: 0.3263
Epoch: 010/050 | Batch 0450/1289 | Loss: 0.1625
Epoch: 010/050 | Batch 0500/1289 | Loss: 0.1616
Epoch: 010/050 | Batch 0550/1289 | Loss: 0.2387
Epoch: 010/050 | Batch 0600/1289 | Loss: 0.1762
Epoch: 010/050 | Batch 0650/1289 | Loss: 0.1900
Epoch: 010/050 | Batch 0700/1289 | Loss: 0.2382
Epoch: 010/050 | Batch 0750/1289 | Loss: 0.1852
Epoch: 010/050 | Batch 0800/1289 | Loss: 0.1942
Epoch: 010/050 | Batch 0850/1289 | Loss: 0.2795
Epoch: 010/050 | Batch 0900/1289 | Loss: 0.2196
Epoch: 010/050 | Batch 0950/1289 | Loss: 0.2039
Epoch: 010/050 | Batch 1000/1289 | Loss: 0.3155
Epoch: 010/050 | Batch 1050/1289 | Loss: 0.1397
Epoch: 010/050 | Batch 1100/1289 | Loss: 0.1893
Epoch: 010/050 | Batch 1150/1289 | Loss: 0.2540
Epoch: 010/050 | Batch 1200/1289 | Loss: 0.2547
Epoch: 010/050 | Batch 1250/1289 | Loss: 0.1489
MAE/RMSE/ACC: Current Valid: 3.54/4.53/8.82 Ep. 10 | Best Valid: 3.54/4.53/8.82 | Ep. 10
Time elapsed: 24.38 min
Epoch: 011/050 | Batch 0000/1289 | Loss: 0.2113
Epoch: 011/050 | Batch 0050/1289 | Loss: 0.1511
Epoch: 011/050 | Batch 0100/1289 | Loss: 0.1918
Epoch: 011/050 | Batch 0150/1289 | Loss: 0.1636
Epoch: 011/050 | Batch 0200/1289 | Loss: 0.2060
Epoch: 011/050 | Batch 0250/1289 | Loss: 0.1806
Epoch: 011/050 | Batch 0300/1289 | Loss: 0.1593
Epoch: 011/050 | Batch 0350/1289 | Loss: 0.2477
Epoch: 011/050 | Batch 0400/1289 | Loss: 0.1860
Epoch: 011/050 | Batch 0450/1289 | Loss: 0.2075
Epoch: 011/050 | Batch 0500/1289 | Loss: 0.1926
Epoch: 011/050 | Batch 0550/1289 | Loss: 0.3342
Epoch: 011/050 | Batch 0600/1289 | Loss: 0.1480
Epoch: 011/050 | Batch 0650/1289 | Loss: 0.2105
Epoch: 011/050 | Batch 0700/1289 | Loss: 0.1483
Epoch: 011/050 | Batch 0750/1289 | Loss: 0.1420
Epoch: 011/050 | Batch 0800/1289 | Loss: 0.2079
Epoch: 011/050 | Batch 0850/1289 | Loss: 0.2286
Epoch: 011/050 | Batch 0900/1289 | Loss: 0.2771
Epoch: 011/050 | Batch 0950/1289 | Loss: 0.2289
Epoch: 011/050 | Batch 1000/1289 | Loss: 0.2046
Epoch: 011/050 | Batch 1050/1289 | Loss: 0.2744
Epoch: 011/050 | Batch 1100/1289 | Loss: 0.1768
Epoch: 011/050 | Batch 1150/1289 | Loss: 0.1667
Epoch: 011/050 | Batch 1200/1289 | Loss: 0.2496
Epoch: 011/050 | Batch 1250/1289 | Loss: 0.2049
MAE/RMSE/ACC: Current Valid: 4.68/6.06/8.82 Ep. 11 | Best Valid: 3.54/4.53/8.82 | Ep. 10
Time elapsed: 28.48 min
Epoch: 012/050 | Batch 0000/1289 | Loss: 0.2030
Epoch: 012/050 | Batch 0050/1289 | Loss: 0.1972
Epoch: 012/050 | Batch 0100/1289 | Loss: 0.1492
Epoch: 012/050 | Batch 0150/1289 | Loss: 0.1611
Epoch: 012/050 | Batch 0200/1289 | Loss: 0.1553
Epoch: 012/050 | Batch 0250/1289 | Loss: 0.2013
Epoch: 012/050 | Batch 0300/1289 | Loss: 0.1943
Epoch: 012/050 | Batch 0350/1289 | Loss: 0.1950
Epoch: 012/050 | Batch 0400/1289 | Loss: 0.1837
Epoch: 012/050 | Batch 0450/1289 | Loss: 0.1699
Epoch: 012/050 | Batch 0500/1289 | Loss: 0.2655
Epoch: 012/050 | Batch 0550/1289 | Loss: 0.1953
Epoch: 012/050 | Batch 0600/1289 | Loss: 0.1845
Epoch: 012/050 | Batch 0650/1289 | Loss: 0.2017
Epoch: 012/050 | Batch 0700/1289 | Loss: 0.2022
Epoch: 012/050 | Batch 0750/1289 | Loss: 0.1957
Epoch: 012/050 | Batch 0800/1289 | Loss: 0.1739
Epoch: 012/050 | Batch 0850/1289 | Loss: 0.1657
Epoch: 012/050 | Batch 0900/1289 | Loss: 0.2063
Epoch: 012/050 | Batch 0950/1289 | Loss: 0.2269
Epoch: 012/050 | Batch 1000/1289 | Loss: 0.2434
Epoch: 012/050 | Batch 1050/1289 | Loss: 0.2191
Epoch: 012/050 | Batch 1100/1289 | Loss: 0.2131
Epoch: 012/050 | Batch 1150/1289 | Loss: 0.1835
Epoch: 012/050 | Batch 1200/1289 | Loss: 0.2160
Epoch: 012/050 | Batch 1250/1289 | Loss: 0.1786
MAE/RMSE/ACC: Current Valid: 3.43/4.33/8.48 Ep. 12 | Best Valid: 3.43/4.33/8.48 | Ep. 12
Time elapsed: 32.59 min
Epoch: 013/050 | Batch 0000/1289 | Loss: 0.1479
Epoch: 013/050 | Batch 0050/1289 | Loss: 0.1782
Epoch: 013/050 | Batch 0100/1289 | Loss: 0.1457
Epoch: 013/050 | Batch 0150/1289 | Loss: 0.1817
Epoch: 013/050 | Batch 0200/1289 | Loss: 0.1836
Epoch: 013/050 | Batch 0250/1289 | Loss: 0.1354
Epoch: 013/050 | Batch 0300/1289 | Loss: 0.1438
Epoch: 013/050 | Batch 0350/1289 | Loss: 0.1972
Epoch: 013/050 | Batch 0400/1289 | Loss: 0.2718
Epoch: 013/050 | Batch 0450/1289 | Loss: 0.2422
Epoch: 013/050 | Batch 0500/1289 | Loss: 0.1611
Epoch: 013/050 | Batch 0550/1289 | Loss: 0.1813
Epoch: 013/050 | Batch 0600/1289 | Loss: 0.1920
Epoch: 013/050 | Batch 0650/1289 | Loss: 0.1765
Epoch: 013/050 | Batch 0700/1289 | Loss: 0.1468
Epoch: 013/050 | Batch 0750/1289 | Loss: 0.1325
Epoch: 013/050 | Batch 0800/1289 | Loss: 0.1748
Epoch: 013/050 | Batch 0850/1289 | Loss: 0.1844
Epoch: 013/050 | Batch 0900/1289 | Loss: 0.2480
Epoch: 013/050 | Batch 0950/1289 | Loss: 0.1599
Epoch: 013/050 | Batch 1000/1289 | Loss: 0.1597
Epoch: 013/050 | Batch 1050/1289 | Loss: 0.2210
Epoch: 013/050 | Batch 1100/1289 | Loss: 0.1682
Epoch: 013/050 | Batch 1150/1289 | Loss: 0.1864
Epoch: 013/050 | Batch 1200/1289 | Loss: 0.2211
Epoch: 013/050 | Batch 1250/1289 | Loss: 0.1390
MAE/RMSE/ACC: Current Valid: 3.98/5.17/8.48 Ep. 13 | Best Valid: 3.43/4.33/8.48 | Ep. 12
Time elapsed: 36.78 min
Epoch: 014/050 | Batch 0000/1289 | Loss: 0.2098
Epoch: 014/050 | Batch 0050/1289 | Loss: 0.1874
Epoch: 014/050 | Batch 0100/1289 | Loss: 0.1670
Epoch: 014/050 | Batch 0150/1289 | Loss: 0.2172
Epoch: 014/050 | Batch 0200/1289 | Loss: 0.2791
Epoch: 014/050 | Batch 0250/1289 | Loss: 0.3283
Epoch: 014/050 | Batch 0300/1289 | Loss: 0.1610
Epoch: 014/050 | Batch 0350/1289 | Loss: 0.1933
Epoch: 014/050 | Batch 0400/1289 | Loss: 0.2337
Epoch: 014/050 | Batch 0450/1289 | Loss: 0.1354
Epoch: 014/050 | Batch 0500/1289 | Loss: 0.2896
Epoch: 014/050 | Batch 0550/1289 | Loss: 0.2838
Epoch: 014/050 | Batch 0600/1289 | Loss: 0.1922
Epoch: 014/050 | Batch 0650/1289 | Loss: 0.1745
Epoch: 014/050 | Batch 0700/1289 | Loss: 0.2179
Epoch: 014/050 | Batch 0750/1289 | Loss: 0.1924
Epoch: 014/050 | Batch 0800/1289 | Loss: 0.1490
Epoch: 014/050 | Batch 0850/1289 | Loss: 0.1201
Epoch: 014/050 | Batch 0900/1289 | Loss: 0.2042
Epoch: 014/050 | Batch 0950/1289 | Loss: 0.1395
Epoch: 014/050 | Batch 1000/1289 | Loss: 0.1765
Epoch: 014/050 | Batch 1050/1289 | Loss: 0.1982
Epoch: 014/050 | Batch 1100/1289 | Loss: 0.1818
Epoch: 014/050 | Batch 1150/1289 | Loss: 0.1345
Epoch: 014/050 | Batch 1200/1289 | Loss: 0.1413
Epoch: 014/050 | Batch 1250/1289 | Loss: 0.2207
MAE/RMSE/ACC: Current Valid: 3.42/4.40/8.48 Ep. 14 | Best Valid: 3.43/4.33/8.48 | Ep. 12
Time elapsed: 40.95 min
Epoch: 015/050 | Batch 0000/1289 | Loss: 0.1791
Epoch: 015/050 | Batch 0050/1289 | Loss: 0.1310
Epoch: 015/050 | Batch 0100/1289 | Loss: 0.1566
Epoch: 015/050 | Batch 0150/1289 | Loss: 0.1653
Epoch: 015/050 | Batch 0200/1289 | Loss: 0.1350
Epoch: 015/050 | Batch 0250/1289 | Loss: 0.1978
Epoch: 015/050 | Batch 0300/1289 | Loss: 0.2130
Epoch: 015/050 | Batch 0350/1289 | Loss: 0.1766
Epoch: 015/050 | Batch 0400/1289 | Loss: 0.1825
Epoch: 015/050 | Batch 0450/1289 | Loss: 0.2002
Epoch: 015/050 | Batch 0500/1289 | Loss: 0.1506
Epoch: 015/050 | Batch 0550/1289 | Loss: 0.1420
Epoch: 015/050 | Batch 0600/1289 | Loss: 0.2007
Epoch: 015/050 | Batch 0650/1289 | Loss: 0.1491
Epoch: 015/050 | Batch 0700/1289 | Loss: 0.1658
Epoch: 015/050 | Batch 0750/1289 | Loss: 0.1645
Epoch: 015/050 | Batch 0800/1289 | Loss: 0.1915
Epoch: 015/050 | Batch 0850/1289 | Loss: 0.1485
Epoch: 015/050 | Batch 0900/1289 | Loss: 0.3265
Epoch: 015/050 | Batch 0950/1289 | Loss: 0.1776
Epoch: 015/050 | Batch 1000/1289 | Loss: 0.1617
Epoch: 015/050 | Batch 1050/1289 | Loss: 0.2424
Epoch: 015/050 | Batch 1100/1289 | Loss: 0.2681
Epoch: 015/050 | Batch 1150/1289 | Loss: 0.2410
Epoch: 015/050 | Batch 1200/1289 | Loss: 0.1572
Epoch: 015/050 | Batch 1250/1289 | Loss: 0.1782
MAE/RMSE/ACC: Current Valid: 3.45/4.45/8.48 Ep. 15 | Best Valid: 3.43/4.33/8.48 | Ep. 12
Time elapsed: 45.11 min
Epoch: 016/050 | Batch 0000/1289 | Loss: 0.2009
Epoch: 016/050 | Batch 0050/1289 | Loss: 0.1385
Epoch: 016/050 | Batch 0100/1289 | Loss: 0.1414
Epoch: 016/050 | Batch 0150/1289 | Loss: 0.1489
Epoch: 016/050 | Batch 0200/1289 | Loss: 0.1505
Epoch: 016/050 | Batch 0250/1289 | Loss: 0.1450
Epoch: 016/050 | Batch 0300/1289 | Loss: 0.1938
Epoch: 016/050 | Batch 0350/1289 | Loss: 0.1491
Epoch: 016/050 | Batch 0400/1289 | Loss: 0.1755
Epoch: 016/050 | Batch 0450/1289 | Loss: 0.1726
Epoch: 016/050 | Batch 0500/1289 | Loss: 0.1847
Epoch: 016/050 | Batch 0550/1289 | Loss: 0.1439
Epoch: 016/050 | Batch 0600/1289 | Loss: 0.1740
Epoch: 016/050 | Batch 0650/1289 | Loss: 0.1596
Epoch: 016/050 | Batch 0700/1289 | Loss: 0.1331
Epoch: 016/050 | Batch 0750/1289 | Loss: 0.1927
Epoch: 016/050 | Batch 0800/1289 | Loss: 0.1872
Epoch: 016/050 | Batch 0850/1289 | Loss: 0.1912
Epoch: 016/050 | Batch 0900/1289 | Loss: 0.1243
Epoch: 016/050 | Batch 0950/1289 | Loss: 0.1646
Epoch: 016/050 | Batch 1000/1289 | Loss: 0.1915
Epoch: 016/050 | Batch 1050/1289 | Loss: 0.1657
Epoch: 016/050 | Batch 1100/1289 | Loss: 0.1526
Epoch: 016/050 | Batch 1150/1289 | Loss: 0.1387
Epoch: 016/050 | Batch 1200/1289 | Loss: 0.1741
Epoch: 016/050 | Batch 1250/1289 | Loss: 0.1565
MAE/RMSE/ACC: Current Valid: 3.32/4.37/8.48 Ep. 16 | Best Valid: 3.43/4.33/8.48 | Ep. 12
Time elapsed: 48.88 min
Epoch: 017/050 | Batch 0000/1289 | Loss: 0.1290
Epoch: 017/050 | Batch 0050/1289 | Loss: 0.1502
Epoch: 017/050 | Batch 0100/1289 | Loss: 0.2007
Epoch: 017/050 | Batch 0150/1289 | Loss: 0.1749
Epoch: 017/050 | Batch 0200/1289 | Loss: 0.1792
Epoch: 017/050 | Batch 0250/1289 | Loss: 0.1467
Epoch: 017/050 | Batch 0300/1289 | Loss: 0.1358
Epoch: 017/050 | Batch 0350/1289 | Loss: 0.1597
Epoch: 017/050 | Batch 0400/1289 | Loss: 0.1708
Epoch: 017/050 | Batch 0450/1289 | Loss: 0.1698
Epoch: 017/050 | Batch 0500/1289 | Loss: 0.1597
Epoch: 017/050 | Batch 0550/1289 | Loss: 0.1614
Epoch: 017/050 | Batch 0600/1289 | Loss: 0.1286
Epoch: 017/050 | Batch 0650/1289 | Loss: 0.1460
Epoch: 017/050 | Batch 0700/1289 | Loss: 0.1600
Epoch: 017/050 | Batch 0750/1289 | Loss: 0.2245
Epoch: 017/050 | Batch 0800/1289 | Loss: 0.2267
Epoch: 017/050 | Batch 0850/1289 | Loss: 0.1806
Epoch: 017/050 | Batch 0900/1289 | Loss: 0.1992
Epoch: 017/050 | Batch 0950/1289 | Loss: 0.1278
Epoch: 017/050 | Batch 1000/1289 | Loss: 0.1672
Epoch: 017/050 | Batch 1050/1289 | Loss: 0.2171
Epoch: 017/050 | Batch 1100/1289 | Loss: 0.1282
Epoch: 017/050 | Batch 1150/1289 | Loss: 0.1528
Epoch: 017/050 | Batch 1200/1289 | Loss: 0.2591
Epoch: 017/050 | Batch 1250/1289 | Loss: 0.1461
MAE/RMSE/ACC: Current Valid: 3.37/4.32/8.82 Ep. 17 | Best Valid: 3.37/4.32/8.82 | Ep. 17
Time elapsed: 52.97 min
Epoch: 018/050 | Batch 0000/1289 | Loss: 0.1569
Epoch: 018/050 | Batch 0050/1289 | Loss: 0.1677
Epoch: 018/050 | Batch 0100/1289 | Loss: 0.1216
Epoch: 018/050 | Batch 0150/1289 | Loss: 0.1374
Epoch: 018/050 | Batch 0200/1289 | Loss: 0.1846
Epoch: 018/050 | Batch 0250/1289 | Loss: 0.1414
Epoch: 018/050 | Batch 0300/1289 | Loss: 0.1447
Epoch: 018/050 | Batch 0350/1289 | Loss: 0.1528
Epoch: 018/050 | Batch 0400/1289 | Loss: 0.1336
Epoch: 018/050 | Batch 0450/1289 | Loss: 0.1773
Epoch: 018/050 | Batch 0500/1289 | Loss: 0.1193
Epoch: 018/050 | Batch 0550/1289 | Loss: 0.1407
Epoch: 018/050 | Batch 0600/1289 | Loss: 0.1730
Epoch: 018/050 | Batch 0650/1289 | Loss: 0.1059
Epoch: 018/050 | Batch 0700/1289 | Loss: 0.1552
Epoch: 018/050 | Batch 0750/1289 | Loss: 0.2125
Epoch: 018/050 | Batch 0800/1289 | Loss: 0.1338
Epoch: 018/050 | Batch 0850/1289 | Loss: 0.1938
Epoch: 018/050 | Batch 0900/1289 | Loss: 0.1763
Epoch: 018/050 | Batch 0950/1289 | Loss: 0.1513
Epoch: 018/050 | Batch 1000/1289 | Loss: 0.1733
Epoch: 018/050 | Batch 1050/1289 | Loss: 0.1445
Epoch: 018/050 | Batch 1100/1289 | Loss: 0.1727
Epoch: 018/050 | Batch 1150/1289 | Loss: 0.2004
Epoch: 018/050 | Batch 1200/1289 | Loss: 0.1432
Epoch: 018/050 | Batch 1250/1289 | Loss: 0.2119
MAE/RMSE/ACC: Current Valid: 3.43/4.60/8.82 Ep. 18 | Best Valid: 3.37/4.32/8.82 | Ep. 17
Time elapsed: 57.07 min
Epoch: 019/050 | Batch 0000/1289 | Loss: 0.1389
Epoch: 019/050 | Batch 0050/1289 | Loss: 0.1406
Epoch: 019/050 | Batch 0100/1289 | Loss: 0.1607
Epoch: 019/050 | Batch 0150/1289 | Loss: 0.1648
Epoch: 019/050 | Batch 0200/1289 | Loss: 0.1388
Epoch: 019/050 | Batch 0250/1289 | Loss: 0.2318
Epoch: 019/050 | Batch 0300/1289 | Loss: 0.1532
Epoch: 019/050 | Batch 0350/1289 | Loss: 0.1647
Epoch: 019/050 | Batch 0400/1289 | Loss: 0.1228
Epoch: 019/050 | Batch 0450/1289 | Loss: 0.1479
Epoch: 019/050 | Batch 0500/1289 | Loss: 0.2055
Epoch: 019/050 | Batch 0550/1289 | Loss: 0.1619
Epoch: 019/050 | Batch 0600/1289 | Loss: 0.1128
Epoch: 019/050 | Batch 0650/1289 | Loss: 0.1438
Epoch: 019/050 | Batch 0700/1289 | Loss: 0.2049
Epoch: 019/050 | Batch 0750/1289 | Loss: 0.1946
Epoch: 019/050 | Batch 0800/1289 | Loss: 0.1275
Epoch: 019/050 | Batch 0850/1289 | Loss: 0.1648
Epoch: 019/050 | Batch 0900/1289 | Loss: 0.1460
Epoch: 019/050 | Batch 0950/1289 | Loss: 0.1401
Epoch: 019/050 | Batch 1000/1289 | Loss: 0.1692
Epoch: 019/050 | Batch 1050/1289 | Loss: 0.1378
Epoch: 019/050 | Batch 1100/1289 | Loss: 0.1364
Epoch: 019/050 | Batch 1150/1289 | Loss: 0.2266
Epoch: 019/050 | Batch 1200/1289 | Loss: 0.1453
Epoch: 019/050 | Batch 1250/1289 | Loss: 0.1497
MAE/RMSE/ACC: Current Valid: 3.22/4.25/10.85 Ep. 19 | Best Valid: 3.22/4.25/10.85 | Ep. 19
Time elapsed: 61.21 min
Epoch: 020/050 | Batch 0000/1289 | Loss: 0.1862
Epoch: 020/050 | Batch 0050/1289 | Loss: 0.1175
Epoch: 020/050 | Batch 0100/1289 | Loss: 0.1177
Epoch: 020/050 | Batch 0150/1289 | Loss: 0.1305
Epoch: 020/050 | Batch 0200/1289 | Loss: 0.1424
Epoch: 020/050 | Batch 0250/1289 | Loss: 0.2065
Epoch: 020/050 | Batch 0300/1289 | Loss: 0.1903
Epoch: 020/050 | Batch 0350/1289 | Loss: 0.1605
Epoch: 020/050 | Batch 0400/1289 | Loss: 0.1430
Epoch: 020/050 | Batch 0450/1289 | Loss: 0.1202
Epoch: 020/050 | Batch 0500/1289 | Loss: 0.1495
Epoch: 020/050 | Batch 0550/1289 | Loss: 0.1811
Epoch: 020/050 | Batch 0600/1289 | Loss: 0.1444
Epoch: 020/050 | Batch 0650/1289 | Loss: 0.1244
Epoch: 020/050 | Batch 0700/1289 | Loss: 0.1682
Epoch: 020/050 | Batch 0750/1289 | Loss: 0.1335
Epoch: 020/050 | Batch 0800/1289 | Loss: 0.1180
Epoch: 020/050 | Batch 0850/1289 | Loss: 0.1420
Epoch: 020/050 | Batch 0900/1289 | Loss: 0.1642
Epoch: 020/050 | Batch 0950/1289 | Loss: 0.1494
Epoch: 020/050 | Batch 1000/1289 | Loss: 0.1493
Epoch: 020/050 | Batch 1050/1289 | Loss: 0.1587
Epoch: 020/050 | Batch 1100/1289 | Loss: 0.2141
Epoch: 020/050 | Batch 1150/1289 | Loss: 0.1434
Epoch: 020/050 | Batch 1200/1289 | Loss: 0.1501
Epoch: 020/050 | Batch 1250/1289 | Loss: 0.1125
MAE/RMSE/ACC: Current Valid: 3.81/4.89/10.85 Ep. 20 | Best Valid: 3.22/4.25/10.85 | Ep. 19
Time elapsed: 65.35 min
Epoch: 021/050 | Batch 0000/1289 | Loss: 0.1608
Epoch: 021/050 | Batch 0050/1289 | Loss: 0.1472
Epoch: 021/050 | Batch 0100/1289 | Loss: 0.1254
Epoch: 021/050 | Batch 0150/1289 | Loss: 0.1065
Epoch: 021/050 | Batch 0200/1289 | Loss: 0.1748
Epoch: 021/050 | Batch 0250/1289 | Loss: 0.1729
Epoch: 021/050 | Batch 0300/1289 | Loss: 0.1779
Epoch: 021/050 | Batch 0350/1289 | Loss: 0.1547
Epoch: 021/050 | Batch 0400/1289 | Loss: 0.1710
Epoch: 021/050 | Batch 0450/1289 | Loss: 0.1366
Epoch: 021/050 | Batch 0500/1289 | Loss: 0.1429
Epoch: 021/050 | Batch 0550/1289 | Loss: 0.1733
Epoch: 021/050 | Batch 0600/1289 | Loss: 0.1671
Epoch: 021/050 | Batch 0650/1289 | Loss: 0.1834
Epoch: 021/050 | Batch 0700/1289 | Loss: 0.2010
Epoch: 021/050 | Batch 0750/1289 | Loss: 0.1548
Epoch: 021/050 | Batch 0800/1289 | Loss: 0.1593
Epoch: 021/050 | Batch 0850/1289 | Loss: 0.1530
Epoch: 021/050 | Batch 0900/1289 | Loss: 0.1422
Epoch: 021/050 | Batch 0950/1289 | Loss: 0.1637
Epoch: 021/050 | Batch 1000/1289 | Loss: 0.2118
Epoch: 021/050 | Batch 1050/1289 | Loss: 0.1406
Epoch: 021/050 | Batch 1100/1289 | Loss: 0.1828
Epoch: 021/050 | Batch 1150/1289 | Loss: 0.1558
Epoch: 021/050 | Batch 1200/1289 | Loss: 0.1471
Epoch: 021/050 | Batch 1250/1289 | Loss: 0.1449
MAE/RMSE/ACC: Current Valid: 3.33/4.40/10.85 Ep. 21 | Best Valid: 3.22/4.25/10.85 | Ep. 19
Time elapsed: 69.48 min
Epoch: 022/050 | Batch 0000/1289 | Loss: 0.1514
Epoch: 022/050 | Batch 0050/1289 | Loss: 0.1162
Epoch: 022/050 | Batch 0100/1289 | Loss: 0.1744
Epoch: 022/050 | Batch 0150/1289 | Loss: 0.1830
Epoch: 022/050 | Batch 0200/1289 | Loss: 0.0963
Epoch: 022/050 | Batch 0250/1289 | Loss: 0.1246
Epoch: 022/050 | Batch 0300/1289 | Loss: 0.1105
Epoch: 022/050 | Batch 0350/1289 | Loss: 0.1836
Epoch: 022/050 | Batch 0400/1289 | Loss: 0.2534
Epoch: 022/050 | Batch 0450/1289 | Loss: 0.1174
Epoch: 022/050 | Batch 0500/1289 | Loss: 0.1169
Epoch: 022/050 | Batch 0550/1289 | Loss: 0.1466
Epoch: 022/050 | Batch 0600/1289 | Loss: 0.1679
Epoch: 022/050 | Batch 0650/1289 | Loss: 0.1771
Epoch: 022/050 | Batch 0700/1289 | Loss: 0.1572
Epoch: 022/050 | Batch 0750/1289 | Loss: 0.1469
Epoch: 022/050 | Batch 0800/1289 | Loss: 0.1472
Epoch: 022/050 | Batch 0850/1289 | Loss: 0.1856
Epoch: 022/050 | Batch 0900/1289 | Loss: 0.1219
Epoch: 022/050 | Batch 0950/1289 | Loss: 0.1292
Epoch: 022/050 | Batch 1000/1289 | Loss: 0.2308
Epoch: 022/050 | Batch 1050/1289 | Loss: 0.1574
Epoch: 022/050 | Batch 1100/1289 | Loss: 0.2016
Epoch: 022/050 | Batch 1150/1289 | Loss: 0.1598
Epoch: 022/050 | Batch 1200/1289 | Loss: 0.1348
Epoch: 022/050 | Batch 1250/1289 | Loss: 0.1885
MAE/RMSE/ACC: Current Valid: 3.13/4.15/11.07 Ep. 22 | Best Valid: 3.13/4.15/11.07 | Ep. 22
Time elapsed: 73.62 min
Epoch: 023/050 | Batch 0000/1289 | Loss: 0.1152
Epoch: 023/050 | Batch 0050/1289 | Loss: 0.1332
Epoch: 023/050 | Batch 0100/1289 | Loss: 0.1325
Epoch: 023/050 | Batch 0150/1289 | Loss: 0.1236
Epoch: 023/050 | Batch 0200/1289 | Loss: 0.1820
Epoch: 023/050 | Batch 0250/1289 | Loss: 0.1133
Epoch: 023/050 | Batch 0300/1289 | Loss: 0.1346
Epoch: 023/050 | Batch 0350/1289 | Loss: 0.0973
Epoch: 023/050 | Batch 0400/1289 | Loss: 0.1437
Epoch: 023/050 | Batch 0450/1289 | Loss: 0.1536
Epoch: 023/050 | Batch 0500/1289 | Loss: 0.1534
Epoch: 023/050 | Batch 0550/1289 | Loss: 0.1546
Epoch: 023/050 | Batch 0600/1289 | Loss: 0.1341
Epoch: 023/050 | Batch 0650/1289 | Loss: 0.1545
Epoch: 023/050 | Batch 0700/1289 | Loss: 0.1650
Epoch: 023/050 | Batch 0750/1289 | Loss: 0.1337
Epoch: 023/050 | Batch 0800/1289 | Loss: 0.1291
Epoch: 023/050 | Batch 0850/1289 | Loss: 0.1636
Epoch: 023/050 | Batch 0900/1289 | Loss: 0.0980
Epoch: 023/050 | Batch 0950/1289 | Loss: 0.1420
Epoch: 023/050 | Batch 1000/1289 | Loss: 0.1596
Epoch: 023/050 | Batch 1050/1289 | Loss: 0.1462
Epoch: 023/050 | Batch 1100/1289 | Loss: 0.1364
Epoch: 023/050 | Batch 1150/1289 | Loss: 0.1296
Epoch: 023/050 | Batch 1200/1289 | Loss: 0.1091
Epoch: 023/050 | Batch 1250/1289 | Loss: 0.1081
MAE/RMSE/ACC: Current Valid: 3.27/4.34/11.07 Ep. 23 | Best Valid: 3.13/4.15/11.07 | Ep. 22
Time elapsed: 77.82 min
Epoch: 024/050 | Batch 0000/1289 | Loss: 0.1080
Epoch: 024/050 | Batch 0050/1289 | Loss: 0.1388
Epoch: 024/050 | Batch 0100/1289 | Loss: 0.1444
Epoch: 024/050 | Batch 0150/1289 | Loss: 0.1551
Epoch: 024/050 | Batch 0200/1289 | Loss: 0.1495
Epoch: 024/050 | Batch 0250/1289 | Loss: 0.1919
Epoch: 024/050 | Batch 0300/1289 | Loss: 0.1268
Epoch: 024/050 | Batch 0350/1289 | Loss: 0.1592
Epoch: 024/050 | Batch 0400/1289 | Loss: 0.1134
Epoch: 024/050 | Batch 0450/1289 | Loss: 0.1811
Epoch: 024/050 | Batch 0500/1289 | Loss: 0.1404
Epoch: 024/050 | Batch 0550/1289 | Loss: 0.1212
Epoch: 024/050 | Batch 0600/1289 | Loss: 0.1665
Epoch: 024/050 | Batch 0650/1289 | Loss: 0.1577
Epoch: 024/050 | Batch 0700/1289 | Loss: 0.1218
Epoch: 024/050 | Batch 0750/1289 | Loss: 0.1181
Epoch: 024/050 | Batch 0800/1289 | Loss: 0.1674
Epoch: 024/050 | Batch 0850/1289 | Loss: 0.1139
Epoch: 024/050 | Batch 0900/1289 | Loss: 0.1364
Epoch: 024/050 | Batch 0950/1289 | Loss: 0.1186
Epoch: 024/050 | Batch 1000/1289 | Loss: 0.1332
Epoch: 024/050 | Batch 1050/1289 | Loss: 0.0925
Epoch: 024/050 | Batch 1100/1289 | Loss: 0.1368
Epoch: 024/050 | Batch 1150/1289 | Loss: 0.1576
Epoch: 024/050 | Batch 1200/1289 | Loss: 0.1420
Epoch: 024/050 | Batch 1250/1289 | Loss: 0.1172
MAE/RMSE/ACC: Current Valid: 3.36/4.43/11.07 Ep. 24 | Best Valid: 3.13/4.15/11.07 | Ep. 22
Time elapsed: 81.98 min
Epoch: 025/050 | Batch 0000/1289 | Loss: 0.1120
Epoch: 025/050 | Batch 0050/1289 | Loss: 0.0919
Epoch: 025/050 | Batch 0100/1289 | Loss: 0.1125
Epoch: 025/050 | Batch 0150/1289 | Loss: 0.1510
Epoch: 025/050 | Batch 0200/1289 | Loss: 0.1112
Epoch: 025/050 | Batch 0250/1289 | Loss: 0.1274
Epoch: 025/050 | Batch 0300/1289 | Loss: 0.1295
Epoch: 025/050 | Batch 0350/1289 | Loss: 0.1158
Epoch: 025/050 | Batch 0400/1289 | Loss: 0.1661
Epoch: 025/050 | Batch 0450/1289 | Loss: 0.1313
Epoch: 025/050 | Batch 0500/1289 | Loss: 0.1007
Epoch: 025/050 | Batch 0550/1289 | Loss: 0.1078
Epoch: 025/050 | Batch 0600/1289 | Loss: 0.1478
Epoch: 025/050 | Batch 0650/1289 | Loss: 0.1098
Epoch: 025/050 | Batch 0700/1289 | Loss: 0.1751
Epoch: 025/050 | Batch 0750/1289 | Loss: 0.1341
Epoch: 025/050 | Batch 0800/1289 | Loss: 0.1061
Epoch: 025/050 | Batch 0850/1289 | Loss: 0.1731
Epoch: 025/050 | Batch 0900/1289 | Loss: 0.1191
Epoch: 025/050 | Batch 0950/1289 | Loss: 0.1438
Epoch: 025/050 | Batch 1000/1289 | Loss: 0.1472
Epoch: 025/050 | Batch 1050/1289 | Loss: 0.1473
Epoch: 025/050 | Batch 1100/1289 | Loss: 0.1199
Epoch: 025/050 | Batch 1150/1289 | Loss: 0.1428
Epoch: 025/050 | Batch 1200/1289 | Loss: 0.1082
Epoch: 025/050 | Batch 1250/1289 | Loss: 0.1663
MAE/RMSE/ACC: Current Valid: 3.88/5.13/11.07 Ep. 25 | Best Valid: 3.13/4.15/11.07 | Ep. 22
Time elapsed: 85.87 min
Epoch: 026/050 | Batch 0000/1289 | Loss: 0.1253
Epoch: 026/050 | Batch 0050/1289 | Loss: 0.1174
Epoch: 026/050 | Batch 0100/1289 | Loss: 0.1108
Epoch: 026/050 | Batch 0150/1289 | Loss: 0.0975
Epoch: 026/050 | Batch 0200/1289 | Loss: 0.1035
Epoch: 026/050 | Batch 0250/1289 | Loss: 0.1167
Epoch: 026/050 | Batch 0300/1289 | Loss: 0.1395
Epoch: 026/050 | Batch 0350/1289 | Loss: 0.0966
Epoch: 026/050 | Batch 0400/1289 | Loss: 0.1395
Epoch: 026/050 | Batch 0450/1289 | Loss: 0.1020
Epoch: 026/050 | Batch 0500/1289 | Loss: 0.1539
Epoch: 026/050 | Batch 0550/1289 | Loss: 0.1085
Epoch: 026/050 | Batch 0600/1289 | Loss: 0.1319
Epoch: 026/050 | Batch 0650/1289 | Loss: 0.1181
Epoch: 026/050 | Batch 0700/1289 | Loss: 0.2078
Epoch: 026/050 | Batch 0750/1289 | Loss: 0.1370
Epoch: 026/050 | Batch 0800/1289 | Loss: 0.0987
Epoch: 026/050 | Batch 0850/1289 | Loss: 0.1279
Epoch: 026/050 | Batch 0900/1289 | Loss: 0.1072
Epoch: 026/050 | Batch 0950/1289 | Loss: 0.0989
Epoch: 026/050 | Batch 1000/1289 | Loss: 0.1350
Epoch: 026/050 | Batch 1050/1289 | Loss: 0.1568
Epoch: 026/050 | Batch 1100/1289 | Loss: 0.1055
Epoch: 026/050 | Batch 1150/1289 | Loss: 0.1253
Epoch: 026/050 | Batch 1200/1289 | Loss: 0.1256
Epoch: 026/050 | Batch 1250/1289 | Loss: 0.1638
MAE/RMSE/ACC: Current Valid: 2.94/3.92/11.79 Ep. 26 | Best Valid: 2.94/3.92/11.79 | Ep. 26
Time elapsed: 89.88 min
Epoch: 027/050 | Batch 0000/1289 | Loss: 0.1675
Epoch: 027/050 | Batch 0050/1289 | Loss: 0.1051
Epoch: 027/050 | Batch 0100/1289 | Loss: 0.1333
Epoch: 027/050 | Batch 0150/1289 | Loss: 0.1088
Epoch: 027/050 | Batch 0200/1289 | Loss: 0.1937
Epoch: 027/050 | Batch 0250/1289 | Loss: 0.1053
Epoch: 027/050 | Batch 0300/1289 | Loss: 0.1436
Epoch: 027/050 | Batch 0350/1289 | Loss: 0.1011
Epoch: 027/050 | Batch 0400/1289 | Loss: 0.1091
Epoch: 027/050 | Batch 0450/1289 | Loss: 0.1195
Epoch: 027/050 | Batch 0500/1289 | Loss: 0.1239
Epoch: 027/050 | Batch 0550/1289 | Loss: 0.0958
Epoch: 027/050 | Batch 0600/1289 | Loss: 0.1207
Epoch: 027/050 | Batch 0650/1289 | Loss: 0.2048
Epoch: 027/050 | Batch 0700/1289 | Loss: 0.1587
Epoch: 027/050 | Batch 0750/1289 | Loss: 0.1940
Epoch: 027/050 | Batch 0800/1289 | Loss: 0.0953
Epoch: 027/050 | Batch 0850/1289 | Loss: 0.1870
Epoch: 027/050 | Batch 0900/1289 | Loss: 0.0857
Epoch: 027/050 | Batch 0950/1289 | Loss: 0.2061
Epoch: 027/050 | Batch 1000/1289 | Loss: 0.1102
Epoch: 027/050 | Batch 1050/1289 | Loss: 0.1197
Epoch: 027/050 | Batch 1100/1289 | Loss: 0.1383
Epoch: 027/050 | Batch 1150/1289 | Loss: 0.1080
Epoch: 027/050 | Batch 1200/1289 | Loss: 0.1648
Epoch: 027/050 | Batch 1250/1289 | Loss: 0.0973
MAE/RMSE/ACC: Current Valid: 3.27/4.41/11.79 Ep. 27 | Best Valid: 2.94/3.92/11.79 | Ep. 26
Time elapsed: 94.07 min
Epoch: 028/050 | Batch 0000/1289 | Loss: 0.1024
Epoch: 028/050 | Batch 0050/1289 | Loss: 0.1442
Epoch: 028/050 | Batch 0100/1289 | Loss: 0.0939
Epoch: 028/050 | Batch 0150/1289 | Loss: 0.1595
Epoch: 028/050 | Batch 0200/1289 | Loss: 0.1093
Epoch: 028/050 | Batch 0250/1289 | Loss: 0.1079
Epoch: 028/050 | Batch 0300/1289 | Loss: 0.1431
Epoch: 028/050 | Batch 0350/1289 | Loss: 0.1445
Epoch: 028/050 | Batch 0400/1289 | Loss: 0.1058
Epoch: 028/050 | Batch 0450/1289 | Loss: 0.1369
Epoch: 028/050 | Batch 0500/1289 | Loss: 0.0865
Epoch: 028/050 | Batch 0550/1289 | Loss: 0.1212
Epoch: 028/050 | Batch 0600/1289 | Loss: 0.1779
Epoch: 028/050 | Batch 0650/1289 | Loss: 0.1779
Epoch: 028/050 | Batch 0700/1289 | Loss: 0.0912
Epoch: 028/050 | Batch 0750/1289 | Loss: 0.1334
Epoch: 028/050 | Batch 0800/1289 | Loss: 0.1139
Epoch: 028/050 | Batch 0850/1289 | Loss: 0.1298
Epoch: 028/050 | Batch 0900/1289 | Loss: 0.1805
Epoch: 028/050 | Batch 0950/1289 | Loss: 0.1205
Epoch: 028/050 | Batch 1000/1289 | Loss: 0.1423
Epoch: 028/050 | Batch 1050/1289 | Loss: 0.1175
Epoch: 028/050 | Batch 1100/1289 | Loss: 0.1218
Epoch: 028/050 | Batch 1150/1289 | Loss: 0.1204
Epoch: 028/050 | Batch 1200/1289 | Loss: 0.0988
Epoch: 028/050 | Batch 1250/1289 | Loss: 0.1566
MAE/RMSE/ACC: Current Valid: 3.29/4.34/11.79 Ep. 28 | Best Valid: 2.94/3.92/11.79 | Ep. 26
Time elapsed: 98.28 min
Epoch: 029/050 | Batch 0000/1289 | Loss: 0.1589
Epoch: 029/050 | Batch 0050/1289 | Loss: 0.1375
Epoch: 029/050 | Batch 0100/1289 | Loss: 0.1301
Epoch: 029/050 | Batch 0150/1289 | Loss: 0.1357
Epoch: 029/050 | Batch 0200/1289 | Loss: 0.1630
Epoch: 029/050 | Batch 0250/1289 | Loss: 0.1433
Epoch: 029/050 | Batch 0300/1289 | Loss: 0.1238
Epoch: 029/050 | Batch 0350/1289 | Loss: 0.1272
Epoch: 029/050 | Batch 0400/1289 | Loss: 0.1517
Epoch: 029/050 | Batch 0450/1289 | Loss: 0.1062
Epoch: 029/050 | Batch 0500/1289 | Loss: 0.1212
Epoch: 029/050 | Batch 0550/1289 | Loss: 0.1325
Epoch: 029/050 | Batch 0600/1289 | Loss: 0.1233
Epoch: 029/050 | Batch 0650/1289 | Loss: 0.1000
Epoch: 029/050 | Batch 0700/1289 | Loss: 0.1233
Epoch: 029/050 | Batch 0750/1289 | Loss: 0.0928
Epoch: 029/050 | Batch 0800/1289 | Loss: 0.0876
Epoch: 029/050 | Batch 0850/1289 | Loss: 0.1676
Epoch: 029/050 | Batch 0900/1289 | Loss: 0.1559
Epoch: 029/050 | Batch 0950/1289 | Loss: 0.1205
Epoch: 029/050 | Batch 1000/1289 | Loss: 0.1551
Epoch: 029/050 | Batch 1050/1289 | Loss: 0.1086
Epoch: 029/050 | Batch 1100/1289 | Loss: 0.1180
Epoch: 029/050 | Batch 1150/1289 | Loss: 0.0836
Epoch: 029/050 | Batch 1200/1289 | Loss: 0.1040
Epoch: 029/050 | Batch 1250/1289 | Loss: 0.1157
MAE/RMSE/ACC: Current Valid: 3.48/4.61/11.79 Ep. 29 | Best Valid: 2.94/3.92/11.79 | Ep. 26
Time elapsed: 102.46 min
Epoch: 030/050 | Batch 0000/1289 | Loss: 0.1466
Epoch: 030/050 | Batch 0050/1289 | Loss: 0.1399
Epoch: 030/050 | Batch 0100/1289 | Loss: 0.0777
Epoch: 030/050 | Batch 0150/1289 | Loss: 0.1185
Epoch: 030/050 | Batch 0200/1289 | Loss: 0.1074
Epoch: 030/050 | Batch 0250/1289 | Loss: 0.0712
Epoch: 030/050 | Batch 0300/1289 | Loss: 0.1187
Epoch: 030/050 | Batch 0350/1289 | Loss: 0.1955
Epoch: 030/050 | Batch 0400/1289 | Loss: 0.0935
Epoch: 030/050 | Batch 0450/1289 | Loss: 0.0777
Epoch: 030/050 | Batch 0500/1289 | Loss: 0.1253
Epoch: 030/050 | Batch 0550/1289 | Loss: 0.1705
Epoch: 030/050 | Batch 0600/1289 | Loss: 0.1264
Epoch: 030/050 | Batch 0650/1289 | Loss: 0.1576
Epoch: 030/050 | Batch 0700/1289 | Loss: 0.1732
Epoch: 030/050 | Batch 0750/1289 | Loss: 0.1616
Epoch: 030/050 | Batch 0800/1289 | Loss: 0.0923
Epoch: 030/050 | Batch 0850/1289 | Loss: 0.1326
Epoch: 030/050 | Batch 0900/1289 | Loss: 0.1120
Epoch: 030/050 | Batch 0950/1289 | Loss: 0.1540
Epoch: 030/050 | Batch 1000/1289 | Loss: 0.1180
Epoch: 030/050 | Batch 1050/1289 | Loss: 0.1181
Epoch: 030/050 | Batch 1100/1289 | Loss: 0.1175
Epoch: 030/050 | Batch 1150/1289 | Loss: 0.1299
Epoch: 030/050 | Batch 1200/1289 | Loss: 0.1430
Epoch: 030/050 | Batch 1250/1289 | Loss: 0.1516
MAE/RMSE/ACC: Current Valid: 3.06/4.11/11.79 Ep. 30 | Best Valid: 2.94/3.92/11.79 | Ep. 26
Time elapsed: 106.63 min
Epoch: 031/050 | Batch 0000/1289 | Loss: 0.0872
Epoch: 031/050 | Batch 0050/1289 | Loss: 0.1516
Epoch: 031/050 | Batch 0100/1289 | Loss: 0.0912
Epoch: 031/050 | Batch 0150/1289 | Loss: 0.0940
Epoch: 031/050 | Batch 0200/1289 | Loss: 0.1061
Epoch: 031/050 | Batch 0250/1289 | Loss: 0.0941
Epoch: 031/050 | Batch 0300/1289 | Loss: 0.1128
Epoch: 031/050 | Batch 0350/1289 | Loss: 0.0900
Epoch: 031/050 | Batch 0400/1289 | Loss: 0.1310
Epoch: 031/050 | Batch 0450/1289 | Loss: 0.1332
Epoch: 031/050 | Batch 0500/1289 | Loss: 0.1577
Epoch: 031/050 | Batch 0550/1289 | Loss: 0.1076
Epoch: 031/050 | Batch 0600/1289 | Loss: 0.1302
Epoch: 031/050 | Batch 0650/1289 | Loss: 0.1196
Epoch: 031/050 | Batch 0700/1289 | Loss: 0.1021
Epoch: 031/050 | Batch 0750/1289 | Loss: 0.0919
Epoch: 031/050 | Batch 0800/1289 | Loss: 0.1197
Epoch: 031/050 | Batch 0850/1289 | Loss: 0.1557
Epoch: 031/050 | Batch 0900/1289 | Loss: 0.0992
Epoch: 031/050 | Batch 0950/1289 | Loss: 0.1709
Epoch: 031/050 | Batch 1000/1289 | Loss: 0.1400
Epoch: 031/050 | Batch 1050/1289 | Loss: 0.1037
Epoch: 031/050 | Batch 1100/1289 | Loss: 0.0827
Epoch: 031/050 | Batch 1150/1289 | Loss: 0.1231
Epoch: 031/050 | Batch 1200/1289 | Loss: 0.1034
Epoch: 031/050 | Batch 1250/1289 | Loss: 0.0866
MAE/RMSE/ACC: Current Valid: 3.43/4.54/11.79 Ep. 31 | Best Valid: 2.94/3.92/11.79 | Ep. 26
Time elapsed: 110.81 min
Epoch: 032/050 | Batch 0000/1289 | Loss: 0.1090
Epoch: 032/050 | Batch 0050/1289 | Loss: 0.0982
Epoch: 032/050 | Batch 0100/1289 | Loss: 0.0768
Epoch: 032/050 | Batch 0150/1289 | Loss: 0.1443
Epoch: 032/050 | Batch 0200/1289 | Loss: 0.1078
Epoch: 032/050 | Batch 0250/1289 | Loss: 0.0682
Epoch: 032/050 | Batch 0300/1289 | Loss: 0.1080
Epoch: 032/050 | Batch 0350/1289 | Loss: 0.0811
Epoch: 032/050 | Batch 0400/1289 | Loss: 0.1093
Epoch: 032/050 | Batch 0450/1289 | Loss: 0.1520
Epoch: 032/050 | Batch 0500/1289 | Loss: 0.0852
Epoch: 032/050 | Batch 0550/1289 | Loss: 0.1132
Epoch: 032/050 | Batch 0600/1289 | Loss: 0.1259
Epoch: 032/050 | Batch 0650/1289 | Loss: 0.1462
Epoch: 032/050 | Batch 0700/1289 | Loss: 0.0970
Epoch: 032/050 | Batch 0750/1289 | Loss: 0.1082
Epoch: 032/050 | Batch 0800/1289 | Loss: 0.0797
Epoch: 032/050 | Batch 0850/1289 | Loss: 0.1585
Epoch: 032/050 | Batch 0900/1289 | Loss: 0.1223
Epoch: 032/050 | Batch 0950/1289 | Loss: 0.0941
Epoch: 032/050 | Batch 1000/1289 | Loss: 0.1265
Epoch: 032/050 | Batch 1050/1289 | Loss: 0.1051
Epoch: 032/050 | Batch 1100/1289 | Loss: 0.1053
Epoch: 032/050 | Batch 1150/1289 | Loss: 0.1425
Epoch: 032/050 | Batch 1200/1289 | Loss: 0.1035
Epoch: 032/050 | Batch 1250/1289 | Loss: 0.0800
MAE/RMSE/ACC: Current Valid: 3.00/4.02/11.79 Ep. 32 | Best Valid: 2.94/3.92/11.79 | Ep. 26
Time elapsed: 115.02 min
Epoch: 033/050 | Batch 0000/1289 | Loss: 0.1093
Epoch: 033/050 | Batch 0050/1289 | Loss: 0.1100
Epoch: 033/050 | Batch 0100/1289 | Loss: 0.1033
Epoch: 033/050 | Batch 0150/1289 | Loss: 0.1047
Epoch: 033/050 | Batch 0200/1289 | Loss: 0.1374
Epoch: 033/050 | Batch 0250/1289 | Loss: 0.1090
Epoch: 033/050 | Batch 0300/1289 | Loss: 0.1061
Epoch: 033/050 | Batch 0350/1289 | Loss: 0.0947
Epoch: 033/050 | Batch 0400/1289 | Loss: 0.1159
Epoch: 033/050 | Batch 0450/1289 | Loss: 0.1145
Epoch: 033/050 | Batch 0500/1289 | Loss: 0.1074
Epoch: 033/050 | Batch 0550/1289 | Loss: 0.0844
Epoch: 033/050 | Batch 0600/1289 | Loss: 0.1001
Epoch: 033/050 | Batch 0650/1289 | Loss: 0.1223
Epoch: 033/050 | Batch 0700/1289 | Loss: 0.0932
Epoch: 033/050 | Batch 0750/1289 | Loss: 0.1221
Epoch: 033/050 | Batch 0800/1289 | Loss: 0.1135
Epoch: 033/050 | Batch 0850/1289 | Loss: 0.0822
Epoch: 033/050 | Batch 0900/1289 | Loss: 0.1183
Epoch: 033/050 | Batch 0950/1289 | Loss: 0.1144
Epoch: 033/050 | Batch 1000/1289 | Loss: 0.1132
Epoch: 033/050 | Batch 1050/1289 | Loss: 0.0811
Epoch: 033/050 | Batch 1100/1289 | Loss: 0.0766
Epoch: 033/050 | Batch 1150/1289 | Loss: 0.0946
Epoch: 033/050 | Batch 1200/1289 | Loss: 0.0923
Epoch: 033/050 | Batch 1250/1289 | Loss: 0.1229
MAE/RMSE/ACC: Current Valid: 3.15/4.23/11.79 Ep. 33 | Best Valid: 2.94/3.92/11.79 | Ep. 26
Time elapsed: 119.20 min
Epoch: 034/050 | Batch 0000/1289 | Loss: 0.0825
Epoch: 034/050 | Batch 0050/1289 | Loss: 0.0946
Epoch: 034/050 | Batch 0100/1289 | Loss: 0.0711
Epoch: 034/050 | Batch 0150/1289 | Loss: 0.1039
Epoch: 034/050 | Batch 0200/1289 | Loss: 0.1077
Epoch: 034/050 | Batch 0250/1289 | Loss: 0.0914
Epoch: 034/050 | Batch 0300/1289 | Loss: 0.0957
Epoch: 034/050 | Batch 0350/1289 | Loss: 0.1089
Epoch: 034/050 | Batch 0400/1289 | Loss: 0.1073
Epoch: 034/050 | Batch 0450/1289 | Loss: 0.0923
Epoch: 034/050 | Batch 0500/1289 | Loss: 0.1218
Epoch: 034/050 | Batch 0550/1289 | Loss: 0.0723
Epoch: 034/050 | Batch 0600/1289 | Loss: 0.1027
Epoch: 034/050 | Batch 0650/1289 | Loss: 0.0937
Epoch: 034/050 | Batch 0700/1289 | Loss: 0.0996
Epoch: 034/050 | Batch 0750/1289 | Loss: 0.1028
Epoch: 034/050 | Batch 0800/1289 | Loss: 0.1163
Epoch: 034/050 | Batch 0850/1289 | Loss: 0.1038
Epoch: 034/050 | Batch 0900/1289 | Loss: 0.1073
Epoch: 034/050 | Batch 0950/1289 | Loss: 0.0889
Epoch: 034/050 | Batch 1000/1289 | Loss: 0.1392
Epoch: 034/050 | Batch 1050/1289 | Loss: 0.1058
Epoch: 034/050 | Batch 1100/1289 | Loss: 0.1164
Epoch: 034/050 | Batch 1150/1289 | Loss: 0.1473
Epoch: 034/050 | Batch 1200/1289 | Loss: 0.1199
Epoch: 034/050 | Batch 1250/1289 | Loss: 0.0805
MAE/RMSE/ACC: Current Valid: 3.06/4.07/11.79 Ep. 34 | Best Valid: 2.94/3.92/11.79 | Ep. 26
Time elapsed: 123.36 min
Epoch: 035/050 | Batch 0000/1289 | Loss: 0.0735
Epoch: 035/050 | Batch 0050/1289 | Loss: 0.0992
Epoch: 035/050 | Batch 0100/1289 | Loss: 0.1049
Epoch: 035/050 | Batch 0150/1289 | Loss: 0.0961
Epoch: 035/050 | Batch 0200/1289 | Loss: 0.1087
Epoch: 035/050 | Batch 0250/1289 | Loss: 0.0949
Epoch: 035/050 | Batch 0300/1289 | Loss: 0.1141
Epoch: 035/050 | Batch 0350/1289 | Loss: 0.0776
Epoch: 035/050 | Batch 0400/1289 | Loss: 0.1075
Epoch: 035/050 | Batch 0450/1289 | Loss: 0.0874
Epoch: 035/050 | Batch 0500/1289 | Loss: 0.1106
Epoch: 035/050 | Batch 0550/1289 | Loss: 0.1048
Epoch: 035/050 | Batch 0600/1289 | Loss: 0.1148
Epoch: 035/050 | Batch 0650/1289 | Loss: 0.0989
Epoch: 035/050 | Batch 0700/1289 | Loss: 0.0667
Epoch: 035/050 | Batch 0750/1289 | Loss: 0.0910
Epoch: 035/050 | Batch 0800/1289 | Loss: 0.0928
Epoch: 035/050 | Batch 0850/1289 | Loss: 0.1064
Epoch: 035/050 | Batch 0900/1289 | Loss: 0.1433
Epoch: 035/050 | Batch 0950/1289 | Loss: 0.0817
Epoch: 035/050 | Batch 1000/1289 | Loss: 0.1166
Epoch: 035/050 | Batch 1050/1289 | Loss: 0.1204
Epoch: 035/050 | Batch 1100/1289 | Loss: 0.0747
Epoch: 035/050 | Batch 1150/1289 | Loss: 0.1173
Epoch: 035/050 | Batch 1200/1289 | Loss: 0.1023
Epoch: 035/050 | Batch 1250/1289 | Loss: 0.0777
MAE/RMSE/ACC: Current Valid: 3.01/4.04/11.79 Ep. 35 | Best Valid: 2.94/3.92/11.79 | Ep. 26
Time elapsed: 127.14 min
Epoch: 036/050 | Batch 0000/1289 | Loss: 0.0981
Epoch: 036/050 | Batch 0050/1289 | Loss: 0.0668
Epoch: 036/050 | Batch 0100/1289 | Loss: 0.1001
Epoch: 036/050 | Batch 0150/1289 | Loss: 0.0705
Epoch: 036/050 | Batch 0200/1289 | Loss: 0.1244
Epoch: 036/050 | Batch 0250/1289 | Loss: 0.0897
Epoch: 036/050 | Batch 0300/1289 | Loss: 0.0747
Epoch: 036/050 | Batch 0350/1289 | Loss: 0.0884
Epoch: 036/050 | Batch 0400/1289 | Loss: 0.0848
Epoch: 036/050 | Batch 0450/1289 | Loss: 0.0845
Epoch: 036/050 | Batch 0500/1289 | Loss: 0.0800
Epoch: 036/050 | Batch 0550/1289 | Loss: 0.0938
Epoch: 036/050 | Batch 0600/1289 | Loss: 0.1052
Epoch: 036/050 | Batch 0650/1289 | Loss: 0.0724
Epoch: 036/050 | Batch 0700/1289 | Loss: 0.0974
Epoch: 036/050 | Batch 0750/1289 | Loss: 0.0767
Epoch: 036/050 | Batch 0800/1289 | Loss: 0.0881
Epoch: 036/050 | Batch 0850/1289 | Loss: 0.0839
Epoch: 036/050 | Batch 0900/1289 | Loss: 0.0796
Epoch: 036/050 | Batch 0950/1289 | Loss: 0.0702
Epoch: 036/050 | Batch 1000/1289 | Loss: 0.1024
Epoch: 036/050 | Batch 1050/1289 | Loss: 0.0900
Epoch: 036/050 | Batch 1100/1289 | Loss: 0.0938
Epoch: 036/050 | Batch 1150/1289 | Loss: 0.1139
Epoch: 036/050 | Batch 1200/1289 | Loss: 0.0938
Epoch: 036/050 | Batch 1250/1289 | Loss: 0.1073
MAE/RMSE/ACC: Current Valid: 3.24/4.29/11.79 Ep. 36 | Best Valid: 2.94/3.92/11.79 | Ep. 26
Time elapsed: 131.19 min
Epoch: 037/050 | Batch 0000/1289 | Loss: 0.0826
Epoch: 037/050 | Batch 0050/1289 | Loss: 0.0724
Epoch: 037/050 | Batch 0100/1289 | Loss: 0.0876
Epoch: 037/050 | Batch 0150/1289 | Loss: 0.0863
Epoch: 037/050 | Batch 0200/1289 | Loss: 0.0794
Epoch: 037/050 | Batch 0250/1289 | Loss: 0.0898
Epoch: 037/050 | Batch 0300/1289 | Loss: 0.0848
Epoch: 037/050 | Batch 0350/1289 | Loss: 0.0869
Epoch: 037/050 | Batch 0400/1289 | Loss: 0.0757
Epoch: 037/050 | Batch 0450/1289 | Loss: 0.0882
Epoch: 037/050 | Batch 0500/1289 | Loss: 0.0919
Epoch: 037/050 | Batch 0550/1289 | Loss: 0.0770
Epoch: 037/050 | Batch 0600/1289 | Loss: 0.0643
Epoch: 037/050 | Batch 0650/1289 | Loss: 0.0753
Epoch: 037/050 | Batch 0700/1289 | Loss: 0.0839
Epoch: 037/050 | Batch 0750/1289 | Loss: 0.0671
Epoch: 037/050 | Batch 0800/1289 | Loss: 0.0709
Epoch: 037/050 | Batch 0850/1289 | Loss: 0.1260
Epoch: 037/050 | Batch 0900/1289 | Loss: 0.0810
Epoch: 037/050 | Batch 0950/1289 | Loss: 0.1215
Epoch: 037/050 | Batch 1000/1289 | Loss: 0.1002
Epoch: 037/050 | Batch 1050/1289 | Loss: 0.0937
Epoch: 037/050 | Batch 1100/1289 | Loss: 0.0872
Epoch: 037/050 | Batch 1150/1289 | Loss: 0.0776
Epoch: 037/050 | Batch 1200/1289 | Loss: 0.0791
Epoch: 037/050 | Batch 1250/1289 | Loss: 0.0838
MAE/RMSE/ACC: Current Valid: 3.18/4.21/11.79 Ep. 37 | Best Valid: 2.94/3.92/11.79 | Ep. 26
Time elapsed: 135.29 min
Epoch: 038/050 | Batch 0000/1289 | Loss: 0.1010
Epoch: 038/050 | Batch 0050/1289 | Loss: 0.0917
Epoch: 038/050 | Batch 0100/1289 | Loss: 0.0989
Epoch: 038/050 | Batch 0150/1289 | Loss: 0.1006
Epoch: 038/050 | Batch 0200/1289 | Loss: 0.0950
Epoch: 038/050 | Batch 0250/1289 | Loss: 0.0613
Epoch: 038/050 | Batch 0300/1289 | Loss: 0.0829
Epoch: 038/050 | Batch 0350/1289 | Loss: 0.0524
Epoch: 038/050 | Batch 0400/1289 | Loss: 0.0631
Epoch: 038/050 | Batch 0450/1289 | Loss: 0.0998
Epoch: 038/050 | Batch 0500/1289 | Loss: 0.1186
Epoch: 038/050 | Batch 0550/1289 | Loss: 0.0768
Epoch: 038/050 | Batch 0600/1289 | Loss: 0.0829
Epoch: 038/050 | Batch 0650/1289 | Loss: 0.0748
Epoch: 038/050 | Batch 0700/1289 | Loss: 0.0984
Epoch: 038/050 | Batch 0750/1289 | Loss: 0.0768
Epoch: 038/050 | Batch 0800/1289 | Loss: 0.1033
Epoch: 038/050 | Batch 0850/1289 | Loss: 0.1172
Epoch: 038/050 | Batch 0900/1289 | Loss: 0.0787
Epoch: 038/050 | Batch 0950/1289 | Loss: 0.0958
Epoch: 038/050 | Batch 1000/1289 | Loss: 0.0869
Epoch: 038/050 | Batch 1050/1289 | Loss: 0.0703
Epoch: 038/050 | Batch 1100/1289 | Loss: 0.0650
Epoch: 038/050 | Batch 1150/1289 | Loss: 0.0979
Epoch: 038/050 | Batch 1200/1289 | Loss: 0.1161
Epoch: 038/050 | Batch 1250/1289 | Loss: 0.0763
MAE/RMSE/ACC: Current Valid: 3.19/4.28/11.79 Ep. 38 | Best Valid: 2.94/3.92/11.79 | Ep. 26
Time elapsed: 139.42 min
Epoch: 039/050 | Batch 0000/1289 | Loss: 0.0828
Epoch: 039/050 | Batch 0050/1289 | Loss: 0.0630
Epoch: 039/050 | Batch 0100/1289 | Loss: 0.0831
Epoch: 039/050 | Batch 0150/1289 | Loss: 0.0620
Epoch: 039/050 | Batch 0200/1289 | Loss: 0.1086
Epoch: 039/050 | Batch 0250/1289 | Loss: 0.0595
Epoch: 039/050 | Batch 0300/1289 | Loss: 0.1195
Epoch: 039/050 | Batch 0350/1289 | Loss: 0.0954
Epoch: 039/050 | Batch 0400/1289 | Loss: 0.0604
Epoch: 039/050 | Batch 0450/1289 | Loss: 0.1066
Epoch: 039/050 | Batch 0500/1289 | Loss: 0.0892
Epoch: 039/050 | Batch 0550/1289 | Loss: 0.0893
Epoch: 039/050 | Batch 0600/1289 | Loss: 0.1052
Epoch: 039/050 | Batch 0650/1289 | Loss: 0.0678
Epoch: 039/050 | Batch 0700/1289 | Loss: 0.0647
Epoch: 039/050 | Batch 0750/1289 | Loss: 0.0705
Epoch: 039/050 | Batch 0800/1289 | Loss: 0.0908
Epoch: 039/050 | Batch 0850/1289 | Loss: 0.0778
Epoch: 039/050 | Batch 0900/1289 | Loss: 0.1174
Epoch: 039/050 | Batch 0950/1289 | Loss: 0.1185
Epoch: 039/050 | Batch 1000/1289 | Loss: 0.0700
Epoch: 039/050 | Batch 1050/1289 | Loss: 0.0709
Epoch: 039/050 | Batch 1100/1289 | Loss: 0.0772
Epoch: 039/050 | Batch 1150/1289 | Loss: 0.0698
Epoch: 039/050 | Batch 1200/1289 | Loss: 0.1280
Epoch: 039/050 | Batch 1250/1289 | Loss: 0.1036
MAE/RMSE/ACC: Current Valid: 3.23/4.27/11.79 Ep. 39 | Best Valid: 2.94/3.92/11.79 | Ep. 26
Time elapsed: 143.57 min
Epoch: 040/050 | Batch 0000/1289 | Loss: 0.0744
Epoch: 040/050 | Batch 0050/1289 | Loss: 0.0562
Epoch: 040/050 | Batch 0100/1289 | Loss: 0.0892
Epoch: 040/050 | Batch 0150/1289 | Loss: 0.0990
Epoch: 040/050 | Batch 0200/1289 | Loss: 0.0712
Epoch: 040/050 | Batch 0250/1289 | Loss: 0.0688
Epoch: 040/050 | Batch 0300/1289 | Loss: 0.1026
Epoch: 040/050 | Batch 0350/1289 | Loss: 0.1078
Epoch: 040/050 | Batch 0400/1289 | Loss: 0.0974
Epoch: 040/050 | Batch 0450/1289 | Loss: 0.0676
Epoch: 040/050 | Batch 0500/1289 | Loss: 0.1052
Epoch: 040/050 | Batch 0550/1289 | Loss: 0.0917
Epoch: 040/050 | Batch 0600/1289 | Loss: 0.0917
Epoch: 040/050 | Batch 0650/1289 | Loss: 0.0570
Epoch: 040/050 | Batch 0700/1289 | Loss: 0.0778
Epoch: 040/050 | Batch 0750/1289 | Loss: 0.0976
Epoch: 040/050 | Batch 0800/1289 | Loss: 0.1072
Epoch: 040/050 | Batch 0850/1289 | Loss: 0.0788
Epoch: 040/050 | Batch 0900/1289 | Loss: 0.0727
Epoch: 040/050 | Batch 0950/1289 | Loss: 0.0745
Epoch: 040/050 | Batch 1000/1289 | Loss: 0.0656
Epoch: 040/050 | Batch 1050/1289 | Loss: 0.0738
Epoch: 040/050 | Batch 1100/1289 | Loss: 0.0927
Epoch: 040/050 | Batch 1150/1289 | Loss: 0.0791
Epoch: 040/050 | Batch 1200/1289 | Loss: 0.0902
Epoch: 040/050 | Batch 1250/1289 | Loss: 0.0892
MAE/RMSE/ACC: Current Valid: 3.21/4.31/11.79 Ep. 40 | Best Valid: 2.94/3.92/11.79 | Ep. 26
Time elapsed: 147.71 min
Epoch: 041/050 | Batch 0000/1289 | Loss: 0.0798
Epoch: 041/050 | Batch 0050/1289 | Loss: 0.0725
Epoch: 041/050 | Batch 0100/1289 | Loss: 0.0918
Epoch: 041/050 | Batch 0150/1289 | Loss: 0.0744
Epoch: 041/050 | Batch 0200/1289 | Loss: 0.0654
Epoch: 041/050 | Batch 0250/1289 | Loss: 0.0744
Epoch: 041/050 | Batch 0300/1289 | Loss: 0.0796
Epoch: 041/050 | Batch 0350/1289 | Loss: 0.0890
Epoch: 041/050 | Batch 0400/1289 | Loss: 0.0805
Epoch: 041/050 | Batch 0450/1289 | Loss: 0.1175
Epoch: 041/050 | Batch 0500/1289 | Loss: 0.1001
Epoch: 041/050 | Batch 0550/1289 | Loss: 0.0919
Epoch: 041/050 | Batch 0600/1289 | Loss: 0.0675
Epoch: 041/050 | Batch 0650/1289 | Loss: 0.0622
Epoch: 041/050 | Batch 0700/1289 | Loss: 0.0867
Epoch: 041/050 | Batch 0750/1289 | Loss: 0.0843
Epoch: 041/050 | Batch 0800/1289 | Loss: 0.0993
Epoch: 041/050 | Batch 0850/1289 | Loss: 0.0709
Epoch: 041/050 | Batch 0900/1289 | Loss: 0.0559
Epoch: 041/050 | Batch 0950/1289 | Loss: 0.0737
Epoch: 041/050 | Batch 1000/1289 | Loss: 0.0676
Epoch: 041/050 | Batch 1050/1289 | Loss: 0.0687
Epoch: 041/050 | Batch 1100/1289 | Loss: 0.0848
Epoch: 041/050 | Batch 1150/1289 | Loss: 0.0902
Epoch: 041/050 | Batch 1200/1289 | Loss: 0.0665
Epoch: 041/050 | Batch 1250/1289 | Loss: 0.1214
MAE/RMSE/ACC: Current Valid: 3.16/4.23/11.79 Ep. 41 | Best Valid: 2.94/3.92/11.79 | Ep. 26
Time elapsed: 151.85 min
Epoch: 042/050 | Batch 0000/1289 | Loss: 0.0604
Epoch: 042/050 | Batch 0050/1289 | Loss: 0.0790
Epoch: 042/050 | Batch 0100/1289 | Loss: 0.0623
Epoch: 042/050 | Batch 0150/1289 | Loss: 0.0813
Epoch: 042/050 | Batch 0200/1289 | Loss: 0.1393
Epoch: 042/050 | Batch 0250/1289 | Loss: 0.0741
Epoch: 042/050 | Batch 0300/1289 | Loss: 0.0817
Epoch: 042/050 | Batch 0350/1289 | Loss: 0.1511
Epoch: 042/050 | Batch 0400/1289 | Loss: 0.0802
Epoch: 042/050 | Batch 0450/1289 | Loss: 0.0932
Epoch: 042/050 | Batch 0500/1289 | Loss: 0.0590
Epoch: 042/050 | Batch 0550/1289 | Loss: 0.0699
Epoch: 042/050 | Batch 0600/1289 | Loss: 0.0725
Epoch: 042/050 | Batch 0650/1289 | Loss: 0.0640
Epoch: 042/050 | Batch 0700/1289 | Loss: 0.0903
Epoch: 042/050 | Batch 0750/1289 | Loss: 0.0652
Epoch: 042/050 | Batch 0800/1289 | Loss: 0.1199
Epoch: 042/050 | Batch 0850/1289 | Loss: 0.0796
Epoch: 042/050 | Batch 0900/1289 | Loss: 0.1052
Epoch: 042/050 | Batch 0950/1289 | Loss: 0.0608
Epoch: 042/050 | Batch 1000/1289 | Loss: 0.1237
Epoch: 042/050 | Batch 1050/1289 | Loss: 0.0915
Epoch: 042/050 | Batch 1100/1289 | Loss: 0.0868
Epoch: 042/050 | Batch 1150/1289 | Loss: 0.1088
Epoch: 042/050 | Batch 1200/1289 | Loss: 0.0837
Epoch: 042/050 | Batch 1250/1289 | Loss: 0.0799
MAE/RMSE/ACC: Current Valid: 3.11/4.18/11.79 Ep. 42 | Best Valid: 2.94/3.92/11.79 | Ep. 26
Time elapsed: 155.99 min
Epoch: 043/050 | Batch 0000/1289 | Loss: 0.0742
Epoch: 043/050 | Batch 0050/1289 | Loss: 0.0930
Epoch: 043/050 | Batch 0100/1289 | Loss: 0.0755
Epoch: 043/050 | Batch 0150/1289 | Loss: 0.0582
Epoch: 043/050 | Batch 0200/1289 | Loss: 0.0600
Epoch: 043/050 | Batch 0250/1289 | Loss: 0.0833
Epoch: 043/050 | Batch 0300/1289 | Loss: 0.0532
Epoch: 043/050 | Batch 0350/1289 | Loss: 0.0767
Epoch: 043/050 | Batch 0400/1289 | Loss: 0.0800
Epoch: 043/050 | Batch 0450/1289 | Loss: 0.0921
Epoch: 043/050 | Batch 0500/1289 | Loss: 0.0791
Epoch: 043/050 | Batch 0550/1289 | Loss: 0.0843
Epoch: 043/050 | Batch 0600/1289 | Loss: 0.0770
Epoch: 043/050 | Batch 0650/1289 | Loss: 0.1018
Epoch: 043/050 | Batch 0700/1289 | Loss: 0.0828
Epoch: 043/050 | Batch 0750/1289 | Loss: 0.0574
Epoch: 043/050 | Batch 0800/1289 | Loss: 0.0613
Epoch: 043/050 | Batch 0850/1289 | Loss: 0.0729
Epoch: 043/050 | Batch 0900/1289 | Loss: 0.0839
Epoch: 043/050 | Batch 0950/1289 | Loss: 0.0661
Epoch: 043/050 | Batch 1000/1289 | Loss: 0.0693
Epoch: 043/050 | Batch 1050/1289 | Loss: 0.0998
Epoch: 043/050 | Batch 1100/1289 | Loss: 0.0946
Epoch: 043/050 | Batch 1150/1289 | Loss: 0.0690
Epoch: 043/050 | Batch 1200/1289 | Loss: 0.0578
Epoch: 043/050 | Batch 1250/1289 | Loss: 0.0973
MAE/RMSE/ACC: Current Valid: 2.98/4.00/11.79 Ep. 43 | Best Valid: 2.94/3.92/11.79 | Ep. 26
Time elapsed: 159.81 min
Epoch: 044/050 | Batch 0000/1289 | Loss: 0.0781
Epoch: 044/050 | Batch 0050/1289 | Loss: 0.0925
Epoch: 044/050 | Batch 0100/1289 | Loss: 0.0530
Epoch: 044/050 | Batch 0150/1289 | Loss: 0.0825
Epoch: 044/050 | Batch 0200/1289 | Loss: 0.0732
Epoch: 044/050 | Batch 0250/1289 | Loss: 0.0909
Epoch: 044/050 | Batch 0300/1289 | Loss: 0.0779
Epoch: 044/050 | Batch 0350/1289 | Loss: 0.0876
Epoch: 044/050 | Batch 0400/1289 | Loss: 0.0616
Epoch: 044/050 | Batch 0450/1289 | Loss: 0.1195
Epoch: 044/050 | Batch 0500/1289 | Loss: 0.0524
Epoch: 044/050 | Batch 0550/1289 | Loss: 0.0755
Epoch: 044/050 | Batch 0600/1289 | Loss: 0.0579
Epoch: 044/050 | Batch 0650/1289 | Loss: 0.0876
Epoch: 044/050 | Batch 0700/1289 | Loss: 0.0727
Epoch: 044/050 | Batch 0750/1289 | Loss: 0.0526
Epoch: 044/050 | Batch 0800/1289 | Loss: 0.1165
Epoch: 044/050 | Batch 0850/1289 | Loss: 0.0726
Epoch: 044/050 | Batch 0900/1289 | Loss: 0.0743
Epoch: 044/050 | Batch 0950/1289 | Loss: 0.0959
Epoch: 044/050 | Batch 1000/1289 | Loss: 0.0668
Epoch: 044/050 | Batch 1050/1289 | Loss: 0.0804
Epoch: 044/050 | Batch 1100/1289 | Loss: 0.0993
Epoch: 044/050 | Batch 1150/1289 | Loss: 0.1213
Epoch: 044/050 | Batch 1200/1289 | Loss: 0.0535
Epoch: 044/050 | Batch 1250/1289 | Loss: 0.0658
MAE/RMSE/ACC: Current Valid: 2.94/3.95/11.79 Ep. 44 | Best Valid: 2.94/3.92/11.79 | Ep. 26
Time elapsed: 163.86 min
Epoch: 045/050 | Batch 0000/1289 | Loss: 0.0612
Epoch: 045/050 | Batch 0050/1289 | Loss: 0.0977
Epoch: 045/050 | Batch 0100/1289 | Loss: 0.0534
Epoch: 045/050 | Batch 0150/1289 | Loss: 0.0722
Epoch: 045/050 | Batch 0200/1289 | Loss: 0.0628
Epoch: 045/050 | Batch 0250/1289 | Loss: 0.1083
Epoch: 045/050 | Batch 0300/1289 | Loss: 0.0602
Epoch: 045/050 | Batch 0350/1289 | Loss: 0.0829
Epoch: 045/050 | Batch 0400/1289 | Loss: 0.1084
Epoch: 045/050 | Batch 0450/1289 | Loss: 0.0785
Epoch: 045/050 | Batch 0500/1289 | Loss: 0.0760
Epoch: 045/050 | Batch 0550/1289 | Loss: 0.0661
Epoch: 045/050 | Batch 0600/1289 | Loss: 0.0782
Epoch: 045/050 | Batch 0650/1289 | Loss: 0.0871
Epoch: 045/050 | Batch 0700/1289 | Loss: 0.0843
Epoch: 045/050 | Batch 0750/1289 | Loss: 0.0592
Epoch: 045/050 | Batch 0800/1289 | Loss: 0.0862
Epoch: 045/050 | Batch 0850/1289 | Loss: 0.1177
Epoch: 045/050 | Batch 0900/1289 | Loss: 0.0534
Epoch: 045/050 | Batch 0950/1289 | Loss: 0.0746
Epoch: 045/050 | Batch 1000/1289 | Loss: 0.0586
Epoch: 045/050 | Batch 1050/1289 | Loss: 0.0471
Epoch: 045/050 | Batch 1100/1289 | Loss: 0.1022
Epoch: 045/050 | Batch 1150/1289 | Loss: 0.0869
Epoch: 045/050 | Batch 1200/1289 | Loss: 0.0664
Epoch: 045/050 | Batch 1250/1289 | Loss: 0.0577
MAE/RMSE/ACC: Current Valid: 3.10/4.15/11.79 Ep. 45 | Best Valid: 2.94/3.92/11.79 | Ep. 26
Time elapsed: 167.96 min
Epoch: 046/050 | Batch 0000/1289 | Loss: 0.0734
Epoch: 046/050 | Batch 0050/1289 | Loss: 0.0594
Epoch: 046/050 | Batch 0100/1289 | Loss: 0.0928
Epoch: 046/050 | Batch 0150/1289 | Loss: 0.0797
Epoch: 046/050 | Batch 0200/1289 | Loss: 0.0740
Epoch: 046/050 | Batch 0250/1289 | Loss: 0.0869
Epoch: 046/050 | Batch 0300/1289 | Loss: 0.0769
Epoch: 046/050 | Batch 0350/1289 | Loss: 0.0984
Epoch: 046/050 | Batch 0400/1289 | Loss: 0.0938
Epoch: 046/050 | Batch 0450/1289 | Loss: 0.0641
Epoch: 046/050 | Batch 0500/1289 | Loss: 0.0980
Epoch: 046/050 | Batch 0550/1289 | Loss: 0.0720
Epoch: 046/050 | Batch 0600/1289 | Loss: 0.0552
Epoch: 046/050 | Batch 0650/1289 | Loss: 0.0856
Epoch: 046/050 | Batch 0700/1289 | Loss: 0.0681
Epoch: 046/050 | Batch 0750/1289 | Loss: 0.0635
Epoch: 046/050 | Batch 0800/1289 | Loss: 0.0620
Epoch: 046/050 | Batch 0850/1289 | Loss: 0.0629
Epoch: 046/050 | Batch 0900/1289 | Loss: 0.0655
Epoch: 046/050 | Batch 0950/1289 | Loss: 0.0827
Epoch: 046/050 | Batch 1000/1289 | Loss: 0.1100
Epoch: 046/050 | Batch 1050/1289 | Loss: 0.0828
Epoch: 046/050 | Batch 1100/1289 | Loss: 0.0602
Epoch: 046/050 | Batch 1150/1289 | Loss: 0.0450
Epoch: 046/050 | Batch 1200/1289 | Loss: 0.0533
Epoch: 046/050 | Batch 1250/1289 | Loss: 0.0725
MAE/RMSE/ACC: Current Valid: 3.15/4.22/11.79 Ep. 46 | Best Valid: 2.94/3.92/11.79 | Ep. 26
Time elapsed: 172.02 min
Epoch: 047/050 | Batch 0000/1289 | Loss: 0.0780
Epoch: 047/050 | Batch 0050/1289 | Loss: 0.0744
Epoch: 047/050 | Batch 0100/1289 | Loss: 0.0463
Epoch: 047/050 | Batch 0150/1289 | Loss: 0.0598
Epoch: 047/050 | Batch 0200/1289 | Loss: 0.0587
Epoch: 047/050 | Batch 0250/1289 | Loss: 0.0637
Epoch: 047/050 | Batch 0300/1289 | Loss: 0.0717
Epoch: 047/050 | Batch 0350/1289 | Loss: 0.0706
Epoch: 047/050 | Batch 0400/1289 | Loss: 0.0564
Epoch: 047/050 | Batch 0450/1289 | Loss: 0.1116
Epoch: 047/050 | Batch 0500/1289 | Loss: 0.0670
Epoch: 047/050 | Batch 0550/1289 | Loss: 0.0734
Epoch: 047/050 | Batch 0600/1289 | Loss: 0.0728
Epoch: 047/050 | Batch 0650/1289 | Loss: 0.0893
Epoch: 047/050 | Batch 0700/1289 | Loss: 0.0870
Epoch: 047/050 | Batch 0750/1289 | Loss: 0.0488
Epoch: 047/050 | Batch 0800/1289 | Loss: 0.0727
Epoch: 047/050 | Batch 0850/1289 | Loss: 0.0417
Epoch: 047/050 | Batch 0900/1289 | Loss: 0.0700
Epoch: 047/050 | Batch 0950/1289 | Loss: 0.0603
Epoch: 047/050 | Batch 1000/1289 | Loss: 0.0784
Epoch: 047/050 | Batch 1050/1289 | Loss: 0.0768
Epoch: 047/050 | Batch 1100/1289 | Loss: 0.0514
Epoch: 047/050 | Batch 1150/1289 | Loss: 0.0651
Epoch: 047/050 | Batch 1200/1289 | Loss: 0.0742
Epoch: 047/050 | Batch 1250/1289 | Loss: 0.0861
MAE/RMSE/ACC: Current Valid: 2.90/3.92/11.79 Ep. 47 | Best Valid: 2.94/3.92/11.79 | Ep. 26
Time elapsed: 176.08 min
Epoch: 048/050 | Batch 0000/1289 | Loss: 0.0840
Epoch: 048/050 | Batch 0050/1289 | Loss: 0.0582
Epoch: 048/050 | Batch 0100/1289 | Loss: 0.0598
Epoch: 048/050 | Batch 0150/1289 | Loss: 0.0672
Epoch: 048/050 | Batch 0200/1289 | Loss: 0.0735
Epoch: 048/050 | Batch 0250/1289 | Loss: 0.0686
Epoch: 048/050 | Batch 0300/1289 | Loss: 0.0884
Epoch: 048/050 | Batch 0350/1289 | Loss: 0.0463
Epoch: 048/050 | Batch 0400/1289 | Loss: 0.0387
Epoch: 048/050 | Batch 0450/1289 | Loss: 0.0709
Epoch: 048/050 | Batch 0500/1289 | Loss: 0.0649
Epoch: 048/050 | Batch 0550/1289 | Loss: 0.0717
Epoch: 048/050 | Batch 0600/1289 | Loss: 0.0697
Epoch: 048/050 | Batch 0650/1289 | Loss: 0.0619
Epoch: 048/050 | Batch 0700/1289 | Loss: 0.0685
Epoch: 048/050 | Batch 0750/1289 | Loss: 0.0768
Epoch: 048/050 | Batch 0800/1289 | Loss: 0.0804
Epoch: 048/050 | Batch 0850/1289 | Loss: 0.0660
Epoch: 048/050 | Batch 0900/1289 | Loss: 0.0783
Epoch: 048/050 | Batch 0950/1289 | Loss: 0.0625
Epoch: 048/050 | Batch 1000/1289 | Loss: 0.0830
Epoch: 048/050 | Batch 1050/1289 | Loss: 0.0436
Epoch: 048/050 | Batch 1100/1289 | Loss: 0.0752
Epoch: 048/050 | Batch 1150/1289 | Loss: 0.0801
Epoch: 048/050 | Batch 1200/1289 | Loss: 0.0752
Epoch: 048/050 | Batch 1250/1289 | Loss: 0.0775
MAE/RMSE/ACC: Current Valid: 3.14/4.21/11.79 Ep. 48 | Best Valid: 2.94/3.92/11.79 | Ep. 26
Time elapsed: 180.12 min
Epoch: 049/050 | Batch 0000/1289 | Loss: 0.0592
Epoch: 049/050 | Batch 0050/1289 | Loss: 0.0604
Epoch: 049/050 | Batch 0100/1289 | Loss: 0.0588
Epoch: 049/050 | Batch 0150/1289 | Loss: 0.0490
Epoch: 049/050 | Batch 0200/1289 | Loss: 0.0536
Epoch: 049/050 | Batch 0250/1289 | Loss: 0.0588
Epoch: 049/050 | Batch 0300/1289 | Loss: 0.0867
Epoch: 049/050 | Batch 0350/1289 | Loss: 0.0539
Epoch: 049/050 | Batch 0400/1289 | Loss: 0.0542
Epoch: 049/050 | Batch 0450/1289 | Loss: 0.0492
Epoch: 049/050 | Batch 0500/1289 | Loss: 0.0617
Epoch: 049/050 | Batch 0550/1289 | Loss: 0.0799
Epoch: 049/050 | Batch 0600/1289 | Loss: 0.0598
Epoch: 049/050 | Batch 0650/1289 | Loss: 0.0779
Epoch: 049/050 | Batch 0700/1289 | Loss: 0.0512
Epoch: 049/050 | Batch 0750/1289 | Loss: 0.0539
Epoch: 049/050 | Batch 0800/1289 | Loss: 0.0610
Epoch: 049/050 | Batch 0850/1289 | Loss: 0.0827
Epoch: 049/050 | Batch 0900/1289 | Loss: 0.0643
Epoch: 049/050 | Batch 0950/1289 | Loss: 0.0958
Epoch: 049/050 | Batch 1000/1289 | Loss: 0.0600
Epoch: 049/050 | Batch 1050/1289 | Loss: 0.0711
Epoch: 049/050 | Batch 1100/1289 | Loss: 0.0598
Epoch: 049/050 | Batch 1150/1289 | Loss: 0.0664
Epoch: 049/050 | Batch 1200/1289 | Loss: 0.0526
Epoch: 049/050 | Batch 1250/1289 | Loss: 0.0485
MAE/RMSE/ACC: Current Valid: 3.05/4.07/11.79 Ep. 49 | Best Valid: 2.94/3.92/11.79 | Ep. 26
Time elapsed: 184.19 min
Epoch: 050/050 | Batch 0000/1289 | Loss: 0.0590
Epoch: 050/050 | Batch 0050/1289 | Loss: 0.0952
Epoch: 050/050 | Batch 0100/1289 | Loss: 0.0413
Epoch: 050/050 | Batch 0150/1289 | Loss: 0.0504
Epoch: 050/050 | Batch 0200/1289 | Loss: 0.0434
Epoch: 050/050 | Batch 0250/1289 | Loss: 0.0751
Epoch: 050/050 | Batch 0300/1289 | Loss: 0.0515
Epoch: 050/050 | Batch 0350/1289 | Loss: 0.0678
Epoch: 050/050 | Batch 0400/1289 | Loss: 0.0549
Epoch: 050/050 | Batch 0450/1289 | Loss: 0.0637
Epoch: 050/050 | Batch 0500/1289 | Loss: 0.0543
Epoch: 050/050 | Batch 0550/1289 | Loss: 0.0562
Epoch: 050/050 | Batch 0600/1289 | Loss: 0.0461
Epoch: 050/050 | Batch 0650/1289 | Loss: 0.0534
Epoch: 050/050 | Batch 0700/1289 | Loss: 0.0572
Epoch: 050/050 | Batch 0750/1289 | Loss: 0.0435
Epoch: 050/050 | Batch 0800/1289 | Loss: 0.0441
Epoch: 050/050 | Batch 0850/1289 | Loss: 0.0413
Epoch: 050/050 | Batch 0900/1289 | Loss: 0.0434
Epoch: 050/050 | Batch 0950/1289 | Loss: 0.0543
Epoch: 050/050 | Batch 1000/1289 | Loss: 0.0960
Epoch: 050/050 | Batch 1050/1289 | Loss: 0.0552
Epoch: 050/050 | Batch 1100/1289 | Loss: 0.0773
Epoch: 050/050 | Batch 1150/1289 | Loss: 0.0831
Epoch: 050/050 | Batch 1200/1289 | Loss: 0.1096
Epoch: 050/050 | Batch 1250/1289 | Loss: 0.0528
MAE/RMSE/ACC: Current Valid: 3.06/4.14/11.79 Ep. 50 | Best Valid: 2.94/3.92/11.79 | Ep. 26
Time elapsed: 188.20 min
MAE/RMSE: | Train: 0.91/1.41 | Valid: 3.06/4.14 | Test: 2.97/4.02
ACC: | Train: 39.71 | Valid: 12.18 | Test: 13.06
Total Running Time: 188.88 min
MAE/RMSE: | Best Train: 1.72/2.27 | Best Valid: 2.94/3.92 | Best Test: 2.96/3.91
ACC: | Best Train: 19.17 | Best Valid: 11.79 | Best Test: 11.50
Total Running Time: 189.53 min
