This script: resnet34_conditional-v3.py
PyTorch Version: 1.8.1
CUDA device: cuda:3
CUDA version: 11.1
Random seed: 2
Learning rate: 0.0005
Epochs: 50
Batch size: 16
Output path: runs/aes/resnet34_conditional-v3-imp0-seed2-epochs50-batchsize16_best-rmse
Epoch: 001/050 | Batch 0000/0693 | Loss: 0.6350
Epoch: 001/050 | Batch 0050/0693 | Loss: 0.2307
Epoch: 001/050 | Batch 0100/0693 | Loss: 0.2115
Epoch: 001/050 | Batch 0150/0693 | Loss: 0.2314
Epoch: 001/050 | Batch 0200/0693 | Loss: 0.2864
Epoch: 001/050 | Batch 0250/0693 | Loss: 0.3121
Epoch: 001/050 | Batch 0300/0693 | Loss: 0.2432
Epoch: 001/050 | Batch 0350/0693 | Loss: 0.4072
Epoch: 001/050 | Batch 0400/0693 | Loss: 0.3620
Epoch: 001/050 | Batch 0450/0693 | Loss: 0.3774
Epoch: 001/050 | Batch 0500/0693 | Loss: 0.2626
Epoch: 001/050 | Batch 0550/0693 | Loss: 0.2127
Epoch: 001/050 | Batch 0600/0693 | Loss: 0.3003
Epoch: 001/050 | Batch 0650/0693 | Loss: 0.2840
MAE/RMSE/ACC: Current Valid: 0.43/0.69/58.63 Ep. 1 | Best Valid: 0.43/0.69/58.63 | Ep. 1
Time elapsed: 1.41 min
Epoch: 002/050 | Batch 0000/0693 | Loss: 0.5114
Epoch: 002/050 | Batch 0050/0693 | Loss: 0.3165
Epoch: 002/050 | Batch 0100/0693 | Loss: 0.2476
Epoch: 002/050 | Batch 0150/0693 | Loss: 0.3454
Epoch: 002/050 | Batch 0200/0693 | Loss: 0.2635
Epoch: 002/050 | Batch 0250/0693 | Loss: 0.2591
Epoch: 002/050 | Batch 0300/0693 | Loss: 0.2729
Epoch: 002/050 | Batch 0350/0693 | Loss: 0.2789
Epoch: 002/050 | Batch 0400/0693 | Loss: 0.3118
Epoch: 002/050 | Batch 0450/0693 | Loss: 0.2000
Epoch: 002/050 | Batch 0500/0693 | Loss: 0.2659
Epoch: 002/050 | Batch 0550/0693 | Loss: 0.2421
Epoch: 002/050 | Batch 0600/0693 | Loss: 0.2262
Epoch: 002/050 | Batch 0650/0693 | Loss: 0.2650
MAE/RMSE/ACC: Current Valid: 0.43/0.69/58.63 Ep. 2 | Best Valid: 0.43/0.69/58.63 | Ep. 2
Time elapsed: 2.83 min
Epoch: 003/050 | Batch 0000/0693 | Loss: 0.2563
Epoch: 003/050 | Batch 0050/0693 | Loss: 0.2935
Epoch: 003/050 | Batch 0100/0693 | Loss: 0.2209
Epoch: 003/050 | Batch 0150/0693 | Loss: 0.3946
Epoch: 003/050 | Batch 0200/0693 | Loss: 0.1771
Epoch: 003/050 | Batch 0250/0693 | Loss: 0.1912
Epoch: 003/050 | Batch 0300/0693 | Loss: 0.3335
Epoch: 003/050 | Batch 0350/0693 | Loss: 0.3171
Epoch: 003/050 | Batch 0400/0693 | Loss: 0.3119
Epoch: 003/050 | Batch 0450/0693 | Loss: 0.3913
Epoch: 003/050 | Batch 0500/0693 | Loss: 0.2993
Epoch: 003/050 | Batch 0550/0693 | Loss: 0.3714
Epoch: 003/050 | Batch 0600/0693 | Loss: 0.3353
Epoch: 003/050 | Batch 0650/0693 | Loss: 0.3718
MAE/RMSE/ACC: Current Valid: 0.43/0.68/59.30 Ep. 3 | Best Valid: 0.43/0.68/59.30 | Ep. 3
Time elapsed: 4.25 min
Epoch: 004/050 | Batch 0000/0693 | Loss: 0.2614
Epoch: 004/050 | Batch 0050/0693 | Loss: 0.2689
Epoch: 004/050 | Batch 0100/0693 | Loss: 0.2567
Epoch: 004/050 | Batch 0150/0693 | Loss: 0.3767
Epoch: 004/050 | Batch 0200/0693 | Loss: 0.2800
Epoch: 004/050 | Batch 0250/0693 | Loss: 0.2427
Epoch: 004/050 | Batch 0300/0693 | Loss: 0.2356
Epoch: 004/050 | Batch 0350/0693 | Loss: 0.3187
Epoch: 004/050 | Batch 0400/0693 | Loss: 0.3326
Epoch: 004/050 | Batch 0450/0693 | Loss: 0.2178
Epoch: 004/050 | Batch 0500/0693 | Loss: 0.3723
Epoch: 004/050 | Batch 0550/0693 | Loss: 0.2102
Epoch: 004/050 | Batch 0600/0693 | Loss: 0.3494
Epoch: 004/050 | Batch 0650/0693 | Loss: 0.2802
MAE/RMSE/ACC: Current Valid: 0.42/0.68/59.54 Ep. 4 | Best Valid: 0.42/0.68/59.54 | Ep. 4
Time elapsed: 5.65 min
Epoch: 005/050 | Batch 0000/0693 | Loss: 0.3337
Epoch: 005/050 | Batch 0050/0693 | Loss: 0.2765
Epoch: 005/050 | Batch 0100/0693 | Loss: 0.2404
Epoch: 005/050 | Batch 0150/0693 | Loss: 0.3247
Epoch: 005/050 | Batch 0200/0693 | Loss: 0.2475
Epoch: 005/050 | Batch 0250/0693 | Loss: 0.2676
Epoch: 005/050 | Batch 0300/0693 | Loss: 0.1790
Epoch: 005/050 | Batch 0350/0693 | Loss: 0.3298
Epoch: 005/050 | Batch 0400/0693 | Loss: 0.1864
Epoch: 005/050 | Batch 0450/0693 | Loss: 0.2690
Epoch: 005/050 | Batch 0500/0693 | Loss: 0.2248
Epoch: 005/050 | Batch 0550/0693 | Loss: 0.2700
Epoch: 005/050 | Batch 0600/0693 | Loss: 0.1948
Epoch: 005/050 | Batch 0650/0693 | Loss: 0.3018
MAE/RMSE/ACC: Current Valid: 0.43/0.69/59.54 Ep. 5 | Best Valid: 0.42/0.68/59.54 | Ep. 4
Time elapsed: 7.07 min
Epoch: 006/050 | Batch 0000/0693 | Loss: 0.2217
Epoch: 006/050 | Batch 0050/0693 | Loss: 0.2805
Epoch: 006/050 | Batch 0100/0693 | Loss: 0.2975
Epoch: 006/050 | Batch 0150/0693 | Loss: 0.2828
Epoch: 006/050 | Batch 0200/0693 | Loss: 0.3180
Epoch: 006/050 | Batch 0250/0693 | Loss: 0.2009
Epoch: 006/050 | Batch 0300/0693 | Loss: 0.2308
Epoch: 006/050 | Batch 0350/0693 | Loss: 0.2767
Epoch: 006/050 | Batch 0400/0693 | Loss: 0.2024
Epoch: 006/050 | Batch 0450/0693 | Loss: 0.2541
Epoch: 006/050 | Batch 0500/0693 | Loss: 0.2243
Epoch: 006/050 | Batch 0550/0693 | Loss: 0.2579
Epoch: 006/050 | Batch 0600/0693 | Loss: 0.2444
Epoch: 006/050 | Batch 0650/0693 | Loss: 0.2011
MAE/RMSE/ACC: Current Valid: 0.43/0.68/59.54 Ep. 6 | Best Valid: 0.42/0.68/59.54 | Ep. 4
Time elapsed: 8.48 min
Epoch: 007/050 | Batch 0000/0693 | Loss: 0.2507
Epoch: 007/050 | Batch 0050/0693 | Loss: 0.2286
Epoch: 007/050 | Batch 0100/0693 | Loss: 0.2112
Epoch: 007/050 | Batch 0150/0693 | Loss: 0.2453
Epoch: 007/050 | Batch 0200/0693 | Loss: 0.2354
Epoch: 007/050 | Batch 0250/0693 | Loss: 0.2185
Epoch: 007/050 | Batch 0300/0693 | Loss: 0.2092
Epoch: 007/050 | Batch 0350/0693 | Loss: 0.3189
Epoch: 007/050 | Batch 0400/0693 | Loss: 0.2236
Epoch: 007/050 | Batch 0450/0693 | Loss: 0.2957
Epoch: 007/050 | Batch 0500/0693 | Loss: 0.2139
Epoch: 007/050 | Batch 0550/0693 | Loss: 0.2315
Epoch: 007/050 | Batch 0600/0693 | Loss: 0.3110
Epoch: 007/050 | Batch 0650/0693 | Loss: 0.2773
MAE/RMSE/ACC: Current Valid: 0.43/0.68/59.54 Ep. 7 | Best Valid: 0.42/0.68/59.54 | Ep. 4
Time elapsed: 9.90 min
Epoch: 008/050 | Batch 0000/0693 | Loss: 0.1887
Epoch: 008/050 | Batch 0050/0693 | Loss: 0.2515
Epoch: 008/050 | Batch 0100/0693 | Loss: 0.1766
Epoch: 008/050 | Batch 0150/0693 | Loss: 0.2839
Epoch: 008/050 | Batch 0200/0693 | Loss: 0.2677
Epoch: 008/050 | Batch 0250/0693 | Loss: 0.3151
Epoch: 008/050 | Batch 0300/0693 | Loss: 0.2314
Epoch: 008/050 | Batch 0350/0693 | Loss: 0.3064
Epoch: 008/050 | Batch 0400/0693 | Loss: 0.2259
Epoch: 008/050 | Batch 0450/0693 | Loss: 0.2036
Epoch: 008/050 | Batch 0500/0693 | Loss: 0.1761
Epoch: 008/050 | Batch 0550/0693 | Loss: 0.2405
Epoch: 008/050 | Batch 0600/0693 | Loss: 0.2102
Epoch: 008/050 | Batch 0650/0693 | Loss: 0.2046
MAE/RMSE/ACC: Current Valid: 0.42/0.67/60.02 Ep. 8 | Best Valid: 0.42/0.67/60.02 | Ep. 8
Time elapsed: 11.33 min
Epoch: 009/050 | Batch 0000/0693 | Loss: 0.2535
Epoch: 009/050 | Batch 0050/0693 | Loss: 0.2546
Epoch: 009/050 | Batch 0100/0693 | Loss: 0.1844
Epoch: 009/050 | Batch 0150/0693 | Loss: 0.2050
Epoch: 009/050 | Batch 0200/0693 | Loss: 0.2438
Epoch: 009/050 | Batch 0250/0693 | Loss: 0.2578
Epoch: 009/050 | Batch 0300/0693 | Loss: 0.2109
Epoch: 009/050 | Batch 0350/0693 | Loss: 0.2581
Epoch: 009/050 | Batch 0400/0693 | Loss: 0.2394
Epoch: 009/050 | Batch 0450/0693 | Loss: 0.2204
Epoch: 009/050 | Batch 0500/0693 | Loss: 0.2122
Epoch: 009/050 | Batch 0550/0693 | Loss: 0.2166
Epoch: 009/050 | Batch 0600/0693 | Loss: 0.2476
Epoch: 009/050 | Batch 0650/0693 | Loss: 0.2625
MAE/RMSE/ACC: Current Valid: 0.42/0.67/60.02 Ep. 9 | Best Valid: 0.42/0.67/60.02 | Ep. 8
Time elapsed: 12.76 min
Epoch: 010/050 | Batch 0000/0693 | Loss: 0.2874
Epoch: 010/050 | Batch 0050/0693 | Loss: 0.2443
Epoch: 010/050 | Batch 0100/0693 | Loss: 0.2630
Epoch: 010/050 | Batch 0150/0693 | Loss: 0.2727
Epoch: 010/050 | Batch 0200/0693 | Loss: 0.2376
Epoch: 010/050 | Batch 0250/0693 | Loss: 0.1930
Epoch: 010/050 | Batch 0300/0693 | Loss: 0.2866
Epoch: 010/050 | Batch 0350/0693 | Loss: 0.1925
Epoch: 010/050 | Batch 0400/0693 | Loss: 0.2774
Epoch: 010/050 | Batch 0450/0693 | Loss: 0.3109
Epoch: 010/050 | Batch 0500/0693 | Loss: 0.1822
Epoch: 010/050 | Batch 0550/0693 | Loss: 0.1966
Epoch: 010/050 | Batch 0600/0693 | Loss: 0.3124
Epoch: 010/050 | Batch 0650/0693 | Loss: 0.3052
MAE/RMSE/ACC: Current Valid: 0.40/0.66/61.80 Ep. 10 | Best Valid: 0.40/0.66/61.80 | Ep. 10
Time elapsed: 14.17 min
Epoch: 011/050 | Batch 0000/0693 | Loss: 0.3065
Epoch: 011/050 | Batch 0050/0693 | Loss: 0.2333
Epoch: 011/050 | Batch 0100/0693 | Loss: 0.3212
Epoch: 011/050 | Batch 0150/0693 | Loss: 0.3659
Epoch: 011/050 | Batch 0200/0693 | Loss: 0.2667
Epoch: 011/050 | Batch 0250/0693 | Loss: 0.1928
Epoch: 011/050 | Batch 0300/0693 | Loss: 0.2689
Epoch: 011/050 | Batch 0350/0693 | Loss: 0.2366
Epoch: 011/050 | Batch 0400/0693 | Loss: 0.2633
Epoch: 011/050 | Batch 0450/0693 | Loss: 0.2023
Epoch: 011/050 | Batch 0500/0693 | Loss: 0.2439
Epoch: 011/050 | Batch 0550/0693 | Loss: 0.2403
Epoch: 011/050 | Batch 0600/0693 | Loss: 0.2064
Epoch: 011/050 | Batch 0650/0693 | Loss: 0.1889
MAE/RMSE/ACC: Current Valid: 0.40/0.66/61.80 Ep. 11 | Best Valid: 0.40/0.66/61.80 | Ep. 10
Time elapsed: 15.58 min
Epoch: 012/050 | Batch 0000/0693 | Loss: 0.2203
Epoch: 012/050 | Batch 0050/0693 | Loss: 0.2861
Epoch: 012/050 | Batch 0100/0693 | Loss: 0.2011
Epoch: 012/050 | Batch 0150/0693 | Loss: 0.3923
Epoch: 012/050 | Batch 0200/0693 | Loss: 0.2124
Epoch: 012/050 | Batch 0250/0693 | Loss: 0.2978
Epoch: 012/050 | Batch 0300/0693 | Loss: 0.2261
Epoch: 012/050 | Batch 0350/0693 | Loss: 0.2770
Epoch: 012/050 | Batch 0400/0693 | Loss: 0.1842
Epoch: 012/050 | Batch 0450/0693 | Loss: 0.1834
Epoch: 012/050 | Batch 0500/0693 | Loss: 0.2279
Epoch: 012/050 | Batch 0550/0693 | Loss: 0.2517
Epoch: 012/050 | Batch 0600/0693 | Loss: 0.3892
Epoch: 012/050 | Batch 0650/0693 | Loss: 0.2158
MAE/RMSE/ACC: Current Valid: 0.41/0.67/61.80 Ep. 12 | Best Valid: 0.40/0.66/61.80 | Ep. 10
Time elapsed: 16.99 min
Epoch: 013/050 | Batch 0000/0693 | Loss: 0.2626
Epoch: 013/050 | Batch 0050/0693 | Loss: 0.1899
Epoch: 013/050 | Batch 0100/0693 | Loss: 0.2481
Epoch: 013/050 | Batch 0150/0693 | Loss: 0.2013
Epoch: 013/050 | Batch 0200/0693 | Loss: 0.2313
Epoch: 013/050 | Batch 0250/0693 | Loss: 0.2771
Epoch: 013/050 | Batch 0300/0693 | Loss: 0.2704
Epoch: 013/050 | Batch 0350/0693 | Loss: 0.2333
Epoch: 013/050 | Batch 0400/0693 | Loss: 0.2085
Epoch: 013/050 | Batch 0450/0693 | Loss: 0.3030
Epoch: 013/050 | Batch 0500/0693 | Loss: 0.1894
Epoch: 013/050 | Batch 0550/0693 | Loss: 0.2964
Epoch: 013/050 | Batch 0600/0693 | Loss: 0.1890
Epoch: 013/050 | Batch 0650/0693 | Loss: 0.2168
MAE/RMSE/ACC: Current Valid: 0.41/0.67/61.80 Ep. 13 | Best Valid: 0.40/0.66/61.80 | Ep. 10
Time elapsed: 18.41 min
Epoch: 014/050 | Batch 0000/0693 | Loss: 0.2157
Epoch: 014/050 | Batch 0050/0693 | Loss: 0.2669
Epoch: 014/050 | Batch 0100/0693 | Loss: 0.1964
Epoch: 014/050 | Batch 0150/0693 | Loss: 0.2125
Epoch: 014/050 | Batch 0200/0693 | Loss: 0.2652
Epoch: 014/050 | Batch 0250/0693 | Loss: 0.3381
Epoch: 014/050 | Batch 0300/0693 | Loss: 0.2461
Epoch: 014/050 | Batch 0350/0693 | Loss: 0.2180
Epoch: 014/050 | Batch 0400/0693 | Loss: 0.3803
Epoch: 014/050 | Batch 0450/0693 | Loss: 0.2463
Epoch: 014/050 | Batch 0500/0693 | Loss: 0.2282
Epoch: 014/050 | Batch 0550/0693 | Loss: 0.2029
Epoch: 014/050 | Batch 0600/0693 | Loss: 0.2037
Epoch: 014/050 | Batch 0650/0693 | Loss: 0.2767
MAE/RMSE/ACC: Current Valid: 0.43/0.68/61.80 Ep. 14 | Best Valid: 0.40/0.66/61.80 | Ep. 10
Time elapsed: 19.83 min
Epoch: 015/050 | Batch 0000/0693 | Loss: 0.2806
Epoch: 015/050 | Batch 0050/0693 | Loss: 0.1772
Epoch: 015/050 | Batch 0100/0693 | Loss: 0.3038
Epoch: 015/050 | Batch 0150/0693 | Loss: 0.2530
Epoch: 015/050 | Batch 0200/0693 | Loss: 0.3033
Epoch: 015/050 | Batch 0250/0693 | Loss: 0.2480
Epoch: 015/050 | Batch 0300/0693 | Loss: 0.2832
Epoch: 015/050 | Batch 0350/0693 | Loss: 0.3568
Epoch: 015/050 | Batch 0400/0693 | Loss: 0.2580
Epoch: 015/050 | Batch 0450/0693 | Loss: 0.2787
Epoch: 015/050 | Batch 0500/0693 | Loss: 0.2221
Epoch: 015/050 | Batch 0550/0693 | Loss: 0.1979
Epoch: 015/050 | Batch 0600/0693 | Loss: 0.1949
Epoch: 015/050 | Batch 0650/0693 | Loss: 0.3244
MAE/RMSE/ACC: Current Valid: 0.40/0.66/61.80 Ep. 15 | Best Valid: 0.40/0.66/61.80 | Ep. 10
Time elapsed: 21.25 min
Epoch: 016/050 | Batch 0000/0693 | Loss: 0.3151
Epoch: 016/050 | Batch 0050/0693 | Loss: 0.2276
Epoch: 016/050 | Batch 0100/0693 | Loss: 0.2284
Epoch: 016/050 | Batch 0150/0693 | Loss: 0.3069
Epoch: 016/050 | Batch 0200/0693 | Loss: 0.3010
Epoch: 016/050 | Batch 0250/0693 | Loss: 0.2070
Epoch: 016/050 | Batch 0300/0693 | Loss: 0.2187
Epoch: 016/050 | Batch 0350/0693 | Loss: 0.1659
Epoch: 016/050 | Batch 0400/0693 | Loss: 0.2177
Epoch: 016/050 | Batch 0450/0693 | Loss: 0.3726
Epoch: 016/050 | Batch 0500/0693 | Loss: 0.3106
Epoch: 016/050 | Batch 0550/0693 | Loss: 0.2437
Epoch: 016/050 | Batch 0600/0693 | Loss: 0.2358
Epoch: 016/050 | Batch 0650/0693 | Loss: 0.2643
MAE/RMSE/ACC: Current Valid: 0.41/0.67/61.80 Ep. 16 | Best Valid: 0.40/0.66/61.80 | Ep. 10
Time elapsed: 22.67 min
Epoch: 017/050 | Batch 0000/0693 | Loss: 0.2449
Epoch: 017/050 | Batch 0050/0693 | Loss: 0.2317
Epoch: 017/050 | Batch 0100/0693 | Loss: 0.3219
Epoch: 017/050 | Batch 0150/0693 | Loss: 0.2428
Epoch: 017/050 | Batch 0200/0693 | Loss: 0.2742
Epoch: 017/050 | Batch 0250/0693 | Loss: 0.1615
Epoch: 017/050 | Batch 0300/0693 | Loss: 0.2097
Epoch: 017/050 | Batch 0350/0693 | Loss: 0.2979
Epoch: 017/050 | Batch 0400/0693 | Loss: 0.2175
Epoch: 017/050 | Batch 0450/0693 | Loss: 0.2143
Epoch: 017/050 | Batch 0500/0693 | Loss: 0.2329
Epoch: 017/050 | Batch 0550/0693 | Loss: 0.2050
Epoch: 017/050 | Batch 0600/0693 | Loss: 0.3622
Epoch: 017/050 | Batch 0650/0693 | Loss: 0.3824
MAE/RMSE/ACC: Current Valid: 0.45/0.70/61.80 Ep. 17 | Best Valid: 0.40/0.66/61.80 | Ep. 10
Time elapsed: 24.09 min
Epoch: 018/050 | Batch 0000/0693 | Loss: 0.2632
Epoch: 018/050 | Batch 0050/0693 | Loss: 0.2371
Epoch: 018/050 | Batch 0100/0693 | Loss: 0.3906
Epoch: 018/050 | Batch 0150/0693 | Loss: 0.2159
Epoch: 018/050 | Batch 0200/0693 | Loss: 0.2278
Epoch: 018/050 | Batch 0250/0693 | Loss: 0.2478
Epoch: 018/050 | Batch 0300/0693 | Loss: 0.1909
Epoch: 018/050 | Batch 0350/0693 | Loss: 0.2697
Epoch: 018/050 | Batch 0400/0693 | Loss: 0.3603
Epoch: 018/050 | Batch 0450/0693 | Loss: 0.2334
Epoch: 018/050 | Batch 0500/0693 | Loss: 0.1927
Epoch: 018/050 | Batch 0550/0693 | Loss: 0.1711
Epoch: 018/050 | Batch 0600/0693 | Loss: 0.3778
Epoch: 018/050 | Batch 0650/0693 | Loss: 0.1840
MAE/RMSE/ACC: Current Valid: 0.41/0.67/61.80 Ep. 18 | Best Valid: 0.40/0.66/61.80 | Ep. 10
Time elapsed: 25.50 min
Epoch: 019/050 | Batch 0000/0693 | Loss: 0.2314
Epoch: 019/050 | Batch 0050/0693 | Loss: 0.1996
Epoch: 019/050 | Batch 0100/0693 | Loss: 0.2036
Epoch: 019/050 | Batch 0150/0693 | Loss: 0.1958
Epoch: 019/050 | Batch 0200/0693 | Loss: 0.2435
Epoch: 019/050 | Batch 0250/0693 | Loss: 0.3335
Epoch: 019/050 | Batch 0300/0693 | Loss: 0.1796
Epoch: 019/050 | Batch 0350/0693 | Loss: 0.2324
Epoch: 019/050 | Batch 0400/0693 | Loss: 0.1909
Epoch: 019/050 | Batch 0450/0693 | Loss: 0.1908
Epoch: 019/050 | Batch 0500/0693 | Loss: 0.1860
Epoch: 019/050 | Batch 0550/0693 | Loss: 0.2251
Epoch: 019/050 | Batch 0600/0693 | Loss: 0.2679
Epoch: 019/050 | Batch 0650/0693 | Loss: 0.2632
MAE/RMSE/ACC: Current Valid: 0.41/0.67/61.80 Ep. 19 | Best Valid: 0.40/0.66/61.80 | Ep. 10
Time elapsed: 26.92 min
Epoch: 020/050 | Batch 0000/0693 | Loss: 0.2054
Epoch: 020/050 | Batch 0050/0693 | Loss: 0.2140
Epoch: 020/050 | Batch 0100/0693 | Loss: 0.2762
Epoch: 020/050 | Batch 0150/0693 | Loss: 0.3279
Epoch: 020/050 | Batch 0200/0693 | Loss: 0.2628
Epoch: 020/050 | Batch 0250/0693 | Loss: 0.3376
Epoch: 020/050 | Batch 0300/0693 | Loss: 0.2731
Epoch: 020/050 | Batch 0350/0693 | Loss: 0.3007
Epoch: 020/050 | Batch 0400/0693 | Loss: 0.2951
Epoch: 020/050 | Batch 0450/0693 | Loss: 0.2104
Epoch: 020/050 | Batch 0500/0693 | Loss: 0.2072
Epoch: 020/050 | Batch 0550/0693 | Loss: 0.2769
Epoch: 020/050 | Batch 0600/0693 | Loss: 0.2853
Epoch: 020/050 | Batch 0650/0693 | Loss: 0.1941
MAE/RMSE/ACC: Current Valid: 0.41/0.67/61.80 Ep. 20 | Best Valid: 0.40/0.66/61.80 | Ep. 10
Time elapsed: 28.35 min
Epoch: 021/050 | Batch 0000/0693 | Loss: 0.2579
Epoch: 021/050 | Batch 0050/0693 | Loss: 0.2154
Epoch: 021/050 | Batch 0100/0693 | Loss: 0.1674
Epoch: 021/050 | Batch 0150/0693 | Loss: 0.1674
Epoch: 021/050 | Batch 0200/0693 | Loss: 0.2763
Epoch: 021/050 | Batch 0250/0693 | Loss: 0.2976
Epoch: 021/050 | Batch 0300/0693 | Loss: 0.2202
Epoch: 021/050 | Batch 0350/0693 | Loss: 0.2534
Epoch: 021/050 | Batch 0400/0693 | Loss: 0.3155
Epoch: 021/050 | Batch 0450/0693 | Loss: 0.2346
Epoch: 021/050 | Batch 0500/0693 | Loss: 0.2673
Epoch: 021/050 | Batch 0550/0693 | Loss: 0.2257
Epoch: 021/050 | Batch 0600/0693 | Loss: 0.3732
Epoch: 021/050 | Batch 0650/0693 | Loss: 0.4373
MAE/RMSE/ACC: Current Valid: 0.39/0.65/62.90 Ep. 21 | Best Valid: 0.39/0.65/62.90 | Ep. 21
Time elapsed: 29.77 min
Epoch: 022/050 | Batch 0000/0693 | Loss: 0.1686
Epoch: 022/050 | Batch 0050/0693 | Loss: 0.1703
Epoch: 022/050 | Batch 0100/0693 | Loss: 0.2154
Epoch: 022/050 | Batch 0150/0693 | Loss: 0.2478
Epoch: 022/050 | Batch 0200/0693 | Loss: 0.1694
Epoch: 022/050 | Batch 0250/0693 | Loss: 0.1723
Epoch: 022/050 | Batch 0300/0693 | Loss: 0.2809
Epoch: 022/050 | Batch 0350/0693 | Loss: 0.1897
Epoch: 022/050 | Batch 0400/0693 | Loss: 0.2934
Epoch: 022/050 | Batch 0450/0693 | Loss: 0.1976
Epoch: 022/050 | Batch 0500/0693 | Loss: 0.2044
Epoch: 022/050 | Batch 0550/0693 | Loss: 0.2036
Epoch: 022/050 | Batch 0600/0693 | Loss: 0.2482
Epoch: 022/050 | Batch 0650/0693 | Loss: 0.2213
MAE/RMSE/ACC: Current Valid: 0.41/0.67/62.90 Ep. 22 | Best Valid: 0.39/0.65/62.90 | Ep. 21
Time elapsed: 31.19 min
Epoch: 023/050 | Batch 0000/0693 | Loss: 0.3679
Epoch: 023/050 | Batch 0050/0693 | Loss: 0.2166
Epoch: 023/050 | Batch 0100/0693 | Loss: 0.1874
Epoch: 023/050 | Batch 0150/0693 | Loss: 0.3617
Epoch: 023/050 | Batch 0200/0693 | Loss: 0.2124
Epoch: 023/050 | Batch 0250/0693 | Loss: 0.2174
Epoch: 023/050 | Batch 0300/0693 | Loss: 0.2797
Epoch: 023/050 | Batch 0350/0693 | Loss: 0.2530
Epoch: 023/050 | Batch 0400/0693 | Loss: 0.1687
Epoch: 023/050 | Batch 0450/0693 | Loss: 0.2116
Epoch: 023/050 | Batch 0500/0693 | Loss: 0.2782
Epoch: 023/050 | Batch 0550/0693 | Loss: 0.3514
Epoch: 023/050 | Batch 0600/0693 | Loss: 0.2079
Epoch: 023/050 | Batch 0650/0693 | Loss: 0.1607
MAE/RMSE/ACC: Current Valid: 0.41/0.67/62.90 Ep. 23 | Best Valid: 0.39/0.65/62.90 | Ep. 21
Time elapsed: 32.61 min
Epoch: 024/050 | Batch 0000/0693 | Loss: 0.1898
Epoch: 024/050 | Batch 0050/0693 | Loss: 0.2365
Epoch: 024/050 | Batch 0100/0693 | Loss: 0.1782
Epoch: 024/050 | Batch 0150/0693 | Loss: 0.2606
Epoch: 024/050 | Batch 0200/0693 | Loss: 0.1562
Epoch: 024/050 | Batch 0250/0693 | Loss: 0.2608
Epoch: 024/050 | Batch 0300/0693 | Loss: 0.3213
Epoch: 024/050 | Batch 0350/0693 | Loss: 0.1894
Epoch: 024/050 | Batch 0400/0693 | Loss: 0.1671
Epoch: 024/050 | Batch 0450/0693 | Loss: 0.1959
Epoch: 024/050 | Batch 0500/0693 | Loss: 0.1425
Epoch: 024/050 | Batch 0550/0693 | Loss: 0.1864
Epoch: 024/050 | Batch 0600/0693 | Loss: 0.1809
Epoch: 024/050 | Batch 0650/0693 | Loss: 0.2425
MAE/RMSE/ACC: Current Valid: 0.41/0.67/62.90 Ep. 24 | Best Valid: 0.39/0.65/62.90 | Ep. 21
Time elapsed: 34.03 min
Epoch: 025/050 | Batch 0000/0693 | Loss: 0.2467
Epoch: 025/050 | Batch 0050/0693 | Loss: 0.2400
Epoch: 025/050 | Batch 0100/0693 | Loss: 0.3398
Epoch: 025/050 | Batch 0150/0693 | Loss: 0.2642
Epoch: 025/050 | Batch 0200/0693 | Loss: 0.2385
Epoch: 025/050 | Batch 0250/0693 | Loss: 0.2607
Epoch: 025/050 | Batch 0300/0693 | Loss: 0.2304
Epoch: 025/050 | Batch 0350/0693 | Loss: 0.4126
Epoch: 025/050 | Batch 0400/0693 | Loss: 0.2464
Epoch: 025/050 | Batch 0450/0693 | Loss: 0.2339
Epoch: 025/050 | Batch 0500/0693 | Loss: 0.1983
Epoch: 025/050 | Batch 0550/0693 | Loss: 0.1818
Epoch: 025/050 | Batch 0600/0693 | Loss: 0.2062
Epoch: 025/050 | Batch 0650/0693 | Loss: 0.1625
MAE/RMSE/ACC: Current Valid: 0.41/0.67/62.90 Ep. 25 | Best Valid: 0.39/0.65/62.90 | Ep. 21
Time elapsed: 35.44 min
Epoch: 026/050 | Batch 0000/0693 | Loss: 0.1319
Epoch: 026/050 | Batch 0050/0693 | Loss: 0.1839
Epoch: 026/050 | Batch 0100/0693 | Loss: 0.1773
Epoch: 026/050 | Batch 0150/0693 | Loss: 0.2738
Epoch: 026/050 | Batch 0200/0693 | Loss: 0.1668
Epoch: 026/050 | Batch 0250/0693 | Loss: 0.1814
Epoch: 026/050 | Batch 0300/0693 | Loss: 0.3173
Epoch: 026/050 | Batch 0350/0693 | Loss: 0.1454
Epoch: 026/050 | Batch 0400/0693 | Loss: 0.1814
Epoch: 026/050 | Batch 0450/0693 | Loss: 0.2714
Epoch: 026/050 | Batch 0500/0693 | Loss: 0.2692
Epoch: 026/050 | Batch 0550/0693 | Loss: 0.1915
Epoch: 026/050 | Batch 0600/0693 | Loss: 0.2296
Epoch: 026/050 | Batch 0650/0693 | Loss: 0.3859
MAE/RMSE/ACC: Current Valid: 0.43/0.69/62.90 Ep. 26 | Best Valid: 0.39/0.65/62.90 | Ep. 21
Time elapsed: 36.85 min
Epoch: 027/050 | Batch 0000/0693 | Loss: 0.1844
Epoch: 027/050 | Batch 0050/0693 | Loss: 0.2646
Epoch: 027/050 | Batch 0100/0693 | Loss: 0.1614
Epoch: 027/050 | Batch 0150/0693 | Loss: 0.1491
Epoch: 027/050 | Batch 0200/0693 | Loss: 0.1366
Epoch: 027/050 | Batch 0250/0693 | Loss: 0.2409
Epoch: 027/050 | Batch 0300/0693 | Loss: 0.1650
Epoch: 027/050 | Batch 0350/0693 | Loss: 0.2621
Epoch: 027/050 | Batch 0400/0693 | Loss: 0.1728
Epoch: 027/050 | Batch 0450/0693 | Loss: 0.1605
Epoch: 027/050 | Batch 0500/0693 | Loss: 0.1563
Epoch: 027/050 | Batch 0550/0693 | Loss: 0.1639
Epoch: 027/050 | Batch 0600/0693 | Loss: 0.2413
Epoch: 027/050 | Batch 0650/0693 | Loss: 0.1478
MAE/RMSE/ACC: Current Valid: 0.42/0.68/62.90 Ep. 27 | Best Valid: 0.39/0.65/62.90 | Ep. 21
Time elapsed: 38.29 min
Epoch: 028/050 | Batch 0000/0693 | Loss: 0.1406
Epoch: 028/050 | Batch 0050/0693 | Loss: 0.1733
Epoch: 028/050 | Batch 0100/0693 | Loss: 0.1804
Epoch: 028/050 | Batch 0150/0693 | Loss: 0.1306
Epoch: 028/050 | Batch 0200/0693 | Loss: 0.1827
Epoch: 028/050 | Batch 0250/0693 | Loss: 0.1959
Epoch: 028/050 | Batch 0300/0693 | Loss: 0.2000
Epoch: 028/050 | Batch 0350/0693 | Loss: 0.1520
Epoch: 028/050 | Batch 0400/0693 | Loss: 0.1699
Epoch: 028/050 | Batch 0450/0693 | Loss: 0.1883
Epoch: 028/050 | Batch 0500/0693 | Loss: 0.2684
Epoch: 028/050 | Batch 0550/0693 | Loss: 0.1398
Epoch: 028/050 | Batch 0600/0693 | Loss: 0.1818
Epoch: 028/050 | Batch 0650/0693 | Loss: 0.1706
MAE/RMSE/ACC: Current Valid: 0.45/0.70/62.90 Ep. 28 | Best Valid: 0.39/0.65/62.90 | Ep. 21
Time elapsed: 39.71 min
Epoch: 029/050 | Batch 0000/0693 | Loss: 0.1758
Epoch: 029/050 | Batch 0050/0693 | Loss: 0.1972
Epoch: 029/050 | Batch 0100/0693 | Loss: 0.0930
Epoch: 029/050 | Batch 0150/0693 | Loss: 0.2014
Epoch: 029/050 | Batch 0200/0693 | Loss: 0.2838
Epoch: 029/050 | Batch 0250/0693 | Loss: 0.1413
Epoch: 029/050 | Batch 0300/0693 | Loss: 0.1559
Epoch: 029/050 | Batch 0350/0693 | Loss: 0.2815
Epoch: 029/050 | Batch 0400/0693 | Loss: 0.1652
Epoch: 029/050 | Batch 0450/0693 | Loss: 0.1335
Epoch: 029/050 | Batch 0500/0693 | Loss: 0.1346
Epoch: 029/050 | Batch 0550/0693 | Loss: 0.1833
Epoch: 029/050 | Batch 0600/0693 | Loss: 0.2601
Epoch: 029/050 | Batch 0650/0693 | Loss: 0.1674
MAE/RMSE/ACC: Current Valid: 0.46/0.72/62.90 Ep. 29 | Best Valid: 0.39/0.65/62.90 | Ep. 21
Time elapsed: 41.13 min
Epoch: 030/050 | Batch 0000/0693 | Loss: 0.1203
Epoch: 030/050 | Batch 0050/0693 | Loss: 0.1548
Epoch: 030/050 | Batch 0100/0693 | Loss: 0.2043
Epoch: 030/050 | Batch 0150/0693 | Loss: 0.1743
Epoch: 030/050 | Batch 0200/0693 | Loss: 0.2319
Epoch: 030/050 | Batch 0250/0693 | Loss: 0.1797
Epoch: 030/050 | Batch 0300/0693 | Loss: 0.1418
Epoch: 030/050 | Batch 0350/0693 | Loss: 0.2370
Epoch: 030/050 | Batch 0400/0693 | Loss: 0.1787
Epoch: 030/050 | Batch 0450/0693 | Loss: 0.2554
Epoch: 030/050 | Batch 0500/0693 | Loss: 0.1675
Epoch: 030/050 | Batch 0550/0693 | Loss: 0.2075
Epoch: 030/050 | Batch 0600/0693 | Loss: 0.1590
Epoch: 030/050 | Batch 0650/0693 | Loss: 0.1673
MAE/RMSE/ACC: Current Valid: 0.47/0.73/62.90 Ep. 30 | Best Valid: 0.39/0.65/62.90 | Ep. 21
Time elapsed: 42.56 min
Epoch: 031/050 | Batch 0000/0693 | Loss: 0.1455
Epoch: 031/050 | Batch 0050/0693 | Loss: 0.1643
Epoch: 031/050 | Batch 0100/0693 | Loss: 0.1581
Epoch: 031/050 | Batch 0150/0693 | Loss: 0.1016
Epoch: 031/050 | Batch 0200/0693 | Loss: 0.1386
Epoch: 031/050 | Batch 0250/0693 | Loss: 0.1735
Epoch: 031/050 | Batch 0300/0693 | Loss: 0.1110
Epoch: 031/050 | Batch 0350/0693 | Loss: 0.1296
Epoch: 031/050 | Batch 0400/0693 | Loss: 0.1306
Epoch: 031/050 | Batch 0450/0693 | Loss: 0.1203
Epoch: 031/050 | Batch 0500/0693 | Loss: 0.1958
Epoch: 031/050 | Batch 0550/0693 | Loss: 0.2270
Epoch: 031/050 | Batch 0600/0693 | Loss: 0.1104
Epoch: 031/050 | Batch 0650/0693 | Loss: 0.1546
MAE/RMSE/ACC: Current Valid: 0.49/0.76/62.90 Ep. 31 | Best Valid: 0.39/0.65/62.90 | Ep. 21
Time elapsed: 43.99 min
Epoch: 032/050 | Batch 0000/0693 | Loss: 0.1210
Epoch: 032/050 | Batch 0050/0693 | Loss: 0.1133
Epoch: 032/050 | Batch 0100/0693 | Loss: 0.1605
Epoch: 032/050 | Batch 0150/0693 | Loss: 0.1398
Epoch: 032/050 | Batch 0200/0693 | Loss: 0.1269
Epoch: 032/050 | Batch 0250/0693 | Loss: 0.1196
Epoch: 032/050 | Batch 0300/0693 | Loss: 0.1230
Epoch: 032/050 | Batch 0350/0693 | Loss: 0.1804
Epoch: 032/050 | Batch 0400/0693 | Loss: 0.1407
Epoch: 032/050 | Batch 0450/0693 | Loss: 0.0963
Epoch: 032/050 | Batch 0500/0693 | Loss: 0.2873
Epoch: 032/050 | Batch 0550/0693 | Loss: 0.2088
Epoch: 032/050 | Batch 0600/0693 | Loss: 0.1089
Epoch: 032/050 | Batch 0650/0693 | Loss: 0.1349
MAE/RMSE/ACC: Current Valid: 0.45/0.72/62.90 Ep. 32 | Best Valid: 0.39/0.65/62.90 | Ep. 21
Time elapsed: 45.39 min
Epoch: 033/050 | Batch 0000/0693 | Loss: 0.1799
Epoch: 033/050 | Batch 0050/0693 | Loss: 0.1758
Epoch: 033/050 | Batch 0100/0693 | Loss: 0.1225
Epoch: 033/050 | Batch 0150/0693 | Loss: 0.1141
Epoch: 033/050 | Batch 0200/0693 | Loss: 0.0749
Epoch: 033/050 | Batch 0250/0693 | Loss: 0.1193
Epoch: 033/050 | Batch 0300/0693 | Loss: 0.1025
Epoch: 033/050 | Batch 0350/0693 | Loss: 0.0734
Epoch: 033/050 | Batch 0400/0693 | Loss: 0.2418
Epoch: 033/050 | Batch 0450/0693 | Loss: 0.0924
Epoch: 033/050 | Batch 0500/0693 | Loss: 0.1625
Epoch: 033/050 | Batch 0550/0693 | Loss: 0.1686
Epoch: 033/050 | Batch 0600/0693 | Loss: 0.1446
Epoch: 033/050 | Batch 0650/0693 | Loss: 0.2045
MAE/RMSE/ACC: Current Valid: 0.48/0.74/62.90 Ep. 33 | Best Valid: 0.39/0.65/62.90 | Ep. 21
Time elapsed: 46.81 min
Epoch: 034/050 | Batch 0000/0693 | Loss: 0.1299
Epoch: 034/050 | Batch 0050/0693 | Loss: 0.1133
Epoch: 034/050 | Batch 0100/0693 | Loss: 0.1000
Epoch: 034/050 | Batch 0150/0693 | Loss: 0.0790
Epoch: 034/050 | Batch 0200/0693 | Loss: 0.0847
Epoch: 034/050 | Batch 0250/0693 | Loss: 0.0900
Epoch: 034/050 | Batch 0300/0693 | Loss: 0.0456
Epoch: 034/050 | Batch 0350/0693 | Loss: 0.0612
Epoch: 034/050 | Batch 0400/0693 | Loss: 0.0726
Epoch: 034/050 | Batch 0450/0693 | Loss: 0.1140
Epoch: 034/050 | Batch 0500/0693 | Loss: 0.1121
Epoch: 034/050 | Batch 0550/0693 | Loss: 0.1604
Epoch: 034/050 | Batch 0600/0693 | Loss: 0.1226
Epoch: 034/050 | Batch 0650/0693 | Loss: 0.1364
MAE/RMSE/ACC: Current Valid: 0.47/0.73/62.90 Ep. 34 | Best Valid: 0.39/0.65/62.90 | Ep. 21
Time elapsed: 48.24 min
Epoch: 035/050 | Batch 0000/0693 | Loss: 0.1578
Epoch: 035/050 | Batch 0050/0693 | Loss: 0.0576
Epoch: 035/050 | Batch 0100/0693 | Loss: 0.1482
Epoch: 035/050 | Batch 0150/0693 | Loss: 0.1842
Epoch: 035/050 | Batch 0200/0693 | Loss: 0.0871
Epoch: 035/050 | Batch 0250/0693 | Loss: 0.0948
Epoch: 035/050 | Batch 0300/0693 | Loss: 0.0766
Epoch: 035/050 | Batch 0350/0693 | Loss: 0.1433
Epoch: 035/050 | Batch 0400/0693 | Loss: 0.0735
Epoch: 035/050 | Batch 0450/0693 | Loss: 0.0789
Epoch: 035/050 | Batch 0500/0693 | Loss: 0.0706
Epoch: 035/050 | Batch 0550/0693 | Loss: 0.0617
Epoch: 035/050 | Batch 0600/0693 | Loss: 0.0892
Epoch: 035/050 | Batch 0650/0693 | Loss: 0.0639
MAE/RMSE/ACC: Current Valid: 0.49/0.75/62.90 Ep. 35 | Best Valid: 0.39/0.65/62.90 | Ep. 21
Time elapsed: 49.67 min
Epoch: 036/050 | Batch 0000/0693 | Loss: 0.1494
Epoch: 036/050 | Batch 0050/0693 | Loss: 0.0865
Epoch: 036/050 | Batch 0100/0693 | Loss: 0.1436
Epoch: 036/050 | Batch 0150/0693 | Loss: 0.1418
Epoch: 036/050 | Batch 0200/0693 | Loss: 0.0605
Epoch: 036/050 | Batch 0250/0693 | Loss: 0.1226
Epoch: 036/050 | Batch 0300/0693 | Loss: 0.0811
Epoch: 036/050 | Batch 0350/0693 | Loss: 0.3028
Epoch: 036/050 | Batch 0400/0693 | Loss: 0.2981
Epoch: 036/050 | Batch 0450/0693 | Loss: 0.0498
Epoch: 036/050 | Batch 0500/0693 | Loss: 0.1505
Epoch: 036/050 | Batch 0550/0693 | Loss: 0.1407
Epoch: 036/050 | Batch 0600/0693 | Loss: 0.0637
Epoch: 036/050 | Batch 0650/0693 | Loss: 0.0733
MAE/RMSE/ACC: Current Valid: 0.47/0.74/62.90 Ep. 36 | Best Valid: 0.39/0.65/62.90 | Ep. 21
Time elapsed: 51.09 min
Epoch: 037/050 | Batch 0000/0693 | Loss: 0.0787
Epoch: 037/050 | Batch 0050/0693 | Loss: 0.0314
Epoch: 037/050 | Batch 0100/0693 | Loss: 0.1006
Epoch: 037/050 | Batch 0150/0693 | Loss: 0.0501
Epoch: 037/050 | Batch 0200/0693 | Loss: 0.0504
Epoch: 037/050 | Batch 0250/0693 | Loss: 0.0771
Epoch: 037/050 | Batch 0300/0693 | Loss: 0.1220
Epoch: 037/050 | Batch 0350/0693 | Loss: 0.0511
Epoch: 037/050 | Batch 0400/0693 | Loss: 0.1108
Epoch: 037/050 | Batch 0450/0693 | Loss: 0.1334
Epoch: 037/050 | Batch 0500/0693 | Loss: 0.0925
Epoch: 037/050 | Batch 0550/0693 | Loss: 0.1008
Epoch: 037/050 | Batch 0600/0693 | Loss: 0.0853
Epoch: 037/050 | Batch 0650/0693 | Loss: 0.1313
MAE/RMSE/ACC: Current Valid: 0.49/0.75/62.90 Ep. 37 | Best Valid: 0.39/0.65/62.90 | Ep. 21
Time elapsed: 52.51 min
Epoch: 038/050 | Batch 0000/0693 | Loss: 0.0597
Epoch: 038/050 | Batch 0050/0693 | Loss: 0.0365
Epoch: 038/050 | Batch 0100/0693 | Loss: 0.0209
Epoch: 038/050 | Batch 0150/0693 | Loss: 0.0199
Epoch: 038/050 | Batch 0200/0693 | Loss: 0.0259
Epoch: 038/050 | Batch 0250/0693 | Loss: 0.2169
Epoch: 038/050 | Batch 0300/0693 | Loss: 0.0463
Epoch: 038/050 | Batch 0350/0693 | Loss: 0.0260
Epoch: 038/050 | Batch 0400/0693 | Loss: 0.0484
Epoch: 038/050 | Batch 0450/0693 | Loss: 0.0823
Epoch: 038/050 | Batch 0500/0693 | Loss: 0.0629
Epoch: 038/050 | Batch 0550/0693 | Loss: 0.0246
Epoch: 038/050 | Batch 0600/0693 | Loss: 0.0462
Epoch: 038/050 | Batch 0650/0693 | Loss: 0.0419
MAE/RMSE/ACC: Current Valid: 0.50/0.76/62.90 Ep. 38 | Best Valid: 0.39/0.65/62.90 | Ep. 21
Time elapsed: 53.93 min
Epoch: 039/050 | Batch 0000/0693 | Loss: 0.0351
Epoch: 039/050 | Batch 0050/0693 | Loss: 0.0353
Epoch: 039/050 | Batch 0100/0693 | Loss: 0.0725
Epoch: 039/050 | Batch 0150/0693 | Loss: 0.0936
Epoch: 039/050 | Batch 0200/0693 | Loss: 0.0638
Epoch: 039/050 | Batch 0250/0693 | Loss: 0.0298
Epoch: 039/050 | Batch 0300/0693 | Loss: 0.0837
Epoch: 039/050 | Batch 0350/0693 | Loss: 0.0706
Epoch: 039/050 | Batch 0400/0693 | Loss: 0.1091
Epoch: 039/050 | Batch 0450/0693 | Loss: 0.2383
Epoch: 039/050 | Batch 0500/0693 | Loss: 0.2026
Epoch: 039/050 | Batch 0550/0693 | Loss: 0.1005
Epoch: 039/050 | Batch 0600/0693 | Loss: 0.0487
Epoch: 039/050 | Batch 0650/0693 | Loss: 0.0185
MAE/RMSE/ACC: Current Valid: 0.47/0.73/62.90 Ep. 39 | Best Valid: 0.39/0.65/62.90 | Ep. 21
Time elapsed: 55.36 min
Epoch: 040/050 | Batch 0000/0693 | Loss: 0.0613
Epoch: 040/050 | Batch 0050/0693 | Loss: 0.0370
Epoch: 040/050 | Batch 0100/0693 | Loss: 0.1373
Epoch: 040/050 | Batch 0150/0693 | Loss: 0.0225
Epoch: 040/050 | Batch 0200/0693 | Loss: 0.0570
Epoch: 040/050 | Batch 0250/0693 | Loss: 0.0641
Epoch: 040/050 | Batch 0300/0693 | Loss: 0.0410
Epoch: 040/050 | Batch 0350/0693 | Loss: 0.0690
Epoch: 040/050 | Batch 0400/0693 | Loss: 0.0140
Epoch: 040/050 | Batch 0450/0693 | Loss: 0.0277
Epoch: 040/050 | Batch 0500/0693 | Loss: 0.1387
Epoch: 040/050 | Batch 0550/0693 | Loss: 0.1690
Epoch: 040/050 | Batch 0600/0693 | Loss: 0.0210
Epoch: 040/050 | Batch 0650/0693 | Loss: 0.0438
MAE/RMSE/ACC: Current Valid: 0.49/0.75/62.90 Ep. 40 | Best Valid: 0.39/0.65/62.90 | Ep. 21
Time elapsed: 56.78 min
Epoch: 041/050 | Batch 0000/0693 | Loss: 0.0427
Epoch: 041/050 | Batch 0050/0693 | Loss: 0.0098
Epoch: 041/050 | Batch 0100/0693 | Loss: 0.0255
Epoch: 041/050 | Batch 0150/0693 | Loss: 0.0512
Epoch: 041/050 | Batch 0200/0693 | Loss: 0.0329
Epoch: 041/050 | Batch 0250/0693 | Loss: 0.0683
Epoch: 041/050 | Batch 0300/0693 | Loss: 0.0179
Epoch: 041/050 | Batch 0350/0693 | Loss: 0.0695
Epoch: 041/050 | Batch 0400/0693 | Loss: 0.0580
Epoch: 041/050 | Batch 0450/0693 | Loss: 0.1114
Epoch: 041/050 | Batch 0500/0693 | Loss: 0.0716
Epoch: 041/050 | Batch 0550/0693 | Loss: 0.1061
Epoch: 041/050 | Batch 0600/0693 | Loss: 0.0185
Epoch: 041/050 | Batch 0650/0693 | Loss: 0.0969
MAE/RMSE/ACC: Current Valid: 0.49/0.76/62.90 Ep. 41 | Best Valid: 0.39/0.65/62.90 | Ep. 21
Time elapsed: 58.22 min
Epoch: 042/050 | Batch 0000/0693 | Loss: 0.0653
Epoch: 042/050 | Batch 0050/0693 | Loss: 0.0999
Epoch: 042/050 | Batch 0100/0693 | Loss: 0.0109
Epoch: 042/050 | Batch 0150/0693 | Loss: 0.0236
Epoch: 042/050 | Batch 0200/0693 | Loss: 0.0624
Epoch: 042/050 | Batch 0250/0693 | Loss: 0.0356
Epoch: 042/050 | Batch 0300/0693 | Loss: 0.0146
Epoch: 042/050 | Batch 0350/0693 | Loss: 0.0459
Epoch: 042/050 | Batch 0400/0693 | Loss: 0.0451
Epoch: 042/050 | Batch 0450/0693 | Loss: 0.0689
Epoch: 042/050 | Batch 0500/0693 | Loss: 0.0269
Epoch: 042/050 | Batch 0550/0693 | Loss: 0.0955
Epoch: 042/050 | Batch 0600/0693 | Loss: 0.0624
Epoch: 042/050 | Batch 0650/0693 | Loss: 0.2152
MAE/RMSE/ACC: Current Valid: 0.47/0.73/62.90 Ep. 42 | Best Valid: 0.39/0.65/62.90 | Ep. 21
Time elapsed: 59.63 min
Epoch: 043/050 | Batch 0000/0693 | Loss: 0.0312
Epoch: 043/050 | Batch 0050/0693 | Loss: 0.0668
Epoch: 043/050 | Batch 0100/0693 | Loss: 0.0829
Epoch: 043/050 | Batch 0150/0693 | Loss: 0.0450
Epoch: 043/050 | Batch 0200/0693 | Loss: 0.1485
Epoch: 043/050 | Batch 0250/0693 | Loss: 0.0802
Epoch: 043/050 | Batch 0300/0693 | Loss: 0.1321
Epoch: 043/050 | Batch 0350/0693 | Loss: 0.0167
Epoch: 043/050 | Batch 0400/0693 | Loss: 0.0381
Epoch: 043/050 | Batch 0450/0693 | Loss: 0.0893
Epoch: 043/050 | Batch 0500/0693 | Loss: 0.0268
Epoch: 043/050 | Batch 0550/0693 | Loss: 0.0143
Epoch: 043/050 | Batch 0600/0693 | Loss: 0.0745
Epoch: 043/050 | Batch 0650/0693 | Loss: 0.0366
MAE/RMSE/ACC: Current Valid: 0.49/0.75/62.90 Ep. 43 | Best Valid: 0.39/0.65/62.90 | Ep. 21
Time elapsed: 61.03 min
Epoch: 044/050 | Batch 0000/0693 | Loss: 0.0175
Epoch: 044/050 | Batch 0050/0693 | Loss: 0.0210
Epoch: 044/050 | Batch 0100/0693 | Loss: 0.0089
Epoch: 044/050 | Batch 0150/0693 | Loss: 0.0607
Epoch: 044/050 | Batch 0200/0693 | Loss: 0.0121
Epoch: 044/050 | Batch 0250/0693 | Loss: 0.0149
Epoch: 044/050 | Batch 0300/0693 | Loss: 0.1425
Epoch: 044/050 | Batch 0350/0693 | Loss: 0.0092
Epoch: 044/050 | Batch 0400/0693 | Loss: 0.0357
Epoch: 044/050 | Batch 0450/0693 | Loss: 0.0612
Epoch: 044/050 | Batch 0500/0693 | Loss: 0.0180
Epoch: 044/050 | Batch 0550/0693 | Loss: 0.0086
Epoch: 044/050 | Batch 0600/0693 | Loss: 0.0525
Epoch: 044/050 | Batch 0650/0693 | Loss: 0.0254
MAE/RMSE/ACC: Current Valid: 0.50/0.76/62.90 Ep. 44 | Best Valid: 0.39/0.65/62.90 | Ep. 21
Time elapsed: 62.44 min
Epoch: 045/050 | Batch 0000/0693 | Loss: 0.0342
Epoch: 045/050 | Batch 0050/0693 | Loss: 0.0286
Epoch: 045/050 | Batch 0100/0693 | Loss: 0.0198
Epoch: 045/050 | Batch 0150/0693 | Loss: 0.0941
Epoch: 045/050 | Batch 0200/0693 | Loss: 0.0515
Epoch: 045/050 | Batch 0250/0693 | Loss: 0.0282
Epoch: 045/050 | Batch 0300/0693 | Loss: 0.0992
Epoch: 045/050 | Batch 0350/0693 | Loss: 0.0299
Epoch: 045/050 | Batch 0400/0693 | Loss: 0.0418
Epoch: 045/050 | Batch 0450/0693 | Loss: 0.0530
Epoch: 045/050 | Batch 0500/0693 | Loss: 0.0234
Epoch: 045/050 | Batch 0550/0693 | Loss: 0.0840
Epoch: 045/050 | Batch 0600/0693 | Loss: 0.0039
Epoch: 045/050 | Batch 0650/0693 | Loss: 0.0067
MAE/RMSE/ACC: Current Valid: 0.47/0.74/62.90 Ep. 45 | Best Valid: 0.39/0.65/62.90 | Ep. 21
Time elapsed: 63.85 min
Epoch: 046/050 | Batch 0000/0693 | Loss: 0.0120
Epoch: 046/050 | Batch 0050/0693 | Loss: 0.0199
Epoch: 046/050 | Batch 0100/0693 | Loss: 0.0439
Epoch: 046/050 | Batch 0150/0693 | Loss: 0.0045
Epoch: 046/050 | Batch 0200/0693 | Loss: 0.0546
Epoch: 046/050 | Batch 0250/0693 | Loss: 0.0176
Epoch: 046/050 | Batch 0300/0693 | Loss: 0.0654
Epoch: 046/050 | Batch 0350/0693 | Loss: 0.0632
Epoch: 046/050 | Batch 0400/0693 | Loss: 0.0021
Epoch: 046/050 | Batch 0450/0693 | Loss: 0.0473
Epoch: 046/050 | Batch 0500/0693 | Loss: 0.0987
Epoch: 046/050 | Batch 0550/0693 | Loss: 0.0664
Epoch: 046/050 | Batch 0600/0693 | Loss: 0.0143
Epoch: 046/050 | Batch 0650/0693 | Loss: 0.1709
MAE/RMSE/ACC: Current Valid: 0.46/0.72/62.90 Ep. 46 | Best Valid: 0.39/0.65/62.90 | Ep. 21
Time elapsed: 65.26 min
Epoch: 047/050 | Batch 0000/0693 | Loss: 0.0262
Epoch: 047/050 | Batch 0050/0693 | Loss: 0.1321
Epoch: 047/050 | Batch 0100/0693 | Loss: 0.0102
Epoch: 047/050 | Batch 0150/0693 | Loss: 0.0087
Epoch: 047/050 | Batch 0200/0693 | Loss: 0.0104
Epoch: 047/050 | Batch 0250/0693 | Loss: 0.0129
Epoch: 047/050 | Batch 0300/0693 | Loss: 0.0138
Epoch: 047/050 | Batch 0350/0693 | Loss: 0.0816
Epoch: 047/050 | Batch 0400/0693 | Loss: 0.0113
Epoch: 047/050 | Batch 0450/0693 | Loss: 0.0251
Epoch: 047/050 | Batch 0500/0693 | Loss: 0.0095
Epoch: 047/050 | Batch 0550/0693 | Loss: 0.0808
Epoch: 047/050 | Batch 0600/0693 | Loss: 0.0283
Epoch: 047/050 | Batch 0650/0693 | Loss: 0.0310
MAE/RMSE/ACC: Current Valid: 0.47/0.74/62.90 Ep. 47 | Best Valid: 0.39/0.65/62.90 | Ep. 21
Time elapsed: 66.67 min
Epoch: 048/050 | Batch 0000/0693 | Loss: 0.1060
Epoch: 048/050 | Batch 0050/0693 | Loss: 0.0214
Epoch: 048/050 | Batch 0100/0693 | Loss: 0.0123
Epoch: 048/050 | Batch 0150/0693 | Loss: 0.0207
Epoch: 048/050 | Batch 0200/0693 | Loss: 0.0195
Epoch: 048/050 | Batch 0250/0693 | Loss: 0.0188
Epoch: 048/050 | Batch 0300/0693 | Loss: 0.0533
Epoch: 048/050 | Batch 0350/0693 | Loss: 0.0052
Epoch: 048/050 | Batch 0400/0693 | Loss: 0.0553
Epoch: 048/050 | Batch 0450/0693 | Loss: 0.0299
Epoch: 048/050 | Batch 0500/0693 | Loss: 0.0135
Epoch: 048/050 | Batch 0550/0693 | Loss: 0.0449
Epoch: 048/050 | Batch 0600/0693 | Loss: 0.0938
Epoch: 048/050 | Batch 0650/0693 | Loss: 0.0484
MAE/RMSE/ACC: Current Valid: 0.47/0.73/62.90 Ep. 48 | Best Valid: 0.39/0.65/62.90 | Ep. 21
Time elapsed: 68.09 min
Epoch: 049/050 | Batch 0000/0693 | Loss: 0.0836
Epoch: 049/050 | Batch 0050/0693 | Loss: 0.0089
Epoch: 049/050 | Batch 0100/0693 | Loss: 0.0261
Epoch: 049/050 | Batch 0150/0693 | Loss: 0.0258
Epoch: 049/050 | Batch 0200/0693 | Loss: 0.0223
Epoch: 049/050 | Batch 0250/0693 | Loss: 0.0223
Epoch: 049/050 | Batch 0300/0693 | Loss: 0.0417
Epoch: 049/050 | Batch 0350/0693 | Loss: 0.0267
Epoch: 049/050 | Batch 0400/0693 | Loss: 0.1076
Epoch: 049/050 | Batch 0450/0693 | Loss: 0.1534
Epoch: 049/050 | Batch 0500/0693 | Loss: 0.0315
Epoch: 049/050 | Batch 0550/0693 | Loss: 0.0135
Epoch: 049/050 | Batch 0600/0693 | Loss: 0.0308
Epoch: 049/050 | Batch 0650/0693 | Loss: 0.0106
MAE/RMSE/ACC: Current Valid: 0.48/0.74/62.90 Ep. 49 | Best Valid: 0.39/0.65/62.90 | Ep. 21
Time elapsed: 69.51 min
Epoch: 050/050 | Batch 0000/0693 | Loss: 0.0204
Epoch: 050/050 | Batch 0050/0693 | Loss: 0.0338
Epoch: 050/050 | Batch 0100/0693 | Loss: 0.0344
Epoch: 050/050 | Batch 0150/0693 | Loss: 0.1368
Epoch: 050/050 | Batch 0200/0693 | Loss: 0.0151
Epoch: 050/050 | Batch 0250/0693 | Loss: 0.0194
Epoch: 050/050 | Batch 0300/0693 | Loss: 0.0275
Epoch: 050/050 | Batch 0350/0693 | Loss: 0.0390
Epoch: 050/050 | Batch 0400/0693 | Loss: 0.0135
Epoch: 050/050 | Batch 0450/0693 | Loss: 0.0164
Epoch: 050/050 | Batch 0500/0693 | Loss: 0.0181
Epoch: 050/050 | Batch 0550/0693 | Loss: 0.0306
Epoch: 050/050 | Batch 0600/0693 | Loss: 0.0482
Epoch: 050/050 | Batch 0650/0693 | Loss: 0.0106
MAE/RMSE/ACC: Current Valid: 0.51/0.77/62.90 Ep. 50 | Best Valid: 0.39/0.65/62.90 | Ep. 21
Time elapsed: 70.87 min
MAE/RMSE: | Train: 0.03/0.19 | Valid: 0.51/0.77 | Test: 0.54/0.79
ACC: | Train: 96.80 | Valid: 52.91 | Test: 50.22
Total Running Time: 72.42 min
MAE/RMSE: | Best Train: 0.36/0.62 | Best Valid: 0.39/0.65 | Best Test: 0.42/0.68
ACC: | Best Train: 65.46 | Best Valid: 62.90 | Best Test: 60.46
Total Running Time: 73.98 min
