This script: resnet34_coral.py
PyTorch Version: 1.8.1
CUDA device: cuda:3
CUDA version: 11.1
Random seed: 3
Learning rate: 0.0005
Epochs: 200
Batch size: 256
Output path: runs/afad-balanced/resnet34_coral-imp0-seed3-epochs200_best-rmse
Epoch: 001/200 | Batch 0000/0180 | Loss: 8.4486
Epoch: 001/200 | Batch 0050/0180 | Loss: 8.1459
Epoch: 001/200 | Batch 0100/0180 | Loss: 7.9814
Epoch: 001/200 | Batch 0150/0180 | Loss: 7.8650
MAE/RMSE/ACC: Current Valid: 4.59/5.72/10.63 Ep. 1 | Best Valid: 4.59/5.72/10.63 | Ep. 1
Time elapsed: 1.29 min
Epoch: 002/200 | Batch 0000/0180 | Loss: 7.8785
Epoch: 002/200 | Batch 0050/0180 | Loss: 7.5334
Epoch: 002/200 | Batch 0100/0180 | Loss: 7.7583
Epoch: 002/200 | Batch 0150/0180 | Loss: 7.6302
MAE/RMSE/ACC: Current Valid: 4.36/5.51/11.54 Ep. 2 | Best Valid: 4.36/5.51/11.54 | Ep. 2
Time elapsed: 2.63 min
Epoch: 003/200 | Batch 0000/0180 | Loss: 7.6540
Epoch: 003/200 | Batch 0050/0180 | Loss: 7.5687
Epoch: 003/200 | Batch 0100/0180 | Loss: 7.4813
Epoch: 003/200 | Batch 0150/0180 | Loss: 7.4134
MAE/RMSE/ACC: Current Valid: 4.01/5.10/11.77 Ep. 3 | Best Valid: 4.01/5.10/11.77 | Ep. 3
Time elapsed: 4.03 min
Epoch: 004/200 | Batch 0000/0180 | Loss: 7.5141
Epoch: 004/200 | Batch 0050/0180 | Loss: 7.3390
Epoch: 004/200 | Batch 0100/0180 | Loss: 7.2199
Epoch: 004/200 | Batch 0150/0180 | Loss: 7.1861
MAE/RMSE/ACC: Current Valid: 3.84/4.91/11.56 Ep. 4 | Best Valid: 3.84/4.91/11.56 | Ep. 4
Time elapsed: 5.45 min
Epoch: 005/200 | Batch 0000/0180 | Loss: 7.2901
Epoch: 005/200 | Batch 0050/0180 | Loss: 7.4424
Epoch: 005/200 | Batch 0100/0180 | Loss: 7.3328
Epoch: 005/200 | Batch 0150/0180 | Loss: 7.0862
MAE/RMSE/ACC: Current Valid: 3.73/4.71/10.95 Ep. 5 | Best Valid: 3.73/4.71/10.95 | Ep. 5
Time elapsed: 6.87 min
Epoch: 006/200 | Batch 0000/0180 | Loss: 7.2547
Epoch: 006/200 | Batch 0050/0180 | Loss: 7.0312
Epoch: 006/200 | Batch 0100/0180 | Loss: 7.1775
Epoch: 006/200 | Batch 0150/0180 | Loss: 6.9664
MAE/RMSE/ACC: Current Valid: 3.55/4.48/11.24 Ep. 6 | Best Valid: 3.55/4.48/11.24 | Ep. 6
Time elapsed: 8.29 min
Epoch: 007/200 | Batch 0000/0180 | Loss: 6.7538
Epoch: 007/200 | Batch 0050/0180 | Loss: 6.9496
Epoch: 007/200 | Batch 0100/0180 | Loss: 6.7332
Epoch: 007/200 | Batch 0150/0180 | Loss: 6.9217
MAE/RMSE/ACC: Current Valid: 3.23/4.08/11.60 Ep. 7 | Best Valid: 3.23/4.08/11.60 | Ep. 7
Time elapsed: 9.70 min
Epoch: 008/200 | Batch 0000/0180 | Loss: 6.6688
Epoch: 008/200 | Batch 0050/0180 | Loss: 6.6793
Epoch: 008/200 | Batch 0100/0180 | Loss: 6.7715
Epoch: 008/200 | Batch 0150/0180 | Loss: 6.7439
MAE/RMSE/ACC: Current Valid: 3.18/3.93/10.39 Ep. 8 | Best Valid: 3.18/3.93/10.39 | Ep. 8
Time elapsed: 11.11 min
Epoch: 009/200 | Batch 0000/0180 | Loss: 6.5748
Epoch: 009/200 | Batch 0050/0180 | Loss: 6.3410
Epoch: 009/200 | Batch 0100/0180 | Loss: 6.4473
Epoch: 009/200 | Batch 0150/0180 | Loss: 6.6328
MAE/RMSE/ACC: Current Valid: 3.27/4.14/10.39 Ep. 9 | Best Valid: 3.18/3.93/10.39 | Ep. 8
Time elapsed: 12.52 min
Epoch: 010/200 | Batch 0000/0180 | Loss: 6.5252
Epoch: 010/200 | Batch 0050/0180 | Loss: 6.2455
Epoch: 010/200 | Batch 0100/0180 | Loss: 6.2868
Epoch: 010/200 | Batch 0150/0180 | Loss: 6.2927
MAE/RMSE/ACC: Current Valid: 3.15/3.92/10.88 Ep. 10 | Best Valid: 3.15/3.92/10.88 | Ep. 10
Time elapsed: 13.93 min
Epoch: 011/200 | Batch 0000/0180 | Loss: 6.2739
Epoch: 011/200 | Batch 0050/0180 | Loss: 6.1857
Epoch: 011/200 | Batch 0100/0180 | Loss: 6.4349
Epoch: 011/200 | Batch 0150/0180 | Loss: 6.2888
MAE/RMSE/ACC: Current Valid: 3.06/3.78/11.00 Ep. 11 | Best Valid: 3.06/3.78/11.00 | Ep. 11
Time elapsed: 15.34 min
Epoch: 012/200 | Batch 0000/0180 | Loss: 5.9761
Epoch: 012/200 | Batch 0050/0180 | Loss: 6.0638
Epoch: 012/200 | Batch 0100/0180 | Loss: 6.1845
Epoch: 012/200 | Batch 0150/0180 | Loss: 6.3228
MAE/RMSE/ACC: Current Valid: 3.10/3.90/11.00 Ep. 12 | Best Valid: 3.06/3.78/11.00 | Ep. 11
Time elapsed: 16.75 min
Epoch: 013/200 | Batch 0000/0180 | Loss: 6.1823
Epoch: 013/200 | Batch 0050/0180 | Loss: 6.0677
Epoch: 013/200 | Batch 0100/0180 | Loss: 5.9876
Epoch: 013/200 | Batch 0150/0180 | Loss: 6.0734
MAE/RMSE/ACC: Current Valid: 3.43/4.34/11.00 Ep. 13 | Best Valid: 3.06/3.78/11.00 | Ep. 11
Time elapsed: 18.15 min
Epoch: 014/200 | Batch 0000/0180 | Loss: 6.2720
Epoch: 014/200 | Batch 0050/0180 | Loss: 5.7797
Epoch: 014/200 | Batch 0100/0180 | Loss: 5.9676
Epoch: 014/200 | Batch 0150/0180 | Loss: 6.0451
MAE/RMSE/ACC: Current Valid: 3.29/4.16/11.00 Ep. 14 | Best Valid: 3.06/3.78/11.00 | Ep. 11
Time elapsed: 19.56 min
Epoch: 015/200 | Batch 0000/0180 | Loss: 5.8391
Epoch: 015/200 | Batch 0050/0180 | Loss: 5.8888
Epoch: 015/200 | Batch 0100/0180 | Loss: 6.2987
Epoch: 015/200 | Batch 0150/0180 | Loss: 5.7305
MAE/RMSE/ACC: Current Valid: 3.11/3.91/11.00 Ep. 15 | Best Valid: 3.06/3.78/11.00 | Ep. 11
Time elapsed: 20.96 min
Epoch: 016/200 | Batch 0000/0180 | Loss: 5.6173
Epoch: 016/200 | Batch 0050/0180 | Loss: 5.7125
Epoch: 016/200 | Batch 0100/0180 | Loss: 5.7561
Epoch: 016/200 | Batch 0150/0180 | Loss: 5.8433
MAE/RMSE/ACC: Current Valid: 3.12/3.92/11.00 Ep. 16 | Best Valid: 3.06/3.78/11.00 | Ep. 11
Time elapsed: 22.38 min
Epoch: 017/200 | Batch 0000/0180 | Loss: 5.5036
Epoch: 017/200 | Batch 0050/0180 | Loss: 5.7114
Epoch: 017/200 | Batch 0100/0180 | Loss: 5.6708
Epoch: 017/200 | Batch 0150/0180 | Loss: 5.6761
MAE/RMSE/ACC: Current Valid: 3.07/3.83/11.00 Ep. 17 | Best Valid: 3.06/3.78/11.00 | Ep. 11
Time elapsed: 23.79 min
Epoch: 018/200 | Batch 0000/0180 | Loss: 5.5679
Epoch: 018/200 | Batch 0050/0180 | Loss: 5.5278
Epoch: 018/200 | Batch 0100/0180 | Loss: 5.5896
Epoch: 018/200 | Batch 0150/0180 | Loss: 5.5895
MAE/RMSE/ACC: Current Valid: 3.12/3.94/11.00 Ep. 18 | Best Valid: 3.06/3.78/11.00 | Ep. 11
Time elapsed: 25.21 min
Epoch: 019/200 | Batch 0000/0180 | Loss: 5.4283
Epoch: 019/200 | Batch 0050/0180 | Loss: 5.2899
Epoch: 019/200 | Batch 0100/0180 | Loss: 5.5327
Epoch: 019/200 | Batch 0150/0180 | Loss: 5.1759
MAE/RMSE/ACC: Current Valid: 3.08/3.88/11.00 Ep. 19 | Best Valid: 3.06/3.78/11.00 | Ep. 11
Time elapsed: 26.62 min
Epoch: 020/200 | Batch 0000/0180 | Loss: 5.4037
Epoch: 020/200 | Batch 0050/0180 | Loss: 5.3001
Epoch: 020/200 | Batch 0100/0180 | Loss: 5.4423
Epoch: 020/200 | Batch 0150/0180 | Loss: 5.3499
MAE/RMSE/ACC: Current Valid: 3.06/3.85/11.00 Ep. 20 | Best Valid: 3.06/3.78/11.00 | Ep. 11
Time elapsed: 28.03 min
Epoch: 021/200 | Batch 0000/0180 | Loss: 5.0367
Epoch: 021/200 | Batch 0050/0180 | Loss: 5.1326
Epoch: 021/200 | Batch 0100/0180 | Loss: 5.0617
Epoch: 021/200 | Batch 0150/0180 | Loss: 5.2330
MAE/RMSE/ACC: Current Valid: 3.16/4.00/11.00 Ep. 21 | Best Valid: 3.06/3.78/11.00 | Ep. 11
Time elapsed: 29.44 min
Epoch: 022/200 | Batch 0000/0180 | Loss: 4.7427
Epoch: 022/200 | Batch 0050/0180 | Loss: 5.3067
Epoch: 022/200 | Batch 0100/0180 | Loss: 5.2946
Epoch: 022/200 | Batch 0150/0180 | Loss: 5.3439
MAE/RMSE/ACC: Current Valid: 3.11/3.93/11.00 Ep. 22 | Best Valid: 3.06/3.78/11.00 | Ep. 11
Time elapsed: 30.85 min
Epoch: 023/200 | Batch 0000/0180 | Loss: 4.7554
Epoch: 023/200 | Batch 0050/0180 | Loss: 4.8422
Epoch: 023/200 | Batch 0100/0180 | Loss: 5.0446
Epoch: 023/200 | Batch 0150/0180 | Loss: 5.0241
MAE/RMSE/ACC: Current Valid: 3.09/3.92/11.00 Ep. 23 | Best Valid: 3.06/3.78/11.00 | Ep. 11
Time elapsed: 32.26 min
Epoch: 024/200 | Batch 0000/0180 | Loss: 4.5749
Epoch: 024/200 | Batch 0050/0180 | Loss: 4.8798
Epoch: 024/200 | Batch 0100/0180 | Loss: 4.8075
Epoch: 024/200 | Batch 0150/0180 | Loss: 4.9229
MAE/RMSE/ACC: Current Valid: 3.18/4.06/11.00 Ep. 24 | Best Valid: 3.06/3.78/11.00 | Ep. 11
Time elapsed: 33.67 min
Epoch: 025/200 | Batch 0000/0180 | Loss: 4.3769
Epoch: 025/200 | Batch 0050/0180 | Loss: 4.4215
Epoch: 025/200 | Batch 0100/0180 | Loss: 4.4822
Epoch: 025/200 | Batch 0150/0180 | Loss: 4.5269
MAE/RMSE/ACC: Current Valid: 3.18/4.04/11.00 Ep. 25 | Best Valid: 3.06/3.78/11.00 | Ep. 11
Time elapsed: 35.09 min
Epoch: 026/200 | Batch 0000/0180 | Loss: 4.5327
Epoch: 026/200 | Batch 0050/0180 | Loss: 4.3194
Epoch: 026/200 | Batch 0100/0180 | Loss: 4.3705
Epoch: 026/200 | Batch 0150/0180 | Loss: 4.5915
MAE/RMSE/ACC: Current Valid: 3.12/3.95/11.00 Ep. 26 | Best Valid: 3.06/3.78/11.00 | Ep. 11
Time elapsed: 36.50 min
Epoch: 027/200 | Batch 0000/0180 | Loss: 4.4115
Epoch: 027/200 | Batch 0050/0180 | Loss: 4.3670
Epoch: 027/200 | Batch 0100/0180 | Loss: 4.3999
Epoch: 027/200 | Batch 0150/0180 | Loss: 4.2510
MAE/RMSE/ACC: Current Valid: 3.11/3.95/11.00 Ep. 27 | Best Valid: 3.06/3.78/11.00 | Ep. 11
Time elapsed: 37.91 min
Epoch: 028/200 | Batch 0000/0180 | Loss: 4.3955
Epoch: 028/200 | Batch 0050/0180 | Loss: 4.1825
Epoch: 028/200 | Batch 0100/0180 | Loss: 4.3077
Epoch: 028/200 | Batch 0150/0180 | Loss: 4.4734
MAE/RMSE/ACC: Current Valid: 3.20/4.08/11.00 Ep. 28 | Best Valid: 3.06/3.78/11.00 | Ep. 11
Time elapsed: 39.32 min
Epoch: 029/200 | Batch 0000/0180 | Loss: 4.2668
Epoch: 029/200 | Batch 0050/0180 | Loss: 4.1515
Epoch: 029/200 | Batch 0100/0180 | Loss: 4.0918
Epoch: 029/200 | Batch 0150/0180 | Loss: 4.4758
MAE/RMSE/ACC: Current Valid: 3.14/3.98/11.00 Ep. 29 | Best Valid: 3.06/3.78/11.00 | Ep. 11
Time elapsed: 40.73 min
Epoch: 030/200 | Batch 0000/0180 | Loss: 3.8641
Epoch: 030/200 | Batch 0050/0180 | Loss: 3.7272
Epoch: 030/200 | Batch 0100/0180 | Loss: 3.8937
Epoch: 030/200 | Batch 0150/0180 | Loss: 4.2685
MAE/RMSE/ACC: Current Valid: 3.06/3.87/11.00 Ep. 30 | Best Valid: 3.06/3.78/11.00 | Ep. 11
Time elapsed: 42.14 min
Epoch: 031/200 | Batch 0000/0180 | Loss: 3.8012
Epoch: 031/200 | Batch 0050/0180 | Loss: 3.9355
Epoch: 031/200 | Batch 0100/0180 | Loss: 3.8870
Epoch: 031/200 | Batch 0150/0180 | Loss: 3.8843
MAE/RMSE/ACC: Current Valid: 3.12/3.95/11.00 Ep. 31 | Best Valid: 3.06/3.78/11.00 | Ep. 11
Time elapsed: 43.56 min
Epoch: 032/200 | Batch 0000/0180 | Loss: 3.9487
Epoch: 032/200 | Batch 0050/0180 | Loss: 3.8011
Epoch: 032/200 | Batch 0100/0180 | Loss: 4.0954
Epoch: 032/200 | Batch 0150/0180 | Loss: 4.0870
MAE/RMSE/ACC: Current Valid: 3.14/3.97/11.00 Ep. 32 | Best Valid: 3.06/3.78/11.00 | Ep. 11
Time elapsed: 44.97 min
Epoch: 033/200 | Batch 0000/0180 | Loss: 3.6173
Epoch: 033/200 | Batch 0050/0180 | Loss: 3.8130
Epoch: 033/200 | Batch 0100/0180 | Loss: 3.9446
Epoch: 033/200 | Batch 0150/0180 | Loss: 3.7143
MAE/RMSE/ACC: Current Valid: 3.07/3.90/11.00 Ep. 33 | Best Valid: 3.06/3.78/11.00 | Ep. 11
Time elapsed: 46.38 min
Epoch: 034/200 | Batch 0000/0180 | Loss: 3.6177
Epoch: 034/200 | Batch 0050/0180 | Loss: 3.8261
Epoch: 034/200 | Batch 0100/0180 | Loss: 3.8885
Epoch: 034/200 | Batch 0150/0180 | Loss: 3.5493
MAE/RMSE/ACC: Current Valid: 3.05/3.84/11.00 Ep. 34 | Best Valid: 3.06/3.78/11.00 | Ep. 11
Time elapsed: 47.79 min
Epoch: 035/200 | Batch 0000/0180 | Loss: 3.5332
Epoch: 035/200 | Batch 0050/0180 | Loss: 3.5235
Epoch: 035/200 | Batch 0100/0180 | Loss: 3.6270
Epoch: 035/200 | Batch 0150/0180 | Loss: 3.7819
MAE/RMSE/ACC: Current Valid: 3.08/3.90/11.00 Ep. 35 | Best Valid: 3.06/3.78/11.00 | Ep. 11
Time elapsed: 49.20 min
Epoch: 036/200 | Batch 0000/0180 | Loss: 3.6625
Epoch: 036/200 | Batch 0050/0180 | Loss: 3.6383
Epoch: 036/200 | Batch 0100/0180 | Loss: 3.5901
Epoch: 036/200 | Batch 0150/0180 | Loss: 3.7318
MAE/RMSE/ACC: Current Valid: 3.06/3.87/11.00 Ep. 36 | Best Valid: 3.06/3.78/11.00 | Ep. 11
Time elapsed: 50.61 min
Epoch: 037/200 | Batch 0000/0180 | Loss: 3.2994
Epoch: 037/200 | Batch 0050/0180 | Loss: 3.5304
Epoch: 037/200 | Batch 0100/0180 | Loss: 3.6200
Epoch: 037/200 | Batch 0150/0180 | Loss: 3.3645
MAE/RMSE/ACC: Current Valid: 3.08/3.90/11.00 Ep. 37 | Best Valid: 3.06/3.78/11.00 | Ep. 11
Time elapsed: 52.02 min
Epoch: 038/200 | Batch 0000/0180 | Loss: 3.2259
Epoch: 038/200 | Batch 0050/0180 | Loss: 3.6385
Epoch: 038/200 | Batch 0100/0180 | Loss: 3.2386
Epoch: 038/200 | Batch 0150/0180 | Loss: 3.2517
MAE/RMSE/ACC: Current Valid: 3.08/3.91/11.00 Ep. 38 | Best Valid: 3.06/3.78/11.00 | Ep. 11
Time elapsed: 53.44 min
Epoch: 039/200 | Batch 0000/0180 | Loss: 3.4801
Epoch: 039/200 | Batch 0050/0180 | Loss: 3.6034
Epoch: 039/200 | Batch 0100/0180 | Loss: 3.2822
Epoch: 039/200 | Batch 0150/0180 | Loss: 3.5880
MAE/RMSE/ACC: Current Valid: 3.09/3.92/11.00 Ep. 39 | Best Valid: 3.06/3.78/11.00 | Ep. 11
Time elapsed: 54.85 min
Epoch: 040/200 | Batch 0000/0180 | Loss: 3.1593
Epoch: 040/200 | Batch 0050/0180 | Loss: 3.2965
Epoch: 040/200 | Batch 0100/0180 | Loss: 3.2299
Epoch: 040/200 | Batch 0150/0180 | Loss: 3.5327
MAE/RMSE/ACC: Current Valid: 3.07/3.88/11.00 Ep. 40 | Best Valid: 3.06/3.78/11.00 | Ep. 11
Time elapsed: 56.26 min
Epoch: 041/200 | Batch 0000/0180 | Loss: 3.1661
Epoch: 041/200 | Batch 0050/0180 | Loss: 3.1455
Epoch: 041/200 | Batch 0100/0180 | Loss: 3.2141
Epoch: 041/200 | Batch 0150/0180 | Loss: 3.1717
MAE/RMSE/ACC: Current Valid: 3.10/3.91/11.00 Ep. 41 | Best Valid: 3.06/3.78/11.00 | Ep. 11
Time elapsed: 57.67 min
Epoch: 042/200 | Batch 0000/0180 | Loss: 3.4155
Epoch: 042/200 | Batch 0050/0180 | Loss: 3.0689
Epoch: 042/200 | Batch 0100/0180 | Loss: 3.3599
Epoch: 042/200 | Batch 0150/0180 | Loss: 3.2713
MAE/RMSE/ACC: Current Valid: 3.05/3.87/11.00 Ep. 42 | Best Valid: 3.06/3.78/11.00 | Ep. 11
Time elapsed: 59.09 min
Epoch: 043/200 | Batch 0000/0180 | Loss: 3.0950
Epoch: 043/200 | Batch 0050/0180 | Loss: 2.9926
Epoch: 043/200 | Batch 0100/0180 | Loss: 3.2425
Epoch: 043/200 | Batch 0150/0180 | Loss: 3.1280
MAE/RMSE/ACC: Current Valid: 3.08/3.89/11.00 Ep. 43 | Best Valid: 3.06/3.78/11.00 | Ep. 11
Time elapsed: 60.50 min
Epoch: 044/200 | Batch 0000/0180 | Loss: 2.9132
Epoch: 044/200 | Batch 0050/0180 | Loss: 2.8126
Epoch: 044/200 | Batch 0100/0180 | Loss: 2.7890
Epoch: 044/200 | Batch 0150/0180 | Loss: 2.9298
MAE/RMSE/ACC: Current Valid: 3.04/3.84/11.00 Ep. 44 | Best Valid: 3.06/3.78/11.00 | Ep. 11
Time elapsed: 61.91 min
Epoch: 045/200 | Batch 0000/0180 | Loss: 3.0480
Epoch: 045/200 | Batch 0050/0180 | Loss: 2.8021
Epoch: 045/200 | Batch 0100/0180 | Loss: 2.9242
Epoch: 045/200 | Batch 0150/0180 | Loss: 3.0531
MAE/RMSE/ACC: Current Valid: 3.06/3.88/11.00 Ep. 45 | Best Valid: 3.06/3.78/11.00 | Ep. 11
Time elapsed: 63.33 min
Epoch: 046/200 | Batch 0000/0180 | Loss: 2.7058
Epoch: 046/200 | Batch 0050/0180 | Loss: 2.6629
Epoch: 046/200 | Batch 0100/0180 | Loss: 2.8240
Epoch: 046/200 | Batch 0150/0180 | Loss: 2.9051
MAE/RMSE/ACC: Current Valid: 3.01/3.80/11.00 Ep. 46 | Best Valid: 3.06/3.78/11.00 | Ep. 11
Time elapsed: 64.73 min
Epoch: 047/200 | Batch 0000/0180 | Loss: 3.0434
Epoch: 047/200 | Batch 0050/0180 | Loss: 3.1041
Epoch: 047/200 | Batch 0100/0180 | Loss: 2.9455
Epoch: 047/200 | Batch 0150/0180 | Loss: 2.8751
MAE/RMSE/ACC: Current Valid: 3.04/3.84/11.00 Ep. 47 | Best Valid: 3.06/3.78/11.00 | Ep. 11
Time elapsed: 66.15 min
Epoch: 048/200 | Batch 0000/0180 | Loss: 2.7785
Epoch: 048/200 | Batch 0050/0180 | Loss: 2.9284
Epoch: 048/200 | Batch 0100/0180 | Loss: 2.7325
Epoch: 048/200 | Batch 0150/0180 | Loss: 2.8392
MAE/RMSE/ACC: Current Valid: 3.08/3.91/11.00 Ep. 48 | Best Valid: 3.06/3.78/11.00 | Ep. 11
Time elapsed: 67.56 min
Epoch: 049/200 | Batch 0000/0180 | Loss: 2.7993
Epoch: 049/200 | Batch 0050/0180 | Loss: 2.6050
Epoch: 049/200 | Batch 0100/0180 | Loss: 2.7285
Epoch: 049/200 | Batch 0150/0180 | Loss: 2.8446
MAE/RMSE/ACC: Current Valid: 3.04/3.84/11.00 Ep. 49 | Best Valid: 3.06/3.78/11.00 | Ep. 11
Time elapsed: 68.98 min
Epoch: 050/200 | Batch 0000/0180 | Loss: 2.4025
Epoch: 050/200 | Batch 0050/0180 | Loss: 2.6242
Epoch: 050/200 | Batch 0100/0180 | Loss: 2.7676
Epoch: 050/200 | Batch 0150/0180 | Loss: 2.7047
MAE/RMSE/ACC: Current Valid: 3.01/3.81/11.00 Ep. 50 | Best Valid: 3.06/3.78/11.00 | Ep. 11
Time elapsed: 70.39 min
Epoch: 051/200 | Batch 0000/0180 | Loss: 2.6334
Epoch: 051/200 | Batch 0050/0180 | Loss: 2.6057
Epoch: 051/200 | Batch 0100/0180 | Loss: 2.5363
Epoch: 051/200 | Batch 0150/0180 | Loss: 2.5127
MAE/RMSE/ACC: Current Valid: 3.08/3.88/11.00 Ep. 51 | Best Valid: 3.06/3.78/11.00 | Ep. 11
Time elapsed: 71.81 min
Epoch: 052/200 | Batch 0000/0180 | Loss: 2.5684
Epoch: 052/200 | Batch 0050/0180 | Loss: 2.4969
Epoch: 052/200 | Batch 0100/0180 | Loss: 2.6354
Epoch: 052/200 | Batch 0150/0180 | Loss: 2.7889
MAE/RMSE/ACC: Current Valid: 3.06/3.85/11.00 Ep. 52 | Best Valid: 3.06/3.78/11.00 | Ep. 11
Time elapsed: 73.22 min
Epoch: 053/200 | Batch 0000/0180 | Loss: 2.4429
Epoch: 053/200 | Batch 0050/0180 | Loss: 2.7329
Epoch: 053/200 | Batch 0100/0180 | Loss: 2.5484
Epoch: 053/200 | Batch 0150/0180 | Loss: 2.4566
MAE/RMSE/ACC: Current Valid: 3.06/3.87/11.00 Ep. 53 | Best Valid: 3.06/3.78/11.00 | Ep. 11
Time elapsed: 74.63 min
Epoch: 054/200 | Batch 0000/0180 | Loss: 2.4356
Epoch: 054/200 | Batch 0050/0180 | Loss: 2.6615
Epoch: 054/200 | Batch 0100/0180 | Loss: 2.5472
Epoch: 054/200 | Batch 0150/0180 | Loss: 2.6502
MAE/RMSE/ACC: Current Valid: 3.04/3.86/11.00 Ep. 54 | Best Valid: 3.06/3.78/11.00 | Ep. 11
Time elapsed: 76.04 min
Epoch: 055/200 | Batch 0000/0180 | Loss: 2.3748
Epoch: 055/200 | Batch 0050/0180 | Loss: 2.5131
Epoch: 055/200 | Batch 0100/0180 | Loss: 2.4251
Epoch: 055/200 | Batch 0150/0180 | Loss: 2.4994
MAE/RMSE/ACC: Current Valid: 3.07/3.88/11.00 Ep. 55 | Best Valid: 3.06/3.78/11.00 | Ep. 11
Time elapsed: 77.45 min
Epoch: 056/200 | Batch 0000/0180 | Loss: 2.4680
Epoch: 056/200 | Batch 0050/0180 | Loss: 2.4812
Epoch: 056/200 | Batch 0100/0180 | Loss: 2.3825
Epoch: 056/200 | Batch 0150/0180 | Loss: 2.4335
MAE/RMSE/ACC: Current Valid: 3.06/3.86/11.00 Ep. 56 | Best Valid: 3.06/3.78/11.00 | Ep. 11
Time elapsed: 78.87 min
Epoch: 057/200 | Batch 0000/0180 | Loss: 2.5133
Epoch: 057/200 | Batch 0050/0180 | Loss: 2.6682
Epoch: 057/200 | Batch 0100/0180 | Loss: 2.4237
Epoch: 057/200 | Batch 0150/0180 | Loss: 2.4500
MAE/RMSE/ACC: Current Valid: 3.02/3.81/11.00 Ep. 57 | Best Valid: 3.06/3.78/11.00 | Ep. 11
Time elapsed: 80.28 min
Epoch: 058/200 | Batch 0000/0180 | Loss: 2.3198
Epoch: 058/200 | Batch 0050/0180 | Loss: 2.2692
Epoch: 058/200 | Batch 0100/0180 | Loss: 2.4530
Epoch: 058/200 | Batch 0150/0180 | Loss: 2.3157
MAE/RMSE/ACC: Current Valid: 2.99/3.78/11.54 Ep. 58 | Best Valid: 2.99/3.78/11.54 | Ep. 58
Time elapsed: 81.69 min
Epoch: 059/200 | Batch 0000/0180 | Loss: 2.2314
Epoch: 059/200 | Batch 0050/0180 | Loss: 2.3125
Epoch: 059/200 | Batch 0100/0180 | Loss: 2.3617
Epoch: 059/200 | Batch 0150/0180 | Loss: 2.1988
MAE/RMSE/ACC: Current Valid: 3.04/3.86/11.54 Ep. 59 | Best Valid: 2.99/3.78/11.54 | Ep. 58
Time elapsed: 83.10 min
Epoch: 060/200 | Batch 0000/0180 | Loss: 2.2135
Epoch: 060/200 | Batch 0050/0180 | Loss: 2.2616
Epoch: 060/200 | Batch 0100/0180 | Loss: 2.2270
Epoch: 060/200 | Batch 0150/0180 | Loss: 2.3521
MAE/RMSE/ACC: Current Valid: 3.05/3.84/11.54 Ep. 60 | Best Valid: 2.99/3.78/11.54 | Ep. 58
Time elapsed: 84.52 min
Epoch: 061/200 | Batch 0000/0180 | Loss: 2.0029
Epoch: 061/200 | Batch 0050/0180 | Loss: 2.2939
Epoch: 061/200 | Batch 0100/0180 | Loss: 2.3246
Epoch: 061/200 | Batch 0150/0180 | Loss: 2.2119
MAE/RMSE/ACC: Current Valid: 3.06/3.88/11.54 Ep. 61 | Best Valid: 2.99/3.78/11.54 | Ep. 58
Time elapsed: 85.93 min
Epoch: 062/200 | Batch 0000/0180 | Loss: 2.1010
Epoch: 062/200 | Batch 0050/0180 | Loss: 2.1841
Epoch: 062/200 | Batch 0100/0180 | Loss: 2.3671
Epoch: 062/200 | Batch 0150/0180 | Loss: 2.3523
MAE/RMSE/ACC: Current Valid: 3.01/3.80/11.54 Ep. 62 | Best Valid: 2.99/3.78/11.54 | Ep. 58
Time elapsed: 87.34 min
Epoch: 063/200 | Batch 0000/0180 | Loss: 2.1717
Epoch: 063/200 | Batch 0050/0180 | Loss: 2.0947
Epoch: 063/200 | Batch 0100/0180 | Loss: 2.1673
Epoch: 063/200 | Batch 0150/0180 | Loss: 2.2583
MAE/RMSE/ACC: Current Valid: 3.01/3.81/11.54 Ep. 63 | Best Valid: 2.99/3.78/11.54 | Ep. 58
Time elapsed: 88.75 min
Epoch: 064/200 | Batch 0000/0180 | Loss: 2.2922
Epoch: 064/200 | Batch 0050/0180 | Loss: 2.1801
Epoch: 064/200 | Batch 0100/0180 | Loss: 2.2160
Epoch: 064/200 | Batch 0150/0180 | Loss: 2.1553
MAE/RMSE/ACC: Current Valid: 3.02/3.80/11.54 Ep. 64 | Best Valid: 2.99/3.78/11.54 | Ep. 58
Time elapsed: 90.16 min
Epoch: 065/200 | Batch 0000/0180 | Loss: 2.0284
Epoch: 065/200 | Batch 0050/0180 | Loss: 2.1501
Epoch: 065/200 | Batch 0100/0180 | Loss: 1.9659
Epoch: 065/200 | Batch 0150/0180 | Loss: 2.1678
MAE/RMSE/ACC: Current Valid: 3.00/3.80/11.54 Ep. 65 | Best Valid: 2.99/3.78/11.54 | Ep. 58
Time elapsed: 91.57 min
Epoch: 066/200 | Batch 0000/0180 | Loss: 2.0891
Epoch: 066/200 | Batch 0050/0180 | Loss: 2.0275
Epoch: 066/200 | Batch 0100/0180 | Loss: 2.0740
Epoch: 066/200 | Batch 0150/0180 | Loss: 2.3179
MAE/RMSE/ACC: Current Valid: 3.06/3.87/11.54 Ep. 66 | Best Valid: 2.99/3.78/11.54 | Ep. 58
Time elapsed: 92.98 min
Epoch: 067/200 | Batch 0000/0180 | Loss: 2.0831
Epoch: 067/200 | Batch 0050/0180 | Loss: 2.1315
Epoch: 067/200 | Batch 0100/0180 | Loss: 2.0580
Epoch: 067/200 | Batch 0150/0180 | Loss: 2.1655
MAE/RMSE/ACC: Current Valid: 3.00/3.80/11.54 Ep. 67 | Best Valid: 2.99/3.78/11.54 | Ep. 58
Time elapsed: 94.39 min
Epoch: 068/200 | Batch 0000/0180 | Loss: 2.0401
Epoch: 068/200 | Batch 0050/0180 | Loss: 1.8521
Epoch: 068/200 | Batch 0100/0180 | Loss: 1.9518
Epoch: 068/200 | Batch 0150/0180 | Loss: 2.1458
MAE/RMSE/ACC: Current Valid: 3.01/3.82/11.54 Ep. 68 | Best Valid: 2.99/3.78/11.54 | Ep. 58
Time elapsed: 95.81 min
Epoch: 069/200 | Batch 0000/0180 | Loss: 1.9635
Epoch: 069/200 | Batch 0050/0180 | Loss: 2.0580
Epoch: 069/200 | Batch 0100/0180 | Loss: 2.0485
Epoch: 069/200 | Batch 0150/0180 | Loss: 1.9792
MAE/RMSE/ACC: Current Valid: 3.00/3.79/11.54 Ep. 69 | Best Valid: 2.99/3.78/11.54 | Ep. 58
Time elapsed: 97.23 min
Epoch: 070/200 | Batch 0000/0180 | Loss: 1.9456
Epoch: 070/200 | Batch 0050/0180 | Loss: 1.8955
Epoch: 070/200 | Batch 0100/0180 | Loss: 2.0650
Epoch: 070/200 | Batch 0150/0180 | Loss: 1.9231
MAE/RMSE/ACC: Current Valid: 3.04/3.85/11.54 Ep. 70 | Best Valid: 2.99/3.78/11.54 | Ep. 58
Time elapsed: 98.64 min
Epoch: 071/200 | Batch 0000/0180 | Loss: 1.8608
Epoch: 071/200 | Batch 0050/0180 | Loss: 1.8043
Epoch: 071/200 | Batch 0100/0180 | Loss: 1.8268
Epoch: 071/200 | Batch 0150/0180 | Loss: 2.0762
MAE/RMSE/ACC: Current Valid: 3.02/3.83/11.54 Ep. 71 | Best Valid: 2.99/3.78/11.54 | Ep. 58
Time elapsed: 100.06 min
Epoch: 072/200 | Batch 0000/0180 | Loss: 1.7840
Epoch: 072/200 | Batch 0050/0180 | Loss: 1.9368
Epoch: 072/200 | Batch 0100/0180 | Loss: 1.9234
Epoch: 072/200 | Batch 0150/0180 | Loss: 1.8972
MAE/RMSE/ACC: Current Valid: 3.02/3.83/11.54 Ep. 72 | Best Valid: 2.99/3.78/11.54 | Ep. 58
Time elapsed: 101.47 min
Epoch: 073/200 | Batch 0000/0180 | Loss: 1.7761
Epoch: 073/200 | Batch 0050/0180 | Loss: 1.8800
Epoch: 073/200 | Batch 0100/0180 | Loss: 1.9680
Epoch: 073/200 | Batch 0150/0180 | Loss: 2.0023
MAE/RMSE/ACC: Current Valid: 3.04/3.85/11.54 Ep. 73 | Best Valid: 2.99/3.78/11.54 | Ep. 58
Time elapsed: 102.88 min
Epoch: 074/200 | Batch 0000/0180 | Loss: 1.7081
Epoch: 074/200 | Batch 0050/0180 | Loss: 1.8896
Epoch: 074/200 | Batch 0100/0180 | Loss: 1.9423
Epoch: 074/200 | Batch 0150/0180 | Loss: 1.9019
MAE/RMSE/ACC: Current Valid: 3.02/3.84/11.54 Ep. 74 | Best Valid: 2.99/3.78/11.54 | Ep. 58
Time elapsed: 104.30 min
Epoch: 075/200 | Batch 0000/0180 | Loss: 1.9715
Epoch: 075/200 | Batch 0050/0180 | Loss: 1.7291
Epoch: 075/200 | Batch 0100/0180 | Loss: 1.8230
Epoch: 075/200 | Batch 0150/0180 | Loss: 1.9506
MAE/RMSE/ACC: Current Valid: 3.06/3.87/11.54 Ep. 75 | Best Valid: 2.99/3.78/11.54 | Ep. 58
Time elapsed: 105.71 min
Epoch: 076/200 | Batch 0000/0180 | Loss: 1.9296
Epoch: 076/200 | Batch 0050/0180 | Loss: 1.8629
Epoch: 076/200 | Batch 0100/0180 | Loss: 1.6780
Epoch: 076/200 | Batch 0150/0180 | Loss: 1.9586
MAE/RMSE/ACC: Current Valid: 3.04/3.86/11.54 Ep. 76 | Best Valid: 2.99/3.78/11.54 | Ep. 58
Time elapsed: 107.12 min
Epoch: 077/200 | Batch 0000/0180 | Loss: 1.8037
Epoch: 077/200 | Batch 0050/0180 | Loss: 1.8481
Epoch: 077/200 | Batch 0100/0180 | Loss: 2.0160
Epoch: 077/200 | Batch 0150/0180 | Loss: 1.7146
MAE/RMSE/ACC: Current Valid: 3.04/3.85/11.54 Ep. 77 | Best Valid: 2.99/3.78/11.54 | Ep. 58
Time elapsed: 108.53 min
Epoch: 078/200 | Batch 0000/0180 | Loss: 1.7855
Epoch: 078/200 | Batch 0050/0180 | Loss: 1.7926
Epoch: 078/200 | Batch 0100/0180 | Loss: 1.6915
Epoch: 078/200 | Batch 0150/0180 | Loss: 1.7908
MAE/RMSE/ACC: Current Valid: 3.02/3.82/11.54 Ep. 78 | Best Valid: 2.99/3.78/11.54 | Ep. 58
Time elapsed: 109.94 min
Epoch: 079/200 | Batch 0000/0180 | Loss: 1.6027
Epoch: 079/200 | Batch 0050/0180 | Loss: 1.7441
Epoch: 079/200 | Batch 0100/0180 | Loss: 1.8447
Epoch: 079/200 | Batch 0150/0180 | Loss: 1.8326
MAE/RMSE/ACC: Current Valid: 3.03/3.83/11.54 Ep. 79 | Best Valid: 2.99/3.78/11.54 | Ep. 58
Time elapsed: 111.36 min
Epoch: 080/200 | Batch 0000/0180 | Loss: 1.6513
Epoch: 080/200 | Batch 0050/0180 | Loss: 1.9224
Epoch: 080/200 | Batch 0100/0180 | Loss: 1.6572
Epoch: 080/200 | Batch 0150/0180 | Loss: 1.7445
MAE/RMSE/ACC: Current Valid: 3.04/3.84/11.54 Ep. 80 | Best Valid: 2.99/3.78/11.54 | Ep. 58
Time elapsed: 112.77 min
Epoch: 081/200 | Batch 0000/0180 | Loss: 1.7015
Epoch: 081/200 | Batch 0050/0180 | Loss: 1.7863
Epoch: 081/200 | Batch 0100/0180 | Loss: 1.7088
Epoch: 081/200 | Batch 0150/0180 | Loss: 1.8068
MAE/RMSE/ACC: Current Valid: 3.01/3.81/11.54 Ep. 81 | Best Valid: 2.99/3.78/11.54 | Ep. 58
Time elapsed: 114.18 min
Epoch: 082/200 | Batch 0000/0180 | Loss: 1.7174
Epoch: 082/200 | Batch 0050/0180 | Loss: 1.7312
Epoch: 082/200 | Batch 0100/0180 | Loss: 1.5065
Epoch: 082/200 | Batch 0150/0180 | Loss: 1.5566
MAE/RMSE/ACC: Current Valid: 3.01/3.83/11.54 Ep. 82 | Best Valid: 2.99/3.78/11.54 | Ep. 58
Time elapsed: 115.59 min
Epoch: 083/200 | Batch 0000/0180 | Loss: 1.5955
Epoch: 083/200 | Batch 0050/0180 | Loss: 1.6276
Epoch: 083/200 | Batch 0100/0180 | Loss: 1.7040
Epoch: 083/200 | Batch 0150/0180 | Loss: 1.7522
MAE/RMSE/ACC: Current Valid: 2.99/3.78/11.54 Ep. 83 | Best Valid: 2.99/3.78/11.54 | Ep. 58
Time elapsed: 117.00 min
Epoch: 084/200 | Batch 0000/0180 | Loss: 1.5933
Epoch: 084/200 | Batch 0050/0180 | Loss: 1.6703
Epoch: 084/200 | Batch 0100/0180 | Loss: 1.6399
Epoch: 084/200 | Batch 0150/0180 | Loss: 1.7141
MAE/RMSE/ACC: Current Valid: 3.04/3.86/11.54 Ep. 84 | Best Valid: 2.99/3.78/11.54 | Ep. 58
Time elapsed: 118.41 min
Epoch: 085/200 | Batch 0000/0180 | Loss: 2.0040
Epoch: 085/200 | Batch 0050/0180 | Loss: 1.9405
Epoch: 085/200 | Batch 0100/0180 | Loss: 1.6734
Epoch: 085/200 | Batch 0150/0180 | Loss: 1.8467
MAE/RMSE/ACC: Current Valid: 3.04/3.86/11.54 Ep. 85 | Best Valid: 2.99/3.78/11.54 | Ep. 58
Time elapsed: 119.83 min
Epoch: 086/200 | Batch 0000/0180 | Loss: 1.7111
Epoch: 086/200 | Batch 0050/0180 | Loss: 1.7160
Epoch: 086/200 | Batch 0100/0180 | Loss: 1.7097
Epoch: 086/200 | Batch 0150/0180 | Loss: 1.6008
MAE/RMSE/ACC: Current Valid: 3.04/3.87/11.54 Ep. 86 | Best Valid: 2.99/3.78/11.54 | Ep. 58
Time elapsed: 121.24 min
Epoch: 087/200 | Batch 0000/0180 | Loss: 1.6933
Epoch: 087/200 | Batch 0050/0180 | Loss: 1.5607
Epoch: 087/200 | Batch 0100/0180 | Loss: 1.5549
Epoch: 087/200 | Batch 0150/0180 | Loss: 1.6015
MAE/RMSE/ACC: Current Valid: 3.02/3.82/11.54 Ep. 87 | Best Valid: 2.99/3.78/11.54 | Ep. 58
Time elapsed: 122.66 min
Epoch: 088/200 | Batch 0000/0180 | Loss: 1.5393
Epoch: 088/200 | Batch 0050/0180 | Loss: 1.6328
Epoch: 088/200 | Batch 0100/0180 | Loss: 1.5968
Epoch: 088/200 | Batch 0150/0180 | Loss: 1.6042
MAE/RMSE/ACC: Current Valid: 3.02/3.83/11.54 Ep. 88 | Best Valid: 2.99/3.78/11.54 | Ep. 58
Time elapsed: 124.07 min
Epoch: 089/200 | Batch 0000/0180 | Loss: 1.6561
Epoch: 089/200 | Batch 0050/0180 | Loss: 1.5814
Epoch: 089/200 | Batch 0100/0180 | Loss: 1.7858
Epoch: 089/200 | Batch 0150/0180 | Loss: 1.6366
MAE/RMSE/ACC: Current Valid: 3.03/3.85/11.54 Ep. 89 | Best Valid: 2.99/3.78/11.54 | Ep. 58
Time elapsed: 125.48 min
Epoch: 090/200 | Batch 0000/0180 | Loss: 1.5124
Epoch: 090/200 | Batch 0050/0180 | Loss: 1.7119
Epoch: 090/200 | Batch 0100/0180 | Loss: 1.4779
Epoch: 090/200 | Batch 0150/0180 | Loss: 1.4827
MAE/RMSE/ACC: Current Valid: 3.06/3.89/11.54 Ep. 90 | Best Valid: 2.99/3.78/11.54 | Ep. 58
Time elapsed: 126.89 min
Epoch: 091/200 | Batch 0000/0180 | Loss: 1.6559
Epoch: 091/200 | Batch 0050/0180 | Loss: 1.7166
Epoch: 091/200 | Batch 0100/0180 | Loss: 1.5411
Epoch: 091/200 | Batch 0150/0180 | Loss: 1.5940
MAE/RMSE/ACC: Current Valid: 3.03/3.85/11.54 Ep. 91 | Best Valid: 2.99/3.78/11.54 | Ep. 58
Time elapsed: 128.30 min
Epoch: 092/200 | Batch 0000/0180 | Loss: 1.6169
Epoch: 092/200 | Batch 0050/0180 | Loss: 1.6712
Epoch: 092/200 | Batch 0100/0180 | Loss: 1.8824
Epoch: 092/200 | Batch 0150/0180 | Loss: 1.9128
MAE/RMSE/ACC: Current Valid: 3.05/3.89/11.54 Ep. 92 | Best Valid: 2.99/3.78/11.54 | Ep. 58
Time elapsed: 129.72 min
Epoch: 093/200 | Batch 0000/0180 | Loss: 1.6964
Epoch: 093/200 | Batch 0050/0180 | Loss: 1.6662
Epoch: 093/200 | Batch 0100/0180 | Loss: 1.7063
Epoch: 093/200 | Batch 0150/0180 | Loss: 1.8725
MAE/RMSE/ACC: Current Valid: 3.11/3.95/11.54 Ep. 93 | Best Valid: 2.99/3.78/11.54 | Ep. 58
Time elapsed: 131.13 min
Epoch: 094/200 | Batch 0000/0180 | Loss: 1.5881
Epoch: 094/200 | Batch 0050/0180 | Loss: 1.6541
Epoch: 094/200 | Batch 0100/0180 | Loss: 1.6043
Epoch: 094/200 | Batch 0150/0180 | Loss: 1.5037
MAE/RMSE/ACC: Current Valid: 3.10/3.93/11.54 Ep. 94 | Best Valid: 2.99/3.78/11.54 | Ep. 58
Time elapsed: 132.54 min
Epoch: 095/200 | Batch 0000/0180 | Loss: 1.5576
Epoch: 095/200 | Batch 0050/0180 | Loss: 1.4411
Epoch: 095/200 | Batch 0100/0180 | Loss: 1.4332
Epoch: 095/200 | Batch 0150/0180 | Loss: 1.5307
MAE/RMSE/ACC: Current Valid: 3.07/3.91/11.54 Ep. 95 | Best Valid: 2.99/3.78/11.54 | Ep. 58
Time elapsed: 133.95 min
Epoch: 096/200 | Batch 0000/0180 | Loss: 1.5402
Epoch: 096/200 | Batch 0050/0180 | Loss: 1.5117
Epoch: 096/200 | Batch 0100/0180 | Loss: 1.5149
Epoch: 096/200 | Batch 0150/0180 | Loss: 1.5250
MAE/RMSE/ACC: Current Valid: 3.06/3.89/11.54 Ep. 96 | Best Valid: 2.99/3.78/11.54 | Ep. 58
Time elapsed: 135.37 min
Epoch: 097/200 | Batch 0000/0180 | Loss: 1.5433
Epoch: 097/200 | Batch 0050/0180 | Loss: 1.4671
Epoch: 097/200 | Batch 0100/0180 | Loss: 1.4788
Epoch: 097/200 | Batch 0150/0180 | Loss: 1.6872
MAE/RMSE/ACC: Current Valid: 3.08/3.91/11.54 Ep. 97 | Best Valid: 2.99/3.78/11.54 | Ep. 58
Time elapsed: 136.78 min
Epoch: 098/200 | Batch 0000/0180 | Loss: 1.7751
Epoch: 098/200 | Batch 0050/0180 | Loss: 1.5060
Epoch: 098/200 | Batch 0100/0180 | Loss: 1.6362
Epoch: 098/200 | Batch 0150/0180 | Loss: 1.4646
MAE/RMSE/ACC: Current Valid: 3.08/3.92/11.54 Ep. 98 | Best Valid: 2.99/3.78/11.54 | Ep. 58
Time elapsed: 138.20 min
Epoch: 099/200 | Batch 0000/0180 | Loss: 1.4089
Epoch: 099/200 | Batch 0050/0180 | Loss: 1.3803
Epoch: 099/200 | Batch 0100/0180 | Loss: 1.5339
Epoch: 099/200 | Batch 0150/0180 | Loss: 1.4492
MAE/RMSE/ACC: Current Valid: 3.10/3.93/11.54 Ep. 99 | Best Valid: 2.99/3.78/11.54 | Ep. 58
Time elapsed: 139.62 min
Epoch: 100/200 | Batch 0000/0180 | Loss: 1.4804
Epoch: 100/200 | Batch 0050/0180 | Loss: 1.4235
Epoch: 100/200 | Batch 0100/0180 | Loss: 1.2573
Epoch: 100/200 | Batch 0150/0180 | Loss: 1.4082
MAE/RMSE/ACC: Current Valid: 3.07/3.91/11.54 Ep. 100 | Best Valid: 2.99/3.78/11.54 | Ep. 58
Time elapsed: 141.03 min
Epoch: 101/200 | Batch 0000/0180 | Loss: 1.4373
Epoch: 101/200 | Batch 0050/0180 | Loss: 1.3365
Epoch: 101/200 | Batch 0100/0180 | Loss: 1.3870
Epoch: 101/200 | Batch 0150/0180 | Loss: 1.7383
MAE/RMSE/ACC: Current Valid: 3.13/3.98/11.54 Ep. 101 | Best Valid: 2.99/3.78/11.54 | Ep. 58
Time elapsed: 142.44 min
Epoch: 102/200 | Batch 0000/0180 | Loss: 1.6918
Epoch: 102/200 | Batch 0050/0180 | Loss: 1.9251
Epoch: 102/200 | Batch 0100/0180 | Loss: 1.8122
Epoch: 102/200 | Batch 0150/0180 | Loss: 1.6770
MAE/RMSE/ACC: Current Valid: 3.11/3.95/11.54 Ep. 102 | Best Valid: 2.99/3.78/11.54 | Ep. 58
Time elapsed: 143.85 min
Epoch: 103/200 | Batch 0000/0180 | Loss: 1.9637
Epoch: 103/200 | Batch 0050/0180 | Loss: 1.8824
Epoch: 103/200 | Batch 0100/0180 | Loss: 1.5180
Epoch: 103/200 | Batch 0150/0180 | Loss: 1.6646
MAE/RMSE/ACC: Current Valid: 3.05/3.89/11.54 Ep. 103 | Best Valid: 2.99/3.78/11.54 | Ep. 58
Time elapsed: 145.27 min
Epoch: 104/200 | Batch 0000/0180 | Loss: 1.5308
Epoch: 104/200 | Batch 0050/0180 | Loss: 1.6093
Epoch: 104/200 | Batch 0100/0180 | Loss: 1.3885
Epoch: 104/200 | Batch 0150/0180 | Loss: 1.5444
MAE/RMSE/ACC: Current Valid: 3.09/3.94/11.54 Ep. 104 | Best Valid: 2.99/3.78/11.54 | Ep. 58
Time elapsed: 146.68 min
Epoch: 105/200 | Batch 0000/0180 | Loss: 1.4229
Epoch: 105/200 | Batch 0050/0180 | Loss: 1.3877
Epoch: 105/200 | Batch 0100/0180 | Loss: 1.3960
Epoch: 105/200 | Batch 0150/0180 | Loss: 1.3306
MAE/RMSE/ACC: Current Valid: 3.14/4.03/11.54 Ep. 105 | Best Valid: 2.99/3.78/11.54 | Ep. 58
Time elapsed: 148.10 min
Epoch: 106/200 | Batch 0000/0180 | Loss: 1.3589
Epoch: 106/200 | Batch 0050/0180 | Loss: 1.6318
Epoch: 106/200 | Batch 0100/0180 | Loss: 1.6190
Epoch: 106/200 | Batch 0150/0180 | Loss: 1.6895
MAE/RMSE/ACC: Current Valid: 3.09/3.95/11.54 Ep. 106 | Best Valid: 2.99/3.78/11.54 | Ep. 58
Time elapsed: 149.51 min
Epoch: 107/200 | Batch 0000/0180 | Loss: 1.4831
Epoch: 107/200 | Batch 0050/0180 | Loss: 1.4364
Epoch: 107/200 | Batch 0100/0180 | Loss: 1.6647
Epoch: 107/200 | Batch 0150/0180 | Loss: 1.6035
MAE/RMSE/ACC: Current Valid: 3.09/3.96/11.54 Ep. 107 | Best Valid: 2.99/3.78/11.54 | Ep. 58
Time elapsed: 150.93 min
Epoch: 108/200 | Batch 0000/0180 | Loss: 1.4881
Epoch: 108/200 | Batch 0050/0180 | Loss: 1.4382
Epoch: 108/200 | Batch 0100/0180 | Loss: 1.3867
Epoch: 108/200 | Batch 0150/0180 | Loss: 1.5222
MAE/RMSE/ACC: Current Valid: 3.03/3.84/11.54 Ep. 108 | Best Valid: 2.99/3.78/11.54 | Ep. 58
Time elapsed: 152.35 min
Epoch: 109/200 | Batch 0000/0180 | Loss: 1.3811
Epoch: 109/200 | Batch 0050/0180 | Loss: 1.3827
Epoch: 109/200 | Batch 0100/0180 | Loss: 1.3781
Epoch: 109/200 | Batch 0150/0180 | Loss: 1.3589
MAE/RMSE/ACC: Current Valid: 3.06/3.89/11.54 Ep. 109 | Best Valid: 2.99/3.78/11.54 | Ep. 58
Time elapsed: 153.76 min
Epoch: 110/200 | Batch 0000/0180 | Loss: 1.4329
Epoch: 110/200 | Batch 0050/0180 | Loss: 1.4709
Epoch: 110/200 | Batch 0100/0180 | Loss: 1.4285
Epoch: 110/200 | Batch 0150/0180 | Loss: 1.4086
MAE/RMSE/ACC: Current Valid: 3.10/3.96/11.54 Ep. 110 | Best Valid: 2.99/3.78/11.54 | Ep. 58
Time elapsed: 155.17 min
Epoch: 111/200 | Batch 0000/0180 | Loss: 1.4648
Epoch: 111/200 | Batch 0050/0180 | Loss: 1.4165
Epoch: 111/200 | Batch 0100/0180 | Loss: 1.6032
Epoch: 111/200 | Batch 0150/0180 | Loss: 1.6104
MAE/RMSE/ACC: Current Valid: 3.10/3.96/11.54 Ep. 111 | Best Valid: 2.99/3.78/11.54 | Ep. 58
Time elapsed: 156.58 min
Epoch: 112/200 | Batch 0000/0180 | Loss: 1.4861
Epoch: 112/200 | Batch 0050/0180 | Loss: 1.5194
Epoch: 112/200 | Batch 0100/0180 | Loss: 1.3993
Epoch: 112/200 | Batch 0150/0180 | Loss: 1.6509
MAE/RMSE/ACC: Current Valid: 3.11/3.95/11.54 Ep. 112 | Best Valid: 2.99/3.78/11.54 | Ep. 58
Time elapsed: 158.00 min
Epoch: 113/200 | Batch 0000/0180 | Loss: 1.5912
Epoch: 113/200 | Batch 0050/0180 | Loss: 1.5140
Epoch: 113/200 | Batch 0100/0180 | Loss: 1.4794
Epoch: 113/200 | Batch 0150/0180 | Loss: 1.5697
MAE/RMSE/ACC: Current Valid: 3.10/3.94/11.54 Ep. 113 | Best Valid: 2.99/3.78/11.54 | Ep. 58
Time elapsed: 159.41 min
Epoch: 114/200 | Batch 0000/0180 | Loss: 1.4709
Epoch: 114/200 | Batch 0050/0180 | Loss: 1.5137
Epoch: 114/200 | Batch 0100/0180 | Loss: 1.5238
Epoch: 114/200 | Batch 0150/0180 | Loss: 1.6869
MAE/RMSE/ACC: Current Valid: 3.09/3.94/11.54 Ep. 114 | Best Valid: 2.99/3.78/11.54 | Ep. 58
Time elapsed: 160.82 min
Epoch: 115/200 | Batch 0000/0180 | Loss: 1.3442
Epoch: 115/200 | Batch 0050/0180 | Loss: 1.6315
Epoch: 115/200 | Batch 0100/0180 | Loss: 1.3614
Epoch: 115/200 | Batch 0150/0180 | Loss: 1.2555
MAE/RMSE/ACC: Current Valid: 3.10/3.96/11.54 Ep. 115 | Best Valid: 2.99/3.78/11.54 | Ep. 58
Time elapsed: 162.23 min
Epoch: 116/200 | Batch 0000/0180 | Loss: 1.2880
Epoch: 116/200 | Batch 0050/0180 | Loss: 1.1954
Epoch: 116/200 | Batch 0100/0180 | Loss: 1.3672
Epoch: 116/200 | Batch 0150/0180 | Loss: 1.3052
MAE/RMSE/ACC: Current Valid: 3.13/3.98/11.54 Ep. 116 | Best Valid: 2.99/3.78/11.54 | Ep. 58
Time elapsed: 163.65 min
Epoch: 117/200 | Batch 0000/0180 | Loss: 1.2297
Epoch: 117/200 | Batch 0050/0180 | Loss: 1.2711
Epoch: 117/200 | Batch 0100/0180 | Loss: 1.5395
Epoch: 117/200 | Batch 0150/0180 | Loss: 1.6646
MAE/RMSE/ACC: Current Valid: 3.11/3.96/11.54 Ep. 117 | Best Valid: 2.99/3.78/11.54 | Ep. 58
Time elapsed: 165.06 min
Epoch: 118/200 | Batch 0000/0180 | Loss: 1.3580
Epoch: 118/200 | Batch 0050/0180 | Loss: 1.3089
Epoch: 118/200 | Batch 0100/0180 | Loss: 1.3254
Epoch: 118/200 | Batch 0150/0180 | Loss: 1.3113
MAE/RMSE/ACC: Current Valid: 3.09/3.94/11.54 Ep. 118 | Best Valid: 2.99/3.78/11.54 | Ep. 58
Time elapsed: 166.47 min
Epoch: 119/200 | Batch 0000/0180 | Loss: 1.3457
Epoch: 119/200 | Batch 0050/0180 | Loss: 1.4358
Epoch: 119/200 | Batch 0100/0180 | Loss: 1.3097
Epoch: 119/200 | Batch 0150/0180 | Loss: 1.2955
MAE/RMSE/ACC: Current Valid: 3.14/4.00/11.54 Ep. 119 | Best Valid: 2.99/3.78/11.54 | Ep. 58
Time elapsed: 167.89 min
Epoch: 120/200 | Batch 0000/0180 | Loss: 1.2788
Epoch: 120/200 | Batch 0050/0180 | Loss: 1.7808
Epoch: 120/200 | Batch 0100/0180 | Loss: 1.6302
Epoch: 120/200 | Batch 0150/0180 | Loss: 1.6152
MAE/RMSE/ACC: Current Valid: 3.06/3.88/11.54 Ep. 120 | Best Valid: 2.99/3.78/11.54 | Ep. 58
Time elapsed: 169.30 min
Epoch: 121/200 | Batch 0000/0180 | Loss: 1.4430
Epoch: 121/200 | Batch 0050/0180 | Loss: 1.5215
Epoch: 121/200 | Batch 0100/0180 | Loss: 1.4015
Epoch: 121/200 | Batch 0150/0180 | Loss: 1.4364
MAE/RMSE/ACC: Current Valid: 3.11/3.95/11.54 Ep. 121 | Best Valid: 2.99/3.78/11.54 | Ep. 58
Time elapsed: 170.71 min
Epoch: 122/200 | Batch 0000/0180 | Loss: 1.4107
Epoch: 122/200 | Batch 0050/0180 | Loss: 1.2706
Epoch: 122/200 | Batch 0100/0180 | Loss: 1.2430
Epoch: 122/200 | Batch 0150/0180 | Loss: 1.3953
MAE/RMSE/ACC: Current Valid: 3.11/3.95/11.54 Ep. 122 | Best Valid: 2.99/3.78/11.54 | Ep. 58
Time elapsed: 172.13 min
Epoch: 123/200 | Batch 0000/0180 | Loss: 1.5420
Epoch: 123/200 | Batch 0050/0180 | Loss: 1.4951
Epoch: 123/200 | Batch 0100/0180 | Loss: 1.5589
Epoch: 123/200 | Batch 0150/0180 | Loss: 1.5579
MAE/RMSE/ACC: Current Valid: 3.07/3.90/11.54 Ep. 123 | Best Valid: 2.99/3.78/11.54 | Ep. 58
Time elapsed: 173.55 min
Epoch: 124/200 | Batch 0000/0180 | Loss: 1.3308
Epoch: 124/200 | Batch 0050/0180 | Loss: 1.2647
Epoch: 124/200 | Batch 0100/0180 | Loss: 1.3205
Epoch: 124/200 | Batch 0150/0180 | Loss: 1.1733
MAE/RMSE/ACC: Current Valid: 3.07/3.90/11.54 Ep. 124 | Best Valid: 2.99/3.78/11.54 | Ep. 58
Time elapsed: 174.96 min
Epoch: 125/200 | Batch 0000/0180 | Loss: 1.1236
Epoch: 125/200 | Batch 0050/0180 | Loss: 1.1414
Epoch: 125/200 | Batch 0100/0180 | Loss: 1.2307
Epoch: 125/200 | Batch 0150/0180 | Loss: 1.3464
MAE/RMSE/ACC: Current Valid: 3.13/3.98/11.54 Ep. 125 | Best Valid: 2.99/3.78/11.54 | Ep. 58
Time elapsed: 176.38 min
Epoch: 126/200 | Batch 0000/0180 | Loss: 1.4735
Epoch: 126/200 | Batch 0050/0180 | Loss: 1.3771
Epoch: 126/200 | Batch 0100/0180 | Loss: 1.2613
Epoch: 126/200 | Batch 0150/0180 | Loss: 1.2004
MAE/RMSE/ACC: Current Valid: 3.12/3.97/11.54 Ep. 126 | Best Valid: 2.99/3.78/11.54 | Ep. 58
Time elapsed: 177.79 min
Epoch: 127/200 | Batch 0000/0180 | Loss: 1.2398
Epoch: 127/200 | Batch 0050/0180 | Loss: 1.0995
Epoch: 127/200 | Batch 0100/0180 | Loss: 1.2303
Epoch: 127/200 | Batch 0150/0180 | Loss: 1.2412
MAE/RMSE/ACC: Current Valid: 3.10/3.95/11.54 Ep. 127 | Best Valid: 2.99/3.78/11.54 | Ep. 58
Time elapsed: 179.20 min
Epoch: 128/200 | Batch 0000/0180 | Loss: 1.3477
Epoch: 128/200 | Batch 0050/0180 | Loss: 1.2163
Epoch: 128/200 | Batch 0100/0180 | Loss: 1.4853
Epoch: 128/200 | Batch 0150/0180 | Loss: 1.2774
MAE/RMSE/ACC: Current Valid: 3.11/3.98/11.54 Ep. 128 | Best Valid: 2.99/3.78/11.54 | Ep. 58
Time elapsed: 180.62 min
Epoch: 129/200 | Batch 0000/0180 | Loss: 1.2438
Epoch: 129/200 | Batch 0050/0180 | Loss: 1.3739
Epoch: 129/200 | Batch 0100/0180 | Loss: 1.2618
Epoch: 129/200 | Batch 0150/0180 | Loss: 1.1852
MAE/RMSE/ACC: Current Valid: 3.13/4.00/11.54 Ep. 129 | Best Valid: 2.99/3.78/11.54 | Ep. 58
Time elapsed: 182.03 min
Epoch: 130/200 | Batch 0000/0180 | Loss: 1.2834
Epoch: 130/200 | Batch 0050/0180 | Loss: 1.5644
Epoch: 130/200 | Batch 0100/0180 | Loss: 1.2727
Epoch: 130/200 | Batch 0150/0180 | Loss: 1.5397
MAE/RMSE/ACC: Current Valid: 3.12/3.97/11.54 Ep. 130 | Best Valid: 2.99/3.78/11.54 | Ep. 58
Time elapsed: 183.44 min
Epoch: 131/200 | Batch 0000/0180 | Loss: 1.2514
Epoch: 131/200 | Batch 0050/0180 | Loss: 1.3710
Epoch: 131/200 | Batch 0100/0180 | Loss: 1.6626
Epoch: 131/200 | Batch 0150/0180 | Loss: 1.4935
MAE/RMSE/ACC: Current Valid: 3.11/3.96/11.54 Ep. 131 | Best Valid: 2.99/3.78/11.54 | Ep. 58
Time elapsed: 184.86 min
Epoch: 132/200 | Batch 0000/0180 | Loss: 1.3090
Epoch: 132/200 | Batch 0050/0180 | Loss: 1.2566
Epoch: 132/200 | Batch 0100/0180 | Loss: 1.1529
Epoch: 132/200 | Batch 0150/0180 | Loss: 1.5720
MAE/RMSE/ACC: Current Valid: 3.11/3.96/11.54 Ep. 132 | Best Valid: 2.99/3.78/11.54 | Ep. 58
Time elapsed: 186.27 min
Epoch: 133/200 | Batch 0000/0180 | Loss: 1.1647
Epoch: 133/200 | Batch 0050/0180 | Loss: 1.2715
Epoch: 133/200 | Batch 0100/0180 | Loss: 1.9586
Epoch: 133/200 | Batch 0150/0180 | Loss: 1.9004
MAE/RMSE/ACC: Current Valid: 3.14/4.00/11.54 Ep. 133 | Best Valid: 2.99/3.78/11.54 | Ep. 58
Time elapsed: 187.68 min
Epoch: 134/200 | Batch 0000/0180 | Loss: 1.6562
Epoch: 134/200 | Batch 0050/0180 | Loss: 1.5648
Epoch: 134/200 | Batch 0100/0180 | Loss: 1.6201
Epoch: 134/200 | Batch 0150/0180 | Loss: 1.4566
MAE/RMSE/ACC: Current Valid: 3.12/3.99/11.54 Ep. 134 | Best Valid: 2.99/3.78/11.54 | Ep. 58
Time elapsed: 189.09 min
Epoch: 135/200 | Batch 0000/0180 | Loss: 1.4003
Epoch: 135/200 | Batch 0050/0180 | Loss: 1.3950
Epoch: 135/200 | Batch 0100/0180 | Loss: 1.1489
Epoch: 135/200 | Batch 0150/0180 | Loss: 1.1529
MAE/RMSE/ACC: Current Valid: 3.14/3.99/11.54 Ep. 135 | Best Valid: 2.99/3.78/11.54 | Ep. 58
Time elapsed: 190.51 min
Epoch: 136/200 | Batch 0000/0180 | Loss: 1.1314
Epoch: 136/200 | Batch 0050/0180 | Loss: 1.2795
Epoch: 136/200 | Batch 0100/0180 | Loss: 1.5168
Epoch: 136/200 | Batch 0150/0180 | Loss: 1.2860
MAE/RMSE/ACC: Current Valid: 3.11/3.98/11.54 Ep. 136 | Best Valid: 2.99/3.78/11.54 | Ep. 58
Time elapsed: 191.93 min
Epoch: 137/200 | Batch 0000/0180 | Loss: 1.2706
Epoch: 137/200 | Batch 0050/0180 | Loss: 1.2070
Epoch: 137/200 | Batch 0100/0180 | Loss: 1.1923
Epoch: 137/200 | Batch 0150/0180 | Loss: 1.2472
MAE/RMSE/ACC: Current Valid: 3.08/3.91/11.54 Ep. 137 | Best Valid: 2.99/3.78/11.54 | Ep. 58
Time elapsed: 193.34 min
Epoch: 138/200 | Batch 0000/0180 | Loss: 1.1465
Epoch: 138/200 | Batch 0050/0180 | Loss: 1.1213
Epoch: 138/200 | Batch 0100/0180 | Loss: 1.3789
Epoch: 138/200 | Batch 0150/0180 | Loss: 1.6657
MAE/RMSE/ACC: Current Valid: 3.09/3.94/11.54 Ep. 138 | Best Valid: 2.99/3.78/11.54 | Ep. 58
Time elapsed: 194.76 min
Epoch: 139/200 | Batch 0000/0180 | Loss: 1.2800
Epoch: 139/200 | Batch 0050/0180 | Loss: 1.2468
Epoch: 139/200 | Batch 0100/0180 | Loss: 1.5623
Epoch: 139/200 | Batch 0150/0180 | Loss: 1.3068
MAE/RMSE/ACC: Current Valid: 3.13/3.99/11.54 Ep. 139 | Best Valid: 2.99/3.78/11.54 | Ep. 58
Time elapsed: 196.17 min
Epoch: 140/200 | Batch 0000/0180 | Loss: 1.1704
Epoch: 140/200 | Batch 0050/0180 | Loss: 1.1238
Epoch: 140/200 | Batch 0100/0180 | Loss: 1.1690
Epoch: 140/200 | Batch 0150/0180 | Loss: 0.9685
MAE/RMSE/ACC: Current Valid: 3.06/3.91/11.54 Ep. 140 | Best Valid: 2.99/3.78/11.54 | Ep. 58
Time elapsed: 197.59 min
Epoch: 141/200 | Batch 0000/0180 | Loss: 1.0023
Epoch: 141/200 | Batch 0050/0180 | Loss: 1.1564
Epoch: 141/200 | Batch 0100/0180 | Loss: 1.1611
Epoch: 141/200 | Batch 0150/0180 | Loss: 1.0187
MAE/RMSE/ACC: Current Valid: 3.12/3.98/11.54 Ep. 141 | Best Valid: 2.99/3.78/11.54 | Ep. 58
Time elapsed: 199.00 min
Epoch: 142/200 | Batch 0000/0180 | Loss: 1.1614
Epoch: 142/200 | Batch 0050/0180 | Loss: 1.3805
Epoch: 142/200 | Batch 0100/0180 | Loss: 1.1044
Epoch: 142/200 | Batch 0150/0180 | Loss: 1.1425
MAE/RMSE/ACC: Current Valid: 3.09/3.93/11.54 Ep. 142 | Best Valid: 2.99/3.78/11.54 | Ep. 58
Time elapsed: 200.41 min
Epoch: 143/200 | Batch 0000/0180 | Loss: 1.2577
Epoch: 143/200 | Batch 0050/0180 | Loss: 1.1904
Epoch: 143/200 | Batch 0100/0180 | Loss: 1.1730
Epoch: 143/200 | Batch 0150/0180 | Loss: 1.1532
MAE/RMSE/ACC: Current Valid: 3.12/4.00/11.54 Ep. 143 | Best Valid: 2.99/3.78/11.54 | Ep. 58
Time elapsed: 201.83 min
Epoch: 144/200 | Batch 0000/0180 | Loss: 1.1547
Epoch: 144/200 | Batch 0050/0180 | Loss: 1.3128
Epoch: 144/200 | Batch 0100/0180 | Loss: 1.6997
Epoch: 144/200 | Batch 0150/0180 | Loss: 1.3885
MAE/RMSE/ACC: Current Valid: 3.14/3.97/11.54 Ep. 144 | Best Valid: 2.99/3.78/11.54 | Ep. 58
Time elapsed: 203.24 min
Epoch: 145/200 | Batch 0000/0180 | Loss: 1.6886
Epoch: 145/200 | Batch 0050/0180 | Loss: 1.4439
Epoch: 145/200 | Batch 0100/0180 | Loss: 1.2545
Epoch: 145/200 | Batch 0150/0180 | Loss: 1.4871
MAE/RMSE/ACC: Current Valid: 3.08/3.93/11.54 Ep. 145 | Best Valid: 2.99/3.78/11.54 | Ep. 58
Time elapsed: 204.66 min
Epoch: 146/200 | Batch 0000/0180 | Loss: 1.5366
Epoch: 146/200 | Batch 0050/0180 | Loss: 1.3737
Epoch: 146/200 | Batch 0100/0180 | Loss: 1.2549
Epoch: 146/200 | Batch 0150/0180 | Loss: 1.3490
MAE/RMSE/ACC: Current Valid: 3.16/4.03/11.54 Ep. 146 | Best Valid: 2.99/3.78/11.54 | Ep. 58
Time elapsed: 206.08 min
Epoch: 147/200 | Batch 0000/0180 | Loss: 1.3115
Epoch: 147/200 | Batch 0050/0180 | Loss: 1.3894
Epoch: 147/200 | Batch 0100/0180 | Loss: 2.0598
Epoch: 147/200 | Batch 0150/0180 | Loss: 1.5269
MAE/RMSE/ACC: Current Valid: 3.11/3.96/11.54 Ep. 147 | Best Valid: 2.99/3.78/11.54 | Ep. 58
Time elapsed: 207.49 min
Epoch: 148/200 | Batch 0000/0180 | Loss: 1.1698
Epoch: 148/200 | Batch 0050/0180 | Loss: 1.1384
Epoch: 148/200 | Batch 0100/0180 | Loss: 1.1152
Epoch: 148/200 | Batch 0150/0180 | Loss: 1.1045
MAE/RMSE/ACC: Current Valid: 3.13/4.01/11.54 Ep. 148 | Best Valid: 2.99/3.78/11.54 | Ep. 58
Time elapsed: 208.91 min
Epoch: 149/200 | Batch 0000/0180 | Loss: 1.2303
Epoch: 149/200 | Batch 0050/0180 | Loss: 1.2804
Epoch: 149/200 | Batch 0100/0180 | Loss: 1.1542
Epoch: 149/200 | Batch 0150/0180 | Loss: 1.0895
MAE/RMSE/ACC: Current Valid: 3.10/3.94/11.54 Ep. 149 | Best Valid: 2.99/3.78/11.54 | Ep. 58
Time elapsed: 210.32 min
Epoch: 150/200 | Batch 0000/0180 | Loss: 1.3309
Epoch: 150/200 | Batch 0050/0180 | Loss: 1.2531
Epoch: 150/200 | Batch 0100/0180 | Loss: 1.1401
Epoch: 150/200 | Batch 0150/0180 | Loss: 1.1511
MAE/RMSE/ACC: Current Valid: 3.12/3.99/11.54 Ep. 150 | Best Valid: 2.99/3.78/11.54 | Ep. 58
Time elapsed: 211.73 min
Epoch: 151/200 | Batch 0000/0180 | Loss: 1.1891
Epoch: 151/200 | Batch 0050/0180 | Loss: 1.1803
Epoch: 151/200 | Batch 0100/0180 | Loss: 1.1526
Epoch: 151/200 | Batch 0150/0180 | Loss: 1.1434
MAE/RMSE/ACC: Current Valid: 3.10/3.96/11.54 Ep. 151 | Best Valid: 2.99/3.78/11.54 | Ep. 58
Time elapsed: 213.15 min
Epoch: 152/200 | Batch 0000/0180 | Loss: 0.9497
Epoch: 152/200 | Batch 0050/0180 | Loss: 1.0114
Epoch: 152/200 | Batch 0100/0180 | Loss: 0.9416
Epoch: 152/200 | Batch 0150/0180 | Loss: 1.1355
MAE/RMSE/ACC: Current Valid: 3.14/4.00/11.54 Ep. 152 | Best Valid: 2.99/3.78/11.54 | Ep. 58
Time elapsed: 214.56 min
Epoch: 153/200 | Batch 0000/0180 | Loss: 1.1206
Epoch: 153/200 | Batch 0050/0180 | Loss: 1.0659
Epoch: 153/200 | Batch 0100/0180 | Loss: 1.0680
Epoch: 153/200 | Batch 0150/0180 | Loss: 1.2653
MAE/RMSE/ACC: Current Valid: 3.14/4.02/11.54 Ep. 153 | Best Valid: 2.99/3.78/11.54 | Ep. 58
Time elapsed: 215.97 min
Epoch: 154/200 | Batch 0000/0180 | Loss: 1.2106
Epoch: 154/200 | Batch 0050/0180 | Loss: 1.1103
Epoch: 154/200 | Batch 0100/0180 | Loss: 1.3826
Epoch: 154/200 | Batch 0150/0180 | Loss: 1.1292
MAE/RMSE/ACC: Current Valid: 3.10/3.95/11.54 Ep. 154 | Best Valid: 2.99/3.78/11.54 | Ep. 58
Time elapsed: 217.39 min
Epoch: 155/200 | Batch 0000/0180 | Loss: 1.0078
Epoch: 155/200 | Batch 0050/0180 | Loss: 1.2051
Epoch: 155/200 | Batch 0100/0180 | Loss: 1.1084
Epoch: 155/200 | Batch 0150/0180 | Loss: 1.2239
MAE/RMSE/ACC: Current Valid: 3.18/4.07/11.54 Ep. 155 | Best Valid: 2.99/3.78/11.54 | Ep. 58
Time elapsed: 218.80 min
Epoch: 156/200 | Batch 0000/0180 | Loss: 1.4061
Epoch: 156/200 | Batch 0050/0180 | Loss: 1.4852
Epoch: 156/200 | Batch 0100/0180 | Loss: 1.2013
Epoch: 156/200 | Batch 0150/0180 | Loss: 1.1471
MAE/RMSE/ACC: Current Valid: 3.12/3.99/11.54 Ep. 156 | Best Valid: 2.99/3.78/11.54 | Ep. 58
Time elapsed: 220.22 min
Epoch: 157/200 | Batch 0000/0180 | Loss: 1.0329
Epoch: 157/200 | Batch 0050/0180 | Loss: 1.1092
Epoch: 157/200 | Batch 0100/0180 | Loss: 1.1158
Epoch: 157/200 | Batch 0150/0180 | Loss: 1.1396
MAE/RMSE/ACC: Current Valid: 3.10/3.96/11.54 Ep. 157 | Best Valid: 2.99/3.78/11.54 | Ep. 58
Time elapsed: 221.63 min
Epoch: 158/200 | Batch 0000/0180 | Loss: 1.3642
Epoch: 158/200 | Batch 0050/0180 | Loss: 1.5863
Epoch: 158/200 | Batch 0100/0180 | Loss: 1.2597
Epoch: 158/200 | Batch 0150/0180 | Loss: 1.1483
MAE/RMSE/ACC: Current Valid: 3.14/4.01/11.54 Ep. 158 | Best Valid: 2.99/3.78/11.54 | Ep. 58
Time elapsed: 223.04 min
Epoch: 159/200 | Batch 0000/0180 | Loss: 1.2422
Epoch: 159/200 | Batch 0050/0180 | Loss: 1.1604
Epoch: 159/200 | Batch 0100/0180 | Loss: 1.3398
Epoch: 159/200 | Batch 0150/0180 | Loss: 1.6125
MAE/RMSE/ACC: Current Valid: 3.16/4.04/11.54 Ep. 159 | Best Valid: 2.99/3.78/11.54 | Ep. 58
Time elapsed: 224.46 min
Epoch: 160/200 | Batch 0000/0180 | Loss: 1.6929
Epoch: 160/200 | Batch 0050/0180 | Loss: 1.2729
Epoch: 160/200 | Batch 0100/0180 | Loss: 1.6186
Epoch: 160/200 | Batch 0150/0180 | Loss: 1.1046
MAE/RMSE/ACC: Current Valid: 3.10/3.95/11.54 Ep. 160 | Best Valid: 2.99/3.78/11.54 | Ep. 58
Time elapsed: 225.87 min
Epoch: 161/200 | Batch 0000/0180 | Loss: 1.1425
Epoch: 161/200 | Batch 0050/0180 | Loss: 1.4598
Epoch: 161/200 | Batch 0100/0180 | Loss: 1.2526
Epoch: 161/200 | Batch 0150/0180 | Loss: 1.4411
MAE/RMSE/ACC: Current Valid: 3.11/3.97/11.54 Ep. 161 | Best Valid: 2.99/3.78/11.54 | Ep. 58
Time elapsed: 227.28 min
Epoch: 162/200 | Batch 0000/0180 | Loss: 1.2109
Epoch: 162/200 | Batch 0050/0180 | Loss: 1.3531
Epoch: 162/200 | Batch 0100/0180 | Loss: 1.1638
Epoch: 162/200 | Batch 0150/0180 | Loss: 1.0652
MAE/RMSE/ACC: Current Valid: 3.15/4.00/11.54 Ep. 162 | Best Valid: 2.99/3.78/11.54 | Ep. 58
Time elapsed: 228.70 min
Epoch: 163/200 | Batch 0000/0180 | Loss: 1.0429
Epoch: 163/200 | Batch 0050/0180 | Loss: 1.1140
Epoch: 163/200 | Batch 0100/0180 | Loss: 1.0837
Epoch: 163/200 | Batch 0150/0180 | Loss: 1.1779
MAE/RMSE/ACC: Current Valid: 3.12/3.97/11.54 Ep. 163 | Best Valid: 2.99/3.78/11.54 | Ep. 58
Time elapsed: 230.11 min
Epoch: 164/200 | Batch 0000/0180 | Loss: 1.5354
Epoch: 164/200 | Batch 0050/0180 | Loss: 1.1967
Epoch: 164/200 | Batch 0100/0180 | Loss: 1.0975
Epoch: 164/200 | Batch 0150/0180 | Loss: 1.0599
MAE/RMSE/ACC: Current Valid: 3.12/3.98/11.54 Ep. 164 | Best Valid: 2.99/3.78/11.54 | Ep. 58
Time elapsed: 231.52 min
Epoch: 165/200 | Batch 0000/0180 | Loss: 1.1275
Epoch: 165/200 | Batch 0050/0180 | Loss: 1.2502
Epoch: 165/200 | Batch 0100/0180 | Loss: 1.2875
Epoch: 165/200 | Batch 0150/0180 | Loss: 1.3499
MAE/RMSE/ACC: Current Valid: 3.12/3.98/11.54 Ep. 165 | Best Valid: 2.99/3.78/11.54 | Ep. 58
Time elapsed: 232.94 min
Epoch: 166/200 | Batch 0000/0180 | Loss: 1.1774
Epoch: 166/200 | Batch 0050/0180 | Loss: 1.2629
Epoch: 166/200 | Batch 0100/0180 | Loss: 1.6120
Epoch: 166/200 | Batch 0150/0180 | Loss: 1.3629
MAE/RMSE/ACC: Current Valid: 3.13/3.99/11.54 Ep. 166 | Best Valid: 2.99/3.78/11.54 | Ep. 58
Time elapsed: 234.35 min
Epoch: 167/200 | Batch 0000/0180 | Loss: 1.1218
Epoch: 167/200 | Batch 0050/0180 | Loss: 1.4022
Epoch: 167/200 | Batch 0100/0180 | Loss: 1.0020
Epoch: 167/200 | Batch 0150/0180 | Loss: 1.3380
MAE/RMSE/ACC: Current Valid: 3.11/3.97/11.54 Ep. 167 | Best Valid: 2.99/3.78/11.54 | Ep. 58
Time elapsed: 235.76 min
Epoch: 168/200 | Batch 0000/0180 | Loss: 1.0964
Epoch: 168/200 | Batch 0050/0180 | Loss: 1.1342
Epoch: 168/200 | Batch 0100/0180 | Loss: 1.1439
Epoch: 168/200 | Batch 0150/0180 | Loss: 1.0592
MAE/RMSE/ACC: Current Valid: 3.14/4.00/11.54 Ep. 168 | Best Valid: 2.99/3.78/11.54 | Ep. 58
Time elapsed: 237.18 min
Epoch: 169/200 | Batch 0000/0180 | Loss: 1.1009
Epoch: 169/200 | Batch 0050/0180 | Loss: 1.2249
Epoch: 169/200 | Batch 0100/0180 | Loss: 1.1644
Epoch: 169/200 | Batch 0150/0180 | Loss: 0.9490
MAE/RMSE/ACC: Current Valid: 3.10/3.96/11.54 Ep. 169 | Best Valid: 2.99/3.78/11.54 | Ep. 58
Time elapsed: 238.59 min
Epoch: 170/200 | Batch 0000/0180 | Loss: 1.0242
Epoch: 170/200 | Batch 0050/0180 | Loss: 1.0253
Epoch: 170/200 | Batch 0100/0180 | Loss: 0.8883
Epoch: 170/200 | Batch 0150/0180 | Loss: 0.9289
MAE/RMSE/ACC: Current Valid: 3.12/3.99/11.54 Ep. 170 | Best Valid: 2.99/3.78/11.54 | Ep. 58
Time elapsed: 240.00 min
Epoch: 171/200 | Batch 0000/0180 | Loss: 1.1875
Epoch: 171/200 | Batch 0050/0180 | Loss: 1.1254
Epoch: 171/200 | Batch 0100/0180 | Loss: 1.0160
Epoch: 171/200 | Batch 0150/0180 | Loss: 0.9897
MAE/RMSE/ACC: Current Valid: 3.11/3.96/11.54 Ep. 171 | Best Valid: 2.99/3.78/11.54 | Ep. 58
Time elapsed: 241.41 min
Epoch: 172/200 | Batch 0000/0180 | Loss: 0.9974
Epoch: 172/200 | Batch 0050/0180 | Loss: 0.9397
Epoch: 172/200 | Batch 0100/0180 | Loss: 0.9061
Epoch: 172/200 | Batch 0150/0180 | Loss: 0.9162
MAE/RMSE/ACC: Current Valid: 3.10/3.97/11.54 Ep. 172 | Best Valid: 2.99/3.78/11.54 | Ep. 58
Time elapsed: 242.83 min
Epoch: 173/200 | Batch 0000/0180 | Loss: 0.9200
Epoch: 173/200 | Batch 0050/0180 | Loss: 1.3124
Epoch: 173/200 | Batch 0100/0180 | Loss: 1.0924
Epoch: 173/200 | Batch 0150/0180 | Loss: 1.0780
MAE/RMSE/ACC: Current Valid: 3.13/3.99/11.54 Ep. 173 | Best Valid: 2.99/3.78/11.54 | Ep. 58
Time elapsed: 244.24 min
Epoch: 174/200 | Batch 0000/0180 | Loss: 0.9363
Epoch: 174/200 | Batch 0050/0180 | Loss: 1.0217
Epoch: 174/200 | Batch 0100/0180 | Loss: 1.4290
Epoch: 174/200 | Batch 0150/0180 | Loss: 1.2790
MAE/RMSE/ACC: Current Valid: 3.17/4.04/11.54 Ep. 174 | Best Valid: 2.99/3.78/11.54 | Ep. 58
Time elapsed: 245.65 min
Epoch: 175/200 | Batch 0000/0180 | Loss: 1.4172
Epoch: 175/200 | Batch 0050/0180 | Loss: 1.6688
Epoch: 175/200 | Batch 0100/0180 | Loss: 1.0813
Epoch: 175/200 | Batch 0150/0180 | Loss: 1.0809
MAE/RMSE/ACC: Current Valid: 3.11/3.98/11.54 Ep. 175 | Best Valid: 2.99/3.78/11.54 | Ep. 58
Time elapsed: 247.06 min
Epoch: 176/200 | Batch 0000/0180 | Loss: 1.2520
Epoch: 176/200 | Batch 0050/0180 | Loss: 1.0529
Epoch: 176/200 | Batch 0100/0180 | Loss: 1.1515
Epoch: 176/200 | Batch 0150/0180 | Loss: 1.1597
MAE/RMSE/ACC: Current Valid: 3.08/3.92/11.54 Ep. 176 | Best Valid: 2.99/3.78/11.54 | Ep. 58
Time elapsed: 248.48 min
Epoch: 177/200 | Batch 0000/0180 | Loss: 1.1535
Epoch: 177/200 | Batch 0050/0180 | Loss: 1.4607
Epoch: 177/200 | Batch 0100/0180 | Loss: 1.5083
Epoch: 177/200 | Batch 0150/0180 | Loss: 1.1365
MAE/RMSE/ACC: Current Valid: 3.11/3.98/11.54 Ep. 177 | Best Valid: 2.99/3.78/11.54 | Ep. 58
Time elapsed: 249.89 min
Epoch: 178/200 | Batch 0000/0180 | Loss: 1.1217
Epoch: 178/200 | Batch 0050/0180 | Loss: 1.2170
Epoch: 178/200 | Batch 0100/0180 | Loss: 1.2465
Epoch: 178/200 | Batch 0150/0180 | Loss: 1.2798
MAE/RMSE/ACC: Current Valid: 3.11/3.96/11.54 Ep. 178 | Best Valid: 2.99/3.78/11.54 | Ep. 58
Time elapsed: 251.31 min
Epoch: 179/200 | Batch 0000/0180 | Loss: 1.2324
Epoch: 179/200 | Batch 0050/0180 | Loss: 1.0773
Epoch: 179/200 | Batch 0100/0180 | Loss: 1.0501
Epoch: 179/200 | Batch 0150/0180 | Loss: 1.1272
MAE/RMSE/ACC: Current Valid: 3.14/4.01/11.54 Ep. 179 | Best Valid: 2.99/3.78/11.54 | Ep. 58
Time elapsed: 252.72 min
Epoch: 180/200 | Batch 0000/0180 | Loss: 1.1010
Epoch: 180/200 | Batch 0050/0180 | Loss: 1.0525
Epoch: 180/200 | Batch 0100/0180 | Loss: 1.1568
Epoch: 180/200 | Batch 0150/0180 | Loss: 1.5857
MAE/RMSE/ACC: Current Valid: 3.10/3.95/11.54 Ep. 180 | Best Valid: 2.99/3.78/11.54 | Ep. 58
Time elapsed: 254.14 min
Epoch: 181/200 | Batch 0000/0180 | Loss: 1.2146
Epoch: 181/200 | Batch 0050/0180 | Loss: 1.2145
Epoch: 181/200 | Batch 0100/0180 | Loss: 1.0415
Epoch: 181/200 | Batch 0150/0180 | Loss: 1.1612
MAE/RMSE/ACC: Current Valid: 3.08/3.95/11.54 Ep. 181 | Best Valid: 2.99/3.78/11.54 | Ep. 58
Time elapsed: 255.55 min
Epoch: 182/200 | Batch 0000/0180 | Loss: 1.1359
Epoch: 182/200 | Batch 0050/0180 | Loss: 0.9806
Epoch: 182/200 | Batch 0100/0180 | Loss: 1.0723
Epoch: 182/200 | Batch 0150/0180 | Loss: 1.0409
MAE/RMSE/ACC: Current Valid: 3.09/3.94/11.54 Ep. 182 | Best Valid: 2.99/3.78/11.54 | Ep. 58
Time elapsed: 256.97 min
Epoch: 183/200 | Batch 0000/0180 | Loss: 1.0912
Epoch: 183/200 | Batch 0050/0180 | Loss: 1.3493
Epoch: 183/200 | Batch 0100/0180 | Loss: 1.4922
Epoch: 183/200 | Batch 0150/0180 | Loss: 1.3026
MAE/RMSE/ACC: Current Valid: 3.11/3.96/11.54 Ep. 183 | Best Valid: 2.99/3.78/11.54 | Ep. 58
Time elapsed: 258.38 min
Epoch: 184/200 | Batch 0000/0180 | Loss: 1.1009
Epoch: 184/200 | Batch 0050/0180 | Loss: 1.5862
Epoch: 184/200 | Batch 0100/0180 | Loss: 0.9769
Epoch: 184/200 | Batch 0150/0180 | Loss: 1.2972
MAE/RMSE/ACC: Current Valid: 3.07/3.90/11.54 Ep. 184 | Best Valid: 2.99/3.78/11.54 | Ep. 58
Time elapsed: 259.79 min
Epoch: 185/200 | Batch 0000/0180 | Loss: 1.3536
Epoch: 185/200 | Batch 0050/0180 | Loss: 0.8662
Epoch: 185/200 | Batch 0100/0180 | Loss: 1.0698
Epoch: 185/200 | Batch 0150/0180 | Loss: 1.0273
MAE/RMSE/ACC: Current Valid: 3.11/3.96/11.54 Ep. 185 | Best Valid: 2.99/3.78/11.54 | Ep. 58
Time elapsed: 261.21 min
Epoch: 186/200 | Batch 0000/0180 | Loss: 1.0547
Epoch: 186/200 | Batch 0050/0180 | Loss: 0.8799
Epoch: 186/200 | Batch 0100/0180 | Loss: 1.0432
Epoch: 186/200 | Batch 0150/0180 | Loss: 1.0213
MAE/RMSE/ACC: Current Valid: 3.10/3.95/11.54 Ep. 186 | Best Valid: 2.99/3.78/11.54 | Ep. 58
Time elapsed: 262.62 min
Epoch: 187/200 | Batch 0000/0180 | Loss: 1.3772
Epoch: 187/200 | Batch 0050/0180 | Loss: 1.0011
Epoch: 187/200 | Batch 0100/0180 | Loss: 0.8981
Epoch: 187/200 | Batch 0150/0180 | Loss: 1.1262
MAE/RMSE/ACC: Current Valid: 3.10/3.95/11.54 Ep. 187 | Best Valid: 2.99/3.78/11.54 | Ep. 58
Time elapsed: 264.03 min
Epoch: 188/200 | Batch 0000/0180 | Loss: 0.9064
Epoch: 188/200 | Batch 0050/0180 | Loss: 1.0230
Epoch: 188/200 | Batch 0100/0180 | Loss: 1.3141
Epoch: 188/200 | Batch 0150/0180 | Loss: 0.9703
MAE/RMSE/ACC: Current Valid: 3.14/3.99/11.54 Ep. 188 | Best Valid: 2.99/3.78/11.54 | Ep. 58
Time elapsed: 265.44 min
Epoch: 189/200 | Batch 0000/0180 | Loss: 0.9200
Epoch: 189/200 | Batch 0050/0180 | Loss: 0.9386
Epoch: 189/200 | Batch 0100/0180 | Loss: 0.9863
Epoch: 189/200 | Batch 0150/0180 | Loss: 0.9251
MAE/RMSE/ACC: Current Valid: 3.13/4.01/11.54 Ep. 189 | Best Valid: 2.99/3.78/11.54 | Ep. 58
Time elapsed: 266.84 min
Epoch: 190/200 | Batch 0000/0180 | Loss: 0.9143
Epoch: 190/200 | Batch 0050/0180 | Loss: 1.1053
Epoch: 190/200 | Batch 0100/0180 | Loss: 0.8872
Epoch: 190/200 | Batch 0150/0180 | Loss: 0.9837
MAE/RMSE/ACC: Current Valid: 3.13/4.00/11.54 Ep. 190 | Best Valid: 2.99/3.78/11.54 | Ep. 58
Time elapsed: 268.22 min
Epoch: 191/200 | Batch 0000/0180 | Loss: 0.9792
Epoch: 191/200 | Batch 0050/0180 | Loss: 1.5510
Epoch: 191/200 | Batch 0100/0180 | Loss: 1.1531
Epoch: 191/200 | Batch 0150/0180 | Loss: 1.3836
MAE/RMSE/ACC: Current Valid: 3.09/3.94/11.54 Ep. 191 | Best Valid: 2.99/3.78/11.54 | Ep. 58
Time elapsed: 269.58 min
Epoch: 192/200 | Batch 0000/0180 | Loss: 1.1841
Epoch: 192/200 | Batch 0050/0180 | Loss: 1.0819
Epoch: 192/200 | Batch 0100/0180 | Loss: 1.2152
Epoch: 192/200 | Batch 0150/0180 | Loss: 1.4960
MAE/RMSE/ACC: Current Valid: 3.19/4.08/11.54 Ep. 192 | Best Valid: 2.99/3.78/11.54 | Ep. 58
Time elapsed: 270.95 min
Epoch: 193/200 | Batch 0000/0180 | Loss: 0.9721
Epoch: 193/200 | Batch 0050/0180 | Loss: 1.4221
Epoch: 193/200 | Batch 0100/0180 | Loss: 2.1661
Epoch: 193/200 | Batch 0150/0180 | Loss: 1.4192
MAE/RMSE/ACC: Current Valid: 3.11/3.97/11.54 Ep. 193 | Best Valid: 2.99/3.78/11.54 | Ep. 58
Time elapsed: 272.31 min
Epoch: 194/200 | Batch 0000/0180 | Loss: 1.1351
Epoch: 194/200 | Batch 0050/0180 | Loss: 1.1784
Epoch: 194/200 | Batch 0100/0180 | Loss: 1.1904
Epoch: 194/200 | Batch 0150/0180 | Loss: 1.0050
MAE/RMSE/ACC: Current Valid: 3.12/4.00/11.54 Ep. 194 | Best Valid: 2.99/3.78/11.54 | Ep. 58
Time elapsed: 273.67 min
Epoch: 195/200 | Batch 0000/0180 | Loss: 1.0982
Epoch: 195/200 | Batch 0050/0180 | Loss: 0.9922
Epoch: 195/200 | Batch 0100/0180 | Loss: 1.1200
Epoch: 195/200 | Batch 0150/0180 | Loss: 0.9673
MAE/RMSE/ACC: Current Valid: 3.15/4.01/11.54 Ep. 195 | Best Valid: 2.99/3.78/11.54 | Ep. 58
Time elapsed: 275.04 min
Epoch: 196/200 | Batch 0000/0180 | Loss: 0.8902
Epoch: 196/200 | Batch 0050/0180 | Loss: 0.9729
Epoch: 196/200 | Batch 0100/0180 | Loss: 1.1623
Epoch: 196/200 | Batch 0150/0180 | Loss: 1.2526
MAE/RMSE/ACC: Current Valid: 3.10/3.97/11.54 Ep. 196 | Best Valid: 2.99/3.78/11.54 | Ep. 58
Time elapsed: 276.41 min
Epoch: 197/200 | Batch 0000/0180 | Loss: 1.0143
Epoch: 197/200 | Batch 0050/0180 | Loss: 0.9884
Epoch: 197/200 | Batch 0100/0180 | Loss: 1.0907
Epoch: 197/200 | Batch 0150/0180 | Loss: 0.9410
MAE/RMSE/ACC: Current Valid: 3.12/3.98/11.54 Ep. 197 | Best Valid: 2.99/3.78/11.54 | Ep. 58
Time elapsed: 277.77 min
Epoch: 198/200 | Batch 0000/0180 | Loss: 1.0310
Epoch: 198/200 | Batch 0050/0180 | Loss: 0.9293
Epoch: 198/200 | Batch 0100/0180 | Loss: 0.9823
Epoch: 198/200 | Batch 0150/0180 | Loss: 1.0334
MAE/RMSE/ACC: Current Valid: 3.10/3.94/11.54 Ep. 198 | Best Valid: 2.99/3.78/11.54 | Ep. 58
Time elapsed: 279.14 min
Epoch: 199/200 | Batch 0000/0180 | Loss: 1.1278
Epoch: 199/200 | Batch 0050/0180 | Loss: 0.9388
Epoch: 199/200 | Batch 0100/0180 | Loss: 0.8610
Epoch: 199/200 | Batch 0150/0180 | Loss: 1.1039
MAE/RMSE/ACC: Current Valid: 3.11/3.99/11.54 Ep. 199 | Best Valid: 2.99/3.78/11.54 | Ep. 58
Time elapsed: 280.50 min
Epoch: 200/200 | Batch 0000/0180 | Loss: 1.0621
Epoch: 200/200 | Batch 0050/0180 | Loss: 0.8680
Epoch: 200/200 | Batch 0100/0180 | Loss: 1.1338
Epoch: 200/200 | Batch 0150/0180 | Loss: 1.2522
MAE/RMSE/ACC: Current Valid: 3.15/4.03/11.54 Ep. 200 | Best Valid: 2.99/3.78/11.54 | Ep. 58
Time elapsed: 281.87 min
MAE/RMSE: | Train: 0.39/0.77 | Valid: 3.15/4.03 | Test: 3.17/4.06
ACC: | Train: 66.45 | Valid: 11.14 | Test: 10.79
Total Running Time: 283.92 min
MAE/RMSE: | Best Train: 0.91/1.33 | Best Valid: 2.99/3.78 | Best Test: 3.00/3.78
ACC: | Best Train: 38.66 | Best Valid: 11.54 | Best Test: 10.46
Total Running Time: 285.97 min
