This script: rnn_xentr.py
PyTorch Version: 1.10.1
CUDA device: cuda:3
CUDA version: 11.3
Random seed: 3
Learning rate: 0.0001
Epochs: 200
Batch size: 64
Output path: runs/coursera/rnn_xentr-imp0-seed3-epochs200-learningrate0.0001-batchsize64_best-rmse
Epoch: 001/200 | Batch 0000/0125 | Loss: 1.6165
Epoch: 001/200 | Batch 0050/0125 | Loss: 1.6006
Epoch: 001/200 | Batch 0100/0125 | Loss: 1.6897
MAE/RMSE/ACC: Current Valid: 1.64/2.11/25.67 Ep. 1 | Best Valid: 1.64/2.11/25.67 | Ep. 1
Time elapsed: 0.07 min
Epoch: 002/200 | Batch 0000/0125 | Loss: 1.5518
Epoch: 002/200 | Batch 0050/0125 | Loss: 1.5725
Epoch: 002/200 | Batch 0100/0125 | Loss: 1.3804
MAE/RMSE/ACC: Current Valid: 1.45/1.91/27.64 Ep. 2 | Best Valid: 1.45/1.91/27.64 | Ep. 2
Time elapsed: 0.08 min
Epoch: 003/200 | Batch 0000/0125 | Loss: 1.5804
Epoch: 003/200 | Batch 0050/0125 | Loss: 1.5981
Epoch: 003/200 | Batch 0100/0125 | Loss: 1.5152
MAE/RMSE/ACC: Current Valid: 1.44/1.93/31.15 Ep. 3 | Best Valid: 1.44/1.93/31.15 | Ep. 3
Time elapsed: 0.10 min
Epoch: 004/200 | Batch 0000/0125 | Loss: 1.4464
Epoch: 004/200 | Batch 0050/0125 | Loss: 1.4650
Epoch: 004/200 | Batch 0100/0125 | Loss: 1.4011
MAE/RMSE/ACC: Current Valid: 1.41/1.92/33.97 Ep. 4 | Best Valid: 1.41/1.92/33.97 | Ep. 4
Time elapsed: 0.11 min
Epoch: 005/200 | Batch 0000/0125 | Loss: 1.4943
Epoch: 005/200 | Batch 0050/0125 | Loss: 1.4182
Epoch: 005/200 | Batch 0100/0125 | Loss: 1.2963
MAE/RMSE/ACC: Current Valid: 1.31/1.77/35.16 Ep. 5 | Best Valid: 1.31/1.77/35.16 | Ep. 5
Time elapsed: 0.13 min
Epoch: 006/200 | Batch 0000/0125 | Loss: 1.3310
Epoch: 006/200 | Batch 0050/0125 | Loss: 1.3290
Epoch: 006/200 | Batch 0100/0125 | Loss: 1.3556
MAE/RMSE/ACC: Current Valid: 1.40/1.94/35.16 Ep. 6 | Best Valid: 1.31/1.77/35.16 | Ep. 5
Time elapsed: 0.14 min
Epoch: 007/200 | Batch 0000/0125 | Loss: 1.2268
Epoch: 007/200 | Batch 0050/0125 | Loss: 1.3968
Epoch: 007/200 | Batch 0100/0125 | Loss: 1.3051
MAE/RMSE/ACC: Current Valid: 1.37/1.88/35.16 Ep. 7 | Best Valid: 1.31/1.77/35.16 | Ep. 5
Time elapsed: 0.16 min
Epoch: 008/200 | Batch 0000/0125 | Loss: 1.4452
Epoch: 008/200 | Batch 0050/0125 | Loss: 1.4370
Epoch: 008/200 | Batch 0100/0125 | Loss: 1.2505
MAE/RMSE/ACC: Current Valid: 1.39/1.91/35.16 Ep. 8 | Best Valid: 1.31/1.77/35.16 | Ep. 5
Time elapsed: 0.17 min
Epoch: 009/200 | Batch 0000/0125 | Loss: 1.3220
Epoch: 009/200 | Batch 0050/0125 | Loss: 1.3142
Epoch: 009/200 | Batch 0100/0125 | Loss: 1.3249
MAE/RMSE/ACC: Current Valid: 1.31/1.84/35.16 Ep. 9 | Best Valid: 1.31/1.77/35.16 | Ep. 5
Time elapsed: 0.19 min
Epoch: 010/200 | Batch 0000/0125 | Loss: 1.2069
Epoch: 010/200 | Batch 0050/0125 | Loss: 1.1710
Epoch: 010/200 | Batch 0100/0125 | Loss: 1.1970
MAE/RMSE/ACC: Current Valid: 1.36/1.91/35.16 Ep. 10 | Best Valid: 1.31/1.77/35.16 | Ep. 5
Time elapsed: 0.20 min
Epoch: 011/200 | Batch 0000/0125 | Loss: 1.2422
Epoch: 011/200 | Batch 0050/0125 | Loss: 1.2209
Epoch: 011/200 | Batch 0100/0125 | Loss: 1.4355
MAE/RMSE/ACC: Current Valid: 1.32/1.84/35.16 Ep. 11 | Best Valid: 1.31/1.77/35.16 | Ep. 5
Time elapsed: 0.21 min
Epoch: 012/200 | Batch 0000/0125 | Loss: 1.2384
Epoch: 012/200 | Batch 0050/0125 | Loss: 1.1665
Epoch: 012/200 | Batch 0100/0125 | Loss: 1.2433
MAE/RMSE/ACC: Current Valid: 1.37/1.92/35.16 Ep. 12 | Best Valid: 1.31/1.77/35.16 | Ep. 5
Time elapsed: 0.23 min
Epoch: 013/200 | Batch 0000/0125 | Loss: 1.1118
Epoch: 013/200 | Batch 0050/0125 | Loss: 1.2835
Epoch: 013/200 | Batch 0100/0125 | Loss: 1.2316
MAE/RMSE/ACC: Current Valid: 1.36/1.89/35.16 Ep. 13 | Best Valid: 1.31/1.77/35.16 | Ep. 5
Time elapsed: 0.24 min
Epoch: 014/200 | Batch 0000/0125 | Loss: 1.1260
Epoch: 014/200 | Batch 0050/0125 | Loss: 1.3353
Epoch: 014/200 | Batch 0100/0125 | Loss: 1.2925
MAE/RMSE/ACC: Current Valid: 1.31/1.88/35.16 Ep. 14 | Best Valid: 1.31/1.77/35.16 | Ep. 5
Time elapsed: 0.26 min
Epoch: 015/200 | Batch 0000/0125 | Loss: 1.2237
Epoch: 015/200 | Batch 0050/0125 | Loss: 1.1892
Epoch: 015/200 | Batch 0100/0125 | Loss: 1.1508
MAE/RMSE/ACC: Current Valid: 1.30/1.86/40.65 Ep. 15 | Best Valid: 1.30/1.86/40.65 | Ep. 15
Time elapsed: 0.27 min
Epoch: 016/200 | Batch 0000/0125 | Loss: 1.0607
Epoch: 016/200 | Batch 0050/0125 | Loss: 1.1795
Epoch: 016/200 | Batch 0100/0125 | Loss: 1.1243
MAE/RMSE/ACC: Current Valid: 1.23/1.76/41.28 Ep. 16 | Best Valid: 1.23/1.76/41.28 | Ep. 16
Time elapsed: 0.28 min
Epoch: 017/200 | Batch 0000/0125 | Loss: 1.2524
Epoch: 017/200 | Batch 0050/0125 | Loss: 1.2055
Epoch: 017/200 | Batch 0100/0125 | Loss: 1.0583
MAE/RMSE/ACC: Current Valid: 1.29/1.87/41.28 Ep. 17 | Best Valid: 1.23/1.76/41.28 | Ep. 16
Time elapsed: 0.30 min
Epoch: 018/200 | Batch 0000/0125 | Loss: 1.1609
Epoch: 018/200 | Batch 0050/0125 | Loss: 1.1174
Epoch: 018/200 | Batch 0100/0125 | Loss: 1.1873
MAE/RMSE/ACC: Current Valid: 1.26/1.85/41.28 Ep. 18 | Best Valid: 1.23/1.76/41.28 | Ep. 16
Time elapsed: 0.31 min
Epoch: 019/200 | Batch 0000/0125 | Loss: 1.1729
Epoch: 019/200 | Batch 0050/0125 | Loss: 0.9563
Epoch: 019/200 | Batch 0100/0125 | Loss: 1.1716
MAE/RMSE/ACC: Current Valid: 1.27/1.87/41.28 Ep. 19 | Best Valid: 1.23/1.76/41.28 | Ep. 16
Time elapsed: 0.33 min
Epoch: 020/200 | Batch 0000/0125 | Loss: 1.1447
Epoch: 020/200 | Batch 0050/0125 | Loss: 1.1444
Epoch: 020/200 | Batch 0100/0125 | Loss: 1.0052
MAE/RMSE/ACC: Current Valid: 1.24/1.81/41.28 Ep. 20 | Best Valid: 1.23/1.76/41.28 | Ep. 16
Time elapsed: 0.34 min
Epoch: 021/200 | Batch 0000/0125 | Loss: 1.0682
Epoch: 021/200 | Batch 0050/0125 | Loss: 1.0675
Epoch: 021/200 | Batch 0100/0125 | Loss: 1.0252
MAE/RMSE/ACC: Current Valid: 1.24/1.82/41.28 Ep. 21 | Best Valid: 1.23/1.76/41.28 | Ep. 16
Time elapsed: 0.35 min
Epoch: 022/200 | Batch 0000/0125 | Loss: 1.0650
Epoch: 022/200 | Batch 0050/0125 | Loss: 1.3204
Epoch: 022/200 | Batch 0100/0125 | Loss: 0.9503
MAE/RMSE/ACC: Current Valid: 1.24/1.83/41.28 Ep. 22 | Best Valid: 1.23/1.76/41.28 | Ep. 16
Time elapsed: 0.37 min
Epoch: 023/200 | Batch 0000/0125 | Loss: 1.0464
Epoch: 023/200 | Batch 0050/0125 | Loss: 1.1537
Epoch: 023/200 | Batch 0100/0125 | Loss: 1.1630
MAE/RMSE/ACC: Current Valid: 1.21/1.78/44.44 Ep. 23 | Best Valid: 1.21/1.78/44.44 | Ep. 23
Time elapsed: 0.38 min
Epoch: 024/200 | Batch 0000/0125 | Loss: 1.1612
Epoch: 024/200 | Batch 0050/0125 | Loss: 0.8829
Epoch: 024/200 | Batch 0100/0125 | Loss: 1.0205
MAE/RMSE/ACC: Current Valid: 1.31/1.90/44.44 Ep. 24 | Best Valid: 1.21/1.78/44.44 | Ep. 23
Time elapsed: 0.40 min
Epoch: 025/200 | Batch 0000/0125 | Loss: 1.0522
Epoch: 025/200 | Batch 0050/0125 | Loss: 0.8467
Epoch: 025/200 | Batch 0100/0125 | Loss: 1.0885
MAE/RMSE/ACC: Current Valid: 1.27/1.87/44.44 Ep. 25 | Best Valid: 1.21/1.78/44.44 | Ep. 23
Time elapsed: 0.41 min
Epoch: 026/200 | Batch 0000/0125 | Loss: 1.1235
Epoch: 026/200 | Batch 0050/0125 | Loss: 0.9627
Epoch: 026/200 | Batch 0100/0125 | Loss: 1.2681
MAE/RMSE/ACC: Current Valid: 1.18/1.78/47.19 Ep. 26 | Best Valid: 1.18/1.78/47.19 | Ep. 26
Time elapsed: 0.43 min
Epoch: 027/200 | Batch 0000/0125 | Loss: 0.9832
Epoch: 027/200 | Batch 0050/0125 | Loss: 0.8527
Epoch: 027/200 | Batch 0100/0125 | Loss: 1.1120
MAE/RMSE/ACC: Current Valid: 1.25/1.86/47.19 Ep. 27 | Best Valid: 1.18/1.78/47.19 | Ep. 26
Time elapsed: 0.44 min
Epoch: 028/200 | Batch 0000/0125 | Loss: 0.9183
Epoch: 028/200 | Batch 0050/0125 | Loss: 1.0356
Epoch: 028/200 | Batch 0100/0125 | Loss: 0.9527
MAE/RMSE/ACC: Current Valid: 1.20/1.80/47.19 Ep. 28 | Best Valid: 1.18/1.78/47.19 | Ep. 26
Time elapsed: 0.45 min
Epoch: 029/200 | Batch 0000/0125 | Loss: 0.8811
Epoch: 029/200 | Batch 0050/0125 | Loss: 1.1714
Epoch: 029/200 | Batch 0100/0125 | Loss: 0.9699
MAE/RMSE/ACC: Current Valid: 1.24/1.85/47.19 Ep. 29 | Best Valid: 1.18/1.78/47.19 | Ep. 26
Time elapsed: 0.47 min
Epoch: 030/200 | Batch 0000/0125 | Loss: 0.8392
Epoch: 030/200 | Batch 0050/0125 | Loss: 0.8524
Epoch: 030/200 | Batch 0100/0125 | Loss: 0.8184
MAE/RMSE/ACC: Current Valid: 1.22/1.84/47.19 Ep. 30 | Best Valid: 1.18/1.78/47.19 | Ep. 26
Time elapsed: 0.48 min
Epoch: 031/200 | Batch 0000/0125 | Loss: 0.9440
Epoch: 031/200 | Batch 0050/0125 | Loss: 0.8271
Epoch: 031/200 | Batch 0100/0125 | Loss: 1.1667
MAE/RMSE/ACC: Current Valid: 1.18/1.78/47.19 Ep. 31 | Best Valid: 1.18/1.78/47.19 | Ep. 26
Time elapsed: 0.50 min
Epoch: 032/200 | Batch 0000/0125 | Loss: 0.8748
Epoch: 032/200 | Batch 0050/0125 | Loss: 1.1277
Epoch: 032/200 | Batch 0100/0125 | Loss: 0.7551
MAE/RMSE/ACC: Current Valid: 1.19/1.81/47.19 Ep. 32 | Best Valid: 1.18/1.78/47.19 | Ep. 26
Time elapsed: 0.51 min
Epoch: 033/200 | Batch 0000/0125 | Loss: 1.0249
Epoch: 033/200 | Batch 0050/0125 | Loss: 0.6574
Epoch: 033/200 | Batch 0100/0125 | Loss: 1.0178
MAE/RMSE/ACC: Current Valid: 1.18/1.76/47.19 Ep. 33 | Best Valid: 1.18/1.78/47.19 | Ep. 26
Time elapsed: 0.52 min
Epoch: 034/200 | Batch 0000/0125 | Loss: 0.8590
Epoch: 034/200 | Batch 0050/0125 | Loss: 0.6912
Epoch: 034/200 | Batch 0100/0125 | Loss: 1.0756
MAE/RMSE/ACC: Current Valid: 1.25/1.86/47.19 Ep. 34 | Best Valid: 1.18/1.78/47.19 | Ep. 26
Time elapsed: 0.54 min
Epoch: 035/200 | Batch 0000/0125 | Loss: 0.8160
Epoch: 035/200 | Batch 0050/0125 | Loss: 0.9757
Epoch: 035/200 | Batch 0100/0125 | Loss: 0.8156
MAE/RMSE/ACC: Current Valid: 1.21/1.81/47.19 Ep. 35 | Best Valid: 1.18/1.78/47.19 | Ep. 26
Time elapsed: 0.55 min
Epoch: 036/200 | Batch 0000/0125 | Loss: 0.7779
Epoch: 036/200 | Batch 0050/0125 | Loss: 0.7810
Epoch: 036/200 | Batch 0100/0125 | Loss: 0.8682
MAE/RMSE/ACC: Current Valid: 1.25/1.85/47.19 Ep. 36 | Best Valid: 1.18/1.78/47.19 | Ep. 26
Time elapsed: 0.57 min
Epoch: 037/200 | Batch 0000/0125 | Loss: 0.8519
Epoch: 037/200 | Batch 0050/0125 | Loss: 0.9921
Epoch: 037/200 | Batch 0100/0125 | Loss: 0.7039
MAE/RMSE/ACC: Current Valid: 1.27/1.89/47.19 Ep. 37 | Best Valid: 1.18/1.78/47.19 | Ep. 26
Time elapsed: 0.58 min
Epoch: 038/200 | Batch 0000/0125 | Loss: 0.7577
Epoch: 038/200 | Batch 0050/0125 | Loss: 0.7814
Epoch: 038/200 | Batch 0100/0125 | Loss: 0.9147
MAE/RMSE/ACC: Current Valid: 1.20/1.79/47.19 Ep. 38 | Best Valid: 1.18/1.78/47.19 | Ep. 26
Time elapsed: 0.59 min
Epoch: 039/200 | Batch 0000/0125 | Loss: 0.7945
Epoch: 039/200 | Batch 0050/0125 | Loss: 0.8083
Epoch: 039/200 | Batch 0100/0125 | Loss: 0.8812
MAE/RMSE/ACC: Current Valid: 1.41/2.00/47.19 Ep. 39 | Best Valid: 1.18/1.78/47.19 | Ep. 26
Time elapsed: 0.61 min
Epoch: 040/200 | Batch 0000/0125 | Loss: 1.1284
Epoch: 040/200 | Batch 0050/0125 | Loss: 0.9066
Epoch: 040/200 | Batch 0100/0125 | Loss: 0.7315
MAE/RMSE/ACC: Current Valid: 1.20/1.80/47.19 Ep. 40 | Best Valid: 1.18/1.78/47.19 | Ep. 26
Time elapsed: 0.62 min
Epoch: 041/200 | Batch 0000/0125 | Loss: 0.7863
Epoch: 041/200 | Batch 0050/0125 | Loss: 0.8174
Epoch: 041/200 | Batch 0100/0125 | Loss: 0.7625
MAE/RMSE/ACC: Current Valid: 1.17/1.76/46.62 Ep. 41 | Best Valid: 1.17/1.76/46.62 | Ep. 41
Time elapsed: 0.64 min
Epoch: 042/200 | Batch 0000/0125 | Loss: 0.5067
Epoch: 042/200 | Batch 0050/0125 | Loss: 0.9602
Epoch: 042/200 | Batch 0100/0125 | Loss: 0.6485
MAE/RMSE/ACC: Current Valid: 1.23/1.85/46.62 Ep. 42 | Best Valid: 1.17/1.76/46.62 | Ep. 41
Time elapsed: 0.65 min
Epoch: 043/200 | Batch 0000/0125 | Loss: 0.7228
Epoch: 043/200 | Batch 0050/0125 | Loss: 1.4591
Epoch: 043/200 | Batch 0100/0125 | Loss: 1.1771
MAE/RMSE/ACC: Current Valid: 1.23/1.83/46.62 Ep. 43 | Best Valid: 1.17/1.76/46.62 | Ep. 41
Time elapsed: 0.67 min
Epoch: 044/200 | Batch 0000/0125 | Loss: 0.5716
Epoch: 044/200 | Batch 0050/0125 | Loss: 0.6495
Epoch: 044/200 | Batch 0100/0125 | Loss: 0.6864
MAE/RMSE/ACC: Current Valid: 1.19/1.80/46.62 Ep. 44 | Best Valid: 1.17/1.76/46.62 | Ep. 41
Time elapsed: 0.68 min
Epoch: 045/200 | Batch 0000/0125 | Loss: 0.6672
Epoch: 045/200 | Batch 0050/0125 | Loss: 1.1102
Epoch: 045/200 | Batch 0100/0125 | Loss: 0.5268
MAE/RMSE/ACC: Current Valid: 1.18/1.78/46.62 Ep. 45 | Best Valid: 1.17/1.76/46.62 | Ep. 41
Time elapsed: 0.69 min
Epoch: 046/200 | Batch 0000/0125 | Loss: 1.2431
Epoch: 046/200 | Batch 0050/0125 | Loss: 0.4964
Epoch: 046/200 | Batch 0100/0125 | Loss: 0.6990
MAE/RMSE/ACC: Current Valid: 1.21/1.82/46.62 Ep. 46 | Best Valid: 1.17/1.76/46.62 | Ep. 41
Time elapsed: 0.71 min
Epoch: 047/200 | Batch 0000/0125 | Loss: 0.7190
Epoch: 047/200 | Batch 0050/0125 | Loss: 1.1511
Epoch: 047/200 | Batch 0100/0125 | Loss: 1.0546
MAE/RMSE/ACC: Current Valid: 1.24/1.85/46.62 Ep. 47 | Best Valid: 1.17/1.76/46.62 | Ep. 41
Time elapsed: 0.72 min
Epoch: 048/200 | Batch 0000/0125 | Loss: 0.8068
Epoch: 048/200 | Batch 0050/0125 | Loss: 0.6154
Epoch: 048/200 | Batch 0100/0125 | Loss: 1.4636
MAE/RMSE/ACC: Current Valid: 1.18/1.78/46.62 Ep. 48 | Best Valid: 1.17/1.76/46.62 | Ep. 41
Time elapsed: 0.74 min
Epoch: 049/200 | Batch 0000/0125 | Loss: 0.6955
Epoch: 049/200 | Batch 0050/0125 | Loss: 0.6142
Epoch: 049/200 | Batch 0100/0125 | Loss: 0.5956
MAE/RMSE/ACC: Current Valid: 1.20/1.80/46.62 Ep. 49 | Best Valid: 1.17/1.76/46.62 | Ep. 41
Time elapsed: 0.75 min
Epoch: 050/200 | Batch 0000/0125 | Loss: 0.6635
Epoch: 050/200 | Batch 0050/0125 | Loss: 1.4135
Epoch: 050/200 | Batch 0100/0125 | Loss: 0.5209
MAE/RMSE/ACC: Current Valid: 1.19/1.80/46.62 Ep. 50 | Best Valid: 1.17/1.76/46.62 | Ep. 41
Time elapsed: 0.76 min
Epoch: 051/200 | Batch 0000/0125 | Loss: 0.4812
Epoch: 051/200 | Batch 0050/0125 | Loss: 1.4014
Epoch: 051/200 | Batch 0100/0125 | Loss: 0.8204
MAE/RMSE/ACC: Current Valid: 1.20/1.80/46.62 Ep. 51 | Best Valid: 1.17/1.76/46.62 | Ep. 41
Time elapsed: 0.78 min
Epoch: 052/200 | Batch 0000/0125 | Loss: 0.5648
Epoch: 052/200 | Batch 0050/0125 | Loss: 0.5563
Epoch: 052/200 | Batch 0100/0125 | Loss: 1.0147
MAE/RMSE/ACC: Current Valid: 1.19/1.79/46.62 Ep. 52 | Best Valid: 1.17/1.76/46.62 | Ep. 41
Time elapsed: 0.79 min
Epoch: 053/200 | Batch 0000/0125 | Loss: 1.0574
Epoch: 053/200 | Batch 0050/0125 | Loss: 0.9740
Epoch: 053/200 | Batch 0100/0125 | Loss: 0.5383
MAE/RMSE/ACC: Current Valid: 1.19/1.79/46.62 Ep. 53 | Best Valid: 1.17/1.76/46.62 | Ep. 41
Time elapsed: 0.81 min
Epoch: 054/200 | Batch 0000/0125 | Loss: 0.6704
Epoch: 054/200 | Batch 0050/0125 | Loss: 0.7542
Epoch: 054/200 | Batch 0100/0125 | Loss: 0.4198
MAE/RMSE/ACC: Current Valid: 1.17/1.78/46.62 Ep. 54 | Best Valid: 1.17/1.76/46.62 | Ep. 41
Time elapsed: 0.82 min
Epoch: 055/200 | Batch 0000/0125 | Loss: 0.5376
Epoch: 055/200 | Batch 0050/0125 | Loss: 0.3047
Epoch: 055/200 | Batch 0100/0125 | Loss: 0.8386
MAE/RMSE/ACC: Current Valid: 1.22/1.82/46.62 Ep. 55 | Best Valid: 1.17/1.76/46.62 | Ep. 41
Time elapsed: 0.83 min
Epoch: 056/200 | Batch 0000/0125 | Loss: 0.4155
Epoch: 056/200 | Batch 0050/0125 | Loss: 0.6673
Epoch: 056/200 | Batch 0100/0125 | Loss: 0.7947
MAE/RMSE/ACC: Current Valid: 1.18/1.78/46.62 Ep. 56 | Best Valid: 1.17/1.76/46.62 | Ep. 41
Time elapsed: 0.85 min
Epoch: 057/200 | Batch 0000/0125 | Loss: 0.6529
Epoch: 057/200 | Batch 0050/0125 | Loss: 0.4905
Epoch: 057/200 | Batch 0100/0125 | Loss: 0.5081
MAE/RMSE/ACC: Current Valid: 1.19/1.79/46.62 Ep. 57 | Best Valid: 1.17/1.76/46.62 | Ep. 41
Time elapsed: 0.86 min
Epoch: 058/200 | Batch 0000/0125 | Loss: 0.4235
Epoch: 058/200 | Batch 0050/0125 | Loss: 0.3890
Epoch: 058/200 | Batch 0100/0125 | Loss: 1.2741
MAE/RMSE/ACC: Current Valid: 1.26/1.88/46.62 Ep. 58 | Best Valid: 1.17/1.76/46.62 | Ep. 41
Time elapsed: 0.88 min
Epoch: 059/200 | Batch 0000/0125 | Loss: 0.5270
Epoch: 059/200 | Batch 0050/0125 | Loss: 0.4994
Epoch: 059/200 | Batch 0100/0125 | Loss: 0.2993
MAE/RMSE/ACC: Current Valid: 1.21/1.81/46.62 Ep. 59 | Best Valid: 1.17/1.76/46.62 | Ep. 41
Time elapsed: 0.89 min
Epoch: 060/200 | Batch 0000/0125 | Loss: 0.4862
Epoch: 060/200 | Batch 0050/0125 | Loss: 0.7098
Epoch: 060/200 | Batch 0100/0125 | Loss: 0.4252
MAE/RMSE/ACC: Current Valid: 1.18/1.79/46.62 Ep. 60 | Best Valid: 1.17/1.76/46.62 | Ep. 41
Time elapsed: 0.90 min
Epoch: 061/200 | Batch 0000/0125 | Loss: 0.5410
Epoch: 061/200 | Batch 0050/0125 | Loss: 0.2759
Epoch: 061/200 | Batch 0100/0125 | Loss: 0.3563
MAE/RMSE/ACC: Current Valid: 1.20/1.80/46.62 Ep. 61 | Best Valid: 1.17/1.76/46.62 | Ep. 41
Time elapsed: 0.92 min
Epoch: 062/200 | Batch 0000/0125 | Loss: 0.4188
Epoch: 062/200 | Batch 0050/0125 | Loss: 0.9006
Epoch: 062/200 | Batch 0100/0125 | Loss: 0.5607
MAE/RMSE/ACC: Current Valid: 1.23/1.82/46.62 Ep. 62 | Best Valid: 1.17/1.76/46.62 | Ep. 41
Time elapsed: 0.93 min
Epoch: 063/200 | Batch 0000/0125 | Loss: 0.5196
Epoch: 063/200 | Batch 0050/0125 | Loss: 0.4116
Epoch: 063/200 | Batch 0100/0125 | Loss: 0.9408
MAE/RMSE/ACC: Current Valid: 1.16/1.75/47.05 Ep. 63 | Best Valid: 1.16/1.75/47.05 | Ep. 63
Time elapsed: 0.95 min
Epoch: 064/200 | Batch 0000/0125 | Loss: 0.3674
Epoch: 064/200 | Batch 0050/0125 | Loss: 0.3646
Epoch: 064/200 | Batch 0100/0125 | Loss: 0.3699
MAE/RMSE/ACC: Current Valid: 1.25/1.86/47.05 Ep. 64 | Best Valid: 1.16/1.75/47.05 | Ep. 63
Time elapsed: 0.96 min
Epoch: 065/200 | Batch 0000/0125 | Loss: 0.5239
Epoch: 065/200 | Batch 0050/0125 | Loss: 0.3242
Epoch: 065/200 | Batch 0100/0125 | Loss: 0.3529
MAE/RMSE/ACC: Current Valid: 1.21/1.81/47.05 Ep. 65 | Best Valid: 1.16/1.75/47.05 | Ep. 63
Time elapsed: 0.97 min
Epoch: 066/200 | Batch 0000/0125 | Loss: 0.4422
Epoch: 066/200 | Batch 0050/0125 | Loss: 0.7805
Epoch: 066/200 | Batch 0100/0125 | Loss: 0.3651
MAE/RMSE/ACC: Current Valid: 1.22/1.82/47.05 Ep. 66 | Best Valid: 1.16/1.75/47.05 | Ep. 63
Time elapsed: 0.99 min
Epoch: 067/200 | Batch 0000/0125 | Loss: 0.3865
Epoch: 067/200 | Batch 0050/0125 | Loss: 0.3269
Epoch: 067/200 | Batch 0100/0125 | Loss: 0.6722
MAE/RMSE/ACC: Current Valid: 1.22/1.81/47.05 Ep. 67 | Best Valid: 1.16/1.75/47.05 | Ep. 63
Time elapsed: 1.00 min
Epoch: 068/200 | Batch 0000/0125 | Loss: 0.3632
Epoch: 068/200 | Batch 0050/0125 | Loss: 0.9456
Epoch: 068/200 | Batch 0100/0125 | Loss: 0.2848
MAE/RMSE/ACC: Current Valid: 1.45/1.98/47.05 Ep. 68 | Best Valid: 1.16/1.75/47.05 | Ep. 63
Time elapsed: 1.02 min
Epoch: 069/200 | Batch 0000/0125 | Loss: 1.1197
Epoch: 069/200 | Batch 0050/0125 | Loss: 1.1104
Epoch: 069/200 | Batch 0100/0125 | Loss: 0.4875
MAE/RMSE/ACC: Current Valid: 1.26/1.83/47.05 Ep. 69 | Best Valid: 1.16/1.75/47.05 | Ep. 63
Time elapsed: 1.03 min
Epoch: 070/200 | Batch 0000/0125 | Loss: 1.2661
Epoch: 070/200 | Batch 0050/0125 | Loss: 0.5676
Epoch: 070/200 | Batch 0100/0125 | Loss: 1.1347
MAE/RMSE/ACC: Current Valid: 1.21/1.82/47.05 Ep. 70 | Best Valid: 1.16/1.75/47.05 | Ep. 63
Time elapsed: 1.05 min
Epoch: 071/200 | Batch 0000/0125 | Loss: 0.3828
Epoch: 071/200 | Batch 0050/0125 | Loss: 0.5175
Epoch: 071/200 | Batch 0100/0125 | Loss: 0.3031
MAE/RMSE/ACC: Current Valid: 1.23/1.84/47.05 Ep. 71 | Best Valid: 1.16/1.75/47.05 | Ep. 63
Time elapsed: 1.06 min
Epoch: 072/200 | Batch 0000/0125 | Loss: 0.5741
Epoch: 072/200 | Batch 0050/0125 | Loss: 0.3403
Epoch: 072/200 | Batch 0100/0125 | Loss: 0.7438
MAE/RMSE/ACC: Current Valid: 1.23/1.84/47.05 Ep. 72 | Best Valid: 1.16/1.75/47.05 | Ep. 63
Time elapsed: 1.07 min
Epoch: 073/200 | Batch 0000/0125 | Loss: 0.3344
Epoch: 073/200 | Batch 0050/0125 | Loss: 0.3497
Epoch: 073/200 | Batch 0100/0125 | Loss: 0.3319
MAE/RMSE/ACC: Current Valid: 1.24/1.85/47.05 Ep. 73 | Best Valid: 1.16/1.75/47.05 | Ep. 63
Time elapsed: 1.09 min
Epoch: 074/200 | Batch 0000/0125 | Loss: 0.4235
Epoch: 074/200 | Batch 0050/0125 | Loss: 0.5773
Epoch: 074/200 | Batch 0100/0125 | Loss: 0.3028
MAE/RMSE/ACC: Current Valid: 1.26/1.87/47.05 Ep. 74 | Best Valid: 1.16/1.75/47.05 | Ep. 63
Time elapsed: 1.10 min
Epoch: 075/200 | Batch 0000/0125 | Loss: 0.3175
Epoch: 075/200 | Batch 0050/0125 | Loss: 0.2317
Epoch: 075/200 | Batch 0100/0125 | Loss: 0.7539
MAE/RMSE/ACC: Current Valid: 1.23/1.84/47.05 Ep. 75 | Best Valid: 1.16/1.75/47.05 | Ep. 63
Time elapsed: 1.12 min
Epoch: 076/200 | Batch 0000/0125 | Loss: 0.3893
Epoch: 076/200 | Batch 0050/0125 | Loss: 0.2540
Epoch: 076/200 | Batch 0100/0125 | Loss: 0.4840
MAE/RMSE/ACC: Current Valid: 1.21/1.81/47.05 Ep. 76 | Best Valid: 1.16/1.75/47.05 | Ep. 63
Time elapsed: 1.13 min
Epoch: 077/200 | Batch 0000/0125 | Loss: 0.3654
Epoch: 077/200 | Batch 0050/0125 | Loss: 0.4465
Epoch: 077/200 | Batch 0100/0125 | Loss: 2.1985
MAE/RMSE/ACC: Current Valid: 1.29/1.89/47.05 Ep. 77 | Best Valid: 1.16/1.75/47.05 | Ep. 63
Time elapsed: 1.14 min
Epoch: 078/200 | Batch 0000/0125 | Loss: 0.5024
Epoch: 078/200 | Batch 0050/0125 | Loss: 0.7035
Epoch: 078/200 | Batch 0100/0125 | Loss: 0.2921
MAE/RMSE/ACC: Current Valid: 1.22/1.84/47.05 Ep. 78 | Best Valid: 1.16/1.75/47.05 | Ep. 63
Time elapsed: 1.16 min
Epoch: 079/200 | Batch 0000/0125 | Loss: 0.5238
Epoch: 079/200 | Batch 0050/0125 | Loss: 0.6691
Epoch: 079/200 | Batch 0100/0125 | Loss: 0.4905
MAE/RMSE/ACC: Current Valid: 1.22/1.82/47.05 Ep. 79 | Best Valid: 1.16/1.75/47.05 | Ep. 63
Time elapsed: 1.17 min
Epoch: 080/200 | Batch 0000/0125 | Loss: 0.2069
Epoch: 080/200 | Batch 0050/0125 | Loss: 0.5519
Epoch: 080/200 | Batch 0100/0125 | Loss: 1.1546
MAE/RMSE/ACC: Current Valid: 1.23/1.83/47.05 Ep. 80 | Best Valid: 1.16/1.75/47.05 | Ep. 63
Time elapsed: 1.19 min
Epoch: 081/200 | Batch 0000/0125 | Loss: 0.9158
Epoch: 081/200 | Batch 0050/0125 | Loss: 0.0890
Epoch: 081/200 | Batch 0100/0125 | Loss: 0.9796
MAE/RMSE/ACC: Current Valid: 1.22/1.82/47.05 Ep. 81 | Best Valid: 1.16/1.75/47.05 | Ep. 63
Time elapsed: 1.20 min
Epoch: 082/200 | Batch 0000/0125 | Loss: 0.1424
Epoch: 082/200 | Batch 0050/0125 | Loss: 0.2202
Epoch: 082/200 | Batch 0100/0125 | Loss: 0.6334
MAE/RMSE/ACC: Current Valid: 1.24/1.84/47.05 Ep. 82 | Best Valid: 1.16/1.75/47.05 | Ep. 63
Time elapsed: 1.22 min
Epoch: 083/200 | Batch 0000/0125 | Loss: 0.5317
Epoch: 083/200 | Batch 0050/0125 | Loss: 0.1565
Epoch: 083/200 | Batch 0100/0125 | Loss: 0.2009
MAE/RMSE/ACC: Current Valid: 1.23/1.83/47.05 Ep. 83 | Best Valid: 1.16/1.75/47.05 | Ep. 63
Time elapsed: 1.24 min
Epoch: 084/200 | Batch 0000/0125 | Loss: 0.9820
Epoch: 084/200 | Batch 0050/0125 | Loss: 0.2770
Epoch: 084/200 | Batch 0100/0125 | Loss: 0.2113
MAE/RMSE/ACC: Current Valid: 1.24/1.83/47.05 Ep. 84 | Best Valid: 1.16/1.75/47.05 | Ep. 63
Time elapsed: 1.26 min
Epoch: 085/200 | Batch 0000/0125 | Loss: 0.9271
Epoch: 085/200 | Batch 0050/0125 | Loss: 0.1076
Epoch: 085/200 | Batch 0100/0125 | Loss: 0.0779
MAE/RMSE/ACC: Current Valid: 1.22/1.82/47.05 Ep. 85 | Best Valid: 1.16/1.75/47.05 | Ep. 63
Time elapsed: 1.28 min
Epoch: 086/200 | Batch 0000/0125 | Loss: 0.6871
Epoch: 086/200 | Batch 0050/0125 | Loss: 0.1596
Epoch: 086/200 | Batch 0100/0125 | Loss: 0.8349
MAE/RMSE/ACC: Current Valid: 1.21/1.81/47.05 Ep. 86 | Best Valid: 1.16/1.75/47.05 | Ep. 63
Time elapsed: 1.29 min
Epoch: 087/200 | Batch 0000/0125 | Loss: 0.1684
Epoch: 087/200 | Batch 0050/0125 | Loss: 0.7084
Epoch: 087/200 | Batch 0100/0125 | Loss: 0.9388
MAE/RMSE/ACC: Current Valid: 1.37/1.98/47.05 Ep. 87 | Best Valid: 1.16/1.75/47.05 | Ep. 63
Time elapsed: 1.31 min
Epoch: 088/200 | Batch 0000/0125 | Loss: 0.6705
Epoch: 088/200 | Batch 0050/0125 | Loss: 0.8918
Epoch: 088/200 | Batch 0100/0125 | Loss: 0.2077
MAE/RMSE/ACC: Current Valid: 1.22/1.82/47.05 Ep. 88 | Best Valid: 1.16/1.75/47.05 | Ep. 63
Time elapsed: 1.32 min
Epoch: 089/200 | Batch 0000/0125 | Loss: 0.3956
Epoch: 089/200 | Batch 0050/0125 | Loss: 0.1314
Epoch: 089/200 | Batch 0100/0125 | Loss: 0.2372
MAE/RMSE/ACC: Current Valid: 1.22/1.82/47.05 Ep. 89 | Best Valid: 1.16/1.75/47.05 | Ep. 63
Time elapsed: 1.34 min
Epoch: 090/200 | Batch 0000/0125 | Loss: 0.1247
Epoch: 090/200 | Batch 0050/0125 | Loss: 0.1588
Epoch: 090/200 | Batch 0100/0125 | Loss: 0.5926
MAE/RMSE/ACC: Current Valid: 1.23/1.84/47.05 Ep. 90 | Best Valid: 1.16/1.75/47.05 | Ep. 63
Time elapsed: 1.36 min
Epoch: 091/200 | Batch 0000/0125 | Loss: 0.3771
Epoch: 091/200 | Batch 0050/0125 | Loss: 0.8254
Epoch: 091/200 | Batch 0100/0125 | Loss: 0.0882
MAE/RMSE/ACC: Current Valid: 1.24/1.85/47.05 Ep. 91 | Best Valid: 1.16/1.75/47.05 | Ep. 63
Time elapsed: 1.37 min
Epoch: 092/200 | Batch 0000/0125 | Loss: 0.5015
Epoch: 092/200 | Batch 0050/0125 | Loss: 1.0914
Epoch: 092/200 | Batch 0100/0125 | Loss: 0.4447
MAE/RMSE/ACC: Current Valid: 1.26/1.87/47.05 Ep. 92 | Best Valid: 1.16/1.75/47.05 | Ep. 63
Time elapsed: 1.39 min
Epoch: 093/200 | Batch 0000/0125 | Loss: 0.2319
Epoch: 093/200 | Batch 0050/0125 | Loss: 0.3642
Epoch: 093/200 | Batch 0100/0125 | Loss: 0.1403
MAE/RMSE/ACC: Current Valid: 1.24/1.84/47.05 Ep. 93 | Best Valid: 1.16/1.75/47.05 | Ep. 63
Time elapsed: 1.40 min
Epoch: 094/200 | Batch 0000/0125 | Loss: 0.1823
Epoch: 094/200 | Batch 0050/0125 | Loss: 0.0900
Epoch: 094/200 | Batch 0100/0125 | Loss: 0.1955
MAE/RMSE/ACC: Current Valid: 1.23/1.84/47.05 Ep. 94 | Best Valid: 1.16/1.75/47.05 | Ep. 63
Time elapsed: 1.42 min
Epoch: 095/200 | Batch 0000/0125 | Loss: 0.1216
Epoch: 095/200 | Batch 0050/0125 | Loss: 0.1044
Epoch: 095/200 | Batch 0100/0125 | Loss: 0.7093
MAE/RMSE/ACC: Current Valid: 1.24/1.84/47.05 Ep. 95 | Best Valid: 1.16/1.75/47.05 | Ep. 63
Time elapsed: 1.43 min
Epoch: 096/200 | Batch 0000/0125 | Loss: 0.2778
Epoch: 096/200 | Batch 0050/0125 | Loss: 0.1443
Epoch: 096/200 | Batch 0100/0125 | Loss: 0.0784
MAE/RMSE/ACC: Current Valid: 1.26/1.86/47.05 Ep. 96 | Best Valid: 1.16/1.75/47.05 | Ep. 63
Time elapsed: 1.45 min
Epoch: 097/200 | Batch 0000/0125 | Loss: 0.5073
Epoch: 097/200 | Batch 0050/0125 | Loss: 0.9412
Epoch: 097/200 | Batch 0100/0125 | Loss: 0.1473
MAE/RMSE/ACC: Current Valid: 1.27/1.88/47.05 Ep. 97 | Best Valid: 1.16/1.75/47.05 | Ep. 63
Time elapsed: 1.46 min
Epoch: 098/200 | Batch 0000/0125 | Loss: 0.1259
Epoch: 098/200 | Batch 0050/0125 | Loss: 0.0669
Epoch: 098/200 | Batch 0100/0125 | Loss: 0.3218
MAE/RMSE/ACC: Current Valid: 1.24/1.85/47.05 Ep. 98 | Best Valid: 1.16/1.75/47.05 | Ep. 63
Time elapsed: 1.48 min
Epoch: 099/200 | Batch 0000/0125 | Loss: 0.0428
Epoch: 099/200 | Batch 0050/0125 | Loss: 0.0384
Epoch: 099/200 | Batch 0100/0125 | Loss: 0.6838
MAE/RMSE/ACC: Current Valid: 1.24/1.85/47.05 Ep. 99 | Best Valid: 1.16/1.75/47.05 | Ep. 63
Time elapsed: 1.50 min
Epoch: 100/200 | Batch 0000/0125 | Loss: 0.2302
Epoch: 100/200 | Batch 0050/0125 | Loss: 0.1038
Epoch: 100/200 | Batch 0100/0125 | Loss: 0.1326
MAE/RMSE/ACC: Current Valid: 1.19/1.79/47.05 Ep. 100 | Best Valid: 1.16/1.75/47.05 | Ep. 63
Time elapsed: 1.51 min
Epoch: 101/200 | Batch 0000/0125 | Loss: 0.2861
Epoch: 101/200 | Batch 0050/0125 | Loss: 0.1924
Epoch: 101/200 | Batch 0100/0125 | Loss: 0.1397
MAE/RMSE/ACC: Current Valid: 1.23/1.81/47.05 Ep. 101 | Best Valid: 1.16/1.75/47.05 | Ep. 63
Time elapsed: 1.53 min
Epoch: 102/200 | Batch 0000/0125 | Loss: 0.6547
Epoch: 102/200 | Batch 0050/0125 | Loss: 0.1636
Epoch: 102/200 | Batch 0100/0125 | Loss: 0.2367
MAE/RMSE/ACC: Current Valid: 1.23/1.82/47.05 Ep. 102 | Best Valid: 1.16/1.75/47.05 | Ep. 63
Time elapsed: 1.54 min
Epoch: 103/200 | Batch 0000/0125 | Loss: 0.0638
Epoch: 103/200 | Batch 0050/0125 | Loss: 0.0814
Epoch: 103/200 | Batch 0100/0125 | Loss: 0.3738
MAE/RMSE/ACC: Current Valid: 1.24/1.83/47.05 Ep. 103 | Best Valid: 1.16/1.75/47.05 | Ep. 63
Time elapsed: 1.56 min
Epoch: 104/200 | Batch 0000/0125 | Loss: 0.1109
Epoch: 104/200 | Batch 0050/0125 | Loss: 0.1913
Epoch: 104/200 | Batch 0100/0125 | Loss: 0.0864
MAE/RMSE/ACC: Current Valid: 1.24/1.85/47.05 Ep. 104 | Best Valid: 1.16/1.75/47.05 | Ep. 63
Time elapsed: 1.57 min
Epoch: 105/200 | Batch 0000/0125 | Loss: 0.0784
Epoch: 105/200 | Batch 0050/0125 | Loss: 0.1033
Epoch: 105/200 | Batch 0100/0125 | Loss: 0.0338
MAE/RMSE/ACC: Current Valid: 1.26/1.86/47.05 Ep. 105 | Best Valid: 1.16/1.75/47.05 | Ep. 63
Time elapsed: 1.59 min
Epoch: 106/200 | Batch 0000/0125 | Loss: 0.6781
Epoch: 106/200 | Batch 0050/0125 | Loss: 0.2802
Epoch: 106/200 | Batch 0100/0125 | Loss: 0.1254
MAE/RMSE/ACC: Current Valid: 1.22/1.83/47.05 Ep. 106 | Best Valid: 1.16/1.75/47.05 | Ep. 63
Time elapsed: 1.61 min
Epoch: 107/200 | Batch 0000/0125 | Loss: 0.0708
Epoch: 107/200 | Batch 0050/0125 | Loss: 0.0369
Epoch: 107/200 | Batch 0100/0125 | Loss: 0.1043
MAE/RMSE/ACC: Current Valid: 1.25/1.86/47.05 Ep. 107 | Best Valid: 1.16/1.75/47.05 | Ep. 63
Time elapsed: 1.62 min
Epoch: 108/200 | Batch 0000/0125 | Loss: 0.0253
Epoch: 108/200 | Batch 0050/0125 | Loss: 0.4084
Epoch: 108/200 | Batch 0100/0125 | Loss: 0.1794
MAE/RMSE/ACC: Current Valid: 1.26/1.86/47.05 Ep. 108 | Best Valid: 1.16/1.75/47.05 | Ep. 63
Time elapsed: 1.64 min
Epoch: 109/200 | Batch 0000/0125 | Loss: 0.0357
Epoch: 109/200 | Batch 0050/0125 | Loss: 0.1762
Epoch: 109/200 | Batch 0100/0125 | Loss: 0.8451
MAE/RMSE/ACC: Current Valid: 1.25/1.86/47.05 Ep. 109 | Best Valid: 1.16/1.75/47.05 | Ep. 63
Time elapsed: 1.66 min
Epoch: 110/200 | Batch 0000/0125 | Loss: 0.1396
Epoch: 110/200 | Batch 0050/0125 | Loss: 0.1379
Epoch: 110/200 | Batch 0100/0125 | Loss: 0.0674
MAE/RMSE/ACC: Current Valid: 1.19/1.78/47.05 Ep. 110 | Best Valid: 1.16/1.75/47.05 | Ep. 63
Time elapsed: 1.67 min
Epoch: 111/200 | Batch 0000/0125 | Loss: 0.1094
Epoch: 111/200 | Batch 0050/0125 | Loss: 0.6152
Epoch: 111/200 | Batch 0100/0125 | Loss: 0.2186
MAE/RMSE/ACC: Current Valid: 1.26/1.86/47.05 Ep. 111 | Best Valid: 1.16/1.75/47.05 | Ep. 63
Time elapsed: 1.69 min
Epoch: 112/200 | Batch 0000/0125 | Loss: 0.1280
Epoch: 112/200 | Batch 0050/0125 | Loss: 0.2380
Epoch: 112/200 | Batch 0100/0125 | Loss: 0.4602
MAE/RMSE/ACC: Current Valid: 1.25/1.86/47.05 Ep. 112 | Best Valid: 1.16/1.75/47.05 | Ep. 63
Time elapsed: 1.70 min
Epoch: 113/200 | Batch 0000/0125 | Loss: 0.0233
Epoch: 113/200 | Batch 0050/0125 | Loss: 0.0528
Epoch: 113/200 | Batch 0100/0125 | Loss: 0.0485
MAE/RMSE/ACC: Current Valid: 1.25/1.86/47.05 Ep. 113 | Best Valid: 1.16/1.75/47.05 | Ep. 63
Time elapsed: 1.72 min
Epoch: 114/200 | Batch 0000/0125 | Loss: 0.1955
Epoch: 114/200 | Batch 0050/0125 | Loss: 0.0338
Epoch: 114/200 | Batch 0100/0125 | Loss: 0.0144
MAE/RMSE/ACC: Current Valid: 1.28/1.88/47.05 Ep. 114 | Best Valid: 1.16/1.75/47.05 | Ep. 63
Time elapsed: 1.74 min
Epoch: 115/200 | Batch 0000/0125 | Loss: 0.0246
Epoch: 115/200 | Batch 0050/0125 | Loss: 0.0483
Epoch: 115/200 | Batch 0100/0125 | Loss: 0.3367
MAE/RMSE/ACC: Current Valid: 1.27/1.89/47.05 Ep. 115 | Best Valid: 1.16/1.75/47.05 | Ep. 63
Time elapsed: 1.75 min
Epoch: 116/200 | Batch 0000/0125 | Loss: 0.1433
Epoch: 116/200 | Batch 0050/0125 | Loss: 0.0480
Epoch: 116/200 | Batch 0100/0125 | Loss: 0.0054
MAE/RMSE/ACC: Current Valid: 1.35/1.93/47.05 Ep. 116 | Best Valid: 1.16/1.75/47.05 | Ep. 63
Time elapsed: 1.77 min
Epoch: 117/200 | Batch 0000/0125 | Loss: 0.3361
Epoch: 117/200 | Batch 0050/0125 | Loss: 0.4893
Epoch: 117/200 | Batch 0100/0125 | Loss: 0.2115
MAE/RMSE/ACC: Current Valid: 1.30/1.89/47.05 Ep. 117 | Best Valid: 1.16/1.75/47.05 | Ep. 63
Time elapsed: 1.78 min
Epoch: 118/200 | Batch 0000/0125 | Loss: 0.4326
Epoch: 118/200 | Batch 0050/0125 | Loss: 0.0546
Epoch: 118/200 | Batch 0100/0125 | Loss: 0.5051
MAE/RMSE/ACC: Current Valid: 1.27/1.87/47.05 Ep. 118 | Best Valid: 1.16/1.75/47.05 | Ep. 63
Time elapsed: 1.80 min
Epoch: 119/200 | Batch 0000/0125 | Loss: 0.9003
Epoch: 119/200 | Batch 0050/0125 | Loss: 0.0528
Epoch: 119/200 | Batch 0100/0125 | Loss: 0.0305
MAE/RMSE/ACC: Current Valid: 1.27/1.87/47.05 Ep. 119 | Best Valid: 1.16/1.75/47.05 | Ep. 63
Time elapsed: 1.81 min
Epoch: 120/200 | Batch 0000/0125 | Loss: 0.1130
Epoch: 120/200 | Batch 0050/0125 | Loss: 0.0410
Epoch: 120/200 | Batch 0100/0125 | Loss: 0.4883
MAE/RMSE/ACC: Current Valid: 1.26/1.86/47.05 Ep. 120 | Best Valid: 1.16/1.75/47.05 | Ep. 63
Time elapsed: 1.83 min
Epoch: 121/200 | Batch 0000/0125 | Loss: 0.2653
Epoch: 121/200 | Batch 0050/0125 | Loss: 0.0232
Epoch: 121/200 | Batch 0100/0125 | Loss: 0.0498
MAE/RMSE/ACC: Current Valid: 1.31/1.91/47.05 Ep. 121 | Best Valid: 1.16/1.75/47.05 | Ep. 63
Time elapsed: 1.84 min
Epoch: 122/200 | Batch 0000/0125 | Loss: 0.0161
Epoch: 122/200 | Batch 0050/0125 | Loss: 0.0846
Epoch: 122/200 | Batch 0100/0125 | Loss: 0.8622
MAE/RMSE/ACC: Current Valid: 1.26/1.86/47.05 Ep. 122 | Best Valid: 1.16/1.75/47.05 | Ep. 63
Time elapsed: 1.86 min
Epoch: 123/200 | Batch 0000/0125 | Loss: 0.4108
Epoch: 123/200 | Batch 0050/0125 | Loss: 0.1274
Epoch: 123/200 | Batch 0100/0125 | Loss: 0.8079
MAE/RMSE/ACC: Current Valid: 1.27/1.87/47.05 Ep. 123 | Best Valid: 1.16/1.75/47.05 | Ep. 63
Time elapsed: 1.87 min
Epoch: 124/200 | Batch 0000/0125 | Loss: 0.3718
Epoch: 124/200 | Batch 0050/0125 | Loss: 0.0778
Epoch: 124/200 | Batch 0100/0125 | Loss: 0.2854
MAE/RMSE/ACC: Current Valid: 1.27/1.86/47.05 Ep. 124 | Best Valid: 1.16/1.75/47.05 | Ep. 63
Time elapsed: 1.89 min
Epoch: 125/200 | Batch 0000/0125 | Loss: 0.5070
Epoch: 125/200 | Batch 0050/0125 | Loss: 1.5721
Epoch: 125/200 | Batch 0100/0125 | Loss: 0.2192
MAE/RMSE/ACC: Current Valid: 1.24/1.84/47.05 Ep. 125 | Best Valid: 1.16/1.75/47.05 | Ep. 63
Time elapsed: 1.91 min
Epoch: 126/200 | Batch 0000/0125 | Loss: 0.3263
Epoch: 126/200 | Batch 0050/0125 | Loss: 0.0293
Epoch: 126/200 | Batch 0100/0125 | Loss: 0.0103
MAE/RMSE/ACC: Current Valid: 1.28/1.87/47.05 Ep. 126 | Best Valid: 1.16/1.75/47.05 | Ep. 63
Time elapsed: 1.92 min
Epoch: 127/200 | Batch 0000/0125 | Loss: 0.0464
Epoch: 127/200 | Batch 0050/0125 | Loss: 0.0261
Epoch: 127/200 | Batch 0100/0125 | Loss: 0.0054
MAE/RMSE/ACC: Current Valid: 1.29/1.89/47.05 Ep. 127 | Best Valid: 1.16/1.75/47.05 | Ep. 63
Time elapsed: 1.94 min
Epoch: 128/200 | Batch 0000/0125 | Loss: 0.1853
Epoch: 128/200 | Batch 0050/0125 | Loss: 0.1165
Epoch: 128/200 | Batch 0100/0125 | Loss: 0.0535
MAE/RMSE/ACC: Current Valid: 1.27/1.87/47.05 Ep. 128 | Best Valid: 1.16/1.75/47.05 | Ep. 63
Time elapsed: 1.95 min
Epoch: 129/200 | Batch 0000/0125 | Loss: 0.0605
Epoch: 129/200 | Batch 0050/0125 | Loss: 0.0958
Epoch: 129/200 | Batch 0100/0125 | Loss: 0.1817
MAE/RMSE/ACC: Current Valid: 1.31/1.90/47.05 Ep. 129 | Best Valid: 1.16/1.75/47.05 | Ep. 63
Time elapsed: 1.97 min
Epoch: 130/200 | Batch 0000/0125 | Loss: 0.2707
Epoch: 130/200 | Batch 0050/0125 | Loss: 0.0077
Epoch: 130/200 | Batch 0100/0125 | Loss: 0.0599
MAE/RMSE/ACC: Current Valid: 1.30/1.90/47.05 Ep. 130 | Best Valid: 1.16/1.75/47.05 | Ep. 63
Time elapsed: 1.98 min
Epoch: 131/200 | Batch 0000/0125 | Loss: 0.5316
Epoch: 131/200 | Batch 0050/0125 | Loss: 0.9541
Epoch: 131/200 | Batch 0100/0125 | Loss: 0.0392
MAE/RMSE/ACC: Current Valid: 1.28/1.86/47.05 Ep. 131 | Best Valid: 1.16/1.75/47.05 | Ep. 63
Time elapsed: 2.00 min
Epoch: 132/200 | Batch 0000/0125 | Loss: 0.0566
Epoch: 132/200 | Batch 0050/0125 | Loss: 0.0398
Epoch: 132/200 | Batch 0100/0125 | Loss: 0.9208
MAE/RMSE/ACC: Current Valid: 1.29/1.89/47.05 Ep. 132 | Best Valid: 1.16/1.75/47.05 | Ep. 63
Time elapsed: 2.02 min
Epoch: 133/200 | Batch 0000/0125 | Loss: 0.0306
Epoch: 133/200 | Batch 0050/0125 | Loss: 0.0189
Epoch: 133/200 | Batch 0100/0125 | Loss: 0.0535
MAE/RMSE/ACC: Current Valid: 1.27/1.85/47.05 Ep. 133 | Best Valid: 1.16/1.75/47.05 | Ep. 63
Time elapsed: 2.03 min
Epoch: 134/200 | Batch 0000/0125 | Loss: 0.0961
Epoch: 134/200 | Batch 0050/0125 | Loss: 0.0062
Epoch: 134/200 | Batch 0100/0125 | Loss: 0.0094
MAE/RMSE/ACC: Current Valid: 1.29/1.88/47.05 Ep. 134 | Best Valid: 1.16/1.75/47.05 | Ep. 63
Time elapsed: 2.05 min
Epoch: 135/200 | Batch 0000/0125 | Loss: 0.0149
Epoch: 135/200 | Batch 0050/0125 | Loss: 0.1347
Epoch: 135/200 | Batch 0100/0125 | Loss: 0.0270
MAE/RMSE/ACC: Current Valid: 1.30/1.91/47.05 Ep. 135 | Best Valid: 1.16/1.75/47.05 | Ep. 63
Time elapsed: 2.06 min
Epoch: 136/200 | Batch 0000/0125 | Loss: 0.0456
Epoch: 136/200 | Batch 0050/0125 | Loss: 0.2831
Epoch: 136/200 | Batch 0100/0125 | Loss: 0.0165
MAE/RMSE/ACC: Current Valid: 1.29/1.89/47.05 Ep. 136 | Best Valid: 1.16/1.75/47.05 | Ep. 63
Time elapsed: 2.08 min
Epoch: 137/200 | Batch 0000/0125 | Loss: 0.0222
Epoch: 137/200 | Batch 0050/0125 | Loss: 0.0148
Epoch: 137/200 | Batch 0100/0125 | Loss: 1.4676
MAE/RMSE/ACC: Current Valid: 1.34/1.94/47.05 Ep. 137 | Best Valid: 1.16/1.75/47.05 | Ep. 63
Time elapsed: 2.09 min
Epoch: 138/200 | Batch 0000/0125 | Loss: 0.1735
Epoch: 138/200 | Batch 0050/0125 | Loss: 0.0795
Epoch: 138/200 | Batch 0100/0125 | Loss: 0.0437
MAE/RMSE/ACC: Current Valid: 1.30/1.91/47.05 Ep. 138 | Best Valid: 1.16/1.75/47.05 | Ep. 63
Time elapsed: 2.11 min
Epoch: 139/200 | Batch 0000/0125 | Loss: 0.0132
Epoch: 139/200 | Batch 0050/0125 | Loss: 0.0055
Epoch: 139/200 | Batch 0100/0125 | Loss: 0.0145
MAE/RMSE/ACC: Current Valid: 1.29/1.90/47.05 Ep. 139 | Best Valid: 1.16/1.75/47.05 | Ep. 63
Time elapsed: 2.12 min
Epoch: 140/200 | Batch 0000/0125 | Loss: 0.0327
Epoch: 140/200 | Batch 0050/0125 | Loss: 0.5097
Epoch: 140/200 | Batch 0100/0125 | Loss: 0.1623
MAE/RMSE/ACC: Current Valid: 1.28/1.88/47.05 Ep. 140 | Best Valid: 1.16/1.75/47.05 | Ep. 63
Time elapsed: 2.14 min
Epoch: 141/200 | Batch 0000/0125 | Loss: 0.1374
Epoch: 141/200 | Batch 0050/0125 | Loss: 0.0555
Epoch: 141/200 | Batch 0100/0125 | Loss: 0.0576
MAE/RMSE/ACC: Current Valid: 1.28/1.88/47.05 Ep. 141 | Best Valid: 1.16/1.75/47.05 | Ep. 63
Time elapsed: 2.16 min
Epoch: 142/200 | Batch 0000/0125 | Loss: 0.0325
Epoch: 142/200 | Batch 0050/0125 | Loss: 0.3748
Epoch: 142/200 | Batch 0100/0125 | Loss: 0.1080
MAE/RMSE/ACC: Current Valid: 1.28/1.89/47.05 Ep. 142 | Best Valid: 1.16/1.75/47.05 | Ep. 63
Time elapsed: 2.17 min
Epoch: 143/200 | Batch 0000/0125 | Loss: 0.3456
Epoch: 143/200 | Batch 0050/0125 | Loss: 0.0109
Epoch: 143/200 | Batch 0100/0125 | Loss: 0.5105
MAE/RMSE/ACC: Current Valid: 1.27/1.86/47.05 Ep. 143 | Best Valid: 1.16/1.75/47.05 | Ep. 63
Time elapsed: 2.19 min
Epoch: 144/200 | Batch 0000/0125 | Loss: 0.0178
Epoch: 144/200 | Batch 0050/0125 | Loss: 0.0054
Epoch: 144/200 | Batch 0100/0125 | Loss: 0.0093
MAE/RMSE/ACC: Current Valid: 1.32/1.91/47.05 Ep. 144 | Best Valid: 1.16/1.75/47.05 | Ep. 63
Time elapsed: 2.20 min
Epoch: 145/200 | Batch 0000/0125 | Loss: 0.1265
Epoch: 145/200 | Batch 0050/0125 | Loss: 0.0279
Epoch: 145/200 | Batch 0100/0125 | Loss: 0.0759
MAE/RMSE/ACC: Current Valid: 1.31/1.90/47.05 Ep. 145 | Best Valid: 1.16/1.75/47.05 | Ep. 63
Time elapsed: 2.22 min
Epoch: 146/200 | Batch 0000/0125 | Loss: 0.1997
Epoch: 146/200 | Batch 0050/0125 | Loss: 0.1075
Epoch: 146/200 | Batch 0100/0125 | Loss: 0.6783
MAE/RMSE/ACC: Current Valid: 1.28/1.89/47.05 Ep. 146 | Best Valid: 1.16/1.75/47.05 | Ep. 63
Time elapsed: 2.23 min
Epoch: 147/200 | Batch 0000/0125 | Loss: 0.0160
Epoch: 147/200 | Batch 0050/0125 | Loss: 0.0045
Epoch: 147/200 | Batch 0100/0125 | Loss: 0.0044
MAE/RMSE/ACC: Current Valid: 1.31/1.91/47.05 Ep. 147 | Best Valid: 1.16/1.75/47.05 | Ep. 63
Time elapsed: 2.25 min
Epoch: 148/200 | Batch 0000/0125 | Loss: 0.1945
Epoch: 148/200 | Batch 0050/0125 | Loss: 0.0080
Epoch: 148/200 | Batch 0100/0125 | Loss: 0.0364
MAE/RMSE/ACC: Current Valid: 1.29/1.89/47.05 Ep. 148 | Best Valid: 1.16/1.75/47.05 | Ep. 63
Time elapsed: 2.27 min
Epoch: 149/200 | Batch 0000/0125 | Loss: 0.0607
Epoch: 149/200 | Batch 0050/0125 | Loss: 0.0817
Epoch: 149/200 | Batch 0100/0125 | Loss: 0.0050
MAE/RMSE/ACC: Current Valid: 1.23/1.82/47.05 Ep. 149 | Best Valid: 1.16/1.75/47.05 | Ep. 63
Time elapsed: 2.28 min
Epoch: 150/200 | Batch 0000/0125 | Loss: 0.3235
Epoch: 150/200 | Batch 0050/0125 | Loss: 0.4538
Epoch: 150/200 | Batch 0100/0125 | Loss: 0.4411
MAE/RMSE/ACC: Current Valid: 1.26/1.84/47.05 Ep. 150 | Best Valid: 1.16/1.75/47.05 | Ep. 63
Time elapsed: 2.30 min
Epoch: 151/200 | Batch 0000/0125 | Loss: 0.8182
Epoch: 151/200 | Batch 0050/0125 | Loss: 0.1724
Epoch: 151/200 | Batch 0100/0125 | Loss: 0.6649
MAE/RMSE/ACC: Current Valid: 1.26/1.86/47.05 Ep. 151 | Best Valid: 1.16/1.75/47.05 | Ep. 63
Time elapsed: 2.31 min
Epoch: 152/200 | Batch 0000/0125 | Loss: 0.0816
Epoch: 152/200 | Batch 0050/0125 | Loss: 0.5658
Epoch: 152/200 | Batch 0100/0125 | Loss: 0.2689
MAE/RMSE/ACC: Current Valid: 1.26/1.87/47.05 Ep. 152 | Best Valid: 1.16/1.75/47.05 | Ep. 63
Time elapsed: 2.33 min
Epoch: 153/200 | Batch 0000/0125 | Loss: 0.2970
Epoch: 153/200 | Batch 0050/0125 | Loss: 0.0336
Epoch: 153/200 | Batch 0100/0125 | Loss: 0.0314
MAE/RMSE/ACC: Current Valid: 1.24/1.84/47.05 Ep. 153 | Best Valid: 1.16/1.75/47.05 | Ep. 63
Time elapsed: 2.34 min
Epoch: 154/200 | Batch 0000/0125 | Loss: 0.1310
Epoch: 154/200 | Batch 0050/0125 | Loss: 0.0478
Epoch: 154/200 | Batch 0100/0125 | Loss: 0.6748
MAE/RMSE/ACC: Current Valid: 1.27/1.88/47.05 Ep. 154 | Best Valid: 1.16/1.75/47.05 | Ep. 63
Time elapsed: 2.36 min
Epoch: 155/200 | Batch 0000/0125 | Loss: 0.3155
Epoch: 155/200 | Batch 0050/0125 | Loss: 0.1426
Epoch: 155/200 | Batch 0100/0125 | Loss: 0.0097
MAE/RMSE/ACC: Current Valid: 1.24/1.85/47.05 Ep. 155 | Best Valid: 1.16/1.75/47.05 | Ep. 63
Time elapsed: 2.38 min
Epoch: 156/200 | Batch 0000/0125 | Loss: 0.1514
Epoch: 156/200 | Batch 0050/0125 | Loss: 0.0161
Epoch: 156/200 | Batch 0100/0125 | Loss: 0.0253
MAE/RMSE/ACC: Current Valid: 1.25/1.86/47.05 Ep. 156 | Best Valid: 1.16/1.75/47.05 | Ep. 63
Time elapsed: 2.39 min
Epoch: 157/200 | Batch 0000/0125 | Loss: 0.0827
Epoch: 157/200 | Batch 0050/0125 | Loss: 0.0819
Epoch: 157/200 | Batch 0100/0125 | Loss: 0.0230
MAE/RMSE/ACC: Current Valid: 1.25/1.86/47.05 Ep. 157 | Best Valid: 1.16/1.75/47.05 | Ep. 63
Time elapsed: 2.41 min
Epoch: 158/200 | Batch 0000/0125 | Loss: 0.4260
Epoch: 158/200 | Batch 0050/0125 | Loss: 0.1916
Epoch: 158/200 | Batch 0100/0125 | Loss: 0.0054
MAE/RMSE/ACC: Current Valid: 1.24/1.85/47.05 Ep. 158 | Best Valid: 1.16/1.75/47.05 | Ep. 63
Time elapsed: 2.42 min
Epoch: 159/200 | Batch 0000/0125 | Loss: 0.1162
Epoch: 159/200 | Batch 0050/0125 | Loss: 0.0255
Epoch: 159/200 | Batch 0100/0125 | Loss: 0.0278
MAE/RMSE/ACC: Current Valid: 1.27/1.88/47.05 Ep. 159 | Best Valid: 1.16/1.75/47.05 | Ep. 63
Time elapsed: 2.44 min
Epoch: 160/200 | Batch 0000/0125 | Loss: 0.0110
Epoch: 160/200 | Batch 0050/0125 | Loss: 0.2268
Epoch: 160/200 | Batch 0100/0125 | Loss: 0.0368
MAE/RMSE/ACC: Current Valid: 1.26/1.87/47.05 Ep. 160 | Best Valid: 1.16/1.75/47.05 | Ep. 63
Time elapsed: 2.45 min
Epoch: 161/200 | Batch 0000/0125 | Loss: 0.0316
Epoch: 161/200 | Batch 0050/0125 | Loss: 0.2447
Epoch: 161/200 | Batch 0100/0125 | Loss: 0.0628
MAE/RMSE/ACC: Current Valid: 1.27/1.87/47.05 Ep. 161 | Best Valid: 1.16/1.75/47.05 | Ep. 63
Time elapsed: 2.47 min
Epoch: 162/200 | Batch 0000/0125 | Loss: 0.0073
Epoch: 162/200 | Batch 0050/0125 | Loss: 0.0204
Epoch: 162/200 | Batch 0100/0125 | Loss: 0.0104
MAE/RMSE/ACC: Current Valid: 1.27/1.88/47.05 Ep. 162 | Best Valid: 1.16/1.75/47.05 | Ep. 63
Time elapsed: 2.48 min
Epoch: 163/200 | Batch 0000/0125 | Loss: 0.1491
Epoch: 163/200 | Batch 0050/0125 | Loss: 0.0289
Epoch: 163/200 | Batch 0100/0125 | Loss: 0.1656
MAE/RMSE/ACC: Current Valid: 1.26/1.87/47.05 Ep. 163 | Best Valid: 1.16/1.75/47.05 | Ep. 63
Time elapsed: 2.50 min
Epoch: 164/200 | Batch 0000/0125 | Loss: 0.0504
Epoch: 164/200 | Batch 0050/0125 | Loss: 0.0062
Epoch: 164/200 | Batch 0100/0125 | Loss: 0.0942
MAE/RMSE/ACC: Current Valid: 1.29/1.90/47.05 Ep. 164 | Best Valid: 1.16/1.75/47.05 | Ep. 63
Time elapsed: 2.52 min
Epoch: 165/200 | Batch 0000/0125 | Loss: 0.0032
Epoch: 165/200 | Batch 0050/0125 | Loss: 0.0069
Epoch: 165/200 | Batch 0100/0125 | Loss: 0.0100
MAE/RMSE/ACC: Current Valid: 1.27/1.89/47.05 Ep. 165 | Best Valid: 1.16/1.75/47.05 | Ep. 63
Time elapsed: 2.53 min
Epoch: 166/200 | Batch 0000/0125 | Loss: 0.0067
Epoch: 166/200 | Batch 0050/0125 | Loss: 0.0055
Epoch: 166/200 | Batch 0100/0125 | Loss: 0.0010
MAE/RMSE/ACC: Current Valid: 1.27/1.88/47.05 Ep. 166 | Best Valid: 1.16/1.75/47.05 | Ep. 63
Time elapsed: 2.55 min
Epoch: 167/200 | Batch 0000/0125 | Loss: 0.0087
Epoch: 167/200 | Batch 0050/0125 | Loss: 0.0079
Epoch: 167/200 | Batch 0100/0125 | Loss: 0.1974
MAE/RMSE/ACC: Current Valid: 1.25/1.84/47.05 Ep. 167 | Best Valid: 1.16/1.75/47.05 | Ep. 63
Time elapsed: 2.56 min
Epoch: 168/200 | Batch 0000/0125 | Loss: 0.1043
Epoch: 168/200 | Batch 0050/0125 | Loss: 0.0204
Epoch: 168/200 | Batch 0100/0125 | Loss: 0.0595
MAE/RMSE/ACC: Current Valid: 1.24/1.85/47.05 Ep. 168 | Best Valid: 1.16/1.75/47.05 | Ep. 63
Time elapsed: 2.58 min
Epoch: 169/200 | Batch 0000/0125 | Loss: 0.0265
Epoch: 169/200 | Batch 0050/0125 | Loss: 0.1310
Epoch: 169/200 | Batch 0100/0125 | Loss: 0.0218
MAE/RMSE/ACC: Current Valid: 1.25/1.86/47.05 Ep. 169 | Best Valid: 1.16/1.75/47.05 | Ep. 63
Time elapsed: 2.60 min
Epoch: 170/200 | Batch 0000/0125 | Loss: 0.0059
Epoch: 170/200 | Batch 0050/0125 | Loss: 0.0077
Epoch: 170/200 | Batch 0100/0125 | Loss: 0.0685
MAE/RMSE/ACC: Current Valid: 1.26/1.87/47.05 Ep. 170 | Best Valid: 1.16/1.75/47.05 | Ep. 63
Time elapsed: 2.61 min
Epoch: 171/200 | Batch 0000/0125 | Loss: 0.2867
Epoch: 171/200 | Batch 0050/0125 | Loss: 0.1747
Epoch: 171/200 | Batch 0100/0125 | Loss: 0.0144
MAE/RMSE/ACC: Current Valid: 1.25/1.87/47.05 Ep. 171 | Best Valid: 1.16/1.75/47.05 | Ep. 63
Time elapsed: 2.63 min
Epoch: 172/200 | Batch 0000/0125 | Loss: 0.0021
Epoch: 172/200 | Batch 0050/0125 | Loss: 0.0083
Epoch: 172/200 | Batch 0100/0125 | Loss: 0.0011
MAE/RMSE/ACC: Current Valid: 1.26/1.88/47.05 Ep. 172 | Best Valid: 1.16/1.75/47.05 | Ep. 63
Time elapsed: 2.64 min
Epoch: 173/200 | Batch 0000/0125 | Loss: 0.0061
Epoch: 173/200 | Batch 0050/0125 | Loss: 0.0059
Epoch: 173/200 | Batch 0100/0125 | Loss: 0.1563
MAE/RMSE/ACC: Current Valid: 1.26/1.87/47.05 Ep. 173 | Best Valid: 1.16/1.75/47.05 | Ep. 63
Time elapsed: 2.66 min
Epoch: 174/200 | Batch 0000/0125 | Loss: 0.6747
Epoch: 174/200 | Batch 0050/0125 | Loss: 0.0033
Epoch: 174/200 | Batch 0100/0125 | Loss: 0.0031
MAE/RMSE/ACC: Current Valid: 1.27/1.88/47.05 Ep. 174 | Best Valid: 1.16/1.75/47.05 | Ep. 63
Time elapsed: 2.67 min
Epoch: 175/200 | Batch 0000/0125 | Loss: 0.0015
Epoch: 175/200 | Batch 0050/0125 | Loss: 0.0014
Epoch: 175/200 | Batch 0100/0125 | Loss: 0.0014
MAE/RMSE/ACC: Current Valid: 1.27/1.88/47.05 Ep. 175 | Best Valid: 1.16/1.75/47.05 | Ep. 63
Time elapsed: 2.69 min
Epoch: 176/200 | Batch 0000/0125 | Loss: 0.2932
Epoch: 176/200 | Batch 0050/0125 | Loss: 0.0023
Epoch: 176/200 | Batch 0100/0125 | Loss: 0.0048
MAE/RMSE/ACC: Current Valid: 1.26/1.88/47.05 Ep. 176 | Best Valid: 1.16/1.75/47.05 | Ep. 63
Time elapsed: 2.70 min
Epoch: 177/200 | Batch 0000/0125 | Loss: 0.1384
Epoch: 177/200 | Batch 0050/0125 | Loss: 0.4413
Epoch: 177/200 | Batch 0100/0125 | Loss: 0.1430
MAE/RMSE/ACC: Current Valid: 1.29/1.89/47.05 Ep. 177 | Best Valid: 1.16/1.75/47.05 | Ep. 63
Time elapsed: 2.72 min
Epoch: 178/200 | Batch 0000/0125 | Loss: 0.0364
Epoch: 178/200 | Batch 0050/0125 | Loss: 0.0248
Epoch: 178/200 | Batch 0100/0125 | Loss: 0.0655
MAE/RMSE/ACC: Current Valid: 1.27/1.87/47.05 Ep. 178 | Best Valid: 1.16/1.75/47.05 | Ep. 63
Time elapsed: 2.74 min
Epoch: 179/200 | Batch 0000/0125 | Loss: 0.1516
Epoch: 179/200 | Batch 0050/0125 | Loss: 0.0155
Epoch: 179/200 | Batch 0100/0125 | Loss: 0.0032
MAE/RMSE/ACC: Current Valid: 1.29/1.90/47.05 Ep. 179 | Best Valid: 1.16/1.75/47.05 | Ep. 63
Time elapsed: 2.75 min
Epoch: 180/200 | Batch 0000/0125 | Loss: 0.0034
Epoch: 180/200 | Batch 0050/0125 | Loss: 1.0638
Epoch: 180/200 | Batch 0100/0125 | Loss: 0.8712
MAE/RMSE/ACC: Current Valid: 1.25/1.83/47.05 Ep. 180 | Best Valid: 1.16/1.75/47.05 | Ep. 63
Time elapsed: 2.77 min
Epoch: 181/200 | Batch 0000/0125 | Loss: 0.7106
Epoch: 181/200 | Batch 0050/0125 | Loss: 0.0946
Epoch: 181/200 | Batch 0100/0125 | Loss: 0.0255
MAE/RMSE/ACC: Current Valid: 1.27/1.88/47.05 Ep. 181 | Best Valid: 1.16/1.75/47.05 | Ep. 63
Time elapsed: 2.78 min
Epoch: 182/200 | Batch 0000/0125 | Loss: 0.0162
Epoch: 182/200 | Batch 0050/0125 | Loss: 0.0230
Epoch: 182/200 | Batch 0100/0125 | Loss: 0.0211
MAE/RMSE/ACC: Current Valid: 1.31/1.92/47.05 Ep. 182 | Best Valid: 1.16/1.75/47.05 | Ep. 63
Time elapsed: 2.80 min
Epoch: 183/200 | Batch 0000/0125 | Loss: 0.4658
Epoch: 183/200 | Batch 0050/0125 | Loss: 0.0358
Epoch: 183/200 | Batch 0100/0125 | Loss: 0.0222
MAE/RMSE/ACC: Current Valid: 1.25/1.85/47.05 Ep. 183 | Best Valid: 1.16/1.75/47.05 | Ep. 63
Time elapsed: 2.81 min
Epoch: 184/200 | Batch 0000/0125 | Loss: 0.0094
Epoch: 184/200 | Batch 0050/0125 | Loss: 0.0249
Epoch: 184/200 | Batch 0100/0125 | Loss: 0.0034
MAE/RMSE/ACC: Current Valid: 1.28/1.89/47.05 Ep. 184 | Best Valid: 1.16/1.75/47.05 | Ep. 63
Time elapsed: 2.83 min
Epoch: 185/200 | Batch 0000/0125 | Loss: 0.0044
Epoch: 185/200 | Batch 0050/0125 | Loss: 0.0036
Epoch: 185/200 | Batch 0100/0125 | Loss: 0.0809
MAE/RMSE/ACC: Current Valid: 1.32/1.92/47.05 Ep. 185 | Best Valid: 1.16/1.75/47.05 | Ep. 63
Time elapsed: 2.85 min
Epoch: 186/200 | Batch 0000/0125 | Loss: 0.0807
Epoch: 186/200 | Batch 0050/0125 | Loss: 0.9888
Epoch: 186/200 | Batch 0100/0125 | Loss: 0.0675
MAE/RMSE/ACC: Current Valid: 1.26/1.87/47.05 Ep. 186 | Best Valid: 1.16/1.75/47.05 | Ep. 63
Time elapsed: 2.86 min
Epoch: 187/200 | Batch 0000/0125 | Loss: 0.0069
Epoch: 187/200 | Batch 0050/0125 | Loss: 0.0078
Epoch: 187/200 | Batch 0100/0125 | Loss: 0.0855
MAE/RMSE/ACC: Current Valid: 1.29/1.90/47.05 Ep. 187 | Best Valid: 1.16/1.75/47.05 | Ep. 63
Time elapsed: 2.88 min
Epoch: 188/200 | Batch 0000/0125 | Loss: 0.2063
Epoch: 188/200 | Batch 0050/0125 | Loss: 0.0017
Epoch: 188/200 | Batch 0100/0125 | Loss: 0.5639
MAE/RMSE/ACC: Current Valid: 1.26/1.88/47.05 Ep. 188 | Best Valid: 1.16/1.75/47.05 | Ep. 63
Time elapsed: 2.89 min
Epoch: 189/200 | Batch 0000/0125 | Loss: 0.0317
Epoch: 189/200 | Batch 0050/0125 | Loss: 0.0035
Epoch: 189/200 | Batch 0100/0125 | Loss: 0.0009
MAE/RMSE/ACC: Current Valid: 1.29/1.90/47.05 Ep. 189 | Best Valid: 1.16/1.75/47.05 | Ep. 63
Time elapsed: 2.91 min
Epoch: 190/200 | Batch 0000/0125 | Loss: 0.0081
Epoch: 190/200 | Batch 0050/0125 | Loss: 0.0045
Epoch: 190/200 | Batch 0100/0125 | Loss: 0.0014
MAE/RMSE/ACC: Current Valid: 1.28/1.89/47.05 Ep. 190 | Best Valid: 1.16/1.75/47.05 | Ep. 63
Time elapsed: 2.92 min
Epoch: 191/200 | Batch 0000/0125 | Loss: 0.0027
Epoch: 191/200 | Batch 0050/0125 | Loss: 0.0521
Epoch: 191/200 | Batch 0100/0125 | Loss: 0.0058
MAE/RMSE/ACC: Current Valid: 1.27/1.88/47.05 Ep. 191 | Best Valid: 1.16/1.75/47.05 | Ep. 63
Time elapsed: 2.94 min
Epoch: 192/200 | Batch 0000/0125 | Loss: 0.0373
Epoch: 192/200 | Batch 0050/0125 | Loss: 0.0041
Epoch: 192/200 | Batch 0100/0125 | Loss: 0.0009
MAE/RMSE/ACC: Current Valid: 1.28/1.89/47.05 Ep. 192 | Best Valid: 1.16/1.75/47.05 | Ep. 63
Time elapsed: 2.95 min
Epoch: 193/200 | Batch 0000/0125 | Loss: 0.0019
Epoch: 193/200 | Batch 0050/0125 | Loss: 0.0185
Epoch: 193/200 | Batch 0100/0125 | Loss: 0.0067
MAE/RMSE/ACC: Current Valid: 1.28/1.88/47.05 Ep. 193 | Best Valid: 1.16/1.75/47.05 | Ep. 63
Time elapsed: 2.97 min
Epoch: 194/200 | Batch 0000/0125 | Loss: 0.0325
Epoch: 194/200 | Batch 0050/0125 | Loss: 0.0047
Epoch: 194/200 | Batch 0100/0125 | Loss: 0.1448
MAE/RMSE/ACC: Current Valid: 1.27/1.87/47.05 Ep. 194 | Best Valid: 1.16/1.75/47.05 | Ep. 63
Time elapsed: 2.98 min
Epoch: 195/200 | Batch 0000/0125 | Loss: 0.0252
Epoch: 195/200 | Batch 0050/0125 | Loss: 0.0988
Epoch: 195/200 | Batch 0100/0125 | Loss: 0.0064
MAE/RMSE/ACC: Current Valid: 1.26/1.86/47.05 Ep. 195 | Best Valid: 1.16/1.75/47.05 | Ep. 63
Time elapsed: 3.00 min
Epoch: 196/200 | Batch 0000/0125 | Loss: 0.0102
Epoch: 196/200 | Batch 0050/0125 | Loss: 0.0024
Epoch: 196/200 | Batch 0100/0125 | Loss: 0.0084
MAE/RMSE/ACC: Current Valid: 1.27/1.87/47.05 Ep. 196 | Best Valid: 1.16/1.75/47.05 | Ep. 63
Time elapsed: 3.01 min
Epoch: 197/200 | Batch 0000/0125 | Loss: 0.3954
Epoch: 197/200 | Batch 0050/0125 | Loss: 0.0035
Epoch: 197/200 | Batch 0100/0125 | Loss: 0.0339
MAE/RMSE/ACC: Current Valid: 1.29/1.89/47.05 Ep. 197 | Best Valid: 1.16/1.75/47.05 | Ep. 63
Time elapsed: 3.03 min
Epoch: 198/200 | Batch 0000/0125 | Loss: 0.1533
Epoch: 198/200 | Batch 0050/0125 | Loss: 0.0307
Epoch: 198/200 | Batch 0100/0125 | Loss: 0.0543
MAE/RMSE/ACC: Current Valid: 1.30/1.91/47.05 Ep. 198 | Best Valid: 1.16/1.75/47.05 | Ep. 63
Time elapsed: 3.04 min
Epoch: 199/200 | Batch 0000/0125 | Loss: 0.0027
Epoch: 199/200 | Batch 0050/0125 | Loss: 0.0014
Epoch: 199/200 | Batch 0100/0125 | Loss: 0.0019
MAE/RMSE/ACC: Current Valid: 1.28/1.89/47.05 Ep. 199 | Best Valid: 1.16/1.75/47.05 | Ep. 63
Time elapsed: 3.06 min
Epoch: 200/200 | Batch 0000/0125 | Loss: 0.0021
Epoch: 200/200 | Batch 0050/0125 | Loss: 0.0265
Epoch: 200/200 | Batch 0100/0125 | Loss: 0.0009
MAE/RMSE/ACC: Current Valid: 1.26/1.87/47.05 Ep. 200 | Best Valid: 1.16/1.75/47.05 | Ep. 63
Time elapsed: 3.07 min
MAE/RMSE: | Train: 0.03/0.25 | Valid: 1.26/1.87 | Test: 1.26/1.85
ACC: | Train: 98.70 | Valid: 44.51 | Test: 43.46
Total Running Time: 3.09 min
MAE/RMSE: | Best Train: 0.45/1.12 | Best Valid: 1.16/1.75 | Best Test: 1.18/1.76
ACC: | Best Train: 81.03 | Best Valid: 47.05 | Best Test: 45.32
Total Running Time: 3.11 min
