This script: rnn_xentr.py
PyTorch Version: 1.10.1
CUDA device: cuda:4
CUDA version: 11.3
Random seed: 4
Learning rate: 0.0001
Epochs: 200
Batch size: 64
Output path: runs/coursera/rnn_xentr-imp0-seed4-epochs200-learningrate0.0001-batchsize64_best-rmse
Epoch: 001/200 | Batch 0000/0125 | Loss: 1.6125
Epoch: 001/200 | Batch 0050/0125 | Loss: 1.5154
Epoch: 001/200 | Batch 0100/0125 | Loss: 1.6305
MAE/RMSE/ACC: Current Valid: 1.57/2.03/25.81 Ep. 1 | Best Valid: 1.57/2.03/25.81 | Ep. 1
Time elapsed: 0.07 min
Epoch: 002/200 | Batch 0000/0125 | Loss: 1.5413
Epoch: 002/200 | Batch 0050/0125 | Loss: 1.5461
Epoch: 002/200 | Batch 0100/0125 | Loss: 1.6280
MAE/RMSE/ACC: Current Valid: 1.31/1.76/29.89 Ep. 2 | Best Valid: 1.31/1.76/29.89 | Ep. 2
Time elapsed: 0.08 min
Epoch: 003/200 | Batch 0000/0125 | Loss: 1.4437
Epoch: 003/200 | Batch 0050/0125 | Loss: 1.5491
Epoch: 003/200 | Batch 0100/0125 | Loss: 1.5031
MAE/RMSE/ACC: Current Valid: 1.21/1.63/30.45 Ep. 3 | Best Valid: 1.21/1.63/30.45 | Ep. 3
Time elapsed: 0.10 min
Epoch: 004/200 | Batch 0000/0125 | Loss: 1.4852
Epoch: 004/200 | Batch 0050/0125 | Loss: 1.4777
Epoch: 004/200 | Batch 0100/0125 | Loss: 1.3884
MAE/RMSE/ACC: Current Valid: 1.11/1.51/33.47 Ep. 4 | Best Valid: 1.11/1.51/33.47 | Ep. 4
Time elapsed: 0.11 min
Epoch: 005/200 | Batch 0000/0125 | Loss: 1.3483
Epoch: 005/200 | Batch 0050/0125 | Loss: 1.3176
Epoch: 005/200 | Batch 0100/0125 | Loss: 1.3678
MAE/RMSE/ACC: Current Valid: 1.09/1.53/36.78 Ep. 5 | Best Valid: 1.09/1.53/36.78 | Ep. 5
Time elapsed: 0.13 min
Epoch: 006/200 | Batch 0000/0125 | Loss: 1.3304
Epoch: 006/200 | Batch 0050/0125 | Loss: 1.2878
Epoch: 006/200 | Batch 0100/0125 | Loss: 1.2367
MAE/RMSE/ACC: Current Valid: 1.05/1.50/38.68 Ep. 6 | Best Valid: 1.05/1.50/38.68 | Ep. 6
Time elapsed: 0.14 min
Epoch: 007/200 | Batch 0000/0125 | Loss: 1.3757
Epoch: 007/200 | Batch 0050/0125 | Loss: 1.4189
Epoch: 007/200 | Batch 0100/0125 | Loss: 1.2235
MAE/RMSE/ACC: Current Valid: 1.05/1.50/38.68 Ep. 7 | Best Valid: 1.05/1.50/38.68 | Ep. 6
Time elapsed: 0.16 min
Epoch: 008/200 | Batch 0000/0125 | Loss: 1.3841
Epoch: 008/200 | Batch 0050/0125 | Loss: 1.2255
Epoch: 008/200 | Batch 0100/0125 | Loss: 1.1781
MAE/RMSE/ACC: Current Valid: 1.00/1.39/38.40 Ep. 8 | Best Valid: 1.00/1.39/38.40 | Ep. 8
Time elapsed: 0.17 min
Epoch: 009/200 | Batch 0000/0125 | Loss: 1.1459
Epoch: 009/200 | Batch 0050/0125 | Loss: 1.2042
Epoch: 009/200 | Batch 0100/0125 | Loss: 1.5089
MAE/RMSE/ACC: Current Valid: 0.96/1.41/42.41 Ep. 9 | Best Valid: 0.96/1.41/42.41 | Ep. 9
Time elapsed: 0.19 min
Epoch: 010/200 | Batch 0000/0125 | Loss: 1.1894
Epoch: 010/200 | Batch 0050/0125 | Loss: 1.4453
Epoch: 010/200 | Batch 0100/0125 | Loss: 1.2827
MAE/RMSE/ACC: Current Valid: 0.94/1.34/40.93 Ep. 10 | Best Valid: 0.94/1.34/40.93 | Ep. 10
Time elapsed: 0.20 min
Epoch: 011/200 | Batch 0000/0125 | Loss: 1.2200
Epoch: 011/200 | Batch 0050/0125 | Loss: 1.0499
Epoch: 011/200 | Batch 0100/0125 | Loss: 1.3107
MAE/RMSE/ACC: Current Valid: 0.96/1.39/40.93 Ep. 11 | Best Valid: 0.94/1.34/40.93 | Ep. 10
Time elapsed: 0.22 min
Epoch: 012/200 | Batch 0000/0125 | Loss: 1.1713
Epoch: 012/200 | Batch 0050/0125 | Loss: 1.2480
Epoch: 012/200 | Batch 0100/0125 | Loss: 1.4920
MAE/RMSE/ACC: Current Valid: 0.95/1.37/40.93 Ep. 12 | Best Valid: 0.94/1.34/40.93 | Ep. 10
Time elapsed: 0.23 min
Epoch: 013/200 | Batch 0000/0125 | Loss: 1.0851
Epoch: 013/200 | Batch 0050/0125 | Loss: 1.2161
Epoch: 013/200 | Batch 0100/0125 | Loss: 1.3135
MAE/RMSE/ACC: Current Valid: 0.91/1.35/44.16 Ep. 13 | Best Valid: 0.91/1.35/44.16 | Ep. 13
Time elapsed: 0.25 min
Epoch: 014/200 | Batch 0000/0125 | Loss: 1.1443
Epoch: 014/200 | Batch 0050/0125 | Loss: 1.1186
Epoch: 014/200 | Batch 0100/0125 | Loss: 1.2194
MAE/RMSE/ACC: Current Valid: 0.92/1.36/44.16 Ep. 14 | Best Valid: 0.91/1.35/44.16 | Ep. 13
Time elapsed: 0.26 min
Epoch: 015/200 | Batch 0000/0125 | Loss: 1.0112
Epoch: 015/200 | Batch 0050/0125 | Loss: 1.0478
Epoch: 015/200 | Batch 0100/0125 | Loss: 1.0292
MAE/RMSE/ACC: Current Valid: 0.94/1.35/44.16 Ep. 15 | Best Valid: 0.91/1.35/44.16 | Ep. 13
Time elapsed: 0.28 min
Epoch: 016/200 | Batch 0000/0125 | Loss: 0.9950
Epoch: 016/200 | Batch 0050/0125 | Loss: 1.1282
Epoch: 016/200 | Batch 0100/0125 | Loss: 1.0311
MAE/RMSE/ACC: Current Valid: 0.89/1.32/44.80 Ep. 16 | Best Valid: 0.89/1.32/44.80 | Ep. 16
Time elapsed: 0.29 min
Epoch: 017/200 | Batch 0000/0125 | Loss: 1.1143
Epoch: 017/200 | Batch 0050/0125 | Loss: 1.0332
Epoch: 017/200 | Batch 0100/0125 | Loss: 1.0722
MAE/RMSE/ACC: Current Valid: 0.88/1.30/45.43 Ep. 17 | Best Valid: 0.88/1.30/45.43 | Ep. 17
Time elapsed: 0.31 min
Epoch: 018/200 | Batch 0000/0125 | Loss: 1.2716
Epoch: 018/200 | Batch 0050/0125 | Loss: 0.9936
Epoch: 018/200 | Batch 0100/0125 | Loss: 1.0171
MAE/RMSE/ACC: Current Valid: 0.92/1.33/45.43 Ep. 18 | Best Valid: 0.88/1.30/45.43 | Ep. 17
Time elapsed: 0.32 min
Epoch: 019/200 | Batch 0000/0125 | Loss: 0.9340
Epoch: 019/200 | Batch 0050/0125 | Loss: 0.9207
Epoch: 019/200 | Batch 0100/0125 | Loss: 0.9627
MAE/RMSE/ACC: Current Valid: 0.89/1.31/45.43 Ep. 19 | Best Valid: 0.88/1.30/45.43 | Ep. 17
Time elapsed: 0.34 min
Epoch: 020/200 | Batch 0000/0125 | Loss: 0.8195
Epoch: 020/200 | Batch 0050/0125 | Loss: 0.9923
Epoch: 020/200 | Batch 0100/0125 | Loss: 0.9723
MAE/RMSE/ACC: Current Valid: 0.87/1.29/44.94 Ep. 20 | Best Valid: 0.87/1.29/44.94 | Ep. 20
Time elapsed: 0.35 min
Epoch: 021/200 | Batch 0000/0125 | Loss: 0.9546
Epoch: 021/200 | Batch 0050/0125 | Loss: 1.0718
Epoch: 021/200 | Batch 0100/0125 | Loss: 0.9838
MAE/RMSE/ACC: Current Valid: 0.90/1.31/44.94 Ep. 21 | Best Valid: 0.87/1.29/44.94 | Ep. 20
Time elapsed: 0.37 min
Epoch: 022/200 | Batch 0000/0125 | Loss: 0.8963
Epoch: 022/200 | Batch 0050/0125 | Loss: 1.0558
Epoch: 022/200 | Batch 0100/0125 | Loss: 0.8902
MAE/RMSE/ACC: Current Valid: 0.89/1.30/44.94 Ep. 22 | Best Valid: 0.87/1.29/44.94 | Ep. 20
Time elapsed: 0.39 min
Epoch: 023/200 | Batch 0000/0125 | Loss: 0.9934
Epoch: 023/200 | Batch 0050/0125 | Loss: 0.8684
Epoch: 023/200 | Batch 0100/0125 | Loss: 0.9656
MAE/RMSE/ACC: Current Valid: 0.88/1.29/44.94 Ep. 23 | Best Valid: 0.87/1.29/44.94 | Ep. 20
Time elapsed: 0.40 min
Epoch: 024/200 | Batch 0000/0125 | Loss: 0.8876
Epoch: 024/200 | Batch 0050/0125 | Loss: 1.0960
Epoch: 024/200 | Batch 0100/0125 | Loss: 1.1160
MAE/RMSE/ACC: Current Valid: 0.88/1.30/44.94 Ep. 24 | Best Valid: 0.87/1.29/44.94 | Ep. 20
Time elapsed: 0.42 min
Epoch: 025/200 | Batch 0000/0125 | Loss: 1.0094
Epoch: 025/200 | Batch 0050/0125 | Loss: 0.9378
Epoch: 025/200 | Batch 0100/0125 | Loss: 0.7999
MAE/RMSE/ACC: Current Valid: 0.89/1.30/44.94 Ep. 25 | Best Valid: 0.87/1.29/44.94 | Ep. 20
Time elapsed: 0.43 min
Epoch: 026/200 | Batch 0000/0125 | Loss: 1.0173
Epoch: 026/200 | Batch 0050/0125 | Loss: 0.8997
Epoch: 026/200 | Batch 0100/0125 | Loss: 0.9556
MAE/RMSE/ACC: Current Valid: 0.88/1.28/44.94 Ep. 26 | Best Valid: 0.87/1.29/44.94 | Ep. 20
Time elapsed: 0.45 min
Epoch: 027/200 | Batch 0000/0125 | Loss: 1.0403
Epoch: 027/200 | Batch 0050/0125 | Loss: 0.8890
Epoch: 027/200 | Batch 0100/0125 | Loss: 1.1395
MAE/RMSE/ACC: Current Valid: 0.95/1.37/44.94 Ep. 27 | Best Valid: 0.87/1.29/44.94 | Ep. 20
Time elapsed: 0.46 min
Epoch: 028/200 | Batch 0000/0125 | Loss: 1.2542
Epoch: 028/200 | Batch 0050/0125 | Loss: 0.6865
Epoch: 028/200 | Batch 0100/0125 | Loss: 1.0644
MAE/RMSE/ACC: Current Valid: 0.96/1.37/44.94 Ep. 28 | Best Valid: 0.87/1.29/44.94 | Ep. 20
Time elapsed: 0.48 min
Epoch: 029/200 | Batch 0000/0125 | Loss: 0.9895
Epoch: 029/200 | Batch 0050/0125 | Loss: 0.8690
Epoch: 029/200 | Batch 0100/0125 | Loss: 0.8122
MAE/RMSE/ACC: Current Valid: 0.87/1.28/44.94 Ep. 29 | Best Valid: 0.87/1.29/44.94 | Ep. 20
Time elapsed: 0.49 min
Epoch: 030/200 | Batch 0000/0125 | Loss: 0.6588
Epoch: 030/200 | Batch 0050/0125 | Loss: 0.8364
Epoch: 030/200 | Batch 0100/0125 | Loss: 0.9972
MAE/RMSE/ACC: Current Valid: 0.84/1.26/46.69 Ep. 30 | Best Valid: 0.84/1.26/46.69 | Ep. 30
Time elapsed: 0.51 min
Epoch: 031/200 | Batch 0000/0125 | Loss: 0.8226
Epoch: 031/200 | Batch 0050/0125 | Loss: 1.0399
Epoch: 031/200 | Batch 0100/0125 | Loss: 0.9198
MAE/RMSE/ACC: Current Valid: 0.90/1.30/46.69 Ep. 31 | Best Valid: 0.84/1.26/46.69 | Ep. 30
Time elapsed: 0.52 min
Epoch: 032/200 | Batch 0000/0125 | Loss: 0.8049
Epoch: 032/200 | Batch 0050/0125 | Loss: 0.8151
Epoch: 032/200 | Batch 0100/0125 | Loss: 1.0793
MAE/RMSE/ACC: Current Valid: 0.99/1.38/46.69 Ep. 32 | Best Valid: 0.84/1.26/46.69 | Ep. 30
Time elapsed: 0.54 min
Epoch: 033/200 | Batch 0000/0125 | Loss: 1.0744
Epoch: 033/200 | Batch 0050/0125 | Loss: 0.9853
Epoch: 033/200 | Batch 0100/0125 | Loss: 0.7019
MAE/RMSE/ACC: Current Valid: 0.87/1.28/46.69 Ep. 33 | Best Valid: 0.84/1.26/46.69 | Ep. 30
Time elapsed: 0.55 min
Epoch: 034/200 | Batch 0000/0125 | Loss: 0.8405
Epoch: 034/200 | Batch 0050/0125 | Loss: 0.7680
Epoch: 034/200 | Batch 0100/0125 | Loss: 1.0993
MAE/RMSE/ACC: Current Valid: 0.90/1.31/46.69 Ep. 34 | Best Valid: 0.84/1.26/46.69 | Ep. 30
Time elapsed: 0.57 min
Epoch: 035/200 | Batch 0000/0125 | Loss: 0.8023
Epoch: 035/200 | Batch 0050/0125 | Loss: 0.7689
Epoch: 035/200 | Batch 0100/0125 | Loss: 0.9946
MAE/RMSE/ACC: Current Valid: 0.86/1.25/46.69 Ep. 35 | Best Valid: 0.84/1.26/46.69 | Ep. 30
Time elapsed: 0.58 min
Epoch: 036/200 | Batch 0000/0125 | Loss: 0.7977
Epoch: 036/200 | Batch 0050/0125 | Loss: 0.9731
Epoch: 036/200 | Batch 0100/0125 | Loss: 0.7871
MAE/RMSE/ACC: Current Valid: 0.90/1.32/46.69 Ep. 36 | Best Valid: 0.84/1.26/46.69 | Ep. 30
Time elapsed: 0.60 min
Epoch: 037/200 | Batch 0000/0125 | Loss: 0.7205
Epoch: 037/200 | Batch 0050/0125 | Loss: 0.6985
Epoch: 037/200 | Batch 0100/0125 | Loss: 0.7873
MAE/RMSE/ACC: Current Valid: 0.91/1.33/46.69 Ep. 37 | Best Valid: 0.84/1.26/46.69 | Ep. 30
Time elapsed: 0.61 min
Epoch: 038/200 | Batch 0000/0125 | Loss: 0.5358
Epoch: 038/200 | Batch 0050/0125 | Loss: 0.9208
Epoch: 038/200 | Batch 0100/0125 | Loss: 0.8269
MAE/RMSE/ACC: Current Valid: 0.90/1.32/46.69 Ep. 38 | Best Valid: 0.84/1.26/46.69 | Ep. 30
Time elapsed: 0.63 min
Epoch: 039/200 | Batch 0000/0125 | Loss: 0.6540
Epoch: 039/200 | Batch 0050/0125 | Loss: 0.9139
Epoch: 039/200 | Batch 0100/0125 | Loss: 0.6597
MAE/RMSE/ACC: Current Valid: 0.88/1.31/46.69 Ep. 39 | Best Valid: 0.84/1.26/46.69 | Ep. 30
Time elapsed: 0.64 min
Epoch: 040/200 | Batch 0000/0125 | Loss: 0.5626
Epoch: 040/200 | Batch 0050/0125 | Loss: 0.8895
Epoch: 040/200 | Batch 0100/0125 | Loss: 0.6357
MAE/RMSE/ACC: Current Valid: 0.90/1.32/46.69 Ep. 40 | Best Valid: 0.84/1.26/46.69 | Ep. 30
Time elapsed: 0.65 min
Epoch: 041/200 | Batch 0000/0125 | Loss: 0.9836
Epoch: 041/200 | Batch 0050/0125 | Loss: 0.6303
Epoch: 041/200 | Batch 0100/0125 | Loss: 0.9952
MAE/RMSE/ACC: Current Valid: 0.85/1.27/46.69 Ep. 41 | Best Valid: 0.84/1.26/46.69 | Ep. 30
Time elapsed: 0.67 min
Epoch: 042/200 | Batch 0000/0125 | Loss: 1.0751
Epoch: 042/200 | Batch 0050/0125 | Loss: 0.7751
Epoch: 042/200 | Batch 0100/0125 | Loss: 0.7000
MAE/RMSE/ACC: Current Valid: 0.91/1.33/46.69 Ep. 42 | Best Valid: 0.84/1.26/46.69 | Ep. 30
Time elapsed: 0.68 min
Epoch: 043/200 | Batch 0000/0125 | Loss: 0.6611
Epoch: 043/200 | Batch 0050/0125 | Loss: 0.5952
Epoch: 043/200 | Batch 0100/0125 | Loss: 0.6640
MAE/RMSE/ACC: Current Valid: 0.87/1.29/46.69 Ep. 43 | Best Valid: 0.84/1.26/46.69 | Ep. 30
Time elapsed: 0.70 min
Epoch: 044/200 | Batch 0000/0125 | Loss: 1.2370
Epoch: 044/200 | Batch 0050/0125 | Loss: 0.4483
Epoch: 044/200 | Batch 0100/0125 | Loss: 0.7235
MAE/RMSE/ACC: Current Valid: 0.90/1.33/46.69 Ep. 44 | Best Valid: 0.84/1.26/46.69 | Ep. 30
Time elapsed: 0.71 min
Epoch: 045/200 | Batch 0000/0125 | Loss: 0.5586
Epoch: 045/200 | Batch 0050/0125 | Loss: 0.7577
Epoch: 045/200 | Batch 0100/0125 | Loss: 0.5670
MAE/RMSE/ACC: Current Valid: 0.83/1.25/47.40 Ep. 45 | Best Valid: 0.83/1.25/47.40 | Ep. 45
Time elapsed: 0.73 min
Epoch: 046/200 | Batch 0000/0125 | Loss: 0.4867
Epoch: 046/200 | Batch 0050/0125 | Loss: 0.6244
Epoch: 046/200 | Batch 0100/0125 | Loss: 0.5961
MAE/RMSE/ACC: Current Valid: 0.89/1.32/47.40 Ep. 46 | Best Valid: 0.83/1.25/47.40 | Ep. 45
Time elapsed: 0.74 min
Epoch: 047/200 | Batch 0000/0125 | Loss: 0.5298
Epoch: 047/200 | Batch 0050/0125 | Loss: 1.3314
Epoch: 047/200 | Batch 0100/0125 | Loss: 0.5836
MAE/RMSE/ACC: Current Valid: 0.85/1.27/47.40 Ep. 47 | Best Valid: 0.83/1.25/47.40 | Ep. 45
Time elapsed: 0.76 min
Epoch: 048/200 | Batch 0000/0125 | Loss: 0.6909
Epoch: 048/200 | Batch 0050/0125 | Loss: 0.4921
Epoch: 048/200 | Batch 0100/0125 | Loss: 1.2575
MAE/RMSE/ACC: Current Valid: 0.86/1.29/47.40 Ep. 48 | Best Valid: 0.83/1.25/47.40 | Ep. 45
Time elapsed: 0.77 min
Epoch: 049/200 | Batch 0000/0125 | Loss: 0.4633
Epoch: 049/200 | Batch 0050/0125 | Loss: 0.6944
Epoch: 049/200 | Batch 0100/0125 | Loss: 0.7297
MAE/RMSE/ACC: Current Valid: 1.04/1.46/47.40 Ep. 49 | Best Valid: 0.83/1.25/47.40 | Ep. 45
Time elapsed: 0.79 min
Epoch: 050/200 | Batch 0000/0125 | Loss: 1.9120
Epoch: 050/200 | Batch 0050/0125 | Loss: 0.7867
Epoch: 050/200 | Batch 0100/0125 | Loss: 0.6203
MAE/RMSE/ACC: Current Valid: 0.86/1.30/47.40 Ep. 50 | Best Valid: 0.83/1.25/47.40 | Ep. 45
Time elapsed: 0.80 min
Epoch: 051/200 | Batch 0000/0125 | Loss: 0.7064
Epoch: 051/200 | Batch 0050/0125 | Loss: 0.5380
Epoch: 051/200 | Batch 0100/0125 | Loss: 0.6051
MAE/RMSE/ACC: Current Valid: 0.86/1.29/47.40 Ep. 51 | Best Valid: 0.83/1.25/47.40 | Ep. 45
Time elapsed: 0.82 min
Epoch: 052/200 | Batch 0000/0125 | Loss: 0.6295
Epoch: 052/200 | Batch 0050/0125 | Loss: 0.5409
Epoch: 052/200 | Batch 0100/0125 | Loss: 0.4813
MAE/RMSE/ACC: Current Valid: 0.87/1.31/47.40 Ep. 52 | Best Valid: 0.83/1.25/47.40 | Ep. 45
Time elapsed: 0.83 min
Epoch: 053/200 | Batch 0000/0125 | Loss: 0.4954
Epoch: 053/200 | Batch 0050/0125 | Loss: 0.4610
Epoch: 053/200 | Batch 0100/0125 | Loss: 0.4979
MAE/RMSE/ACC: Current Valid: 0.87/1.30/47.40 Ep. 53 | Best Valid: 0.83/1.25/47.40 | Ep. 45
Time elapsed: 0.85 min
Epoch: 054/200 | Batch 0000/0125 | Loss: 0.6581
Epoch: 054/200 | Batch 0050/0125 | Loss: 0.5999
Epoch: 054/200 | Batch 0100/0125 | Loss: 1.2568
MAE/RMSE/ACC: Current Valid: 0.90/1.32/47.40 Ep. 54 | Best Valid: 0.83/1.25/47.40 | Ep. 45
Time elapsed: 0.86 min
Epoch: 055/200 | Batch 0000/0125 | Loss: 0.4280
Epoch: 055/200 | Batch 0050/0125 | Loss: 0.4300
Epoch: 055/200 | Batch 0100/0125 | Loss: 1.3724
MAE/RMSE/ACC: Current Valid: 0.86/1.29/47.40 Ep. 55 | Best Valid: 0.83/1.25/47.40 | Ep. 45
Time elapsed: 0.88 min
Epoch: 056/200 | Batch 0000/0125 | Loss: 0.7374
Epoch: 056/200 | Batch 0050/0125 | Loss: 0.5354
Epoch: 056/200 | Batch 0100/0125 | Loss: 0.3170
MAE/RMSE/ACC: Current Valid: 0.87/1.31/47.40 Ep. 56 | Best Valid: 0.83/1.25/47.40 | Ep. 45
Time elapsed: 0.89 min
Epoch: 057/200 | Batch 0000/0125 | Loss: 0.5518
Epoch: 057/200 | Batch 0050/0125 | Loss: 0.8429
Epoch: 057/200 | Batch 0100/0125 | Loss: 0.3112
MAE/RMSE/ACC: Current Valid: 0.86/1.30/47.40 Ep. 57 | Best Valid: 0.83/1.25/47.40 | Ep. 45
Time elapsed: 0.91 min
Epoch: 058/200 | Batch 0000/0125 | Loss: 0.7473
Epoch: 058/200 | Batch 0050/0125 | Loss: 0.8367
Epoch: 058/200 | Batch 0100/0125 | Loss: 0.3725
MAE/RMSE/ACC: Current Valid: 0.91/1.33/47.40 Ep. 58 | Best Valid: 0.83/1.25/47.40 | Ep. 45
Time elapsed: 0.92 min
Epoch: 059/200 | Batch 0000/0125 | Loss: 0.5970
Epoch: 059/200 | Batch 0050/0125 | Loss: 0.8228
Epoch: 059/200 | Batch 0100/0125 | Loss: 1.1265
MAE/RMSE/ACC: Current Valid: 0.89/1.33/47.40 Ep. 59 | Best Valid: 0.83/1.25/47.40 | Ep. 45
Time elapsed: 0.94 min
Epoch: 060/200 | Batch 0000/0125 | Loss: 0.2856
Epoch: 060/200 | Batch 0050/0125 | Loss: 0.6528
Epoch: 060/200 | Batch 0100/0125 | Loss: 0.5605
MAE/RMSE/ACC: Current Valid: 0.89/1.32/47.40 Ep. 60 | Best Valid: 0.83/1.25/47.40 | Ep. 45
Time elapsed: 0.95 min
Epoch: 061/200 | Batch 0000/0125 | Loss: 0.4238
Epoch: 061/200 | Batch 0050/0125 | Loss: 0.3830
Epoch: 061/200 | Batch 0100/0125 | Loss: 0.2651
MAE/RMSE/ACC: Current Valid: 0.91/1.35/47.40 Ep. 61 | Best Valid: 0.83/1.25/47.40 | Ep. 45
Time elapsed: 0.97 min
Epoch: 062/200 | Batch 0000/0125 | Loss: 0.7427
Epoch: 062/200 | Batch 0050/0125 | Loss: 0.7871
Epoch: 062/200 | Batch 0100/0125 | Loss: 1.0597
MAE/RMSE/ACC: Current Valid: 0.90/1.33/47.40 Ep. 62 | Best Valid: 0.83/1.25/47.40 | Ep. 45
Time elapsed: 0.98 min
Epoch: 063/200 | Batch 0000/0125 | Loss: 0.2265
Epoch: 063/200 | Batch 0050/0125 | Loss: 0.2996
Epoch: 063/200 | Batch 0100/0125 | Loss: 0.4392
MAE/RMSE/ACC: Current Valid: 0.93/1.36/47.40 Ep. 63 | Best Valid: 0.83/1.25/47.40 | Ep. 45
Time elapsed: 1.00 min
Epoch: 064/200 | Batch 0000/0125 | Loss: 0.3831
Epoch: 064/200 | Batch 0050/0125 | Loss: 0.4149
Epoch: 064/200 | Batch 0100/0125 | Loss: 0.3528
MAE/RMSE/ACC: Current Valid: 0.86/1.30/47.40 Ep. 64 | Best Valid: 0.83/1.25/47.40 | Ep. 45
Time elapsed: 1.01 min
Epoch: 065/200 | Batch 0000/0125 | Loss: 0.5273
Epoch: 065/200 | Batch 0050/0125 | Loss: 0.4648
Epoch: 065/200 | Batch 0100/0125 | Loss: 0.2814
MAE/RMSE/ACC: Current Valid: 0.90/1.33/47.40 Ep. 65 | Best Valid: 0.83/1.25/47.40 | Ep. 45
Time elapsed: 1.03 min
Epoch: 066/200 | Batch 0000/0125 | Loss: 0.3584
Epoch: 066/200 | Batch 0050/0125 | Loss: 0.2232
Epoch: 066/200 | Batch 0100/0125 | Loss: 0.3864
MAE/RMSE/ACC: Current Valid: 0.87/1.28/47.40 Ep. 66 | Best Valid: 0.83/1.25/47.40 | Ep. 45
Time elapsed: 1.04 min
Epoch: 067/200 | Batch 0000/0125 | Loss: 0.5052
Epoch: 067/200 | Batch 0050/0125 | Loss: 0.2281
Epoch: 067/200 | Batch 0100/0125 | Loss: 0.1606
MAE/RMSE/ACC: Current Valid: 0.90/1.33/47.40 Ep. 67 | Best Valid: 0.83/1.25/47.40 | Ep. 45
Time elapsed: 1.06 min
Epoch: 068/200 | Batch 0000/0125 | Loss: 0.2220
Epoch: 068/200 | Batch 0050/0125 | Loss: 0.4260
Epoch: 068/200 | Batch 0100/0125 | Loss: 0.8712
MAE/RMSE/ACC: Current Valid: 0.86/1.28/47.40 Ep. 68 | Best Valid: 0.83/1.25/47.40 | Ep. 45
Time elapsed: 1.07 min
Epoch: 069/200 | Batch 0000/0125 | Loss: 0.3353
Epoch: 069/200 | Batch 0050/0125 | Loss: 0.7172
Epoch: 069/200 | Batch 0100/0125 | Loss: 0.2743
MAE/RMSE/ACC: Current Valid: 0.90/1.33/47.40 Ep. 69 | Best Valid: 0.83/1.25/47.40 | Ep. 45
Time elapsed: 1.09 min
Epoch: 070/200 | Batch 0000/0125 | Loss: 0.4183
Epoch: 070/200 | Batch 0050/0125 | Loss: 0.5540
Epoch: 070/200 | Batch 0100/0125 | Loss: 0.2207
MAE/RMSE/ACC: Current Valid: 0.85/1.27/47.40 Ep. 70 | Best Valid: 0.83/1.25/47.40 | Ep. 45
Time elapsed: 1.10 min
Epoch: 071/200 | Batch 0000/0125 | Loss: 0.2831
Epoch: 071/200 | Batch 0050/0125 | Loss: 0.2610
Epoch: 071/200 | Batch 0100/0125 | Loss: 0.4864
MAE/RMSE/ACC: Current Valid: 0.89/1.31/47.40 Ep. 71 | Best Valid: 0.83/1.25/47.40 | Ep. 45
Time elapsed: 1.12 min
Epoch: 072/200 | Batch 0000/0125 | Loss: 0.4333
Epoch: 072/200 | Batch 0050/0125 | Loss: 0.3345
Epoch: 072/200 | Batch 0100/0125 | Loss: 0.5474
MAE/RMSE/ACC: Current Valid: 0.87/1.30/47.40 Ep. 72 | Best Valid: 0.83/1.25/47.40 | Ep. 45
Time elapsed: 1.13 min
Epoch: 073/200 | Batch 0000/0125 | Loss: 0.4685
Epoch: 073/200 | Batch 0050/0125 | Loss: 0.3415
Epoch: 073/200 | Batch 0100/0125 | Loss: 0.8856
MAE/RMSE/ACC: Current Valid: 0.92/1.36/47.40 Ep. 73 | Best Valid: 0.83/1.25/47.40 | Ep. 45
Time elapsed: 1.15 min
Epoch: 074/200 | Batch 0000/0125 | Loss: 0.3278
Epoch: 074/200 | Batch 0050/0125 | Loss: 0.5624
Epoch: 074/200 | Batch 0100/0125 | Loss: 0.3127
MAE/RMSE/ACC: Current Valid: 0.86/1.30/47.40 Ep. 74 | Best Valid: 0.83/1.25/47.40 | Ep. 45
Time elapsed: 1.16 min
Epoch: 075/200 | Batch 0000/0125 | Loss: 0.2190
Epoch: 075/200 | Batch 0050/0125 | Loss: 0.2933
Epoch: 075/200 | Batch 0100/0125 | Loss: 1.0716
MAE/RMSE/ACC: Current Valid: 0.88/1.30/47.40 Ep. 75 | Best Valid: 0.83/1.25/47.40 | Ep. 45
Time elapsed: 1.18 min
Epoch: 076/200 | Batch 0000/0125 | Loss: 0.9809
Epoch: 076/200 | Batch 0050/0125 | Loss: 0.3428
Epoch: 076/200 | Batch 0100/0125 | Loss: 0.1678
MAE/RMSE/ACC: Current Valid: 0.89/1.30/47.40 Ep. 76 | Best Valid: 0.83/1.25/47.40 | Ep. 45
Time elapsed: 1.19 min
Epoch: 077/200 | Batch 0000/0125 | Loss: 0.4143
Epoch: 077/200 | Batch 0050/0125 | Loss: 0.2430
Epoch: 077/200 | Batch 0100/0125 | Loss: 0.2409
MAE/RMSE/ACC: Current Valid: 0.94/1.35/47.40 Ep. 77 | Best Valid: 0.83/1.25/47.40 | Ep. 45
Time elapsed: 1.21 min
Epoch: 078/200 | Batch 0000/0125 | Loss: 0.5805
Epoch: 078/200 | Batch 0050/0125 | Loss: 0.1413
Epoch: 078/200 | Batch 0100/0125 | Loss: 0.5824
MAE/RMSE/ACC: Current Valid: 0.88/1.31/47.40 Ep. 78 | Best Valid: 0.83/1.25/47.40 | Ep. 45
Time elapsed: 1.22 min
Epoch: 079/200 | Batch 0000/0125 | Loss: 0.2453
Epoch: 079/200 | Batch 0050/0125 | Loss: 0.3992
Epoch: 079/200 | Batch 0100/0125 | Loss: 0.3660
MAE/RMSE/ACC: Current Valid: 0.86/1.29/47.40 Ep. 79 | Best Valid: 0.83/1.25/47.40 | Ep. 45
Time elapsed: 1.24 min
Epoch: 080/200 | Batch 0000/0125 | Loss: 0.0779
Epoch: 080/200 | Batch 0050/0125 | Loss: 0.3724
Epoch: 080/200 | Batch 0100/0125 | Loss: 0.1199
MAE/RMSE/ACC: Current Valid: 0.87/1.30/47.40 Ep. 80 | Best Valid: 0.83/1.25/47.40 | Ep. 45
Time elapsed: 1.25 min
Epoch: 081/200 | Batch 0000/0125 | Loss: 0.7594
Epoch: 081/200 | Batch 0050/0125 | Loss: 0.8900
Epoch: 081/200 | Batch 0100/0125 | Loss: 0.4139
MAE/RMSE/ACC: Current Valid: 0.88/1.29/47.40 Ep. 81 | Best Valid: 0.83/1.25/47.40 | Ep. 45
Time elapsed: 1.27 min
Epoch: 082/200 | Batch 0000/0125 | Loss: 0.1917
Epoch: 082/200 | Batch 0050/0125 | Loss: 0.1883
Epoch: 082/200 | Batch 0100/0125 | Loss: 0.2245
MAE/RMSE/ACC: Current Valid: 0.94/1.35/47.40 Ep. 82 | Best Valid: 0.83/1.25/47.40 | Ep. 45
Time elapsed: 1.29 min
Epoch: 083/200 | Batch 0000/0125 | Loss: 1.1800
Epoch: 083/200 | Batch 0050/0125 | Loss: 0.3451
Epoch: 083/200 | Batch 0100/0125 | Loss: 1.3435
MAE/RMSE/ACC: Current Valid: 0.98/1.40/47.40 Ep. 83 | Best Valid: 0.83/1.25/47.40 | Ep. 45
Time elapsed: 1.30 min
Epoch: 084/200 | Batch 0000/0125 | Loss: 0.4235
Epoch: 084/200 | Batch 0050/0125 | Loss: 0.8171
Epoch: 084/200 | Batch 0100/0125 | Loss: 0.4060
MAE/RMSE/ACC: Current Valid: 0.87/1.29/47.40 Ep. 84 | Best Valid: 0.83/1.25/47.40 | Ep. 45
Time elapsed: 1.32 min
Epoch: 085/200 | Batch 0000/0125 | Loss: 0.5664
Epoch: 085/200 | Batch 0050/0125 | Loss: 0.2156
Epoch: 085/200 | Batch 0100/0125 | Loss: 0.1717
MAE/RMSE/ACC: Current Valid: 0.87/1.29/47.40 Ep. 85 | Best Valid: 0.83/1.25/47.40 | Ep. 45
Time elapsed: 1.33 min
Epoch: 086/200 | Batch 0000/0125 | Loss: 0.1161
Epoch: 086/200 | Batch 0050/0125 | Loss: 0.1495
Epoch: 086/200 | Batch 0100/0125 | Loss: 0.1927
MAE/RMSE/ACC: Current Valid: 0.94/1.36/47.40 Ep. 86 | Best Valid: 0.83/1.25/47.40 | Ep. 45
Time elapsed: 1.35 min
Epoch: 087/200 | Batch 0000/0125 | Loss: 0.2058
Epoch: 087/200 | Batch 0050/0125 | Loss: 0.3181
Epoch: 087/200 | Batch 0100/0125 | Loss: 0.2118
MAE/RMSE/ACC: Current Valid: 0.93/1.35/47.40 Ep. 87 | Best Valid: 0.83/1.25/47.40 | Ep. 45
Time elapsed: 1.36 min
Epoch: 088/200 | Batch 0000/0125 | Loss: 0.2120
Epoch: 088/200 | Batch 0050/0125 | Loss: 0.5101
Epoch: 088/200 | Batch 0100/0125 | Loss: 1.0661
MAE/RMSE/ACC: Current Valid: 0.88/1.30/47.40 Ep. 88 | Best Valid: 0.83/1.25/47.40 | Ep. 45
Time elapsed: 1.38 min
Epoch: 089/200 | Batch 0000/0125 | Loss: 0.1278
Epoch: 089/200 | Batch 0050/0125 | Loss: 0.7613
Epoch: 089/200 | Batch 0100/0125 | Loss: 0.1979
MAE/RMSE/ACC: Current Valid: 0.88/1.29/47.40 Ep. 89 | Best Valid: 0.83/1.25/47.40 | Ep. 45
Time elapsed: 1.39 min
Epoch: 090/200 | Batch 0000/0125 | Loss: 0.1996
Epoch: 090/200 | Batch 0050/0125 | Loss: 0.1637
Epoch: 090/200 | Batch 0100/0125 | Loss: 0.7620
MAE/RMSE/ACC: Current Valid: 0.89/1.31/47.40 Ep. 90 | Best Valid: 0.83/1.25/47.40 | Ep. 45
Time elapsed: 1.41 min
Epoch: 091/200 | Batch 0000/0125 | Loss: 0.1086
Epoch: 091/200 | Batch 0050/0125 | Loss: 0.8317
Epoch: 091/200 | Batch 0100/0125 | Loss: 0.0686
MAE/RMSE/ACC: Current Valid: 0.91/1.33/47.40 Ep. 91 | Best Valid: 0.83/1.25/47.40 | Ep. 45
Time elapsed: 1.43 min
Epoch: 092/200 | Batch 0000/0125 | Loss: 1.4836
Epoch: 092/200 | Batch 0050/0125 | Loss: 0.3647
Epoch: 092/200 | Batch 0100/0125 | Loss: 0.3010
MAE/RMSE/ACC: Current Valid: 0.90/1.31/47.40 Ep. 92 | Best Valid: 0.83/1.25/47.40 | Ep. 45
Time elapsed: 1.44 min
Epoch: 093/200 | Batch 0000/0125 | Loss: 0.1229
Epoch: 093/200 | Batch 0050/0125 | Loss: 0.2828
Epoch: 093/200 | Batch 0100/0125 | Loss: 0.5426
MAE/RMSE/ACC: Current Valid: 0.87/1.28/47.40 Ep. 93 | Best Valid: 0.83/1.25/47.40 | Ep. 45
Time elapsed: 1.46 min
Epoch: 094/200 | Batch 0000/0125 | Loss: 0.2226
Epoch: 094/200 | Batch 0050/0125 | Loss: 0.4785
Epoch: 094/200 | Batch 0100/0125 | Loss: 0.0793
MAE/RMSE/ACC: Current Valid: 0.89/1.31/47.40 Ep. 94 | Best Valid: 0.83/1.25/47.40 | Ep. 45
Time elapsed: 1.47 min
Epoch: 095/200 | Batch 0000/0125 | Loss: 0.2034
Epoch: 095/200 | Batch 0050/0125 | Loss: 0.0782
Epoch: 095/200 | Batch 0100/0125 | Loss: 0.1267
MAE/RMSE/ACC: Current Valid: 0.89/1.31/47.40 Ep. 95 | Best Valid: 0.83/1.25/47.40 | Ep. 45
Time elapsed: 1.49 min
Epoch: 096/200 | Batch 0000/0125 | Loss: 0.2778
Epoch: 096/200 | Batch 0050/0125 | Loss: 0.2803
Epoch: 096/200 | Batch 0100/0125 | Loss: 0.4417
MAE/RMSE/ACC: Current Valid: 0.89/1.31/47.40 Ep. 96 | Best Valid: 0.83/1.25/47.40 | Ep. 45
Time elapsed: 1.50 min
Epoch: 097/200 | Batch 0000/0125 | Loss: 0.1631
Epoch: 097/200 | Batch 0050/0125 | Loss: 0.0583
Epoch: 097/200 | Batch 0100/0125 | Loss: 0.1557
MAE/RMSE/ACC: Current Valid: 0.90/1.31/47.40 Ep. 97 | Best Valid: 0.83/1.25/47.40 | Ep. 45
Time elapsed: 1.52 min
Epoch: 098/200 | Batch 0000/0125 | Loss: 0.0920
Epoch: 098/200 | Batch 0050/0125 | Loss: 0.1728
Epoch: 098/200 | Batch 0100/0125 | Loss: 0.1291
MAE/RMSE/ACC: Current Valid: 0.90/1.33/47.40 Ep. 98 | Best Valid: 0.83/1.25/47.40 | Ep. 45
Time elapsed: 1.54 min
Epoch: 099/200 | Batch 0000/0125 | Loss: 0.0777
Epoch: 099/200 | Batch 0050/0125 | Loss: 0.0384
Epoch: 099/200 | Batch 0100/0125 | Loss: 0.0998
MAE/RMSE/ACC: Current Valid: 0.89/1.32/47.40 Ep. 99 | Best Valid: 0.83/1.25/47.40 | Ep. 45
Time elapsed: 1.55 min
Epoch: 100/200 | Batch 0000/0125 | Loss: 0.0319
Epoch: 100/200 | Batch 0050/0125 | Loss: 0.0618
Epoch: 100/200 | Batch 0100/0125 | Loss: 0.0389
MAE/RMSE/ACC: Current Valid: 0.90/1.33/47.40 Ep. 100 | Best Valid: 0.83/1.25/47.40 | Ep. 45
Time elapsed: 1.57 min
Epoch: 101/200 | Batch 0000/0125 | Loss: 0.0366
Epoch: 101/200 | Batch 0050/0125 | Loss: 0.2722
Epoch: 101/200 | Batch 0100/0125 | Loss: 0.0823
MAE/RMSE/ACC: Current Valid: 0.94/1.36/47.40 Ep. 101 | Best Valid: 0.83/1.25/47.40 | Ep. 45
Time elapsed: 1.58 min
Epoch: 102/200 | Batch 0000/0125 | Loss: 0.2008
Epoch: 102/200 | Batch 0050/0125 | Loss: 0.0659
Epoch: 102/200 | Batch 0100/0125 | Loss: 0.1628
MAE/RMSE/ACC: Current Valid: 0.88/1.30/47.40 Ep. 102 | Best Valid: 0.83/1.25/47.40 | Ep. 45
Time elapsed: 1.60 min
Epoch: 103/200 | Batch 0000/0125 | Loss: 0.0768
Epoch: 103/200 | Batch 0050/0125 | Loss: 0.0628
Epoch: 103/200 | Batch 0100/0125 | Loss: 0.2459
MAE/RMSE/ACC: Current Valid: 0.91/1.34/47.40 Ep. 103 | Best Valid: 0.83/1.25/47.40 | Ep. 45
Time elapsed: 1.61 min
Epoch: 104/200 | Batch 0000/0125 | Loss: 0.0835
Epoch: 104/200 | Batch 0050/0125 | Loss: 0.1337
Epoch: 104/200 | Batch 0100/0125 | Loss: 0.0860
MAE/RMSE/ACC: Current Valid: 0.88/1.30/47.40 Ep. 104 | Best Valid: 0.83/1.25/47.40 | Ep. 45
Time elapsed: 1.63 min
Epoch: 105/200 | Batch 0000/0125 | Loss: 0.0334
Epoch: 105/200 | Batch 0050/0125 | Loss: 0.0304
Epoch: 105/200 | Batch 0100/0125 | Loss: 0.0181
MAE/RMSE/ACC: Current Valid: 0.90/1.32/47.40 Ep. 105 | Best Valid: 0.83/1.25/47.40 | Ep. 45
Time elapsed: 1.65 min
Epoch: 106/200 | Batch 0000/0125 | Loss: 0.0315
Epoch: 106/200 | Batch 0050/0125 | Loss: 0.0836
Epoch: 106/200 | Batch 0100/0125 | Loss: 0.0665
MAE/RMSE/ACC: Current Valid: 0.89/1.30/47.40 Ep. 106 | Best Valid: 0.83/1.25/47.40 | Ep. 45
Time elapsed: 1.66 min
Epoch: 107/200 | Batch 0000/0125 | Loss: 0.1910
Epoch: 107/200 | Batch 0050/0125 | Loss: 0.1430
Epoch: 107/200 | Batch 0100/0125 | Loss: 0.5860
MAE/RMSE/ACC: Current Valid: 0.95/1.33/47.40 Ep. 107 | Best Valid: 0.83/1.25/47.40 | Ep. 45
Time elapsed: 1.68 min
Epoch: 108/200 | Batch 0000/0125 | Loss: 3.9234
Epoch: 108/200 | Batch 0050/0125 | Loss: 0.2609
Epoch: 108/200 | Batch 0100/0125 | Loss: 0.0834
MAE/RMSE/ACC: Current Valid: 0.91/1.34/47.40 Ep. 108 | Best Valid: 0.83/1.25/47.40 | Ep. 45
Time elapsed: 1.69 min
Epoch: 109/200 | Batch 0000/0125 | Loss: 0.1412
Epoch: 109/200 | Batch 0050/0125 | Loss: 0.3656
Epoch: 109/200 | Batch 0100/0125 | Loss: 0.0882
MAE/RMSE/ACC: Current Valid: 0.90/1.32/47.40 Ep. 109 | Best Valid: 0.83/1.25/47.40 | Ep. 45
Time elapsed: 1.71 min
Epoch: 110/200 | Batch 0000/0125 | Loss: 0.0554
Epoch: 110/200 | Batch 0050/0125 | Loss: 0.9112
Epoch: 110/200 | Batch 0100/0125 | Loss: 0.1438
MAE/RMSE/ACC: Current Valid: 0.91/1.32/47.40 Ep. 110 | Best Valid: 0.83/1.25/47.40 | Ep. 45
Time elapsed: 1.72 min
Epoch: 111/200 | Batch 0000/0125 | Loss: 0.5077
Epoch: 111/200 | Batch 0050/0125 | Loss: 0.0278
Epoch: 111/200 | Batch 0100/0125 | Loss: 0.2528
MAE/RMSE/ACC: Current Valid: 0.89/1.31/47.40 Ep. 111 | Best Valid: 0.83/1.25/47.40 | Ep. 45
Time elapsed: 1.74 min
Epoch: 112/200 | Batch 0000/0125 | Loss: 0.1627
Epoch: 112/200 | Batch 0050/0125 | Loss: 0.0438
Epoch: 112/200 | Batch 0100/0125 | Loss: 0.0225
MAE/RMSE/ACC: Current Valid: 0.89/1.30/47.40 Ep. 112 | Best Valid: 0.83/1.25/47.40 | Ep. 45
Time elapsed: 1.75 min
Epoch: 113/200 | Batch 0000/0125 | Loss: 0.5881
Epoch: 113/200 | Batch 0050/0125 | Loss: 0.0597
Epoch: 113/200 | Batch 0100/0125 | Loss: 0.0527
MAE/RMSE/ACC: Current Valid: 0.90/1.32/47.40 Ep. 113 | Best Valid: 0.83/1.25/47.40 | Ep. 45
Time elapsed: 1.77 min
Epoch: 114/200 | Batch 0000/0125 | Loss: 0.0149
Epoch: 114/200 | Batch 0050/0125 | Loss: 0.1349
Epoch: 114/200 | Batch 0100/0125 | Loss: 0.3859
MAE/RMSE/ACC: Current Valid: 0.90/1.32/47.40 Ep. 114 | Best Valid: 0.83/1.25/47.40 | Ep. 45
Time elapsed: 1.79 min
Epoch: 115/200 | Batch 0000/0125 | Loss: 0.0598
Epoch: 115/200 | Batch 0050/0125 | Loss: 0.1119
Epoch: 115/200 | Batch 0100/0125 | Loss: 0.0217
MAE/RMSE/ACC: Current Valid: 0.91/1.33/47.40 Ep. 115 | Best Valid: 0.83/1.25/47.40 | Ep. 45
Time elapsed: 1.80 min
Epoch: 116/200 | Batch 0000/0125 | Loss: 1.0472
Epoch: 116/200 | Batch 0050/0125 | Loss: 0.3307
Epoch: 116/200 | Batch 0100/0125 | Loss: 0.1702
MAE/RMSE/ACC: Current Valid: 0.90/1.30/47.40 Ep. 116 | Best Valid: 0.83/1.25/47.40 | Ep. 45
Time elapsed: 1.82 min
Epoch: 117/200 | Batch 0000/0125 | Loss: 0.2889
Epoch: 117/200 | Batch 0050/0125 | Loss: 0.0781
Epoch: 117/200 | Batch 0100/0125 | Loss: 0.0270
MAE/RMSE/ACC: Current Valid: 0.90/1.32/47.40 Ep. 117 | Best Valid: 0.83/1.25/47.40 | Ep. 45
Time elapsed: 1.83 min
Epoch: 118/200 | Batch 0000/0125 | Loss: 1.0137
Epoch: 118/200 | Batch 0050/0125 | Loss: 0.0651
Epoch: 118/200 | Batch 0100/0125 | Loss: 0.2576
MAE/RMSE/ACC: Current Valid: 0.91/1.33/47.40 Ep. 118 | Best Valid: 0.83/1.25/47.40 | Ep. 45
Time elapsed: 1.85 min
Epoch: 119/200 | Batch 0000/0125 | Loss: 0.2037
Epoch: 119/200 | Batch 0050/0125 | Loss: 0.1348
Epoch: 119/200 | Batch 0100/0125 | Loss: 0.0512
MAE/RMSE/ACC: Current Valid: 0.89/1.30/47.40 Ep. 119 | Best Valid: 0.83/1.25/47.40 | Ep. 45
Time elapsed: 1.86 min
Epoch: 120/200 | Batch 0000/0125 | Loss: 0.0577
Epoch: 120/200 | Batch 0050/0125 | Loss: 0.0173
Epoch: 120/200 | Batch 0100/0125 | Loss: 0.1224
MAE/RMSE/ACC: Current Valid: 0.89/1.31/47.40 Ep. 120 | Best Valid: 0.83/1.25/47.40 | Ep. 45
Time elapsed: 1.88 min
Epoch: 121/200 | Batch 0000/0125 | Loss: 0.0260
Epoch: 121/200 | Batch 0050/0125 | Loss: 0.0150
Epoch: 121/200 | Batch 0100/0125 | Loss: 0.3240
MAE/RMSE/ACC: Current Valid: 0.90/1.32/47.40 Ep. 121 | Best Valid: 0.83/1.25/47.40 | Ep. 45
Time elapsed: 1.89 min
Epoch: 122/200 | Batch 0000/0125 | Loss: 0.0184
Epoch: 122/200 | Batch 0050/0125 | Loss: 0.0126
Epoch: 122/200 | Batch 0100/0125 | Loss: 0.1770
MAE/RMSE/ACC: Current Valid: 0.88/1.29/47.40 Ep. 122 | Best Valid: 0.83/1.25/47.40 | Ep. 45
Time elapsed: 1.91 min
Epoch: 123/200 | Batch 0000/0125 | Loss: 0.1329
Epoch: 123/200 | Batch 0050/0125 | Loss: 0.3584
Epoch: 123/200 | Batch 0100/0125 | Loss: 0.0306
MAE/RMSE/ACC: Current Valid: 0.88/1.30/47.40 Ep. 123 | Best Valid: 0.83/1.25/47.40 | Ep. 45
Time elapsed: 1.92 min
Epoch: 124/200 | Batch 0000/0125 | Loss: 0.0340
Epoch: 124/200 | Batch 0050/0125 | Loss: 0.0210
Epoch: 124/200 | Batch 0100/0125 | Loss: 0.0136
MAE/RMSE/ACC: Current Valid: 0.91/1.35/47.40 Ep. 124 | Best Valid: 0.83/1.25/47.40 | Ep. 45
Time elapsed: 1.94 min
Epoch: 125/200 | Batch 0000/0125 | Loss: 0.0663
Epoch: 125/200 | Batch 0050/0125 | Loss: 0.9431
Epoch: 125/200 | Batch 0100/0125 | Loss: 0.3275
MAE/RMSE/ACC: Current Valid: 0.91/1.33/47.40 Ep. 125 | Best Valid: 0.83/1.25/47.40 | Ep. 45
Time elapsed: 1.96 min
Epoch: 126/200 | Batch 0000/0125 | Loss: 0.4614
Epoch: 126/200 | Batch 0050/0125 | Loss: 0.0719
Epoch: 126/200 | Batch 0100/0125 | Loss: 0.0841
MAE/RMSE/ACC: Current Valid: 0.90/1.33/47.40 Ep. 126 | Best Valid: 0.83/1.25/47.40 | Ep. 45
Time elapsed: 1.97 min
Epoch: 127/200 | Batch 0000/0125 | Loss: 0.0249
Epoch: 127/200 | Batch 0050/0125 | Loss: 0.0424
Epoch: 127/200 | Batch 0100/0125 | Loss: 0.0742
MAE/RMSE/ACC: Current Valid: 0.90/1.31/47.40 Ep. 127 | Best Valid: 0.83/1.25/47.40 | Ep. 45
Time elapsed: 1.99 min
Epoch: 128/200 | Batch 0000/0125 | Loss: 0.1362
Epoch: 128/200 | Batch 0050/0125 | Loss: 0.0184
Epoch: 128/200 | Batch 0100/0125 | Loss: 0.0450
MAE/RMSE/ACC: Current Valid: 0.91/1.32/47.40 Ep. 128 | Best Valid: 0.83/1.25/47.40 | Ep. 45
Time elapsed: 2.00 min
Epoch: 129/200 | Batch 0000/0125 | Loss: 0.0341
Epoch: 129/200 | Batch 0050/0125 | Loss: 0.0569
Epoch: 129/200 | Batch 0100/0125 | Loss: 0.0979
MAE/RMSE/ACC: Current Valid: 0.89/1.31/47.40 Ep. 129 | Best Valid: 0.83/1.25/47.40 | Ep. 45
Time elapsed: 2.02 min
Epoch: 130/200 | Batch 0000/0125 | Loss: 0.5985
Epoch: 130/200 | Batch 0050/0125 | Loss: 0.1036
Epoch: 130/200 | Batch 0100/0125 | Loss: 0.0172
MAE/RMSE/ACC: Current Valid: 0.92/1.34/47.40 Ep. 130 | Best Valid: 0.83/1.25/47.40 | Ep. 45
Time elapsed: 2.04 min
Epoch: 131/200 | Batch 0000/0125 | Loss: 0.0921
Epoch: 131/200 | Batch 0050/0125 | Loss: 0.0446
Epoch: 131/200 | Batch 0100/0125 | Loss: 0.0217
MAE/RMSE/ACC: Current Valid: 0.93/1.35/47.40 Ep. 131 | Best Valid: 0.83/1.25/47.40 | Ep. 45
Time elapsed: 2.05 min
Epoch: 132/200 | Batch 0000/0125 | Loss: 0.0476
Epoch: 132/200 | Batch 0050/0125 | Loss: 0.1156
Epoch: 132/200 | Batch 0100/0125 | Loss: 0.0124
MAE/RMSE/ACC: Current Valid: 0.90/1.32/47.40 Ep. 132 | Best Valid: 0.83/1.25/47.40 | Ep. 45
Time elapsed: 2.07 min
Epoch: 133/200 | Batch 0000/0125 | Loss: 0.0105
Epoch: 133/200 | Batch 0050/0125 | Loss: 1.1975
Epoch: 133/200 | Batch 0100/0125 | Loss: 0.4961
MAE/RMSE/ACC: Current Valid: 0.92/1.32/47.40 Ep. 133 | Best Valid: 0.83/1.25/47.40 | Ep. 45
Time elapsed: 2.08 min
Epoch: 134/200 | Batch 0000/0125 | Loss: 0.0418
Epoch: 134/200 | Batch 0050/0125 | Loss: 0.2535
Epoch: 134/200 | Batch 0100/0125 | Loss: 0.0437
MAE/RMSE/ACC: Current Valid: 0.89/1.30/47.40 Ep. 134 | Best Valid: 0.83/1.25/47.40 | Ep. 45
Time elapsed: 2.10 min
Epoch: 135/200 | Batch 0000/0125 | Loss: 0.0121
Epoch: 135/200 | Batch 0050/0125 | Loss: 0.0722
Epoch: 135/200 | Batch 0100/0125 | Loss: 0.0224
MAE/RMSE/ACC: Current Valid: 0.90/1.33/47.40 Ep. 135 | Best Valid: 0.83/1.25/47.40 | Ep. 45
Time elapsed: 2.11 min
Epoch: 136/200 | Batch 0000/0125 | Loss: 0.0358
Epoch: 136/200 | Batch 0050/0125 | Loss: 0.3327
Epoch: 136/200 | Batch 0100/0125 | Loss: 0.0820
MAE/RMSE/ACC: Current Valid: 0.92/1.33/47.40 Ep. 136 | Best Valid: 0.83/1.25/47.40 | Ep. 45
Time elapsed: 2.13 min
Epoch: 137/200 | Batch 0000/0125 | Loss: 0.0467
Epoch: 137/200 | Batch 0050/0125 | Loss: 0.0277
Epoch: 137/200 | Batch 0100/0125 | Loss: 0.2896
MAE/RMSE/ACC: Current Valid: 0.89/1.31/47.40 Ep. 137 | Best Valid: 0.83/1.25/47.40 | Ep. 45
Time elapsed: 2.15 min
Epoch: 138/200 | Batch 0000/0125 | Loss: 0.1281
Epoch: 138/200 | Batch 0050/0125 | Loss: 0.0097
Epoch: 138/200 | Batch 0100/0125 | Loss: 0.6379
MAE/RMSE/ACC: Current Valid: 1.00/1.46/47.40 Ep. 138 | Best Valid: 0.83/1.25/47.40 | Ep. 45
Time elapsed: 2.16 min
Epoch: 139/200 | Batch 0000/0125 | Loss: 0.5426
Epoch: 139/200 | Batch 0050/0125 | Loss: 0.1689
Epoch: 139/200 | Batch 0100/0125 | Loss: 0.0980
MAE/RMSE/ACC: Current Valid: 0.91/1.34/47.40 Ep. 139 | Best Valid: 0.83/1.25/47.40 | Ep. 45
Time elapsed: 2.18 min
Epoch: 140/200 | Batch 0000/0125 | Loss: 0.3006
Epoch: 140/200 | Batch 0050/0125 | Loss: 0.4755
Epoch: 140/200 | Batch 0100/0125 | Loss: 0.3326
MAE/RMSE/ACC: Current Valid: 0.96/1.37/47.40 Ep. 140 | Best Valid: 0.83/1.25/47.40 | Ep. 45
Time elapsed: 2.19 min
Epoch: 141/200 | Batch 0000/0125 | Loss: 0.2655
Epoch: 141/200 | Batch 0050/0125 | Loss: 0.0976
Epoch: 141/200 | Batch 0100/0125 | Loss: 0.2281
MAE/RMSE/ACC: Current Valid: 0.89/1.30/47.40 Ep. 141 | Best Valid: 0.83/1.25/47.40 | Ep. 45
Time elapsed: 2.21 min
Epoch: 142/200 | Batch 0000/0125 | Loss: 0.1590
Epoch: 142/200 | Batch 0050/0125 | Loss: 0.2441
Epoch: 142/200 | Batch 0100/0125 | Loss: 0.0576
MAE/RMSE/ACC: Current Valid: 0.89/1.31/47.40 Ep. 142 | Best Valid: 0.83/1.25/47.40 | Ep. 45
Time elapsed: 2.22 min
Epoch: 143/200 | Batch 0000/0125 | Loss: 0.0532
Epoch: 143/200 | Batch 0050/0125 | Loss: 0.0206
Epoch: 143/200 | Batch 0100/0125 | Loss: 0.2277
MAE/RMSE/ACC: Current Valid: 0.90/1.31/47.40 Ep. 143 | Best Valid: 0.83/1.25/47.40 | Ep. 45
Time elapsed: 2.24 min
Epoch: 144/200 | Batch 0000/0125 | Loss: 0.0160
Epoch: 144/200 | Batch 0050/0125 | Loss: 0.0199
Epoch: 144/200 | Batch 0100/0125 | Loss: 0.0213
MAE/RMSE/ACC: Current Valid: 0.90/1.32/47.40 Ep. 144 | Best Valid: 0.83/1.25/47.40 | Ep. 45
Time elapsed: 2.26 min
Epoch: 145/200 | Batch 0000/0125 | Loss: 0.0147
Epoch: 145/200 | Batch 0050/0125 | Loss: 0.0093
Epoch: 145/200 | Batch 0100/0125 | Loss: 0.0076
MAE/RMSE/ACC: Current Valid: 0.88/1.29/47.40 Ep. 145 | Best Valid: 0.83/1.25/47.40 | Ep. 45
Time elapsed: 2.27 min
Epoch: 146/200 | Batch 0000/0125 | Loss: 0.0986
Epoch: 146/200 | Batch 0050/0125 | Loss: 0.0365
Epoch: 146/200 | Batch 0100/0125 | Loss: 1.0608
MAE/RMSE/ACC: Current Valid: 0.88/1.30/47.40 Ep. 146 | Best Valid: 0.83/1.25/47.40 | Ep. 45
Time elapsed: 2.29 min
Epoch: 147/200 | Batch 0000/0125 | Loss: 0.0295
Epoch: 147/200 | Batch 0050/0125 | Loss: 0.0140
Epoch: 147/200 | Batch 0100/0125 | Loss: 0.0486
MAE/RMSE/ACC: Current Valid: 0.89/1.31/47.40 Ep. 147 | Best Valid: 0.83/1.25/47.40 | Ep. 45
Time elapsed: 2.30 min
Epoch: 148/200 | Batch 0000/0125 | Loss: 0.1678
Epoch: 148/200 | Batch 0050/0125 | Loss: 0.1349
Epoch: 148/200 | Batch 0100/0125 | Loss: 0.0282
MAE/RMSE/ACC: Current Valid: 0.88/1.29/47.40 Ep. 148 | Best Valid: 0.83/1.25/47.40 | Ep. 45
Time elapsed: 2.32 min
Epoch: 149/200 | Batch 0000/0125 | Loss: 0.0301
Epoch: 149/200 | Batch 0050/0125 | Loss: 0.2489
Epoch: 149/200 | Batch 0100/0125 | Loss: 0.4671
MAE/RMSE/ACC: Current Valid: 0.96/1.36/47.40 Ep. 149 | Best Valid: 0.83/1.25/47.40 | Ep. 45
Time elapsed: 2.34 min
Epoch: 150/200 | Batch 0000/0125 | Loss: 0.5640
Epoch: 150/200 | Batch 0050/0125 | Loss: 0.2225
Epoch: 150/200 | Batch 0100/0125 | Loss: 0.0534
MAE/RMSE/ACC: Current Valid: 0.89/1.31/47.40 Ep. 150 | Best Valid: 0.83/1.25/47.40 | Ep. 45
Time elapsed: 2.35 min
Epoch: 151/200 | Batch 0000/0125 | Loss: 0.0260
Epoch: 151/200 | Batch 0050/0125 | Loss: 0.0085
Epoch: 151/200 | Batch 0100/0125 | Loss: 0.0125
MAE/RMSE/ACC: Current Valid: 0.89/1.29/47.40 Ep. 151 | Best Valid: 0.83/1.25/47.40 | Ep. 45
Time elapsed: 2.37 min
Epoch: 152/200 | Batch 0000/0125 | Loss: 0.0257
Epoch: 152/200 | Batch 0050/0125 | Loss: 0.0386
Epoch: 152/200 | Batch 0100/0125 | Loss: 0.0158
MAE/RMSE/ACC: Current Valid: 0.88/1.30/47.40 Ep. 152 | Best Valid: 0.83/1.25/47.40 | Ep. 45
Time elapsed: 2.38 min
Epoch: 153/200 | Batch 0000/0125 | Loss: 0.0146
Epoch: 153/200 | Batch 0050/0125 | Loss: 0.0280
Epoch: 153/200 | Batch 0100/0125 | Loss: 0.2836
MAE/RMSE/ACC: Current Valid: 0.88/1.29/47.40 Ep. 153 | Best Valid: 0.83/1.25/47.40 | Ep. 45
Time elapsed: 2.40 min
Epoch: 154/200 | Batch 0000/0125 | Loss: 0.0310
Epoch: 154/200 | Batch 0050/0125 | Loss: 0.0076
Epoch: 154/200 | Batch 0100/0125 | Loss: 0.0201
MAE/RMSE/ACC: Current Valid: 0.88/1.29/47.40 Ep. 154 | Best Valid: 0.83/1.25/47.40 | Ep. 45
Time elapsed: 2.41 min
Epoch: 155/200 | Batch 0000/0125 | Loss: 0.0082
Epoch: 155/200 | Batch 0050/0125 | Loss: 0.2216
Epoch: 155/200 | Batch 0100/0125 | Loss: 0.0312
MAE/RMSE/ACC: Current Valid: 0.88/1.29/47.40 Ep. 155 | Best Valid: 0.83/1.25/47.40 | Ep. 45
Time elapsed: 2.43 min
Epoch: 156/200 | Batch 0000/0125 | Loss: 0.0065
Epoch: 156/200 | Batch 0050/0125 | Loss: 0.0343
Epoch: 156/200 | Batch 0100/0125 | Loss: 0.0491
MAE/RMSE/ACC: Current Valid: 0.88/1.29/47.40 Ep. 156 | Best Valid: 0.83/1.25/47.40 | Ep. 45
Time elapsed: 2.45 min
Epoch: 157/200 | Batch 0000/0125 | Loss: 0.0041
Epoch: 157/200 | Batch 0050/0125 | Loss: 0.0042
Epoch: 157/200 | Batch 0100/0125 | Loss: 0.0089
MAE/RMSE/ACC: Current Valid: 0.90/1.31/47.40 Ep. 157 | Best Valid: 0.83/1.25/47.40 | Ep. 45
Time elapsed: 2.46 min
Epoch: 158/200 | Batch 0000/0125 | Loss: 0.0106
Epoch: 158/200 | Batch 0050/0125 | Loss: 0.1323
Epoch: 158/200 | Batch 0100/0125 | Loss: 0.0275
MAE/RMSE/ACC: Current Valid: 0.90/1.31/47.40 Ep. 158 | Best Valid: 0.83/1.25/47.40 | Ep. 45
Time elapsed: 2.48 min
Epoch: 159/200 | Batch 0000/0125 | Loss: 0.0092
Epoch: 159/200 | Batch 0050/0125 | Loss: 0.0118
Epoch: 159/200 | Batch 0100/0125 | Loss: 0.2198
MAE/RMSE/ACC: Current Valid: 0.90/1.33/47.40 Ep. 159 | Best Valid: 0.83/1.25/47.40 | Ep. 45
Time elapsed: 2.49 min
Epoch: 160/200 | Batch 0000/0125 | Loss: 0.0285
Epoch: 160/200 | Batch 0050/0125 | Loss: 4.9855
Epoch: 160/200 | Batch 0100/0125 | Loss: 0.4836
MAE/RMSE/ACC: Current Valid: 0.89/1.29/47.40 Ep. 160 | Best Valid: 0.83/1.25/47.40 | Ep. 45
Time elapsed: 2.51 min
Epoch: 161/200 | Batch 0000/0125 | Loss: 0.0338
Epoch: 161/200 | Batch 0050/0125 | Loss: 0.0902
Epoch: 161/200 | Batch 0100/0125 | Loss: 0.0417
MAE/RMSE/ACC: Current Valid: 0.90/1.32/47.40 Ep. 161 | Best Valid: 0.83/1.25/47.40 | Ep. 45
Time elapsed: 2.52 min
Epoch: 162/200 | Batch 0000/0125 | Loss: 0.0208
Epoch: 162/200 | Batch 0050/0125 | Loss: 0.0098
Epoch: 162/200 | Batch 0100/0125 | Loss: 0.8498
MAE/RMSE/ACC: Current Valid: 0.91/1.32/47.40 Ep. 162 | Best Valid: 0.83/1.25/47.40 | Ep. 45
Time elapsed: 2.54 min
Epoch: 163/200 | Batch 0000/0125 | Loss: 0.1283
Epoch: 163/200 | Batch 0050/0125 | Loss: 0.1075
Epoch: 163/200 | Batch 0100/0125 | Loss: 0.0197
MAE/RMSE/ACC: Current Valid: 0.87/1.27/47.40 Ep. 163 | Best Valid: 0.83/1.25/47.40 | Ep. 45
Time elapsed: 2.56 min
Epoch: 164/200 | Batch 0000/0125 | Loss: 0.0460
Epoch: 164/200 | Batch 0050/0125 | Loss: 0.0500
Epoch: 164/200 | Batch 0100/0125 | Loss: 0.1463
MAE/RMSE/ACC: Current Valid: 0.90/1.32/47.40 Ep. 164 | Best Valid: 0.83/1.25/47.40 | Ep. 45
Time elapsed: 2.57 min
Epoch: 165/200 | Batch 0000/0125 | Loss: 0.1028
Epoch: 165/200 | Batch 0050/0125 | Loss: 0.0280
Epoch: 165/200 | Batch 0100/0125 | Loss: 0.0911
MAE/RMSE/ACC: Current Valid: 0.91/1.32/47.40 Ep. 165 | Best Valid: 0.83/1.25/47.40 | Ep. 45
Time elapsed: 2.59 min
Epoch: 166/200 | Batch 0000/0125 | Loss: 0.0248
Epoch: 166/200 | Batch 0050/0125 | Loss: 0.0563
Epoch: 166/200 | Batch 0100/0125 | Loss: 0.2106
MAE/RMSE/ACC: Current Valid: 0.92/1.33/47.40 Ep. 166 | Best Valid: 0.83/1.25/47.40 | Ep. 45
Time elapsed: 2.60 min
Epoch: 167/200 | Batch 0000/0125 | Loss: 0.0560
Epoch: 167/200 | Batch 0050/0125 | Loss: 0.0373
Epoch: 167/200 | Batch 0100/0125 | Loss: 0.0202
MAE/RMSE/ACC: Current Valid: 0.91/1.32/47.40 Ep. 167 | Best Valid: 0.83/1.25/47.40 | Ep. 45
Time elapsed: 2.62 min
Epoch: 168/200 | Batch 0000/0125 | Loss: 0.0069
Epoch: 168/200 | Batch 0050/0125 | Loss: 0.1619
Epoch: 168/200 | Batch 0100/0125 | Loss: 0.8889
MAE/RMSE/ACC: Current Valid: 0.89/1.31/47.40 Ep. 168 | Best Valid: 0.83/1.25/47.40 | Ep. 45
Time elapsed: 2.63 min
Epoch: 169/200 | Batch 0000/0125 | Loss: 0.0840
Epoch: 169/200 | Batch 0050/0125 | Loss: 0.0075
Epoch: 169/200 | Batch 0100/0125 | Loss: 0.0168
MAE/RMSE/ACC: Current Valid: 0.91/1.32/47.40 Ep. 169 | Best Valid: 0.83/1.25/47.40 | Ep. 45
Time elapsed: 2.65 min
Epoch: 170/200 | Batch 0000/0125 | Loss: 0.0541
Epoch: 170/200 | Batch 0050/0125 | Loss: 0.0145
Epoch: 170/200 | Batch 0100/0125 | Loss: 0.0167
MAE/RMSE/ACC: Current Valid: 0.89/1.31/47.40 Ep. 170 | Best Valid: 0.83/1.25/47.40 | Ep. 45
Time elapsed: 2.67 min
Epoch: 171/200 | Batch 0000/0125 | Loss: 0.0088
Epoch: 171/200 | Batch 0050/0125 | Loss: 0.2450
Epoch: 171/200 | Batch 0100/0125 | Loss: 0.0044
MAE/RMSE/ACC: Current Valid: 0.90/1.31/47.40 Ep. 171 | Best Valid: 0.83/1.25/47.40 | Ep. 45
Time elapsed: 2.68 min
Epoch: 172/200 | Batch 0000/0125 | Loss: 0.0087
Epoch: 172/200 | Batch 0050/0125 | Loss: 0.0025
Epoch: 172/200 | Batch 0100/0125 | Loss: 0.0099
MAE/RMSE/ACC: Current Valid: 0.89/1.31/47.40 Ep. 172 | Best Valid: 0.83/1.25/47.40 | Ep. 45
Time elapsed: 2.70 min
Epoch: 173/200 | Batch 0000/0125 | Loss: 0.0092
Epoch: 173/200 | Batch 0050/0125 | Loss: 0.0079
Epoch: 173/200 | Batch 0100/0125 | Loss: 0.0401
MAE/RMSE/ACC: Current Valid: 0.89/1.31/47.40 Ep. 173 | Best Valid: 0.83/1.25/47.40 | Ep. 45
Time elapsed: 2.71 min
Epoch: 174/200 | Batch 0000/0125 | Loss: 0.0167
Epoch: 174/200 | Batch 0050/0125 | Loss: 0.0112
Epoch: 174/200 | Batch 0100/0125 | Loss: 0.0034
MAE/RMSE/ACC: Current Valid: 0.88/1.29/47.40 Ep. 174 | Best Valid: 0.83/1.25/47.40 | Ep. 45
Time elapsed: 2.73 min
Epoch: 175/200 | Batch 0000/0125 | Loss: 0.0038
Epoch: 175/200 | Batch 0050/0125 | Loss: 0.0297
Epoch: 175/200 | Batch 0100/0125 | Loss: 0.3692
MAE/RMSE/ACC: Current Valid: 0.89/1.31/47.40 Ep. 175 | Best Valid: 0.83/1.25/47.40 | Ep. 45
Time elapsed: 2.74 min
Epoch: 176/200 | Batch 0000/0125 | Loss: 0.0048
Epoch: 176/200 | Batch 0050/0125 | Loss: 0.0122
Epoch: 176/200 | Batch 0100/0125 | Loss: 0.0054
MAE/RMSE/ACC: Current Valid: 0.90/1.32/47.40 Ep. 176 | Best Valid: 0.83/1.25/47.40 | Ep. 45
Time elapsed: 2.76 min
Epoch: 177/200 | Batch 0000/0125 | Loss: 0.0059
Epoch: 177/200 | Batch 0050/0125 | Loss: 0.0114
Epoch: 177/200 | Batch 0100/0125 | Loss: 0.0027
MAE/RMSE/ACC: Current Valid: 0.90/1.32/47.40 Ep. 177 | Best Valid: 0.83/1.25/47.40 | Ep. 45
Time elapsed: 2.78 min
Epoch: 178/200 | Batch 0000/0125 | Loss: 0.7664
Epoch: 178/200 | Batch 0050/0125 | Loss: 0.0105
Epoch: 178/200 | Batch 0100/0125 | Loss: 0.0546
MAE/RMSE/ACC: Current Valid: 0.89/1.30/47.40 Ep. 178 | Best Valid: 0.83/1.25/47.40 | Ep. 45
Time elapsed: 2.79 min
Epoch: 179/200 | Batch 0000/0125 | Loss: 0.0232
Epoch: 179/200 | Batch 0050/0125 | Loss: 0.0054
Epoch: 179/200 | Batch 0100/0125 | Loss: 0.0009
MAE/RMSE/ACC: Current Valid: 0.90/1.32/47.40 Ep. 179 | Best Valid: 0.83/1.25/47.40 | Ep. 45
Time elapsed: 2.81 min
Epoch: 180/200 | Batch 0000/0125 | Loss: 0.3066
Epoch: 180/200 | Batch 0050/0125 | Loss: 0.0128
Epoch: 180/200 | Batch 0100/0125 | Loss: 0.0054
MAE/RMSE/ACC: Current Valid: 0.89/1.30/47.40 Ep. 180 | Best Valid: 0.83/1.25/47.40 | Ep. 45
Time elapsed: 2.82 min
Epoch: 181/200 | Batch 0000/0125 | Loss: 0.0088
Epoch: 181/200 | Batch 0050/0125 | Loss: 0.0736
Epoch: 181/200 | Batch 0100/0125 | Loss: 0.1580
MAE/RMSE/ACC: Current Valid: 0.93/1.34/47.40 Ep. 181 | Best Valid: 0.83/1.25/47.40 | Ep. 45
Time elapsed: 2.84 min
Epoch: 182/200 | Batch 0000/0125 | Loss: 0.0257
Epoch: 182/200 | Batch 0050/0125 | Loss: 0.0220
Epoch: 182/200 | Batch 0100/0125 | Loss: 0.0431
MAE/RMSE/ACC: Current Valid: 0.87/1.29/47.40 Ep. 182 | Best Valid: 0.83/1.25/47.40 | Ep. 45
Time elapsed: 2.85 min
Epoch: 183/200 | Batch 0000/0125 | Loss: 0.0077
Epoch: 183/200 | Batch 0050/0125 | Loss: 0.0109
Epoch: 183/200 | Batch 0100/0125 | Loss: 0.1014
MAE/RMSE/ACC: Current Valid: 0.88/1.29/47.40 Ep. 183 | Best Valid: 0.83/1.25/47.40 | Ep. 45
Time elapsed: 2.87 min
Epoch: 184/200 | Batch 0000/0125 | Loss: 0.0108
Epoch: 184/200 | Batch 0050/0125 | Loss: 0.1353
Epoch: 184/200 | Batch 0100/0125 | Loss: 0.0322
MAE/RMSE/ACC: Current Valid: 0.93/1.33/47.40 Ep. 184 | Best Valid: 0.83/1.25/47.40 | Ep. 45
Time elapsed: 2.88 min
Epoch: 185/200 | Batch 0000/0125 | Loss: 0.5119
Epoch: 185/200 | Batch 0050/0125 | Loss: 0.0807
Epoch: 185/200 | Batch 0100/0125 | Loss: 0.0737
MAE/RMSE/ACC: Current Valid: 0.90/1.31/47.40 Ep. 185 | Best Valid: 0.83/1.25/47.40 | Ep. 45
Time elapsed: 2.90 min
Epoch: 186/200 | Batch 0000/0125 | Loss: 0.0100
Epoch: 186/200 | Batch 0050/0125 | Loss: 0.0811
Epoch: 186/200 | Batch 0100/0125 | Loss: 0.0317
MAE/RMSE/ACC: Current Valid: 0.90/1.30/47.40 Ep. 186 | Best Valid: 0.83/1.25/47.40 | Ep. 45
Time elapsed: 2.91 min
Epoch: 187/200 | Batch 0000/0125 | Loss: 0.1210
Epoch: 187/200 | Batch 0050/0125 | Loss: 0.4208
Epoch: 187/200 | Batch 0100/0125 | Loss: 0.0327
MAE/RMSE/ACC: Current Valid: 0.89/1.30/47.40 Ep. 187 | Best Valid: 0.83/1.25/47.40 | Ep. 45
Time elapsed: 2.93 min
Epoch: 188/200 | Batch 0000/0125 | Loss: 0.0266
Epoch: 188/200 | Batch 0050/0125 | Loss: 0.0433
Epoch: 188/200 | Batch 0100/0125 | Loss: 0.0182
MAE/RMSE/ACC: Current Valid: 0.89/1.30/47.40 Ep. 188 | Best Valid: 0.83/1.25/47.40 | Ep. 45
Time elapsed: 2.94 min
Epoch: 189/200 | Batch 0000/0125 | Loss: 0.0052
Epoch: 189/200 | Batch 0050/0125 | Loss: 0.0118
Epoch: 189/200 | Batch 0100/0125 | Loss: 0.0024
MAE/RMSE/ACC: Current Valid: 0.89/1.29/47.40 Ep. 189 | Best Valid: 0.83/1.25/47.40 | Ep. 45
Time elapsed: 2.96 min
Epoch: 190/200 | Batch 0000/0125 | Loss: 0.0138
Epoch: 190/200 | Batch 0050/0125 | Loss: 0.0111
Epoch: 190/200 | Batch 0100/0125 | Loss: 0.3631
MAE/RMSE/ACC: Current Valid: 0.91/1.31/47.40 Ep. 190 | Best Valid: 0.83/1.25/47.40 | Ep. 45
Time elapsed: 2.97 min
Epoch: 191/200 | Batch 0000/0125 | Loss: 0.0046
Epoch: 191/200 | Batch 0050/0125 | Loss: 0.0050
Epoch: 191/200 | Batch 0100/0125 | Loss: 0.0040
MAE/RMSE/ACC: Current Valid: 0.89/1.29/47.40 Ep. 191 | Best Valid: 0.83/1.25/47.40 | Ep. 45
Time elapsed: 2.99 min
Epoch: 192/200 | Batch 0000/0125 | Loss: 0.0036
Epoch: 192/200 | Batch 0050/0125 | Loss: 0.0097
Epoch: 192/200 | Batch 0100/0125 | Loss: 0.0247
MAE/RMSE/ACC: Current Valid: 0.90/1.30/47.40 Ep. 192 | Best Valid: 0.83/1.25/47.40 | Ep. 45
Time elapsed: 3.00 min
Epoch: 193/200 | Batch 0000/0125 | Loss: 0.0028
Epoch: 193/200 | Batch 0050/0125 | Loss: 0.0055
Epoch: 193/200 | Batch 0100/0125 | Loss: 0.0020
MAE/RMSE/ACC: Current Valid: 0.90/1.31/47.40 Ep. 193 | Best Valid: 0.83/1.25/47.40 | Ep. 45
Time elapsed: 3.01 min
Epoch: 194/200 | Batch 0000/0125 | Loss: 0.0073
Epoch: 194/200 | Batch 0050/0125 | Loss: 0.0013
Epoch: 194/200 | Batch 0100/0125 | Loss: 0.0073
MAE/RMSE/ACC: Current Valid: 1.01/1.40/47.40 Ep. 194 | Best Valid: 0.83/1.25/47.40 | Ep. 45
Time elapsed: 3.03 min
Epoch: 195/200 | Batch 0000/0125 | Loss: 0.9059
Epoch: 195/200 | Batch 0050/0125 | Loss: 0.1767
Epoch: 195/200 | Batch 0100/0125 | Loss: 0.0303
MAE/RMSE/ACC: Current Valid: 0.88/1.30/47.40 Ep. 195 | Best Valid: 0.83/1.25/47.40 | Ep. 45
Time elapsed: 3.04 min
Epoch: 196/200 | Batch 0000/0125 | Loss: 0.0286
Epoch: 196/200 | Batch 0050/0125 | Loss: 0.0050
Epoch: 196/200 | Batch 0100/0125 | Loss: 0.1486
MAE/RMSE/ACC: Current Valid: 0.92/1.34/47.40 Ep. 196 | Best Valid: 0.83/1.25/47.40 | Ep. 45
Time elapsed: 3.05 min
Epoch: 197/200 | Batch 0000/0125 | Loss: 0.2708
Epoch: 197/200 | Batch 0050/0125 | Loss: 0.0412
Epoch: 197/200 | Batch 0100/0125 | Loss: 0.0957
MAE/RMSE/ACC: Current Valid: 0.90/1.33/47.40 Ep. 197 | Best Valid: 0.83/1.25/47.40 | Ep. 45
Time elapsed: 3.07 min
Epoch: 198/200 | Batch 0000/0125 | Loss: 0.0411
Epoch: 198/200 | Batch 0050/0125 | Loss: 0.0120
Epoch: 198/200 | Batch 0100/0125 | Loss: 0.0053
MAE/RMSE/ACC: Current Valid: 0.91/1.33/47.40 Ep. 198 | Best Valid: 0.83/1.25/47.40 | Ep. 45
Time elapsed: 3.08 min
Epoch: 199/200 | Batch 0000/0125 | Loss: 0.0430
Epoch: 199/200 | Batch 0050/0125 | Loss: 0.0088
Epoch: 199/200 | Batch 0100/0125 | Loss: 0.0072
MAE/RMSE/ACC: Current Valid: 0.90/1.31/47.40 Ep. 199 | Best Valid: 0.83/1.25/47.40 | Ep. 45
Time elapsed: 3.09 min
Epoch: 200/200 | Batch 0000/0125 | Loss: 0.0019
Epoch: 200/200 | Batch 0050/0125 | Loss: 0.0035
Epoch: 200/200 | Batch 0100/0125 | Loss: 0.0046
MAE/RMSE/ACC: Current Valid: 0.90/1.32/47.40 Ep. 200 | Best Valid: 0.83/1.25/47.40 | Ep. 45
Time elapsed: 3.11 min
MAE/RMSE: | Train: 0.04/0.27 | Valid: 0.90/1.32 | Test: 0.92/1.33
ACC: | Train: 97.44 | Valid: 44.09 | Test: 42.91
Total Running Time: 3.12 min
MAE/RMSE: | Best Train: 0.39/0.84 | Best Valid: 0.83/1.25 | Best Test: 0.84/1.26
ACC: | Best Train: 73.97 | Best Valid: 47.40 | Best Test: 46.41
Total Running Time: 3.14 min
