This script: resnet34_niu.py
PyTorch Version: 1.8.1
CUDA device: cuda:2
CUDA version: 11.1
Random seed: 2
Learning rate: 0.0005
Epochs: 200
Batch size: 256
Output path: runs/aes/resnet34_niu-imp0-seed2-epochs200_best-rmse
Epoch: 001/200 | Batch 0000/0043 | Loss: 2.4802
MAE/RMSE/ACC: Current Valid: 0.43/0.69/58.63 Ep. 1 | Best Valid: 0.43/0.69/58.63 | Ep. 1
Time elapsed: 0.34 min
Epoch: 002/200 | Batch 0000/0043 | Loss: 0.9480
MAE/RMSE/ACC: Current Valid: 0.55/0.79/58.63 Ep. 2 | Best Valid: 0.43/0.69/58.63 | Ep. 1
Time elapsed: 0.66 min
Epoch: 003/200 | Batch 0000/0043 | Loss: 0.8678
MAE/RMSE/ACC: Current Valid: 0.43/0.69/59.39 Ep. 3 | Best Valid: 0.43/0.69/59.39 | Ep. 3
Time elapsed: 0.99 min
Epoch: 004/200 | Batch 0000/0043 | Loss: 0.8482
MAE/RMSE/ACC: Current Valid: 0.45/0.71/59.39 Ep. 4 | Best Valid: 0.43/0.69/59.39 | Ep. 3
Time elapsed: 1.32 min
Epoch: 005/200 | Batch 0000/0043 | Loss: 0.8373
MAE/RMSE/ACC: Current Valid: 0.42/0.68/59.35 Ep. 5 | Best Valid: 0.42/0.68/59.35 | Ep. 5
Time elapsed: 1.66 min
Epoch: 006/200 | Batch 0000/0043 | Loss: 0.8138
MAE/RMSE/ACC: Current Valid: 0.43/0.68/59.35 Ep. 6 | Best Valid: 0.42/0.68/59.35 | Ep. 5
Time elapsed: 2.00 min
Epoch: 007/200 | Batch 0000/0043 | Loss: 0.8515
MAE/RMSE/ACC: Current Valid: 0.41/0.67/60.07 Ep. 7 | Best Valid: 0.41/0.67/60.07 | Ep. 7
Time elapsed: 2.33 min
Epoch: 008/200 | Batch 0000/0043 | Loss: 0.7393
MAE/RMSE/ACC: Current Valid: 0.43/0.68/60.07 Ep. 8 | Best Valid: 0.41/0.67/60.07 | Ep. 7
Time elapsed: 2.67 min
Epoch: 009/200 | Batch 0000/0043 | Loss: 0.6803
MAE/RMSE/ACC: Current Valid: 0.43/0.68/60.07 Ep. 9 | Best Valid: 0.41/0.67/60.07 | Ep. 7
Time elapsed: 3.00 min
Epoch: 010/200 | Batch 0000/0043 | Loss: 0.7046
MAE/RMSE/ACC: Current Valid: 0.44/0.69/60.07 Ep. 10 | Best Valid: 0.41/0.67/60.07 | Ep. 7
Time elapsed: 3.34 min
Epoch: 011/200 | Batch 0000/0043 | Loss: 0.5720
MAE/RMSE/ACC: Current Valid: 0.48/0.74/60.07 Ep. 11 | Best Valid: 0.41/0.67/60.07 | Ep. 7
Time elapsed: 3.67 min
Epoch: 012/200 | Batch 0000/0043 | Loss: 0.5407
MAE/RMSE/ACC: Current Valid: 0.47/0.72/60.07 Ep. 12 | Best Valid: 0.41/0.67/60.07 | Ep. 7
Time elapsed: 4.01 min
Epoch: 013/200 | Batch 0000/0043 | Loss: 0.4810
MAE/RMSE/ACC: Current Valid: 0.47/0.72/60.07 Ep. 13 | Best Valid: 0.41/0.67/60.07 | Ep. 7
Time elapsed: 4.34 min
Epoch: 014/200 | Batch 0000/0043 | Loss: 0.3504
MAE/RMSE/ACC: Current Valid: 0.48/0.73/60.07 Ep. 14 | Best Valid: 0.41/0.67/60.07 | Ep. 7
Time elapsed: 4.68 min
Epoch: 015/200 | Batch 0000/0043 | Loss: 0.3922
MAE/RMSE/ACC: Current Valid: 0.51/0.75/60.07 Ep. 15 | Best Valid: 0.41/0.67/60.07 | Ep. 7
Time elapsed: 5.02 min
Epoch: 016/200 | Batch 0000/0043 | Loss: 0.3427
MAE/RMSE/ACC: Current Valid: 0.47/0.73/60.07 Ep. 16 | Best Valid: 0.41/0.67/60.07 | Ep. 7
Time elapsed: 5.36 min
Epoch: 017/200 | Batch 0000/0043 | Loss: 0.2702
MAE/RMSE/ACC: Current Valid: 0.50/0.75/60.07 Ep. 17 | Best Valid: 0.41/0.67/60.07 | Ep. 7
Time elapsed: 5.69 min
Epoch: 018/200 | Batch 0000/0043 | Loss: 0.2811
MAE/RMSE/ACC: Current Valid: 0.47/0.73/60.07 Ep. 18 | Best Valid: 0.41/0.67/60.07 | Ep. 7
Time elapsed: 6.03 min
Epoch: 019/200 | Batch 0000/0043 | Loss: 0.2265
MAE/RMSE/ACC: Current Valid: 0.51/0.75/60.07 Ep. 19 | Best Valid: 0.41/0.67/60.07 | Ep. 7
Time elapsed: 6.37 min
Epoch: 020/200 | Batch 0000/0043 | Loss: 0.2203
MAE/RMSE/ACC: Current Valid: 0.48/0.73/60.07 Ep. 20 | Best Valid: 0.41/0.67/60.07 | Ep. 7
Time elapsed: 6.71 min
Epoch: 021/200 | Batch 0000/0043 | Loss: 0.1399
MAE/RMSE/ACC: Current Valid: 0.49/0.75/60.07 Ep. 21 | Best Valid: 0.41/0.67/60.07 | Ep. 7
Time elapsed: 7.04 min
Epoch: 022/200 | Batch 0000/0043 | Loss: 0.1867
MAE/RMSE/ACC: Current Valid: 0.50/0.75/60.07 Ep. 22 | Best Valid: 0.41/0.67/60.07 | Ep. 7
Time elapsed: 7.38 min
Epoch: 023/200 | Batch 0000/0043 | Loss: 0.1490
MAE/RMSE/ACC: Current Valid: 0.48/0.74/60.07 Ep. 23 | Best Valid: 0.41/0.67/60.07 | Ep. 7
Time elapsed: 7.72 min
Epoch: 024/200 | Batch 0000/0043 | Loss: 0.1378
MAE/RMSE/ACC: Current Valid: 0.49/0.74/60.07 Ep. 24 | Best Valid: 0.41/0.67/60.07 | Ep. 7
Time elapsed: 8.05 min
Epoch: 025/200 | Batch 0000/0043 | Loss: 0.0982
MAE/RMSE/ACC: Current Valid: 0.49/0.74/60.07 Ep. 25 | Best Valid: 0.41/0.67/60.07 | Ep. 7
Time elapsed: 8.39 min
Epoch: 026/200 | Batch 0000/0043 | Loss: 0.1009
MAE/RMSE/ACC: Current Valid: 0.49/0.74/60.07 Ep. 26 | Best Valid: 0.41/0.67/60.07 | Ep. 7
Time elapsed: 8.73 min
Epoch: 027/200 | Batch 0000/0043 | Loss: 0.0975
MAE/RMSE/ACC: Current Valid: 0.47/0.73/60.07 Ep. 27 | Best Valid: 0.41/0.67/60.07 | Ep. 7
Time elapsed: 9.06 min
Epoch: 028/200 | Batch 0000/0043 | Loss: 0.1274
MAE/RMSE/ACC: Current Valid: 0.47/0.73/60.07 Ep. 28 | Best Valid: 0.41/0.67/60.07 | Ep. 7
Time elapsed: 9.40 min
Epoch: 029/200 | Batch 0000/0043 | Loss: 0.1150
MAE/RMSE/ACC: Current Valid: 0.49/0.74/60.07 Ep. 29 | Best Valid: 0.41/0.67/60.07 | Ep. 7
Time elapsed: 9.74 min
Epoch: 030/200 | Batch 0000/0043 | Loss: 0.1770
MAE/RMSE/ACC: Current Valid: 0.47/0.73/60.07 Ep. 30 | Best Valid: 0.41/0.67/60.07 | Ep. 7
Time elapsed: 10.08 min
Epoch: 031/200 | Batch 0000/0043 | Loss: 0.1052
MAE/RMSE/ACC: Current Valid: 0.49/0.74/60.07 Ep. 31 | Best Valid: 0.41/0.67/60.07 | Ep. 7
Time elapsed: 10.41 min
Epoch: 032/200 | Batch 0000/0043 | Loss: 0.0870
MAE/RMSE/ACC: Current Valid: 0.50/0.75/60.07 Ep. 32 | Best Valid: 0.41/0.67/60.07 | Ep. 7
Time elapsed: 10.75 min
Epoch: 033/200 | Batch 0000/0043 | Loss: 0.0603
MAE/RMSE/ACC: Current Valid: 0.48/0.73/60.07 Ep. 33 | Best Valid: 0.41/0.67/60.07 | Ep. 7
Time elapsed: 11.09 min
Epoch: 034/200 | Batch 0000/0043 | Loss: 0.0682
MAE/RMSE/ACC: Current Valid: 0.48/0.73/60.07 Ep. 34 | Best Valid: 0.41/0.67/60.07 | Ep. 7
Time elapsed: 11.42 min
Epoch: 035/200 | Batch 0000/0043 | Loss: 0.0958
MAE/RMSE/ACC: Current Valid: 0.48/0.73/60.07 Ep. 35 | Best Valid: 0.41/0.67/60.07 | Ep. 7
Time elapsed: 11.76 min
Epoch: 036/200 | Batch 0000/0043 | Loss: 0.0805
MAE/RMSE/ACC: Current Valid: 0.48/0.74/60.07 Ep. 36 | Best Valid: 0.41/0.67/60.07 | Ep. 7
Time elapsed: 12.10 min
Epoch: 037/200 | Batch 0000/0043 | Loss: 0.0489
MAE/RMSE/ACC: Current Valid: 0.47/0.72/60.07 Ep. 37 | Best Valid: 0.41/0.67/60.07 | Ep. 7
Time elapsed: 12.44 min
Epoch: 038/200 | Batch 0000/0043 | Loss: 0.0381
MAE/RMSE/ACC: Current Valid: 0.48/0.73/60.07 Ep. 38 | Best Valid: 0.41/0.67/60.07 | Ep. 7
Time elapsed: 12.77 min
Epoch: 039/200 | Batch 0000/0043 | Loss: 0.0750
MAE/RMSE/ACC: Current Valid: 0.47/0.73/60.07 Ep. 39 | Best Valid: 0.41/0.67/60.07 | Ep. 7
Time elapsed: 13.11 min
Epoch: 040/200 | Batch 0000/0043 | Loss: 0.0702
MAE/RMSE/ACC: Current Valid: 0.50/0.76/60.07 Ep. 40 | Best Valid: 0.41/0.67/60.07 | Ep. 7
Time elapsed: 13.45 min
Epoch: 041/200 | Batch 0000/0043 | Loss: 0.0854
MAE/RMSE/ACC: Current Valid: 0.49/0.75/60.07 Ep. 41 | Best Valid: 0.41/0.67/60.07 | Ep. 7
Time elapsed: 13.78 min
Epoch: 042/200 | Batch 0000/0043 | Loss: 0.0478
MAE/RMSE/ACC: Current Valid: 0.47/0.72/60.07 Ep. 42 | Best Valid: 0.41/0.67/60.07 | Ep. 7
Time elapsed: 14.12 min
Epoch: 043/200 | Batch 0000/0043 | Loss: 0.1133
MAE/RMSE/ACC: Current Valid: 0.46/0.72/60.07 Ep. 43 | Best Valid: 0.41/0.67/60.07 | Ep. 7
Time elapsed: 14.46 min
Epoch: 044/200 | Batch 0000/0043 | Loss: 0.0595
MAE/RMSE/ACC: Current Valid: 0.46/0.73/60.07 Ep. 44 | Best Valid: 0.41/0.67/60.07 | Ep. 7
Time elapsed: 14.80 min
Epoch: 045/200 | Batch 0000/0043 | Loss: 0.0457
MAE/RMSE/ACC: Current Valid: 0.46/0.72/60.07 Ep. 45 | Best Valid: 0.41/0.67/60.07 | Ep. 7
Time elapsed: 15.14 min
Epoch: 046/200 | Batch 0000/0043 | Loss: 0.0376
MAE/RMSE/ACC: Current Valid: 0.50/0.75/60.07 Ep. 46 | Best Valid: 0.41/0.67/60.07 | Ep. 7
Time elapsed: 15.48 min
Epoch: 047/200 | Batch 0000/0043 | Loss: 0.0475
MAE/RMSE/ACC: Current Valid: 0.48/0.73/60.07 Ep. 47 | Best Valid: 0.41/0.67/60.07 | Ep. 7
Time elapsed: 15.82 min
Epoch: 048/200 | Batch 0000/0043 | Loss: 0.0267
MAE/RMSE/ACC: Current Valid: 0.47/0.73/60.07 Ep. 48 | Best Valid: 0.41/0.67/60.07 | Ep. 7
Time elapsed: 16.15 min
Epoch: 049/200 | Batch 0000/0043 | Loss: 0.0534
MAE/RMSE/ACC: Current Valid: 0.48/0.74/60.07 Ep. 49 | Best Valid: 0.41/0.67/60.07 | Ep. 7
Time elapsed: 16.49 min
Epoch: 050/200 | Batch 0000/0043 | Loss: 0.0381
MAE/RMSE/ACC: Current Valid: 0.49/0.74/60.07 Ep. 50 | Best Valid: 0.41/0.67/60.07 | Ep. 7
Time elapsed: 16.82 min
Epoch: 051/200 | Batch 0000/0043 | Loss: 0.0329
MAE/RMSE/ACC: Current Valid: 0.49/0.74/60.07 Ep. 51 | Best Valid: 0.41/0.67/60.07 | Ep. 7
Time elapsed: 17.16 min
Epoch: 052/200 | Batch 0000/0043 | Loss: 0.0612
MAE/RMSE/ACC: Current Valid: 0.47/0.72/60.07 Ep. 52 | Best Valid: 0.41/0.67/60.07 | Ep. 7
Time elapsed: 17.50 min
Epoch: 053/200 | Batch 0000/0043 | Loss: 0.0654
MAE/RMSE/ACC: Current Valid: 0.50/0.75/60.07 Ep. 53 | Best Valid: 0.41/0.67/60.07 | Ep. 7
Time elapsed: 17.84 min
Epoch: 054/200 | Batch 0000/0043 | Loss: 0.0232
MAE/RMSE/ACC: Current Valid: 0.50/0.75/60.07 Ep. 54 | Best Valid: 0.41/0.67/60.07 | Ep. 7
Time elapsed: 18.17 min
Epoch: 055/200 | Batch 0000/0043 | Loss: 0.0504
MAE/RMSE/ACC: Current Valid: 0.51/0.77/60.07 Ep. 55 | Best Valid: 0.41/0.67/60.07 | Ep. 7
Time elapsed: 18.51 min
Epoch: 056/200 | Batch 0000/0043 | Loss: 0.0287
MAE/RMSE/ACC: Current Valid: 0.49/0.74/60.07 Ep. 56 | Best Valid: 0.41/0.67/60.07 | Ep. 7
Time elapsed: 18.85 min
Epoch: 057/200 | Batch 0000/0043 | Loss: 0.0158
MAE/RMSE/ACC: Current Valid: 0.47/0.73/60.07 Ep. 57 | Best Valid: 0.41/0.67/60.07 | Ep. 7
Time elapsed: 19.18 min
Epoch: 058/200 | Batch 0000/0043 | Loss: 0.0581
MAE/RMSE/ACC: Current Valid: 0.48/0.74/60.07 Ep. 58 | Best Valid: 0.41/0.67/60.07 | Ep. 7
Time elapsed: 19.52 min
Epoch: 059/200 | Batch 0000/0043 | Loss: 0.0300
MAE/RMSE/ACC: Current Valid: 0.49/0.74/60.07 Ep. 59 | Best Valid: 0.41/0.67/60.07 | Ep. 7
Time elapsed: 19.86 min
Epoch: 060/200 | Batch 0000/0043 | Loss: 0.0327
MAE/RMSE/ACC: Current Valid: 0.50/0.74/60.07 Ep. 60 | Best Valid: 0.41/0.67/60.07 | Ep. 7
Time elapsed: 20.19 min
Epoch: 061/200 | Batch 0000/0043 | Loss: 0.0218
MAE/RMSE/ACC: Current Valid: 0.51/0.75/60.07 Ep. 61 | Best Valid: 0.41/0.67/60.07 | Ep. 7
Time elapsed: 20.53 min
Epoch: 062/200 | Batch 0000/0043 | Loss: 0.0114
MAE/RMSE/ACC: Current Valid: 0.46/0.72/60.07 Ep. 62 | Best Valid: 0.41/0.67/60.07 | Ep. 7
Time elapsed: 20.87 min
Epoch: 063/200 | Batch 0000/0043 | Loss: 0.0407
MAE/RMSE/ACC: Current Valid: 0.47/0.72/60.07 Ep. 63 | Best Valid: 0.41/0.67/60.07 | Ep. 7
Time elapsed: 21.20 min
Epoch: 064/200 | Batch 0000/0043 | Loss: 0.0370
MAE/RMSE/ACC: Current Valid: 0.48/0.73/60.07 Ep. 64 | Best Valid: 0.41/0.67/60.07 | Ep. 7
Time elapsed: 21.54 min
Epoch: 065/200 | Batch 0000/0043 | Loss: 0.0165
MAE/RMSE/ACC: Current Valid: 0.51/0.76/60.07 Ep. 65 | Best Valid: 0.41/0.67/60.07 | Ep. 7
Time elapsed: 21.88 min
Epoch: 066/200 | Batch 0000/0043 | Loss: 0.0276
MAE/RMSE/ACC: Current Valid: 0.48/0.73/60.07 Ep. 66 | Best Valid: 0.41/0.67/60.07 | Ep. 7
Time elapsed: 22.21 min
Epoch: 067/200 | Batch 0000/0043 | Loss: 0.0147
MAE/RMSE/ACC: Current Valid: 0.46/0.72/60.07 Ep. 67 | Best Valid: 0.41/0.67/60.07 | Ep. 7
Time elapsed: 22.55 min
Epoch: 068/200 | Batch 0000/0043 | Loss: 0.0226
MAE/RMSE/ACC: Current Valid: 0.48/0.73/60.07 Ep. 68 | Best Valid: 0.41/0.67/60.07 | Ep. 7
Time elapsed: 22.88 min
Epoch: 069/200 | Batch 0000/0043 | Loss: 0.0353
MAE/RMSE/ACC: Current Valid: 0.49/0.74/60.07 Ep. 69 | Best Valid: 0.41/0.67/60.07 | Ep. 7
Time elapsed: 23.22 min
Epoch: 070/200 | Batch 0000/0043 | Loss: 0.0529
MAE/RMSE/ACC: Current Valid: 0.50/0.75/60.07 Ep. 70 | Best Valid: 0.41/0.67/60.07 | Ep. 7
Time elapsed: 23.56 min
Epoch: 071/200 | Batch 0000/0043 | Loss: 0.0417
MAE/RMSE/ACC: Current Valid: 0.45/0.71/60.07 Ep. 71 | Best Valid: 0.41/0.67/60.07 | Ep. 7
Time elapsed: 23.89 min
Epoch: 072/200 | Batch 0000/0043 | Loss: 0.0244
MAE/RMSE/ACC: Current Valid: 0.47/0.73/60.07 Ep. 72 | Best Valid: 0.41/0.67/60.07 | Ep. 7
Time elapsed: 24.23 min
Epoch: 073/200 | Batch 0000/0043 | Loss: 0.0685
MAE/RMSE/ACC: Current Valid: 0.48/0.74/60.07 Ep. 73 | Best Valid: 0.41/0.67/60.07 | Ep. 7
Time elapsed: 24.57 min
Epoch: 074/200 | Batch 0000/0043 | Loss: 0.0556
MAE/RMSE/ACC: Current Valid: 0.48/0.73/60.07 Ep. 74 | Best Valid: 0.41/0.67/60.07 | Ep. 7
Time elapsed: 24.90 min
Epoch: 075/200 | Batch 0000/0043 | Loss: 0.0103
MAE/RMSE/ACC: Current Valid: 0.47/0.73/60.07 Ep. 75 | Best Valid: 0.41/0.67/60.07 | Ep. 7
Time elapsed: 25.24 min
Epoch: 076/200 | Batch 0000/0043 | Loss: 0.0568
MAE/RMSE/ACC: Current Valid: 0.47/0.73/60.07 Ep. 76 | Best Valid: 0.41/0.67/60.07 | Ep. 7
Time elapsed: 25.58 min
Epoch: 077/200 | Batch 0000/0043 | Loss: 0.0215
MAE/RMSE/ACC: Current Valid: 0.47/0.73/60.07 Ep. 77 | Best Valid: 0.41/0.67/60.07 | Ep. 7
Time elapsed: 25.91 min
Epoch: 078/200 | Batch 0000/0043 | Loss: 0.0533
MAE/RMSE/ACC: Current Valid: 0.47/0.72/60.07 Ep. 78 | Best Valid: 0.41/0.67/60.07 | Ep. 7
Time elapsed: 26.25 min
Epoch: 079/200 | Batch 0000/0043 | Loss: 0.0376
MAE/RMSE/ACC: Current Valid: 0.48/0.74/60.07 Ep. 79 | Best Valid: 0.41/0.67/60.07 | Ep. 7
Time elapsed: 26.59 min
Epoch: 080/200 | Batch 0000/0043 | Loss: 0.0201
MAE/RMSE/ACC: Current Valid: 0.49/0.74/60.07 Ep. 80 | Best Valid: 0.41/0.67/60.07 | Ep. 7
Time elapsed: 26.92 min
Epoch: 081/200 | Batch 0000/0043 | Loss: 0.0245
MAE/RMSE/ACC: Current Valid: 0.48/0.73/60.07 Ep. 81 | Best Valid: 0.41/0.67/60.07 | Ep. 7
Time elapsed: 27.26 min
Epoch: 082/200 | Batch 0000/0043 | Loss: 0.0390
MAE/RMSE/ACC: Current Valid: 0.47/0.72/60.07 Ep. 82 | Best Valid: 0.41/0.67/60.07 | Ep. 7
Time elapsed: 27.60 min
Epoch: 083/200 | Batch 0000/0043 | Loss: 0.0475
MAE/RMSE/ACC: Current Valid: 0.45/0.72/60.07 Ep. 83 | Best Valid: 0.41/0.67/60.07 | Ep. 7
Time elapsed: 27.94 min
Epoch: 084/200 | Batch 0000/0043 | Loss: 0.0327
MAE/RMSE/ACC: Current Valid: 0.47/0.72/60.07 Ep. 84 | Best Valid: 0.41/0.67/60.07 | Ep. 7
Time elapsed: 28.28 min
Epoch: 085/200 | Batch 0000/0043 | Loss: 0.0353
MAE/RMSE/ACC: Current Valid: 0.46/0.72/60.07 Ep. 85 | Best Valid: 0.41/0.67/60.07 | Ep. 7
Time elapsed: 28.61 min
Epoch: 086/200 | Batch 0000/0043 | Loss: 0.0482
MAE/RMSE/ACC: Current Valid: 0.49/0.73/60.07 Ep. 86 | Best Valid: 0.41/0.67/60.07 | Ep. 7
Time elapsed: 28.95 min
Epoch: 087/200 | Batch 0000/0043 | Loss: 0.0513
MAE/RMSE/ACC: Current Valid: 0.47/0.73/60.07 Ep. 87 | Best Valid: 0.41/0.67/60.07 | Ep. 7
Time elapsed: 29.29 min
Epoch: 088/200 | Batch 0000/0043 | Loss: 0.0668
MAE/RMSE/ACC: Current Valid: 0.48/0.73/60.07 Ep. 88 | Best Valid: 0.41/0.67/60.07 | Ep. 7
Time elapsed: 29.63 min
Epoch: 089/200 | Batch 0000/0043 | Loss: 0.0223
MAE/RMSE/ACC: Current Valid: 0.46/0.72/60.07 Ep. 89 | Best Valid: 0.41/0.67/60.07 | Ep. 7
Time elapsed: 29.96 min
Epoch: 090/200 | Batch 0000/0043 | Loss: 0.0386
MAE/RMSE/ACC: Current Valid: 0.48/0.73/60.07 Ep. 90 | Best Valid: 0.41/0.67/60.07 | Ep. 7
Time elapsed: 30.30 min
Epoch: 091/200 | Batch 0000/0043 | Loss: 0.0178
MAE/RMSE/ACC: Current Valid: 0.48/0.73/60.07 Ep. 91 | Best Valid: 0.41/0.67/60.07 | Ep. 7
Time elapsed: 30.63 min
Epoch: 092/200 | Batch 0000/0043 | Loss: 0.0200
MAE/RMSE/ACC: Current Valid: 0.48/0.73/60.07 Ep. 92 | Best Valid: 0.41/0.67/60.07 | Ep. 7
Time elapsed: 30.97 min
Epoch: 093/200 | Batch 0000/0043 | Loss: 0.0038
MAE/RMSE/ACC: Current Valid: 0.48/0.74/60.07 Ep. 93 | Best Valid: 0.41/0.67/60.07 | Ep. 7
Time elapsed: 31.31 min
Epoch: 094/200 | Batch 0000/0043 | Loss: 0.0258
MAE/RMSE/ACC: Current Valid: 0.47/0.73/60.07 Ep. 94 | Best Valid: 0.41/0.67/60.07 | Ep. 7
Time elapsed: 31.64 min
Epoch: 095/200 | Batch 0000/0043 | Loss: 0.0116
MAE/RMSE/ACC: Current Valid: 0.47/0.72/60.07 Ep. 95 | Best Valid: 0.41/0.67/60.07 | Ep. 7
Time elapsed: 31.98 min
Epoch: 096/200 | Batch 0000/0043 | Loss: 0.0089
MAE/RMSE/ACC: Current Valid: 0.48/0.74/60.07 Ep. 96 | Best Valid: 0.41/0.67/60.07 | Ep. 7
Time elapsed: 32.32 min
Epoch: 097/200 | Batch 0000/0043 | Loss: 0.0088
MAE/RMSE/ACC: Current Valid: 0.47/0.73/60.07 Ep. 97 | Best Valid: 0.41/0.67/60.07 | Ep. 7
Time elapsed: 32.66 min
Epoch: 098/200 | Batch 0000/0043 | Loss: 0.0610
MAE/RMSE/ACC: Current Valid: 0.47/0.73/60.07 Ep. 98 | Best Valid: 0.41/0.67/60.07 | Ep. 7
Time elapsed: 33.00 min
Epoch: 099/200 | Batch 0000/0043 | Loss: 0.0547
MAE/RMSE/ACC: Current Valid: 0.47/0.72/60.07 Ep. 99 | Best Valid: 0.41/0.67/60.07 | Ep. 7
Time elapsed: 33.34 min
Epoch: 100/200 | Batch 0000/0043 | Loss: 0.0338
MAE/RMSE/ACC: Current Valid: 0.46/0.72/60.07 Ep. 100 | Best Valid: 0.41/0.67/60.07 | Ep. 7
Time elapsed: 33.67 min
Epoch: 101/200 | Batch 0000/0043 | Loss: 0.0409
MAE/RMSE/ACC: Current Valid: 0.47/0.73/60.07 Ep. 101 | Best Valid: 0.41/0.67/60.07 | Ep. 7
Time elapsed: 34.01 min
Epoch: 102/200 | Batch 0000/0043 | Loss: 0.0246
MAE/RMSE/ACC: Current Valid: 0.45/0.71/60.07 Ep. 102 | Best Valid: 0.41/0.67/60.07 | Ep. 7
Time elapsed: 34.34 min
Epoch: 103/200 | Batch 0000/0043 | Loss: 0.0060
MAE/RMSE/ACC: Current Valid: 0.46/0.73/60.07 Ep. 103 | Best Valid: 0.41/0.67/60.07 | Ep. 7
Time elapsed: 34.68 min
Epoch: 104/200 | Batch 0000/0043 | Loss: 0.0154
MAE/RMSE/ACC: Current Valid: 0.49/0.74/60.07 Ep. 104 | Best Valid: 0.41/0.67/60.07 | Ep. 7
Time elapsed: 35.02 min
Epoch: 105/200 | Batch 0000/0043 | Loss: 0.0246
MAE/RMSE/ACC: Current Valid: 0.47/0.72/60.07 Ep. 105 | Best Valid: 0.41/0.67/60.07 | Ep. 7
Time elapsed: 35.35 min
Epoch: 106/200 | Batch 0000/0043 | Loss: 0.0094
MAE/RMSE/ACC: Current Valid: 0.47/0.73/60.07 Ep. 106 | Best Valid: 0.41/0.67/60.07 | Ep. 7
Time elapsed: 35.69 min
Epoch: 107/200 | Batch 0000/0043 | Loss: 0.0713
MAE/RMSE/ACC: Current Valid: 0.48/0.73/60.07 Ep. 107 | Best Valid: 0.41/0.67/60.07 | Ep. 7
Time elapsed: 36.03 min
Epoch: 108/200 | Batch 0000/0043 | Loss: 0.0446
MAE/RMSE/ACC: Current Valid: 0.49/0.75/60.07 Ep. 108 | Best Valid: 0.41/0.67/60.07 | Ep. 7
Time elapsed: 36.36 min
Epoch: 109/200 | Batch 0000/0043 | Loss: 0.0096
MAE/RMSE/ACC: Current Valid: 0.48/0.72/60.07 Ep. 109 | Best Valid: 0.41/0.67/60.07 | Ep. 7
Time elapsed: 36.70 min
Epoch: 110/200 | Batch 0000/0043 | Loss: 0.0270
MAE/RMSE/ACC: Current Valid: 0.46/0.72/60.07 Ep. 110 | Best Valid: 0.41/0.67/60.07 | Ep. 7
Time elapsed: 37.04 min
Epoch: 111/200 | Batch 0000/0043 | Loss: 0.0204
MAE/RMSE/ACC: Current Valid: 0.46/0.72/60.07 Ep. 111 | Best Valid: 0.41/0.67/60.07 | Ep. 7
Time elapsed: 37.37 min
Epoch: 112/200 | Batch 0000/0043 | Loss: 0.0379
MAE/RMSE/ACC: Current Valid: 0.47/0.72/60.07 Ep. 112 | Best Valid: 0.41/0.67/60.07 | Ep. 7
Time elapsed: 37.71 min
Epoch: 113/200 | Batch 0000/0043 | Loss: 0.0288
MAE/RMSE/ACC: Current Valid: 0.48/0.74/60.07 Ep. 113 | Best Valid: 0.41/0.67/60.07 | Ep. 7
Time elapsed: 38.05 min
Epoch: 114/200 | Batch 0000/0043 | Loss: 0.0081
MAE/RMSE/ACC: Current Valid: 0.48/0.75/60.07 Ep. 114 | Best Valid: 0.41/0.67/60.07 | Ep. 7
Time elapsed: 38.38 min
Epoch: 115/200 | Batch 0000/0043 | Loss: 0.0084
MAE/RMSE/ACC: Current Valid: 0.49/0.74/60.07 Ep. 115 | Best Valid: 0.41/0.67/60.07 | Ep. 7
Time elapsed: 38.72 min
Epoch: 116/200 | Batch 0000/0043 | Loss: 0.0593
MAE/RMSE/ACC: Current Valid: 0.45/0.71/60.07 Ep. 116 | Best Valid: 0.41/0.67/60.07 | Ep. 7
Time elapsed: 39.05 min
Epoch: 117/200 | Batch 0000/0043 | Loss: 0.0325
MAE/RMSE/ACC: Current Valid: 0.48/0.75/60.07 Ep. 117 | Best Valid: 0.41/0.67/60.07 | Ep. 7
Time elapsed: 39.39 min
Epoch: 118/200 | Batch 0000/0043 | Loss: 0.0069
MAE/RMSE/ACC: Current Valid: 0.47/0.74/60.07 Ep. 118 | Best Valid: 0.41/0.67/60.07 | Ep. 7
Time elapsed: 39.72 min
Epoch: 119/200 | Batch 0000/0043 | Loss: 0.0168
MAE/RMSE/ACC: Current Valid: 0.48/0.74/60.07 Ep. 119 | Best Valid: 0.41/0.67/60.07 | Ep. 7
Time elapsed: 40.06 min
Epoch: 120/200 | Batch 0000/0043 | Loss: 0.0133
MAE/RMSE/ACC: Current Valid: 0.48/0.74/60.07 Ep. 120 | Best Valid: 0.41/0.67/60.07 | Ep. 7
Time elapsed: 40.40 min
Epoch: 121/200 | Batch 0000/0043 | Loss: 0.0259
MAE/RMSE/ACC: Current Valid: 0.47/0.72/60.07 Ep. 121 | Best Valid: 0.41/0.67/60.07 | Ep. 7
Time elapsed: 40.73 min
Epoch: 122/200 | Batch 0000/0043 | Loss: 0.0140
MAE/RMSE/ACC: Current Valid: 0.48/0.74/60.07 Ep. 122 | Best Valid: 0.41/0.67/60.07 | Ep. 7
Time elapsed: 41.07 min
Epoch: 123/200 | Batch 0000/0043 | Loss: 0.0291
MAE/RMSE/ACC: Current Valid: 0.49/0.74/60.07 Ep. 123 | Best Valid: 0.41/0.67/60.07 | Ep. 7
Time elapsed: 41.41 min
Epoch: 124/200 | Batch 0000/0043 | Loss: 0.0247
MAE/RMSE/ACC: Current Valid: 0.49/0.75/60.07 Ep. 124 | Best Valid: 0.41/0.67/60.07 | Ep. 7
Time elapsed: 41.74 min
Epoch: 125/200 | Batch 0000/0043 | Loss: 0.0225
MAE/RMSE/ACC: Current Valid: 0.48/0.74/60.07 Ep. 125 | Best Valid: 0.41/0.67/60.07 | Ep. 7
Time elapsed: 42.08 min
Epoch: 126/200 | Batch 0000/0043 | Loss: 0.0253
MAE/RMSE/ACC: Current Valid: 0.47/0.72/60.07 Ep. 126 | Best Valid: 0.41/0.67/60.07 | Ep. 7
Time elapsed: 42.41 min
Epoch: 127/200 | Batch 0000/0043 | Loss: 0.0135
MAE/RMSE/ACC: Current Valid: 0.47/0.73/60.07 Ep. 127 | Best Valid: 0.41/0.67/60.07 | Ep. 7
Time elapsed: 42.75 min
Epoch: 128/200 | Batch 0000/0043 | Loss: 0.0082
MAE/RMSE/ACC: Current Valid: 0.47/0.73/60.07 Ep. 128 | Best Valid: 0.41/0.67/60.07 | Ep. 7
Time elapsed: 43.09 min
Epoch: 129/200 | Batch 0000/0043 | Loss: 0.0289
MAE/RMSE/ACC: Current Valid: 0.47/0.73/60.07 Ep. 129 | Best Valid: 0.41/0.67/60.07 | Ep. 7
Time elapsed: 43.43 min
Epoch: 130/200 | Batch 0000/0043 | Loss: 0.0147
MAE/RMSE/ACC: Current Valid: 0.47/0.74/60.07 Ep. 130 | Best Valid: 0.41/0.67/60.07 | Ep. 7
Time elapsed: 43.76 min
Epoch: 131/200 | Batch 0000/0043 | Loss: 0.0195
MAE/RMSE/ACC: Current Valid: 0.48/0.74/60.07 Ep. 131 | Best Valid: 0.41/0.67/60.07 | Ep. 7
Time elapsed: 44.10 min
Epoch: 132/200 | Batch 0000/0043 | Loss: 0.0126
MAE/RMSE/ACC: Current Valid: 0.48/0.73/60.07 Ep. 132 | Best Valid: 0.41/0.67/60.07 | Ep. 7
Time elapsed: 44.43 min
Epoch: 133/200 | Batch 0000/0043 | Loss: 0.0123
MAE/RMSE/ACC: Current Valid: 0.49/0.75/60.07 Ep. 133 | Best Valid: 0.41/0.67/60.07 | Ep. 7
Time elapsed: 44.77 min
Epoch: 134/200 | Batch 0000/0043 | Loss: 0.0196
MAE/RMSE/ACC: Current Valid: 0.48/0.74/60.07 Ep. 134 | Best Valid: 0.41/0.67/60.07 | Ep. 7
Time elapsed: 45.11 min
Epoch: 135/200 | Batch 0000/0043 | Loss: 0.0200
MAE/RMSE/ACC: Current Valid: 0.48/0.74/60.07 Ep. 135 | Best Valid: 0.41/0.67/60.07 | Ep. 7
Time elapsed: 45.45 min
Epoch: 136/200 | Batch 0000/0043 | Loss: 0.0059
MAE/RMSE/ACC: Current Valid: 0.47/0.73/60.07 Ep. 136 | Best Valid: 0.41/0.67/60.07 | Ep. 7
Time elapsed: 45.78 min
Epoch: 137/200 | Batch 0000/0043 | Loss: 0.0375
MAE/RMSE/ACC: Current Valid: 0.48/0.74/60.07 Ep. 137 | Best Valid: 0.41/0.67/60.07 | Ep. 7
Time elapsed: 46.12 min
Epoch: 138/200 | Batch 0000/0043 | Loss: 0.0262
MAE/RMSE/ACC: Current Valid: 0.48/0.74/60.07 Ep. 138 | Best Valid: 0.41/0.67/60.07 | Ep. 7
Time elapsed: 46.46 min
Epoch: 139/200 | Batch 0000/0043 | Loss: 0.0064
MAE/RMSE/ACC: Current Valid: 0.47/0.74/60.07 Ep. 139 | Best Valid: 0.41/0.67/60.07 | Ep. 7
Time elapsed: 46.80 min
Epoch: 140/200 | Batch 0000/0043 | Loss: 0.0402
MAE/RMSE/ACC: Current Valid: 0.48/0.75/60.07 Ep. 140 | Best Valid: 0.41/0.67/60.07 | Ep. 7
Time elapsed: 47.14 min
Epoch: 141/200 | Batch 0000/0043 | Loss: 0.0036
MAE/RMSE/ACC: Current Valid: 0.51/0.78/60.07 Ep. 141 | Best Valid: 0.41/0.67/60.07 | Ep. 7
Time elapsed: 47.47 min
Epoch: 142/200 | Batch 0000/0043 | Loss: 0.0265
MAE/RMSE/ACC: Current Valid: 0.47/0.73/60.07 Ep. 142 | Best Valid: 0.41/0.67/60.07 | Ep. 7
Time elapsed: 47.81 min
Epoch: 143/200 | Batch 0000/0043 | Loss: 0.0087
MAE/RMSE/ACC: Current Valid: 0.48/0.74/60.07 Ep. 143 | Best Valid: 0.41/0.67/60.07 | Ep. 7
Time elapsed: 48.15 min
Epoch: 144/200 | Batch 0000/0043 | Loss: 0.0271
MAE/RMSE/ACC: Current Valid: 0.47/0.73/60.07 Ep. 144 | Best Valid: 0.41/0.67/60.07 | Ep. 7
Time elapsed: 48.48 min
Epoch: 145/200 | Batch 0000/0043 | Loss: 0.0491
MAE/RMSE/ACC: Current Valid: 0.46/0.72/60.07 Ep. 145 | Best Valid: 0.41/0.67/60.07 | Ep. 7
Time elapsed: 48.82 min
Epoch: 146/200 | Batch 0000/0043 | Loss: 0.0469
MAE/RMSE/ACC: Current Valid: 0.49/0.75/60.07 Ep. 146 | Best Valid: 0.41/0.67/60.07 | Ep. 7
Time elapsed: 49.15 min
Epoch: 147/200 | Batch 0000/0043 | Loss: 0.0215
MAE/RMSE/ACC: Current Valid: 0.50/0.76/60.07 Ep. 147 | Best Valid: 0.41/0.67/60.07 | Ep. 7
Time elapsed: 49.49 min
Epoch: 148/200 | Batch 0000/0043 | Loss: 0.0228
MAE/RMSE/ACC: Current Valid: 0.51/0.76/60.07 Ep. 148 | Best Valid: 0.41/0.67/60.07 | Ep. 7
Time elapsed: 49.82 min
Epoch: 149/200 | Batch 0000/0043 | Loss: 0.0074
MAE/RMSE/ACC: Current Valid: 0.49/0.75/60.07 Ep. 149 | Best Valid: 0.41/0.67/60.07 | Ep. 7
Time elapsed: 50.16 min
Epoch: 150/200 | Batch 0000/0043 | Loss: 0.0099
MAE/RMSE/ACC: Current Valid: 0.48/0.74/60.07 Ep. 150 | Best Valid: 0.41/0.67/60.07 | Ep. 7
Time elapsed: 50.49 min
Epoch: 151/200 | Batch 0000/0043 | Loss: 0.0132
MAE/RMSE/ACC: Current Valid: 0.49/0.75/60.07 Ep. 151 | Best Valid: 0.41/0.67/60.07 | Ep. 7
Time elapsed: 50.83 min
Epoch: 152/200 | Batch 0000/0043 | Loss: 0.0100
MAE/RMSE/ACC: Current Valid: 0.47/0.73/60.07 Ep. 152 | Best Valid: 0.41/0.67/60.07 | Ep. 7
Time elapsed: 51.17 min
Epoch: 153/200 | Batch 0000/0043 | Loss: 0.0107
MAE/RMSE/ACC: Current Valid: 0.46/0.72/60.07 Ep. 153 | Best Valid: 0.41/0.67/60.07 | Ep. 7
Time elapsed: 51.50 min
Epoch: 154/200 | Batch 0000/0043 | Loss: 0.0339
MAE/RMSE/ACC: Current Valid: 0.46/0.72/60.07 Ep. 154 | Best Valid: 0.41/0.67/60.07 | Ep. 7
Time elapsed: 51.84 min
Epoch: 155/200 | Batch 0000/0043 | Loss: 0.0111
MAE/RMSE/ACC: Current Valid: 0.49/0.74/60.07 Ep. 155 | Best Valid: 0.41/0.67/60.07 | Ep. 7
Time elapsed: 52.18 min
Epoch: 156/200 | Batch 0000/0043 | Loss: 0.0391
MAE/RMSE/ACC: Current Valid: 0.49/0.74/60.07 Ep. 156 | Best Valid: 0.41/0.67/60.07 | Ep. 7
Time elapsed: 52.51 min
Epoch: 157/200 | Batch 0000/0043 | Loss: 0.0206
MAE/RMSE/ACC: Current Valid: 0.49/0.74/60.07 Ep. 157 | Best Valid: 0.41/0.67/60.07 | Ep. 7
Time elapsed: 52.85 min
Epoch: 158/200 | Batch 0000/0043 | Loss: 0.0299
MAE/RMSE/ACC: Current Valid: 0.49/0.75/60.07 Ep. 158 | Best Valid: 0.41/0.67/60.07 | Ep. 7
Time elapsed: 53.19 min
Epoch: 159/200 | Batch 0000/0043 | Loss: 0.0180
MAE/RMSE/ACC: Current Valid: 0.49/0.74/60.07 Ep. 159 | Best Valid: 0.41/0.67/60.07 | Ep. 7
Time elapsed: 53.52 min
Epoch: 160/200 | Batch 0000/0043 | Loss: 0.0089
MAE/RMSE/ACC: Current Valid: 0.47/0.72/60.07 Ep. 160 | Best Valid: 0.41/0.67/60.07 | Ep. 7
Time elapsed: 53.86 min
Epoch: 161/200 | Batch 0000/0043 | Loss: 0.0170
MAE/RMSE/ACC: Current Valid: 0.50/0.76/60.07 Ep. 161 | Best Valid: 0.41/0.67/60.07 | Ep. 7
Time elapsed: 54.20 min
Epoch: 162/200 | Batch 0000/0043 | Loss: 0.0257
MAE/RMSE/ACC: Current Valid: 0.47/0.73/60.07 Ep. 162 | Best Valid: 0.41/0.67/60.07 | Ep. 7
Time elapsed: 54.53 min
Epoch: 163/200 | Batch 0000/0043 | Loss: 0.0157
MAE/RMSE/ACC: Current Valid: 0.47/0.72/60.07 Ep. 163 | Best Valid: 0.41/0.67/60.07 | Ep. 7
Time elapsed: 54.87 min
Epoch: 164/200 | Batch 0000/0043 | Loss: 0.0166
MAE/RMSE/ACC: Current Valid: 0.48/0.74/60.07 Ep. 164 | Best Valid: 0.41/0.67/60.07 | Ep. 7
Time elapsed: 55.21 min
Epoch: 165/200 | Batch 0000/0043 | Loss: 0.0327
MAE/RMSE/ACC: Current Valid: 0.49/0.74/60.07 Ep. 165 | Best Valid: 0.41/0.67/60.07 | Ep. 7
Time elapsed: 55.54 min
Epoch: 166/200 | Batch 0000/0043 | Loss: 0.0092
MAE/RMSE/ACC: Current Valid: 0.49/0.74/60.07 Ep. 166 | Best Valid: 0.41/0.67/60.07 | Ep. 7
Time elapsed: 55.88 min
Epoch: 167/200 | Batch 0000/0043 | Loss: 0.0105
MAE/RMSE/ACC: Current Valid: 0.49/0.75/60.07 Ep. 167 | Best Valid: 0.41/0.67/60.07 | Ep. 7
Time elapsed: 56.22 min
Epoch: 168/200 | Batch 0000/0043 | Loss: 0.0167
MAE/RMSE/ACC: Current Valid: 0.47/0.73/60.07 Ep. 168 | Best Valid: 0.41/0.67/60.07 | Ep. 7
Time elapsed: 56.55 min
Epoch: 169/200 | Batch 0000/0043 | Loss: 0.0181
MAE/RMSE/ACC: Current Valid: 0.49/0.75/60.07 Ep. 169 | Best Valid: 0.41/0.67/60.07 | Ep. 7
Time elapsed: 56.89 min
Epoch: 170/200 | Batch 0000/0043 | Loss: 0.0100
MAE/RMSE/ACC: Current Valid: 0.45/0.72/60.07 Ep. 170 | Best Valid: 0.41/0.67/60.07 | Ep. 7
Time elapsed: 57.23 min
Epoch: 171/200 | Batch 0000/0043 | Loss: 0.0059
MAE/RMSE/ACC: Current Valid: 0.49/0.74/60.07 Ep. 171 | Best Valid: 0.41/0.67/60.07 | Ep. 7
Time elapsed: 57.56 min
Epoch: 172/200 | Batch 0000/0043 | Loss: 0.0105
MAE/RMSE/ACC: Current Valid: 0.49/0.74/60.07 Ep. 172 | Best Valid: 0.41/0.67/60.07 | Ep. 7
Time elapsed: 57.90 min
Epoch: 173/200 | Batch 0000/0043 | Loss: 0.0029
MAE/RMSE/ACC: Current Valid: 0.49/0.74/60.07 Ep. 173 | Best Valid: 0.41/0.67/60.07 | Ep. 7
Time elapsed: 58.24 min
Epoch: 174/200 | Batch 0000/0043 | Loss: 0.0130
MAE/RMSE/ACC: Current Valid: 0.48/0.74/60.07 Ep. 174 | Best Valid: 0.41/0.67/60.07 | Ep. 7
Time elapsed: 58.58 min
Epoch: 175/200 | Batch 0000/0043 | Loss: 0.0254
MAE/RMSE/ACC: Current Valid: 0.49/0.75/60.07 Ep. 175 | Best Valid: 0.41/0.67/60.07 | Ep. 7
Time elapsed: 58.91 min
Epoch: 176/200 | Batch 0000/0043 | Loss: 0.0305
MAE/RMSE/ACC: Current Valid: 0.47/0.73/60.07 Ep. 176 | Best Valid: 0.41/0.67/60.07 | Ep. 7
Time elapsed: 59.25 min
Epoch: 177/200 | Batch 0000/0043 | Loss: 0.0347
MAE/RMSE/ACC: Current Valid: 0.47/0.73/60.07 Ep. 177 | Best Valid: 0.41/0.67/60.07 | Ep. 7
Time elapsed: 59.59 min
Epoch: 178/200 | Batch 0000/0043 | Loss: 0.0033
MAE/RMSE/ACC: Current Valid: 0.47/0.73/60.07 Ep. 178 | Best Valid: 0.41/0.67/60.07 | Ep. 7
Time elapsed: 59.92 min
Epoch: 179/200 | Batch 0000/0043 | Loss: 0.0158
MAE/RMSE/ACC: Current Valid: 0.47/0.73/60.07 Ep. 179 | Best Valid: 0.41/0.67/60.07 | Ep. 7
Time elapsed: 60.26 min
Epoch: 180/200 | Batch 0000/0043 | Loss: 0.0197
MAE/RMSE/ACC: Current Valid: 0.46/0.72/60.07 Ep. 180 | Best Valid: 0.41/0.67/60.07 | Ep. 7
Time elapsed: 60.60 min
Epoch: 181/200 | Batch 0000/0043 | Loss: 0.0613
MAE/RMSE/ACC: Current Valid: 0.48/0.74/60.07 Ep. 181 | Best Valid: 0.41/0.67/60.07 | Ep. 7
Time elapsed: 60.93 min
Epoch: 182/200 | Batch 0000/0043 | Loss: 0.0615
MAE/RMSE/ACC: Current Valid: 0.50/0.76/60.07 Ep. 182 | Best Valid: 0.41/0.67/60.07 | Ep. 7
Time elapsed: 61.27 min
Epoch: 183/200 | Batch 0000/0043 | Loss: 0.0405
MAE/RMSE/ACC: Current Valid: 0.46/0.72/60.07 Ep. 183 | Best Valid: 0.41/0.67/60.07 | Ep. 7
Time elapsed: 61.61 min
Epoch: 184/200 | Batch 0000/0043 | Loss: 0.0272
MAE/RMSE/ACC: Current Valid: 0.48/0.74/60.07 Ep. 184 | Best Valid: 0.41/0.67/60.07 | Ep. 7
Time elapsed: 61.95 min
Epoch: 185/200 | Batch 0000/0043 | Loss: 0.0184
MAE/RMSE/ACC: Current Valid: 0.47/0.73/60.07 Ep. 185 | Best Valid: 0.41/0.67/60.07 | Ep. 7
Time elapsed: 62.28 min
Epoch: 186/200 | Batch 0000/0043 | Loss: 0.0060
MAE/RMSE/ACC: Current Valid: 0.49/0.74/60.07 Ep. 186 | Best Valid: 0.41/0.67/60.07 | Ep. 7
Time elapsed: 62.62 min
Epoch: 187/200 | Batch 0000/0043 | Loss: 0.0371
MAE/RMSE/ACC: Current Valid: 0.49/0.76/60.07 Ep. 187 | Best Valid: 0.41/0.67/60.07 | Ep. 7
Time elapsed: 62.96 min
Epoch: 188/200 | Batch 0000/0043 | Loss: 0.0109
MAE/RMSE/ACC: Current Valid: 0.48/0.73/60.07 Ep. 188 | Best Valid: 0.41/0.67/60.07 | Ep. 7
Time elapsed: 63.29 min
Epoch: 189/200 | Batch 0000/0043 | Loss: 0.0063
MAE/RMSE/ACC: Current Valid: 0.47/0.73/60.07 Ep. 189 | Best Valid: 0.41/0.67/60.07 | Ep. 7
Time elapsed: 63.63 min
Epoch: 190/200 | Batch 0000/0043 | Loss: 0.0121
MAE/RMSE/ACC: Current Valid: 0.46/0.72/60.07 Ep. 190 | Best Valid: 0.41/0.67/60.07 | Ep. 7
Time elapsed: 63.97 min
Epoch: 191/200 | Batch 0000/0043 | Loss: 0.0252
MAE/RMSE/ACC: Current Valid: 0.47/0.73/60.07 Ep. 191 | Best Valid: 0.41/0.67/60.07 | Ep. 7
Time elapsed: 64.31 min
Epoch: 192/200 | Batch 0000/0043 | Loss: 0.0011
MAE/RMSE/ACC: Current Valid: 0.47/0.74/60.07 Ep. 192 | Best Valid: 0.41/0.67/60.07 | Ep. 7
Time elapsed: 64.65 min
Epoch: 193/200 | Batch 0000/0043 | Loss: 0.0470
MAE/RMSE/ACC: Current Valid: 0.47/0.73/60.07 Ep. 193 | Best Valid: 0.41/0.67/60.07 | Ep. 7
Time elapsed: 64.98 min
Epoch: 194/200 | Batch 0000/0043 | Loss: 0.0031
MAE/RMSE/ACC: Current Valid: 0.47/0.73/60.07 Ep. 194 | Best Valid: 0.41/0.67/60.07 | Ep. 7
Time elapsed: 65.32 min
Epoch: 195/200 | Batch 0000/0043 | Loss: 0.0116
MAE/RMSE/ACC: Current Valid: 0.48/0.75/60.07 Ep. 195 | Best Valid: 0.41/0.67/60.07 | Ep. 7
Time elapsed: 65.66 min
Epoch: 196/200 | Batch 0000/0043 | Loss: 0.0656
MAE/RMSE/ACC: Current Valid: 0.47/0.73/60.07 Ep. 196 | Best Valid: 0.41/0.67/60.07 | Ep. 7
Time elapsed: 65.99 min
Epoch: 197/200 | Batch 0000/0043 | Loss: 0.0058
MAE/RMSE/ACC: Current Valid: 0.49/0.74/60.07 Ep. 197 | Best Valid: 0.41/0.67/60.07 | Ep. 7
Time elapsed: 66.33 min
Epoch: 198/200 | Batch 0000/0043 | Loss: 0.0270
MAE/RMSE/ACC: Current Valid: 0.48/0.74/60.07 Ep. 198 | Best Valid: 0.41/0.67/60.07 | Ep. 7
Time elapsed: 66.67 min
Epoch: 199/200 | Batch 0000/0043 | Loss: 0.0014
MAE/RMSE/ACC: Current Valid: 0.48/0.74/60.07 Ep. 199 | Best Valid: 0.41/0.67/60.07 | Ep. 7
Time elapsed: 67.00 min
Epoch: 200/200 | Batch 0000/0043 | Loss: 0.0103
MAE/RMSE/ACC: Current Valid: 0.48/0.74/60.07 Ep. 200 | Best Valid: 0.41/0.67/60.07 | Ep. 7
Time elapsed: 67.34 min
MAE/RMSE: | Train: 0.02/0.14 | Valid: 0.48/0.74 | Test: 0.49/0.75
ACC: | Train: 98.19 | Valid: 55.12 | Test: 53.97
Total Running Time: 67.96 min
MAE/RMSE: | Best Train: 0.37/0.63 | Best Valid: 0.41/0.67 | Best Test: 0.43/0.69
ACC: | Best Train: 64.34 | Best Valid: 60.07 | Best Test: 58.87
Total Running Time: 68.59 min
