This script: resnet34_niu.py
PyTorch Version: 1.8.1
CUDA device: cuda:2
CUDA version: 11.1
Random seed: 2
Learning rate: 0.0005
Epochs: 200
Batch size: 256
Output path: runs/afad-balanced/resnet34_niu-imp0-seed2-epochs200_best-rmse
Epoch: 001/200 | Batch 0000/0180 | Loss: 8.6851
Epoch: 001/200 | Batch 0050/0180 | Loss: 6.1886
Epoch: 001/200 | Batch 0100/0180 | Loss: 6.0196
Epoch: 001/200 | Batch 0150/0180 | Loss: 6.0755
MAE/RMSE/ACC: Current Valid: 3.05/3.71/9.48 Ep. 1 | Best Valid: 3.05/3.71/9.48 | Ep. 1
Time elapsed: 1.26 min
Epoch: 002/200 | Batch 0000/0180 | Loss: 5.9744
Epoch: 002/200 | Batch 0050/0180 | Loss: 5.8276
Epoch: 002/200 | Batch 0100/0180 | Loss: 6.1912
Epoch: 002/200 | Batch 0150/0180 | Loss: 6.1681
MAE/RMSE/ACC: Current Valid: 3.03/3.64/9.12 Ep. 2 | Best Valid: 3.03/3.64/9.12 | Ep. 2
Time elapsed: 2.56 min
Epoch: 003/200 | Batch 0000/0180 | Loss: 6.0010
Epoch: 003/200 | Batch 0050/0180 | Loss: 5.9882
Epoch: 003/200 | Batch 0100/0180 | Loss: 5.7291
Epoch: 003/200 | Batch 0150/0180 | Loss: 5.9807
MAE/RMSE/ACC: Current Valid: 3.24/3.90/9.12 Ep. 3 | Best Valid: 3.03/3.64/9.12 | Ep. 2
Time elapsed: 3.86 min
Epoch: 004/200 | Batch 0000/0180 | Loss: 5.5523
Epoch: 004/200 | Batch 0050/0180 | Loss: 5.8916
Epoch: 004/200 | Batch 0100/0180 | Loss: 5.8391
Epoch: 004/200 | Batch 0150/0180 | Loss: 5.9783
MAE/RMSE/ACC: Current Valid: 2.96/3.63/9.77 Ep. 4 | Best Valid: 2.96/3.63/9.77 | Ep. 4
Time elapsed: 5.17 min
Epoch: 005/200 | Batch 0000/0180 | Loss: 6.1470
Epoch: 005/200 | Batch 0050/0180 | Loss: 5.6333
Epoch: 005/200 | Batch 0100/0180 | Loss: 5.8865
Epoch: 005/200 | Batch 0150/0180 | Loss: 5.8343
MAE/RMSE/ACC: Current Valid: 2.93/3.57/9.56 Ep. 5 | Best Valid: 2.93/3.57/9.56 | Ep. 5
Time elapsed: 6.48 min
Epoch: 006/200 | Batch 0000/0180 | Loss: 5.8793
Epoch: 006/200 | Batch 0050/0180 | Loss: 5.8556
Epoch: 006/200 | Batch 0100/0180 | Loss: 5.6992
Epoch: 006/200 | Batch 0150/0180 | Loss: 5.8835
MAE/RMSE/ACC: Current Valid: 2.94/3.53/9.30 Ep. 6 | Best Valid: 2.94/3.53/9.30 | Ep. 6
Time elapsed: 7.80 min
Epoch: 007/200 | Batch 0000/0180 | Loss: 5.7115
Epoch: 007/200 | Batch 0050/0180 | Loss: 5.7325
Epoch: 007/200 | Batch 0100/0180 | Loss: 5.9541
Epoch: 007/200 | Batch 0150/0180 | Loss: 5.8993
MAE/RMSE/ACC: Current Valid: 2.98/3.69/9.30 Ep. 7 | Best Valid: 2.94/3.53/9.30 | Ep. 6
Time elapsed: 9.10 min
Epoch: 008/200 | Batch 0000/0180 | Loss: 5.8591
Epoch: 008/200 | Batch 0050/0180 | Loss: 5.6993
Epoch: 008/200 | Batch 0100/0180 | Loss: 5.8065
Epoch: 008/200 | Batch 0150/0180 | Loss: 5.7964
MAE/RMSE/ACC: Current Valid: 2.98/3.63/9.30 Ep. 8 | Best Valid: 2.94/3.53/9.30 | Ep. 6
Time elapsed: 10.41 min
Epoch: 009/200 | Batch 0000/0180 | Loss: 5.9030
Epoch: 009/200 | Batch 0050/0180 | Loss: 5.7340
Epoch: 009/200 | Batch 0100/0180 | Loss: 6.1974
Epoch: 009/200 | Batch 0150/0180 | Loss: 5.9011
MAE/RMSE/ACC: Current Valid: 2.90/3.54/9.30 Ep. 9 | Best Valid: 2.94/3.53/9.30 | Ep. 6
Time elapsed: 11.73 min
Epoch: 010/200 | Batch 0000/0180 | Loss: 5.8826
Epoch: 010/200 | Batch 0050/0180 | Loss: 5.6936
Epoch: 010/200 | Batch 0100/0180 | Loss: 5.5278
Epoch: 010/200 | Batch 0150/0180 | Loss: 5.5540
MAE/RMSE/ACC: Current Valid: 2.94/3.65/9.30 Ep. 10 | Best Valid: 2.94/3.53/9.30 | Ep. 6
Time elapsed: 13.04 min
Epoch: 011/200 | Batch 0000/0180 | Loss: 5.6321
Epoch: 011/200 | Batch 0050/0180 | Loss: 5.7788
Epoch: 011/200 | Batch 0100/0180 | Loss: 5.3099
Epoch: 011/200 | Batch 0150/0180 | Loss: 5.5132
MAE/RMSE/ACC: Current Valid: 2.87/3.57/9.30 Ep. 11 | Best Valid: 2.94/3.53/9.30 | Ep. 6
Time elapsed: 14.35 min
Epoch: 012/200 | Batch 0000/0180 | Loss: 5.8519
Epoch: 012/200 | Batch 0050/0180 | Loss: 5.3736
Epoch: 012/200 | Batch 0100/0180 | Loss: 5.3792
Epoch: 012/200 | Batch 0150/0180 | Loss: 5.9010
MAE/RMSE/ACC: Current Valid: 2.89/3.59/9.30 Ep. 12 | Best Valid: 2.94/3.53/9.30 | Ep. 6
Time elapsed: 15.65 min
Epoch: 013/200 | Batch 0000/0180 | Loss: 5.7561
Epoch: 013/200 | Batch 0050/0180 | Loss: 5.3615
Epoch: 013/200 | Batch 0100/0180 | Loss: 5.4681
Epoch: 013/200 | Batch 0150/0180 | Loss: 5.4756
MAE/RMSE/ACC: Current Valid: 2.98/3.70/9.30 Ep. 13 | Best Valid: 2.94/3.53/9.30 | Ep. 6
Time elapsed: 16.96 min
Epoch: 014/200 | Batch 0000/0180 | Loss: 5.3693
Epoch: 014/200 | Batch 0050/0180 | Loss: 5.6866
Epoch: 014/200 | Batch 0100/0180 | Loss: 5.2902
Epoch: 014/200 | Batch 0150/0180 | Loss: 5.4035
MAE/RMSE/ACC: Current Valid: 2.85/3.55/9.30 Ep. 14 | Best Valid: 2.94/3.53/9.30 | Ep. 6
Time elapsed: 18.27 min
Epoch: 015/200 | Batch 0000/0180 | Loss: 5.1349
Epoch: 015/200 | Batch 0050/0180 | Loss: 5.3177
Epoch: 015/200 | Batch 0100/0180 | Loss: 5.2424
Epoch: 015/200 | Batch 0150/0180 | Loss: 5.3096
MAE/RMSE/ACC: Current Valid: 2.86/3.52/10.25 Ep. 15 | Best Valid: 2.86/3.52/10.25 | Ep. 15
Time elapsed: 19.58 min
Epoch: 016/200 | Batch 0000/0180 | Loss: 5.5254
Epoch: 016/200 | Batch 0050/0180 | Loss: 5.1900
Epoch: 016/200 | Batch 0100/0180 | Loss: 5.4494
Epoch: 016/200 | Batch 0150/0180 | Loss: 5.0195
MAE/RMSE/ACC: Current Valid: 2.89/3.62/10.25 Ep. 16 | Best Valid: 2.86/3.52/10.25 | Ep. 15
Time elapsed: 20.90 min
Epoch: 017/200 | Batch 0000/0180 | Loss: 4.9843
Epoch: 017/200 | Batch 0050/0180 | Loss: 5.2521
Epoch: 017/200 | Batch 0100/0180 | Loss: 5.2324
Epoch: 017/200 | Batch 0150/0180 | Loss: 5.0077
MAE/RMSE/ACC: Current Valid: 2.90/3.63/10.25 Ep. 17 | Best Valid: 2.86/3.52/10.25 | Ep. 15
Time elapsed: 22.20 min
Epoch: 018/200 | Batch 0000/0180 | Loss: 4.7291
Epoch: 018/200 | Batch 0050/0180 | Loss: 4.7839
Epoch: 018/200 | Batch 0100/0180 | Loss: 4.9203
Epoch: 018/200 | Batch 0150/0180 | Loss: 5.6799
MAE/RMSE/ACC: Current Valid: 2.93/3.67/10.25 Ep. 18 | Best Valid: 2.86/3.52/10.25 | Ep. 15
Time elapsed: 23.51 min
Epoch: 019/200 | Batch 0000/0180 | Loss: 4.5853
Epoch: 019/200 | Batch 0050/0180 | Loss: 5.0166
Epoch: 019/200 | Batch 0100/0180 | Loss: 5.0822
Epoch: 019/200 | Batch 0150/0180 | Loss: 5.3639
MAE/RMSE/ACC: Current Valid: 2.98/3.73/10.25 Ep. 19 | Best Valid: 2.86/3.52/10.25 | Ep. 15
Time elapsed: 24.82 min
Epoch: 020/200 | Batch 0000/0180 | Loss: 4.7371
Epoch: 020/200 | Batch 0050/0180 | Loss: 5.0987
Epoch: 020/200 | Batch 0100/0180 | Loss: 4.9202
Epoch: 020/200 | Batch 0150/0180 | Loss: 5.0293
MAE/RMSE/ACC: Current Valid: 2.95/3.68/10.25 Ep. 20 | Best Valid: 2.86/3.52/10.25 | Ep. 15
Time elapsed: 26.13 min
Epoch: 021/200 | Batch 0000/0180 | Loss: 4.6120
Epoch: 021/200 | Batch 0050/0180 | Loss: 4.9992
Epoch: 021/200 | Batch 0100/0180 | Loss: 4.6113
Epoch: 021/200 | Batch 0150/0180 | Loss: 4.9759
MAE/RMSE/ACC: Current Valid: 2.95/3.67/10.25 Ep. 21 | Best Valid: 2.86/3.52/10.25 | Ep. 15
Time elapsed: 27.44 min
Epoch: 022/200 | Batch 0000/0180 | Loss: 4.4083
Epoch: 022/200 | Batch 0050/0180 | Loss: 4.6277
Epoch: 022/200 | Batch 0100/0180 | Loss: 4.4127
Epoch: 022/200 | Batch 0150/0180 | Loss: 4.6384
MAE/RMSE/ACC: Current Valid: 2.95/3.72/10.25 Ep. 22 | Best Valid: 2.86/3.52/10.25 | Ep. 15
Time elapsed: 28.75 min
Epoch: 023/200 | Batch 0000/0180 | Loss: 4.3949
Epoch: 023/200 | Batch 0050/0180 | Loss: 4.7007
Epoch: 023/200 | Batch 0100/0180 | Loss: 4.5524
Epoch: 023/200 | Batch 0150/0180 | Loss: 4.6897
MAE/RMSE/ACC: Current Valid: 2.93/3.69/10.25 Ep. 23 | Best Valid: 2.86/3.52/10.25 | Ep. 15
Time elapsed: 30.06 min
Epoch: 024/200 | Batch 0000/0180 | Loss: 4.3561
Epoch: 024/200 | Batch 0050/0180 | Loss: 4.3218
Epoch: 024/200 | Batch 0100/0180 | Loss: 4.3043
Epoch: 024/200 | Batch 0150/0180 | Loss: 4.5985
MAE/RMSE/ACC: Current Valid: 2.94/3.68/10.25 Ep. 24 | Best Valid: 2.86/3.52/10.25 | Ep. 15
Time elapsed: 31.37 min
Epoch: 025/200 | Batch 0000/0180 | Loss: 4.2482
Epoch: 025/200 | Batch 0050/0180 | Loss: 4.4936
Epoch: 025/200 | Batch 0100/0180 | Loss: 3.9810
Epoch: 025/200 | Batch 0150/0180 | Loss: 4.3751
MAE/RMSE/ACC: Current Valid: 2.95/3.72/10.25 Ep. 25 | Best Valid: 2.86/3.52/10.25 | Ep. 15
Time elapsed: 32.68 min
Epoch: 026/200 | Batch 0000/0180 | Loss: 4.6101
Epoch: 026/200 | Batch 0050/0180 | Loss: 3.9605
Epoch: 026/200 | Batch 0100/0180 | Loss: 4.3849
Epoch: 026/200 | Batch 0150/0180 | Loss: 4.2544
MAE/RMSE/ACC: Current Valid: 2.98/3.80/10.25 Ep. 26 | Best Valid: 2.86/3.52/10.25 | Ep. 15
Time elapsed: 33.99 min
Epoch: 027/200 | Batch 0000/0180 | Loss: 3.9879
Epoch: 027/200 | Batch 0050/0180 | Loss: 4.2040
Epoch: 027/200 | Batch 0100/0180 | Loss: 3.7772
Epoch: 027/200 | Batch 0150/0180 | Loss: 3.9341
MAE/RMSE/ACC: Current Valid: 3.05/3.88/10.25 Ep. 27 | Best Valid: 2.86/3.52/10.25 | Ep. 15
Time elapsed: 35.30 min
Epoch: 028/200 | Batch 0000/0180 | Loss: 3.7740
Epoch: 028/200 | Batch 0050/0180 | Loss: 3.8748
Epoch: 028/200 | Batch 0100/0180 | Loss: 3.7497
Epoch: 028/200 | Batch 0150/0180 | Loss: 3.8628
MAE/RMSE/ACC: Current Valid: 2.96/3.70/10.25 Ep. 28 | Best Valid: 2.86/3.52/10.25 | Ep. 15
Time elapsed: 36.61 min
Epoch: 029/200 | Batch 0000/0180 | Loss: 3.6119
Epoch: 029/200 | Batch 0050/0180 | Loss: 3.6337
Epoch: 029/200 | Batch 0100/0180 | Loss: 3.8142
Epoch: 029/200 | Batch 0150/0180 | Loss: 3.6399
MAE/RMSE/ACC: Current Valid: 2.99/3.77/10.25 Ep. 29 | Best Valid: 2.86/3.52/10.25 | Ep. 15
Time elapsed: 37.92 min
Epoch: 030/200 | Batch 0000/0180 | Loss: 3.6989
Epoch: 030/200 | Batch 0050/0180 | Loss: 3.4873
Epoch: 030/200 | Batch 0100/0180 | Loss: 3.7455
Epoch: 030/200 | Batch 0150/0180 | Loss: 3.8835
MAE/RMSE/ACC: Current Valid: 3.00/3.79/10.25 Ep. 30 | Best Valid: 2.86/3.52/10.25 | Ep. 15
Time elapsed: 39.23 min
Epoch: 031/200 | Batch 0000/0180 | Loss: 3.3780
Epoch: 031/200 | Batch 0050/0180 | Loss: 3.6708
Epoch: 031/200 | Batch 0100/0180 | Loss: 3.3699
Epoch: 031/200 | Batch 0150/0180 | Loss: 3.9060
MAE/RMSE/ACC: Current Valid: 2.98/3.76/10.25 Ep. 31 | Best Valid: 2.86/3.52/10.25 | Ep. 15
Time elapsed: 40.54 min
Epoch: 032/200 | Batch 0000/0180 | Loss: 3.5910
Epoch: 032/200 | Batch 0050/0180 | Loss: 3.1723
Epoch: 032/200 | Batch 0100/0180 | Loss: 3.4785
Epoch: 032/200 | Batch 0150/0180 | Loss: 3.3105
MAE/RMSE/ACC: Current Valid: 3.07/3.91/10.25 Ep. 32 | Best Valid: 2.86/3.52/10.25 | Ep. 15
Time elapsed: 41.85 min
Epoch: 033/200 | Batch 0000/0180 | Loss: 3.1178
Epoch: 033/200 | Batch 0050/0180 | Loss: 3.3909
Epoch: 033/200 | Batch 0100/0180 | Loss: 3.5700
Epoch: 033/200 | Batch 0150/0180 | Loss: 3.3956
MAE/RMSE/ACC: Current Valid: 3.00/3.79/10.25 Ep. 33 | Best Valid: 2.86/3.52/10.25 | Ep. 15
Time elapsed: 43.16 min
Epoch: 034/200 | Batch 0000/0180 | Loss: 2.9710
Epoch: 034/200 | Batch 0050/0180 | Loss: 3.1459
Epoch: 034/200 | Batch 0100/0180 | Loss: 3.0166
Epoch: 034/200 | Batch 0150/0180 | Loss: 3.4191
MAE/RMSE/ACC: Current Valid: 3.01/3.83/10.25 Ep. 34 | Best Valid: 2.86/3.52/10.25 | Ep. 15
Time elapsed: 44.47 min
Epoch: 035/200 | Batch 0000/0180 | Loss: 3.1187
Epoch: 035/200 | Batch 0050/0180 | Loss: 3.2369
Epoch: 035/200 | Batch 0100/0180 | Loss: 3.2072
Epoch: 035/200 | Batch 0150/0180 | Loss: 2.8460
MAE/RMSE/ACC: Current Valid: 2.98/3.77/10.25 Ep. 35 | Best Valid: 2.86/3.52/10.25 | Ep. 15
Time elapsed: 45.78 min
Epoch: 036/200 | Batch 0000/0180 | Loss: 2.8524
Epoch: 036/200 | Batch 0050/0180 | Loss: 3.0385
Epoch: 036/200 | Batch 0100/0180 | Loss: 3.0155
Epoch: 036/200 | Batch 0150/0180 | Loss: 2.8086
MAE/RMSE/ACC: Current Valid: 3.05/3.87/10.25 Ep. 36 | Best Valid: 2.86/3.52/10.25 | Ep. 15
Time elapsed: 47.09 min
Epoch: 037/200 | Batch 0000/0180 | Loss: 2.7562
Epoch: 037/200 | Batch 0050/0180 | Loss: 3.0807
Epoch: 037/200 | Batch 0100/0180 | Loss: 2.6336
Epoch: 037/200 | Batch 0150/0180 | Loss: 2.8188
MAE/RMSE/ACC: Current Valid: 3.01/3.82/10.25 Ep. 37 | Best Valid: 2.86/3.52/10.25 | Ep. 15
Time elapsed: 48.40 min
Epoch: 038/200 | Batch 0000/0180 | Loss: 2.6667
Epoch: 038/200 | Batch 0050/0180 | Loss: 2.5740
Epoch: 038/200 | Batch 0100/0180 | Loss: 2.8012
Epoch: 038/200 | Batch 0150/0180 | Loss: 2.9292
MAE/RMSE/ACC: Current Valid: 3.03/3.80/10.25 Ep. 38 | Best Valid: 2.86/3.52/10.25 | Ep. 15
Time elapsed: 49.71 min
Epoch: 039/200 | Batch 0000/0180 | Loss: 2.7591
Epoch: 039/200 | Batch 0050/0180 | Loss: 2.7474
Epoch: 039/200 | Batch 0100/0180 | Loss: 2.6369
Epoch: 039/200 | Batch 0150/0180 | Loss: 2.7560
MAE/RMSE/ACC: Current Valid: 3.03/3.84/10.25 Ep. 39 | Best Valid: 2.86/3.52/10.25 | Ep. 15
Time elapsed: 51.02 min
Epoch: 040/200 | Batch 0000/0180 | Loss: 2.7830
Epoch: 040/200 | Batch 0050/0180 | Loss: 2.8177
Epoch: 040/200 | Batch 0100/0180 | Loss: 2.5770
Epoch: 040/200 | Batch 0150/0180 | Loss: 3.0287
MAE/RMSE/ACC: Current Valid: 3.10/3.97/10.25 Ep. 40 | Best Valid: 2.86/3.52/10.25 | Ep. 15
Time elapsed: 52.33 min
Epoch: 041/200 | Batch 0000/0180 | Loss: 2.5712
Epoch: 041/200 | Batch 0050/0180 | Loss: 2.6383
Epoch: 041/200 | Batch 0100/0180 | Loss: 2.5416
Epoch: 041/200 | Batch 0150/0180 | Loss: 2.6966
MAE/RMSE/ACC: Current Valid: 3.03/3.84/10.25 Ep. 41 | Best Valid: 2.86/3.52/10.25 | Ep. 15
Time elapsed: 53.64 min
Epoch: 042/200 | Batch 0000/0180 | Loss: 2.5647
Epoch: 042/200 | Batch 0050/0180 | Loss: 2.6863
Epoch: 042/200 | Batch 0100/0180 | Loss: 2.7486
Epoch: 042/200 | Batch 0150/0180 | Loss: 2.5957
MAE/RMSE/ACC: Current Valid: 3.12/4.00/10.25 Ep. 42 | Best Valid: 2.86/3.52/10.25 | Ep. 15
Time elapsed: 54.95 min
Epoch: 043/200 | Batch 0000/0180 | Loss: 2.7008
Epoch: 043/200 | Batch 0050/0180 | Loss: 2.5765
Epoch: 043/200 | Batch 0100/0180 | Loss: 2.6099
Epoch: 043/200 | Batch 0150/0180 | Loss: 2.8369
MAE/RMSE/ACC: Current Valid: 3.04/3.85/10.25 Ep. 43 | Best Valid: 2.86/3.52/10.25 | Ep. 15
Time elapsed: 56.26 min
Epoch: 044/200 | Batch 0000/0180 | Loss: 2.3387
Epoch: 044/200 | Batch 0050/0180 | Loss: 2.3166
Epoch: 044/200 | Batch 0100/0180 | Loss: 2.6580
Epoch: 044/200 | Batch 0150/0180 | Loss: 2.4862
MAE/RMSE/ACC: Current Valid: 3.08/3.94/10.25 Ep. 44 | Best Valid: 2.86/3.52/10.25 | Ep. 15
Time elapsed: 57.57 min
Epoch: 045/200 | Batch 0000/0180 | Loss: 2.3826
Epoch: 045/200 | Batch 0050/0180 | Loss: 2.6753
Epoch: 045/200 | Batch 0100/0180 | Loss: 2.5364
Epoch: 045/200 | Batch 0150/0180 | Loss: 2.2514
MAE/RMSE/ACC: Current Valid: 3.04/3.85/10.25 Ep. 45 | Best Valid: 2.86/3.52/10.25 | Ep. 15
Time elapsed: 58.88 min
Epoch: 046/200 | Batch 0000/0180 | Loss: 2.0949
Epoch: 046/200 | Batch 0050/0180 | Loss: 2.0456
Epoch: 046/200 | Batch 0100/0180 | Loss: 2.1753
Epoch: 046/200 | Batch 0150/0180 | Loss: 2.4857
MAE/RMSE/ACC: Current Valid: 3.16/4.04/10.25 Ep. 46 | Best Valid: 2.86/3.52/10.25 | Ep. 15
Time elapsed: 60.19 min
Epoch: 047/200 | Batch 0000/0180 | Loss: 2.1674
Epoch: 047/200 | Batch 0050/0180 | Loss: 2.1859
Epoch: 047/200 | Batch 0100/0180 | Loss: 2.2131
Epoch: 047/200 | Batch 0150/0180 | Loss: 2.0060
MAE/RMSE/ACC: Current Valid: 3.13/4.00/10.25 Ep. 47 | Best Valid: 2.86/3.52/10.25 | Ep. 15
Time elapsed: 61.50 min
Epoch: 048/200 | Batch 0000/0180 | Loss: 1.9392
Epoch: 048/200 | Batch 0050/0180 | Loss: 2.1897
Epoch: 048/200 | Batch 0100/0180 | Loss: 2.0521
Epoch: 048/200 | Batch 0150/0180 | Loss: 2.3622
MAE/RMSE/ACC: Current Valid: 3.08/3.90/10.25 Ep. 48 | Best Valid: 2.86/3.52/10.25 | Ep. 15
Time elapsed: 62.80 min
Epoch: 049/200 | Batch 0000/0180 | Loss: 2.0559
Epoch: 049/200 | Batch 0050/0180 | Loss: 2.1931
Epoch: 049/200 | Batch 0100/0180 | Loss: 2.0474
Epoch: 049/200 | Batch 0150/0180 | Loss: 2.3020
MAE/RMSE/ACC: Current Valid: 3.16/4.02/10.25 Ep. 49 | Best Valid: 2.86/3.52/10.25 | Ep. 15
Time elapsed: 64.12 min
Epoch: 050/200 | Batch 0000/0180 | Loss: 1.6837
Epoch: 050/200 | Batch 0050/0180 | Loss: 1.6601
Epoch: 050/200 | Batch 0100/0180 | Loss: 1.9376
Epoch: 050/200 | Batch 0150/0180 | Loss: 1.9790
MAE/RMSE/ACC: Current Valid: 3.13/4.02/10.25 Ep. 50 | Best Valid: 2.86/3.52/10.25 | Ep. 15
Time elapsed: 65.42 min
Epoch: 051/200 | Batch 0000/0180 | Loss: 2.0420
Epoch: 051/200 | Batch 0050/0180 | Loss: 1.8792
Epoch: 051/200 | Batch 0100/0180 | Loss: 1.9726
Epoch: 051/200 | Batch 0150/0180 | Loss: 2.0175
MAE/RMSE/ACC: Current Valid: 3.08/3.92/10.25 Ep. 51 | Best Valid: 2.86/3.52/10.25 | Ep. 15
Time elapsed: 66.73 min
Epoch: 052/200 | Batch 0000/0180 | Loss: 1.9728
Epoch: 052/200 | Batch 0050/0180 | Loss: 2.0516
Epoch: 052/200 | Batch 0100/0180 | Loss: 1.8389
Epoch: 052/200 | Batch 0150/0180 | Loss: 2.0184
MAE/RMSE/ACC: Current Valid: 3.12/4.00/10.25 Ep. 52 | Best Valid: 2.86/3.52/10.25 | Ep. 15
Time elapsed: 68.05 min
Epoch: 053/200 | Batch 0000/0180 | Loss: 1.5107
Epoch: 053/200 | Batch 0050/0180 | Loss: 1.6814
Epoch: 053/200 | Batch 0100/0180 | Loss: 1.8751
Epoch: 053/200 | Batch 0150/0180 | Loss: 1.8935
MAE/RMSE/ACC: Current Valid: 3.18/4.06/10.25 Ep. 53 | Best Valid: 2.86/3.52/10.25 | Ep. 15
Time elapsed: 69.36 min
Epoch: 054/200 | Batch 0000/0180 | Loss: 2.0522
Epoch: 054/200 | Batch 0050/0180 | Loss: 1.5974
Epoch: 054/200 | Batch 0100/0180 | Loss: 1.5186
Epoch: 054/200 | Batch 0150/0180 | Loss: 2.1717
MAE/RMSE/ACC: Current Valid: 3.14/4.02/10.25 Ep. 54 | Best Valid: 2.86/3.52/10.25 | Ep. 15
Time elapsed: 70.66 min
Epoch: 055/200 | Batch 0000/0180 | Loss: 1.6424
Epoch: 055/200 | Batch 0050/0180 | Loss: 1.5532
Epoch: 055/200 | Batch 0100/0180 | Loss: 1.5067
Epoch: 055/200 | Batch 0150/0180 | Loss: 2.1165
MAE/RMSE/ACC: Current Valid: 3.03/3.86/10.25 Ep. 55 | Best Valid: 2.86/3.52/10.25 | Ep. 15
Time elapsed: 71.97 min
Epoch: 056/200 | Batch 0000/0180 | Loss: 1.5056
Epoch: 056/200 | Batch 0050/0180 | Loss: 1.6800
Epoch: 056/200 | Batch 0100/0180 | Loss: 1.6619
Epoch: 056/200 | Batch 0150/0180 | Loss: 1.7119
MAE/RMSE/ACC: Current Valid: 3.13/4.00/10.25 Ep. 56 | Best Valid: 2.86/3.52/10.25 | Ep. 15
Time elapsed: 73.28 min
Epoch: 057/200 | Batch 0000/0180 | Loss: 1.4593
Epoch: 057/200 | Batch 0050/0180 | Loss: 1.6627
Epoch: 057/200 | Batch 0100/0180 | Loss: 1.6819
Epoch: 057/200 | Batch 0150/0180 | Loss: 1.6447
MAE/RMSE/ACC: Current Valid: 3.09/3.95/10.25 Ep. 57 | Best Valid: 2.86/3.52/10.25 | Ep. 15
Time elapsed: 74.59 min
Epoch: 058/200 | Batch 0000/0180 | Loss: 1.5215
Epoch: 058/200 | Batch 0050/0180 | Loss: 1.4347
Epoch: 058/200 | Batch 0100/0180 | Loss: 1.5557
Epoch: 058/200 | Batch 0150/0180 | Loss: 1.3717
MAE/RMSE/ACC: Current Valid: 3.15/4.00/10.25 Ep. 58 | Best Valid: 2.86/3.52/10.25 | Ep. 15
Time elapsed: 75.90 min
Epoch: 059/200 | Batch 0000/0180 | Loss: 1.5282
Epoch: 059/200 | Batch 0050/0180 | Loss: 1.3081
Epoch: 059/200 | Batch 0100/0180 | Loss: 1.5587
Epoch: 059/200 | Batch 0150/0180 | Loss: 1.5613
MAE/RMSE/ACC: Current Valid: 3.14/4.01/10.25 Ep. 59 | Best Valid: 2.86/3.52/10.25 | Ep. 15
Time elapsed: 77.21 min
Epoch: 060/200 | Batch 0000/0180 | Loss: 1.4686
Epoch: 060/200 | Batch 0050/0180 | Loss: 1.2566
Epoch: 060/200 | Batch 0100/0180 | Loss: 1.4088
Epoch: 060/200 | Batch 0150/0180 | Loss: 1.3027
MAE/RMSE/ACC: Current Valid: 3.18/4.06/10.25 Ep. 60 | Best Valid: 2.86/3.52/10.25 | Ep. 15
Time elapsed: 78.52 min
Epoch: 061/200 | Batch 0000/0180 | Loss: 1.3732
Epoch: 061/200 | Batch 0050/0180 | Loss: 1.4161
Epoch: 061/200 | Batch 0100/0180 | Loss: 1.4191
Epoch: 061/200 | Batch 0150/0180 | Loss: 1.4993
MAE/RMSE/ACC: Current Valid: 3.15/4.01/10.25 Ep. 61 | Best Valid: 2.86/3.52/10.25 | Ep. 15
Time elapsed: 79.83 min
Epoch: 062/200 | Batch 0000/0180 | Loss: 1.3590
Epoch: 062/200 | Batch 0050/0180 | Loss: 1.4103
Epoch: 062/200 | Batch 0100/0180 | Loss: 1.4476
Epoch: 062/200 | Batch 0150/0180 | Loss: 1.1617
MAE/RMSE/ACC: Current Valid: 3.14/4.02/10.25 Ep. 62 | Best Valid: 2.86/3.52/10.25 | Ep. 15
Time elapsed: 81.14 min
Epoch: 063/200 | Batch 0000/0180 | Loss: 1.2962
Epoch: 063/200 | Batch 0050/0180 | Loss: 1.2250
Epoch: 063/200 | Batch 0100/0180 | Loss: 1.2282
Epoch: 063/200 | Batch 0150/0180 | Loss: 1.1404
MAE/RMSE/ACC: Current Valid: 3.13/3.99/10.25 Ep. 63 | Best Valid: 2.86/3.52/10.25 | Ep. 15
Time elapsed: 82.45 min
Epoch: 064/200 | Batch 0000/0180 | Loss: 0.9762
Epoch: 064/200 | Batch 0050/0180 | Loss: 1.2628
Epoch: 064/200 | Batch 0100/0180 | Loss: 1.3995
Epoch: 064/200 | Batch 0150/0180 | Loss: 1.1443
MAE/RMSE/ACC: Current Valid: 3.21/4.12/10.25 Ep. 64 | Best Valid: 2.86/3.52/10.25 | Ep. 15
Time elapsed: 83.76 min
Epoch: 065/200 | Batch 0000/0180 | Loss: 1.6132
Epoch: 065/200 | Batch 0050/0180 | Loss: 0.9311
Epoch: 065/200 | Batch 0100/0180 | Loss: 1.1925
Epoch: 065/200 | Batch 0150/0180 | Loss: 1.2665
MAE/RMSE/ACC: Current Valid: 3.18/4.07/10.25 Ep. 65 | Best Valid: 2.86/3.52/10.25 | Ep. 15
Time elapsed: 85.07 min
Epoch: 066/200 | Batch 0000/0180 | Loss: 1.1547
Epoch: 066/200 | Batch 0050/0180 | Loss: 1.0314
Epoch: 066/200 | Batch 0100/0180 | Loss: 1.2398
Epoch: 066/200 | Batch 0150/0180 | Loss: 1.3831
MAE/RMSE/ACC: Current Valid: 3.17/4.05/10.25 Ep. 66 | Best Valid: 2.86/3.52/10.25 | Ep. 15
Time elapsed: 86.38 min
Epoch: 067/200 | Batch 0000/0180 | Loss: 1.0907
Epoch: 067/200 | Batch 0050/0180 | Loss: 1.3205
Epoch: 067/200 | Batch 0100/0180 | Loss: 1.0825
Epoch: 067/200 | Batch 0150/0180 | Loss: 1.0860
MAE/RMSE/ACC: Current Valid: 3.16/4.05/10.25 Ep. 67 | Best Valid: 2.86/3.52/10.25 | Ep. 15
Time elapsed: 87.69 min
Epoch: 068/200 | Batch 0000/0180 | Loss: 1.1688
Epoch: 068/200 | Batch 0050/0180 | Loss: 1.2093
Epoch: 068/200 | Batch 0100/0180 | Loss: 1.4467
Epoch: 068/200 | Batch 0150/0180 | Loss: 1.2788
MAE/RMSE/ACC: Current Valid: 3.21/4.11/10.25 Ep. 68 | Best Valid: 2.86/3.52/10.25 | Ep. 15
Time elapsed: 89.00 min
Epoch: 069/200 | Batch 0000/0180 | Loss: 1.0905
Epoch: 069/200 | Batch 0050/0180 | Loss: 1.0467
Epoch: 069/200 | Batch 0100/0180 | Loss: 1.3223
Epoch: 069/200 | Batch 0150/0180 | Loss: 1.1414
MAE/RMSE/ACC: Current Valid: 3.19/4.07/10.25 Ep. 69 | Best Valid: 2.86/3.52/10.25 | Ep. 15
Time elapsed: 90.31 min
Epoch: 070/200 | Batch 0000/0180 | Loss: 1.0293
Epoch: 070/200 | Batch 0050/0180 | Loss: 1.3390
Epoch: 070/200 | Batch 0100/0180 | Loss: 1.1434
Epoch: 070/200 | Batch 0150/0180 | Loss: 1.0895
MAE/RMSE/ACC: Current Valid: 3.17/4.04/10.25 Ep. 70 | Best Valid: 2.86/3.52/10.25 | Ep. 15
Time elapsed: 91.62 min
Epoch: 071/200 | Batch 0000/0180 | Loss: 0.9936
Epoch: 071/200 | Batch 0050/0180 | Loss: 1.0967
Epoch: 071/200 | Batch 0100/0180 | Loss: 1.1532
Epoch: 071/200 | Batch 0150/0180 | Loss: 1.2353
MAE/RMSE/ACC: Current Valid: 3.17/4.06/10.25 Ep. 71 | Best Valid: 2.86/3.52/10.25 | Ep. 15
Time elapsed: 92.93 min
Epoch: 072/200 | Batch 0000/0180 | Loss: 0.9228
Epoch: 072/200 | Batch 0050/0180 | Loss: 0.9441
Epoch: 072/200 | Batch 0100/0180 | Loss: 1.0845
Epoch: 072/200 | Batch 0150/0180 | Loss: 1.1958
MAE/RMSE/ACC: Current Valid: 3.21/4.10/10.25 Ep. 72 | Best Valid: 2.86/3.52/10.25 | Ep. 15
Time elapsed: 94.24 min
Epoch: 073/200 | Batch 0000/0180 | Loss: 1.0088
Epoch: 073/200 | Batch 0050/0180 | Loss: 0.7583
Epoch: 073/200 | Batch 0100/0180 | Loss: 1.4850
Epoch: 073/200 | Batch 0150/0180 | Loss: 1.2393
MAE/RMSE/ACC: Current Valid: 3.18/4.08/10.25 Ep. 73 | Best Valid: 2.86/3.52/10.25 | Ep. 15
Time elapsed: 95.55 min
Epoch: 074/200 | Batch 0000/0180 | Loss: 0.9234
Epoch: 074/200 | Batch 0050/0180 | Loss: 0.8289
Epoch: 074/200 | Batch 0100/0180 | Loss: 0.8441
Epoch: 074/200 | Batch 0150/0180 | Loss: 0.7911
MAE/RMSE/ACC: Current Valid: 3.18/4.06/10.25 Ep. 74 | Best Valid: 2.86/3.52/10.25 | Ep. 15
Time elapsed: 96.86 min
Epoch: 075/200 | Batch 0000/0180 | Loss: 0.8439
Epoch: 075/200 | Batch 0050/0180 | Loss: 1.0054
Epoch: 075/200 | Batch 0100/0180 | Loss: 1.0263
Epoch: 075/200 | Batch 0150/0180 | Loss: 1.1319
MAE/RMSE/ACC: Current Valid: 3.22/4.15/10.25 Ep. 75 | Best Valid: 2.86/3.52/10.25 | Ep. 15
Time elapsed: 98.17 min
Epoch: 076/200 | Batch 0000/0180 | Loss: 1.0793
Epoch: 076/200 | Batch 0050/0180 | Loss: 0.7685
Epoch: 076/200 | Batch 0100/0180 | Loss: 0.9365
Epoch: 076/200 | Batch 0150/0180 | Loss: 0.9547
MAE/RMSE/ACC: Current Valid: 3.23/4.13/10.25 Ep. 76 | Best Valid: 2.86/3.52/10.25 | Ep. 15
Time elapsed: 99.48 min
Epoch: 077/200 | Batch 0000/0180 | Loss: 0.9355
Epoch: 077/200 | Batch 0050/0180 | Loss: 0.8672
Epoch: 077/200 | Batch 0100/0180 | Loss: 0.8945
Epoch: 077/200 | Batch 0150/0180 | Loss: 1.0968
MAE/RMSE/ACC: Current Valid: 3.28/4.18/10.25 Ep. 77 | Best Valid: 2.86/3.52/10.25 | Ep. 15
Time elapsed: 100.79 min
Epoch: 078/200 | Batch 0000/0180 | Loss: 0.8783
Epoch: 078/200 | Batch 0050/0180 | Loss: 0.9198
Epoch: 078/200 | Batch 0100/0180 | Loss: 1.0653
Epoch: 078/200 | Batch 0150/0180 | Loss: 1.0344
MAE/RMSE/ACC: Current Valid: 3.24/4.18/10.25 Ep. 78 | Best Valid: 2.86/3.52/10.25 | Ep. 15
Time elapsed: 102.11 min
Epoch: 079/200 | Batch 0000/0180 | Loss: 0.7712
Epoch: 079/200 | Batch 0050/0180 | Loss: 0.7749
Epoch: 079/200 | Batch 0100/0180 | Loss: 0.8705
Epoch: 079/200 | Batch 0150/0180 | Loss: 1.0514
MAE/RMSE/ACC: Current Valid: 3.33/4.30/10.25 Ep. 79 | Best Valid: 2.86/3.52/10.25 | Ep. 15
Time elapsed: 103.42 min
Epoch: 080/200 | Batch 0000/0180 | Loss: 0.6976
Epoch: 080/200 | Batch 0050/0180 | Loss: 0.8623
Epoch: 080/200 | Batch 0100/0180 | Loss: 0.8330
Epoch: 080/200 | Batch 0150/0180 | Loss: 0.7900
MAE/RMSE/ACC: Current Valid: 3.24/4.15/10.25 Ep. 80 | Best Valid: 2.86/3.52/10.25 | Ep. 15
Time elapsed: 104.73 min
Epoch: 081/200 | Batch 0000/0180 | Loss: 0.6701
Epoch: 081/200 | Batch 0050/0180 | Loss: 0.9814
Epoch: 081/200 | Batch 0100/0180 | Loss: 0.7745
Epoch: 081/200 | Batch 0150/0180 | Loss: 0.7177
MAE/RMSE/ACC: Current Valid: 3.23/4.15/10.25 Ep. 81 | Best Valid: 2.86/3.52/10.25 | Ep. 15
Time elapsed: 106.04 min
Epoch: 082/200 | Batch 0000/0180 | Loss: 0.8645
Epoch: 082/200 | Batch 0050/0180 | Loss: 0.7025
Epoch: 082/200 | Batch 0100/0180 | Loss: 0.7572
Epoch: 082/200 | Batch 0150/0180 | Loss: 0.8645
MAE/RMSE/ACC: Current Valid: 3.18/4.07/10.25 Ep. 82 | Best Valid: 2.86/3.52/10.25 | Ep. 15
Time elapsed: 107.34 min
Epoch: 083/200 | Batch 0000/0180 | Loss: 0.7727
Epoch: 083/200 | Batch 0050/0180 | Loss: 0.6865
Epoch: 083/200 | Batch 0100/0180 | Loss: 0.8749
Epoch: 083/200 | Batch 0150/0180 | Loss: 0.7558
MAE/RMSE/ACC: Current Valid: 3.16/4.08/10.25 Ep. 83 | Best Valid: 2.86/3.52/10.25 | Ep. 15
Time elapsed: 108.65 min
Epoch: 084/200 | Batch 0000/0180 | Loss: 0.6346
Epoch: 084/200 | Batch 0050/0180 | Loss: 0.7416
Epoch: 084/200 | Batch 0100/0180 | Loss: 0.6600
Epoch: 084/200 | Batch 0150/0180 | Loss: 0.9162
MAE/RMSE/ACC: Current Valid: 3.29/4.24/10.25 Ep. 84 | Best Valid: 2.86/3.52/10.25 | Ep. 15
Time elapsed: 109.96 min
Epoch: 085/200 | Batch 0000/0180 | Loss: 0.7519
Epoch: 085/200 | Batch 0050/0180 | Loss: 0.5666
Epoch: 085/200 | Batch 0100/0180 | Loss: 0.6381
Epoch: 085/200 | Batch 0150/0180 | Loss: 0.6557
MAE/RMSE/ACC: Current Valid: 3.23/4.12/10.25 Ep. 85 | Best Valid: 2.86/3.52/10.25 | Ep. 15
Time elapsed: 111.27 min
Epoch: 086/200 | Batch 0000/0180 | Loss: 0.5975
Epoch: 086/200 | Batch 0050/0180 | Loss: 0.7583
Epoch: 086/200 | Batch 0100/0180 | Loss: 0.9290
Epoch: 086/200 | Batch 0150/0180 | Loss: 0.7741
MAE/RMSE/ACC: Current Valid: 3.29/4.23/10.25 Ep. 86 | Best Valid: 2.86/3.52/10.25 | Ep. 15
Time elapsed: 112.58 min
Epoch: 087/200 | Batch 0000/0180 | Loss: 0.5617
Epoch: 087/200 | Batch 0050/0180 | Loss: 0.7545
Epoch: 087/200 | Batch 0100/0180 | Loss: 0.6104
Epoch: 087/200 | Batch 0150/0180 | Loss: 0.5798
MAE/RMSE/ACC: Current Valid: 3.22/4.11/10.25 Ep. 87 | Best Valid: 2.86/3.52/10.25 | Ep. 15
Time elapsed: 113.89 min
Epoch: 088/200 | Batch 0000/0180 | Loss: 0.7297
Epoch: 088/200 | Batch 0050/0180 | Loss: 0.6529
Epoch: 088/200 | Batch 0100/0180 | Loss: 0.6407
Epoch: 088/200 | Batch 0150/0180 | Loss: 0.6870
MAE/RMSE/ACC: Current Valid: 3.21/4.10/10.25 Ep. 88 | Best Valid: 2.86/3.52/10.25 | Ep. 15
Time elapsed: 115.20 min
Epoch: 089/200 | Batch 0000/0180 | Loss: 0.5729
Epoch: 089/200 | Batch 0050/0180 | Loss: 0.7626
Epoch: 089/200 | Batch 0100/0180 | Loss: 0.8247
Epoch: 089/200 | Batch 0150/0180 | Loss: 0.6987
MAE/RMSE/ACC: Current Valid: 3.23/4.12/10.25 Ep. 89 | Best Valid: 2.86/3.52/10.25 | Ep. 15
Time elapsed: 116.51 min
Epoch: 090/200 | Batch 0000/0180 | Loss: 0.6448
Epoch: 090/200 | Batch 0050/0180 | Loss: 0.7520
Epoch: 090/200 | Batch 0100/0180 | Loss: 0.6604
Epoch: 090/200 | Batch 0150/0180 | Loss: 1.0797
MAE/RMSE/ACC: Current Valid: 3.27/4.21/10.25 Ep. 90 | Best Valid: 2.86/3.52/10.25 | Ep. 15
Time elapsed: 117.82 min
Epoch: 091/200 | Batch 0000/0180 | Loss: 0.5572
Epoch: 091/200 | Batch 0050/0180 | Loss: 0.4861
Epoch: 091/200 | Batch 0100/0180 | Loss: 0.5853
Epoch: 091/200 | Batch 0150/0180 | Loss: 0.8079
MAE/RMSE/ACC: Current Valid: 3.28/4.21/10.25 Ep. 91 | Best Valid: 2.86/3.52/10.25 | Ep. 15
Time elapsed: 119.12 min
Epoch: 092/200 | Batch 0000/0180 | Loss: 0.7677
Epoch: 092/200 | Batch 0050/0180 | Loss: 0.7843
Epoch: 092/200 | Batch 0100/0180 | Loss: 0.8260
Epoch: 092/200 | Batch 0150/0180 | Loss: 0.6277
MAE/RMSE/ACC: Current Valid: 3.26/4.20/10.25 Ep. 92 | Best Valid: 2.86/3.52/10.25 | Ep. 15
Time elapsed: 120.43 min
Epoch: 093/200 | Batch 0000/0180 | Loss: 0.7246
Epoch: 093/200 | Batch 0050/0180 | Loss: 0.5702
Epoch: 093/200 | Batch 0100/0180 | Loss: 0.5466
Epoch: 093/200 | Batch 0150/0180 | Loss: 0.7137
MAE/RMSE/ACC: Current Valid: 3.27/4.18/10.25 Ep. 93 | Best Valid: 2.86/3.52/10.25 | Ep. 15
Time elapsed: 121.74 min
Epoch: 094/200 | Batch 0000/0180 | Loss: 0.5960
Epoch: 094/200 | Batch 0050/0180 | Loss: 0.6716
Epoch: 094/200 | Batch 0100/0180 | Loss: 0.7358
Epoch: 094/200 | Batch 0150/0180 | Loss: 0.8789
MAE/RMSE/ACC: Current Valid: 3.20/4.09/10.25 Ep. 94 | Best Valid: 2.86/3.52/10.25 | Ep. 15
Time elapsed: 123.05 min
Epoch: 095/200 | Batch 0000/0180 | Loss: 0.5362
Epoch: 095/200 | Batch 0050/0180 | Loss: 0.8051
Epoch: 095/200 | Batch 0100/0180 | Loss: 0.8084
Epoch: 095/200 | Batch 0150/0180 | Loss: 0.6087
MAE/RMSE/ACC: Current Valid: 3.24/4.17/10.25 Ep. 95 | Best Valid: 2.86/3.52/10.25 | Ep. 15
Time elapsed: 124.36 min
Epoch: 096/200 | Batch 0000/0180 | Loss: 0.5108
Epoch: 096/200 | Batch 0050/0180 | Loss: 0.6599
Epoch: 096/200 | Batch 0100/0180 | Loss: 0.7717
Epoch: 096/200 | Batch 0150/0180 | Loss: 0.5488
MAE/RMSE/ACC: Current Valid: 3.26/4.17/10.25 Ep. 96 | Best Valid: 2.86/3.52/10.25 | Ep. 15
Time elapsed: 125.67 min
Epoch: 097/200 | Batch 0000/0180 | Loss: 0.5075
Epoch: 097/200 | Batch 0050/0180 | Loss: 0.5928
Epoch: 097/200 | Batch 0100/0180 | Loss: 0.5744
Epoch: 097/200 | Batch 0150/0180 | Loss: 0.5573
MAE/RMSE/ACC: Current Valid: 3.24/4.17/10.25 Ep. 97 | Best Valid: 2.86/3.52/10.25 | Ep. 15
Time elapsed: 126.98 min
Epoch: 098/200 | Batch 0000/0180 | Loss: 0.5567
Epoch: 098/200 | Batch 0050/0180 | Loss: 0.4318
Epoch: 098/200 | Batch 0100/0180 | Loss: 0.6468
Epoch: 098/200 | Batch 0150/0180 | Loss: 0.5775
MAE/RMSE/ACC: Current Valid: 3.19/4.08/10.25 Ep. 98 | Best Valid: 2.86/3.52/10.25 | Ep. 15
Time elapsed: 128.29 min
Epoch: 099/200 | Batch 0000/0180 | Loss: 0.7713
Epoch: 099/200 | Batch 0050/0180 | Loss: 0.5687
Epoch: 099/200 | Batch 0100/0180 | Loss: 0.5813
Epoch: 099/200 | Batch 0150/0180 | Loss: 0.5200
MAE/RMSE/ACC: Current Valid: 3.18/4.05/10.25 Ep. 99 | Best Valid: 2.86/3.52/10.25 | Ep. 15
Time elapsed: 129.60 min
Epoch: 100/200 | Batch 0000/0180 | Loss: 0.4734
Epoch: 100/200 | Batch 0050/0180 | Loss: 0.4317
Epoch: 100/200 | Batch 0100/0180 | Loss: 0.5776
Epoch: 100/200 | Batch 0150/0180 | Loss: 0.8251
MAE/RMSE/ACC: Current Valid: 3.30/4.22/10.25 Ep. 100 | Best Valid: 2.86/3.52/10.25 | Ep. 15
Time elapsed: 130.91 min
Epoch: 101/200 | Batch 0000/0180 | Loss: 0.4257
Epoch: 101/200 | Batch 0050/0180 | Loss: 0.4336
Epoch: 101/200 | Batch 0100/0180 | Loss: 0.3870
Epoch: 101/200 | Batch 0150/0180 | Loss: 0.7081
MAE/RMSE/ACC: Current Valid: 3.26/4.19/10.25 Ep. 101 | Best Valid: 2.86/3.52/10.25 | Ep. 15
Time elapsed: 132.23 min
Epoch: 102/200 | Batch 0000/0180 | Loss: 0.5473
Epoch: 102/200 | Batch 0050/0180 | Loss: 0.5107
Epoch: 102/200 | Batch 0100/0180 | Loss: 0.6567
Epoch: 102/200 | Batch 0150/0180 | Loss: 0.6131
MAE/RMSE/ACC: Current Valid: 3.28/4.23/10.25 Ep. 102 | Best Valid: 2.86/3.52/10.25 | Ep. 15
Time elapsed: 133.54 min
Epoch: 103/200 | Batch 0000/0180 | Loss: 0.4218
Epoch: 103/200 | Batch 0050/0180 | Loss: 0.8883
Epoch: 103/200 | Batch 0100/0180 | Loss: 0.4964
Epoch: 103/200 | Batch 0150/0180 | Loss: 0.5163
MAE/RMSE/ACC: Current Valid: 3.28/4.23/10.25 Ep. 103 | Best Valid: 2.86/3.52/10.25 | Ep. 15
Time elapsed: 134.85 min
Epoch: 104/200 | Batch 0000/0180 | Loss: 0.3789
Epoch: 104/200 | Batch 0050/0180 | Loss: 0.3486
Epoch: 104/200 | Batch 0100/0180 | Loss: 0.3284
Epoch: 104/200 | Batch 0150/0180 | Loss: 0.4834
MAE/RMSE/ACC: Current Valid: 3.24/4.15/10.25 Ep. 104 | Best Valid: 2.86/3.52/10.25 | Ep. 15
Time elapsed: 136.16 min
Epoch: 105/200 | Batch 0000/0180 | Loss: 0.4593
Epoch: 105/200 | Batch 0050/0180 | Loss: 0.4875
Epoch: 105/200 | Batch 0100/0180 | Loss: 0.3414
Epoch: 105/200 | Batch 0150/0180 | Loss: 0.4002
MAE/RMSE/ACC: Current Valid: 3.31/4.26/10.25 Ep. 105 | Best Valid: 2.86/3.52/10.25 | Ep. 15
Time elapsed: 137.47 min
Epoch: 106/200 | Batch 0000/0180 | Loss: 0.6325
Epoch: 106/200 | Batch 0050/0180 | Loss: 0.4903
Epoch: 106/200 | Batch 0100/0180 | Loss: 0.6400
Epoch: 106/200 | Batch 0150/0180 | Loss: 0.6483
MAE/RMSE/ACC: Current Valid: 3.24/4.15/10.25 Ep. 106 | Best Valid: 2.86/3.52/10.25 | Ep. 15
Time elapsed: 138.78 min
Epoch: 107/200 | Batch 0000/0180 | Loss: 0.4612
Epoch: 107/200 | Batch 0050/0180 | Loss: 0.4684
Epoch: 107/200 | Batch 0100/0180 | Loss: 0.5541
Epoch: 107/200 | Batch 0150/0180 | Loss: 0.4509
MAE/RMSE/ACC: Current Valid: 3.25/4.16/10.25 Ep. 107 | Best Valid: 2.86/3.52/10.25 | Ep. 15
Time elapsed: 140.09 min
Epoch: 108/200 | Batch 0000/0180 | Loss: 0.4650
Epoch: 108/200 | Batch 0050/0180 | Loss: 0.3595
Epoch: 108/200 | Batch 0100/0180 | Loss: 0.3904
Epoch: 108/200 | Batch 0150/0180 | Loss: 0.3589
MAE/RMSE/ACC: Current Valid: 3.29/4.22/10.25 Ep. 108 | Best Valid: 2.86/3.52/10.25 | Ep. 15
Time elapsed: 141.40 min
Epoch: 109/200 | Batch 0000/0180 | Loss: 0.4479
Epoch: 109/200 | Batch 0050/0180 | Loss: 0.2941
Epoch: 109/200 | Batch 0100/0180 | Loss: 0.7961
Epoch: 109/200 | Batch 0150/0180 | Loss: 0.3851
MAE/RMSE/ACC: Current Valid: 3.25/4.17/10.25 Ep. 109 | Best Valid: 2.86/3.52/10.25 | Ep. 15
Time elapsed: 142.71 min
Epoch: 110/200 | Batch 0000/0180 | Loss: 0.4073
Epoch: 110/200 | Batch 0050/0180 | Loss: 0.4304
Epoch: 110/200 | Batch 0100/0180 | Loss: 0.4246
Epoch: 110/200 | Batch 0150/0180 | Loss: 0.3961
MAE/RMSE/ACC: Current Valid: 3.31/4.24/10.25 Ep. 110 | Best Valid: 2.86/3.52/10.25 | Ep. 15
Time elapsed: 144.02 min
Epoch: 111/200 | Batch 0000/0180 | Loss: 0.4178
Epoch: 111/200 | Batch 0050/0180 | Loss: 0.4981
Epoch: 111/200 | Batch 0100/0180 | Loss: 0.3848
Epoch: 111/200 | Batch 0150/0180 | Loss: 0.5455
MAE/RMSE/ACC: Current Valid: 3.27/4.20/10.25 Ep. 111 | Best Valid: 2.86/3.52/10.25 | Ep. 15
Time elapsed: 145.33 min
Epoch: 112/200 | Batch 0000/0180 | Loss: 0.5051
Epoch: 112/200 | Batch 0050/0180 | Loss: 0.4090
Epoch: 112/200 | Batch 0100/0180 | Loss: 0.3664
Epoch: 112/200 | Batch 0150/0180 | Loss: 0.3886
MAE/RMSE/ACC: Current Valid: 3.24/4.14/10.25 Ep. 112 | Best Valid: 2.86/3.52/10.25 | Ep. 15
Time elapsed: 146.63 min
Epoch: 113/200 | Batch 0000/0180 | Loss: 0.5124
Epoch: 113/200 | Batch 0050/0180 | Loss: 0.3881
Epoch: 113/200 | Batch 0100/0180 | Loss: 0.4800
Epoch: 113/200 | Batch 0150/0180 | Loss: 0.5295
MAE/RMSE/ACC: Current Valid: 3.28/4.22/10.25 Ep. 113 | Best Valid: 2.86/3.52/10.25 | Ep. 15
Time elapsed: 147.94 min
Epoch: 114/200 | Batch 0000/0180 | Loss: 0.3577
Epoch: 114/200 | Batch 0050/0180 | Loss: 0.4168
Epoch: 114/200 | Batch 0100/0180 | Loss: 0.4295
Epoch: 114/200 | Batch 0150/0180 | Loss: 0.3346
MAE/RMSE/ACC: Current Valid: 3.31/4.25/10.25 Ep. 114 | Best Valid: 2.86/3.52/10.25 | Ep. 15
Time elapsed: 149.25 min
Epoch: 115/200 | Batch 0000/0180 | Loss: 0.4338
Epoch: 115/200 | Batch 0050/0180 | Loss: 0.2689
Epoch: 115/200 | Batch 0100/0180 | Loss: 0.4207
Epoch: 115/200 | Batch 0150/0180 | Loss: 0.5041
MAE/RMSE/ACC: Current Valid: 3.23/4.13/10.25 Ep. 115 | Best Valid: 2.86/3.52/10.25 | Ep. 15
Time elapsed: 150.56 min
Epoch: 116/200 | Batch 0000/0180 | Loss: 0.3658
Epoch: 116/200 | Batch 0050/0180 | Loss: 0.3715
Epoch: 116/200 | Batch 0100/0180 | Loss: 0.3356
Epoch: 116/200 | Batch 0150/0180 | Loss: 0.5744
MAE/RMSE/ACC: Current Valid: 3.24/4.15/10.25 Ep. 116 | Best Valid: 2.86/3.52/10.25 | Ep. 15
Time elapsed: 151.87 min
Epoch: 117/200 | Batch 0000/0180 | Loss: 0.3510
Epoch: 117/200 | Batch 0050/0180 | Loss: 0.3643
Epoch: 117/200 | Batch 0100/0180 | Loss: 0.3599
Epoch: 117/200 | Batch 0150/0180 | Loss: 0.3781
MAE/RMSE/ACC: Current Valid: 3.30/4.22/10.25 Ep. 117 | Best Valid: 2.86/3.52/10.25 | Ep. 15
Time elapsed: 153.18 min
Epoch: 118/200 | Batch 0000/0180 | Loss: 0.3120
Epoch: 118/200 | Batch 0050/0180 | Loss: 0.3792
Epoch: 118/200 | Batch 0100/0180 | Loss: 0.5390
Epoch: 118/200 | Batch 0150/0180 | Loss: 0.5349
MAE/RMSE/ACC: Current Valid: 3.32/4.27/10.25 Ep. 118 | Best Valid: 2.86/3.52/10.25 | Ep. 15
Time elapsed: 154.49 min
Epoch: 119/200 | Batch 0000/0180 | Loss: 0.3293
Epoch: 119/200 | Batch 0050/0180 | Loss: 0.6129
Epoch: 119/200 | Batch 0100/0180 | Loss: 0.4540
Epoch: 119/200 | Batch 0150/0180 | Loss: 0.3742
MAE/RMSE/ACC: Current Valid: 3.26/4.15/10.25 Ep. 119 | Best Valid: 2.86/3.52/10.25 | Ep. 15
Time elapsed: 155.80 min
Epoch: 120/200 | Batch 0000/0180 | Loss: 0.4069
Epoch: 120/200 | Batch 0050/0180 | Loss: 0.4269
Epoch: 120/200 | Batch 0100/0180 | Loss: 0.4590
Epoch: 120/200 | Batch 0150/0180 | Loss: 0.3258
MAE/RMSE/ACC: Current Valid: 3.32/4.26/10.25 Ep. 120 | Best Valid: 2.86/3.52/10.25 | Ep. 15
Time elapsed: 157.11 min
Epoch: 121/200 | Batch 0000/0180 | Loss: 0.4219
Epoch: 121/200 | Batch 0050/0180 | Loss: 0.5913
Epoch: 121/200 | Batch 0100/0180 | Loss: 0.2503
Epoch: 121/200 | Batch 0150/0180 | Loss: 0.3516
MAE/RMSE/ACC: Current Valid: 3.30/4.23/10.25 Ep. 121 | Best Valid: 2.86/3.52/10.25 | Ep. 15
Time elapsed: 158.42 min
Epoch: 122/200 | Batch 0000/0180 | Loss: 0.5797
Epoch: 122/200 | Batch 0050/0180 | Loss: 0.4374
Epoch: 122/200 | Batch 0100/0180 | Loss: 0.4122
Epoch: 122/200 | Batch 0150/0180 | Loss: 0.4969
MAE/RMSE/ACC: Current Valid: 3.30/4.25/10.25 Ep. 122 | Best Valid: 2.86/3.52/10.25 | Ep. 15
Time elapsed: 159.73 min
Epoch: 123/200 | Batch 0000/0180 | Loss: 0.4027
Epoch: 123/200 | Batch 0050/0180 | Loss: 0.2319
Epoch: 123/200 | Batch 0100/0180 | Loss: 0.2995
Epoch: 123/200 | Batch 0150/0180 | Loss: 0.3976
MAE/RMSE/ACC: Current Valid: 3.26/4.20/10.25 Ep. 123 | Best Valid: 2.86/3.52/10.25 | Ep. 15
Time elapsed: 161.04 min
Epoch: 124/200 | Batch 0000/0180 | Loss: 0.2834
Epoch: 124/200 | Batch 0050/0180 | Loss: 0.4348
Epoch: 124/200 | Batch 0100/0180 | Loss: 0.4649
Epoch: 124/200 | Batch 0150/0180 | Loss: 0.4477
MAE/RMSE/ACC: Current Valid: 3.34/4.30/10.25 Ep. 124 | Best Valid: 2.86/3.52/10.25 | Ep. 15
Time elapsed: 162.35 min
Epoch: 125/200 | Batch 0000/0180 | Loss: 0.4289
Epoch: 125/200 | Batch 0050/0180 | Loss: 0.2186
Epoch: 125/200 | Batch 0100/0180 | Loss: 0.3156
Epoch: 125/200 | Batch 0150/0180 | Loss: 0.2387
MAE/RMSE/ACC: Current Valid: 3.28/4.23/10.25 Ep. 125 | Best Valid: 2.86/3.52/10.25 | Ep. 15
Time elapsed: 163.66 min
Epoch: 126/200 | Batch 0000/0180 | Loss: 0.4239
Epoch: 126/200 | Batch 0050/0180 | Loss: 0.4335
Epoch: 126/200 | Batch 0100/0180 | Loss: 0.3412
Epoch: 126/200 | Batch 0150/0180 | Loss: 0.3897
MAE/RMSE/ACC: Current Valid: 3.27/4.21/10.25 Ep. 126 | Best Valid: 2.86/3.52/10.25 | Ep. 15
Time elapsed: 164.97 min
Epoch: 127/200 | Batch 0000/0180 | Loss: 0.3577
Epoch: 127/200 | Batch 0050/0180 | Loss: 0.2581
Epoch: 127/200 | Batch 0100/0180 | Loss: 0.3253
Epoch: 127/200 | Batch 0150/0180 | Loss: 0.3011
MAE/RMSE/ACC: Current Valid: 3.27/4.21/10.25 Ep. 127 | Best Valid: 2.86/3.52/10.25 | Ep. 15
Time elapsed: 166.28 min
Epoch: 128/200 | Batch 0000/0180 | Loss: 0.2227
Epoch: 128/200 | Batch 0050/0180 | Loss: 0.4277
Epoch: 128/200 | Batch 0100/0180 | Loss: 0.2908
Epoch: 128/200 | Batch 0150/0180 | Loss: 0.3419
MAE/RMSE/ACC: Current Valid: 3.28/4.21/10.25 Ep. 128 | Best Valid: 2.86/3.52/10.25 | Ep. 15
Time elapsed: 167.59 min
Epoch: 129/200 | Batch 0000/0180 | Loss: 0.2075
Epoch: 129/200 | Batch 0050/0180 | Loss: 0.2580
Epoch: 129/200 | Batch 0100/0180 | Loss: 0.4152
Epoch: 129/200 | Batch 0150/0180 | Loss: 0.3192
MAE/RMSE/ACC: Current Valid: 3.31/4.24/10.25 Ep. 129 | Best Valid: 2.86/3.52/10.25 | Ep. 15
Time elapsed: 168.89 min
Epoch: 130/200 | Batch 0000/0180 | Loss: 0.3010
Epoch: 130/200 | Batch 0050/0180 | Loss: 0.4001
Epoch: 130/200 | Batch 0100/0180 | Loss: 0.3258
Epoch: 130/200 | Batch 0150/0180 | Loss: 0.2535
MAE/RMSE/ACC: Current Valid: 3.25/4.15/10.25 Ep. 130 | Best Valid: 2.86/3.52/10.25 | Ep. 15
Time elapsed: 170.20 min
Epoch: 131/200 | Batch 0000/0180 | Loss: 0.2864
Epoch: 131/200 | Batch 0050/0180 | Loss: 0.2192
Epoch: 131/200 | Batch 0100/0180 | Loss: 0.5076
Epoch: 131/200 | Batch 0150/0180 | Loss: 0.2144
MAE/RMSE/ACC: Current Valid: 3.32/4.30/10.25 Ep. 131 | Best Valid: 2.86/3.52/10.25 | Ep. 15
Time elapsed: 171.51 min
Epoch: 132/200 | Batch 0000/0180 | Loss: 0.4296
Epoch: 132/200 | Batch 0050/0180 | Loss: 0.3914
Epoch: 132/200 | Batch 0100/0180 | Loss: 0.2756
Epoch: 132/200 | Batch 0150/0180 | Loss: 0.3379
MAE/RMSE/ACC: Current Valid: 3.26/4.15/10.25 Ep. 132 | Best Valid: 2.86/3.52/10.25 | Ep. 15
Time elapsed: 172.82 min
Epoch: 133/200 | Batch 0000/0180 | Loss: 0.3395
Epoch: 133/200 | Batch 0050/0180 | Loss: 0.3834
Epoch: 133/200 | Batch 0100/0180 | Loss: 0.4169
Epoch: 133/200 | Batch 0150/0180 | Loss: 0.2629
MAE/RMSE/ACC: Current Valid: 3.27/4.20/10.25 Ep. 133 | Best Valid: 2.86/3.52/10.25 | Ep. 15
Time elapsed: 174.13 min
Epoch: 134/200 | Batch 0000/0180 | Loss: 0.2655
Epoch: 134/200 | Batch 0050/0180 | Loss: 0.3691
Epoch: 134/200 | Batch 0100/0180 | Loss: 0.2596
Epoch: 134/200 | Batch 0150/0180 | Loss: 0.3470
MAE/RMSE/ACC: Current Valid: 3.25/4.16/10.25 Ep. 134 | Best Valid: 2.86/3.52/10.25 | Ep. 15
Time elapsed: 175.44 min
Epoch: 135/200 | Batch 0000/0180 | Loss: 0.3053
Epoch: 135/200 | Batch 0050/0180 | Loss: 0.3712
Epoch: 135/200 | Batch 0100/0180 | Loss: 0.3727
Epoch: 135/200 | Batch 0150/0180 | Loss: 0.2956
MAE/RMSE/ACC: Current Valid: 3.30/4.26/10.25 Ep. 135 | Best Valid: 2.86/3.52/10.25 | Ep. 15
Time elapsed: 176.75 min
Epoch: 136/200 | Batch 0000/0180 | Loss: 0.3236
Epoch: 136/200 | Batch 0050/0180 | Loss: 0.3493
Epoch: 136/200 | Batch 0100/0180 | Loss: 0.4061
Epoch: 136/200 | Batch 0150/0180 | Loss: 0.3064
MAE/RMSE/ACC: Current Valid: 3.27/4.20/10.25 Ep. 136 | Best Valid: 2.86/3.52/10.25 | Ep. 15
Time elapsed: 178.06 min
Epoch: 137/200 | Batch 0000/0180 | Loss: 0.3070
Epoch: 137/200 | Batch 0050/0180 | Loss: 0.3302
Epoch: 137/200 | Batch 0100/0180 | Loss: 0.3198
Epoch: 137/200 | Batch 0150/0180 | Loss: 0.3649
MAE/RMSE/ACC: Current Valid: 3.30/4.25/10.25 Ep. 137 | Best Valid: 2.86/3.52/10.25 | Ep. 15
Time elapsed: 179.37 min
Epoch: 138/200 | Batch 0000/0180 | Loss: 0.2127
Epoch: 138/200 | Batch 0050/0180 | Loss: 0.2219
Epoch: 138/200 | Batch 0100/0180 | Loss: 0.2585
Epoch: 138/200 | Batch 0150/0180 | Loss: 0.2270
MAE/RMSE/ACC: Current Valid: 3.25/4.18/10.25 Ep. 138 | Best Valid: 2.86/3.52/10.25 | Ep. 15
Time elapsed: 180.67 min
Epoch: 139/200 | Batch 0000/0180 | Loss: 0.2060
Epoch: 139/200 | Batch 0050/0180 | Loss: 0.3643
Epoch: 139/200 | Batch 0100/0180 | Loss: 0.2634
Epoch: 139/200 | Batch 0150/0180 | Loss: 0.5664
MAE/RMSE/ACC: Current Valid: 3.26/4.19/10.25 Ep. 139 | Best Valid: 2.86/3.52/10.25 | Ep. 15
Time elapsed: 181.98 min
Epoch: 140/200 | Batch 0000/0180 | Loss: 0.4799
Epoch: 140/200 | Batch 0050/0180 | Loss: 0.2278
Epoch: 140/200 | Batch 0100/0180 | Loss: 0.2492
Epoch: 140/200 | Batch 0150/0180 | Loss: 0.2204
MAE/RMSE/ACC: Current Valid: 3.29/4.22/10.25 Ep. 140 | Best Valid: 2.86/3.52/10.25 | Ep. 15
Time elapsed: 183.29 min
Epoch: 141/200 | Batch 0000/0180 | Loss: 0.2989
Epoch: 141/200 | Batch 0050/0180 | Loss: 0.2208
Epoch: 141/200 | Batch 0100/0180 | Loss: 0.3721
Epoch: 141/200 | Batch 0150/0180 | Loss: 0.4098
MAE/RMSE/ACC: Current Valid: 3.29/4.23/10.25 Ep. 141 | Best Valid: 2.86/3.52/10.25 | Ep. 15
Time elapsed: 184.60 min
Epoch: 142/200 | Batch 0000/0180 | Loss: 0.3856
Epoch: 142/200 | Batch 0050/0180 | Loss: 0.4900
Epoch: 142/200 | Batch 0100/0180 | Loss: 0.4444
Epoch: 142/200 | Batch 0150/0180 | Loss: 0.4325
MAE/RMSE/ACC: Current Valid: 3.28/4.19/10.25 Ep. 142 | Best Valid: 2.86/3.52/10.25 | Ep. 15
Time elapsed: 185.91 min
Epoch: 143/200 | Batch 0000/0180 | Loss: 0.2487
Epoch: 143/200 | Batch 0050/0180 | Loss: 0.2281
Epoch: 143/200 | Batch 0100/0180 | Loss: 0.3684
Epoch: 143/200 | Batch 0150/0180 | Loss: 0.5278
MAE/RMSE/ACC: Current Valid: 3.28/4.22/10.25 Ep. 143 | Best Valid: 2.86/3.52/10.25 | Ep. 15
Time elapsed: 187.22 min
Epoch: 144/200 | Batch 0000/0180 | Loss: 0.2244
Epoch: 144/200 | Batch 0050/0180 | Loss: 0.3497
Epoch: 144/200 | Batch 0100/0180 | Loss: 0.2830
Epoch: 144/200 | Batch 0150/0180 | Loss: 0.2870
MAE/RMSE/ACC: Current Valid: 3.29/4.23/10.25 Ep. 144 | Best Valid: 2.86/3.52/10.25 | Ep. 15
Time elapsed: 188.53 min
Epoch: 145/200 | Batch 0000/0180 | Loss: 0.2990
Epoch: 145/200 | Batch 0050/0180 | Loss: 0.3507
Epoch: 145/200 | Batch 0100/0180 | Loss: 0.3660
Epoch: 145/200 | Batch 0150/0180 | Loss: 0.1635
MAE/RMSE/ACC: Current Valid: 3.31/4.26/10.25 Ep. 145 | Best Valid: 2.86/3.52/10.25 | Ep. 15
Time elapsed: 189.84 min
Epoch: 146/200 | Batch 0000/0180 | Loss: 0.1503
Epoch: 146/200 | Batch 0050/0180 | Loss: 0.5073
Epoch: 146/200 | Batch 0100/0180 | Loss: 0.2052
Epoch: 146/200 | Batch 0150/0180 | Loss: 0.2988
MAE/RMSE/ACC: Current Valid: 3.31/4.26/10.25 Ep. 146 | Best Valid: 2.86/3.52/10.25 | Ep. 15
Time elapsed: 191.15 min
Epoch: 147/200 | Batch 0000/0180 | Loss: 0.3849
Epoch: 147/200 | Batch 0050/0180 | Loss: 0.3427
Epoch: 147/200 | Batch 0100/0180 | Loss: 0.3517
Epoch: 147/200 | Batch 0150/0180 | Loss: 0.2582
MAE/RMSE/ACC: Current Valid: 3.34/4.27/10.25 Ep. 147 | Best Valid: 2.86/3.52/10.25 | Ep. 15
Time elapsed: 192.46 min
Epoch: 148/200 | Batch 0000/0180 | Loss: 0.1905
Epoch: 148/200 | Batch 0050/0180 | Loss: 0.3494
Epoch: 148/200 | Batch 0100/0180 | Loss: 0.1906
Epoch: 148/200 | Batch 0150/0180 | Loss: 0.2777
MAE/RMSE/ACC: Current Valid: 3.29/4.22/10.25 Ep. 148 | Best Valid: 2.86/3.52/10.25 | Ep. 15
Time elapsed: 193.77 min
Epoch: 149/200 | Batch 0000/0180 | Loss: 0.1013
Epoch: 149/200 | Batch 0050/0180 | Loss: 0.1729
Epoch: 149/200 | Batch 0100/0180 | Loss: 0.2416
Epoch: 149/200 | Batch 0150/0180 | Loss: 0.2836
MAE/RMSE/ACC: Current Valid: 3.30/4.26/10.25 Ep. 149 | Best Valid: 2.86/3.52/10.25 | Ep. 15
Time elapsed: 195.08 min
Epoch: 150/200 | Batch 0000/0180 | Loss: 0.3461
Epoch: 150/200 | Batch 0050/0180 | Loss: 0.2596
Epoch: 150/200 | Batch 0100/0180 | Loss: 0.2283
Epoch: 150/200 | Batch 0150/0180 | Loss: 0.3173
MAE/RMSE/ACC: Current Valid: 3.30/4.23/10.25 Ep. 150 | Best Valid: 2.86/3.52/10.25 | Ep. 15
Time elapsed: 196.40 min
Epoch: 151/200 | Batch 0000/0180 | Loss: 0.1526
Epoch: 151/200 | Batch 0050/0180 | Loss: 0.1886
Epoch: 151/200 | Batch 0100/0180 | Loss: 0.1711
Epoch: 151/200 | Batch 0150/0180 | Loss: 0.3118
MAE/RMSE/ACC: Current Valid: 3.30/4.23/10.25 Ep. 151 | Best Valid: 2.86/3.52/10.25 | Ep. 15
Time elapsed: 197.71 min
Epoch: 152/200 | Batch 0000/0180 | Loss: 0.3578
Epoch: 152/200 | Batch 0050/0180 | Loss: 0.2905
Epoch: 152/200 | Batch 0100/0180 | Loss: 0.3749
Epoch: 152/200 | Batch 0150/0180 | Loss: 0.3572
MAE/RMSE/ACC: Current Valid: 3.29/4.24/10.25 Ep. 152 | Best Valid: 2.86/3.52/10.25 | Ep. 15
Time elapsed: 199.02 min
Epoch: 153/200 | Batch 0000/0180 | Loss: 0.2212
Epoch: 153/200 | Batch 0050/0180 | Loss: 0.2257
Epoch: 153/200 | Batch 0100/0180 | Loss: 0.2630
Epoch: 153/200 | Batch 0150/0180 | Loss: 0.1459
MAE/RMSE/ACC: Current Valid: 3.31/4.25/10.25 Ep. 153 | Best Valid: 2.86/3.52/10.25 | Ep. 15
Time elapsed: 200.33 min
Epoch: 154/200 | Batch 0000/0180 | Loss: 0.2396
Epoch: 154/200 | Batch 0050/0180 | Loss: 0.2630
Epoch: 154/200 | Batch 0100/0180 | Loss: 0.2598
Epoch: 154/200 | Batch 0150/0180 | Loss: 0.2331
MAE/RMSE/ACC: Current Valid: 3.26/4.18/10.25 Ep. 154 | Best Valid: 2.86/3.52/10.25 | Ep. 15
Time elapsed: 201.63 min
Epoch: 155/200 | Batch 0000/0180 | Loss: 0.1733
Epoch: 155/200 | Batch 0050/0180 | Loss: 0.1274
Epoch: 155/200 | Batch 0100/0180 | Loss: 0.3625
Epoch: 155/200 | Batch 0150/0180 | Loss: 0.3049
MAE/RMSE/ACC: Current Valid: 3.30/4.24/10.25 Ep. 155 | Best Valid: 2.86/3.52/10.25 | Ep. 15
Time elapsed: 202.94 min
Epoch: 156/200 | Batch 0000/0180 | Loss: 0.2421
Epoch: 156/200 | Batch 0050/0180 | Loss: 0.2299
Epoch: 156/200 | Batch 0100/0180 | Loss: 0.1002
Epoch: 156/200 | Batch 0150/0180 | Loss: 0.3455
MAE/RMSE/ACC: Current Valid: 3.23/4.16/10.25 Ep. 156 | Best Valid: 2.86/3.52/10.25 | Ep. 15
Time elapsed: 204.25 min
Epoch: 157/200 | Batch 0000/0180 | Loss: 0.1842
Epoch: 157/200 | Batch 0050/0180 | Loss: 0.1988
Epoch: 157/200 | Batch 0100/0180 | Loss: 0.2273
Epoch: 157/200 | Batch 0150/0180 | Loss: 0.1895
MAE/RMSE/ACC: Current Valid: 3.33/4.27/10.25 Ep. 157 | Best Valid: 2.86/3.52/10.25 | Ep. 15
Time elapsed: 205.56 min
Epoch: 158/200 | Batch 0000/0180 | Loss: 0.1083
Epoch: 158/200 | Batch 0050/0180 | Loss: 0.1732
Epoch: 158/200 | Batch 0100/0180 | Loss: 0.2920
Epoch: 158/200 | Batch 0150/0180 | Loss: 0.2172
MAE/RMSE/ACC: Current Valid: 3.28/4.20/10.25 Ep. 158 | Best Valid: 2.86/3.52/10.25 | Ep. 15
Time elapsed: 206.87 min
Epoch: 159/200 | Batch 0000/0180 | Loss: 0.2734
Epoch: 159/200 | Batch 0050/0180 | Loss: 0.1354
Epoch: 159/200 | Batch 0100/0180 | Loss: 0.3089
Epoch: 159/200 | Batch 0150/0180 | Loss: 0.2482
MAE/RMSE/ACC: Current Valid: 3.29/4.21/10.25 Ep. 159 | Best Valid: 2.86/3.52/10.25 | Ep. 15
Time elapsed: 208.18 min
Epoch: 160/200 | Batch 0000/0180 | Loss: 0.2155
Epoch: 160/200 | Batch 0050/0180 | Loss: 0.2858
Epoch: 160/200 | Batch 0100/0180 | Loss: 0.3314
Epoch: 160/200 | Batch 0150/0180 | Loss: 0.2405
MAE/RMSE/ACC: Current Valid: 3.25/4.19/10.25 Ep. 160 | Best Valid: 2.86/3.52/10.25 | Ep. 15
Time elapsed: 209.49 min
Epoch: 161/200 | Batch 0000/0180 | Loss: 0.1979
Epoch: 161/200 | Batch 0050/0180 | Loss: 0.4114
Epoch: 161/200 | Batch 0100/0180 | Loss: 0.2935
Epoch: 161/200 | Batch 0150/0180 | Loss: 0.2788
MAE/RMSE/ACC: Current Valid: 3.27/4.20/10.25 Ep. 161 | Best Valid: 2.86/3.52/10.25 | Ep. 15
Time elapsed: 210.80 min
Epoch: 162/200 | Batch 0000/0180 | Loss: 0.1488
Epoch: 162/200 | Batch 0050/0180 | Loss: 0.2700
Epoch: 162/200 | Batch 0100/0180 | Loss: 0.3035
Epoch: 162/200 | Batch 0150/0180 | Loss: 0.3921
MAE/RMSE/ACC: Current Valid: 3.29/4.22/10.25 Ep. 162 | Best Valid: 2.86/3.52/10.25 | Ep. 15
Time elapsed: 212.11 min
Epoch: 163/200 | Batch 0000/0180 | Loss: 0.1052
Epoch: 163/200 | Batch 0050/0180 | Loss: 0.1188
Epoch: 163/200 | Batch 0100/0180 | Loss: 0.2959
Epoch: 163/200 | Batch 0150/0180 | Loss: 0.1956
MAE/RMSE/ACC: Current Valid: 3.24/4.17/10.25 Ep. 163 | Best Valid: 2.86/3.52/10.25 | Ep. 15
Time elapsed: 213.42 min
Epoch: 164/200 | Batch 0000/0180 | Loss: 0.1216
Epoch: 164/200 | Batch 0050/0180 | Loss: 0.2037
Epoch: 164/200 | Batch 0100/0180 | Loss: 0.1483
Epoch: 164/200 | Batch 0150/0180 | Loss: 0.1792
MAE/RMSE/ACC: Current Valid: 3.27/4.19/10.25 Ep. 164 | Best Valid: 2.86/3.52/10.25 | Ep. 15
Time elapsed: 214.73 min
Epoch: 165/200 | Batch 0000/0180 | Loss: 0.0900
Epoch: 165/200 | Batch 0050/0180 | Loss: 0.2509
Epoch: 165/200 | Batch 0100/0180 | Loss: 0.3618
Epoch: 165/200 | Batch 0150/0180 | Loss: 0.3238
MAE/RMSE/ACC: Current Valid: 3.25/4.17/10.25 Ep. 165 | Best Valid: 2.86/3.52/10.25 | Ep. 15
Time elapsed: 216.04 min
Epoch: 166/200 | Batch 0000/0180 | Loss: 0.1847
Epoch: 166/200 | Batch 0050/0180 | Loss: 0.1284
Epoch: 166/200 | Batch 0100/0180 | Loss: 0.2830
Epoch: 166/200 | Batch 0150/0180 | Loss: 0.3638
MAE/RMSE/ACC: Current Valid: 3.30/4.24/10.25 Ep. 166 | Best Valid: 2.86/3.52/10.25 | Ep. 15
Time elapsed: 217.35 min
Epoch: 167/200 | Batch 0000/0180 | Loss: 0.1436
Epoch: 167/200 | Batch 0050/0180 | Loss: 0.1297
Epoch: 167/200 | Batch 0100/0180 | Loss: 0.1683
Epoch: 167/200 | Batch 0150/0180 | Loss: 0.2287
MAE/RMSE/ACC: Current Valid: 3.38/4.34/10.25 Ep. 167 | Best Valid: 2.86/3.52/10.25 | Ep. 15
Time elapsed: 218.66 min
Epoch: 168/200 | Batch 0000/0180 | Loss: 0.2272
Epoch: 168/200 | Batch 0050/0180 | Loss: 0.1336
Epoch: 168/200 | Batch 0100/0180 | Loss: 0.2775
Epoch: 168/200 | Batch 0150/0180 | Loss: 0.5940
MAE/RMSE/ACC: Current Valid: 3.35/4.30/10.25 Ep. 168 | Best Valid: 2.86/3.52/10.25 | Ep. 15
Time elapsed: 219.97 min
Epoch: 169/200 | Batch 0000/0180 | Loss: 0.2328
Epoch: 169/200 | Batch 0050/0180 | Loss: 0.2544
Epoch: 169/200 | Batch 0100/0180 | Loss: 0.1780
Epoch: 169/200 | Batch 0150/0180 | Loss: 0.1733
MAE/RMSE/ACC: Current Valid: 3.28/4.24/10.25 Ep. 169 | Best Valid: 2.86/3.52/10.25 | Ep. 15
Time elapsed: 221.28 min
Epoch: 170/200 | Batch 0000/0180 | Loss: 0.2210
Epoch: 170/200 | Batch 0050/0180 | Loss: 0.1473
Epoch: 170/200 | Batch 0100/0180 | Loss: 0.2530
Epoch: 170/200 | Batch 0150/0180 | Loss: 0.4380
MAE/RMSE/ACC: Current Valid: 3.28/4.21/10.25 Ep. 170 | Best Valid: 2.86/3.52/10.25 | Ep. 15
Time elapsed: 222.59 min
Epoch: 171/200 | Batch 0000/0180 | Loss: 0.1652
Epoch: 171/200 | Batch 0050/0180 | Loss: 0.0865
Epoch: 171/200 | Batch 0100/0180 | Loss: 0.2469
Epoch: 171/200 | Batch 0150/0180 | Loss: 0.3156
MAE/RMSE/ACC: Current Valid: 3.29/4.23/10.25 Ep. 171 | Best Valid: 2.86/3.52/10.25 | Ep. 15
Time elapsed: 223.90 min
Epoch: 172/200 | Batch 0000/0180 | Loss: 0.1655
Epoch: 172/200 | Batch 0050/0180 | Loss: 0.1199
Epoch: 172/200 | Batch 0100/0180 | Loss: 0.1633
Epoch: 172/200 | Batch 0150/0180 | Loss: 0.3210
MAE/RMSE/ACC: Current Valid: 3.27/4.22/10.25 Ep. 172 | Best Valid: 2.86/3.52/10.25 | Ep. 15
Time elapsed: 225.20 min
Epoch: 173/200 | Batch 0000/0180 | Loss: 0.1040
Epoch: 173/200 | Batch 0050/0180 | Loss: 0.1036
Epoch: 173/200 | Batch 0100/0180 | Loss: 0.2425
Epoch: 173/200 | Batch 0150/0180 | Loss: 0.1590
MAE/RMSE/ACC: Current Valid: 3.26/4.19/10.25 Ep. 173 | Best Valid: 2.86/3.52/10.25 | Ep. 15
Time elapsed: 226.51 min
Epoch: 174/200 | Batch 0000/0180 | Loss: 0.1082
Epoch: 174/200 | Batch 0050/0180 | Loss: 0.1949
Epoch: 174/200 | Batch 0100/0180 | Loss: 0.1359
Epoch: 174/200 | Batch 0150/0180 | Loss: 0.1517
MAE/RMSE/ACC: Current Valid: 3.31/4.26/10.25 Ep. 174 | Best Valid: 2.86/3.52/10.25 | Ep. 15
Time elapsed: 227.82 min
Epoch: 175/200 | Batch 0000/0180 | Loss: 0.1644
Epoch: 175/200 | Batch 0050/0180 | Loss: 0.2444
Epoch: 175/200 | Batch 0100/0180 | Loss: 0.2051
Epoch: 175/200 | Batch 0150/0180 | Loss: 0.2592
MAE/RMSE/ACC: Current Valid: 3.27/4.22/10.25 Ep. 175 | Best Valid: 2.86/3.52/10.25 | Ep. 15
Time elapsed: 229.13 min
Epoch: 176/200 | Batch 0000/0180 | Loss: 0.1785
Epoch: 176/200 | Batch 0050/0180 | Loss: 0.1860
Epoch: 176/200 | Batch 0100/0180 | Loss: 0.3111
Epoch: 176/200 | Batch 0150/0180 | Loss: 0.1770
MAE/RMSE/ACC: Current Valid: 3.35/4.32/10.25 Ep. 176 | Best Valid: 2.86/3.52/10.25 | Ep. 15
Time elapsed: 230.44 min
Epoch: 177/200 | Batch 0000/0180 | Loss: 0.4338
Epoch: 177/200 | Batch 0050/0180 | Loss: 0.2048
Epoch: 177/200 | Batch 0100/0180 | Loss: 0.1660
Epoch: 177/200 | Batch 0150/0180 | Loss: 0.2520
MAE/RMSE/ACC: Current Valid: 3.32/4.27/10.25 Ep. 177 | Best Valid: 2.86/3.52/10.25 | Ep. 15
Time elapsed: 231.75 min
Epoch: 178/200 | Batch 0000/0180 | Loss: 0.2716
Epoch: 178/200 | Batch 0050/0180 | Loss: 0.1472
Epoch: 178/200 | Batch 0100/0180 | Loss: 0.0861
Epoch: 178/200 | Batch 0150/0180 | Loss: 0.1486
MAE/RMSE/ACC: Current Valid: 3.26/4.20/10.25 Ep. 178 | Best Valid: 2.86/3.52/10.25 | Ep. 15
Time elapsed: 233.06 min
Epoch: 179/200 | Batch 0000/0180 | Loss: 0.1048
Epoch: 179/200 | Batch 0050/0180 | Loss: 0.2380
Epoch: 179/200 | Batch 0100/0180 | Loss: 0.2760
Epoch: 179/200 | Batch 0150/0180 | Loss: 0.1067
MAE/RMSE/ACC: Current Valid: 3.31/4.25/10.25 Ep. 179 | Best Valid: 2.86/3.52/10.25 | Ep. 15
Time elapsed: 234.37 min
Epoch: 180/200 | Batch 0000/0180 | Loss: 0.1666
Epoch: 180/200 | Batch 0050/0180 | Loss: 0.4927
Epoch: 180/200 | Batch 0100/0180 | Loss: 0.2231
Epoch: 180/200 | Batch 0150/0180 | Loss: 0.2987
MAE/RMSE/ACC: Current Valid: 3.30/4.25/10.25 Ep. 180 | Best Valid: 2.86/3.52/10.25 | Ep. 15
Time elapsed: 235.68 min
Epoch: 181/200 | Batch 0000/0180 | Loss: 0.1977
Epoch: 181/200 | Batch 0050/0180 | Loss: 0.1764
Epoch: 181/200 | Batch 0100/0180 | Loss: 0.2385
Epoch: 181/200 | Batch 0150/0180 | Loss: 0.3003
MAE/RMSE/ACC: Current Valid: 3.30/4.24/10.25 Ep. 181 | Best Valid: 2.86/3.52/10.25 | Ep. 15
Time elapsed: 236.98 min
Epoch: 182/200 | Batch 0000/0180 | Loss: 0.1143
Epoch: 182/200 | Batch 0050/0180 | Loss: 0.2076
Epoch: 182/200 | Batch 0100/0180 | Loss: 0.2086
Epoch: 182/200 | Batch 0150/0180 | Loss: 0.1714
MAE/RMSE/ACC: Current Valid: 3.32/4.28/10.25 Ep. 182 | Best Valid: 2.86/3.52/10.25 | Ep. 15
Time elapsed: 238.29 min
Epoch: 183/200 | Batch 0000/0180 | Loss: 0.2554
Epoch: 183/200 | Batch 0050/0180 | Loss: 0.2674
Epoch: 183/200 | Batch 0100/0180 | Loss: 0.1326
Epoch: 183/200 | Batch 0150/0180 | Loss: 0.1692
MAE/RMSE/ACC: Current Valid: 3.30/4.23/10.25 Ep. 183 | Best Valid: 2.86/3.52/10.25 | Ep. 15
Time elapsed: 239.60 min
Epoch: 184/200 | Batch 0000/0180 | Loss: 0.1070
Epoch: 184/200 | Batch 0050/0180 | Loss: 0.0939
Epoch: 184/200 | Batch 0100/0180 | Loss: 0.3330
Epoch: 184/200 | Batch 0150/0180 | Loss: 0.2568
MAE/RMSE/ACC: Current Valid: 3.33/4.28/10.25 Ep. 184 | Best Valid: 2.86/3.52/10.25 | Ep. 15
Time elapsed: 240.91 min
Epoch: 185/200 | Batch 0000/0180 | Loss: 0.4691
Epoch: 185/200 | Batch 0050/0180 | Loss: 0.1221
Epoch: 185/200 | Batch 0100/0180 | Loss: 0.1382
Epoch: 185/200 | Batch 0150/0180 | Loss: 0.1474
MAE/RMSE/ACC: Current Valid: 3.32/4.26/10.25 Ep. 185 | Best Valid: 2.86/3.52/10.25 | Ep. 15
Time elapsed: 242.22 min
Epoch: 186/200 | Batch 0000/0180 | Loss: 0.1233
Epoch: 186/200 | Batch 0050/0180 | Loss: 0.0910
Epoch: 186/200 | Batch 0100/0180 | Loss: 0.1079
Epoch: 186/200 | Batch 0150/0180 | Loss: 0.2282
MAE/RMSE/ACC: Current Valid: 3.31/4.27/10.25 Ep. 186 | Best Valid: 2.86/3.52/10.25 | Ep. 15
Time elapsed: 243.53 min
Epoch: 187/200 | Batch 0000/0180 | Loss: 0.2709
Epoch: 187/200 | Batch 0050/0180 | Loss: 0.1977
Epoch: 187/200 | Batch 0100/0180 | Loss: 0.3339
Epoch: 187/200 | Batch 0150/0180 | Loss: 0.4066
MAE/RMSE/ACC: Current Valid: 3.31/4.23/10.25 Ep. 187 | Best Valid: 2.86/3.52/10.25 | Ep. 15
Time elapsed: 244.84 min
Epoch: 188/200 | Batch 0000/0180 | Loss: 0.1602
Epoch: 188/200 | Batch 0050/0180 | Loss: 0.1959
Epoch: 188/200 | Batch 0100/0180 | Loss: 0.1830
Epoch: 188/200 | Batch 0150/0180 | Loss: 0.1322
MAE/RMSE/ACC: Current Valid: 3.28/4.23/10.25 Ep. 188 | Best Valid: 2.86/3.52/10.25 | Ep. 15
Time elapsed: 246.15 min
Epoch: 189/200 | Batch 0000/0180 | Loss: 0.1307
Epoch: 189/200 | Batch 0050/0180 | Loss: 0.1524
Epoch: 189/200 | Batch 0100/0180 | Loss: 0.1327
Epoch: 189/200 | Batch 0150/0180 | Loss: 0.1350
MAE/RMSE/ACC: Current Valid: 3.28/4.22/10.25 Ep. 189 | Best Valid: 2.86/3.52/10.25 | Ep. 15
Time elapsed: 247.46 min
Epoch: 190/200 | Batch 0000/0180 | Loss: 0.1790
Epoch: 190/200 | Batch 0050/0180 | Loss: 0.1428
Epoch: 190/200 | Batch 0100/0180 | Loss: 0.1154
Epoch: 190/200 | Batch 0150/0180 | Loss: 0.2421
MAE/RMSE/ACC: Current Valid: 3.33/4.27/10.25 Ep. 190 | Best Valid: 2.86/3.52/10.25 | Ep. 15
Time elapsed: 248.77 min
Epoch: 191/200 | Batch 0000/0180 | Loss: 0.3655
Epoch: 191/200 | Batch 0050/0180 | Loss: 0.2047
Epoch: 191/200 | Batch 0100/0180 | Loss: 0.2549
Epoch: 191/200 | Batch 0150/0180 | Loss: 0.2168
MAE/RMSE/ACC: Current Valid: 3.31/4.24/10.25 Ep. 191 | Best Valid: 2.86/3.52/10.25 | Ep. 15
Time elapsed: 250.08 min
Epoch: 192/200 | Batch 0000/0180 | Loss: 0.2203
Epoch: 192/200 | Batch 0050/0180 | Loss: 0.3254
Epoch: 192/200 | Batch 0100/0180 | Loss: 0.2666
Epoch: 192/200 | Batch 0150/0180 | Loss: 0.1106
MAE/RMSE/ACC: Current Valid: 3.29/4.21/10.25 Ep. 192 | Best Valid: 2.86/3.52/10.25 | Ep. 15
Time elapsed: 251.39 min
Epoch: 193/200 | Batch 0000/0180 | Loss: 0.2037
Epoch: 193/200 | Batch 0050/0180 | Loss: 0.1356
Epoch: 193/200 | Batch 0100/0180 | Loss: 0.1694
Epoch: 193/200 | Batch 0150/0180 | Loss: 0.1778
MAE/RMSE/ACC: Current Valid: 3.34/4.29/10.25 Ep. 193 | Best Valid: 2.86/3.52/10.25 | Ep. 15
Time elapsed: 252.70 min
Epoch: 194/200 | Batch 0000/0180 | Loss: 0.1097
Epoch: 194/200 | Batch 0050/0180 | Loss: 0.2023
Epoch: 194/200 | Batch 0100/0180 | Loss: 0.1072
Epoch: 194/200 | Batch 0150/0180 | Loss: 0.3676
MAE/RMSE/ACC: Current Valid: 3.28/4.22/10.25 Ep. 194 | Best Valid: 2.86/3.52/10.25 | Ep. 15
Time elapsed: 254.01 min
Epoch: 195/200 | Batch 0000/0180 | Loss: 0.1181
Epoch: 195/200 | Batch 0050/0180 | Loss: 0.0977
Epoch: 195/200 | Batch 0100/0180 | Loss: 0.2619
Epoch: 195/200 | Batch 0150/0180 | Loss: 0.1628
MAE/RMSE/ACC: Current Valid: 3.29/4.23/10.25 Ep. 195 | Best Valid: 2.86/3.52/10.25 | Ep. 15
Time elapsed: 255.33 min
Epoch: 196/200 | Batch 0000/0180 | Loss: 0.1450
Epoch: 196/200 | Batch 0050/0180 | Loss: 0.1363
Epoch: 196/200 | Batch 0100/0180 | Loss: 0.0961
Epoch: 196/200 | Batch 0150/0180 | Loss: 0.1660
MAE/RMSE/ACC: Current Valid: 3.28/4.18/10.25 Ep. 196 | Best Valid: 2.86/3.52/10.25 | Ep. 15
Time elapsed: 256.64 min
Epoch: 197/200 | Batch 0000/0180 | Loss: 0.1579
Epoch: 197/200 | Batch 0050/0180 | Loss: 0.1718
Epoch: 197/200 | Batch 0100/0180 | Loss: 0.1937
Epoch: 197/200 | Batch 0150/0180 | Loss: 0.2462
MAE/RMSE/ACC: Current Valid: 3.29/4.21/10.25 Ep. 197 | Best Valid: 2.86/3.52/10.25 | Ep. 15
Time elapsed: 257.94 min
Epoch: 198/200 | Batch 0000/0180 | Loss: 0.1319
Epoch: 198/200 | Batch 0050/0180 | Loss: 0.1718
Epoch: 198/200 | Batch 0100/0180 | Loss: 0.2738
Epoch: 198/200 | Batch 0150/0180 | Loss: 0.4607
MAE/RMSE/ACC: Current Valid: 3.33/4.26/10.25 Ep. 198 | Best Valid: 2.86/3.52/10.25 | Ep. 15
Time elapsed: 259.25 min
Epoch: 199/200 | Batch 0000/0180 | Loss: 0.2501
Epoch: 199/200 | Batch 0050/0180 | Loss: 0.2885
Epoch: 199/200 | Batch 0100/0180 | Loss: 0.2658
Epoch: 199/200 | Batch 0150/0180 | Loss: 0.2559
MAE/RMSE/ACC: Current Valid: 3.34/4.28/10.25 Ep. 199 | Best Valid: 2.86/3.52/10.25 | Ep. 15
Time elapsed: 260.56 min
Epoch: 200/200 | Batch 0000/0180 | Loss: 0.4060
Epoch: 200/200 | Batch 0050/0180 | Loss: 0.1458
Epoch: 200/200 | Batch 0100/0180 | Loss: 0.3239
Epoch: 200/200 | Batch 0150/0180 | Loss: 0.1648
MAE/RMSE/ACC: Current Valid: 3.31/4.24/10.25 Ep. 200 | Best Valid: 2.86/3.52/10.25 | Ep. 15
Time elapsed: 261.87 min
MAE/RMSE: | Train: 0.06/0.44 | Valid: 3.31/4.24 | Test: 3.34/4.26
ACC: | Train: 96.92 | Valid: 11.69 | Test: 11.27
Total Running Time: 263.83 min
MAE/RMSE: | Best Train: 2.51/3.10 | Best Valid: 2.86/3.52 | Best Test: 2.82/3.46
ACC: | Best Train: 11.75 | Best Valid: 10.25 | Best Test: 9.69
Total Running Time: 265.78 min
