This script: resnet34_conditional-v3-ablation.py
PyTorch Version: 1.8.1
CUDA device: cuda:4
CUDA version: 10.2
Random seed: 4
Learning rate: 0.0005
Epochs: 50
Batch size: 16
Output path: ../ablation-results/morph2-abl-4
Epoch: 001/050 | Batch 0000/1289 | Loss: 0.6692
Epoch: 001/050 | Batch 0050/1289 | Loss: 0.5059
Epoch: 001/050 | Batch 0100/1289 | Loss: 0.5879
Epoch: 001/050 | Batch 0150/1289 | Loss: 0.3772
Epoch: 001/050 | Batch 0200/1289 | Loss: 0.4573
Epoch: 001/050 | Batch 0250/1289 | Loss: 0.4311
Epoch: 001/050 | Batch 0300/1289 | Loss: 0.4001
Epoch: 001/050 | Batch 0350/1289 | Loss: 0.4354
Epoch: 001/050 | Batch 0400/1289 | Loss: 0.4817
Epoch: 001/050 | Batch 0450/1289 | Loss: 0.4893
Epoch: 001/050 | Batch 0500/1289 | Loss: 0.4331
Epoch: 001/050 | Batch 0550/1289 | Loss: 0.4941
Epoch: 001/050 | Batch 0600/1289 | Loss: 0.4266
Epoch: 001/050 | Batch 0650/1289 | Loss: 0.3638
Epoch: 001/050 | Batch 0700/1289 | Loss: 0.3581
Epoch: 001/050 | Batch 0750/1289 | Loss: 0.3955
Epoch: 001/050 | Batch 0800/1289 | Loss: 0.4166
Epoch: 001/050 | Batch 0850/1289 | Loss: 0.2827
Epoch: 001/050 | Batch 0900/1289 | Loss: 0.2827
Epoch: 001/050 | Batch 0950/1289 | Loss: 0.3090
Epoch: 001/050 | Batch 1000/1289 | Loss: 0.3453
Epoch: 001/050 | Batch 1050/1289 | Loss: 0.3241
Epoch: 001/050 | Batch 1100/1289 | Loss: 0.3948
Epoch: 001/050 | Batch 1150/1289 | Loss: 0.3452
Epoch: 001/050 | Batch 1200/1289 | Loss: 0.4088
Epoch: 001/050 | Batch 1250/1289 | Loss: 0.3220
MAE/RMSE/ACC: Current Valid: 7.09/8.72/3.69 Ep. 1 | Best Valid: 7.09/8.72/3.69 | Ep. 1
Time elapsed: 1.45 min
Epoch: 002/050 | Batch 0000/1289 | Loss: 0.2659
Epoch: 002/050 | Batch 0050/1289 | Loss: 0.3144
Epoch: 002/050 | Batch 0100/1289 | Loss: 0.3271
Epoch: 002/050 | Batch 0150/1289 | Loss: 0.3056
Epoch: 002/050 | Batch 0200/1289 | Loss: 0.3099
Epoch: 002/050 | Batch 0250/1289 | Loss: 0.3759
Epoch: 002/050 | Batch 0300/1289 | Loss: 0.4372
Epoch: 002/050 | Batch 0350/1289 | Loss: 0.4322
Epoch: 002/050 | Batch 0400/1289 | Loss: 0.2930
Epoch: 002/050 | Batch 0450/1289 | Loss: 0.4307
Epoch: 002/050 | Batch 0500/1289 | Loss: 0.2072
Epoch: 002/050 | Batch 0550/1289 | Loss: 0.3381
Epoch: 002/050 | Batch 0600/1289 | Loss: 0.3869
Epoch: 002/050 | Batch 0650/1289 | Loss: 0.3013
Epoch: 002/050 | Batch 0700/1289 | Loss: 0.2358
Epoch: 002/050 | Batch 0750/1289 | Loss: 0.2260
Epoch: 002/050 | Batch 0800/1289 | Loss: 0.4468
Epoch: 002/050 | Batch 0850/1289 | Loss: 0.2763
Epoch: 002/050 | Batch 0900/1289 | Loss: 0.2769
Epoch: 002/050 | Batch 0950/1289 | Loss: 0.2628
Epoch: 002/050 | Batch 1000/1289 | Loss: 0.3132
Epoch: 002/050 | Batch 1050/1289 | Loss: 0.2454
Epoch: 002/050 | Batch 1100/1289 | Loss: 0.2774
Epoch: 002/050 | Batch 1150/1289 | Loss: 0.2146
Epoch: 002/050 | Batch 1200/1289 | Loss: 0.2301
Epoch: 002/050 | Batch 1250/1289 | Loss: 0.3878
MAE/RMSE/ACC: Current Valid: 6.02/7.54/5.62 Ep. 2 | Best Valid: 6.02/7.54/5.62 | Ep. 2
Time elapsed: 2.93 min
Epoch: 003/050 | Batch 0000/1289 | Loss: 0.3087
Epoch: 003/050 | Batch 0050/1289 | Loss: 0.2341
Epoch: 003/050 | Batch 0100/1289 | Loss: 0.3724
Epoch: 003/050 | Batch 0150/1289 | Loss: 0.3101
Epoch: 003/050 | Batch 0200/1289 | Loss: 0.2993
Epoch: 003/050 | Batch 0250/1289 | Loss: 0.2389
Epoch: 003/050 | Batch 0300/1289 | Loss: 0.2585
Epoch: 003/050 | Batch 0350/1289 | Loss: 0.3146
Epoch: 003/050 | Batch 0400/1289 | Loss: 0.2147
Epoch: 003/050 | Batch 0450/1289 | Loss: 0.2342
Epoch: 003/050 | Batch 0500/1289 | Loss: 0.3608
Epoch: 003/050 | Batch 0550/1289 | Loss: 0.3076
Epoch: 003/050 | Batch 0600/1289 | Loss: 0.2473
Epoch: 003/050 | Batch 0650/1289 | Loss: 0.3075
Epoch: 003/050 | Batch 0700/1289 | Loss: 0.2388
Epoch: 003/050 | Batch 0750/1289 | Loss: 0.3669
Epoch: 003/050 | Batch 0800/1289 | Loss: 0.2355
Epoch: 003/050 | Batch 0850/1289 | Loss: 0.2377
Epoch: 003/050 | Batch 0900/1289 | Loss: 0.3095
Epoch: 003/050 | Batch 0950/1289 | Loss: 0.2966
Epoch: 003/050 | Batch 1000/1289 | Loss: 0.3976
Epoch: 003/050 | Batch 1050/1289 | Loss: 0.1982
Epoch: 003/050 | Batch 1100/1289 | Loss: 0.2233
Epoch: 003/050 | Batch 1150/1289 | Loss: 0.2213
Epoch: 003/050 | Batch 1200/1289 | Loss: 0.2476
Epoch: 003/050 | Batch 1250/1289 | Loss: 0.2134
MAE/RMSE/ACC: Current Valid: 4.93/6.40/6.89 Ep. 3 | Best Valid: 4.93/6.40/6.89 | Ep. 3
Time elapsed: 4.38 min
Epoch: 004/050 | Batch 0000/1289 | Loss: 0.3101
Epoch: 004/050 | Batch 0050/1289 | Loss: 0.3757
Epoch: 004/050 | Batch 0100/1289 | Loss: 0.2105
Epoch: 004/050 | Batch 0150/1289 | Loss: 0.2812
Epoch: 004/050 | Batch 0200/1289 | Loss: 0.2735
Epoch: 004/050 | Batch 0250/1289 | Loss: 0.3381
Epoch: 004/050 | Batch 0300/1289 | Loss: 0.2259
Epoch: 004/050 | Batch 0350/1289 | Loss: 0.2443
Epoch: 004/050 | Batch 0400/1289 | Loss: 0.2087
Epoch: 004/050 | Batch 0450/1289 | Loss: 0.2573
Epoch: 004/050 | Batch 0500/1289 | Loss: 0.2125
Epoch: 004/050 | Batch 0550/1289 | Loss: 0.2233
Epoch: 004/050 | Batch 0600/1289 | Loss: 0.3868
Epoch: 004/050 | Batch 0650/1289 | Loss: 0.1587
Epoch: 004/050 | Batch 0700/1289 | Loss: 0.2747
Epoch: 004/050 | Batch 0750/1289 | Loss: 0.2834
Epoch: 004/050 | Batch 0800/1289 | Loss: 0.2190
Epoch: 004/050 | Batch 0850/1289 | Loss: 0.2397
Epoch: 004/050 | Batch 0900/1289 | Loss: 0.2361
Epoch: 004/050 | Batch 0950/1289 | Loss: 0.2369
Epoch: 004/050 | Batch 1000/1289 | Loss: 0.2713
Epoch: 004/050 | Batch 1050/1289 | Loss: 0.2178
Epoch: 004/050 | Batch 1100/1289 | Loss: 0.2436
Epoch: 004/050 | Batch 1150/1289 | Loss: 0.3596
Epoch: 004/050 | Batch 1200/1289 | Loss: 0.3484
Epoch: 004/050 | Batch 1250/1289 | Loss: 0.3741
MAE/RMSE/ACC: Current Valid: 6.13/7.86/6.89 Ep. 4 | Best Valid: 4.93/6.40/6.89 | Ep. 3
Time elapsed: 5.82 min
Epoch: 005/050 | Batch 0000/1289 | Loss: 0.3040
Epoch: 005/050 | Batch 0050/1289 | Loss: 0.2663
Epoch: 005/050 | Batch 0100/1289 | Loss: 0.2909
Epoch: 005/050 | Batch 0150/1289 | Loss: 0.2128
Epoch: 005/050 | Batch 0200/1289 | Loss: 0.2225
Epoch: 005/050 | Batch 0250/1289 | Loss: 0.2059
Epoch: 005/050 | Batch 0300/1289 | Loss: 0.2064
Epoch: 005/050 | Batch 0350/1289 | Loss: 0.2249
Epoch: 005/050 | Batch 0400/1289 | Loss: 0.2464
Epoch: 005/050 | Batch 0450/1289 | Loss: 0.2076
Epoch: 005/050 | Batch 0500/1289 | Loss: 0.3055
Epoch: 005/050 | Batch 0550/1289 | Loss: 0.2422
Epoch: 005/050 | Batch 0600/1289 | Loss: 0.2389
Epoch: 005/050 | Batch 0650/1289 | Loss: 0.2173
Epoch: 005/050 | Batch 0700/1289 | Loss: 0.3607
Epoch: 005/050 | Batch 0750/1289 | Loss: 0.1750
Epoch: 005/050 | Batch 0800/1289 | Loss: 0.2117
Epoch: 005/050 | Batch 0850/1289 | Loss: 0.2159
Epoch: 005/050 | Batch 0900/1289 | Loss: 0.2844
Epoch: 005/050 | Batch 0950/1289 | Loss: 0.2277
Epoch: 005/050 | Batch 1000/1289 | Loss: 0.3014
Epoch: 005/050 | Batch 1050/1289 | Loss: 0.3354
Epoch: 005/050 | Batch 1100/1289 | Loss: 0.3367
Epoch: 005/050 | Batch 1150/1289 | Loss: 0.2439
Epoch: 005/050 | Batch 1200/1289 | Loss: 0.2010
Epoch: 005/050 | Batch 1250/1289 | Loss: 0.2672
MAE/RMSE/ACC: Current Valid: 4.01/5.05/7.99 Ep. 5 | Best Valid: 4.01/5.05/7.99 | Ep. 5
Time elapsed: 7.56 min
Epoch: 006/050 | Batch 0000/1289 | Loss: 0.1931
Epoch: 006/050 | Batch 0050/1289 | Loss: 0.2560
Epoch: 006/050 | Batch 0100/1289 | Loss: 0.2520
Epoch: 006/050 | Batch 0150/1289 | Loss: 0.2058
Epoch: 006/050 | Batch 0200/1289 | Loss: 0.2515
Epoch: 006/050 | Batch 0250/1289 | Loss: 0.1904
Epoch: 006/050 | Batch 0300/1289 | Loss: 0.2449
Epoch: 006/050 | Batch 0350/1289 | Loss: 0.2209
Epoch: 006/050 | Batch 0400/1289 | Loss: 0.2436
Epoch: 006/050 | Batch 0450/1289 | Loss: 0.1892
Epoch: 006/050 | Batch 0500/1289 | Loss: 0.2081
Epoch: 006/050 | Batch 0550/1289 | Loss: 0.2578
Epoch: 006/050 | Batch 0600/1289 | Loss: 0.2110
Epoch: 006/050 | Batch 0650/1289 | Loss: 0.2809
Epoch: 006/050 | Batch 0700/1289 | Loss: 0.3349
Epoch: 006/050 | Batch 0750/1289 | Loss: 0.1976
Epoch: 006/050 | Batch 0800/1289 | Loss: 0.2211
Epoch: 006/050 | Batch 0850/1289 | Loss: 0.2307
Epoch: 006/050 | Batch 0900/1289 | Loss: 0.2046
Epoch: 006/050 | Batch 0950/1289 | Loss: 0.2071
Epoch: 006/050 | Batch 1000/1289 | Loss: 0.2560
Epoch: 006/050 | Batch 1050/1289 | Loss: 0.2692
Epoch: 006/050 | Batch 1100/1289 | Loss: 0.4275
Epoch: 006/050 | Batch 1150/1289 | Loss: 0.2003
Epoch: 006/050 | Batch 1200/1289 | Loss: 0.1820
Epoch: 006/050 | Batch 1250/1289 | Loss: 0.2154
MAE/RMSE/ACC: Current Valid: 4.72/6.08/7.99 Ep. 6 | Best Valid: 4.01/5.05/7.99 | Ep. 5
Time elapsed: 9.83 min
Epoch: 007/050 | Batch 0000/1289 | Loss: 0.1615
Epoch: 007/050 | Batch 0050/1289 | Loss: 0.2602
Epoch: 007/050 | Batch 0100/1289 | Loss: 0.1592
Epoch: 007/050 | Batch 0150/1289 | Loss: 0.2478
Epoch: 007/050 | Batch 0200/1289 | Loss: 0.2237
Epoch: 007/050 | Batch 0250/1289 | Loss: 0.3444
Epoch: 007/050 | Batch 0300/1289 | Loss: 0.1897
Epoch: 007/050 | Batch 0350/1289 | Loss: 0.1965
Epoch: 007/050 | Batch 0400/1289 | Loss: 0.1767
Epoch: 007/050 | Batch 0450/1289 | Loss: 0.1670
Epoch: 007/050 | Batch 0500/1289 | Loss: 0.1937
Epoch: 007/050 | Batch 0550/1289 | Loss: 0.1538
Epoch: 007/050 | Batch 0600/1289 | Loss: 0.2024
Epoch: 007/050 | Batch 0650/1289 | Loss: 0.3207
Epoch: 007/050 | Batch 0700/1289 | Loss: 0.2305
Epoch: 007/050 | Batch 0750/1289 | Loss: 0.2221
Epoch: 007/050 | Batch 0800/1289 | Loss: 0.1889
Epoch: 007/050 | Batch 0850/1289 | Loss: 0.2937
Epoch: 007/050 | Batch 0900/1289 | Loss: 0.2326
Epoch: 007/050 | Batch 0950/1289 | Loss: 0.1711
Epoch: 007/050 | Batch 1000/1289 | Loss: 0.1943
Epoch: 007/050 | Batch 1050/1289 | Loss: 0.1955
Epoch: 007/050 | Batch 1100/1289 | Loss: 0.3019
Epoch: 007/050 | Batch 1150/1289 | Loss: 0.2555
Epoch: 007/050 | Batch 1200/1289 | Loss: 0.2576
Epoch: 007/050 | Batch 1250/1289 | Loss: 0.2070
MAE/RMSE/ACC: Current Valid: 4.55/5.71/7.99 Ep. 7 | Best Valid: 4.01/5.05/7.99 | Ep. 5
Time elapsed: 12.32 min
Epoch: 008/050 | Batch 0000/1289 | Loss: 0.2696
Epoch: 008/050 | Batch 0050/1289 | Loss: 0.1525
Epoch: 008/050 | Batch 0100/1289 | Loss: 0.1516
Epoch: 008/050 | Batch 0150/1289 | Loss: 0.2456
Epoch: 008/050 | Batch 0200/1289 | Loss: 0.1971
Epoch: 008/050 | Batch 0250/1289 | Loss: 0.1959
Epoch: 008/050 | Batch 0300/1289 | Loss: 0.1988
Epoch: 008/050 | Batch 0350/1289 | Loss: 0.2771
Epoch: 008/050 | Batch 0400/1289 | Loss: 0.1816
Epoch: 008/050 | Batch 0450/1289 | Loss: 0.2346
Epoch: 008/050 | Batch 0500/1289 | Loss: 0.1940
Epoch: 008/050 | Batch 0550/1289 | Loss: 0.1496
Epoch: 008/050 | Batch 0600/1289 | Loss: 0.1893
Epoch: 008/050 | Batch 0650/1289 | Loss: 0.3485
Epoch: 008/050 | Batch 0700/1289 | Loss: 0.2241
Epoch: 008/050 | Batch 0750/1289 | Loss: 0.1516
Epoch: 008/050 | Batch 0800/1289 | Loss: 0.1889
Epoch: 008/050 | Batch 0850/1289 | Loss: 0.2741
Epoch: 008/050 | Batch 0900/1289 | Loss: 0.1991
Epoch: 008/050 | Batch 0950/1289 | Loss: 0.1750
Epoch: 008/050 | Batch 1000/1289 | Loss: 0.1826
Epoch: 008/050 | Batch 1050/1289 | Loss: 0.2369
Epoch: 008/050 | Batch 1100/1289 | Loss: 0.1303
Epoch: 008/050 | Batch 1150/1289 | Loss: 0.2182
Epoch: 008/050 | Batch 1200/1289 | Loss: 0.1654
Epoch: 008/050 | Batch 1250/1289 | Loss: 0.2000
MAE/RMSE/ACC: Current Valid: 5.40/6.90/7.99 Ep. 8 | Best Valid: 4.01/5.05/7.99 | Ep. 5
Time elapsed: 15.28 min
Epoch: 009/050 | Batch 0000/1289 | Loss: 0.1786
Epoch: 009/050 | Batch 0050/1289 | Loss: 0.1659
Epoch: 009/050 | Batch 0100/1289 | Loss: 0.1967
Epoch: 009/050 | Batch 0150/1289 | Loss: 0.1928
Epoch: 009/050 | Batch 0200/1289 | Loss: 0.2518
Epoch: 009/050 | Batch 0250/1289 | Loss: 0.2212
Epoch: 009/050 | Batch 0300/1289 | Loss: 0.1981
Epoch: 009/050 | Batch 0350/1289 | Loss: 0.1526
Epoch: 009/050 | Batch 0400/1289 | Loss: 0.1858
Epoch: 009/050 | Batch 0450/1289 | Loss: 0.1897
Epoch: 009/050 | Batch 0500/1289 | Loss: 0.3242
Epoch: 009/050 | Batch 0550/1289 | Loss: 0.2170
Epoch: 009/050 | Batch 0600/1289 | Loss: 0.1939
Epoch: 009/050 | Batch 0650/1289 | Loss: 0.1871
Epoch: 009/050 | Batch 0700/1289 | Loss: 0.2491
Epoch: 009/050 | Batch 0750/1289 | Loss: 0.2082
Epoch: 009/050 | Batch 0800/1289 | Loss: 0.2410
Epoch: 009/050 | Batch 0850/1289 | Loss: 0.2596
Epoch: 009/050 | Batch 0900/1289 | Loss: 0.1723
Epoch: 009/050 | Batch 0950/1289 | Loss: 0.1836
Epoch: 009/050 | Batch 1000/1289 | Loss: 0.2553
Epoch: 009/050 | Batch 1050/1289 | Loss: 0.1702
Epoch: 009/050 | Batch 1100/1289 | Loss: 0.1829
Epoch: 009/050 | Batch 1150/1289 | Loss: 0.2578
Epoch: 009/050 | Batch 1200/1289 | Loss: 0.2116
Epoch: 009/050 | Batch 1250/1289 | Loss: 0.1689
MAE/RMSE/ACC: Current Valid: 3.45/4.53/10.14 Ep. 9 | Best Valid: 3.45/4.53/10.14 | Ep. 9
Time elapsed: 18.26 min
Epoch: 010/050 | Batch 0000/1289 | Loss: 0.2143
Epoch: 010/050 | Batch 0050/1289 | Loss: 0.2622
Epoch: 010/050 | Batch 0100/1289 | Loss: 0.2219
Epoch: 010/050 | Batch 0150/1289 | Loss: 0.2024
Epoch: 010/050 | Batch 0200/1289 | Loss: 0.1886
Epoch: 010/050 | Batch 0250/1289 | Loss: 0.2271
Epoch: 010/050 | Batch 0300/1289 | Loss: 0.1698
Epoch: 010/050 | Batch 0350/1289 | Loss: 0.2620
Epoch: 010/050 | Batch 0400/1289 | Loss: 0.1737
Epoch: 010/050 | Batch 0450/1289 | Loss: 0.1604
Epoch: 010/050 | Batch 0500/1289 | Loss: 0.4604
Epoch: 010/050 | Batch 0550/1289 | Loss: 0.2084
Epoch: 010/050 | Batch 0600/1289 | Loss: 0.1494
Epoch: 010/050 | Batch 0650/1289 | Loss: 0.2343
Epoch: 010/050 | Batch 0700/1289 | Loss: 0.2551
Epoch: 010/050 | Batch 0750/1289 | Loss: 0.2037
Epoch: 010/050 | Batch 0800/1289 | Loss: 0.2003
Epoch: 010/050 | Batch 0850/1289 | Loss: 0.1723
Epoch: 010/050 | Batch 0900/1289 | Loss: 0.2068
Epoch: 010/050 | Batch 0950/1289 | Loss: 0.1937
Epoch: 010/050 | Batch 1000/1289 | Loss: 0.1740
Epoch: 010/050 | Batch 1050/1289 | Loss: 0.2876
Epoch: 010/050 | Batch 1100/1289 | Loss: 0.1960
Epoch: 010/050 | Batch 1150/1289 | Loss: 0.2074
Epoch: 010/050 | Batch 1200/1289 | Loss: 0.2224
Epoch: 010/050 | Batch 1250/1289 | Loss: 0.1842
MAE/RMSE/ACC: Current Valid: 3.81/4.91/10.14 Ep. 10 | Best Valid: 3.45/4.53/10.14 | Ep. 9
Time elapsed: 21.33 min
Epoch: 011/050 | Batch 0000/1289 | Loss: 0.2344
Epoch: 011/050 | Batch 0050/1289 | Loss: 0.2538
Epoch: 011/050 | Batch 0100/1289 | Loss: 0.2551
Epoch: 011/050 | Batch 0150/1289 | Loss: 0.3121
Epoch: 011/050 | Batch 0200/1289 | Loss: 0.2251
Epoch: 011/050 | Batch 0250/1289 | Loss: 0.1782
Epoch: 011/050 | Batch 0300/1289 | Loss: 0.1958
Epoch: 011/050 | Batch 0350/1289 | Loss: 0.2184
Epoch: 011/050 | Batch 0400/1289 | Loss: 0.1819
Epoch: 011/050 | Batch 0450/1289 | Loss: 0.2029
Epoch: 011/050 | Batch 0500/1289 | Loss: 0.2751
Epoch: 011/050 | Batch 0550/1289 | Loss: 0.2006
Epoch: 011/050 | Batch 0600/1289 | Loss: 0.2465
Epoch: 011/050 | Batch 0650/1289 | Loss: 0.1821
Epoch: 011/050 | Batch 0700/1289 | Loss: 0.1652
Epoch: 011/050 | Batch 0750/1289 | Loss: 0.1935
Epoch: 011/050 | Batch 0800/1289 | Loss: 0.1794
Epoch: 011/050 | Batch 0850/1289 | Loss: 0.1553
Epoch: 011/050 | Batch 0900/1289 | Loss: 0.2018
Epoch: 011/050 | Batch 0950/1289 | Loss: 0.1779
Epoch: 011/050 | Batch 1000/1289 | Loss: 0.1632
Epoch: 011/050 | Batch 1050/1289 | Loss: 0.1813
Epoch: 011/050 | Batch 1100/1289 | Loss: 0.1940
Epoch: 011/050 | Batch 1150/1289 | Loss: 0.2059
Epoch: 011/050 | Batch 1200/1289 | Loss: 0.1832
Epoch: 011/050 | Batch 1250/1289 | Loss: 0.1750
MAE/RMSE/ACC: Current Valid: 4.41/5.62/10.14 Ep. 11 | Best Valid: 3.45/4.53/10.14 | Ep. 9
Time elapsed: 24.35 min
Epoch: 012/050 | Batch 0000/1289 | Loss: 0.2013
Epoch: 012/050 | Batch 0050/1289 | Loss: 0.1623
Epoch: 012/050 | Batch 0100/1289 | Loss: 0.1557
Epoch: 012/050 | Batch 0150/1289 | Loss: 0.2214
Epoch: 012/050 | Batch 0200/1289 | Loss: 0.3008
Epoch: 012/050 | Batch 0250/1289 | Loss: 0.2090
Epoch: 012/050 | Batch 0300/1289 | Loss: 0.1635
Epoch: 012/050 | Batch 0350/1289 | Loss: 0.1793
Epoch: 012/050 | Batch 0400/1289 | Loss: 0.1751
Epoch: 012/050 | Batch 0450/1289 | Loss: 0.1435
Epoch: 012/050 | Batch 0500/1289 | Loss: 0.1744
Epoch: 012/050 | Batch 0550/1289 | Loss: 0.1958
Epoch: 012/050 | Batch 0600/1289 | Loss: 0.1652
Epoch: 012/050 | Batch 0650/1289 | Loss: 0.2107
Epoch: 012/050 | Batch 0700/1289 | Loss: 0.1442
Epoch: 012/050 | Batch 0750/1289 | Loss: 0.1841
Epoch: 012/050 | Batch 0800/1289 | Loss: 0.1259
Epoch: 012/050 | Batch 0850/1289 | Loss: 0.2406
Epoch: 012/050 | Batch 0900/1289 | Loss: 0.2214
Epoch: 012/050 | Batch 0950/1289 | Loss: 0.2417
Epoch: 012/050 | Batch 1000/1289 | Loss: 0.3258
Epoch: 012/050 | Batch 1050/1289 | Loss: 0.1780
Epoch: 012/050 | Batch 1100/1289 | Loss: 0.2435
Epoch: 012/050 | Batch 1150/1289 | Loss: 0.1866
Epoch: 012/050 | Batch 1200/1289 | Loss: 0.1910
Epoch: 012/050 | Batch 1250/1289 | Loss: 0.1456
MAE/RMSE/ACC: Current Valid: 4.09/5.43/10.14 Ep. 12 | Best Valid: 3.45/4.53/10.14 | Ep. 9
Time elapsed: 27.33 min
Epoch: 013/050 | Batch 0000/1289 | Loss: 0.1327
Epoch: 013/050 | Batch 0050/1289 | Loss: 0.2069
Epoch: 013/050 | Batch 0100/1289 | Loss: 0.1304
Epoch: 013/050 | Batch 0150/1289 | Loss: 0.1685
Epoch: 013/050 | Batch 0200/1289 | Loss: 0.1518
Epoch: 013/050 | Batch 0250/1289 | Loss: 0.1845
Epoch: 013/050 | Batch 0300/1289 | Loss: 0.1681
Epoch: 013/050 | Batch 0350/1289 | Loss: 0.2140
Epoch: 013/050 | Batch 0400/1289 | Loss: 0.2668
Epoch: 013/050 | Batch 0450/1289 | Loss: 0.1857
Epoch: 013/050 | Batch 0500/1289 | Loss: 0.2461
Epoch: 013/050 | Batch 0550/1289 | Loss: 0.1333
Epoch: 013/050 | Batch 0600/1289 | Loss: 0.1781
Epoch: 013/050 | Batch 0650/1289 | Loss: 0.2008
Epoch: 013/050 | Batch 0700/1289 | Loss: 0.2859
Epoch: 013/050 | Batch 0750/1289 | Loss: 0.2413
Epoch: 013/050 | Batch 0800/1289 | Loss: 0.1789
Epoch: 013/050 | Batch 0850/1289 | Loss: 0.1870
Epoch: 013/050 | Batch 0900/1289 | Loss: 0.2762
Epoch: 013/050 | Batch 0950/1289 | Loss: 0.2319
Epoch: 013/050 | Batch 1000/1289 | Loss: 0.2368
Epoch: 013/050 | Batch 1050/1289 | Loss: 0.1840
Epoch: 013/050 | Batch 1100/1289 | Loss: 0.2148
Epoch: 013/050 | Batch 1150/1289 | Loss: 0.1713
Epoch: 013/050 | Batch 1200/1289 | Loss: 0.1698
Epoch: 013/050 | Batch 1250/1289 | Loss: 0.1505
MAE/RMSE/ACC: Current Valid: 3.58/4.61/10.14 Ep. 13 | Best Valid: 3.45/4.53/10.14 | Ep. 9
Time elapsed: 30.39 min
Epoch: 014/050 | Batch 0000/1289 | Loss: 0.1374
Epoch: 014/050 | Batch 0050/1289 | Loss: 0.1889
Epoch: 014/050 | Batch 0100/1289 | Loss: 0.1388
Epoch: 014/050 | Batch 0150/1289 | Loss: 0.2284
Epoch: 014/050 | Batch 0200/1289 | Loss: 0.2146
Epoch: 014/050 | Batch 0250/1289 | Loss: 0.1847
Epoch: 014/050 | Batch 0300/1289 | Loss: 0.1603
Epoch: 014/050 | Batch 0350/1289 | Loss: 0.1856
Epoch: 014/050 | Batch 0400/1289 | Loss: 0.1837
Epoch: 014/050 | Batch 0450/1289 | Loss: 0.1210
Epoch: 014/050 | Batch 0500/1289 | Loss: 0.2640
Epoch: 014/050 | Batch 0550/1289 | Loss: 0.1882
Epoch: 014/050 | Batch 0600/1289 | Loss: 0.2014
Epoch: 014/050 | Batch 0650/1289 | Loss: 0.2052
Epoch: 014/050 | Batch 0700/1289 | Loss: 0.1454
Epoch: 014/050 | Batch 0750/1289 | Loss: 0.1894
Epoch: 014/050 | Batch 0800/1289 | Loss: 0.2403
Epoch: 014/050 | Batch 0850/1289 | Loss: 0.1787
Epoch: 014/050 | Batch 0900/1289 | Loss: 0.2444
Epoch: 014/050 | Batch 0950/1289 | Loss: 0.2169
Epoch: 014/050 | Batch 1000/1289 | Loss: 0.1993
Epoch: 014/050 | Batch 1050/1289 | Loss: 0.1706
Epoch: 014/050 | Batch 1100/1289 | Loss: 0.1550
Epoch: 014/050 | Batch 1150/1289 | Loss: 0.1638
Epoch: 014/050 | Batch 1200/1289 | Loss: 0.1878
Epoch: 014/050 | Batch 1250/1289 | Loss: 0.2083
MAE/RMSE/ACC: Current Valid: 3.11/4.05/9.64 Ep. 14 | Best Valid: 3.11/4.05/9.64 | Ep. 14
Time elapsed: 33.25 min
Epoch: 015/050 | Batch 0000/1289 | Loss: 0.2011
Epoch: 015/050 | Batch 0050/1289 | Loss: 0.1763
Epoch: 015/050 | Batch 0100/1289 | Loss: 0.2392
Epoch: 015/050 | Batch 0150/1289 | Loss: 0.2216
Epoch: 015/050 | Batch 0200/1289 | Loss: 0.1592
Epoch: 015/050 | Batch 0250/1289 | Loss: 0.1280
Epoch: 015/050 | Batch 0300/1289 | Loss: 0.1634
Epoch: 015/050 | Batch 0350/1289 | Loss: 0.1665
Epoch: 015/050 | Batch 0400/1289 | Loss: 0.1357
Epoch: 015/050 | Batch 0450/1289 | Loss: 0.1613
Epoch: 015/050 | Batch 0500/1289 | Loss: 0.1893
Epoch: 015/050 | Batch 0550/1289 | Loss: 0.1909
Epoch: 015/050 | Batch 0600/1289 | Loss: 0.1386
Epoch: 015/050 | Batch 0650/1289 | Loss: 0.1916
Epoch: 015/050 | Batch 0700/1289 | Loss: 0.1540
Epoch: 015/050 | Batch 0750/1289 | Loss: 0.1291
Epoch: 015/050 | Batch 0800/1289 | Loss: 0.1454
Epoch: 015/050 | Batch 0850/1289 | Loss: 0.1295
Epoch: 015/050 | Batch 0900/1289 | Loss: 0.1510
Epoch: 015/050 | Batch 0950/1289 | Loss: 0.1275
Epoch: 015/050 | Batch 1000/1289 | Loss: 0.1515
Epoch: 015/050 | Batch 1050/1289 | Loss: 0.2366
Epoch: 015/050 | Batch 1100/1289 | Loss: 0.2000
Epoch: 015/050 | Batch 1150/1289 | Loss: 0.1419
Epoch: 015/050 | Batch 1200/1289 | Loss: 0.1981
Epoch: 015/050 | Batch 1250/1289 | Loss: 0.1825
MAE/RMSE/ACC: Current Valid: 3.30/4.29/9.64 Ep. 15 | Best Valid: 3.11/4.05/9.64 | Ep. 14
Time elapsed: 36.28 min
Epoch: 016/050 | Batch 0000/1289 | Loss: 0.1586
Epoch: 016/050 | Batch 0050/1289 | Loss: 0.2045
Epoch: 016/050 | Batch 0100/1289 | Loss: 0.1248
Epoch: 016/050 | Batch 0150/1289 | Loss: 0.1411
Epoch: 016/050 | Batch 0200/1289 | Loss: 0.1348
Epoch: 016/050 | Batch 0250/1289 | Loss: 0.1519
Epoch: 016/050 | Batch 0300/1289 | Loss: 0.2608
Epoch: 016/050 | Batch 0350/1289 | Loss: 0.2223
Epoch: 016/050 | Batch 0400/1289 | Loss: 0.2529
Epoch: 016/050 | Batch 0450/1289 | Loss: 0.1397
Epoch: 016/050 | Batch 0500/1289 | Loss: 0.1839
Epoch: 016/050 | Batch 0550/1289 | Loss: 0.2267
Epoch: 016/050 | Batch 0600/1289 | Loss: 0.1126
Epoch: 016/050 | Batch 0650/1289 | Loss: 0.2335
Epoch: 016/050 | Batch 0700/1289 | Loss: 0.1599
Epoch: 016/050 | Batch 0750/1289 | Loss: 0.2640
Epoch: 016/050 | Batch 0800/1289 | Loss: 0.1442
Epoch: 016/050 | Batch 0850/1289 | Loss: 0.2005
Epoch: 016/050 | Batch 0900/1289 | Loss: 0.1297
Epoch: 016/050 | Batch 0950/1289 | Loss: 0.1773
Epoch: 016/050 | Batch 1000/1289 | Loss: 0.1827
Epoch: 016/050 | Batch 1050/1289 | Loss: 0.1731
Epoch: 016/050 | Batch 1100/1289 | Loss: 0.1859
Epoch: 016/050 | Batch 1150/1289 | Loss: 0.1360
Epoch: 016/050 | Batch 1200/1289 | Loss: 0.1371
Epoch: 016/050 | Batch 1250/1289 | Loss: 0.1593
MAE/RMSE/ACC: Current Valid: 3.45/4.59/9.64 Ep. 16 | Best Valid: 3.11/4.05/9.64 | Ep. 14
Time elapsed: 39.36 min
Epoch: 017/050 | Batch 0000/1289 | Loss: 0.1622
Epoch: 017/050 | Batch 0050/1289 | Loss: 0.1450
Epoch: 017/050 | Batch 0100/1289 | Loss: 0.1540
Epoch: 017/050 | Batch 0150/1289 | Loss: 0.2348
Epoch: 017/050 | Batch 0200/1289 | Loss: 0.2162
Epoch: 017/050 | Batch 0250/1289 | Loss: 0.1386
Epoch: 017/050 | Batch 0300/1289 | Loss: 0.1135
Epoch: 017/050 | Batch 0350/1289 | Loss: 0.1682
Epoch: 017/050 | Batch 0400/1289 | Loss: 0.1275
Epoch: 017/050 | Batch 0450/1289 | Loss: 0.1501
Epoch: 017/050 | Batch 0500/1289 | Loss: 0.1741
Epoch: 017/050 | Batch 0550/1289 | Loss: 0.1846
Epoch: 017/050 | Batch 0600/1289 | Loss: 0.1938
Epoch: 017/050 | Batch 0650/1289 | Loss: 0.1893
Epoch: 017/050 | Batch 0700/1289 | Loss: 0.1700
Epoch: 017/050 | Batch 0750/1289 | Loss: 0.1414
Epoch: 017/050 | Batch 0800/1289 | Loss: 0.1621
Epoch: 017/050 | Batch 0850/1289 | Loss: 0.1906
Epoch: 017/050 | Batch 0900/1289 | Loss: 0.1676
Epoch: 017/050 | Batch 0950/1289 | Loss: 0.1495
Epoch: 017/050 | Batch 1000/1289 | Loss: 0.1762
Epoch: 017/050 | Batch 1050/1289 | Loss: 0.1622
Epoch: 017/050 | Batch 1100/1289 | Loss: 0.1381
Epoch: 017/050 | Batch 1150/1289 | Loss: 0.1922
Epoch: 017/050 | Batch 1200/1289 | Loss: 0.1215
Epoch: 017/050 | Batch 1250/1289 | Loss: 0.1640
MAE/RMSE/ACC: Current Valid: 3.35/4.42/9.64 Ep. 17 | Best Valid: 3.11/4.05/9.64 | Ep. 14
Time elapsed: 42.27 min
Epoch: 018/050 | Batch 0000/1289 | Loss: 0.1519
Epoch: 018/050 | Batch 0050/1289 | Loss: 0.1210
Epoch: 018/050 | Batch 0100/1289 | Loss: 0.1318
Epoch: 018/050 | Batch 0150/1289 | Loss: 0.1360
Epoch: 018/050 | Batch 0200/1289 | Loss: 0.2288
Epoch: 018/050 | Batch 0250/1289 | Loss: 0.1547
Epoch: 018/050 | Batch 0300/1289 | Loss: 0.1281
Epoch: 018/050 | Batch 0350/1289 | Loss: 0.1547
Epoch: 018/050 | Batch 0400/1289 | Loss: 0.1272
Epoch: 018/050 | Batch 0450/1289 | Loss: 0.1419
Epoch: 018/050 | Batch 0500/1289 | Loss: 0.1724
Epoch: 018/050 | Batch 0550/1289 | Loss: 0.1441
Epoch: 018/050 | Batch 0600/1289 | Loss: 0.1438
Epoch: 018/050 | Batch 0650/1289 | Loss: 0.2283
Epoch: 018/050 | Batch 0700/1289 | Loss: 0.1186
Epoch: 018/050 | Batch 0750/1289 | Loss: 0.2116
Epoch: 018/050 | Batch 0800/1289 | Loss: 0.1509
Epoch: 018/050 | Batch 0850/1289 | Loss: 0.1312
Epoch: 018/050 | Batch 0900/1289 | Loss: 0.2339
Epoch: 018/050 | Batch 0950/1289 | Loss: 0.1622
Epoch: 018/050 | Batch 1000/1289 | Loss: 0.1635
Epoch: 018/050 | Batch 1050/1289 | Loss: 0.1658
Epoch: 018/050 | Batch 1100/1289 | Loss: 0.1473
Epoch: 018/050 | Batch 1150/1289 | Loss: 0.1744
Epoch: 018/050 | Batch 1200/1289 | Loss: 0.1475
Epoch: 018/050 | Batch 1250/1289 | Loss: 0.1304
MAE/RMSE/ACC: Current Valid: 3.14/4.13/9.64 Ep. 18 | Best Valid: 3.11/4.05/9.64 | Ep. 14
Time elapsed: 45.14 min
Epoch: 019/050 | Batch 0000/1289 | Loss: 0.1580
Epoch: 019/050 | Batch 0050/1289 | Loss: 0.1543
Epoch: 019/050 | Batch 0100/1289 | Loss: 0.1618
Epoch: 019/050 | Batch 0150/1289 | Loss: 0.2043
Epoch: 019/050 | Batch 0200/1289 | Loss: 0.1317
Epoch: 019/050 | Batch 0250/1289 | Loss: 0.1728
Epoch: 019/050 | Batch 0300/1289 | Loss: 0.1631
Epoch: 019/050 | Batch 0350/1289 | Loss: 0.1605
Epoch: 019/050 | Batch 0400/1289 | Loss: 0.1535
Epoch: 019/050 | Batch 0450/1289 | Loss: 0.1544
Epoch: 019/050 | Batch 0500/1289 | Loss: 0.1990
Epoch: 019/050 | Batch 0550/1289 | Loss: 0.1486
Epoch: 019/050 | Batch 0600/1289 | Loss: 0.1313
Epoch: 019/050 | Batch 0650/1289 | Loss: 0.1831
Epoch: 019/050 | Batch 0700/1289 | Loss: 0.1548
Epoch: 019/050 | Batch 0750/1289 | Loss: 0.1516
Epoch: 019/050 | Batch 0800/1289 | Loss: 0.1674
Epoch: 019/050 | Batch 0850/1289 | Loss: 0.1491
Epoch: 019/050 | Batch 0900/1289 | Loss: 0.1646
Epoch: 019/050 | Batch 0950/1289 | Loss: 0.1817
Epoch: 019/050 | Batch 1000/1289 | Loss: 0.1054
Epoch: 019/050 | Batch 1050/1289 | Loss: 0.1817
Epoch: 019/050 | Batch 1100/1289 | Loss: 0.1086
Epoch: 019/050 | Batch 1150/1289 | Loss: 0.1377
Epoch: 019/050 | Batch 1200/1289 | Loss: 0.1151
Epoch: 019/050 | Batch 1250/1289 | Loss: 0.1168
MAE/RMSE/ACC: Current Valid: 3.16/4.13/9.64 Ep. 19 | Best Valid: 3.11/4.05/9.64 | Ep. 14
Time elapsed: 48.00 min
Epoch: 020/050 | Batch 0000/1289 | Loss: 0.1765
Epoch: 020/050 | Batch 0050/1289 | Loss: 0.1417
Epoch: 020/050 | Batch 0100/1289 | Loss: 0.1524
Epoch: 020/050 | Batch 0150/1289 | Loss: 0.1829
Epoch: 020/050 | Batch 0200/1289 | Loss: 0.1592
Epoch: 020/050 | Batch 0250/1289 | Loss: 0.1849
Epoch: 020/050 | Batch 0300/1289 | Loss: 0.1568
Epoch: 020/050 | Batch 0350/1289 | Loss: 0.1924
Epoch: 020/050 | Batch 0400/1289 | Loss: 0.1225
Epoch: 020/050 | Batch 0450/1289 | Loss: 0.1868
Epoch: 020/050 | Batch 0500/1289 | Loss: 0.1787
Epoch: 020/050 | Batch 0550/1289 | Loss: 0.1909
Epoch: 020/050 | Batch 0600/1289 | Loss: 0.1546
Epoch: 020/050 | Batch 0650/1289 | Loss: 0.1159
Epoch: 020/050 | Batch 0700/1289 | Loss: 0.1644
Epoch: 020/050 | Batch 0750/1289 | Loss: 0.1497
Epoch: 020/050 | Batch 0800/1289 | Loss: 0.1665
Epoch: 020/050 | Batch 0850/1289 | Loss: 0.1633
Epoch: 020/050 | Batch 0900/1289 | Loss: 0.1870
Epoch: 020/050 | Batch 0950/1289 | Loss: 0.1838
Epoch: 020/050 | Batch 1000/1289 | Loss: 0.1423
Epoch: 020/050 | Batch 1050/1289 | Loss: 0.1566
Epoch: 020/050 | Batch 1100/1289 | Loss: 0.1932
Epoch: 020/050 | Batch 1150/1289 | Loss: 0.1357
Epoch: 020/050 | Batch 1200/1289 | Loss: 0.2198
Epoch: 020/050 | Batch 1250/1289 | Loss: 0.2165
MAE/RMSE/ACC: Current Valid: 3.13/4.11/9.64 Ep. 20 | Best Valid: 3.11/4.05/9.64 | Ep. 14
Time elapsed: 50.92 min
Epoch: 021/050 | Batch 0000/1289 | Loss: 0.1125
Epoch: 021/050 | Batch 0050/1289 | Loss: 0.1570
Epoch: 021/050 | Batch 0100/1289 | Loss: 0.1681
Epoch: 021/050 | Batch 0150/1289 | Loss: 0.1857
Epoch: 021/050 | Batch 0200/1289 | Loss: 0.1358
Epoch: 021/050 | Batch 0250/1289 | Loss: 0.1547
Epoch: 021/050 | Batch 0300/1289 | Loss: 0.1412
Epoch: 021/050 | Batch 0350/1289 | Loss: 0.1644
Epoch: 021/050 | Batch 0400/1289 | Loss: 0.1247
Epoch: 021/050 | Batch 0450/1289 | Loss: 0.1249
Epoch: 021/050 | Batch 0500/1289 | Loss: 0.1247
Epoch: 021/050 | Batch 0550/1289 | Loss: 0.1575
Epoch: 021/050 | Batch 0600/1289 | Loss: 0.1841
Epoch: 021/050 | Batch 0650/1289 | Loss: 0.1465
Epoch: 021/050 | Batch 0700/1289 | Loss: 0.1465
Epoch: 021/050 | Batch 0750/1289 | Loss: 0.1266
Epoch: 021/050 | Batch 0800/1289 | Loss: 0.1637
Epoch: 021/050 | Batch 0850/1289 | Loss: 0.1311
Epoch: 021/050 | Batch 0900/1289 | Loss: 0.1832
Epoch: 021/050 | Batch 0950/1289 | Loss: 0.1607
Epoch: 021/050 | Batch 1000/1289 | Loss: 0.0936
Epoch: 021/050 | Batch 1050/1289 | Loss: 0.1497
Epoch: 021/050 | Batch 1100/1289 | Loss: 0.1327
Epoch: 021/050 | Batch 1150/1289 | Loss: 0.2052
Epoch: 021/050 | Batch 1200/1289 | Loss: 0.1245
Epoch: 021/050 | Batch 1250/1289 | Loss: 0.1775
MAE/RMSE/ACC: Current Valid: 3.63/4.74/9.64 Ep. 21 | Best Valid: 3.11/4.05/9.64 | Ep. 14
Time elapsed: 53.85 min
Epoch: 022/050 | Batch 0000/1289 | Loss: 0.1628
Epoch: 022/050 | Batch 0050/1289 | Loss: 0.1061
Epoch: 022/050 | Batch 0100/1289 | Loss: 0.0997
Epoch: 022/050 | Batch 0150/1289 | Loss: 0.1119
Epoch: 022/050 | Batch 0200/1289 | Loss: 0.1495
Epoch: 022/050 | Batch 0250/1289 | Loss: 0.1311
Epoch: 022/050 | Batch 0300/1289 | Loss: 0.1776
Epoch: 022/050 | Batch 0350/1289 | Loss: 0.1463
Epoch: 022/050 | Batch 0400/1289 | Loss: 0.1573
Epoch: 022/050 | Batch 0450/1289 | Loss: 0.0907
Epoch: 022/050 | Batch 0500/1289 | Loss: 0.1668
Epoch: 022/050 | Batch 0550/1289 | Loss: 0.1285
Epoch: 022/050 | Batch 0600/1289 | Loss: 0.1906
Epoch: 022/050 | Batch 0650/1289 | Loss: 0.1695
Epoch: 022/050 | Batch 0700/1289 | Loss: 0.1465
Epoch: 022/050 | Batch 0750/1289 | Loss: 0.1319
Epoch: 022/050 | Batch 0800/1289 | Loss: 0.1513
Epoch: 022/050 | Batch 0850/1289 | Loss: 0.1435
Epoch: 022/050 | Batch 0900/1289 | Loss: 0.1990
Epoch: 022/050 | Batch 0950/1289 | Loss: 0.1476
Epoch: 022/050 | Batch 1000/1289 | Loss: 0.1804
Epoch: 022/050 | Batch 1050/1289 | Loss: 0.1640
Epoch: 022/050 | Batch 1100/1289 | Loss: 0.1130
Epoch: 022/050 | Batch 1150/1289 | Loss: 0.1541
Epoch: 022/050 | Batch 1200/1289 | Loss: 0.1641
Epoch: 022/050 | Batch 1250/1289 | Loss: 0.1249
MAE/RMSE/ACC: Current Valid: 3.21/4.28/9.64 Ep. 22 | Best Valid: 3.11/4.05/9.64 | Ep. 14
Time elapsed: 56.77 min
Epoch: 023/050 | Batch 0000/1289 | Loss: 0.1183
Epoch: 023/050 | Batch 0050/1289 | Loss: 0.0936
Epoch: 023/050 | Batch 0100/1289 | Loss: 0.1606
Epoch: 023/050 | Batch 0150/1289 | Loss: 0.1142
Epoch: 023/050 | Batch 0200/1289 | Loss: 0.1239
Epoch: 023/050 | Batch 0250/1289 | Loss: 0.1314
Epoch: 023/050 | Batch 0300/1289 | Loss: 0.1015
Epoch: 023/050 | Batch 0350/1289 | Loss: 0.1509
Epoch: 023/050 | Batch 0400/1289 | Loss: 0.1516
Epoch: 023/050 | Batch 0450/1289 | Loss: 0.1032
Epoch: 023/050 | Batch 0500/1289 | Loss: 0.1424
Epoch: 023/050 | Batch 0550/1289 | Loss: 0.1378
Epoch: 023/050 | Batch 0600/1289 | Loss: 0.1075
Epoch: 023/050 | Batch 0650/1289 | Loss: 0.1640
Epoch: 023/050 | Batch 0700/1289 | Loss: 0.1308
Epoch: 023/050 | Batch 0750/1289 | Loss: 0.1508
Epoch: 023/050 | Batch 0800/1289 | Loss: 0.1736
Epoch: 023/050 | Batch 0850/1289 | Loss: 0.1560
Epoch: 023/050 | Batch 0900/1289 | Loss: 0.1493
Epoch: 023/050 | Batch 0950/1289 | Loss: 0.1495
Epoch: 023/050 | Batch 1000/1289 | Loss: 0.1210
Epoch: 023/050 | Batch 1050/1289 | Loss: 0.1999
Epoch: 023/050 | Batch 1100/1289 | Loss: 0.1205
Epoch: 023/050 | Batch 1150/1289 | Loss: 0.1269
Epoch: 023/050 | Batch 1200/1289 | Loss: 0.1449
Epoch: 023/050 | Batch 1250/1289 | Loss: 0.1547
MAE/RMSE/ACC: Current Valid: 3.23/4.31/9.64 Ep. 23 | Best Valid: 3.11/4.05/9.64 | Ep. 14
Time elapsed: 59.77 min
Epoch: 024/050 | Batch 0000/1289 | Loss: 0.1492
Epoch: 024/050 | Batch 0050/1289 | Loss: 0.1239
Epoch: 024/050 | Batch 0100/1289 | Loss: 0.1314
Epoch: 024/050 | Batch 0150/1289 | Loss: 0.1228
Epoch: 024/050 | Batch 0200/1289 | Loss: 0.1278
Epoch: 024/050 | Batch 0250/1289 | Loss: 0.1156
Epoch: 024/050 | Batch 0300/1289 | Loss: 0.1168
Epoch: 024/050 | Batch 0350/1289 | Loss: 0.1260
Epoch: 024/050 | Batch 0400/1289 | Loss: 0.1172
Epoch: 024/050 | Batch 0450/1289 | Loss: 0.1350
Epoch: 024/050 | Batch 0500/1289 | Loss: 0.1310
Epoch: 024/050 | Batch 0550/1289 | Loss: 0.1415
Epoch: 024/050 | Batch 0600/1289 | Loss: 0.1785
Epoch: 024/050 | Batch 0650/1289 | Loss: 0.1141
Epoch: 024/050 | Batch 0700/1289 | Loss: 0.1107
Epoch: 024/050 | Batch 0750/1289 | Loss: 0.1444
Epoch: 024/050 | Batch 0800/1289 | Loss: 0.1438
Epoch: 024/050 | Batch 0850/1289 | Loss: 0.1345
Epoch: 024/050 | Batch 0900/1289 | Loss: 0.1758
Epoch: 024/050 | Batch 0950/1289 | Loss: 0.1044
Epoch: 024/050 | Batch 1000/1289 | Loss: 0.1938
Epoch: 024/050 | Batch 1050/1289 | Loss: 0.2664
Epoch: 024/050 | Batch 1100/1289 | Loss: 0.1490
Epoch: 024/050 | Batch 1150/1289 | Loss: 0.0851
Epoch: 024/050 | Batch 1200/1289 | Loss: 0.1373
Epoch: 024/050 | Batch 1250/1289 | Loss: 0.1358
MAE/RMSE/ACC: Current Valid: 3.05/4.00/10.96 Ep. 24 | Best Valid: 3.05/4.00/10.96 | Ep. 24
Time elapsed: 62.76 min
Epoch: 025/050 | Batch 0000/1289 | Loss: 0.1292
Epoch: 025/050 | Batch 0050/1289 | Loss: 0.1101
Epoch: 025/050 | Batch 0100/1289 | Loss: 0.1142
Epoch: 025/050 | Batch 0150/1289 | Loss: 0.1551
Epoch: 025/050 | Batch 0200/1289 | Loss: 0.1763
Epoch: 025/050 | Batch 0250/1289 | Loss: 0.1201
Epoch: 025/050 | Batch 0300/1289 | Loss: 0.1681
Epoch: 025/050 | Batch 0350/1289 | Loss: 0.1262
Epoch: 025/050 | Batch 0400/1289 | Loss: 0.1345
Epoch: 025/050 | Batch 0450/1289 | Loss: 0.1596
Epoch: 025/050 | Batch 0500/1289 | Loss: 0.1152
Epoch: 025/050 | Batch 0550/1289 | Loss: 0.1439
Epoch: 025/050 | Batch 0600/1289 | Loss: 0.0997
Epoch: 025/050 | Batch 0650/1289 | Loss: 0.1595
Epoch: 025/050 | Batch 0700/1289 | Loss: 0.0966
Epoch: 025/050 | Batch 0750/1289 | Loss: 0.1323
Epoch: 025/050 | Batch 0800/1289 | Loss: 0.1085
Epoch: 025/050 | Batch 0850/1289 | Loss: 0.1178
Epoch: 025/050 | Batch 0900/1289 | Loss: 0.1151
Epoch: 025/050 | Batch 0950/1289 | Loss: 0.1390
Epoch: 025/050 | Batch 1000/1289 | Loss: 0.1186
Epoch: 025/050 | Batch 1050/1289 | Loss: 0.1544
Epoch: 025/050 | Batch 1100/1289 | Loss: 0.1176
Epoch: 025/050 | Batch 1150/1289 | Loss: 0.1934
Epoch: 025/050 | Batch 1200/1289 | Loss: 0.1254
Epoch: 025/050 | Batch 1250/1289 | Loss: 0.1206
MAE/RMSE/ACC: Current Valid: 3.25/4.39/10.96 Ep. 25 | Best Valid: 3.05/4.00/10.96 | Ep. 24
Time elapsed: 65.77 min
Epoch: 026/050 | Batch 0000/1289 | Loss: 0.1557
Epoch: 026/050 | Batch 0050/1289 | Loss: 0.1823
Epoch: 026/050 | Batch 0100/1289 | Loss: 0.1439
Epoch: 026/050 | Batch 0150/1289 | Loss: 0.1346
Epoch: 026/050 | Batch 0200/1289 | Loss: 0.1125
Epoch: 026/050 | Batch 0250/1289 | Loss: 0.1704
Epoch: 026/050 | Batch 0300/1289 | Loss: 0.1416
Epoch: 026/050 | Batch 0350/1289 | Loss: 0.1109
Epoch: 026/050 | Batch 0400/1289 | Loss: 0.1299
Epoch: 026/050 | Batch 0450/1289 | Loss: 0.1633
Epoch: 026/050 | Batch 0500/1289 | Loss: 0.1137
Epoch: 026/050 | Batch 0550/1289 | Loss: 0.1215
Epoch: 026/050 | Batch 0600/1289 | Loss: 0.1244
Epoch: 026/050 | Batch 0650/1289 | Loss: 0.0916
Epoch: 026/050 | Batch 0700/1289 | Loss: 0.1313
Epoch: 026/050 | Batch 0750/1289 | Loss: 0.1504
Epoch: 026/050 | Batch 0800/1289 | Loss: 0.1271
Epoch: 026/050 | Batch 0850/1289 | Loss: 0.1144
Epoch: 026/050 | Batch 0900/1289 | Loss: 0.1383
Epoch: 026/050 | Batch 0950/1289 | Loss: 0.1043
Epoch: 026/050 | Batch 1000/1289 | Loss: 0.1654
Epoch: 026/050 | Batch 1050/1289 | Loss: 0.1136
Epoch: 026/050 | Batch 1100/1289 | Loss: 0.1393
Epoch: 026/050 | Batch 1150/1289 | Loss: 0.1354
Epoch: 026/050 | Batch 1200/1289 | Loss: 0.1293
Epoch: 026/050 | Batch 1250/1289 | Loss: 0.1075
MAE/RMSE/ACC: Current Valid: 2.98/3.95/12.01 Ep. 26 | Best Valid: 2.98/3.95/12.01 | Ep. 26
Time elapsed: 68.74 min
Epoch: 027/050 | Batch 0000/1289 | Loss: 0.1547
Epoch: 027/050 | Batch 0050/1289 | Loss: 0.1022
Epoch: 027/050 | Batch 0100/1289 | Loss: 0.1570
Epoch: 027/050 | Batch 0150/1289 | Loss: 0.1499
Epoch: 027/050 | Batch 0200/1289 | Loss: 0.1045
Epoch: 027/050 | Batch 0250/1289 | Loss: 0.1666
Epoch: 027/050 | Batch 0300/1289 | Loss: 0.1204
Epoch: 027/050 | Batch 0350/1289 | Loss: 0.1210
Epoch: 027/050 | Batch 0400/1289 | Loss: 0.1103
Epoch: 027/050 | Batch 0450/1289 | Loss: 0.1605
Epoch: 027/050 | Batch 0500/1289 | Loss: 0.1707
Epoch: 027/050 | Batch 0550/1289 | Loss: 0.1486
Epoch: 027/050 | Batch 0600/1289 | Loss: 0.1222
Epoch: 027/050 | Batch 0650/1289 | Loss: 0.1346
Epoch: 027/050 | Batch 0700/1289 | Loss: 0.1069
Epoch: 027/050 | Batch 0750/1289 | Loss: 0.1594
Epoch: 027/050 | Batch 0800/1289 | Loss: 0.1544
Epoch: 027/050 | Batch 0850/1289 | Loss: 0.1295
Epoch: 027/050 | Batch 0900/1289 | Loss: 0.1351
Epoch: 027/050 | Batch 0950/1289 | Loss: 0.1715
Epoch: 027/050 | Batch 1000/1289 | Loss: 0.1163
Epoch: 027/050 | Batch 1050/1289 | Loss: 0.1117
Epoch: 027/050 | Batch 1100/1289 | Loss: 0.0882
Epoch: 027/050 | Batch 1150/1289 | Loss: 0.1574
Epoch: 027/050 | Batch 1200/1289 | Loss: 0.1188
Epoch: 027/050 | Batch 1250/1289 | Loss: 0.2023
MAE/RMSE/ACC: Current Valid: 3.17/4.25/12.01 Ep. 27 | Best Valid: 2.98/3.95/12.01 | Ep. 26
Time elapsed: 71.82 min
Epoch: 028/050 | Batch 0000/1289 | Loss: 0.1042
Epoch: 028/050 | Batch 0050/1289 | Loss: 0.0990
Epoch: 028/050 | Batch 0100/1289 | Loss: 0.0974
Epoch: 028/050 | Batch 0150/1289 | Loss: 0.1024
Epoch: 028/050 | Batch 0200/1289 | Loss: 0.1461
Epoch: 028/050 | Batch 0250/1289 | Loss: 0.1619
Epoch: 028/050 | Batch 0300/1289 | Loss: 0.1569
Epoch: 028/050 | Batch 0350/1289 | Loss: 0.1154
Epoch: 028/050 | Batch 0400/1289 | Loss: 0.0984
Epoch: 028/050 | Batch 0450/1289 | Loss: 0.1023
Epoch: 028/050 | Batch 0500/1289 | Loss: 0.1909
Epoch: 028/050 | Batch 0550/1289 | Loss: 0.1155
Epoch: 028/050 | Batch 0600/1289 | Loss: 0.1284
Epoch: 028/050 | Batch 0650/1289 | Loss: 0.0952
Epoch: 028/050 | Batch 0700/1289 | Loss: 0.1055
Epoch: 028/050 | Batch 0750/1289 | Loss: 0.0853
Epoch: 028/050 | Batch 0800/1289 | Loss: 0.1128
Epoch: 028/050 | Batch 0850/1289 | Loss: 0.1067
Epoch: 028/050 | Batch 0900/1289 | Loss: 0.1125
Epoch: 028/050 | Batch 0950/1289 | Loss: 0.1568
Epoch: 028/050 | Batch 1000/1289 | Loss: 0.1363
Epoch: 028/050 | Batch 1050/1289 | Loss: 0.0868
Epoch: 028/050 | Batch 1100/1289 | Loss: 0.1351
Epoch: 028/050 | Batch 1150/1289 | Loss: 0.1091
Epoch: 028/050 | Batch 1200/1289 | Loss: 0.1532
Epoch: 028/050 | Batch 1250/1289 | Loss: 0.1317
MAE/RMSE/ACC: Current Valid: 3.35/4.57/12.01 Ep. 28 | Best Valid: 2.98/3.95/12.01 | Ep. 26
Time elapsed: 74.41 min
Epoch: 029/050 | Batch 0000/1289 | Loss: 0.1196
Epoch: 029/050 | Batch 0050/1289 | Loss: 0.1066
Epoch: 029/050 | Batch 0100/1289 | Loss: 0.1161
Epoch: 029/050 | Batch 0150/1289 | Loss: 0.0904
Epoch: 029/050 | Batch 0200/1289 | Loss: 0.0796
Epoch: 029/050 | Batch 0250/1289 | Loss: 0.1309
Epoch: 029/050 | Batch 0300/1289 | Loss: 0.1191
Epoch: 029/050 | Batch 0350/1289 | Loss: 0.0951
Epoch: 029/050 | Batch 0400/1289 | Loss: 0.1398
Epoch: 029/050 | Batch 0450/1289 | Loss: 0.1324
Epoch: 029/050 | Batch 0500/1289 | Loss: 0.0960
Epoch: 029/050 | Batch 0550/1289 | Loss: 0.1109
Epoch: 029/050 | Batch 0600/1289 | Loss: 0.1046
Epoch: 029/050 | Batch 0650/1289 | Loss: 0.1223
Epoch: 029/050 | Batch 0700/1289 | Loss: 0.1104
Epoch: 029/050 | Batch 0750/1289 | Loss: 0.0946
Epoch: 029/050 | Batch 0800/1289 | Loss: 0.1187
Epoch: 029/050 | Batch 0850/1289 | Loss: 0.1193
Epoch: 029/050 | Batch 0900/1289 | Loss: 0.1039
Epoch: 029/050 | Batch 0950/1289 | Loss: 0.1116
Epoch: 029/050 | Batch 1000/1289 | Loss: 0.1129
Epoch: 029/050 | Batch 1050/1289 | Loss: 0.1487
Epoch: 029/050 | Batch 1100/1289 | Loss: 0.1000
Epoch: 029/050 | Batch 1150/1289 | Loss: 0.1152
Epoch: 029/050 | Batch 1200/1289 | Loss: 0.1337
Epoch: 029/050 | Batch 1250/1289 | Loss: 0.1303
MAE/RMSE/ACC: Current Valid: 3.29/4.33/12.01 Ep. 29 | Best Valid: 2.98/3.95/12.01 | Ep. 26
Time elapsed: 76.83 min
Epoch: 030/050 | Batch 0000/1289 | Loss: 0.1271
Epoch: 030/050 | Batch 0050/1289 | Loss: 0.1065
Epoch: 030/050 | Batch 0100/1289 | Loss: 0.0989
Epoch: 030/050 | Batch 0150/1289 | Loss: 0.1549
Epoch: 030/050 | Batch 0200/1289 | Loss: 0.1292
Epoch: 030/050 | Batch 0250/1289 | Loss: 0.1259
Epoch: 030/050 | Batch 0300/1289 | Loss: 0.0715
Epoch: 030/050 | Batch 0350/1289 | Loss: 0.1102
Epoch: 030/050 | Batch 0400/1289 | Loss: 0.0894
Epoch: 030/050 | Batch 0450/1289 | Loss: 0.1152
Epoch: 030/050 | Batch 0500/1289 | Loss: 0.1002
Epoch: 030/050 | Batch 0550/1289 | Loss: 0.0982
Epoch: 030/050 | Batch 0600/1289 | Loss: 0.1431
Epoch: 030/050 | Batch 0650/1289 | Loss: 0.1093
Epoch: 030/050 | Batch 0700/1289 | Loss: 0.0989
Epoch: 030/050 | Batch 0750/1289 | Loss: 0.1365
Epoch: 030/050 | Batch 0800/1289 | Loss: 0.1163
Epoch: 030/050 | Batch 0850/1289 | Loss: 0.0844
Epoch: 030/050 | Batch 0900/1289 | Loss: 0.1167
Epoch: 030/050 | Batch 0950/1289 | Loss: 0.1192
Epoch: 030/050 | Batch 1000/1289 | Loss: 0.1247
Epoch: 030/050 | Batch 1050/1289 | Loss: 0.1341
Epoch: 030/050 | Batch 1100/1289 | Loss: 0.0913
Epoch: 030/050 | Batch 1150/1289 | Loss: 0.1198
Epoch: 030/050 | Batch 1200/1289 | Loss: 0.1343
Epoch: 030/050 | Batch 1250/1289 | Loss: 0.1690
MAE/RMSE/ACC: Current Valid: 3.25/4.28/12.01 Ep. 30 | Best Valid: 2.98/3.95/12.01 | Ep. 26
Time elapsed: 79.43 min
Epoch: 031/050 | Batch 0000/1289 | Loss: 0.1160
Epoch: 031/050 | Batch 0050/1289 | Loss: 0.1331
Epoch: 031/050 | Batch 0100/1289 | Loss: 0.1550
Epoch: 031/050 | Batch 0150/1289 | Loss: 0.1119
Epoch: 031/050 | Batch 0200/1289 | Loss: 0.1180
Epoch: 031/050 | Batch 0250/1289 | Loss: 0.1008
Epoch: 031/050 | Batch 0300/1289 | Loss: 0.1184
Epoch: 031/050 | Batch 0350/1289 | Loss: 0.0820
Epoch: 031/050 | Batch 0400/1289 | Loss: 0.1174
Epoch: 031/050 | Batch 0450/1289 | Loss: 0.0992
Epoch: 031/050 | Batch 0500/1289 | Loss: 0.1492
Epoch: 031/050 | Batch 0550/1289 | Loss: 0.1484
Epoch: 031/050 | Batch 0600/1289 | Loss: 0.1432
Epoch: 031/050 | Batch 0650/1289 | Loss: 0.0975
Epoch: 031/050 | Batch 0700/1289 | Loss: 0.1052
Epoch: 031/050 | Batch 0750/1289 | Loss: 0.0988
Epoch: 031/050 | Batch 0800/1289 | Loss: 0.1165
Epoch: 031/050 | Batch 0850/1289 | Loss: 0.1030
Epoch: 031/050 | Batch 0900/1289 | Loss: 0.0996
Epoch: 031/050 | Batch 0950/1289 | Loss: 0.1527
Epoch: 031/050 | Batch 1000/1289 | Loss: 0.1276
Epoch: 031/050 | Batch 1050/1289 | Loss: 0.1298
Epoch: 031/050 | Batch 1100/1289 | Loss: 0.1104
Epoch: 031/050 | Batch 1150/1289 | Loss: 0.0936
Epoch: 031/050 | Batch 1200/1289 | Loss: 0.1410
Epoch: 031/050 | Batch 1250/1289 | Loss: 0.1532
MAE/RMSE/ACC: Current Valid: 3.01/3.97/12.01 Ep. 31 | Best Valid: 2.98/3.95/12.01 | Ep. 26
Time elapsed: 82.08 min
Epoch: 032/050 | Batch 0000/1289 | Loss: 0.1028
Epoch: 032/050 | Batch 0050/1289 | Loss: 0.1172
Epoch: 032/050 | Batch 0100/1289 | Loss: 0.1171
Epoch: 032/050 | Batch 0150/1289 | Loss: 0.1356
Epoch: 032/050 | Batch 0200/1289 | Loss: 0.1013
Epoch: 032/050 | Batch 0250/1289 | Loss: 0.0828
Epoch: 032/050 | Batch 0300/1289 | Loss: 0.1572
Epoch: 032/050 | Batch 0350/1289 | Loss: 0.1267
Epoch: 032/050 | Batch 0400/1289 | Loss: 0.1253
Epoch: 032/050 | Batch 0450/1289 | Loss: 0.1252
Epoch: 032/050 | Batch 0500/1289 | Loss: 0.1259
Epoch: 032/050 | Batch 0550/1289 | Loss: 0.0996
Epoch: 032/050 | Batch 0600/1289 | Loss: 0.1317
Epoch: 032/050 | Batch 0650/1289 | Loss: 0.1103
Epoch: 032/050 | Batch 0700/1289 | Loss: 0.1193
Epoch: 032/050 | Batch 0750/1289 | Loss: 0.0925
Epoch: 032/050 | Batch 0800/1289 | Loss: 0.1219
Epoch: 032/050 | Batch 0850/1289 | Loss: 0.1063
Epoch: 032/050 | Batch 0900/1289 | Loss: 0.1506
Epoch: 032/050 | Batch 0950/1289 | Loss: 0.1083
Epoch: 032/050 | Batch 1000/1289 | Loss: 0.1053
Epoch: 032/050 | Batch 1050/1289 | Loss: 0.1082
Epoch: 032/050 | Batch 1100/1289 | Loss: 0.0910
Epoch: 032/050 | Batch 1150/1289 | Loss: 0.1086
Epoch: 032/050 | Batch 1200/1289 | Loss: 0.0960
Epoch: 032/050 | Batch 1250/1289 | Loss: 0.1376
MAE/RMSE/ACC: Current Valid: 3.49/4.61/12.01 Ep. 32 | Best Valid: 2.98/3.95/12.01 | Ep. 26
Time elapsed: 84.75 min
Epoch: 033/050 | Batch 0000/1289 | Loss: 0.1223
Epoch: 033/050 | Batch 0050/1289 | Loss: 0.0970
Epoch: 033/050 | Batch 0100/1289 | Loss: 0.1274
Epoch: 033/050 | Batch 0150/1289 | Loss: 0.0773
Epoch: 033/050 | Batch 0200/1289 | Loss: 0.0875
Epoch: 033/050 | Batch 0250/1289 | Loss: 0.0924
Epoch: 033/050 | Batch 0300/1289 | Loss: 0.0938
Epoch: 033/050 | Batch 0350/1289 | Loss: 0.0826
Epoch: 033/050 | Batch 0400/1289 | Loss: 0.1187
Epoch: 033/050 | Batch 0450/1289 | Loss: 0.1161
Epoch: 033/050 | Batch 0500/1289 | Loss: 0.1106
Epoch: 033/050 | Batch 0550/1289 | Loss: 0.1451
Epoch: 033/050 | Batch 0600/1289 | Loss: 0.1741
Epoch: 033/050 | Batch 0650/1289 | Loss: 0.1546
Epoch: 033/050 | Batch 0700/1289 | Loss: 0.1021
Epoch: 033/050 | Batch 0750/1289 | Loss: 0.1249
Epoch: 033/050 | Batch 0800/1289 | Loss: 0.0965
Epoch: 033/050 | Batch 0850/1289 | Loss: 0.1016
Epoch: 033/050 | Batch 0900/1289 | Loss: 0.1379
Epoch: 033/050 | Batch 0950/1289 | Loss: 0.0736
Epoch: 033/050 | Batch 1000/1289 | Loss: 0.1265
Epoch: 033/050 | Batch 1050/1289 | Loss: 0.0929
Epoch: 033/050 | Batch 1100/1289 | Loss: 0.1076
Epoch: 033/050 | Batch 1150/1289 | Loss: 0.0805
Epoch: 033/050 | Batch 1200/1289 | Loss: 0.0992
Epoch: 033/050 | Batch 1250/1289 | Loss: 0.0833
MAE/RMSE/ACC: Current Valid: 3.51/4.68/12.01 Ep. 33 | Best Valid: 2.98/3.95/12.01 | Ep. 26
Time elapsed: 87.39 min
Epoch: 034/050 | Batch 0000/1289 | Loss: 0.1254
Epoch: 034/050 | Batch 0050/1289 | Loss: 0.1101
Epoch: 034/050 | Batch 0100/1289 | Loss: 0.1265
Epoch: 034/050 | Batch 0150/1289 | Loss: 0.0961
Epoch: 034/050 | Batch 0200/1289 | Loss: 0.1361
Epoch: 034/050 | Batch 0250/1289 | Loss: 0.1107
Epoch: 034/050 | Batch 0300/1289 | Loss: 0.1096
Epoch: 034/050 | Batch 0350/1289 | Loss: 0.1007
Epoch: 034/050 | Batch 0400/1289 | Loss: 0.1457
Epoch: 034/050 | Batch 0450/1289 | Loss: 0.1017
Epoch: 034/050 | Batch 0500/1289 | Loss: 0.1214
Epoch: 034/050 | Batch 0550/1289 | Loss: 0.1426
Epoch: 034/050 | Batch 0600/1289 | Loss: 0.1087
Epoch: 034/050 | Batch 0650/1289 | Loss: 0.0916
Epoch: 034/050 | Batch 0700/1289 | Loss: 0.0998
Epoch: 034/050 | Batch 0750/1289 | Loss: 0.1119
Epoch: 034/050 | Batch 0800/1289 | Loss: 0.1251
Epoch: 034/050 | Batch 0850/1289 | Loss: 0.1085
Epoch: 034/050 | Batch 0900/1289 | Loss: 0.0769
Epoch: 034/050 | Batch 0950/1289 | Loss: 0.1173
Epoch: 034/050 | Batch 1000/1289 | Loss: 0.0975
Epoch: 034/050 | Batch 1050/1289 | Loss: 0.1119
Epoch: 034/050 | Batch 1100/1289 | Loss: 0.1288
Epoch: 034/050 | Batch 1150/1289 | Loss: 0.1262
Epoch: 034/050 | Batch 1200/1289 | Loss: 0.0919
Epoch: 034/050 | Batch 1250/1289 | Loss: 0.0985
MAE/RMSE/ACC: Current Valid: 3.30/4.43/12.01 Ep. 34 | Best Valid: 2.98/3.95/12.01 | Ep. 26
Time elapsed: 89.89 min
Epoch: 035/050 | Batch 0000/1289 | Loss: 0.1149
Epoch: 035/050 | Batch 0050/1289 | Loss: 0.1075
Epoch: 035/050 | Batch 0100/1289 | Loss: 0.1033
Epoch: 035/050 | Batch 0150/1289 | Loss: 0.0953
Epoch: 035/050 | Batch 0200/1289 | Loss: 0.0703
Epoch: 035/050 | Batch 0250/1289 | Loss: 0.1162
Epoch: 035/050 | Batch 0300/1289 | Loss: 0.1048
Epoch: 035/050 | Batch 0350/1289 | Loss: 0.0929
Epoch: 035/050 | Batch 0400/1289 | Loss: 0.1022
Epoch: 035/050 | Batch 0450/1289 | Loss: 0.0860
Epoch: 035/050 | Batch 0500/1289 | Loss: 0.0822
Epoch: 035/050 | Batch 0550/1289 | Loss: 0.1046
Epoch: 035/050 | Batch 0600/1289 | Loss: 0.1052
Epoch: 035/050 | Batch 0650/1289 | Loss: 0.1309
Epoch: 035/050 | Batch 0700/1289 | Loss: 0.0880
Epoch: 035/050 | Batch 0750/1289 | Loss: 0.0620
Epoch: 035/050 | Batch 0800/1289 | Loss: 0.0751
Epoch: 035/050 | Batch 0850/1289 | Loss: 0.0931
Epoch: 035/050 | Batch 0900/1289 | Loss: 0.0774
Epoch: 035/050 | Batch 0950/1289 | Loss: 0.0861
Epoch: 035/050 | Batch 1000/1289 | Loss: 0.0887
Epoch: 035/050 | Batch 1050/1289 | Loss: 0.0834
Epoch: 035/050 | Batch 1100/1289 | Loss: 0.0855
Epoch: 035/050 | Batch 1150/1289 | Loss: 0.1180
Epoch: 035/050 | Batch 1200/1289 | Loss: 0.1018
Epoch: 035/050 | Batch 1250/1289 | Loss: 0.0903
MAE/RMSE/ACC: Current Valid: 3.05/4.09/12.01 Ep. 35 | Best Valid: 2.98/3.95/12.01 | Ep. 26
Time elapsed: 92.41 min
Epoch: 036/050 | Batch 0000/1289 | Loss: 0.0717
Epoch: 036/050 | Batch 0050/1289 | Loss: 0.0652
Epoch: 036/050 | Batch 0100/1289 | Loss: 0.1763
Epoch: 036/050 | Batch 0150/1289 | Loss: 0.1284
Epoch: 036/050 | Batch 0200/1289 | Loss: 0.1271
Epoch: 036/050 | Batch 0250/1289 | Loss: 0.1053
Epoch: 036/050 | Batch 0300/1289 | Loss: 0.1157
Epoch: 036/050 | Batch 0350/1289 | Loss: 0.0974
Epoch: 036/050 | Batch 0400/1289 | Loss: 0.0815
Epoch: 036/050 | Batch 0450/1289 | Loss: 0.0807
Epoch: 036/050 | Batch 0500/1289 | Loss: 0.0994
Epoch: 036/050 | Batch 0550/1289 | Loss: 0.0991
Epoch: 036/050 | Batch 0600/1289 | Loss: 0.0791
Epoch: 036/050 | Batch 0650/1289 | Loss: 0.1050
Epoch: 036/050 | Batch 0700/1289 | Loss: 0.0876
Epoch: 036/050 | Batch 0750/1289 | Loss: 0.1393
Epoch: 036/050 | Batch 0800/1289 | Loss: 0.0935
Epoch: 036/050 | Batch 0850/1289 | Loss: 0.1331
Epoch: 036/050 | Batch 0900/1289 | Loss: 0.0842
Epoch: 036/050 | Batch 0950/1289 | Loss: 0.1209
Epoch: 036/050 | Batch 1000/1289 | Loss: 0.0953
Epoch: 036/050 | Batch 1050/1289 | Loss: 0.1195
Epoch: 036/050 | Batch 1100/1289 | Loss: 0.1077
Epoch: 036/050 | Batch 1150/1289 | Loss: 0.1063
Epoch: 036/050 | Batch 1200/1289 | Loss: 0.1042
Epoch: 036/050 | Batch 1250/1289 | Loss: 0.0956
MAE/RMSE/ACC: Current Valid: 3.39/4.53/12.01 Ep. 36 | Best Valid: 2.98/3.95/12.01 | Ep. 26
Time elapsed: 94.99 min
Epoch: 037/050 | Batch 0000/1289 | Loss: 0.1081
Epoch: 037/050 | Batch 0050/1289 | Loss: 0.0855
Epoch: 037/050 | Batch 0100/1289 | Loss: 0.0827
Epoch: 037/050 | Batch 0150/1289 | Loss: 0.1613
Epoch: 037/050 | Batch 0200/1289 | Loss: 0.0898
Epoch: 037/050 | Batch 0250/1289 | Loss: 0.1028
Epoch: 037/050 | Batch 0300/1289 | Loss: 0.1207
Epoch: 037/050 | Batch 0350/1289 | Loss: 0.0551
Epoch: 037/050 | Batch 0400/1289 | Loss: 0.0955
Epoch: 037/050 | Batch 0450/1289 | Loss: 0.1390
Epoch: 037/050 | Batch 0500/1289 | Loss: 0.1114
Epoch: 037/050 | Batch 0550/1289 | Loss: 0.0929
Epoch: 037/050 | Batch 0600/1289 | Loss: 0.1027
Epoch: 037/050 | Batch 0650/1289 | Loss: 0.1030
Epoch: 037/050 | Batch 0700/1289 | Loss: 0.1005
Epoch: 037/050 | Batch 0750/1289 | Loss: 0.0807
Epoch: 037/050 | Batch 0800/1289 | Loss: 0.0908
Epoch: 037/050 | Batch 0850/1289 | Loss: 0.0756
Epoch: 037/050 | Batch 0900/1289 | Loss: 0.1287
Epoch: 037/050 | Batch 0950/1289 | Loss: 0.1045
Epoch: 037/050 | Batch 1000/1289 | Loss: 0.0890
Epoch: 037/050 | Batch 1050/1289 | Loss: 0.0878
Epoch: 037/050 | Batch 1100/1289 | Loss: 0.1038
Epoch: 037/050 | Batch 1150/1289 | Loss: 0.1033
Epoch: 037/050 | Batch 1200/1289 | Loss: 0.0917
Epoch: 037/050 | Batch 1250/1289 | Loss: 0.0755
MAE/RMSE/ACC: Current Valid: 2.99/3.99/12.01 Ep. 37 | Best Valid: 2.98/3.95/12.01 | Ep. 26
Time elapsed: 97.60 min
Epoch: 038/050 | Batch 0000/1289 | Loss: 0.1100
Epoch: 038/050 | Batch 0050/1289 | Loss: 0.0706
Epoch: 038/050 | Batch 0100/1289 | Loss: 0.0784
Epoch: 038/050 | Batch 0150/1289 | Loss: 0.1078
Epoch: 038/050 | Batch 0200/1289 | Loss: 0.1347
Epoch: 038/050 | Batch 0250/1289 | Loss: 0.0987
Epoch: 038/050 | Batch 0300/1289 | Loss: 0.0728
Epoch: 038/050 | Batch 0350/1289 | Loss: 0.1046
Epoch: 038/050 | Batch 0400/1289 | Loss: 0.1163
Epoch: 038/050 | Batch 0450/1289 | Loss: 0.1055
Epoch: 038/050 | Batch 0500/1289 | Loss: 0.0828
Epoch: 038/050 | Batch 0550/1289 | Loss: 0.1248
Epoch: 038/050 | Batch 0600/1289 | Loss: 0.0740
Epoch: 038/050 | Batch 0650/1289 | Loss: 0.0714
Epoch: 038/050 | Batch 0700/1289 | Loss: 0.0770
Epoch: 038/050 | Batch 0750/1289 | Loss: 0.0937
Epoch: 038/050 | Batch 0800/1289 | Loss: 0.0979
Epoch: 038/050 | Batch 0850/1289 | Loss: 0.0653
Epoch: 038/050 | Batch 0900/1289 | Loss: 0.1125
Epoch: 038/050 | Batch 0950/1289 | Loss: 0.0872
Epoch: 038/050 | Batch 1000/1289 | Loss: 0.0841
Epoch: 038/050 | Batch 1050/1289 | Loss: 0.0796
Epoch: 038/050 | Batch 1100/1289 | Loss: 0.0840
Epoch: 038/050 | Batch 1150/1289 | Loss: 0.0925
Epoch: 038/050 | Batch 1200/1289 | Loss: 0.1034
Epoch: 038/050 | Batch 1250/1289 | Loss: 0.0978
MAE/RMSE/ACC: Current Valid: 3.01/3.98/12.01 Ep. 38 | Best Valid: 2.98/3.95/12.01 | Ep. 26
Time elapsed: 100.21 min
Epoch: 039/050 | Batch 0000/1289 | Loss: 0.0643
Epoch: 039/050 | Batch 0050/1289 | Loss: 0.1189
Epoch: 039/050 | Batch 0100/1289 | Loss: 0.0981
Epoch: 039/050 | Batch 0150/1289 | Loss: 0.1168
Epoch: 039/050 | Batch 0200/1289 | Loss: 0.0855
Epoch: 039/050 | Batch 0250/1289 | Loss: 0.1081
Epoch: 039/050 | Batch 0300/1289 | Loss: 0.0850
Epoch: 039/050 | Batch 0350/1289 | Loss: 0.0854
Epoch: 039/050 | Batch 0400/1289 | Loss: 0.0813
Epoch: 039/050 | Batch 0450/1289 | Loss: 0.0944
Epoch: 039/050 | Batch 0500/1289 | Loss: 0.0776
Epoch: 039/050 | Batch 0550/1289 | Loss: 0.0942
Epoch: 039/050 | Batch 0600/1289 | Loss: 0.0716
Epoch: 039/050 | Batch 0650/1289 | Loss: 0.0825
Epoch: 039/050 | Batch 0700/1289 | Loss: 0.0746
Epoch: 039/050 | Batch 0750/1289 | Loss: 0.0813
Epoch: 039/050 | Batch 0800/1289 | Loss: 0.0861
Epoch: 039/050 | Batch 0850/1289 | Loss: 0.1298
Epoch: 039/050 | Batch 0900/1289 | Loss: 0.0698
Epoch: 039/050 | Batch 0950/1289 | Loss: 0.1285
Epoch: 039/050 | Batch 1000/1289 | Loss: 0.0827
Epoch: 039/050 | Batch 1050/1289 | Loss: 0.0835
Epoch: 039/050 | Batch 1100/1289 | Loss: 0.1135
Epoch: 039/050 | Batch 1150/1289 | Loss: 0.1258
Epoch: 039/050 | Batch 1200/1289 | Loss: 0.1013
Epoch: 039/050 | Batch 1250/1289 | Loss: 0.0791
MAE/RMSE/ACC: Current Valid: 3.02/4.00/12.01 Ep. 39 | Best Valid: 2.98/3.95/12.01 | Ep. 26
Time elapsed: 102.64 min
Epoch: 040/050 | Batch 0000/1289 | Loss: 0.0957
Epoch: 040/050 | Batch 0050/1289 | Loss: 0.1021
Epoch: 040/050 | Batch 0100/1289 | Loss: 0.0865
Epoch: 040/050 | Batch 0150/1289 | Loss: 0.0958
Epoch: 040/050 | Batch 0200/1289 | Loss: 0.0741
Epoch: 040/050 | Batch 0250/1289 | Loss: 0.0655
Epoch: 040/050 | Batch 0300/1289 | Loss: 0.0717
Epoch: 040/050 | Batch 0350/1289 | Loss: 0.0874
Epoch: 040/050 | Batch 0400/1289 | Loss: 0.0877
Epoch: 040/050 | Batch 0450/1289 | Loss: 0.1302
Epoch: 040/050 | Batch 0500/1289 | Loss: 0.0701
Epoch: 040/050 | Batch 0550/1289 | Loss: 0.0879
Epoch: 040/050 | Batch 0600/1289 | Loss: 0.1008
Epoch: 040/050 | Batch 0650/1289 | Loss: 0.1091
Epoch: 040/050 | Batch 0700/1289 | Loss: 0.0850
Epoch: 040/050 | Batch 0750/1289 | Loss: 0.0934
Epoch: 040/050 | Batch 0800/1289 | Loss: 0.0881
Epoch: 040/050 | Batch 0850/1289 | Loss: 0.0647
Epoch: 040/050 | Batch 0900/1289 | Loss: 0.0923
Epoch: 040/050 | Batch 0950/1289 | Loss: 0.0875
Epoch: 040/050 | Batch 1000/1289 | Loss: 0.1057
Epoch: 040/050 | Batch 1050/1289 | Loss: 0.0884
Epoch: 040/050 | Batch 1100/1289 | Loss: 0.0789
Epoch: 040/050 | Batch 1150/1289 | Loss: 0.0926
Epoch: 040/050 | Batch 1200/1289 | Loss: 0.0759
Epoch: 040/050 | Batch 1250/1289 | Loss: 0.0731
MAE/RMSE/ACC: Current Valid: 3.14/4.21/12.01 Ep. 40 | Best Valid: 2.98/3.95/12.01 | Ep. 26
Time elapsed: 105.17 min
Epoch: 041/050 | Batch 0000/1289 | Loss: 0.0805
Epoch: 041/050 | Batch 0050/1289 | Loss: 0.1045
Epoch: 041/050 | Batch 0100/1289 | Loss: 0.0765
Epoch: 041/050 | Batch 0150/1289 | Loss: 0.0892
Epoch: 041/050 | Batch 0200/1289 | Loss: 0.0684
Epoch: 041/050 | Batch 0250/1289 | Loss: 0.0941
Epoch: 041/050 | Batch 0300/1289 | Loss: 0.0945
Epoch: 041/050 | Batch 0350/1289 | Loss: 0.0642
Epoch: 041/050 | Batch 0400/1289 | Loss: 0.0773
Epoch: 041/050 | Batch 0450/1289 | Loss: 0.0773
Epoch: 041/050 | Batch 0500/1289 | Loss: 0.0969
Epoch: 041/050 | Batch 0550/1289 | Loss: 0.0752
Epoch: 041/050 | Batch 0600/1289 | Loss: 0.0593
Epoch: 041/050 | Batch 0650/1289 | Loss: 0.0961
Epoch: 041/050 | Batch 0700/1289 | Loss: 0.0794
Epoch: 041/050 | Batch 0750/1289 | Loss: 0.0714
Epoch: 041/050 | Batch 0800/1289 | Loss: 0.0754
Epoch: 041/050 | Batch 0850/1289 | Loss: 0.0544
Epoch: 041/050 | Batch 0900/1289 | Loss: 0.0799
Epoch: 041/050 | Batch 0950/1289 | Loss: 0.0896
Epoch: 041/050 | Batch 1000/1289 | Loss: 0.0798
Epoch: 041/050 | Batch 1050/1289 | Loss: 0.0962
Epoch: 041/050 | Batch 1100/1289 | Loss: 0.1337
Epoch: 041/050 | Batch 1150/1289 | Loss: 0.0729
Epoch: 041/050 | Batch 1200/1289 | Loss: 0.1058
Epoch: 041/050 | Batch 1250/1289 | Loss: 0.1091
MAE/RMSE/ACC: Current Valid: 3.10/4.13/12.01 Ep. 41 | Best Valid: 2.98/3.95/12.01 | Ep. 26
Time elapsed: 107.69 min
Epoch: 042/050 | Batch 0000/1289 | Loss: 0.0684
Epoch: 042/050 | Batch 0050/1289 | Loss: 0.0753
Epoch: 042/050 | Batch 0100/1289 | Loss: 0.0630
Epoch: 042/050 | Batch 0150/1289 | Loss: 0.0739
Epoch: 042/050 | Batch 0200/1289 | Loss: 0.0842
Epoch: 042/050 | Batch 0250/1289 | Loss: 0.0727
Epoch: 042/050 | Batch 0300/1289 | Loss: 0.1090
Epoch: 042/050 | Batch 0350/1289 | Loss: 0.0576
Epoch: 042/050 | Batch 0400/1289 | Loss: 0.0919
Epoch: 042/050 | Batch 0450/1289 | Loss: 0.0830
Epoch: 042/050 | Batch 0500/1289 | Loss: 0.1374
Epoch: 042/050 | Batch 0550/1289 | Loss: 0.0664
Epoch: 042/050 | Batch 0600/1289 | Loss: 0.0484
Epoch: 042/050 | Batch 0650/1289 | Loss: 0.1048
Epoch: 042/050 | Batch 0700/1289 | Loss: 0.0692
Epoch: 042/050 | Batch 0750/1289 | Loss: 0.0988
Epoch: 042/050 | Batch 0800/1289 | Loss: 0.1102
Epoch: 042/050 | Batch 0850/1289 | Loss: 0.1120
Epoch: 042/050 | Batch 0900/1289 | Loss: 0.1306
Epoch: 042/050 | Batch 0950/1289 | Loss: 0.0996
Epoch: 042/050 | Batch 1000/1289 | Loss: 0.1363
Epoch: 042/050 | Batch 1050/1289 | Loss: 0.1098
Epoch: 042/050 | Batch 1100/1289 | Loss: 0.1120
Epoch: 042/050 | Batch 1150/1289 | Loss: 0.1158
Epoch: 042/050 | Batch 1200/1289 | Loss: 0.0852
Epoch: 042/050 | Batch 1250/1289 | Loss: 0.1110
MAE/RMSE/ACC: Current Valid: 2.97/3.98/12.01 Ep. 42 | Best Valid: 2.98/3.95/12.01 | Ep. 26
Time elapsed: 110.20 min
Epoch: 043/050 | Batch 0000/1289 | Loss: 0.0807
Epoch: 043/050 | Batch 0050/1289 | Loss: 0.0962
Epoch: 043/050 | Batch 0100/1289 | Loss: 0.0849
Epoch: 043/050 | Batch 0150/1289 | Loss: 0.0817
Epoch: 043/050 | Batch 0200/1289 | Loss: 0.0818
Epoch: 043/050 | Batch 0250/1289 | Loss: 0.0814
Epoch: 043/050 | Batch 0300/1289 | Loss: 0.0591
Epoch: 043/050 | Batch 0350/1289 | Loss: 0.0772
Epoch: 043/050 | Batch 0400/1289 | Loss: 0.0874
Epoch: 043/050 | Batch 0450/1289 | Loss: 0.0593
Epoch: 043/050 | Batch 0500/1289 | Loss: 0.0960
Epoch: 043/050 | Batch 0550/1289 | Loss: 0.0895
Epoch: 043/050 | Batch 0600/1289 | Loss: 0.0873
Epoch: 043/050 | Batch 0650/1289 | Loss: 0.0937
Epoch: 043/050 | Batch 0700/1289 | Loss: 0.1104
Epoch: 043/050 | Batch 0750/1289 | Loss: 0.0814
Epoch: 043/050 | Batch 0800/1289 | Loss: 0.0908
Epoch: 043/050 | Batch 0850/1289 | Loss: 0.0755
Epoch: 043/050 | Batch 0900/1289 | Loss: 0.0949
Epoch: 043/050 | Batch 0950/1289 | Loss: 0.0790
Epoch: 043/050 | Batch 1000/1289 | Loss: 0.0780
Epoch: 043/050 | Batch 1050/1289 | Loss: 0.0568
Epoch: 043/050 | Batch 1100/1289 | Loss: 0.0701
Epoch: 043/050 | Batch 1150/1289 | Loss: 0.0788
Epoch: 043/050 | Batch 1200/1289 | Loss: 0.0842
Epoch: 043/050 | Batch 1250/1289 | Loss: 0.1149
MAE/RMSE/ACC: Current Valid: 2.98/3.95/12.01 Ep. 43 | Best Valid: 2.98/3.95/12.01 | Ep. 26
Time elapsed: 112.84 min
Epoch: 044/050 | Batch 0000/1289 | Loss: 0.0963
Epoch: 044/050 | Batch 0050/1289 | Loss: 0.1002
Epoch: 044/050 | Batch 0100/1289 | Loss: 0.0732
Epoch: 044/050 | Batch 0150/1289 | Loss: 0.0553
Epoch: 044/050 | Batch 0200/1289 | Loss: 0.0959
Epoch: 044/050 | Batch 0250/1289 | Loss: 0.0802
Epoch: 044/050 | Batch 0300/1289 | Loss: 0.0769
Epoch: 044/050 | Batch 0350/1289 | Loss: 0.0842
Epoch: 044/050 | Batch 0400/1289 | Loss: 0.0769
Epoch: 044/050 | Batch 0450/1289 | Loss: 0.0950
Epoch: 044/050 | Batch 0500/1289 | Loss: 0.0670
Epoch: 044/050 | Batch 0550/1289 | Loss: 0.0702
Epoch: 044/050 | Batch 0600/1289 | Loss: 0.0928
Epoch: 044/050 | Batch 0650/1289 | Loss: 0.0856
Epoch: 044/050 | Batch 0700/1289 | Loss: 0.0796
Epoch: 044/050 | Batch 0750/1289 | Loss: 0.1413
Epoch: 044/050 | Batch 0800/1289 | Loss: 0.0800
Epoch: 044/050 | Batch 0850/1289 | Loss: 0.0864
Epoch: 044/050 | Batch 0900/1289 | Loss: 0.0878
Epoch: 044/050 | Batch 0950/1289 | Loss: 0.0743
Epoch: 044/050 | Batch 1000/1289 | Loss: 0.0621
Epoch: 044/050 | Batch 1050/1289 | Loss: 0.1021
Epoch: 044/050 | Batch 1100/1289 | Loss: 0.1067
Epoch: 044/050 | Batch 1150/1289 | Loss: 0.0687
Epoch: 044/050 | Batch 1200/1289 | Loss: 0.0852
Epoch: 044/050 | Batch 1250/1289 | Loss: 0.0706
MAE/RMSE/ACC: Current Valid: 2.94/3.99/12.01 Ep. 44 | Best Valid: 2.98/3.95/12.01 | Ep. 26
Time elapsed: 115.32 min
Epoch: 045/050 | Batch 0000/1289 | Loss: 0.0867
Epoch: 045/050 | Batch 0050/1289 | Loss: 0.0833
Epoch: 045/050 | Batch 0100/1289 | Loss: 0.1203
Epoch: 045/050 | Batch 0150/1289 | Loss: 0.0918
Epoch: 045/050 | Batch 0200/1289 | Loss: 0.0583
Epoch: 045/050 | Batch 0250/1289 | Loss: 0.0821
Epoch: 045/050 | Batch 0300/1289 | Loss: 0.0758
Epoch: 045/050 | Batch 0350/1289 | Loss: 0.0742
Epoch: 045/050 | Batch 0400/1289 | Loss: 0.0600
Epoch: 045/050 | Batch 0450/1289 | Loss: 0.0620
Epoch: 045/050 | Batch 0500/1289 | Loss: 0.0783
Epoch: 045/050 | Batch 0550/1289 | Loss: 0.1421
Epoch: 045/050 | Batch 0600/1289 | Loss: 0.0587
Epoch: 045/050 | Batch 0650/1289 | Loss: 0.0790
Epoch: 045/050 | Batch 0700/1289 | Loss: 0.0713
Epoch: 045/050 | Batch 0750/1289 | Loss: 0.1027
Epoch: 045/050 | Batch 0800/1289 | Loss: 0.0733
Epoch: 045/050 | Batch 0850/1289 | Loss: 0.0631
Epoch: 045/050 | Batch 0900/1289 | Loss: 0.0689
Epoch: 045/050 | Batch 0950/1289 | Loss: 0.0558
Epoch: 045/050 | Batch 1000/1289 | Loss: 0.0671
Epoch: 045/050 | Batch 1050/1289 | Loss: 0.0683
Epoch: 045/050 | Batch 1100/1289 | Loss: 0.1167
Epoch: 045/050 | Batch 1150/1289 | Loss: 0.0978
Epoch: 045/050 | Batch 1200/1289 | Loss: 0.0813
Epoch: 045/050 | Batch 1250/1289 | Loss: 0.0634
MAE/RMSE/ACC: Current Valid: 2.96/3.94/11.57 Ep. 45 | Best Valid: 2.96/3.94/11.57 | Ep. 45
Time elapsed: 117.97 min
Epoch: 046/050 | Batch 0000/1289 | Loss: 0.0878
Epoch: 046/050 | Batch 0050/1289 | Loss: 0.0539
Epoch: 046/050 | Batch 0100/1289 | Loss: 0.0920
Epoch: 046/050 | Batch 0150/1289 | Loss: 0.0688
Epoch: 046/050 | Batch 0200/1289 | Loss: 0.0821
Epoch: 046/050 | Batch 0250/1289 | Loss: 0.0637
Epoch: 046/050 | Batch 0300/1289 | Loss: 0.0654
Epoch: 046/050 | Batch 0350/1289 | Loss: 0.0878
Epoch: 046/050 | Batch 0400/1289 | Loss: 0.0726
Epoch: 046/050 | Batch 0450/1289 | Loss: 0.0559
Epoch: 046/050 | Batch 0500/1289 | Loss: 0.1023
Epoch: 046/050 | Batch 0550/1289 | Loss: 0.0924
Epoch: 046/050 | Batch 0600/1289 | Loss: 0.0671
Epoch: 046/050 | Batch 0650/1289 | Loss: 0.0889
Epoch: 046/050 | Batch 0700/1289 | Loss: 0.0642
Epoch: 046/050 | Batch 0750/1289 | Loss: 0.0821
Epoch: 046/050 | Batch 0800/1289 | Loss: 0.0829
Epoch: 046/050 | Batch 0850/1289 | Loss: 0.1062
Epoch: 046/050 | Batch 0900/1289 | Loss: 0.1252
Epoch: 046/050 | Batch 0950/1289 | Loss: 0.0767
Epoch: 046/050 | Batch 1000/1289 | Loss: 0.0682
Epoch: 046/050 | Batch 1050/1289 | Loss: 0.0566
Epoch: 046/050 | Batch 1100/1289 | Loss: 0.0908
Epoch: 046/050 | Batch 1150/1289 | Loss: 0.0896
Epoch: 046/050 | Batch 1200/1289 | Loss: 0.0955
Epoch: 046/050 | Batch 1250/1289 | Loss: 0.0890
MAE/RMSE/ACC: Current Valid: 3.02/4.02/11.57 Ep. 46 | Best Valid: 2.96/3.94/11.57 | Ep. 45
Time elapsed: 120.56 min
Epoch: 047/050 | Batch 0000/1289 | Loss: 0.0755
Epoch: 047/050 | Batch 0050/1289 | Loss: 0.0652
Epoch: 047/050 | Batch 0100/1289 | Loss: 0.0709
Epoch: 047/050 | Batch 0150/1289 | Loss: 0.0589
Epoch: 047/050 | Batch 0200/1289 | Loss: 0.1036
Epoch: 047/050 | Batch 0250/1289 | Loss: 0.0641
Epoch: 047/050 | Batch 0300/1289 | Loss: 0.0600
Epoch: 047/050 | Batch 0350/1289 | Loss: 0.0986
Epoch: 047/050 | Batch 0400/1289 | Loss: 0.0630
Epoch: 047/050 | Batch 0450/1289 | Loss: 0.0999
Epoch: 047/050 | Batch 0500/1289 | Loss: 0.0557
Epoch: 047/050 | Batch 0550/1289 | Loss: 0.0579
Epoch: 047/050 | Batch 0600/1289 | Loss: 0.0873
Epoch: 047/050 | Batch 0650/1289 | Loss: 0.0604
Epoch: 047/050 | Batch 0700/1289 | Loss: 0.0886
Epoch: 047/050 | Batch 0750/1289 | Loss: 0.0660
Epoch: 047/050 | Batch 0800/1289 | Loss: 0.0617
Epoch: 047/050 | Batch 0850/1289 | Loss: 0.0859
Epoch: 047/050 | Batch 0900/1289 | Loss: 0.0734
Epoch: 047/050 | Batch 0950/1289 | Loss: 0.0882
Epoch: 047/050 | Batch 1000/1289 | Loss: 0.0818
Epoch: 047/050 | Batch 1050/1289 | Loss: 0.0862
Epoch: 047/050 | Batch 1100/1289 | Loss: 0.0780
Epoch: 047/050 | Batch 1150/1289 | Loss: 0.0641
Epoch: 047/050 | Batch 1200/1289 | Loss: 0.0575
Epoch: 047/050 | Batch 1250/1289 | Loss: 0.1271
MAE/RMSE/ACC: Current Valid: 3.08/4.10/11.57 Ep. 47 | Best Valid: 2.96/3.94/11.57 | Ep. 45
Time elapsed: 123.11 min
Epoch: 048/050 | Batch 0000/1289 | Loss: 0.0708
Epoch: 048/050 | Batch 0050/1289 | Loss: 0.0689
Epoch: 048/050 | Batch 0100/1289 | Loss: 0.0744
Epoch: 048/050 | Batch 0150/1289 | Loss: 0.0775
Epoch: 048/050 | Batch 0200/1289 | Loss: 0.0730
Epoch: 048/050 | Batch 0250/1289 | Loss: 0.0885
Epoch: 048/050 | Batch 0300/1289 | Loss: 0.0532
Epoch: 048/050 | Batch 0350/1289 | Loss: 0.0748
Epoch: 048/050 | Batch 0400/1289 | Loss: 0.0733
Epoch: 048/050 | Batch 0450/1289 | Loss: 0.0650
Epoch: 048/050 | Batch 0500/1289 | Loss: 0.0730
Epoch: 048/050 | Batch 0550/1289 | Loss: 0.0686
Epoch: 048/050 | Batch 0600/1289 | Loss: 0.0594
Epoch: 048/050 | Batch 0650/1289 | Loss: 0.0643
Epoch: 048/050 | Batch 0700/1289 | Loss: 0.0825
Epoch: 048/050 | Batch 0750/1289 | Loss: 0.1185
Epoch: 048/050 | Batch 0800/1289 | Loss: 0.0967
Epoch: 048/050 | Batch 0850/1289 | Loss: 0.0741
Epoch: 048/050 | Batch 0900/1289 | Loss: 0.0582
Epoch: 048/050 | Batch 0950/1289 | Loss: 0.0940
Epoch: 048/050 | Batch 1000/1289 | Loss: 0.0771
Epoch: 048/050 | Batch 1050/1289 | Loss: 0.0742
Epoch: 048/050 | Batch 1100/1289 | Loss: 0.1071
Epoch: 048/050 | Batch 1150/1289 | Loss: 0.1097
Epoch: 048/050 | Batch 1200/1289 | Loss: 0.0501
Epoch: 048/050 | Batch 1250/1289 | Loss: 0.0848
MAE/RMSE/ACC: Current Valid: 3.03/4.10/11.57 Ep. 48 | Best Valid: 2.96/3.94/11.57 | Ep. 45
Time elapsed: 125.78 min
Epoch: 049/050 | Batch 0000/1289 | Loss: 0.0974
Epoch: 049/050 | Batch 0050/1289 | Loss: 0.0632
Epoch: 049/050 | Batch 0100/1289 | Loss: 0.0773
Epoch: 049/050 | Batch 0150/1289 | Loss: 0.0703
Epoch: 049/050 | Batch 0200/1289 | Loss: 0.0632
Epoch: 049/050 | Batch 0250/1289 | Loss: 0.0577
Epoch: 049/050 | Batch 0300/1289 | Loss: 0.0685
Epoch: 049/050 | Batch 0350/1289 | Loss: 0.0670
Epoch: 049/050 | Batch 0400/1289 | Loss: 0.0671
Epoch: 049/050 | Batch 0450/1289 | Loss: 0.0654
Epoch: 049/050 | Batch 0500/1289 | Loss: 0.0897
Epoch: 049/050 | Batch 0550/1289 | Loss: 0.0761
Epoch: 049/050 | Batch 0600/1289 | Loss: 0.0623
Epoch: 049/050 | Batch 0650/1289 | Loss: 0.0948
Epoch: 049/050 | Batch 0700/1289 | Loss: 0.0576
Epoch: 049/050 | Batch 0750/1289 | Loss: 0.0404
Epoch: 049/050 | Batch 0800/1289 | Loss: 0.0839
Epoch: 049/050 | Batch 0850/1289 | Loss: 0.1261
Epoch: 049/050 | Batch 0900/1289 | Loss: 0.0399
Epoch: 049/050 | Batch 0950/1289 | Loss: 0.0495
Epoch: 049/050 | Batch 1000/1289 | Loss: 0.0457
Epoch: 049/050 | Batch 1050/1289 | Loss: 0.0663
Epoch: 049/050 | Batch 1100/1289 | Loss: 0.0637
Epoch: 049/050 | Batch 1150/1289 | Loss: 0.0678
Epoch: 049/050 | Batch 1200/1289 | Loss: 0.0841
Epoch: 049/050 | Batch 1250/1289 | Loss: 0.0617
MAE/RMSE/ACC: Current Valid: 3.17/4.29/11.57 Ep. 49 | Best Valid: 2.96/3.94/11.57 | Ep. 45
Time elapsed: 128.39 min
Epoch: 050/050 | Batch 0000/1289 | Loss: 0.0782
Epoch: 050/050 | Batch 0050/1289 | Loss: 0.0529
Epoch: 050/050 | Batch 0100/1289 | Loss: 0.0715
Epoch: 050/050 | Batch 0150/1289 | Loss: 0.0612
Epoch: 050/050 | Batch 0200/1289 | Loss: 0.0513
Epoch: 050/050 | Batch 0250/1289 | Loss: 0.0466
Epoch: 050/050 | Batch 0300/1289 | Loss: 0.0641
Epoch: 050/050 | Batch 0350/1289 | Loss: 0.0603
Epoch: 050/050 | Batch 0400/1289 | Loss: 0.0703
Epoch: 050/050 | Batch 0450/1289 | Loss: 0.0702
Epoch: 050/050 | Batch 0500/1289 | Loss: 0.0705
Epoch: 050/050 | Batch 0550/1289 | Loss: 0.0724
Epoch: 050/050 | Batch 0600/1289 | Loss: 0.0460
Epoch: 050/050 | Batch 0650/1289 | Loss: 0.0636
Epoch: 050/050 | Batch 0700/1289 | Loss: 0.0507
Epoch: 050/050 | Batch 0750/1289 | Loss: 0.0951
Epoch: 050/050 | Batch 0800/1289 | Loss: 0.0474
Epoch: 050/050 | Batch 0850/1289 | Loss: 0.0784
Epoch: 050/050 | Batch 0900/1289 | Loss: 0.0726
Epoch: 050/050 | Batch 0950/1289 | Loss: 0.0702
Epoch: 050/050 | Batch 1000/1289 | Loss: 0.0605
Epoch: 050/050 | Batch 1050/1289 | Loss: 0.0553
Epoch: 050/050 | Batch 1100/1289 | Loss: 0.0433
Epoch: 050/050 | Batch 1150/1289 | Loss: 0.0698
Epoch: 050/050 | Batch 1200/1289 | Loss: 0.0710
Epoch: 050/050 | Batch 1250/1289 | Loss: 0.0581
MAE/RMSE/ACC: Current Valid: 3.01/4.02/11.57 Ep. 50 | Best Valid: 2.96/3.94/11.57 | Ep. 45
Time elapsed: 131.01 min
MAE/RMSE: | Train: 1.01/1.49 | Valid: 3.01/4.02 | Test: 2.91/3.89
ACC: | Train: 35.59 | Valid: 12.34 | Test: 12.28
Total Running Time: 131.68 min
MAE/RMSE: | Best Train: 1.04/1.49 | Best Valid: 2.96/3.94 | Best Test: 2.87/3.83
ACC: | Best Train: 33.33 | Best Valid: 11.57 | Best Test: 12.71
Total Running Time: 132.38 min
