This script: resnet34_conditional-v3.py
PyTorch Version: 1.8.1
CUDA device: cuda:2
CUDA version: 11.1
Random seed: 1
Learning rate: 0.0005
Epochs: 50
Batch size: 16
Output path: runs/morph2-balanced/resnet34_conditional-v3-imp0-seed1-epochs50-batchsize16_best-rmse
Epoch: 001/050 | Batch 0000/1289 | Loss: 0.7594
Epoch: 001/050 | Batch 0050/1289 | Loss: 0.2046
Epoch: 001/050 | Batch 0100/1289 | Loss: 0.1905
Epoch: 001/050 | Batch 0150/1289 | Loss: 0.2417
Epoch: 001/050 | Batch 0200/1289 | Loss: 0.1615
Epoch: 001/050 | Batch 0250/1289 | Loss: 0.1696
Epoch: 001/050 | Batch 0300/1289 | Loss: 0.1643
Epoch: 001/050 | Batch 0350/1289 | Loss: 0.1967
Epoch: 001/050 | Batch 0400/1289 | Loss: 0.1780
Epoch: 001/050 | Batch 0450/1289 | Loss: 0.1512
Epoch: 001/050 | Batch 0500/1289 | Loss: 0.2135
Epoch: 001/050 | Batch 0550/1289 | Loss: 0.2479
Epoch: 001/050 | Batch 0600/1289 | Loss: 0.1692
Epoch: 001/050 | Batch 0650/1289 | Loss: 0.2063
Epoch: 001/050 | Batch 0700/1289 | Loss: 0.1911
Epoch: 001/050 | Batch 0750/1289 | Loss: 0.1680
Epoch: 001/050 | Batch 0800/1289 | Loss: 0.2149
Epoch: 001/050 | Batch 0850/1289 | Loss: 0.1904
Epoch: 001/050 | Batch 0900/1289 | Loss: 0.2726
Epoch: 001/050 | Batch 0950/1289 | Loss: 0.1611
Epoch: 001/050 | Batch 1000/1289 | Loss: 0.2189
Epoch: 001/050 | Batch 1050/1289 | Loss: 0.1802
Epoch: 001/050 | Batch 1100/1289 | Loss: 0.2105
Epoch: 001/050 | Batch 1150/1289 | Loss: 0.3464
Epoch: 001/050 | Batch 1200/1289 | Loss: 0.1444
Epoch: 001/050 | Batch 1250/1289 | Loss: 0.1709
MAE/RMSE/ACC: Current Valid: 6.80/8.59/5.33 Ep. 1 | Best Valid: 6.80/8.59/5.33 | Ep. 1
Time elapsed: 2.18 min
Epoch: 002/050 | Batch 0000/1289 | Loss: 0.2003
Epoch: 002/050 | Batch 0050/1289 | Loss: 0.1907
Epoch: 002/050 | Batch 0100/1289 | Loss: 0.1952
Epoch: 002/050 | Batch 0150/1289 | Loss: 0.1699
Epoch: 002/050 | Batch 0200/1289 | Loss: 0.1619
Epoch: 002/050 | Batch 0250/1289 | Loss: 0.1663
Epoch: 002/050 | Batch 0300/1289 | Loss: 0.2149
Epoch: 002/050 | Batch 0350/1289 | Loss: 0.2021
Epoch: 002/050 | Batch 0400/1289 | Loss: 0.1409
Epoch: 002/050 | Batch 0450/1289 | Loss: 0.1933
Epoch: 002/050 | Batch 0500/1289 | Loss: 0.1608
Epoch: 002/050 | Batch 0550/1289 | Loss: 0.2067
Epoch: 002/050 | Batch 0600/1289 | Loss: 0.1561
Epoch: 002/050 | Batch 0650/1289 | Loss: 0.1467
Epoch: 002/050 | Batch 0700/1289 | Loss: 0.1721
Epoch: 002/050 | Batch 0750/1289 | Loss: 0.1702
Epoch: 002/050 | Batch 0800/1289 | Loss: 0.1664
Epoch: 002/050 | Batch 0850/1289 | Loss: 0.1690
Epoch: 002/050 | Batch 0900/1289 | Loss: 0.2012
Epoch: 002/050 | Batch 0950/1289 | Loss: 0.1623
Epoch: 002/050 | Batch 1000/1289 | Loss: 0.2310
Epoch: 002/050 | Batch 1050/1289 | Loss: 0.1682
Epoch: 002/050 | Batch 1100/1289 | Loss: 0.1496
Epoch: 002/050 | Batch 1150/1289 | Loss: 0.1828
Epoch: 002/050 | Batch 1200/1289 | Loss: 0.1757
Epoch: 002/050 | Batch 1250/1289 | Loss: 0.1626
MAE/RMSE/ACC: Current Valid: 4.84/6.38/7.75 Ep. 2 | Best Valid: 4.84/6.38/7.75 | Ep. 2
Time elapsed: 4.34 min
Epoch: 003/050 | Batch 0000/1289 | Loss: 0.1801
Epoch: 003/050 | Batch 0050/1289 | Loss: 0.1910
Epoch: 003/050 | Batch 0100/1289 | Loss: 0.1769
Epoch: 003/050 | Batch 0150/1289 | Loss: 0.1681
Epoch: 003/050 | Batch 0200/1289 | Loss: 0.2110
Epoch: 003/050 | Batch 0250/1289 | Loss: 0.1871
Epoch: 003/050 | Batch 0300/1289 | Loss: 0.1446
Epoch: 003/050 | Batch 0350/1289 | Loss: 0.2086
Epoch: 003/050 | Batch 0400/1289 | Loss: 0.1904
Epoch: 003/050 | Batch 0450/1289 | Loss: 0.1983
Epoch: 003/050 | Batch 0500/1289 | Loss: 0.1872
Epoch: 003/050 | Batch 0550/1289 | Loss: 0.1674
Epoch: 003/050 | Batch 0600/1289 | Loss: 0.2271
Epoch: 003/050 | Batch 0650/1289 | Loss: 0.1760
Epoch: 003/050 | Batch 0700/1289 | Loss: 0.1403
Epoch: 003/050 | Batch 0750/1289 | Loss: 0.2192
Epoch: 003/050 | Batch 0800/1289 | Loss: 0.1963
Epoch: 003/050 | Batch 0850/1289 | Loss: 0.2555
Epoch: 003/050 | Batch 0900/1289 | Loss: 0.1998
Epoch: 003/050 | Batch 0950/1289 | Loss: 0.1946
Epoch: 003/050 | Batch 1000/1289 | Loss: 0.1746
Epoch: 003/050 | Batch 1050/1289 | Loss: 0.1794
Epoch: 003/050 | Batch 1100/1289 | Loss: 0.1635
Epoch: 003/050 | Batch 1150/1289 | Loss: 0.1823
Epoch: 003/050 | Batch 1200/1289 | Loss: 0.2490
Epoch: 003/050 | Batch 1250/1289 | Loss: 0.1534
MAE/RMSE/ACC: Current Valid: 8.24/10.57/7.75 Ep. 3 | Best Valid: 4.84/6.38/7.75 | Ep. 2
Time elapsed: 6.51 min
Epoch: 004/050 | Batch 0000/1289 | Loss: 0.2132
Epoch: 004/050 | Batch 0050/1289 | Loss: 0.1885
Epoch: 004/050 | Batch 0100/1289 | Loss: 0.1530
Epoch: 004/050 | Batch 0150/1289 | Loss: 0.2571
Epoch: 004/050 | Batch 0200/1289 | Loss: 0.1817
Epoch: 004/050 | Batch 0250/1289 | Loss: 0.1940
Epoch: 004/050 | Batch 0300/1289 | Loss: 0.1569
Epoch: 004/050 | Batch 0350/1289 | Loss: 0.1884
Epoch: 004/050 | Batch 0400/1289 | Loss: 0.1704
Epoch: 004/050 | Batch 0450/1289 | Loss: 0.1560
Epoch: 004/050 | Batch 0500/1289 | Loss: 0.1971
Epoch: 004/050 | Batch 0550/1289 | Loss: 0.1685
Epoch: 004/050 | Batch 0600/1289 | Loss: 0.1422
Epoch: 004/050 | Batch 0650/1289 | Loss: 0.2318
Epoch: 004/050 | Batch 0700/1289 | Loss: 0.1583
Epoch: 004/050 | Batch 0750/1289 | Loss: 0.1508
Epoch: 004/050 | Batch 0800/1289 | Loss: 0.1684
Epoch: 004/050 | Batch 0850/1289 | Loss: 0.1386
Epoch: 004/050 | Batch 0900/1289 | Loss: 0.1646
Epoch: 004/050 | Batch 0950/1289 | Loss: 0.1538
Epoch: 004/050 | Batch 1000/1289 | Loss: 0.1225
Epoch: 004/050 | Batch 1050/1289 | Loss: 0.1611
Epoch: 004/050 | Batch 1100/1289 | Loss: 0.1784
Epoch: 004/050 | Batch 1150/1289 | Loss: 0.1733
Epoch: 004/050 | Batch 1200/1289 | Loss: 0.1706
Epoch: 004/050 | Batch 1250/1289 | Loss: 0.1679
MAE/RMSE/ACC: Current Valid: 6.51/8.09/7.75 Ep. 4 | Best Valid: 4.84/6.38/7.75 | Ep. 2
Time elapsed: 8.66 min
Epoch: 005/050 | Batch 0000/1289 | Loss: 0.1953
Epoch: 005/050 | Batch 0050/1289 | Loss: 0.1819
Epoch: 005/050 | Batch 0100/1289 | Loss: 0.2099
Epoch: 005/050 | Batch 0150/1289 | Loss: 0.1899
Epoch: 005/050 | Batch 0200/1289 | Loss: 0.2146
Epoch: 005/050 | Batch 0250/1289 | Loss: 0.1703
Epoch: 005/050 | Batch 0300/1289 | Loss: 0.1542
Epoch: 005/050 | Batch 0350/1289 | Loss: 0.1844
Epoch: 005/050 | Batch 0400/1289 | Loss: 0.1339
Epoch: 005/050 | Batch 0450/1289 | Loss: 0.1734
Epoch: 005/050 | Batch 0500/1289 | Loss: 0.1891
Epoch: 005/050 | Batch 0550/1289 | Loss: 0.1578
Epoch: 005/050 | Batch 0600/1289 | Loss: 0.1468
Epoch: 005/050 | Batch 0650/1289 | Loss: 0.1505
Epoch: 005/050 | Batch 0700/1289 | Loss: 0.1801
Epoch: 005/050 | Batch 0750/1289 | Loss: 0.1451
Epoch: 005/050 | Batch 0800/1289 | Loss: 0.1758
Epoch: 005/050 | Batch 0850/1289 | Loss: 0.1898
Epoch: 005/050 | Batch 0900/1289 | Loss: 0.2220
Epoch: 005/050 | Batch 0950/1289 | Loss: 0.1471
Epoch: 005/050 | Batch 1000/1289 | Loss: 0.1632
Epoch: 005/050 | Batch 1050/1289 | Loss: 0.1560
Epoch: 005/050 | Batch 1100/1289 | Loss: 0.1404
Epoch: 005/050 | Batch 1150/1289 | Loss: 0.1631
Epoch: 005/050 | Batch 1200/1289 | Loss: 0.1294
Epoch: 005/050 | Batch 1250/1289 | Loss: 0.1525
MAE/RMSE/ACC: Current Valid: 3.86/5.15/9.52 Ep. 5 | Best Valid: 3.86/5.15/9.52 | Ep. 5
Time elapsed: 10.80 min
Epoch: 006/050 | Batch 0000/1289 | Loss: 0.1697
Epoch: 006/050 | Batch 0050/1289 | Loss: 0.1593
Epoch: 006/050 | Batch 0100/1289 | Loss: 0.2404
Epoch: 006/050 | Batch 0150/1289 | Loss: 0.1678
Epoch: 006/050 | Batch 0200/1289 | Loss: 0.1914
Epoch: 006/050 | Batch 0250/1289 | Loss: 0.1694
Epoch: 006/050 | Batch 0300/1289 | Loss: 0.1489
Epoch: 006/050 | Batch 0350/1289 | Loss: 0.1339
Epoch: 006/050 | Batch 0400/1289 | Loss: 0.1797
Epoch: 006/050 | Batch 0450/1289 | Loss: 0.1472
Epoch: 006/050 | Batch 0500/1289 | Loss: 0.2217
Epoch: 006/050 | Batch 0550/1289 | Loss: 0.1861
Epoch: 006/050 | Batch 0600/1289 | Loss: 0.2052
Epoch: 006/050 | Batch 0650/1289 | Loss: 0.1326
Epoch: 006/050 | Batch 0700/1289 | Loss: 0.2541
Epoch: 006/050 | Batch 0750/1289 | Loss: 0.1478
Epoch: 006/050 | Batch 0800/1289 | Loss: 0.1596
Epoch: 006/050 | Batch 0850/1289 | Loss: 0.2467
Epoch: 006/050 | Batch 0900/1289 | Loss: 0.1882
Epoch: 006/050 | Batch 0950/1289 | Loss: 0.1269
Epoch: 006/050 | Batch 1000/1289 | Loss: 0.1653
Epoch: 006/050 | Batch 1050/1289 | Loss: 0.1690
Epoch: 006/050 | Batch 1100/1289 | Loss: 0.1575
Epoch: 006/050 | Batch 1150/1289 | Loss: 0.1502
Epoch: 006/050 | Batch 1200/1289 | Loss: 0.1205
Epoch: 006/050 | Batch 1250/1289 | Loss: 0.1945
MAE/RMSE/ACC: Current Valid: 3.68/4.91/9.38 Ep. 6 | Best Valid: 3.68/4.91/9.38 | Ep. 6
Time elapsed: 12.95 min
Epoch: 007/050 | Batch 0000/1289 | Loss: 0.1734
Epoch: 007/050 | Batch 0050/1289 | Loss: 0.1259
Epoch: 007/050 | Batch 0100/1289 | Loss: 0.1546
Epoch: 007/050 | Batch 0150/1289 | Loss: 0.2213
Epoch: 007/050 | Batch 0200/1289 | Loss: 0.1932
Epoch: 007/050 | Batch 0250/1289 | Loss: 0.1393
Epoch: 007/050 | Batch 0300/1289 | Loss: 0.1580
Epoch: 007/050 | Batch 0350/1289 | Loss: 0.1716
Epoch: 007/050 | Batch 0400/1289 | Loss: 0.1672
Epoch: 007/050 | Batch 0450/1289 | Loss: 0.1697
Epoch: 007/050 | Batch 0500/1289 | Loss: 0.1409
Epoch: 007/050 | Batch 0550/1289 | Loss: 0.1964
Epoch: 007/050 | Batch 0600/1289 | Loss: 0.1256
Epoch: 007/050 | Batch 0650/1289 | Loss: 0.1562
Epoch: 007/050 | Batch 0700/1289 | Loss: 0.2016
Epoch: 007/050 | Batch 0750/1289 | Loss: 0.2152
Epoch: 007/050 | Batch 0800/1289 | Loss: 0.1742
Epoch: 007/050 | Batch 0850/1289 | Loss: 0.1979
Epoch: 007/050 | Batch 0900/1289 | Loss: 0.1634
Epoch: 007/050 | Batch 0950/1289 | Loss: 0.1622
Epoch: 007/050 | Batch 1000/1289 | Loss: 0.1601
Epoch: 007/050 | Batch 1050/1289 | Loss: 0.1238
Epoch: 007/050 | Batch 1100/1289 | Loss: 0.1678
Epoch: 007/050 | Batch 1150/1289 | Loss: 0.1940
Epoch: 007/050 | Batch 1200/1289 | Loss: 0.1532
Epoch: 007/050 | Batch 1250/1289 | Loss: 0.1900
MAE/RMSE/ACC: Current Valid: 3.39/4.45/10.91 Ep. 7 | Best Valid: 3.39/4.45/10.91 | Ep. 7
Time elapsed: 15.12 min
Epoch: 008/050 | Batch 0000/1289 | Loss: 0.2111
Epoch: 008/050 | Batch 0050/1289 | Loss: 0.2048
Epoch: 008/050 | Batch 0100/1289 | Loss: 0.1734
Epoch: 008/050 | Batch 0150/1289 | Loss: 0.1935
Epoch: 008/050 | Batch 0200/1289 | Loss: 0.1957
Epoch: 008/050 | Batch 0250/1289 | Loss: 0.1574
Epoch: 008/050 | Batch 0300/1289 | Loss: 0.1523
Epoch: 008/050 | Batch 0350/1289 | Loss: 0.1464
Epoch: 008/050 | Batch 0400/1289 | Loss: 0.1676
Epoch: 008/050 | Batch 0450/1289 | Loss: 0.1349
Epoch: 008/050 | Batch 0500/1289 | Loss: 0.1527
Epoch: 008/050 | Batch 0550/1289 | Loss: 0.1556
Epoch: 008/050 | Batch 0600/1289 | Loss: 0.1837
Epoch: 008/050 | Batch 0650/1289 | Loss: 0.2053
Epoch: 008/050 | Batch 0700/1289 | Loss: 0.1324
Epoch: 008/050 | Batch 0750/1289 | Loss: 0.1483
Epoch: 008/050 | Batch 0800/1289 | Loss: 0.1595
Epoch: 008/050 | Batch 0850/1289 | Loss: 0.1681
Epoch: 008/050 | Batch 0900/1289 | Loss: 0.2180
Epoch: 008/050 | Batch 0950/1289 | Loss: 0.1403
Epoch: 008/050 | Batch 1000/1289 | Loss: 0.1358
Epoch: 008/050 | Batch 1050/1289 | Loss: 0.1498
Epoch: 008/050 | Batch 1100/1289 | Loss: 0.1682
Epoch: 008/050 | Batch 1150/1289 | Loss: 0.1797
Epoch: 008/050 | Batch 1200/1289 | Loss: 0.1524
Epoch: 008/050 | Batch 1250/1289 | Loss: 0.1655
MAE/RMSE/ACC: Current Valid: 4.50/5.89/10.91 Ep. 8 | Best Valid: 3.39/4.45/10.91 | Ep. 7
Time elapsed: 17.29 min
Epoch: 009/050 | Batch 0000/1289 | Loss: 0.1401
Epoch: 009/050 | Batch 0050/1289 | Loss: 0.1400
Epoch: 009/050 | Batch 0100/1289 | Loss: 0.1396
Epoch: 009/050 | Batch 0150/1289 | Loss: 0.1619
Epoch: 009/050 | Batch 0200/1289 | Loss: 0.1730
Epoch: 009/050 | Batch 0250/1289 | Loss: 0.1242
Epoch: 009/050 | Batch 0300/1289 | Loss: 0.2186
Epoch: 009/050 | Batch 0350/1289 | Loss: 0.1649
Epoch: 009/050 | Batch 0400/1289 | Loss: 0.1543
Epoch: 009/050 | Batch 0450/1289 | Loss: 0.1964
Epoch: 009/050 | Batch 0500/1289 | Loss: 0.1222
Epoch: 009/050 | Batch 0550/1289 | Loss: 0.1644
Epoch: 009/050 | Batch 0600/1289 | Loss: 0.1934
Epoch: 009/050 | Batch 0650/1289 | Loss: 0.1408
Epoch: 009/050 | Batch 0700/1289 | Loss: 0.1611
Epoch: 009/050 | Batch 0750/1289 | Loss: 0.1435
Epoch: 009/050 | Batch 0800/1289 | Loss: 0.1300
Epoch: 009/050 | Batch 0850/1289 | Loss: 0.1220
Epoch: 009/050 | Batch 0900/1289 | Loss: 0.1455
Epoch: 009/050 | Batch 0950/1289 | Loss: 0.1189
Epoch: 009/050 | Batch 1000/1289 | Loss: 0.1331
Epoch: 009/050 | Batch 1050/1289 | Loss: 0.1558
Epoch: 009/050 | Batch 1100/1289 | Loss: 0.1698
Epoch: 009/050 | Batch 1150/1289 | Loss: 0.1271
Epoch: 009/050 | Batch 1200/1289 | Loss: 0.1322
Epoch: 009/050 | Batch 1250/1289 | Loss: 0.1675
MAE/RMSE/ACC: Current Valid: 3.21/4.30/12.06 Ep. 9 | Best Valid: 3.21/4.30/12.06 | Ep. 9
Time elapsed: 19.41 min
Epoch: 010/050 | Batch 0000/1289 | Loss: 0.1739
Epoch: 010/050 | Batch 0050/1289 | Loss: 0.1424
Epoch: 010/050 | Batch 0100/1289 | Loss: 0.1965
Epoch: 010/050 | Batch 0150/1289 | Loss: 0.1962
Epoch: 010/050 | Batch 0200/1289 | Loss: 0.1779
Epoch: 010/050 | Batch 0250/1289 | Loss: 0.1513
Epoch: 010/050 | Batch 0300/1289 | Loss: 0.1603
Epoch: 010/050 | Batch 0350/1289 | Loss: 0.1541
Epoch: 010/050 | Batch 0400/1289 | Loss: 0.1615
Epoch: 010/050 | Batch 0450/1289 | Loss: 0.1585
Epoch: 010/050 | Batch 0500/1289 | Loss: 0.1706
Epoch: 010/050 | Batch 0550/1289 | Loss: 0.2004
Epoch: 010/050 | Batch 0600/1289 | Loss: 0.2018
Epoch: 010/050 | Batch 0650/1289 | Loss: 0.1975
Epoch: 010/050 | Batch 0700/1289 | Loss: 0.2148
Epoch: 010/050 | Batch 0750/1289 | Loss: 0.1615
Epoch: 010/050 | Batch 0800/1289 | Loss: 0.1536
Epoch: 010/050 | Batch 0850/1289 | Loss: 0.1767
Epoch: 010/050 | Batch 0900/1289 | Loss: 0.1454
Epoch: 010/050 | Batch 0950/1289 | Loss: 0.1492
Epoch: 010/050 | Batch 1000/1289 | Loss: 0.2185
Epoch: 010/050 | Batch 1050/1289 | Loss: 0.1308
Epoch: 010/050 | Batch 1100/1289 | Loss: 0.1977
Epoch: 010/050 | Batch 1150/1289 | Loss: 0.1751
Epoch: 010/050 | Batch 1200/1289 | Loss: 0.1232
Epoch: 010/050 | Batch 1250/1289 | Loss: 0.2235
MAE/RMSE/ACC: Current Valid: 3.37/4.39/12.06 Ep. 10 | Best Valid: 3.21/4.30/12.06 | Ep. 9
Time elapsed: 21.58 min
Epoch: 011/050 | Batch 0000/1289 | Loss: 0.1555
Epoch: 011/050 | Batch 0050/1289 | Loss: 0.1786
Epoch: 011/050 | Batch 0100/1289 | Loss: 0.1154
Epoch: 011/050 | Batch 0150/1289 | Loss: 0.1564
Epoch: 011/050 | Batch 0200/1289 | Loss: 0.1695
Epoch: 011/050 | Batch 0250/1289 | Loss: 0.1388
Epoch: 011/050 | Batch 0300/1289 | Loss: 0.1727
Epoch: 011/050 | Batch 0350/1289 | Loss: 0.1750
Epoch: 011/050 | Batch 0400/1289 | Loss: 0.1507
Epoch: 011/050 | Batch 0450/1289 | Loss: 0.1870
Epoch: 011/050 | Batch 0500/1289 | Loss: 0.1783
Epoch: 011/050 | Batch 0550/1289 | Loss: 0.1682
Epoch: 011/050 | Batch 0600/1289 | Loss: 0.1828
Epoch: 011/050 | Batch 0650/1289 | Loss: 0.1266
Epoch: 011/050 | Batch 0700/1289 | Loss: 0.1773
Epoch: 011/050 | Batch 0750/1289 | Loss: 0.1788
Epoch: 011/050 | Batch 0800/1289 | Loss: 0.1611
Epoch: 011/050 | Batch 0850/1289 | Loss: 0.1437
Epoch: 011/050 | Batch 0900/1289 | Loss: 0.1821
Epoch: 011/050 | Batch 0950/1289 | Loss: 0.1834
Epoch: 011/050 | Batch 1000/1289 | Loss: 0.1278
Epoch: 011/050 | Batch 1050/1289 | Loss: 0.1762
Epoch: 011/050 | Batch 1100/1289 | Loss: 0.1307
Epoch: 011/050 | Batch 1150/1289 | Loss: 0.1648
Epoch: 011/050 | Batch 1200/1289 | Loss: 0.1835
Epoch: 011/050 | Batch 1250/1289 | Loss: 0.1821
MAE/RMSE/ACC: Current Valid: 3.23/4.28/11.56 Ep. 11 | Best Valid: 3.23/4.28/11.56 | Ep. 11
Time elapsed: 23.72 min
Epoch: 012/050 | Batch 0000/1289 | Loss: 0.1618
Epoch: 012/050 | Batch 0050/1289 | Loss: 0.1419
Epoch: 012/050 | Batch 0100/1289 | Loss: 0.1614
Epoch: 012/050 | Batch 0150/1289 | Loss: 0.1437
Epoch: 012/050 | Batch 0200/1289 | Loss: 0.1733
Epoch: 012/050 | Batch 0250/1289 | Loss: 0.1583
Epoch: 012/050 | Batch 0300/1289 | Loss: 0.1725
Epoch: 012/050 | Batch 0350/1289 | Loss: 0.1512
Epoch: 012/050 | Batch 0400/1289 | Loss: 0.1347
Epoch: 012/050 | Batch 0450/1289 | Loss: 0.1578
Epoch: 012/050 | Batch 0500/1289 | Loss: 0.2141
Epoch: 012/050 | Batch 0550/1289 | Loss: 0.1314
Epoch: 012/050 | Batch 0600/1289 | Loss: 0.2281
Epoch: 012/050 | Batch 0650/1289 | Loss: 0.1461
Epoch: 012/050 | Batch 0700/1289 | Loss: 0.1309
Epoch: 012/050 | Batch 0750/1289 | Loss: 0.2361
Epoch: 012/050 | Batch 0800/1289 | Loss: 0.1514
Epoch: 012/050 | Batch 0850/1289 | Loss: 0.1320
Epoch: 012/050 | Batch 0900/1289 | Loss: 0.1270
Epoch: 012/050 | Batch 0950/1289 | Loss: 0.1169
Epoch: 012/050 | Batch 1000/1289 | Loss: 0.1474
Epoch: 012/050 | Batch 1050/1289 | Loss: 0.1412
Epoch: 012/050 | Batch 1100/1289 | Loss: 0.1436
Epoch: 012/050 | Batch 1150/1289 | Loss: 0.1244
Epoch: 012/050 | Batch 1200/1289 | Loss: 0.1499
Epoch: 012/050 | Batch 1250/1289 | Loss: 0.1176
MAE/RMSE/ACC: Current Valid: 3.29/4.37/11.56 Ep. 12 | Best Valid: 3.23/4.28/11.56 | Ep. 11
Time elapsed: 25.88 min
Epoch: 013/050 | Batch 0000/1289 | Loss: 0.1819
Epoch: 013/050 | Batch 0050/1289 | Loss: 0.1976
Epoch: 013/050 | Batch 0100/1289 | Loss: 0.1517
Epoch: 013/050 | Batch 0150/1289 | Loss: 0.1516
Epoch: 013/050 | Batch 0200/1289 | Loss: 0.1926
Epoch: 013/050 | Batch 0250/1289 | Loss: 0.1378
Epoch: 013/050 | Batch 0300/1289 | Loss: 0.1694
Epoch: 013/050 | Batch 0350/1289 | Loss: 0.1568
Epoch: 013/050 | Batch 0400/1289 | Loss: 0.1699
Epoch: 013/050 | Batch 0450/1289 | Loss: 0.1515
Epoch: 013/050 | Batch 0500/1289 | Loss: 0.1811
Epoch: 013/050 | Batch 0550/1289 | Loss: 0.1629
Epoch: 013/050 | Batch 0600/1289 | Loss: 0.1314
Epoch: 013/050 | Batch 0650/1289 | Loss: 0.1459
Epoch: 013/050 | Batch 0700/1289 | Loss: 0.1650
Epoch: 013/050 | Batch 0750/1289 | Loss: 0.2638
Epoch: 013/050 | Batch 0800/1289 | Loss: 0.1638
Epoch: 013/050 | Batch 0850/1289 | Loss: 0.1537
Epoch: 013/050 | Batch 0900/1289 | Loss: 0.1384
Epoch: 013/050 | Batch 0950/1289 | Loss: 0.1449
Epoch: 013/050 | Batch 1000/1289 | Loss: 0.1685
Epoch: 013/050 | Batch 1050/1289 | Loss: 0.1626
Epoch: 013/050 | Batch 1100/1289 | Loss: 0.1623
Epoch: 013/050 | Batch 1150/1289 | Loss: 0.1276
Epoch: 013/050 | Batch 1200/1289 | Loss: 0.1511
Epoch: 013/050 | Batch 1250/1289 | Loss: 0.1808
MAE/RMSE/ACC: Current Valid: 3.16/4.24/11.31 Ep. 13 | Best Valid: 3.16/4.24/11.31 | Ep. 13
Time elapsed: 28.09 min
Epoch: 014/050 | Batch 0000/1289 | Loss: 0.1339
Epoch: 014/050 | Batch 0050/1289 | Loss: 0.1234
Epoch: 014/050 | Batch 0100/1289 | Loss: 0.1328
Epoch: 014/050 | Batch 0150/1289 | Loss: 0.1452
Epoch: 014/050 | Batch 0200/1289 | Loss: 0.1316
Epoch: 014/050 | Batch 0250/1289 | Loss: 0.1789
Epoch: 014/050 | Batch 0300/1289 | Loss: 0.1235
Epoch: 014/050 | Batch 0350/1289 | Loss: 0.1302
Epoch: 014/050 | Batch 0400/1289 | Loss: 0.1716
Epoch: 014/050 | Batch 0450/1289 | Loss: 0.1391
Epoch: 014/050 | Batch 0500/1289 | Loss: 0.1481
Epoch: 014/050 | Batch 0550/1289 | Loss: 0.1582
Epoch: 014/050 | Batch 0600/1289 | Loss: 0.1879
Epoch: 014/050 | Batch 0650/1289 | Loss: 0.1238
Epoch: 014/050 | Batch 0700/1289 | Loss: 0.1483
Epoch: 014/050 | Batch 0750/1289 | Loss: 0.1973
Epoch: 014/050 | Batch 0800/1289 | Loss: 0.1313
Epoch: 014/050 | Batch 0850/1289 | Loss: 0.1341
Epoch: 014/050 | Batch 0900/1289 | Loss: 0.1544
Epoch: 014/050 | Batch 0950/1289 | Loss: 0.1416
Epoch: 014/050 | Batch 1000/1289 | Loss: 0.1568
Epoch: 014/050 | Batch 1050/1289 | Loss: 0.1784
Epoch: 014/050 | Batch 1100/1289 | Loss: 0.1407
Epoch: 014/050 | Batch 1150/1289 | Loss: 0.1512
Epoch: 014/050 | Batch 1200/1289 | Loss: 0.1132
Epoch: 014/050 | Batch 1250/1289 | Loss: 0.1376
MAE/RMSE/ACC: Current Valid: 3.08/4.08/11.08 Ep. 14 | Best Valid: 3.08/4.08/11.08 | Ep. 14
Time elapsed: 30.25 min
Epoch: 015/050 | Batch 0000/1289 | Loss: 0.1825
Epoch: 015/050 | Batch 0050/1289 | Loss: 0.1226
Epoch: 015/050 | Batch 0100/1289 | Loss: 0.1192
Epoch: 015/050 | Batch 0150/1289 | Loss: 0.1296
Epoch: 015/050 | Batch 0200/1289 | Loss: 0.1287
Epoch: 015/050 | Batch 0250/1289 | Loss: 0.1237
Epoch: 015/050 | Batch 0300/1289 | Loss: 0.1363
Epoch: 015/050 | Batch 0350/1289 | Loss: 0.1738
Epoch: 015/050 | Batch 0400/1289 | Loss: 0.1727
Epoch: 015/050 | Batch 0450/1289 | Loss: 0.1427
Epoch: 015/050 | Batch 0500/1289 | Loss: 0.1272
Epoch: 015/050 | Batch 0550/1289 | Loss: 0.1313
Epoch: 015/050 | Batch 0600/1289 | Loss: 0.1311
Epoch: 015/050 | Batch 0650/1289 | Loss: 0.1636
Epoch: 015/050 | Batch 0700/1289 | Loss: 0.1587
Epoch: 015/050 | Batch 0750/1289 | Loss: 0.1358
Epoch: 015/050 | Batch 0800/1289 | Loss: 0.1302
Epoch: 015/050 | Batch 0850/1289 | Loss: 0.1397
Epoch: 015/050 | Batch 0900/1289 | Loss: 0.1308
Epoch: 015/050 | Batch 0950/1289 | Loss: 0.1323
Epoch: 015/050 | Batch 1000/1289 | Loss: 0.1220
Epoch: 015/050 | Batch 1050/1289 | Loss: 0.1815
Epoch: 015/050 | Batch 1100/1289 | Loss: 0.1145
Epoch: 015/050 | Batch 1150/1289 | Loss: 0.1584
Epoch: 015/050 | Batch 1200/1289 | Loss: 0.1401
Epoch: 015/050 | Batch 1250/1289 | Loss: 0.1356
MAE/RMSE/ACC: Current Valid: 3.12/4.14/11.08 Ep. 15 | Best Valid: 3.08/4.08/11.08 | Ep. 14
Time elapsed: 32.38 min
Epoch: 016/050 | Batch 0000/1289 | Loss: 0.1142
Epoch: 016/050 | Batch 0050/1289 | Loss: 0.1335
Epoch: 016/050 | Batch 0100/1289 | Loss: 0.1324
Epoch: 016/050 | Batch 0150/1289 | Loss: 0.1614
Epoch: 016/050 | Batch 0200/1289 | Loss: 0.1318
Epoch: 016/050 | Batch 0250/1289 | Loss: 0.1783
Epoch: 016/050 | Batch 0300/1289 | Loss: 0.1368
Epoch: 016/050 | Batch 0350/1289 | Loss: 0.1493
Epoch: 016/050 | Batch 0400/1289 | Loss: 0.1309
Epoch: 016/050 | Batch 0450/1289 | Loss: 0.1349
Epoch: 016/050 | Batch 0500/1289 | Loss: 0.1934
Epoch: 016/050 | Batch 0550/1289 | Loss: 0.1910
Epoch: 016/050 | Batch 0600/1289 | Loss: 0.1631
Epoch: 016/050 | Batch 0650/1289 | Loss: 0.1871
Epoch: 016/050 | Batch 0700/1289 | Loss: 0.1741
Epoch: 016/050 | Batch 0750/1289 | Loss: 0.1488
Epoch: 016/050 | Batch 0800/1289 | Loss: 0.1380
Epoch: 016/050 | Batch 0850/1289 | Loss: 0.1366
Epoch: 016/050 | Batch 0900/1289 | Loss: 0.1722
Epoch: 016/050 | Batch 0950/1289 | Loss: 0.1121
Epoch: 016/050 | Batch 1000/1289 | Loss: 0.1742
Epoch: 016/050 | Batch 1050/1289 | Loss: 0.1334
Epoch: 016/050 | Batch 1100/1289 | Loss: 0.1280
Epoch: 016/050 | Batch 1150/1289 | Loss: 0.1092
Epoch: 016/050 | Batch 1200/1289 | Loss: 0.1648
Epoch: 016/050 | Batch 1250/1289 | Loss: 0.1739
MAE/RMSE/ACC: Current Valid: 3.34/4.41/11.08 Ep. 16 | Best Valid: 3.08/4.08/11.08 | Ep. 14
Time elapsed: 34.54 min
Epoch: 017/050 | Batch 0000/1289 | Loss: 0.1079
Epoch: 017/050 | Batch 0050/1289 | Loss: 0.1344
Epoch: 017/050 | Batch 0100/1289 | Loss: 0.1097
Epoch: 017/050 | Batch 0150/1289 | Loss: 0.1602
Epoch: 017/050 | Batch 0200/1289 | Loss: 0.1415
Epoch: 017/050 | Batch 0250/1289 | Loss: 0.1384
Epoch: 017/050 | Batch 0300/1289 | Loss: 0.1845
Epoch: 017/050 | Batch 0350/1289 | Loss: 0.1677
Epoch: 017/050 | Batch 0400/1289 | Loss: 0.1588
Epoch: 017/050 | Batch 0450/1289 | Loss: 0.1246
Epoch: 017/050 | Batch 0500/1289 | Loss: 0.1407
Epoch: 017/050 | Batch 0550/1289 | Loss: 0.1827
Epoch: 017/050 | Batch 0600/1289 | Loss: 0.1570
Epoch: 017/050 | Batch 0650/1289 | Loss: 0.1024
Epoch: 017/050 | Batch 0700/1289 | Loss: 0.1245
Epoch: 017/050 | Batch 0750/1289 | Loss: 0.1356
Epoch: 017/050 | Batch 0800/1289 | Loss: 0.1233
Epoch: 017/050 | Batch 0850/1289 | Loss: 0.1460
Epoch: 017/050 | Batch 0900/1289 | Loss: 0.1361
Epoch: 017/050 | Batch 0950/1289 | Loss: 0.1476
Epoch: 017/050 | Batch 1000/1289 | Loss: 0.1463
Epoch: 017/050 | Batch 1050/1289 | Loss: 0.1827
Epoch: 017/050 | Batch 1100/1289 | Loss: 0.1427
Epoch: 017/050 | Batch 1150/1289 | Loss: 0.1378
Epoch: 017/050 | Batch 1200/1289 | Loss: 0.1091
Epoch: 017/050 | Batch 1250/1289 | Loss: 0.1933
MAE/RMSE/ACC: Current Valid: 3.13/4.16/11.08 Ep. 17 | Best Valid: 3.08/4.08/11.08 | Ep. 14
Time elapsed: 36.70 min
Epoch: 018/050 | Batch 0000/1289 | Loss: 0.1442
Epoch: 018/050 | Batch 0050/1289 | Loss: 0.1494
Epoch: 018/050 | Batch 0100/1289 | Loss: 0.1670
Epoch: 018/050 | Batch 0150/1289 | Loss: 0.1757
Epoch: 018/050 | Batch 0200/1289 | Loss: 0.1231
Epoch: 018/050 | Batch 0250/1289 | Loss: 0.1388
Epoch: 018/050 | Batch 0300/1289 | Loss: 0.0996
Epoch: 018/050 | Batch 0350/1289 | Loss: 0.1426
Epoch: 018/050 | Batch 0400/1289 | Loss: 0.1060
Epoch: 018/050 | Batch 0450/1289 | Loss: 0.1549
Epoch: 018/050 | Batch 0500/1289 | Loss: 0.1227
Epoch: 018/050 | Batch 0550/1289 | Loss: 0.1025
Epoch: 018/050 | Batch 0600/1289 | Loss: 0.1469
Epoch: 018/050 | Batch 0650/1289 | Loss: 0.1475
Epoch: 018/050 | Batch 0700/1289 | Loss: 0.1174
Epoch: 018/050 | Batch 0750/1289 | Loss: 0.1662
Epoch: 018/050 | Batch 0800/1289 | Loss: 0.1271
Epoch: 018/050 | Batch 0850/1289 | Loss: 0.1353
Epoch: 018/050 | Batch 0900/1289 | Loss: 0.1408
Epoch: 018/050 | Batch 0950/1289 | Loss: 0.1395
Epoch: 018/050 | Batch 1000/1289 | Loss: 0.1621
Epoch: 018/050 | Batch 1050/1289 | Loss: 0.1833
Epoch: 018/050 | Batch 1100/1289 | Loss: 0.1563
Epoch: 018/050 | Batch 1150/1289 | Loss: 0.1446
Epoch: 018/050 | Batch 1200/1289 | Loss: 0.1771
Epoch: 018/050 | Batch 1250/1289 | Loss: 0.1591
MAE/RMSE/ACC: Current Valid: 3.14/4.12/11.08 Ep. 18 | Best Valid: 3.08/4.08/11.08 | Ep. 14
Time elapsed: 38.85 min
Epoch: 019/050 | Batch 0000/1289 | Loss: 0.1168
Epoch: 019/050 | Batch 0050/1289 | Loss: 0.1651
Epoch: 019/050 | Batch 0100/1289 | Loss: 0.1383
Epoch: 019/050 | Batch 0150/1289 | Loss: 0.2048
Epoch: 019/050 | Batch 0200/1289 | Loss: 0.2074
Epoch: 019/050 | Batch 0250/1289 | Loss: 0.1336
Epoch: 019/050 | Batch 0300/1289 | Loss: 0.1426
Epoch: 019/050 | Batch 0350/1289 | Loss: 0.1577
Epoch: 019/050 | Batch 0400/1289 | Loss: 0.1539
Epoch: 019/050 | Batch 0450/1289 | Loss: 0.1441
Epoch: 019/050 | Batch 0500/1289 | Loss: 0.1892
Epoch: 019/050 | Batch 0550/1289 | Loss: 0.1374
Epoch: 019/050 | Batch 0600/1289 | Loss: 0.1413
Epoch: 019/050 | Batch 0650/1289 | Loss: 0.1130
Epoch: 019/050 | Batch 0700/1289 | Loss: 0.1425
Epoch: 019/050 | Batch 0750/1289 | Loss: 0.1426
Epoch: 019/050 | Batch 0800/1289 | Loss: 0.1287
Epoch: 019/050 | Batch 0850/1289 | Loss: 0.1134
Epoch: 019/050 | Batch 0900/1289 | Loss: 0.1211
Epoch: 019/050 | Batch 0950/1289 | Loss: 0.1157
Epoch: 019/050 | Batch 1000/1289 | Loss: 0.1254
Epoch: 019/050 | Batch 1050/1289 | Loss: 0.1175
Epoch: 019/050 | Batch 1100/1289 | Loss: 0.1645
Epoch: 019/050 | Batch 1150/1289 | Loss: 0.1549
Epoch: 019/050 | Batch 1200/1289 | Loss: 0.1378
Epoch: 019/050 | Batch 1250/1289 | Loss: 0.1380
MAE/RMSE/ACC: Current Valid: 2.96/3.96/12.04 Ep. 19 | Best Valid: 2.96/3.96/12.04 | Ep. 19
Time elapsed: 41.00 min
Epoch: 020/050 | Batch 0000/1289 | Loss: 0.1180
Epoch: 020/050 | Batch 0050/1289 | Loss: 0.1284
Epoch: 020/050 | Batch 0100/1289 | Loss: 0.0862
Epoch: 020/050 | Batch 0150/1289 | Loss: 0.1643
Epoch: 020/050 | Batch 0200/1289 | Loss: 0.1229
Epoch: 020/050 | Batch 0250/1289 | Loss: 0.1381
Epoch: 020/050 | Batch 0300/1289 | Loss: 0.1072
Epoch: 020/050 | Batch 0350/1289 | Loss: 0.1782
Epoch: 020/050 | Batch 0400/1289 | Loss: 0.1277
Epoch: 020/050 | Batch 0450/1289 | Loss: 0.1339
Epoch: 020/050 | Batch 0500/1289 | Loss: 0.0973
Epoch: 020/050 | Batch 0550/1289 | Loss: 0.1328
Epoch: 020/050 | Batch 0600/1289 | Loss: 0.1271
Epoch: 020/050 | Batch 0650/1289 | Loss: 0.1286
Epoch: 020/050 | Batch 0700/1289 | Loss: 0.1747
Epoch: 020/050 | Batch 0750/1289 | Loss: 0.1261
Epoch: 020/050 | Batch 0800/1289 | Loss: 0.1286
Epoch: 020/050 | Batch 0850/1289 | Loss: 0.1463
Epoch: 020/050 | Batch 0900/1289 | Loss: 0.1215
Epoch: 020/050 | Batch 0950/1289 | Loss: 0.1160
Epoch: 020/050 | Batch 1000/1289 | Loss: 0.1086
Epoch: 020/050 | Batch 1050/1289 | Loss: 0.1009
Epoch: 020/050 | Batch 1100/1289 | Loss: 0.1157
Epoch: 020/050 | Batch 1150/1289 | Loss: 0.1126
Epoch: 020/050 | Batch 1200/1289 | Loss: 0.1835
Epoch: 020/050 | Batch 1250/1289 | Loss: 0.1309
MAE/RMSE/ACC: Current Valid: 3.03/4.05/12.04 Ep. 20 | Best Valid: 2.96/3.96/12.04 | Ep. 19
Time elapsed: 43.16 min
Epoch: 021/050 | Batch 0000/1289 | Loss: 0.1329
Epoch: 021/050 | Batch 0050/1289 | Loss: 0.1309
Epoch: 021/050 | Batch 0100/1289 | Loss: 0.1069
Epoch: 021/050 | Batch 0150/1289 | Loss: 0.1219
Epoch: 021/050 | Batch 0200/1289 | Loss: 0.1165
Epoch: 021/050 | Batch 0250/1289 | Loss: 0.1335
Epoch: 021/050 | Batch 0300/1289 | Loss: 0.1326
Epoch: 021/050 | Batch 0350/1289 | Loss: 0.1203
Epoch: 021/050 | Batch 0400/1289 | Loss: 0.1145
Epoch: 021/050 | Batch 0450/1289 | Loss: 0.1662
Epoch: 021/050 | Batch 0500/1289 | Loss: 0.1386
Epoch: 021/050 | Batch 0550/1289 | Loss: 0.1471
Epoch: 021/050 | Batch 0600/1289 | Loss: 0.1249
Epoch: 021/050 | Batch 0650/1289 | Loss: 0.1436
Epoch: 021/050 | Batch 0700/1289 | Loss: 0.1315
Epoch: 021/050 | Batch 0750/1289 | Loss: 0.1052
Epoch: 021/050 | Batch 0800/1289 | Loss: 0.1371
Epoch: 021/050 | Batch 0850/1289 | Loss: 0.1733
Epoch: 021/050 | Batch 0900/1289 | Loss: 0.1297
Epoch: 021/050 | Batch 0950/1289 | Loss: 0.1023
Epoch: 021/050 | Batch 1000/1289 | Loss: 0.1325
Epoch: 021/050 | Batch 1050/1289 | Loss: 0.1461
Epoch: 021/050 | Batch 1100/1289 | Loss: 0.1079
Epoch: 021/050 | Batch 1150/1289 | Loss: 0.1549
Epoch: 021/050 | Batch 1200/1289 | Loss: 0.1777
Epoch: 021/050 | Batch 1250/1289 | Loss: 0.1825
MAE/RMSE/ACC: Current Valid: 3.27/4.37/12.04 Ep. 21 | Best Valid: 2.96/3.96/12.04 | Ep. 19
Time elapsed: 45.30 min
Epoch: 022/050 | Batch 0000/1289 | Loss: 0.1064
Epoch: 022/050 | Batch 0050/1289 | Loss: 0.1557
Epoch: 022/050 | Batch 0100/1289 | Loss: 0.1366
Epoch: 022/050 | Batch 0150/1289 | Loss: 0.1273
Epoch: 022/050 | Batch 0200/1289 | Loss: 0.1173
Epoch: 022/050 | Batch 0250/1289 | Loss: 0.1205
Epoch: 022/050 | Batch 0300/1289 | Loss: 0.1352
Epoch: 022/050 | Batch 0350/1289 | Loss: 0.1287
Epoch: 022/050 | Batch 0400/1289 | Loss: 0.0941
Epoch: 022/050 | Batch 0450/1289 | Loss: 0.1097
Epoch: 022/050 | Batch 0500/1289 | Loss: 0.1736
Epoch: 022/050 | Batch 0550/1289 | Loss: 0.1541
Epoch: 022/050 | Batch 0600/1289 | Loss: 0.1163
Epoch: 022/050 | Batch 0650/1289 | Loss: 0.1398
Epoch: 022/050 | Batch 0700/1289 | Loss: 0.1323
Epoch: 022/050 | Batch 0750/1289 | Loss: 0.1631
Epoch: 022/050 | Batch 0800/1289 | Loss: 0.1774
Epoch: 022/050 | Batch 0850/1289 | Loss: 0.1065
Epoch: 022/050 | Batch 0900/1289 | Loss: 0.1554
Epoch: 022/050 | Batch 0950/1289 | Loss: 0.0875
Epoch: 022/050 | Batch 1000/1289 | Loss: 0.1595
Epoch: 022/050 | Batch 1050/1289 | Loss: 0.1427
Epoch: 022/050 | Batch 1100/1289 | Loss: 0.1031
Epoch: 022/050 | Batch 1150/1289 | Loss: 0.1447
Epoch: 022/050 | Batch 1200/1289 | Loss: 0.1274
Epoch: 022/050 | Batch 1250/1289 | Loss: 0.1324
MAE/RMSE/ACC: Current Valid: 3.12/4.22/12.04 Ep. 22 | Best Valid: 2.96/3.96/12.04 | Ep. 19
Time elapsed: 47.44 min
Epoch: 023/050 | Batch 0000/1289 | Loss: 0.1246
Epoch: 023/050 | Batch 0050/1289 | Loss: 0.1140
Epoch: 023/050 | Batch 0100/1289 | Loss: 0.1066
Epoch: 023/050 | Batch 0150/1289 | Loss: 0.1066
Epoch: 023/050 | Batch 0200/1289 | Loss: 0.1215
Epoch: 023/050 | Batch 0250/1289 | Loss: 0.1184
Epoch: 023/050 | Batch 0300/1289 | Loss: 0.1201
Epoch: 023/050 | Batch 0350/1289 | Loss: 0.1536
Epoch: 023/050 | Batch 0400/1289 | Loss: 0.1389
Epoch: 023/050 | Batch 0450/1289 | Loss: 0.1516
Epoch: 023/050 | Batch 0500/1289 | Loss: 0.1201
Epoch: 023/050 | Batch 0550/1289 | Loss: 0.1332
Epoch: 023/050 | Batch 0600/1289 | Loss: 0.1525
Epoch: 023/050 | Batch 0650/1289 | Loss: 0.1156
Epoch: 023/050 | Batch 0700/1289 | Loss: 0.1123
Epoch: 023/050 | Batch 0750/1289 | Loss: 0.1279
Epoch: 023/050 | Batch 0800/1289 | Loss: 0.1471
Epoch: 023/050 | Batch 0850/1289 | Loss: 0.1282
Epoch: 023/050 | Batch 0900/1289 | Loss: 0.1146
Epoch: 023/050 | Batch 0950/1289 | Loss: 0.1371
Epoch: 023/050 | Batch 1000/1289 | Loss: 0.1363
Epoch: 023/050 | Batch 1050/1289 | Loss: 0.1294
Epoch: 023/050 | Batch 1100/1289 | Loss: 0.1112
Epoch: 023/050 | Batch 1150/1289 | Loss: 0.1273
Epoch: 023/050 | Batch 1200/1289 | Loss: 0.1356
Epoch: 023/050 | Batch 1250/1289 | Loss: 0.1294
MAE/RMSE/ACC: Current Valid: 3.00/4.05/12.04 Ep. 23 | Best Valid: 2.96/3.96/12.04 | Ep. 19
Time elapsed: 49.58 min
Epoch: 024/050 | Batch 0000/1289 | Loss: 0.1283
Epoch: 024/050 | Batch 0050/1289 | Loss: 0.1410
Epoch: 024/050 | Batch 0100/1289 | Loss: 0.1250
Epoch: 024/050 | Batch 0150/1289 | Loss: 0.1051
Epoch: 024/050 | Batch 0200/1289 | Loss: 0.1605
Epoch: 024/050 | Batch 0250/1289 | Loss: 0.0882
Epoch: 024/050 | Batch 0300/1289 | Loss: 0.1394
Epoch: 024/050 | Batch 0350/1289 | Loss: 0.1075
Epoch: 024/050 | Batch 0400/1289 | Loss: 0.1542
Epoch: 024/050 | Batch 0450/1289 | Loss: 0.1199
Epoch: 024/050 | Batch 0500/1289 | Loss: 0.0927
Epoch: 024/050 | Batch 0550/1289 | Loss: 0.1025
Epoch: 024/050 | Batch 0600/1289 | Loss: 0.1315
Epoch: 024/050 | Batch 0650/1289 | Loss: 0.1566
Epoch: 024/050 | Batch 0700/1289 | Loss: 0.1685
Epoch: 024/050 | Batch 0750/1289 | Loss: 0.1151
Epoch: 024/050 | Batch 0800/1289 | Loss: 0.1271
Epoch: 024/050 | Batch 0850/1289 | Loss: 0.1867
Epoch: 024/050 | Batch 0900/1289 | Loss: 0.1124
Epoch: 024/050 | Batch 0950/1289 | Loss: 0.1320
Epoch: 024/050 | Batch 1000/1289 | Loss: 0.1061
Epoch: 024/050 | Batch 1050/1289 | Loss: 0.1328
Epoch: 024/050 | Batch 1100/1289 | Loss: 0.1364
Epoch: 024/050 | Batch 1150/1289 | Loss: 0.1321
Epoch: 024/050 | Batch 1200/1289 | Loss: 0.1145
Epoch: 024/050 | Batch 1250/1289 | Loss: 0.1036
MAE/RMSE/ACC: Current Valid: 3.05/4.11/12.04 Ep. 24 | Best Valid: 2.96/3.96/12.04 | Ep. 19
Time elapsed: 51.72 min
Epoch: 025/050 | Batch 0000/1289 | Loss: 0.1270
Epoch: 025/050 | Batch 0050/1289 | Loss: 0.1151
Epoch: 025/050 | Batch 0100/1289 | Loss: 0.1194
Epoch: 025/050 | Batch 0150/1289 | Loss: 0.0933
Epoch: 025/050 | Batch 0200/1289 | Loss: 0.1168
Epoch: 025/050 | Batch 0250/1289 | Loss: 0.1304
Epoch: 025/050 | Batch 0300/1289 | Loss: 0.0983
Epoch: 025/050 | Batch 0350/1289 | Loss: 0.1195
Epoch: 025/050 | Batch 0400/1289 | Loss: 0.1408
Epoch: 025/050 | Batch 0450/1289 | Loss: 0.1037
Epoch: 025/050 | Batch 0500/1289 | Loss: 0.1232
Epoch: 025/050 | Batch 0550/1289 | Loss: 0.0987
Epoch: 025/050 | Batch 0600/1289 | Loss: 0.1300
Epoch: 025/050 | Batch 0650/1289 | Loss: 0.0876
Epoch: 025/050 | Batch 0700/1289 | Loss: 0.1270
Epoch: 025/050 | Batch 0750/1289 | Loss: 0.1173
Epoch: 025/050 | Batch 0800/1289 | Loss: 0.1640
Epoch: 025/050 | Batch 0850/1289 | Loss: 0.1189
Epoch: 025/050 | Batch 0900/1289 | Loss: 0.1217
Epoch: 025/050 | Batch 0950/1289 | Loss: 0.1184
Epoch: 025/050 | Batch 1000/1289 | Loss: 0.1214
Epoch: 025/050 | Batch 1050/1289 | Loss: 0.1227
Epoch: 025/050 | Batch 1100/1289 | Loss: 0.1253
Epoch: 025/050 | Batch 1150/1289 | Loss: 0.1519
Epoch: 025/050 | Batch 1200/1289 | Loss: 0.1395
Epoch: 025/050 | Batch 1250/1289 | Loss: 0.0944
MAE/RMSE/ACC: Current Valid: 2.98/4.03/12.04 Ep. 25 | Best Valid: 2.96/3.96/12.04 | Ep. 19
Time elapsed: 53.88 min
Epoch: 026/050 | Batch 0000/1289 | Loss: 0.1145
Epoch: 026/050 | Batch 0050/1289 | Loss: 0.1301
Epoch: 026/050 | Batch 0100/1289 | Loss: 0.1057
Epoch: 026/050 | Batch 0150/1289 | Loss: 0.1173
Epoch: 026/050 | Batch 0200/1289 | Loss: 0.1146
Epoch: 026/050 | Batch 0250/1289 | Loss: 0.1211
Epoch: 026/050 | Batch 0300/1289 | Loss: 0.1148
Epoch: 026/050 | Batch 0350/1289 | Loss: 0.1015
Epoch: 026/050 | Batch 0400/1289 | Loss: 0.1387
Epoch: 026/050 | Batch 0450/1289 | Loss: 0.0828
Epoch: 026/050 | Batch 0500/1289 | Loss: 0.1020
Epoch: 026/050 | Batch 0550/1289 | Loss: 0.1030
Epoch: 026/050 | Batch 0600/1289 | Loss: 0.0936
Epoch: 026/050 | Batch 0650/1289 | Loss: 0.0874
Epoch: 026/050 | Batch 0700/1289 | Loss: 0.1063
Epoch: 026/050 | Batch 0750/1289 | Loss: 0.1011
Epoch: 026/050 | Batch 0800/1289 | Loss: 0.1197
Epoch: 026/050 | Batch 0850/1289 | Loss: 0.1125
Epoch: 026/050 | Batch 0900/1289 | Loss: 0.1194
Epoch: 026/050 | Batch 0950/1289 | Loss: 0.0916
Epoch: 026/050 | Batch 1000/1289 | Loss: 0.1220
Epoch: 026/050 | Batch 1050/1289 | Loss: 0.0975
Epoch: 026/050 | Batch 1100/1289 | Loss: 0.0959
Epoch: 026/050 | Batch 1150/1289 | Loss: 0.1155
Epoch: 026/050 | Batch 1200/1289 | Loss: 0.1326
Epoch: 026/050 | Batch 1250/1289 | Loss: 0.0816
MAE/RMSE/ACC: Current Valid: 3.05/4.07/12.04 Ep. 26 | Best Valid: 2.96/3.96/12.04 | Ep. 19
Time elapsed: 56.02 min
Epoch: 027/050 | Batch 0000/1289 | Loss: 0.0874
Epoch: 027/050 | Batch 0050/1289 | Loss: 0.0868
Epoch: 027/050 | Batch 0100/1289 | Loss: 0.1297
Epoch: 027/050 | Batch 0150/1289 | Loss: 0.1375
Epoch: 027/050 | Batch 0200/1289 | Loss: 0.0898
Epoch: 027/050 | Batch 0250/1289 | Loss: 0.1487
Epoch: 027/050 | Batch 0300/1289 | Loss: 0.1141
Epoch: 027/050 | Batch 0350/1289 | Loss: 0.1026
Epoch: 027/050 | Batch 0400/1289 | Loss: 0.1228
Epoch: 027/050 | Batch 0450/1289 | Loss: 0.1010
Epoch: 027/050 | Batch 0500/1289 | Loss: 0.1007
Epoch: 027/050 | Batch 0550/1289 | Loss: 0.0822
Epoch: 027/050 | Batch 0600/1289 | Loss: 0.0730
Epoch: 027/050 | Batch 0650/1289 | Loss: 0.0951
Epoch: 027/050 | Batch 0700/1289 | Loss: 0.1136
Epoch: 027/050 | Batch 0750/1289 | Loss: 0.1070
Epoch: 027/050 | Batch 0800/1289 | Loss: 0.1468
Epoch: 027/050 | Batch 0850/1289 | Loss: 0.0856
Epoch: 027/050 | Batch 0900/1289 | Loss: 0.1040
Epoch: 027/050 | Batch 0950/1289 | Loss: 0.0797
Epoch: 027/050 | Batch 1000/1289 | Loss: 0.1324
Epoch: 027/050 | Batch 1050/1289 | Loss: 0.1502
Epoch: 027/050 | Batch 1100/1289 | Loss: 0.1202
Epoch: 027/050 | Batch 1150/1289 | Loss: 0.0862
Epoch: 027/050 | Batch 1200/1289 | Loss: 0.1282
Epoch: 027/050 | Batch 1250/1289 | Loss: 0.1091
MAE/RMSE/ACC: Current Valid: 2.97/4.05/12.04 Ep. 27 | Best Valid: 2.96/3.96/12.04 | Ep. 19
Time elapsed: 58.15 min
Epoch: 028/050 | Batch 0000/1289 | Loss: 0.1042
Epoch: 028/050 | Batch 0050/1289 | Loss: 0.1227
Epoch: 028/050 | Batch 0100/1289 | Loss: 0.0958
Epoch: 028/050 | Batch 0150/1289 | Loss: 0.1125
Epoch: 028/050 | Batch 0200/1289 | Loss: 0.0766
Epoch: 028/050 | Batch 0250/1289 | Loss: 0.1279
Epoch: 028/050 | Batch 0300/1289 | Loss: 0.1549
Epoch: 028/050 | Batch 0350/1289 | Loss: 0.1086
Epoch: 028/050 | Batch 0400/1289 | Loss: 0.0938
Epoch: 028/050 | Batch 0450/1289 | Loss: 0.1056
Epoch: 028/050 | Batch 0500/1289 | Loss: 0.1226
Epoch: 028/050 | Batch 0550/1289 | Loss: 0.0984
Epoch: 028/050 | Batch 0600/1289 | Loss: 0.0706
Epoch: 028/050 | Batch 0650/1289 | Loss: 0.0940
Epoch: 028/050 | Batch 0700/1289 | Loss: 0.1093
Epoch: 028/050 | Batch 0750/1289 | Loss: 0.1181
Epoch: 028/050 | Batch 0800/1289 | Loss: 0.0975
Epoch: 028/050 | Batch 0850/1289 | Loss: 0.0879
Epoch: 028/050 | Batch 0900/1289 | Loss: 0.1124
Epoch: 028/050 | Batch 0950/1289 | Loss: 0.1027
Epoch: 028/050 | Batch 1000/1289 | Loss: 0.1332
Epoch: 028/050 | Batch 1050/1289 | Loss: 0.0682
Epoch: 028/050 | Batch 1100/1289 | Loss: 0.0824
Epoch: 028/050 | Batch 1150/1289 | Loss: 0.1358
Epoch: 028/050 | Batch 1200/1289 | Loss: 0.0651
Epoch: 028/050 | Batch 1250/1289 | Loss: 0.1147
MAE/RMSE/ACC: Current Valid: 3.10/4.23/12.04 Ep. 28 | Best Valid: 2.96/3.96/12.04 | Ep. 19
Time elapsed: 60.31 min
Epoch: 029/050 | Batch 0000/1289 | Loss: 0.1128
Epoch: 029/050 | Batch 0050/1289 | Loss: 0.0897
Epoch: 029/050 | Batch 0100/1289 | Loss: 0.1144
Epoch: 029/050 | Batch 0150/1289 | Loss: 0.0939
Epoch: 029/050 | Batch 0200/1289 | Loss: 0.0887
Epoch: 029/050 | Batch 0250/1289 | Loss: 0.1019
Epoch: 029/050 | Batch 0300/1289 | Loss: 0.1278
Epoch: 029/050 | Batch 0350/1289 | Loss: 0.1236
Epoch: 029/050 | Batch 0400/1289 | Loss: 0.1324
Epoch: 029/050 | Batch 0450/1289 | Loss: 0.0661
Epoch: 029/050 | Batch 0500/1289 | Loss: 0.1437
Epoch: 029/050 | Batch 0550/1289 | Loss: 0.1185
Epoch: 029/050 | Batch 0600/1289 | Loss: 0.1119
Epoch: 029/050 | Batch 0650/1289 | Loss: 0.1151
Epoch: 029/050 | Batch 0700/1289 | Loss: 0.0839
Epoch: 029/050 | Batch 0750/1289 | Loss: 0.1392
Epoch: 029/050 | Batch 0800/1289 | Loss: 0.1088
Epoch: 029/050 | Batch 0850/1289 | Loss: 0.0945
Epoch: 029/050 | Batch 0900/1289 | Loss: 0.1004
Epoch: 029/050 | Batch 0950/1289 | Loss: 0.0900
Epoch: 029/050 | Batch 1000/1289 | Loss: 0.0951
Epoch: 029/050 | Batch 1050/1289 | Loss: 0.1037
Epoch: 029/050 | Batch 1100/1289 | Loss: 0.0982
Epoch: 029/050 | Batch 1150/1289 | Loss: 0.1017
Epoch: 029/050 | Batch 1200/1289 | Loss: 0.0743
Epoch: 029/050 | Batch 1250/1289 | Loss: 0.1217
MAE/RMSE/ACC: Current Valid: 3.10/4.15/12.04 Ep. 29 | Best Valid: 2.96/3.96/12.04 | Ep. 19
Time elapsed: 62.44 min
Epoch: 030/050 | Batch 0000/1289 | Loss: 0.0888
Epoch: 030/050 | Batch 0050/1289 | Loss: 0.1082
Epoch: 030/050 | Batch 0100/1289 | Loss: 0.0941
Epoch: 030/050 | Batch 0150/1289 | Loss: 0.0713
Epoch: 030/050 | Batch 0200/1289 | Loss: 0.0887
Epoch: 030/050 | Batch 0250/1289 | Loss: 0.0788
Epoch: 030/050 | Batch 0300/1289 | Loss: 0.1116
Epoch: 030/050 | Batch 0350/1289 | Loss: 0.0799
Epoch: 030/050 | Batch 0400/1289 | Loss: 0.0935
Epoch: 030/050 | Batch 0450/1289 | Loss: 0.0565
Epoch: 030/050 | Batch 0500/1289 | Loss: 0.1158
Epoch: 030/050 | Batch 0550/1289 | Loss: 0.1024
Epoch: 030/050 | Batch 0600/1289 | Loss: 0.0719
Epoch: 030/050 | Batch 0650/1289 | Loss: 0.0824
Epoch: 030/050 | Batch 0700/1289 | Loss: 0.0940
Epoch: 030/050 | Batch 0750/1289 | Loss: 0.1228
Epoch: 030/050 | Batch 0800/1289 | Loss: 0.0789
Epoch: 030/050 | Batch 0850/1289 | Loss: 0.0729
Epoch: 030/050 | Batch 0900/1289 | Loss: 0.1042
Epoch: 030/050 | Batch 0950/1289 | Loss: 0.0783
Epoch: 030/050 | Batch 1000/1289 | Loss: 0.1017
Epoch: 030/050 | Batch 1050/1289 | Loss: 0.0837
Epoch: 030/050 | Batch 1100/1289 | Loss: 0.1029
Epoch: 030/050 | Batch 1150/1289 | Loss: 0.0719
Epoch: 030/050 | Batch 1200/1289 | Loss: 0.1127
Epoch: 030/050 | Batch 1250/1289 | Loss: 0.0869
MAE/RMSE/ACC: Current Valid: 3.01/4.14/12.04 Ep. 30 | Best Valid: 2.96/3.96/12.04 | Ep. 19
Time elapsed: 64.60 min
Epoch: 031/050 | Batch 0000/1289 | Loss: 0.0754
Epoch: 031/050 | Batch 0050/1289 | Loss: 0.0953
Epoch: 031/050 | Batch 0100/1289 | Loss: 0.0723
Epoch: 031/050 | Batch 0150/1289 | Loss: 0.0702
Epoch: 031/050 | Batch 0200/1289 | Loss: 0.0837
Epoch: 031/050 | Batch 0250/1289 | Loss: 0.0751
Epoch: 031/050 | Batch 0300/1289 | Loss: 0.0803
Epoch: 031/050 | Batch 0350/1289 | Loss: 0.0700
Epoch: 031/050 | Batch 0400/1289 | Loss: 0.0694
Epoch: 031/050 | Batch 0450/1289 | Loss: 0.0790
Epoch: 031/050 | Batch 0500/1289 | Loss: 0.1073
Epoch: 031/050 | Batch 0550/1289 | Loss: 0.0987
Epoch: 031/050 | Batch 0600/1289 | Loss: 0.0649
Epoch: 031/050 | Batch 0650/1289 | Loss: 0.0947
Epoch: 031/050 | Batch 0700/1289 | Loss: 0.0581
Epoch: 031/050 | Batch 0750/1289 | Loss: 0.0625
Epoch: 031/050 | Batch 0800/1289 | Loss: 0.0953
Epoch: 031/050 | Batch 0850/1289 | Loss: 0.0651
Epoch: 031/050 | Batch 0900/1289 | Loss: 0.0828
Epoch: 031/050 | Batch 0950/1289 | Loss: 0.0690
Epoch: 031/050 | Batch 1000/1289 | Loss: 0.0813
Epoch: 031/050 | Batch 1050/1289 | Loss: 0.0816
Epoch: 031/050 | Batch 1100/1289 | Loss: 0.1079
Epoch: 031/050 | Batch 1150/1289 | Loss: 0.0741
Epoch: 031/050 | Batch 1200/1289 | Loss: 0.0793
Epoch: 031/050 | Batch 1250/1289 | Loss: 0.1200
MAE/RMSE/ACC: Current Valid: 3.12/4.31/12.04 Ep. 31 | Best Valid: 2.96/3.96/12.04 | Ep. 19
Time elapsed: 66.73 min
Epoch: 032/050 | Batch 0000/1289 | Loss: 0.1229
Epoch: 032/050 | Batch 0050/1289 | Loss: 0.0881
Epoch: 032/050 | Batch 0100/1289 | Loss: 0.0814
Epoch: 032/050 | Batch 0150/1289 | Loss: 0.0836
Epoch: 032/050 | Batch 0200/1289 | Loss: 0.0694
Epoch: 032/050 | Batch 0250/1289 | Loss: 0.1195
Epoch: 032/050 | Batch 0300/1289 | Loss: 0.0537
Epoch: 032/050 | Batch 0350/1289 | Loss: 0.0896
Epoch: 032/050 | Batch 0400/1289 | Loss: 0.1295
Epoch: 032/050 | Batch 0450/1289 | Loss: 0.0864
Epoch: 032/050 | Batch 0500/1289 | Loss: 0.1015
Epoch: 032/050 | Batch 0550/1289 | Loss: 0.0852
Epoch: 032/050 | Batch 0600/1289 | Loss: 0.0815
Epoch: 032/050 | Batch 0650/1289 | Loss: 0.0725
Epoch: 032/050 | Batch 0700/1289 | Loss: 0.0625
Epoch: 032/050 | Batch 0750/1289 | Loss: 0.1245
Epoch: 032/050 | Batch 0800/1289 | Loss: 0.0997
Epoch: 032/050 | Batch 0850/1289 | Loss: 0.0977
Epoch: 032/050 | Batch 0900/1289 | Loss: 0.0766
Epoch: 032/050 | Batch 0950/1289 | Loss: 0.0821
Epoch: 032/050 | Batch 1000/1289 | Loss: 0.0990
Epoch: 032/050 | Batch 1050/1289 | Loss: 0.0807
Epoch: 032/050 | Batch 1100/1289 | Loss: 0.1119
Epoch: 032/050 | Batch 1150/1289 | Loss: 0.0735
Epoch: 032/050 | Batch 1200/1289 | Loss: 0.1108
Epoch: 032/050 | Batch 1250/1289 | Loss: 0.0647
MAE/RMSE/ACC: Current Valid: 3.10/4.24/12.04 Ep. 32 | Best Valid: 2.96/3.96/12.04 | Ep. 19
Time elapsed: 68.88 min
Epoch: 033/050 | Batch 0000/1289 | Loss: 0.0717
Epoch: 033/050 | Batch 0050/1289 | Loss: 0.0685
Epoch: 033/050 | Batch 0100/1289 | Loss: 0.0440
Epoch: 033/050 | Batch 0150/1289 | Loss: 0.0590
Epoch: 033/050 | Batch 0200/1289 | Loss: 0.0807
Epoch: 033/050 | Batch 0250/1289 | Loss: 0.0616
Epoch: 033/050 | Batch 0300/1289 | Loss: 0.0721
Epoch: 033/050 | Batch 0350/1289 | Loss: 0.0776
Epoch: 033/050 | Batch 0400/1289 | Loss: 0.0848
Epoch: 033/050 | Batch 0450/1289 | Loss: 0.0761
Epoch: 033/050 | Batch 0500/1289 | Loss: 0.0855
Epoch: 033/050 | Batch 0550/1289 | Loss: 0.0587
Epoch: 033/050 | Batch 0600/1289 | Loss: 0.0615
Epoch: 033/050 | Batch 0650/1289 | Loss: 0.0953
Epoch: 033/050 | Batch 0700/1289 | Loss: 0.0584
Epoch: 033/050 | Batch 0750/1289 | Loss: 0.0441
Epoch: 033/050 | Batch 0800/1289 | Loss: 0.1031
Epoch: 033/050 | Batch 0850/1289 | Loss: 0.0714
Epoch: 033/050 | Batch 0900/1289 | Loss: 0.0773
Epoch: 033/050 | Batch 0950/1289 | Loss: 0.0925
Epoch: 033/050 | Batch 1000/1289 | Loss: 0.1184
Epoch: 033/050 | Batch 1050/1289 | Loss: 0.0702
Epoch: 033/050 | Batch 1100/1289 | Loss: 0.0516
Epoch: 033/050 | Batch 1150/1289 | Loss: 0.0729
Epoch: 033/050 | Batch 1200/1289 | Loss: 0.0841
Epoch: 033/050 | Batch 1250/1289 | Loss: 0.0872
MAE/RMSE/ACC: Current Valid: 3.00/4.11/12.04 Ep. 33 | Best Valid: 2.96/3.96/12.04 | Ep. 19
Time elapsed: 71.03 min
Epoch: 034/050 | Batch 0000/1289 | Loss: 0.0641
Epoch: 034/050 | Batch 0050/1289 | Loss: 0.0502
Epoch: 034/050 | Batch 0100/1289 | Loss: 0.0720
Epoch: 034/050 | Batch 0150/1289 | Loss: 0.0698
Epoch: 034/050 | Batch 0200/1289 | Loss: 0.0701
Epoch: 034/050 | Batch 0250/1289 | Loss: 0.0541
Epoch: 034/050 | Batch 0300/1289 | Loss: 0.0748
Epoch: 034/050 | Batch 0350/1289 | Loss: 0.0780
Epoch: 034/050 | Batch 0400/1289 | Loss: 0.0769
Epoch: 034/050 | Batch 0450/1289 | Loss: 0.0499
Epoch: 034/050 | Batch 0500/1289 | Loss: 0.0509
Epoch: 034/050 | Batch 0550/1289 | Loss: 0.0497
Epoch: 034/050 | Batch 0600/1289 | Loss: 0.0760
Epoch: 034/050 | Batch 0650/1289 | Loss: 0.0554
Epoch: 034/050 | Batch 0700/1289 | Loss: 0.1177
Epoch: 034/050 | Batch 0750/1289 | Loss: 0.0715
Epoch: 034/050 | Batch 0800/1289 | Loss: 0.0630
Epoch: 034/050 | Batch 0850/1289 | Loss: 0.0525
Epoch: 034/050 | Batch 0900/1289 | Loss: 0.0370
Epoch: 034/050 | Batch 0950/1289 | Loss: 0.0575
Epoch: 034/050 | Batch 1000/1289 | Loss: 0.0683
Epoch: 034/050 | Batch 1050/1289 | Loss: 0.0628
Epoch: 034/050 | Batch 1100/1289 | Loss: 0.0873
Epoch: 034/050 | Batch 1150/1289 | Loss: 0.0781
Epoch: 034/050 | Batch 1200/1289 | Loss: 0.0677
Epoch: 034/050 | Batch 1250/1289 | Loss: 0.0632
MAE/RMSE/ACC: Current Valid: 3.32/4.43/12.04 Ep. 34 | Best Valid: 2.96/3.96/12.04 | Ep. 19
Time elapsed: 73.18 min
Epoch: 035/050 | Batch 0000/1289 | Loss: 0.0648
Epoch: 035/050 | Batch 0050/1289 | Loss: 0.0597
Epoch: 035/050 | Batch 0100/1289 | Loss: 0.0608
Epoch: 035/050 | Batch 0150/1289 | Loss: 0.0649
Epoch: 035/050 | Batch 0200/1289 | Loss: 0.0464
Epoch: 035/050 | Batch 0250/1289 | Loss: 0.0794
Epoch: 035/050 | Batch 0300/1289 | Loss: 0.0566
Epoch: 035/050 | Batch 0350/1289 | Loss: 0.0502
Epoch: 035/050 | Batch 0400/1289 | Loss: 0.0918
Epoch: 035/050 | Batch 0450/1289 | Loss: 0.0604
Epoch: 035/050 | Batch 0500/1289 | Loss: 0.0671
Epoch: 035/050 | Batch 0550/1289 | Loss: 0.0643
Epoch: 035/050 | Batch 0600/1289 | Loss: 0.0754
Epoch: 035/050 | Batch 0650/1289 | Loss: 0.0582
Epoch: 035/050 | Batch 0700/1289 | Loss: 0.0512
Epoch: 035/050 | Batch 0750/1289 | Loss: 0.0680
Epoch: 035/050 | Batch 0800/1289 | Loss: 0.0641
Epoch: 035/050 | Batch 0850/1289 | Loss: 0.0579
Epoch: 035/050 | Batch 0900/1289 | Loss: 0.0814
Epoch: 035/050 | Batch 0950/1289 | Loss: 0.0709
Epoch: 035/050 | Batch 1000/1289 | Loss: 0.0599
Epoch: 035/050 | Batch 1050/1289 | Loss: 0.0579
Epoch: 035/050 | Batch 1100/1289 | Loss: 0.0347
Epoch: 035/050 | Batch 1150/1289 | Loss: 0.0448
Epoch: 035/050 | Batch 1200/1289 | Loss: 0.0429
Epoch: 035/050 | Batch 1250/1289 | Loss: 0.0841
MAE/RMSE/ACC: Current Valid: 3.58/4.78/12.04 Ep. 35 | Best Valid: 2.96/3.96/12.04 | Ep. 19
Time elapsed: 75.32 min
Epoch: 036/050 | Batch 0000/1289 | Loss: 0.0589
Epoch: 036/050 | Batch 0050/1289 | Loss: 0.0350
Epoch: 036/050 | Batch 0100/1289 | Loss: 0.0764
Epoch: 036/050 | Batch 0150/1289 | Loss: 0.0312
Epoch: 036/050 | Batch 0200/1289 | Loss: 0.0701
Epoch: 036/050 | Batch 0250/1289 | Loss: 0.0410
Epoch: 036/050 | Batch 0300/1289 | Loss: 0.0763
Epoch: 036/050 | Batch 0350/1289 | Loss: 0.0801
Epoch: 036/050 | Batch 0400/1289 | Loss: 0.0412
Epoch: 036/050 | Batch 0450/1289 | Loss: 0.0373
Epoch: 036/050 | Batch 0500/1289 | Loss: 0.0664
Epoch: 036/050 | Batch 0550/1289 | Loss: 0.0675
Epoch: 036/050 | Batch 0600/1289 | Loss: 0.0734
Epoch: 036/050 | Batch 0650/1289 | Loss: 0.0463
Epoch: 036/050 | Batch 0700/1289 | Loss: 0.0600
Epoch: 036/050 | Batch 0750/1289 | Loss: 0.0930
Epoch: 036/050 | Batch 0800/1289 | Loss: 0.0516
Epoch: 036/050 | Batch 0850/1289 | Loss: 0.0370
Epoch: 036/050 | Batch 0900/1289 | Loss: 0.0778
Epoch: 036/050 | Batch 0950/1289 | Loss: 0.0495
Epoch: 036/050 | Batch 1000/1289 | Loss: 0.0403
Epoch: 036/050 | Batch 1050/1289 | Loss: 0.0699
Epoch: 036/050 | Batch 1100/1289 | Loss: 0.0441
Epoch: 036/050 | Batch 1150/1289 | Loss: 0.0374
Epoch: 036/050 | Batch 1200/1289 | Loss: 0.0605
Epoch: 036/050 | Batch 1250/1289 | Loss: 0.0580
MAE/RMSE/ACC: Current Valid: 3.18/4.41/12.04 Ep. 36 | Best Valid: 2.96/3.96/12.04 | Ep. 19
Time elapsed: 77.46 min
Epoch: 037/050 | Batch 0000/1289 | Loss: 0.0359
Epoch: 037/050 | Batch 0050/1289 | Loss: 0.0490
Epoch: 037/050 | Batch 0100/1289 | Loss: 0.0364
Epoch: 037/050 | Batch 0150/1289 | Loss: 0.0450
Epoch: 037/050 | Batch 0200/1289 | Loss: 0.0428
Epoch: 037/050 | Batch 0250/1289 | Loss: 0.0640
Epoch: 037/050 | Batch 0300/1289 | Loss: 0.0704
Epoch: 037/050 | Batch 0350/1289 | Loss: 0.0848
Epoch: 037/050 | Batch 0400/1289 | Loss: 0.0444
Epoch: 037/050 | Batch 0450/1289 | Loss: 0.0307
Epoch: 037/050 | Batch 0500/1289 | Loss: 0.0536
Epoch: 037/050 | Batch 0550/1289 | Loss: 0.0532
Epoch: 037/050 | Batch 0600/1289 | Loss: 0.0542
Epoch: 037/050 | Batch 0650/1289 | Loss: 0.0515
Epoch: 037/050 | Batch 0700/1289 | Loss: 0.0594
Epoch: 037/050 | Batch 0750/1289 | Loss: 0.0374
Epoch: 037/050 | Batch 0800/1289 | Loss: 0.0279
Epoch: 037/050 | Batch 0850/1289 | Loss: 0.0440
Epoch: 037/050 | Batch 0900/1289 | Loss: 0.0455
Epoch: 037/050 | Batch 0950/1289 | Loss: 0.0616
Epoch: 037/050 | Batch 1000/1289 | Loss: 0.0589
Epoch: 037/050 | Batch 1050/1289 | Loss: 0.0451
Epoch: 037/050 | Batch 1100/1289 | Loss: 0.0609
Epoch: 037/050 | Batch 1150/1289 | Loss: 0.0457
Epoch: 037/050 | Batch 1200/1289 | Loss: 0.0597
Epoch: 037/050 | Batch 1250/1289 | Loss: 0.0510
MAE/RMSE/ACC: Current Valid: 3.16/4.32/12.04 Ep. 37 | Best Valid: 2.96/3.96/12.04 | Ep. 19
Time elapsed: 79.55 min
Epoch: 038/050 | Batch 0000/1289 | Loss: 0.0476
Epoch: 038/050 | Batch 0050/1289 | Loss: 0.0376
Epoch: 038/050 | Batch 0100/1289 | Loss: 0.0291
Epoch: 038/050 | Batch 0150/1289 | Loss: 0.0512
Epoch: 038/050 | Batch 0200/1289 | Loss: 0.0375
Epoch: 038/050 | Batch 0250/1289 | Loss: 0.0541
Epoch: 038/050 | Batch 0300/1289 | Loss: 0.0406
Epoch: 038/050 | Batch 0350/1289 | Loss: 0.0375
Epoch: 038/050 | Batch 0400/1289 | Loss: 0.0378
Epoch: 038/050 | Batch 0450/1289 | Loss: 0.0502
Epoch: 038/050 | Batch 0500/1289 | Loss: 0.0447
Epoch: 038/050 | Batch 0550/1289 | Loss: 0.0315
Epoch: 038/050 | Batch 0600/1289 | Loss: 0.0859
Epoch: 038/050 | Batch 0650/1289 | Loss: 0.0686
Epoch: 038/050 | Batch 0700/1289 | Loss: 0.0520
Epoch: 038/050 | Batch 0750/1289 | Loss: 0.0524
Epoch: 038/050 | Batch 0800/1289 | Loss: 0.0506
Epoch: 038/050 | Batch 0850/1289 | Loss: 0.0710
Epoch: 038/050 | Batch 0900/1289 | Loss: 0.0328
Epoch: 038/050 | Batch 0950/1289 | Loss: 0.0417
Epoch: 038/050 | Batch 1000/1289 | Loss: 0.0347
Epoch: 038/050 | Batch 1050/1289 | Loss: 0.0526
Epoch: 038/050 | Batch 1100/1289 | Loss: 0.0259
Epoch: 038/050 | Batch 1150/1289 | Loss: 0.0401
Epoch: 038/050 | Batch 1200/1289 | Loss: 0.0914
Epoch: 038/050 | Batch 1250/1289 | Loss: 0.0587
MAE/RMSE/ACC: Current Valid: 3.12/4.23/12.04 Ep. 38 | Best Valid: 2.96/3.96/12.04 | Ep. 19
Time elapsed: 81.70 min
Epoch: 039/050 | Batch 0000/1289 | Loss: 0.0192
Epoch: 039/050 | Batch 0050/1289 | Loss: 0.0402
Epoch: 039/050 | Batch 0100/1289 | Loss: 0.0260
Epoch: 039/050 | Batch 0150/1289 | Loss: 0.0392
Epoch: 039/050 | Batch 0200/1289 | Loss: 0.0556
Epoch: 039/050 | Batch 0250/1289 | Loss: 0.0240
Epoch: 039/050 | Batch 0300/1289 | Loss: 0.0468
Epoch: 039/050 | Batch 0350/1289 | Loss: 0.0215
Epoch: 039/050 | Batch 0400/1289 | Loss: 0.0593
Epoch: 039/050 | Batch 0450/1289 | Loss: 0.0426
Epoch: 039/050 | Batch 0500/1289 | Loss: 0.0522
Epoch: 039/050 | Batch 0550/1289 | Loss: 0.0601
Epoch: 039/050 | Batch 0600/1289 | Loss: 0.0349
Epoch: 039/050 | Batch 0650/1289 | Loss: 0.0273
Epoch: 039/050 | Batch 0700/1289 | Loss: 0.0246
Epoch: 039/050 | Batch 0750/1289 | Loss: 0.0384
Epoch: 039/050 | Batch 0800/1289 | Loss: 0.0416
Epoch: 039/050 | Batch 0850/1289 | Loss: 0.0409
Epoch: 039/050 | Batch 0900/1289 | Loss: 0.0417
Epoch: 039/050 | Batch 0950/1289 | Loss: 0.0523
Epoch: 039/050 | Batch 1000/1289 | Loss: 0.0227
Epoch: 039/050 | Batch 1050/1289 | Loss: 0.0317
Epoch: 039/050 | Batch 1100/1289 | Loss: 0.0481
Epoch: 039/050 | Batch 1150/1289 | Loss: 0.0427
Epoch: 039/050 | Batch 1200/1289 | Loss: 0.0242
Epoch: 039/050 | Batch 1250/1289 | Loss: 0.0249
MAE/RMSE/ACC: Current Valid: 3.26/4.48/12.04 Ep. 39 | Best Valid: 2.96/3.96/12.04 | Ep. 19
Time elapsed: 83.84 min
Epoch: 040/050 | Batch 0000/1289 | Loss: 0.0325
Epoch: 040/050 | Batch 0050/1289 | Loss: 0.0293
Epoch: 040/050 | Batch 0100/1289 | Loss: 0.0357
Epoch: 040/050 | Batch 0150/1289 | Loss: 0.0436
Epoch: 040/050 | Batch 0200/1289 | Loss: 0.0391
Epoch: 040/050 | Batch 0250/1289 | Loss: 0.0399
Epoch: 040/050 | Batch 0300/1289 | Loss: 0.0459
Epoch: 040/050 | Batch 0350/1289 | Loss: 0.0414
Epoch: 040/050 | Batch 0400/1289 | Loss: 0.0250
Epoch: 040/050 | Batch 0450/1289 | Loss: 0.0471
Epoch: 040/050 | Batch 0500/1289 | Loss: 0.0605
Epoch: 040/050 | Batch 0550/1289 | Loss: 0.0243
Epoch: 040/050 | Batch 0600/1289 | Loss: 0.0503
Epoch: 040/050 | Batch 0650/1289 | Loss: 0.0401
Epoch: 040/050 | Batch 0700/1289 | Loss: 0.0411
Epoch: 040/050 | Batch 0750/1289 | Loss: 0.0396
Epoch: 040/050 | Batch 0800/1289 | Loss: 0.0128
Epoch: 040/050 | Batch 0850/1289 | Loss: 0.0379
Epoch: 040/050 | Batch 0900/1289 | Loss: 0.0647
Epoch: 040/050 | Batch 0950/1289 | Loss: 0.0541
Epoch: 040/050 | Batch 1000/1289 | Loss: 0.0853
Epoch: 040/050 | Batch 1050/1289 | Loss: 0.0650
Epoch: 040/050 | Batch 1100/1289 | Loss: 0.0429
Epoch: 040/050 | Batch 1150/1289 | Loss: 0.0231
Epoch: 040/050 | Batch 1200/1289 | Loss: 0.0328
Epoch: 040/050 | Batch 1250/1289 | Loss: 0.0501
MAE/RMSE/ACC: Current Valid: 3.23/4.43/12.04 Ep. 40 | Best Valid: 2.96/3.96/12.04 | Ep. 19
Time elapsed: 85.97 min
Epoch: 041/050 | Batch 0000/1289 | Loss: 0.0333
Epoch: 041/050 | Batch 0050/1289 | Loss: 0.0342
Epoch: 041/050 | Batch 0100/1289 | Loss: 0.0150
Epoch: 041/050 | Batch 0150/1289 | Loss: 0.0615
Epoch: 041/050 | Batch 0200/1289 | Loss: 0.0319
Epoch: 041/050 | Batch 0250/1289 | Loss: 0.0389
Epoch: 041/050 | Batch 0300/1289 | Loss: 0.0319
Epoch: 041/050 | Batch 0350/1289 | Loss: 0.0388
Epoch: 041/050 | Batch 0400/1289 | Loss: 0.0313
Epoch: 041/050 | Batch 0450/1289 | Loss: 0.0203
Epoch: 041/050 | Batch 0500/1289 | Loss: 0.0267
Epoch: 041/050 | Batch 0550/1289 | Loss: 0.0318
Epoch: 041/050 | Batch 0600/1289 | Loss: 0.0314
Epoch: 041/050 | Batch 0650/1289 | Loss: 0.0108
Epoch: 041/050 | Batch 0700/1289 | Loss: 0.0604
Epoch: 041/050 | Batch 0750/1289 | Loss: 0.0408
Epoch: 041/050 | Batch 0800/1289 | Loss: 0.0377
Epoch: 041/050 | Batch 0850/1289 | Loss: 0.0494
Epoch: 041/050 | Batch 0900/1289 | Loss: 0.0399
Epoch: 041/050 | Batch 0950/1289 | Loss: 0.0306
Epoch: 041/050 | Batch 1000/1289 | Loss: 0.0560
Epoch: 041/050 | Batch 1050/1289 | Loss: 0.0490
Epoch: 041/050 | Batch 1100/1289 | Loss: 0.0693
Epoch: 041/050 | Batch 1150/1289 | Loss: 0.0163
Epoch: 041/050 | Batch 1200/1289 | Loss: 0.0262
Epoch: 041/050 | Batch 1250/1289 | Loss: 0.0195
MAE/RMSE/ACC: Current Valid: 3.16/4.34/12.04 Ep. 41 | Best Valid: 2.96/3.96/12.04 | Ep. 19
Time elapsed: 88.10 min
Epoch: 042/050 | Batch 0000/1289 | Loss: 0.0295
Epoch: 042/050 | Batch 0050/1289 | Loss: 0.0391
Epoch: 042/050 | Batch 0100/1289 | Loss: 0.0272
Epoch: 042/050 | Batch 0150/1289 | Loss: 0.0576
Epoch: 042/050 | Batch 0200/1289 | Loss: 0.0295
Epoch: 042/050 | Batch 0250/1289 | Loss: 0.0269
Epoch: 042/050 | Batch 0300/1289 | Loss: 0.0277
Epoch: 042/050 | Batch 0350/1289 | Loss: 0.0299
Epoch: 042/050 | Batch 0400/1289 | Loss: 0.0090
Epoch: 042/050 | Batch 0450/1289 | Loss: 0.0108
Epoch: 042/050 | Batch 0500/1289 | Loss: 0.0317
Epoch: 042/050 | Batch 0550/1289 | Loss: 0.0419
Epoch: 042/050 | Batch 0600/1289 | Loss: 0.0293
Epoch: 042/050 | Batch 0650/1289 | Loss: 0.0532
Epoch: 042/050 | Batch 0700/1289 | Loss: 0.0180
Epoch: 042/050 | Batch 0750/1289 | Loss: 0.0332
Epoch: 042/050 | Batch 0800/1289 | Loss: 0.0371
Epoch: 042/050 | Batch 0850/1289 | Loss: 0.0580
Epoch: 042/050 | Batch 0900/1289 | Loss: 0.0415
Epoch: 042/050 | Batch 0950/1289 | Loss: 0.0388
Epoch: 042/050 | Batch 1000/1289 | Loss: 0.0463
Epoch: 042/050 | Batch 1050/1289 | Loss: 0.0211
Epoch: 042/050 | Batch 1100/1289 | Loss: 0.0282
Epoch: 042/050 | Batch 1150/1289 | Loss: 0.0596
Epoch: 042/050 | Batch 1200/1289 | Loss: 0.0609
Epoch: 042/050 | Batch 1250/1289 | Loss: 0.0487
MAE/RMSE/ACC: Current Valid: 3.16/4.30/12.04 Ep. 42 | Best Valid: 2.96/3.96/12.04 | Ep. 19
Time elapsed: 90.24 min
Epoch: 043/050 | Batch 0000/1289 | Loss: 0.0137
Epoch: 043/050 | Batch 0050/1289 | Loss: 0.0295
Epoch: 043/050 | Batch 0100/1289 | Loss: 0.0575
Epoch: 043/050 | Batch 0150/1289 | Loss: 0.0248
Epoch: 043/050 | Batch 0200/1289 | Loss: 0.0248
Epoch: 043/050 | Batch 0250/1289 | Loss: 0.0313
Epoch: 043/050 | Batch 0300/1289 | Loss: 0.0292
Epoch: 043/050 | Batch 0350/1289 | Loss: 0.0301
Epoch: 043/050 | Batch 0400/1289 | Loss: 0.0191
Epoch: 043/050 | Batch 0450/1289 | Loss: 0.0249
Epoch: 043/050 | Batch 0500/1289 | Loss: 0.0173
Epoch: 043/050 | Batch 0550/1289 | Loss: 0.0345
Epoch: 043/050 | Batch 0600/1289 | Loss: 0.0210
Epoch: 043/050 | Batch 0650/1289 | Loss: 0.0376
Epoch: 043/050 | Batch 0700/1289 | Loss: 0.0253
Epoch: 043/050 | Batch 0750/1289 | Loss: 0.0429
Epoch: 043/050 | Batch 0800/1289 | Loss: 0.0136
Epoch: 043/050 | Batch 0850/1289 | Loss: 0.0552
Epoch: 043/050 | Batch 0900/1289 | Loss: 0.0250
Epoch: 043/050 | Batch 0950/1289 | Loss: 0.0189
Epoch: 043/050 | Batch 1000/1289 | Loss: 0.0206
Epoch: 043/050 | Batch 1050/1289 | Loss: 0.0084
Epoch: 043/050 | Batch 1100/1289 | Loss: 0.0217
Epoch: 043/050 | Batch 1150/1289 | Loss: 0.0274
Epoch: 043/050 | Batch 1200/1289 | Loss: 0.0308
Epoch: 043/050 | Batch 1250/1289 | Loss: 0.0449
MAE/RMSE/ACC: Current Valid: 3.27/4.46/12.04 Ep. 43 | Best Valid: 2.96/3.96/12.04 | Ep. 19
Time elapsed: 92.39 min
Epoch: 044/050 | Batch 0000/1289 | Loss: 0.0181
Epoch: 044/050 | Batch 0050/1289 | Loss: 0.0181
Epoch: 044/050 | Batch 0100/1289 | Loss: 0.0746
Epoch: 044/050 | Batch 0150/1289 | Loss: 0.0296
Epoch: 044/050 | Batch 0200/1289 | Loss: 0.0372
Epoch: 044/050 | Batch 0250/1289 | Loss: 0.0166
Epoch: 044/050 | Batch 0300/1289 | Loss: 0.0211
Epoch: 044/050 | Batch 0350/1289 | Loss: 0.0336
Epoch: 044/050 | Batch 0400/1289 | Loss: 0.0301
Epoch: 044/050 | Batch 0450/1289 | Loss: 0.0375
Epoch: 044/050 | Batch 0500/1289 | Loss: 0.0061
Epoch: 044/050 | Batch 0550/1289 | Loss: 0.0211
Epoch: 044/050 | Batch 0600/1289 | Loss: 0.0121
Epoch: 044/050 | Batch 0650/1289 | Loss: 0.0251
Epoch: 044/050 | Batch 0700/1289 | Loss: 0.0187
Epoch: 044/050 | Batch 0750/1289 | Loss: 0.0075
Epoch: 044/050 | Batch 0800/1289 | Loss: 0.0275
Epoch: 044/050 | Batch 0850/1289 | Loss: 0.0188
Epoch: 044/050 | Batch 0900/1289 | Loss: 0.0447
Epoch: 044/050 | Batch 0950/1289 | Loss: 0.0400
Epoch: 044/050 | Batch 1000/1289 | Loss: 0.0772
Epoch: 044/050 | Batch 1050/1289 | Loss: 0.0143
Epoch: 044/050 | Batch 1100/1289 | Loss: 0.0260
Epoch: 044/050 | Batch 1150/1289 | Loss: 0.0136
Epoch: 044/050 | Batch 1200/1289 | Loss: 0.0286
Epoch: 044/050 | Batch 1250/1289 | Loss: 0.0462
MAE/RMSE/ACC: Current Valid: 3.20/4.38/12.04 Ep. 44 | Best Valid: 2.96/3.96/12.04 | Ep. 19
Time elapsed: 94.53 min
Epoch: 045/050 | Batch 0000/1289 | Loss: 0.0130
Epoch: 045/050 | Batch 0050/1289 | Loss: 0.0413
Epoch: 045/050 | Batch 0100/1289 | Loss: 0.0241
Epoch: 045/050 | Batch 0150/1289 | Loss: 0.0163
Epoch: 045/050 | Batch 0200/1289 | Loss: 0.0163
Epoch: 045/050 | Batch 0250/1289 | Loss: 0.0508
Epoch: 045/050 | Batch 0300/1289 | Loss: 0.0293
Epoch: 045/050 | Batch 0350/1289 | Loss: 0.0178
Epoch: 045/050 | Batch 0400/1289 | Loss: 0.0338
Epoch: 045/050 | Batch 0450/1289 | Loss: 0.0266
Epoch: 045/050 | Batch 0500/1289 | Loss: 0.0126
Epoch: 045/050 | Batch 0550/1289 | Loss: 0.0180
Epoch: 045/050 | Batch 0600/1289 | Loss: 0.0266
Epoch: 045/050 | Batch 0650/1289 | Loss: 0.0321
Epoch: 045/050 | Batch 0700/1289 | Loss: 0.0221
Epoch: 045/050 | Batch 0750/1289 | Loss: 0.0252
Epoch: 045/050 | Batch 0800/1289 | Loss: 0.0463
Epoch: 045/050 | Batch 0850/1289 | Loss: 0.0141
Epoch: 045/050 | Batch 0900/1289 | Loss: 0.0237
Epoch: 045/050 | Batch 0950/1289 | Loss: 0.0323
Epoch: 045/050 | Batch 1000/1289 | Loss: 0.0230
Epoch: 045/050 | Batch 1050/1289 | Loss: 0.0081
Epoch: 045/050 | Batch 1100/1289 | Loss: 0.0165
Epoch: 045/050 | Batch 1150/1289 | Loss: 0.0129
Epoch: 045/050 | Batch 1200/1289 | Loss: 0.0308
Epoch: 045/050 | Batch 1250/1289 | Loss: 0.0331
MAE/RMSE/ACC: Current Valid: 3.44/4.67/12.04 Ep. 45 | Best Valid: 2.96/3.96/12.04 | Ep. 19
Time elapsed: 96.65 min
Epoch: 046/050 | Batch 0000/1289 | Loss: 0.0115
Epoch: 046/050 | Batch 0050/1289 | Loss: 0.0251
Epoch: 046/050 | Batch 0100/1289 | Loss: 0.0081
Epoch: 046/050 | Batch 0150/1289 | Loss: 0.0186
Epoch: 046/050 | Batch 0200/1289 | Loss: 0.0263
Epoch: 046/050 | Batch 0250/1289 | Loss: 0.0269
Epoch: 046/050 | Batch 0300/1289 | Loss: 0.0160
Epoch: 046/050 | Batch 0350/1289 | Loss: 0.0361
Epoch: 046/050 | Batch 0400/1289 | Loss: 0.0052
Epoch: 046/050 | Batch 0450/1289 | Loss: 0.0240
Epoch: 046/050 | Batch 0500/1289 | Loss: 0.0243
Epoch: 046/050 | Batch 0550/1289 | Loss: 0.0199
Epoch: 046/050 | Batch 0600/1289 | Loss: 0.0304
Epoch: 046/050 | Batch 0650/1289 | Loss: 0.0141
Epoch: 046/050 | Batch 0700/1289 | Loss: 0.0335
Epoch: 046/050 | Batch 0750/1289 | Loss: 0.0364
Epoch: 046/050 | Batch 0800/1289 | Loss: 0.0283
Epoch: 046/050 | Batch 0850/1289 | Loss: 0.0307
Epoch: 046/050 | Batch 0900/1289 | Loss: 0.0291
Epoch: 046/050 | Batch 0950/1289 | Loss: 0.0282
Epoch: 046/050 | Batch 1000/1289 | Loss: 0.0353
Epoch: 046/050 | Batch 1050/1289 | Loss: 0.0153
Epoch: 046/050 | Batch 1100/1289 | Loss: 0.0227
Epoch: 046/050 | Batch 1150/1289 | Loss: 0.0397
Epoch: 046/050 | Batch 1200/1289 | Loss: 0.0207
Epoch: 046/050 | Batch 1250/1289 | Loss: 0.0214
MAE/RMSE/ACC: Current Valid: 3.30/4.51/12.04 Ep. 46 | Best Valid: 2.96/3.96/12.04 | Ep. 19
Time elapsed: 98.80 min
Epoch: 047/050 | Batch 0000/1289 | Loss: 0.0289
Epoch: 047/050 | Batch 0050/1289 | Loss: 0.0044
Epoch: 047/050 | Batch 0100/1289 | Loss: 0.0162
Epoch: 047/050 | Batch 0150/1289 | Loss: 0.0071
Epoch: 047/050 | Batch 0200/1289 | Loss: 0.0391
Epoch: 047/050 | Batch 0250/1289 | Loss: 0.0182
Epoch: 047/050 | Batch 0300/1289 | Loss: 0.0318
Epoch: 047/050 | Batch 0350/1289 | Loss: 0.0260
Epoch: 047/050 | Batch 0400/1289 | Loss: 0.0170
Epoch: 047/050 | Batch 0450/1289 | Loss: 0.0140
Epoch: 047/050 | Batch 0500/1289 | Loss: 0.0336
Epoch: 047/050 | Batch 0550/1289 | Loss: 0.0074
Epoch: 047/050 | Batch 0600/1289 | Loss: 0.0275
Epoch: 047/050 | Batch 0650/1289 | Loss: 0.0376
Epoch: 047/050 | Batch 0700/1289 | Loss: 0.0705
Epoch: 047/050 | Batch 0750/1289 | Loss: 0.0199
Epoch: 047/050 | Batch 0800/1289 | Loss: 0.0377
Epoch: 047/050 | Batch 0850/1289 | Loss: 0.0250
Epoch: 047/050 | Batch 0900/1289 | Loss: 0.0222
Epoch: 047/050 | Batch 0950/1289 | Loss: 0.0327
Epoch: 047/050 | Batch 1000/1289 | Loss: 0.0090
Epoch: 047/050 | Batch 1050/1289 | Loss: 0.0257
Epoch: 047/050 | Batch 1100/1289 | Loss: 0.0258
Epoch: 047/050 | Batch 1150/1289 | Loss: 0.0119
Epoch: 047/050 | Batch 1200/1289 | Loss: 0.0144
Epoch: 047/050 | Batch 1250/1289 | Loss: 0.0413
MAE/RMSE/ACC: Current Valid: 3.27/4.46/12.04 Ep. 47 | Best Valid: 2.96/3.96/12.04 | Ep. 19
Time elapsed: 100.94 min
Epoch: 048/050 | Batch 0000/1289 | Loss: 0.0116
Epoch: 048/050 | Batch 0050/1289 | Loss: 0.0163
Epoch: 048/050 | Batch 0100/1289 | Loss: 0.0283
Epoch: 048/050 | Batch 0150/1289 | Loss: 0.0291
Epoch: 048/050 | Batch 0200/1289 | Loss: 0.0161
Epoch: 048/050 | Batch 0250/1289 | Loss: 0.0118
Epoch: 048/050 | Batch 0300/1289 | Loss: 0.0128
Epoch: 048/050 | Batch 0350/1289 | Loss: 0.0331
Epoch: 048/050 | Batch 0400/1289 | Loss: 0.0235
Epoch: 048/050 | Batch 0450/1289 | Loss: 0.0127
Epoch: 048/050 | Batch 0500/1289 | Loss: 0.0082
Epoch: 048/050 | Batch 0550/1289 | Loss: 0.0321
Epoch: 048/050 | Batch 0600/1289 | Loss: 0.0112
Epoch: 048/050 | Batch 0650/1289 | Loss: 0.0103
Epoch: 048/050 | Batch 0700/1289 | Loss: 0.0212
Epoch: 048/050 | Batch 0750/1289 | Loss: 0.0339
Epoch: 048/050 | Batch 0800/1289 | Loss: 0.0123
Epoch: 048/050 | Batch 0850/1289 | Loss: 0.0143
Epoch: 048/050 | Batch 0900/1289 | Loss: 0.0052
Epoch: 048/050 | Batch 0950/1289 | Loss: 0.0117
Epoch: 048/050 | Batch 1000/1289 | Loss: 0.0209
Epoch: 048/050 | Batch 1050/1289 | Loss: 0.0244
Epoch: 048/050 | Batch 1100/1289 | Loss: 0.0215
Epoch: 048/050 | Batch 1150/1289 | Loss: 0.0257
Epoch: 048/050 | Batch 1200/1289 | Loss: 0.0254
Epoch: 048/050 | Batch 1250/1289 | Loss: 0.0500
MAE/RMSE/ACC: Current Valid: 3.25/4.43/12.04 Ep. 48 | Best Valid: 2.96/3.96/12.04 | Ep. 19
Time elapsed: 103.07 min
Epoch: 049/050 | Batch 0000/1289 | Loss: 0.0133
Epoch: 049/050 | Batch 0050/1289 | Loss: 0.0159
Epoch: 049/050 | Batch 0100/1289 | Loss: 0.0081
Epoch: 049/050 | Batch 0150/1289 | Loss: 0.0218
Epoch: 049/050 | Batch 0200/1289 | Loss: 0.0145
Epoch: 049/050 | Batch 0250/1289 | Loss: 0.0060
Epoch: 049/050 | Batch 0300/1289 | Loss: 0.0312
Epoch: 049/050 | Batch 0350/1289 | Loss: 0.0107
Epoch: 049/050 | Batch 0400/1289 | Loss: 0.0342
Epoch: 049/050 | Batch 0450/1289 | Loss: 0.0311
Epoch: 049/050 | Batch 0500/1289 | Loss: 0.0043
Epoch: 049/050 | Batch 0550/1289 | Loss: 0.0101
Epoch: 049/050 | Batch 0600/1289 | Loss: 0.0111
Epoch: 049/050 | Batch 0650/1289 | Loss: 0.0120
Epoch: 049/050 | Batch 0700/1289 | Loss: 0.0091
Epoch: 049/050 | Batch 0750/1289 | Loss: 0.0324
Epoch: 049/050 | Batch 0800/1289 | Loss: 0.0107
Epoch: 049/050 | Batch 0850/1289 | Loss: 0.0384
Epoch: 049/050 | Batch 0900/1289 | Loss: 0.0046
Epoch: 049/050 | Batch 0950/1289 | Loss: 0.0149
Epoch: 049/050 | Batch 1000/1289 | Loss: 0.0545
Epoch: 049/050 | Batch 1050/1289 | Loss: 0.0161
Epoch: 049/050 | Batch 1100/1289 | Loss: 0.0118
Epoch: 049/050 | Batch 1150/1289 | Loss: 0.0114
Epoch: 049/050 | Batch 1200/1289 | Loss: 0.0131
Epoch: 049/050 | Batch 1250/1289 | Loss: 0.0211
MAE/RMSE/ACC: Current Valid: 3.33/4.55/12.04 Ep. 49 | Best Valid: 2.96/3.96/12.04 | Ep. 19
Time elapsed: 105.21 min
Epoch: 050/050 | Batch 0000/1289 | Loss: 0.0142
Epoch: 050/050 | Batch 0050/1289 | Loss: 0.0081
Epoch: 050/050 | Batch 0100/1289 | Loss: 0.0140
Epoch: 050/050 | Batch 0150/1289 | Loss: 0.0110
Epoch: 050/050 | Batch 0200/1289 | Loss: 0.0063
Epoch: 050/050 | Batch 0250/1289 | Loss: 0.0207
Epoch: 050/050 | Batch 0300/1289 | Loss: 0.0206
Epoch: 050/050 | Batch 0350/1289 | Loss: 0.0071
Epoch: 050/050 | Batch 0400/1289 | Loss: 0.0278
Epoch: 050/050 | Batch 0450/1289 | Loss: 0.0187
Epoch: 050/050 | Batch 0500/1289 | Loss: 0.0283
Epoch: 050/050 | Batch 0550/1289 | Loss: 0.0306
Epoch: 050/050 | Batch 0600/1289 | Loss: 0.0107
Epoch: 050/050 | Batch 0650/1289 | Loss: 0.0164
Epoch: 050/050 | Batch 0700/1289 | Loss: 0.0268
Epoch: 050/050 | Batch 0750/1289 | Loss: 0.0241
Epoch: 050/050 | Batch 0800/1289 | Loss: 0.0132
Epoch: 050/050 | Batch 0850/1289 | Loss: 0.0131
Epoch: 050/050 | Batch 0900/1289 | Loss: 0.0145
Epoch: 050/050 | Batch 0950/1289 | Loss: 0.0306
Epoch: 050/050 | Batch 1000/1289 | Loss: 0.0181
Epoch: 050/050 | Batch 1050/1289 | Loss: 0.0140
Epoch: 050/050 | Batch 1100/1289 | Loss: 0.0175
Epoch: 050/050 | Batch 1150/1289 | Loss: 0.0297
Epoch: 050/050 | Batch 1200/1289 | Loss: 0.0282
Epoch: 050/050 | Batch 1250/1289 | Loss: 0.0040
MAE/RMSE/ACC: Current Valid: 3.25/4.45/12.04 Ep. 50 | Best Valid: 2.96/3.96/12.04 | Ep. 19
Time elapsed: 107.32 min
MAE/RMSE: | Train: 0.34/1.23 | Valid: 3.25/4.45 | Test: 3.21/4.39
ACC: | Train: 87.69 | Valid: 13.46 | Test: 13.50
Total Running Time: 108.92 min
MAE/RMSE: | Best Train: 2.00/2.73 | Best Valid: 2.96/3.96 | Best Test: 2.99/4.01
ACC: | Best Train: 19.64 | Best Valid: 12.04 | Best Test: 12.01
Total Running Time: 110.50 min
