This script: resnet34_niu.py
PyTorch Version: 1.8.1
CUDA device: cuda:3
CUDA version: 11.1
Random seed: 3
Learning rate: 0.0005
Epochs: 200
Batch size: 256
Output path: runs/aes/resnet34_niu-imp0-seed3-epochs200_best-rmse
Epoch: 001/200 | Batch 0000/0043 | Loss: 3.1173
MAE/RMSE/ACC: Current Valid: 0.46/0.72/56.61 Ep. 1 | Best Valid: 0.46/0.72/56.61 | Ep. 1
Time elapsed: 0.34 min
Epoch: 002/200 | Batch 0000/0043 | Loss: 0.9101
MAE/RMSE/ACC: Current Valid: 0.43/0.68/58.96 Ep. 2 | Best Valid: 0.43/0.68/58.96 | Ep. 2
Time elapsed: 0.67 min
Epoch: 003/200 | Batch 0000/0043 | Loss: 0.9495
MAE/RMSE/ACC: Current Valid: 0.42/0.68/59.68 Ep. 3 | Best Valid: 0.42/0.68/59.68 | Ep. 3
Time elapsed: 1.01 min
Epoch: 004/200 | Batch 0000/0043 | Loss: 0.9034
MAE/RMSE/ACC: Current Valid: 0.42/0.68/59.68 Ep. 4 | Best Valid: 0.42/0.68/59.68 | Ep. 3
Time elapsed: 1.35 min
Epoch: 005/200 | Batch 0000/0043 | Loss: 0.8334
MAE/RMSE/ACC: Current Valid: 0.44/0.70/59.68 Ep. 5 | Best Valid: 0.42/0.68/59.68 | Ep. 3
Time elapsed: 1.69 min
Epoch: 006/200 | Batch 0000/0043 | Loss: 0.8470
MAE/RMSE/ACC: Current Valid: 0.56/0.79/59.68 Ep. 6 | Best Valid: 0.42/0.68/59.68 | Ep. 3
Time elapsed: 2.03 min
Epoch: 007/200 | Batch 0000/0043 | Loss: 0.8841
MAE/RMSE/ACC: Current Valid: 0.62/0.84/59.68 Ep. 7 | Best Valid: 0.42/0.68/59.68 | Ep. 3
Time elapsed: 2.37 min
Epoch: 008/200 | Batch 0000/0043 | Loss: 0.7591
MAE/RMSE/ACC: Current Valid: 0.49/0.73/59.68 Ep. 8 | Best Valid: 0.42/0.68/59.68 | Ep. 3
Time elapsed: 2.72 min
Epoch: 009/200 | Batch 0000/0043 | Loss: 0.7685
MAE/RMSE/ACC: Current Valid: 0.45/0.70/59.68 Ep. 9 | Best Valid: 0.42/0.68/59.68 | Ep. 3
Time elapsed: 3.07 min
Epoch: 010/200 | Batch 0000/0043 | Loss: 0.6793
MAE/RMSE/ACC: Current Valid: 0.45/0.70/59.68 Ep. 10 | Best Valid: 0.42/0.68/59.68 | Ep. 3
Time elapsed: 3.43 min
Epoch: 011/200 | Batch 0000/0043 | Loss: 0.6048
MAE/RMSE/ACC: Current Valid: 0.45/0.70/59.68 Ep. 11 | Best Valid: 0.42/0.68/59.68 | Ep. 3
Time elapsed: 3.78 min
Epoch: 012/200 | Batch 0000/0043 | Loss: 0.6574
MAE/RMSE/ACC: Current Valid: 0.46/0.71/59.68 Ep. 12 | Best Valid: 0.42/0.68/59.68 | Ep. 3
Time elapsed: 4.14 min
Epoch: 013/200 | Batch 0000/0043 | Loss: 0.4985
MAE/RMSE/ACC: Current Valid: 0.44/0.70/59.68 Ep. 13 | Best Valid: 0.42/0.68/59.68 | Ep. 3
Time elapsed: 4.50 min
Epoch: 014/200 | Batch 0000/0043 | Loss: 0.4469
MAE/RMSE/ACC: Current Valid: 0.44/0.70/59.68 Ep. 14 | Best Valid: 0.42/0.68/59.68 | Ep. 3
Time elapsed: 4.85 min
Epoch: 015/200 | Batch 0000/0043 | Loss: 0.4096
MAE/RMSE/ACC: Current Valid: 0.46/0.71/59.68 Ep. 15 | Best Valid: 0.42/0.68/59.68 | Ep. 3
Time elapsed: 5.21 min
Epoch: 016/200 | Batch 0000/0043 | Loss: 0.4172
MAE/RMSE/ACC: Current Valid: 0.48/0.73/59.68 Ep. 16 | Best Valid: 0.42/0.68/59.68 | Ep. 3
Time elapsed: 5.58 min
Epoch: 017/200 | Batch 0000/0043 | Loss: 0.3070
MAE/RMSE/ACC: Current Valid: 0.49/0.74/59.68 Ep. 17 | Best Valid: 0.42/0.68/59.68 | Ep. 3
Time elapsed: 5.94 min
Epoch: 018/200 | Batch 0000/0043 | Loss: 0.2895
MAE/RMSE/ACC: Current Valid: 0.47/0.72/59.68 Ep. 18 | Best Valid: 0.42/0.68/59.68 | Ep. 3
Time elapsed: 6.30 min
Epoch: 019/200 | Batch 0000/0043 | Loss: 0.2807
MAE/RMSE/ACC: Current Valid: 0.50/0.75/59.68 Ep. 19 | Best Valid: 0.42/0.68/59.68 | Ep. 3
Time elapsed: 6.66 min
Epoch: 020/200 | Batch 0000/0043 | Loss: 0.1934
MAE/RMSE/ACC: Current Valid: 0.44/0.70/59.68 Ep. 20 | Best Valid: 0.42/0.68/59.68 | Ep. 3
Time elapsed: 7.02 min
Epoch: 021/200 | Batch 0000/0043 | Loss: 0.1874
MAE/RMSE/ACC: Current Valid: 0.46/0.72/59.68 Ep. 21 | Best Valid: 0.42/0.68/59.68 | Ep. 3
Time elapsed: 7.38 min
Epoch: 022/200 | Batch 0000/0043 | Loss: 0.1860
MAE/RMSE/ACC: Current Valid: 0.49/0.75/59.68 Ep. 22 | Best Valid: 0.42/0.68/59.68 | Ep. 3
Time elapsed: 7.74 min
Epoch: 023/200 | Batch 0000/0043 | Loss: 0.1918
MAE/RMSE/ACC: Current Valid: 0.47/0.72/59.68 Ep. 23 | Best Valid: 0.42/0.68/59.68 | Ep. 3
Time elapsed: 8.10 min
Epoch: 024/200 | Batch 0000/0043 | Loss: 0.1480
MAE/RMSE/ACC: Current Valid: 0.51/0.78/59.68 Ep. 24 | Best Valid: 0.42/0.68/59.68 | Ep. 3
Time elapsed: 8.46 min
Epoch: 025/200 | Batch 0000/0043 | Loss: 0.1804
MAE/RMSE/ACC: Current Valid: 0.49/0.75/59.68 Ep. 25 | Best Valid: 0.42/0.68/59.68 | Ep. 3
Time elapsed: 8.82 min
Epoch: 026/200 | Batch 0000/0043 | Loss: 0.1059
MAE/RMSE/ACC: Current Valid: 0.45/0.71/59.68 Ep. 26 | Best Valid: 0.42/0.68/59.68 | Ep. 3
Time elapsed: 9.18 min
Epoch: 027/200 | Batch 0000/0043 | Loss: 0.1667
MAE/RMSE/ACC: Current Valid: 0.47/0.73/59.68 Ep. 27 | Best Valid: 0.42/0.68/59.68 | Ep. 3
Time elapsed: 9.54 min
Epoch: 028/200 | Batch 0000/0043 | Loss: 0.1724
MAE/RMSE/ACC: Current Valid: 0.45/0.71/59.68 Ep. 28 | Best Valid: 0.42/0.68/59.68 | Ep. 3
Time elapsed: 9.90 min
Epoch: 029/200 | Batch 0000/0043 | Loss: 0.1104
MAE/RMSE/ACC: Current Valid: 0.51/0.76/59.68 Ep. 29 | Best Valid: 0.42/0.68/59.68 | Ep. 3
Time elapsed: 10.26 min
Epoch: 030/200 | Batch 0000/0043 | Loss: 0.1117
MAE/RMSE/ACC: Current Valid: 0.46/0.72/59.68 Ep. 30 | Best Valid: 0.42/0.68/59.68 | Ep. 3
Time elapsed: 10.61 min
Epoch: 031/200 | Batch 0000/0043 | Loss: 0.0613
MAE/RMSE/ACC: Current Valid: 0.47/0.72/59.68 Ep. 31 | Best Valid: 0.42/0.68/59.68 | Ep. 3
Time elapsed: 10.98 min
Epoch: 032/200 | Batch 0000/0043 | Loss: 0.1146
MAE/RMSE/ACC: Current Valid: 0.49/0.74/59.68 Ep. 32 | Best Valid: 0.42/0.68/59.68 | Ep. 3
Time elapsed: 11.33 min
Epoch: 033/200 | Batch 0000/0043 | Loss: 0.0950
MAE/RMSE/ACC: Current Valid: 0.44/0.71/59.68 Ep. 33 | Best Valid: 0.42/0.68/59.68 | Ep. 3
Time elapsed: 11.69 min
Epoch: 034/200 | Batch 0000/0043 | Loss: 0.0446
MAE/RMSE/ACC: Current Valid: 0.46/0.71/59.68 Ep. 34 | Best Valid: 0.42/0.68/59.68 | Ep. 3
Time elapsed: 12.05 min
Epoch: 035/200 | Batch 0000/0043 | Loss: 0.0792
MAE/RMSE/ACC: Current Valid: 0.45/0.71/59.68 Ep. 35 | Best Valid: 0.42/0.68/59.68 | Ep. 3
Time elapsed: 12.41 min
Epoch: 036/200 | Batch 0000/0043 | Loss: 0.0659
MAE/RMSE/ACC: Current Valid: 0.46/0.72/59.68 Ep. 36 | Best Valid: 0.42/0.68/59.68 | Ep. 3
Time elapsed: 12.77 min
Epoch: 037/200 | Batch 0000/0043 | Loss: 0.0718
MAE/RMSE/ACC: Current Valid: 0.45/0.71/59.68 Ep. 37 | Best Valid: 0.42/0.68/59.68 | Ep. 3
Time elapsed: 13.13 min
Epoch: 038/200 | Batch 0000/0043 | Loss: 0.0586
MAE/RMSE/ACC: Current Valid: 0.46/0.72/59.68 Ep. 38 | Best Valid: 0.42/0.68/59.68 | Ep. 3
Time elapsed: 13.48 min
Epoch: 039/200 | Batch 0000/0043 | Loss: 0.0627
MAE/RMSE/ACC: Current Valid: 0.46/0.73/59.68 Ep. 39 | Best Valid: 0.42/0.68/59.68 | Ep. 3
Time elapsed: 13.84 min
Epoch: 040/200 | Batch 0000/0043 | Loss: 0.0425
MAE/RMSE/ACC: Current Valid: 0.46/0.72/59.68 Ep. 40 | Best Valid: 0.42/0.68/59.68 | Ep. 3
Time elapsed: 14.20 min
Epoch: 041/200 | Batch 0000/0043 | Loss: 0.0755
MAE/RMSE/ACC: Current Valid: 0.46/0.72/59.68 Ep. 41 | Best Valid: 0.42/0.68/59.68 | Ep. 3
Time elapsed: 14.56 min
Epoch: 042/200 | Batch 0000/0043 | Loss: 0.0798
MAE/RMSE/ACC: Current Valid: 0.46/0.72/59.68 Ep. 42 | Best Valid: 0.42/0.68/59.68 | Ep. 3
Time elapsed: 14.92 min
Epoch: 043/200 | Batch 0000/0043 | Loss: 0.0648
MAE/RMSE/ACC: Current Valid: 0.47/0.73/59.68 Ep. 43 | Best Valid: 0.42/0.68/59.68 | Ep. 3
Time elapsed: 15.28 min
Epoch: 044/200 | Batch 0000/0043 | Loss: 0.0353
MAE/RMSE/ACC: Current Valid: 0.48/0.75/59.68 Ep. 44 | Best Valid: 0.42/0.68/59.68 | Ep. 3
Time elapsed: 15.64 min
Epoch: 045/200 | Batch 0000/0043 | Loss: 0.0663
MAE/RMSE/ACC: Current Valid: 0.46/0.72/59.68 Ep. 45 | Best Valid: 0.42/0.68/59.68 | Ep. 3
Time elapsed: 16.00 min
Epoch: 046/200 | Batch 0000/0043 | Loss: 0.0144
MAE/RMSE/ACC: Current Valid: 0.48/0.74/59.68 Ep. 46 | Best Valid: 0.42/0.68/59.68 | Ep. 3
Time elapsed: 16.36 min
Epoch: 047/200 | Batch 0000/0043 | Loss: 0.0712
MAE/RMSE/ACC: Current Valid: 0.46/0.73/59.68 Ep. 47 | Best Valid: 0.42/0.68/59.68 | Ep. 3
Time elapsed: 16.72 min
Epoch: 048/200 | Batch 0000/0043 | Loss: 0.0338
MAE/RMSE/ACC: Current Valid: 0.48/0.73/59.68 Ep. 48 | Best Valid: 0.42/0.68/59.68 | Ep. 3
Time elapsed: 17.08 min
Epoch: 049/200 | Batch 0000/0043 | Loss: 0.0445
MAE/RMSE/ACC: Current Valid: 0.47/0.73/59.68 Ep. 49 | Best Valid: 0.42/0.68/59.68 | Ep. 3
Time elapsed: 17.44 min
Epoch: 050/200 | Batch 0000/0043 | Loss: 0.0434
MAE/RMSE/ACC: Current Valid: 0.46/0.71/59.68 Ep. 50 | Best Valid: 0.42/0.68/59.68 | Ep. 3
Time elapsed: 17.80 min
Epoch: 051/200 | Batch 0000/0043 | Loss: 0.0367
MAE/RMSE/ACC: Current Valid: 0.46/0.71/59.68 Ep. 51 | Best Valid: 0.42/0.68/59.68 | Ep. 3
Time elapsed: 18.16 min
Epoch: 052/200 | Batch 0000/0043 | Loss: 0.0090
MAE/RMSE/ACC: Current Valid: 0.49/0.74/59.68 Ep. 52 | Best Valid: 0.42/0.68/59.68 | Ep. 3
Time elapsed: 18.52 min
Epoch: 053/200 | Batch 0000/0043 | Loss: 0.0959
MAE/RMSE/ACC: Current Valid: 0.47/0.73/59.68 Ep. 53 | Best Valid: 0.42/0.68/59.68 | Ep. 3
Time elapsed: 18.88 min
Epoch: 054/200 | Batch 0000/0043 | Loss: 0.0436
MAE/RMSE/ACC: Current Valid: 0.47/0.73/59.68 Ep. 54 | Best Valid: 0.42/0.68/59.68 | Ep. 3
Time elapsed: 19.24 min
Epoch: 055/200 | Batch 0000/0043 | Loss: 0.0155
MAE/RMSE/ACC: Current Valid: 0.47/0.73/59.68 Ep. 55 | Best Valid: 0.42/0.68/59.68 | Ep. 3
Time elapsed: 19.60 min
Epoch: 056/200 | Batch 0000/0043 | Loss: 0.0583
MAE/RMSE/ACC: Current Valid: 0.45/0.72/59.68 Ep. 56 | Best Valid: 0.42/0.68/59.68 | Ep. 3
Time elapsed: 19.96 min
Epoch: 057/200 | Batch 0000/0043 | Loss: 0.0445
MAE/RMSE/ACC: Current Valid: 0.47/0.73/59.68 Ep. 57 | Best Valid: 0.42/0.68/59.68 | Ep. 3
Time elapsed: 20.32 min
Epoch: 058/200 | Batch 0000/0043 | Loss: 0.0655
MAE/RMSE/ACC: Current Valid: 0.45/0.71/59.68 Ep. 58 | Best Valid: 0.42/0.68/59.68 | Ep. 3
Time elapsed: 20.68 min
Epoch: 059/200 | Batch 0000/0043 | Loss: 0.0136
MAE/RMSE/ACC: Current Valid: 0.47/0.74/59.68 Ep. 59 | Best Valid: 0.42/0.68/59.68 | Ep. 3
Time elapsed: 21.04 min
Epoch: 060/200 | Batch 0000/0043 | Loss: 0.0437
MAE/RMSE/ACC: Current Valid: 0.48/0.74/59.68 Ep. 60 | Best Valid: 0.42/0.68/59.68 | Ep. 3
Time elapsed: 21.40 min
Epoch: 061/200 | Batch 0000/0043 | Loss: 0.0764
MAE/RMSE/ACC: Current Valid: 0.46/0.72/59.68 Ep. 61 | Best Valid: 0.42/0.68/59.68 | Ep. 3
Time elapsed: 21.76 min
Epoch: 062/200 | Batch 0000/0043 | Loss: 0.0360
MAE/RMSE/ACC: Current Valid: 0.48/0.74/59.68 Ep. 62 | Best Valid: 0.42/0.68/59.68 | Ep. 3
Time elapsed: 22.12 min
Epoch: 063/200 | Batch 0000/0043 | Loss: 0.0365
MAE/RMSE/ACC: Current Valid: 0.49/0.75/59.68 Ep. 63 | Best Valid: 0.42/0.68/59.68 | Ep. 3
Time elapsed: 22.48 min
Epoch: 064/200 | Batch 0000/0043 | Loss: 0.0178
MAE/RMSE/ACC: Current Valid: 0.48/0.73/59.68 Ep. 64 | Best Valid: 0.42/0.68/59.68 | Ep. 3
Time elapsed: 22.84 min
Epoch: 065/200 | Batch 0000/0043 | Loss: 0.0914
MAE/RMSE/ACC: Current Valid: 0.49/0.75/59.68 Ep. 65 | Best Valid: 0.42/0.68/59.68 | Ep. 3
Time elapsed: 23.20 min
Epoch: 066/200 | Batch 0000/0043 | Loss: 0.0162
MAE/RMSE/ACC: Current Valid: 0.47/0.73/59.68 Ep. 66 | Best Valid: 0.42/0.68/59.68 | Ep. 3
Time elapsed: 23.56 min
Epoch: 067/200 | Batch 0000/0043 | Loss: 0.0127
MAE/RMSE/ACC: Current Valid: 0.47/0.73/59.68 Ep. 67 | Best Valid: 0.42/0.68/59.68 | Ep. 3
Time elapsed: 23.92 min
Epoch: 068/200 | Batch 0000/0043 | Loss: 0.0803
MAE/RMSE/ACC: Current Valid: 0.45/0.72/59.68 Ep. 68 | Best Valid: 0.42/0.68/59.68 | Ep. 3
Time elapsed: 24.28 min
Epoch: 069/200 | Batch 0000/0043 | Loss: 0.0331
MAE/RMSE/ACC: Current Valid: 0.47/0.73/59.68 Ep. 69 | Best Valid: 0.42/0.68/59.68 | Ep. 3
Time elapsed: 24.64 min
Epoch: 070/200 | Batch 0000/0043 | Loss: 0.0287
MAE/RMSE/ACC: Current Valid: 0.45/0.71/59.68 Ep. 70 | Best Valid: 0.42/0.68/59.68 | Ep. 3
Time elapsed: 25.00 min
Epoch: 071/200 | Batch 0000/0043 | Loss: 0.0133
MAE/RMSE/ACC: Current Valid: 0.46/0.71/59.68 Ep. 71 | Best Valid: 0.42/0.68/59.68 | Ep. 3
Time elapsed: 25.36 min
Epoch: 072/200 | Batch 0000/0043 | Loss: 0.0156
MAE/RMSE/ACC: Current Valid: 0.45/0.71/59.68 Ep. 72 | Best Valid: 0.42/0.68/59.68 | Ep. 3
Time elapsed: 25.72 min
Epoch: 073/200 | Batch 0000/0043 | Loss: 0.0121
MAE/RMSE/ACC: Current Valid: 0.49/0.75/59.68 Ep. 73 | Best Valid: 0.42/0.68/59.68 | Ep. 3
Time elapsed: 26.08 min
Epoch: 074/200 | Batch 0000/0043 | Loss: 0.0559
MAE/RMSE/ACC: Current Valid: 0.46/0.72/59.68 Ep. 74 | Best Valid: 0.42/0.68/59.68 | Ep. 3
Time elapsed: 26.43 min
Epoch: 075/200 | Batch 0000/0043 | Loss: 0.0482
MAE/RMSE/ACC: Current Valid: 0.48/0.73/59.68 Ep. 75 | Best Valid: 0.42/0.68/59.68 | Ep. 3
Time elapsed: 26.79 min
Epoch: 076/200 | Batch 0000/0043 | Loss: 0.0371
MAE/RMSE/ACC: Current Valid: 0.46/0.72/59.68 Ep. 76 | Best Valid: 0.42/0.68/59.68 | Ep. 3
Time elapsed: 27.15 min
Epoch: 077/200 | Batch 0000/0043 | Loss: 0.0598
MAE/RMSE/ACC: Current Valid: 0.49/0.76/59.68 Ep. 77 | Best Valid: 0.42/0.68/59.68 | Ep. 3
Time elapsed: 27.51 min
Epoch: 078/200 | Batch 0000/0043 | Loss: 0.0256
MAE/RMSE/ACC: Current Valid: 0.48/0.75/59.68 Ep. 78 | Best Valid: 0.42/0.68/59.68 | Ep. 3
Time elapsed: 27.87 min
Epoch: 079/200 | Batch 0000/0043 | Loss: 0.0510
MAE/RMSE/ACC: Current Valid: 0.46/0.73/59.68 Ep. 79 | Best Valid: 0.42/0.68/59.68 | Ep. 3
Time elapsed: 28.23 min
Epoch: 080/200 | Batch 0000/0043 | Loss: 0.0293
MAE/RMSE/ACC: Current Valid: 0.47/0.73/59.68 Ep. 80 | Best Valid: 0.42/0.68/59.68 | Ep. 3
Time elapsed: 28.59 min
Epoch: 081/200 | Batch 0000/0043 | Loss: 0.0284
MAE/RMSE/ACC: Current Valid: 0.48/0.74/59.68 Ep. 81 | Best Valid: 0.42/0.68/59.68 | Ep. 3
Time elapsed: 28.95 min
Epoch: 082/200 | Batch 0000/0043 | Loss: 0.0075
MAE/RMSE/ACC: Current Valid: 0.46/0.72/59.68 Ep. 82 | Best Valid: 0.42/0.68/59.68 | Ep. 3
Time elapsed: 29.31 min
Epoch: 083/200 | Batch 0000/0043 | Loss: 0.0100
MAE/RMSE/ACC: Current Valid: 0.47/0.73/59.68 Ep. 83 | Best Valid: 0.42/0.68/59.68 | Ep. 3
Time elapsed: 29.67 min
Epoch: 084/200 | Batch 0000/0043 | Loss: 0.0177
MAE/RMSE/ACC: Current Valid: 0.45/0.70/59.68 Ep. 84 | Best Valid: 0.42/0.68/59.68 | Ep. 3
Time elapsed: 30.03 min
Epoch: 085/200 | Batch 0000/0043 | Loss: 0.0272
MAE/RMSE/ACC: Current Valid: 0.46/0.72/59.68 Ep. 85 | Best Valid: 0.42/0.68/59.68 | Ep. 3
Time elapsed: 30.39 min
Epoch: 086/200 | Batch 0000/0043 | Loss: 0.0334
MAE/RMSE/ACC: Current Valid: 0.50/0.76/59.68 Ep. 86 | Best Valid: 0.42/0.68/59.68 | Ep. 3
Time elapsed: 30.75 min
Epoch: 087/200 | Batch 0000/0043 | Loss: 0.0379
MAE/RMSE/ACC: Current Valid: 0.47/0.73/59.68 Ep. 87 | Best Valid: 0.42/0.68/59.68 | Ep. 3
Time elapsed: 31.11 min
Epoch: 088/200 | Batch 0000/0043 | Loss: 0.0553
MAE/RMSE/ACC: Current Valid: 0.47/0.73/59.68 Ep. 88 | Best Valid: 0.42/0.68/59.68 | Ep. 3
Time elapsed: 31.47 min
Epoch: 089/200 | Batch 0000/0043 | Loss: 0.0267
MAE/RMSE/ACC: Current Valid: 0.47/0.73/59.68 Ep. 89 | Best Valid: 0.42/0.68/59.68 | Ep. 3
Time elapsed: 31.83 min
Epoch: 090/200 | Batch 0000/0043 | Loss: 0.0138
MAE/RMSE/ACC: Current Valid: 0.47/0.73/59.68 Ep. 90 | Best Valid: 0.42/0.68/59.68 | Ep. 3
Time elapsed: 32.19 min
Epoch: 091/200 | Batch 0000/0043 | Loss: 0.0429
MAE/RMSE/ACC: Current Valid: 0.46/0.72/59.68 Ep. 91 | Best Valid: 0.42/0.68/59.68 | Ep. 3
Time elapsed: 32.55 min
Epoch: 092/200 | Batch 0000/0043 | Loss: 0.0077
MAE/RMSE/ACC: Current Valid: 0.49/0.75/59.68 Ep. 92 | Best Valid: 0.42/0.68/59.68 | Ep. 3
Time elapsed: 32.91 min
Epoch: 093/200 | Batch 0000/0043 | Loss: 0.0451
MAE/RMSE/ACC: Current Valid: 0.47/0.73/59.68 Ep. 93 | Best Valid: 0.42/0.68/59.68 | Ep. 3
Time elapsed: 33.27 min
Epoch: 094/200 | Batch 0000/0043 | Loss: 0.0306
MAE/RMSE/ACC: Current Valid: 0.47/0.73/59.68 Ep. 94 | Best Valid: 0.42/0.68/59.68 | Ep. 3
Time elapsed: 33.63 min
Epoch: 095/200 | Batch 0000/0043 | Loss: 0.0237
MAE/RMSE/ACC: Current Valid: 0.46/0.72/59.68 Ep. 95 | Best Valid: 0.42/0.68/59.68 | Ep. 3
Time elapsed: 33.99 min
Epoch: 096/200 | Batch 0000/0043 | Loss: 0.0250
MAE/RMSE/ACC: Current Valid: 0.48/0.74/59.68 Ep. 96 | Best Valid: 0.42/0.68/59.68 | Ep. 3
Time elapsed: 34.35 min
Epoch: 097/200 | Batch 0000/0043 | Loss: 0.0349
MAE/RMSE/ACC: Current Valid: 0.45/0.71/59.68 Ep. 97 | Best Valid: 0.42/0.68/59.68 | Ep. 3
Time elapsed: 34.71 min
Epoch: 098/200 | Batch 0000/0043 | Loss: 0.0241
MAE/RMSE/ACC: Current Valid: 0.46/0.72/59.68 Ep. 98 | Best Valid: 0.42/0.68/59.68 | Ep. 3
Time elapsed: 35.07 min
Epoch: 099/200 | Batch 0000/0043 | Loss: 0.0088
MAE/RMSE/ACC: Current Valid: 0.48/0.74/59.68 Ep. 99 | Best Valid: 0.42/0.68/59.68 | Ep. 3
Time elapsed: 35.43 min
Epoch: 100/200 | Batch 0000/0043 | Loss: 0.0195
MAE/RMSE/ACC: Current Valid: 0.48/0.74/59.68 Ep. 100 | Best Valid: 0.42/0.68/59.68 | Ep. 3
Time elapsed: 35.79 min
Epoch: 101/200 | Batch 0000/0043 | Loss: 0.0342
MAE/RMSE/ACC: Current Valid: 0.45/0.71/59.68 Ep. 101 | Best Valid: 0.42/0.68/59.68 | Ep. 3
Time elapsed: 36.15 min
Epoch: 102/200 | Batch 0000/0043 | Loss: 0.0292
MAE/RMSE/ACC: Current Valid: 0.45/0.72/59.68 Ep. 102 | Best Valid: 0.42/0.68/59.68 | Ep. 3
Time elapsed: 36.51 min
Epoch: 103/200 | Batch 0000/0043 | Loss: 0.0184
MAE/RMSE/ACC: Current Valid: 0.46/0.71/59.68 Ep. 103 | Best Valid: 0.42/0.68/59.68 | Ep. 3
Time elapsed: 36.87 min
Epoch: 104/200 | Batch 0000/0043 | Loss: 0.0604
MAE/RMSE/ACC: Current Valid: 0.45/0.71/59.68 Ep. 104 | Best Valid: 0.42/0.68/59.68 | Ep. 3
Time elapsed: 37.23 min
Epoch: 105/200 | Batch 0000/0043 | Loss: 0.0098
MAE/RMSE/ACC: Current Valid: 0.47/0.72/59.68 Ep. 105 | Best Valid: 0.42/0.68/59.68 | Ep. 3
Time elapsed: 37.58 min
Epoch: 106/200 | Batch 0000/0043 | Loss: 0.0393
MAE/RMSE/ACC: Current Valid: 0.46/0.72/59.68 Ep. 106 | Best Valid: 0.42/0.68/59.68 | Ep. 3
Time elapsed: 37.95 min
Epoch: 107/200 | Batch 0000/0043 | Loss: 0.0327
MAE/RMSE/ACC: Current Valid: 0.46/0.73/59.68 Ep. 107 | Best Valid: 0.42/0.68/59.68 | Ep. 3
Time elapsed: 38.30 min
Epoch: 108/200 | Batch 0000/0043 | Loss: 0.0119
MAE/RMSE/ACC: Current Valid: 0.46/0.72/59.68 Ep. 108 | Best Valid: 0.42/0.68/59.68 | Ep. 3
Time elapsed: 38.66 min
Epoch: 109/200 | Batch 0000/0043 | Loss: 0.0094
MAE/RMSE/ACC: Current Valid: 0.48/0.74/59.68 Ep. 109 | Best Valid: 0.42/0.68/59.68 | Ep. 3
Time elapsed: 39.02 min
Epoch: 110/200 | Batch 0000/0043 | Loss: 0.0054
MAE/RMSE/ACC: Current Valid: 0.48/0.74/59.68 Ep. 110 | Best Valid: 0.42/0.68/59.68 | Ep. 3
Time elapsed: 39.38 min
Epoch: 111/200 | Batch 0000/0043 | Loss: 0.0319
MAE/RMSE/ACC: Current Valid: 0.48/0.74/59.68 Ep. 111 | Best Valid: 0.42/0.68/59.68 | Ep. 3
Time elapsed: 39.74 min
Epoch: 112/200 | Batch 0000/0043 | Loss: 0.0151
MAE/RMSE/ACC: Current Valid: 0.46/0.72/59.68 Ep. 112 | Best Valid: 0.42/0.68/59.68 | Ep. 3
Time elapsed: 40.11 min
Epoch: 113/200 | Batch 0000/0043 | Loss: 0.0028
MAE/RMSE/ACC: Current Valid: 0.47/0.73/59.68 Ep. 113 | Best Valid: 0.42/0.68/59.68 | Ep. 3
Time elapsed: 40.46 min
Epoch: 114/200 | Batch 0000/0043 | Loss: 0.0217
MAE/RMSE/ACC: Current Valid: 0.44/0.70/59.68 Ep. 114 | Best Valid: 0.42/0.68/59.68 | Ep. 3
Time elapsed: 40.83 min
Epoch: 115/200 | Batch 0000/0043 | Loss: 0.0016
MAE/RMSE/ACC: Current Valid: 0.47/0.73/59.68 Ep. 115 | Best Valid: 0.42/0.68/59.68 | Ep. 3
Time elapsed: 41.19 min
Epoch: 116/200 | Batch 0000/0043 | Loss: 0.0198
MAE/RMSE/ACC: Current Valid: 0.47/0.73/59.68 Ep. 116 | Best Valid: 0.42/0.68/59.68 | Ep. 3
Time elapsed: 41.54 min
Epoch: 117/200 | Batch 0000/0043 | Loss: 0.0182
MAE/RMSE/ACC: Current Valid: 0.49/0.76/59.68 Ep. 117 | Best Valid: 0.42/0.68/59.68 | Ep. 3
Time elapsed: 41.91 min
Epoch: 118/200 | Batch 0000/0043 | Loss: 0.0249
MAE/RMSE/ACC: Current Valid: 0.45/0.70/59.68 Ep. 118 | Best Valid: 0.42/0.68/59.68 | Ep. 3
Time elapsed: 42.26 min
Epoch: 119/200 | Batch 0000/0043 | Loss: 0.0169
MAE/RMSE/ACC: Current Valid: 0.46/0.72/59.68 Ep. 119 | Best Valid: 0.42/0.68/59.68 | Ep. 3
Time elapsed: 42.63 min
Epoch: 120/200 | Batch 0000/0043 | Loss: 0.0337
MAE/RMSE/ACC: Current Valid: 0.45/0.71/59.68 Ep. 120 | Best Valid: 0.42/0.68/59.68 | Ep. 3
Time elapsed: 42.99 min
Epoch: 121/200 | Batch 0000/0043 | Loss: 0.0096
MAE/RMSE/ACC: Current Valid: 0.47/0.73/59.68 Ep. 121 | Best Valid: 0.42/0.68/59.68 | Ep. 3
Time elapsed: 43.35 min
Epoch: 122/200 | Batch 0000/0043 | Loss: 0.0271
MAE/RMSE/ACC: Current Valid: 0.46/0.72/59.68 Ep. 122 | Best Valid: 0.42/0.68/59.68 | Ep. 3
Time elapsed: 43.71 min
Epoch: 123/200 | Batch 0000/0043 | Loss: 0.0492
MAE/RMSE/ACC: Current Valid: 0.47/0.73/59.68 Ep. 123 | Best Valid: 0.42/0.68/59.68 | Ep. 3
Time elapsed: 44.07 min
Epoch: 124/200 | Batch 0000/0043 | Loss: 0.0161
MAE/RMSE/ACC: Current Valid: 0.46/0.72/59.68 Ep. 124 | Best Valid: 0.42/0.68/59.68 | Ep. 3
Time elapsed: 44.43 min
Epoch: 125/200 | Batch 0000/0043 | Loss: 0.0211
MAE/RMSE/ACC: Current Valid: 0.47/0.73/59.68 Ep. 125 | Best Valid: 0.42/0.68/59.68 | Ep. 3
Time elapsed: 44.79 min
Epoch: 126/200 | Batch 0000/0043 | Loss: 0.0228
MAE/RMSE/ACC: Current Valid: 0.46/0.72/59.68 Ep. 126 | Best Valid: 0.42/0.68/59.68 | Ep. 3
Time elapsed: 45.15 min
Epoch: 127/200 | Batch 0000/0043 | Loss: 0.0117
MAE/RMSE/ACC: Current Valid: 0.47/0.73/59.68 Ep. 127 | Best Valid: 0.42/0.68/59.68 | Ep. 3
Time elapsed: 45.51 min
Epoch: 128/200 | Batch 0000/0043 | Loss: 0.0232
MAE/RMSE/ACC: Current Valid: 0.47/0.73/59.68 Ep. 128 | Best Valid: 0.42/0.68/59.68 | Ep. 3
Time elapsed: 45.87 min
Epoch: 129/200 | Batch 0000/0043 | Loss: 0.0081
MAE/RMSE/ACC: Current Valid: 0.46/0.72/59.68 Ep. 129 | Best Valid: 0.42/0.68/59.68 | Ep. 3
Time elapsed: 46.23 min
Epoch: 130/200 | Batch 0000/0043 | Loss: 0.0150
MAE/RMSE/ACC: Current Valid: 0.46/0.71/59.68 Ep. 130 | Best Valid: 0.42/0.68/59.68 | Ep. 3
Time elapsed: 46.59 min
Epoch: 131/200 | Batch 0000/0043 | Loss: 0.0079
MAE/RMSE/ACC: Current Valid: 0.48/0.73/59.68 Ep. 131 | Best Valid: 0.42/0.68/59.68 | Ep. 3
Time elapsed: 46.94 min
Epoch: 132/200 | Batch 0000/0043 | Loss: 0.0300
MAE/RMSE/ACC: Current Valid: 0.47/0.73/59.68 Ep. 132 | Best Valid: 0.42/0.68/59.68 | Ep. 3
Time elapsed: 47.31 min
Epoch: 133/200 | Batch 0000/0043 | Loss: 0.0090
MAE/RMSE/ACC: Current Valid: 0.46/0.72/59.68 Ep. 133 | Best Valid: 0.42/0.68/59.68 | Ep. 3
Time elapsed: 47.66 min
Epoch: 134/200 | Batch 0000/0043 | Loss: 0.0023
MAE/RMSE/ACC: Current Valid: 0.47/0.72/59.68 Ep. 134 | Best Valid: 0.42/0.68/59.68 | Ep. 3
Time elapsed: 48.02 min
Epoch: 135/200 | Batch 0000/0043 | Loss: 0.0134
MAE/RMSE/ACC: Current Valid: 0.47/0.73/59.68 Ep. 135 | Best Valid: 0.42/0.68/59.68 | Ep. 3
Time elapsed: 48.38 min
Epoch: 136/200 | Batch 0000/0043 | Loss: 0.0068
MAE/RMSE/ACC: Current Valid: 0.47/0.74/59.68 Ep. 136 | Best Valid: 0.42/0.68/59.68 | Ep. 3
Time elapsed: 48.74 min
Epoch: 137/200 | Batch 0000/0043 | Loss: 0.0196
MAE/RMSE/ACC: Current Valid: 0.49/0.76/59.68 Ep. 137 | Best Valid: 0.42/0.68/59.68 | Ep. 3
Time elapsed: 49.10 min
Epoch: 138/200 | Batch 0000/0043 | Loss: 0.0946
MAE/RMSE/ACC: Current Valid: 0.49/0.76/59.68 Ep. 138 | Best Valid: 0.42/0.68/59.68 | Ep. 3
Time elapsed: 49.46 min
Epoch: 139/200 | Batch 0000/0043 | Loss: 0.0225
MAE/RMSE/ACC: Current Valid: 0.48/0.75/59.68 Ep. 139 | Best Valid: 0.42/0.68/59.68 | Ep. 3
Time elapsed: 49.82 min
Epoch: 140/200 | Batch 0000/0043 | Loss: 0.0448
MAE/RMSE/ACC: Current Valid: 0.46/0.72/59.68 Ep. 140 | Best Valid: 0.42/0.68/59.68 | Ep. 3
Time elapsed: 50.18 min
Epoch: 141/200 | Batch 0000/0043 | Loss: 0.0349
MAE/RMSE/ACC: Current Valid: 0.47/0.73/59.68 Ep. 141 | Best Valid: 0.42/0.68/59.68 | Ep. 3
Time elapsed: 50.54 min
Epoch: 142/200 | Batch 0000/0043 | Loss: 0.0137
MAE/RMSE/ACC: Current Valid: 0.47/0.74/59.68 Ep. 142 | Best Valid: 0.42/0.68/59.68 | Ep. 3
Time elapsed: 50.90 min
Epoch: 143/200 | Batch 0000/0043 | Loss: 0.0431
MAE/RMSE/ACC: Current Valid: 0.45/0.71/59.68 Ep. 143 | Best Valid: 0.42/0.68/59.68 | Ep. 3
Time elapsed: 51.26 min
Epoch: 144/200 | Batch 0000/0043 | Loss: 0.0268
MAE/RMSE/ACC: Current Valid: 0.48/0.74/59.68 Ep. 144 | Best Valid: 0.42/0.68/59.68 | Ep. 3
Time elapsed: 51.62 min
Epoch: 145/200 | Batch 0000/0043 | Loss: 0.0144
MAE/RMSE/ACC: Current Valid: 0.47/0.73/59.68 Ep. 145 | Best Valid: 0.42/0.68/59.68 | Ep. 3
Time elapsed: 51.98 min
Epoch: 146/200 | Batch 0000/0043 | Loss: 0.0845
MAE/RMSE/ACC: Current Valid: 0.47/0.73/59.68 Ep. 146 | Best Valid: 0.42/0.68/59.68 | Ep. 3
Time elapsed: 52.34 min
Epoch: 147/200 | Batch 0000/0043 | Loss: 0.0119
MAE/RMSE/ACC: Current Valid: 0.47/0.74/59.68 Ep. 147 | Best Valid: 0.42/0.68/59.68 | Ep. 3
Time elapsed: 52.70 min
Epoch: 148/200 | Batch 0000/0043 | Loss: 0.0230
MAE/RMSE/ACC: Current Valid: 0.47/0.73/59.68 Ep. 148 | Best Valid: 0.42/0.68/59.68 | Ep. 3
Time elapsed: 53.06 min
Epoch: 149/200 | Batch 0000/0043 | Loss: 0.0027
MAE/RMSE/ACC: Current Valid: 0.48/0.74/59.68 Ep. 149 | Best Valid: 0.42/0.68/59.68 | Ep. 3
Time elapsed: 53.42 min
Epoch: 150/200 | Batch 0000/0043 | Loss: 0.0082
MAE/RMSE/ACC: Current Valid: 0.48/0.74/59.68 Ep. 150 | Best Valid: 0.42/0.68/59.68 | Ep. 3
Time elapsed: 53.78 min
Epoch: 151/200 | Batch 0000/0043 | Loss: 0.0315
MAE/RMSE/ACC: Current Valid: 0.45/0.71/59.68 Ep. 151 | Best Valid: 0.42/0.68/59.68 | Ep. 3
Time elapsed: 54.14 min
Epoch: 152/200 | Batch 0000/0043 | Loss: 0.0400
MAE/RMSE/ACC: Current Valid: 0.47/0.74/59.68 Ep. 152 | Best Valid: 0.42/0.68/59.68 | Ep. 3
Time elapsed: 54.50 min
Epoch: 153/200 | Batch 0000/0043 | Loss: 0.0281
MAE/RMSE/ACC: Current Valid: 0.47/0.73/59.68 Ep. 153 | Best Valid: 0.42/0.68/59.68 | Ep. 3
Time elapsed: 54.86 min
Epoch: 154/200 | Batch 0000/0043 | Loss: 0.0388
MAE/RMSE/ACC: Current Valid: 0.47/0.74/59.68 Ep. 154 | Best Valid: 0.42/0.68/59.68 | Ep. 3
Time elapsed: 55.22 min
Epoch: 155/200 | Batch 0000/0043 | Loss: 0.0169
MAE/RMSE/ACC: Current Valid: 0.47/0.73/59.68 Ep. 155 | Best Valid: 0.42/0.68/59.68 | Ep. 3
Time elapsed: 55.58 min
Epoch: 156/200 | Batch 0000/0043 | Loss: 0.0021
MAE/RMSE/ACC: Current Valid: 0.48/0.74/59.68 Ep. 156 | Best Valid: 0.42/0.68/59.68 | Ep. 3
Time elapsed: 55.94 min
Epoch: 157/200 | Batch 0000/0043 | Loss: 0.0214
MAE/RMSE/ACC: Current Valid: 0.46/0.72/59.68 Ep. 157 | Best Valid: 0.42/0.68/59.68 | Ep. 3
Time elapsed: 56.30 min
Epoch: 158/200 | Batch 0000/0043 | Loss: 0.0205
MAE/RMSE/ACC: Current Valid: 0.48/0.74/59.68 Ep. 158 | Best Valid: 0.42/0.68/59.68 | Ep. 3
Time elapsed: 56.66 min
Epoch: 159/200 | Batch 0000/0043 | Loss: 0.0099
MAE/RMSE/ACC: Current Valid: 0.47/0.72/59.68 Ep. 159 | Best Valid: 0.42/0.68/59.68 | Ep. 3
Time elapsed: 57.02 min
Epoch: 160/200 | Batch 0000/0043 | Loss: 0.0238
MAE/RMSE/ACC: Current Valid: 0.48/0.73/59.68 Ep. 160 | Best Valid: 0.42/0.68/59.68 | Ep. 3
Time elapsed: 57.38 min
Epoch: 161/200 | Batch 0000/0043 | Loss: 0.0084
MAE/RMSE/ACC: Current Valid: 0.47/0.72/59.68 Ep. 161 | Best Valid: 0.42/0.68/59.68 | Ep. 3
Time elapsed: 57.74 min
Epoch: 162/200 | Batch 0000/0043 | Loss: 0.0382
MAE/RMSE/ACC: Current Valid: 0.47/0.73/59.68 Ep. 162 | Best Valid: 0.42/0.68/59.68 | Ep. 3
Time elapsed: 58.10 min
Epoch: 163/200 | Batch 0000/0043 | Loss: 0.0044
MAE/RMSE/ACC: Current Valid: 0.48/0.74/59.68 Ep. 163 | Best Valid: 0.42/0.68/59.68 | Ep. 3
Time elapsed: 58.46 min
Epoch: 164/200 | Batch 0000/0043 | Loss: 0.0307
MAE/RMSE/ACC: Current Valid: 0.46/0.72/59.68 Ep. 164 | Best Valid: 0.42/0.68/59.68 | Ep. 3
Time elapsed: 58.82 min
Epoch: 165/200 | Batch 0000/0043 | Loss: 0.0117
MAE/RMSE/ACC: Current Valid: 0.49/0.75/59.68 Ep. 165 | Best Valid: 0.42/0.68/59.68 | Ep. 3
Time elapsed: 59.18 min
Epoch: 166/200 | Batch 0000/0043 | Loss: 0.0253
MAE/RMSE/ACC: Current Valid: 0.49/0.75/59.68 Ep. 166 | Best Valid: 0.42/0.68/59.68 | Ep. 3
Time elapsed: 59.54 min
Epoch: 167/200 | Batch 0000/0043 | Loss: 0.0087
MAE/RMSE/ACC: Current Valid: 0.48/0.74/59.68 Ep. 167 | Best Valid: 0.42/0.68/59.68 | Ep. 3
Time elapsed: 59.89 min
Epoch: 168/200 | Batch 0000/0043 | Loss: 0.0083
MAE/RMSE/ACC: Current Valid: 0.46/0.72/59.68 Ep. 168 | Best Valid: 0.42/0.68/59.68 | Ep. 3
Time elapsed: 60.26 min
Epoch: 169/200 | Batch 0000/0043 | Loss: 0.0248
MAE/RMSE/ACC: Current Valid: 0.45/0.72/59.68 Ep. 169 | Best Valid: 0.42/0.68/59.68 | Ep. 3
Time elapsed: 60.61 min
Epoch: 170/200 | Batch 0000/0043 | Loss: 0.0069
MAE/RMSE/ACC: Current Valid: 0.45/0.72/59.68 Ep. 170 | Best Valid: 0.42/0.68/59.68 | Ep. 3
Time elapsed: 60.97 min
Epoch: 171/200 | Batch 0000/0043 | Loss: 0.0111
MAE/RMSE/ACC: Current Valid: 0.46/0.72/59.68 Ep. 171 | Best Valid: 0.42/0.68/59.68 | Ep. 3
Time elapsed: 61.33 min
Epoch: 172/200 | Batch 0000/0043 | Loss: 0.0139
MAE/RMSE/ACC: Current Valid: 0.46/0.72/59.68 Ep. 172 | Best Valid: 0.42/0.68/59.68 | Ep. 3
Time elapsed: 61.69 min
Epoch: 173/200 | Batch 0000/0043 | Loss: 0.0280
MAE/RMSE/ACC: Current Valid: 0.48/0.73/59.68 Ep. 173 | Best Valid: 0.42/0.68/59.68 | Ep. 3
Time elapsed: 62.05 min
Epoch: 174/200 | Batch 0000/0043 | Loss: 0.0219
MAE/RMSE/ACC: Current Valid: 0.47/0.73/59.68 Ep. 174 | Best Valid: 0.42/0.68/59.68 | Ep. 3
Time elapsed: 62.41 min
Epoch: 175/200 | Batch 0000/0043 | Loss: 0.0248
MAE/RMSE/ACC: Current Valid: 0.47/0.73/59.68 Ep. 175 | Best Valid: 0.42/0.68/59.68 | Ep. 3
Time elapsed: 62.77 min
Epoch: 176/200 | Batch 0000/0043 | Loss: 0.0118
MAE/RMSE/ACC: Current Valid: 0.47/0.73/59.68 Ep. 176 | Best Valid: 0.42/0.68/59.68 | Ep. 3
Time elapsed: 63.13 min
Epoch: 177/200 | Batch 0000/0043 | Loss: 0.0084
MAE/RMSE/ACC: Current Valid: 0.46/0.72/59.68 Ep. 177 | Best Valid: 0.42/0.68/59.68 | Ep. 3
Time elapsed: 63.49 min
Epoch: 178/200 | Batch 0000/0043 | Loss: 0.0045
MAE/RMSE/ACC: Current Valid: 0.48/0.73/59.68 Ep. 178 | Best Valid: 0.42/0.68/59.68 | Ep. 3
Time elapsed: 63.85 min
Epoch: 179/200 | Batch 0000/0043 | Loss: 0.0242
MAE/RMSE/ACC: Current Valid: 0.47/0.73/59.68 Ep. 179 | Best Valid: 0.42/0.68/59.68 | Ep. 3
Time elapsed: 64.21 min
Epoch: 180/200 | Batch 0000/0043 | Loss: 0.0099
MAE/RMSE/ACC: Current Valid: 0.45/0.72/59.68 Ep. 180 | Best Valid: 0.42/0.68/59.68 | Ep. 3
Time elapsed: 64.56 min
Epoch: 181/200 | Batch 0000/0043 | Loss: 0.0149
MAE/RMSE/ACC: Current Valid: 0.46/0.73/59.68 Ep. 181 | Best Valid: 0.42/0.68/59.68 | Ep. 3
Time elapsed: 64.92 min
Epoch: 182/200 | Batch 0000/0043 | Loss: 0.0016
MAE/RMSE/ACC: Current Valid: 0.46/0.72/59.68 Ep. 182 | Best Valid: 0.42/0.68/59.68 | Ep. 3
Time elapsed: 65.28 min
Epoch: 183/200 | Batch 0000/0043 | Loss: 0.0069
MAE/RMSE/ACC: Current Valid: 0.46/0.72/59.68 Ep. 183 | Best Valid: 0.42/0.68/59.68 | Ep. 3
Time elapsed: 65.64 min
Epoch: 184/200 | Batch 0000/0043 | Loss: 0.0080
MAE/RMSE/ACC: Current Valid: 0.47/0.74/59.68 Ep. 184 | Best Valid: 0.42/0.68/59.68 | Ep. 3
Time elapsed: 66.00 min
Epoch: 185/200 | Batch 0000/0043 | Loss: 0.0063
MAE/RMSE/ACC: Current Valid: 0.47/0.74/59.68 Ep. 185 | Best Valid: 0.42/0.68/59.68 | Ep. 3
Time elapsed: 66.36 min
Epoch: 186/200 | Batch 0000/0043 | Loss: 0.0063
MAE/RMSE/ACC: Current Valid: 0.46/0.73/59.68 Ep. 186 | Best Valid: 0.42/0.68/59.68 | Ep. 3
Time elapsed: 66.72 min
Epoch: 187/200 | Batch 0000/0043 | Loss: 0.0073
MAE/RMSE/ACC: Current Valid: 0.47/0.74/59.68 Ep. 187 | Best Valid: 0.42/0.68/59.68 | Ep. 3
Time elapsed: 67.08 min
Epoch: 188/200 | Batch 0000/0043 | Loss: 0.0360
MAE/RMSE/ACC: Current Valid: 0.46/0.72/59.68 Ep. 188 | Best Valid: 0.42/0.68/59.68 | Ep. 3
Time elapsed: 67.44 min
Epoch: 189/200 | Batch 0000/0043 | Loss: 0.0202
MAE/RMSE/ACC: Current Valid: 0.46/0.72/59.68 Ep. 189 | Best Valid: 0.42/0.68/59.68 | Ep. 3
Time elapsed: 67.80 min
Epoch: 190/200 | Batch 0000/0043 | Loss: 0.0427
MAE/RMSE/ACC: Current Valid: 0.45/0.72/59.68 Ep. 190 | Best Valid: 0.42/0.68/59.68 | Ep. 3
Time elapsed: 68.16 min
Epoch: 191/200 | Batch 0000/0043 | Loss: 0.0056
MAE/RMSE/ACC: Current Valid: 0.46/0.73/59.68 Ep. 191 | Best Valid: 0.42/0.68/59.68 | Ep. 3
Time elapsed: 68.51 min
Epoch: 192/200 | Batch 0000/0043 | Loss: 0.0288
MAE/RMSE/ACC: Current Valid: 0.46/0.72/59.68 Ep. 192 | Best Valid: 0.42/0.68/59.68 | Ep. 3
Time elapsed: 68.87 min
Epoch: 193/200 | Batch 0000/0043 | Loss: 0.0404
MAE/RMSE/ACC: Current Valid: 0.47/0.73/59.68 Ep. 193 | Best Valid: 0.42/0.68/59.68 | Ep. 3
Time elapsed: 69.23 min
Epoch: 194/200 | Batch 0000/0043 | Loss: 0.0110
MAE/RMSE/ACC: Current Valid: 0.46/0.72/59.68 Ep. 194 | Best Valid: 0.42/0.68/59.68 | Ep. 3
Time elapsed: 69.58 min
Epoch: 195/200 | Batch 0000/0043 | Loss: 0.0042
MAE/RMSE/ACC: Current Valid: 0.45/0.71/59.68 Ep. 195 | Best Valid: 0.42/0.68/59.68 | Ep. 3
Time elapsed: 69.94 min
Epoch: 196/200 | Batch 0000/0043 | Loss: 0.0122
MAE/RMSE/ACC: Current Valid: 0.46/0.72/59.68 Ep. 196 | Best Valid: 0.42/0.68/59.68 | Ep. 3
Time elapsed: 70.30 min
Epoch: 197/200 | Batch 0000/0043 | Loss: 0.0365
MAE/RMSE/ACC: Current Valid: 0.47/0.74/59.68 Ep. 197 | Best Valid: 0.42/0.68/59.68 | Ep. 3
Time elapsed: 70.65 min
Epoch: 198/200 | Batch 0000/0043 | Loss: 0.0159
MAE/RMSE/ACC: Current Valid: 0.46/0.73/59.68 Ep. 198 | Best Valid: 0.42/0.68/59.68 | Ep. 3
Time elapsed: 71.00 min
Epoch: 199/200 | Batch 0000/0043 | Loss: 0.0064
MAE/RMSE/ACC: Current Valid: 0.47/0.73/59.68 Ep. 199 | Best Valid: 0.42/0.68/59.68 | Ep. 3
Time elapsed: 71.35 min
Epoch: 200/200 | Batch 0000/0043 | Loss: 0.0205
MAE/RMSE/ACC: Current Valid: 0.44/0.71/59.68 Ep. 200 | Best Valid: 0.42/0.68/59.68 | Ep. 3
Time elapsed: 71.69 min
MAE/RMSE: | Train: 0.00/0.07 | Valid: 0.44/0.71 | Test: 0.46/0.72
ACC: | Train: 99.63 | Valid: 58.58 | Test: 57.43
Total Running Time: 72.30 min
MAE/RMSE: | Best Train: 0.41/0.66 | Best Valid: 0.42/0.68 | Best Test: 0.44/0.70
ACC: | Best Train: 60.89 | Best Valid: 59.68 | Best Test: 58.73
Total Running Time: 72.92 min
