This script: resnet34_coral.py
PyTorch Version: 1.8.1
CUDA device: cuda:3
CUDA version: 11.1
Random seed: 0
Learning rate: 0.0005
Epochs: 200
Batch size: 256
Output path: runs/afad-balanced/resnet34_coral-imp0-seed0-epochs200_best-rmse
Epoch: 001/200 | Batch 0000/0180 | Loss: 8.4553
Epoch: 001/200 | Batch 0050/0180 | Loss: 8.1635
Epoch: 001/200 | Batch 0100/0180 | Loss: 7.9216
Epoch: 001/200 | Batch 0150/0180 | Loss: 7.8006
MAE/RMSE/ACC: Current Valid: 4.87/6.02/11.03 Ep. 1 | Best Valid: 4.87/6.02/11.03 | Ep. 1
Time elapsed: 1.29 min
Epoch: 002/200 | Batch 0000/0180 | Loss: 7.7927
Epoch: 002/200 | Batch 0050/0180 | Loss: 7.6170
Epoch: 002/200 | Batch 0100/0180 | Loss: 7.6568
Epoch: 002/200 | Batch 0150/0180 | Loss: 7.6334
MAE/RMSE/ACC: Current Valid: 4.49/5.62/11.09 Ep. 2 | Best Valid: 4.49/5.62/11.09 | Ep. 2
Time elapsed: 2.60 min
Epoch: 003/200 | Batch 0000/0180 | Loss: 7.6437
Epoch: 003/200 | Batch 0050/0180 | Loss: 7.7061
Epoch: 003/200 | Batch 0100/0180 | Loss: 7.3110
Epoch: 003/200 | Batch 0150/0180 | Loss: 7.2599
MAE/RMSE/ACC: Current Valid: 3.99/5.06/10.74 Ep. 3 | Best Valid: 3.99/5.06/10.74 | Ep. 3
Time elapsed: 3.94 min
Epoch: 004/200 | Batch 0000/0180 | Loss: 7.4068
Epoch: 004/200 | Batch 0050/0180 | Loss: 7.4367
Epoch: 004/200 | Batch 0100/0180 | Loss: 7.1854
Epoch: 004/200 | Batch 0150/0180 | Loss: 7.1412
MAE/RMSE/ACC: Current Valid: 3.74/4.75/11.38 Ep. 4 | Best Valid: 3.74/4.75/11.38 | Ep. 4
Time elapsed: 5.30 min
Epoch: 005/200 | Batch 0000/0180 | Loss: 7.2045
Epoch: 005/200 | Batch 0050/0180 | Loss: 7.1454
Epoch: 005/200 | Batch 0100/0180 | Loss: 7.2786
Epoch: 005/200 | Batch 0150/0180 | Loss: 7.1446
MAE/RMSE/ACC: Current Valid: 3.89/4.96/11.38 Ep. 5 | Best Valid: 3.74/4.75/11.38 | Ep. 4
Time elapsed: 6.66 min
Epoch: 006/200 | Batch 0000/0180 | Loss: 7.1301
Epoch: 006/200 | Batch 0050/0180 | Loss: 6.9463
Epoch: 006/200 | Batch 0100/0180 | Loss: 7.1068
Epoch: 006/200 | Batch 0150/0180 | Loss: 6.9266
MAE/RMSE/ACC: Current Valid: 3.65/4.62/11.45 Ep. 6 | Best Valid: 3.65/4.62/11.45 | Ep. 6
Time elapsed: 8.02 min
Epoch: 007/200 | Batch 0000/0180 | Loss: 6.8300
Epoch: 007/200 | Batch 0050/0180 | Loss: 6.7094
Epoch: 007/200 | Batch 0100/0180 | Loss: 6.9255
Epoch: 007/200 | Batch 0150/0180 | Loss: 6.8145
MAE/RMSE/ACC: Current Valid: 3.26/4.10/11.62 Ep. 7 | Best Valid: 3.26/4.10/11.62 | Ep. 7
Time elapsed: 9.37 min
Epoch: 008/200 | Batch 0000/0180 | Loss: 6.6093
Epoch: 008/200 | Batch 0050/0180 | Loss: 6.7993
Epoch: 008/200 | Batch 0100/0180 | Loss: 6.7204
Epoch: 008/200 | Batch 0150/0180 | Loss: 6.5104
MAE/RMSE/ACC: Current Valid: 3.38/4.28/11.62 Ep. 8 | Best Valid: 3.26/4.10/11.62 | Ep. 7
Time elapsed: 10.73 min
Epoch: 009/200 | Batch 0000/0180 | Loss: 6.6096
Epoch: 009/200 | Batch 0050/0180 | Loss: 6.7322
Epoch: 009/200 | Batch 0100/0180 | Loss: 6.4492
Epoch: 009/200 | Batch 0150/0180 | Loss: 6.5774
MAE/RMSE/ACC: Current Valid: 3.54/4.43/11.62 Ep. 9 | Best Valid: 3.26/4.10/11.62 | Ep. 7
Time elapsed: 12.09 min
Epoch: 010/200 | Batch 0000/0180 | Loss: 6.5454
Epoch: 010/200 | Batch 0050/0180 | Loss: 6.3277
Epoch: 010/200 | Batch 0100/0180 | Loss: 6.4686
Epoch: 010/200 | Batch 0150/0180 | Loss: 6.3974
MAE/RMSE/ACC: Current Valid: 3.27/4.10/11.62 Ep. 10 | Best Valid: 3.26/4.10/11.62 | Ep. 7
Time elapsed: 13.44 min
Epoch: 011/200 | Batch 0000/0180 | Loss: 6.2273
Epoch: 011/200 | Batch 0050/0180 | Loss: 6.3778
Epoch: 011/200 | Batch 0100/0180 | Loss: 6.3667
Epoch: 011/200 | Batch 0150/0180 | Loss: 6.1554
MAE/RMSE/ACC: Current Valid: 2.99/3.65/10.22 Ep. 11 | Best Valid: 2.99/3.65/10.22 | Ep. 11
Time elapsed: 14.80 min
Epoch: 012/200 | Batch 0000/0180 | Loss: 6.1853
Epoch: 012/200 | Batch 0050/0180 | Loss: 6.4184
Epoch: 012/200 | Batch 0100/0180 | Loss: 6.2665
Epoch: 012/200 | Batch 0150/0180 | Loss: 6.2223
MAE/RMSE/ACC: Current Valid: 3.03/3.77/10.22 Ep. 12 | Best Valid: 2.99/3.65/10.22 | Ep. 11
Time elapsed: 16.15 min
Epoch: 013/200 | Batch 0000/0180 | Loss: 6.0702
Epoch: 013/200 | Batch 0050/0180 | Loss: 5.9275
Epoch: 013/200 | Batch 0100/0180 | Loss: 6.4288
Epoch: 013/200 | Batch 0150/0180 | Loss: 6.3119
MAE/RMSE/ACC: Current Valid: 3.13/3.93/10.22 Ep. 13 | Best Valid: 2.99/3.65/10.22 | Ep. 11
Time elapsed: 17.51 min
Epoch: 014/200 | Batch 0000/0180 | Loss: 6.2018
Epoch: 014/200 | Batch 0050/0180 | Loss: 6.0060
Epoch: 014/200 | Batch 0100/0180 | Loss: 6.0101
Epoch: 014/200 | Batch 0150/0180 | Loss: 6.1561
MAE/RMSE/ACC: Current Valid: 3.10/3.90/10.22 Ep. 14 | Best Valid: 2.99/3.65/10.22 | Ep. 11
Time elapsed: 18.87 min
Epoch: 015/200 | Batch 0000/0180 | Loss: 5.9117
Epoch: 015/200 | Batch 0050/0180 | Loss: 5.8216
Epoch: 015/200 | Batch 0100/0180 | Loss: 5.8196
Epoch: 015/200 | Batch 0150/0180 | Loss: 5.8220
MAE/RMSE/ACC: Current Valid: 3.10/3.86/10.22 Ep. 15 | Best Valid: 2.99/3.65/10.22 | Ep. 11
Time elapsed: 20.22 min
Epoch: 016/200 | Batch 0000/0180 | Loss: 5.8870
Epoch: 016/200 | Batch 0050/0180 | Loss: 5.6478
Epoch: 016/200 | Batch 0100/0180 | Loss: 5.8163
Epoch: 016/200 | Batch 0150/0180 | Loss: 5.8725
MAE/RMSE/ACC: Current Valid: 3.23/4.11/10.22 Ep. 16 | Best Valid: 2.99/3.65/10.22 | Ep. 11
Time elapsed: 21.58 min
Epoch: 017/200 | Batch 0000/0180 | Loss: 5.7902
Epoch: 017/200 | Batch 0050/0180 | Loss: 5.7151
Epoch: 017/200 | Batch 0100/0180 | Loss: 5.5415
Epoch: 017/200 | Batch 0150/0180 | Loss: 5.7626
MAE/RMSE/ACC: Current Valid: 3.13/3.95/10.22 Ep. 17 | Best Valid: 2.99/3.65/10.22 | Ep. 11
Time elapsed: 22.93 min
Epoch: 018/200 | Batch 0000/0180 | Loss: 5.5043
Epoch: 018/200 | Batch 0050/0180 | Loss: 5.6405
Epoch: 018/200 | Batch 0100/0180 | Loss: 5.8264
Epoch: 018/200 | Batch 0150/0180 | Loss: 5.5324
MAE/RMSE/ACC: Current Valid: 3.12/3.88/10.22 Ep. 18 | Best Valid: 2.99/3.65/10.22 | Ep. 11
Time elapsed: 24.27 min
Epoch: 019/200 | Batch 0000/0180 | Loss: 5.3464
Epoch: 019/200 | Batch 0050/0180 | Loss: 5.4791
Epoch: 019/200 | Batch 0100/0180 | Loss: 5.5864
Epoch: 019/200 | Batch 0150/0180 | Loss: 5.5368
MAE/RMSE/ACC: Current Valid: 3.10/3.90/10.22 Ep. 19 | Best Valid: 2.99/3.65/10.22 | Ep. 11
Time elapsed: 25.63 min
Epoch: 020/200 | Batch 0000/0180 | Loss: 5.2979
Epoch: 020/200 | Batch 0050/0180 | Loss: 5.3688
Epoch: 020/200 | Batch 0100/0180 | Loss: 5.1232
Epoch: 020/200 | Batch 0150/0180 | Loss: 5.6018
MAE/RMSE/ACC: Current Valid: 3.09/3.87/10.22 Ep. 20 | Best Valid: 2.99/3.65/10.22 | Ep. 11
Time elapsed: 26.99 min
Epoch: 021/200 | Batch 0000/0180 | Loss: 5.4627
Epoch: 021/200 | Batch 0050/0180 | Loss: 5.4210
Epoch: 021/200 | Batch 0100/0180 | Loss: 5.0029
Epoch: 021/200 | Batch 0150/0180 | Loss: 5.3520
MAE/RMSE/ACC: Current Valid: 3.08/3.88/10.22 Ep. 21 | Best Valid: 2.99/3.65/10.22 | Ep. 11
Time elapsed: 28.34 min
Epoch: 022/200 | Batch 0000/0180 | Loss: 5.0822
Epoch: 022/200 | Batch 0050/0180 | Loss: 5.0699
Epoch: 022/200 | Batch 0100/0180 | Loss: 5.4491
Epoch: 022/200 | Batch 0150/0180 | Loss: 4.9521
MAE/RMSE/ACC: Current Valid: 3.17/4.01/10.22 Ep. 22 | Best Valid: 2.99/3.65/10.22 | Ep. 11
Time elapsed: 29.70 min
Epoch: 023/200 | Batch 0000/0180 | Loss: 4.7190
Epoch: 023/200 | Batch 0050/0180 | Loss: 4.8238
Epoch: 023/200 | Batch 0100/0180 | Loss: 5.0266
Epoch: 023/200 | Batch 0150/0180 | Loss: 4.7748
MAE/RMSE/ACC: Current Valid: 3.14/3.98/10.22 Ep. 23 | Best Valid: 2.99/3.65/10.22 | Ep. 11
Time elapsed: 31.06 min
Epoch: 024/200 | Batch 0000/0180 | Loss: 4.5884
Epoch: 024/200 | Batch 0050/0180 | Loss: 4.7386
Epoch: 024/200 | Batch 0100/0180 | Loss: 4.8928
Epoch: 024/200 | Batch 0150/0180 | Loss: 4.9482
MAE/RMSE/ACC: Current Valid: 3.24/4.12/10.22 Ep. 24 | Best Valid: 2.99/3.65/10.22 | Ep. 11
Time elapsed: 32.41 min
Epoch: 025/200 | Batch 0000/0180 | Loss: 4.5845
Epoch: 025/200 | Batch 0050/0180 | Loss: 4.5548
Epoch: 025/200 | Batch 0100/0180 | Loss: 4.7460
Epoch: 025/200 | Batch 0150/0180 | Loss: 4.6062
MAE/RMSE/ACC: Current Valid: 3.14/3.96/10.22 Ep. 25 | Best Valid: 2.99/3.65/10.22 | Ep. 11
Time elapsed: 33.77 min
Epoch: 026/200 | Batch 0000/0180 | Loss: 4.7451
Epoch: 026/200 | Batch 0050/0180 | Loss: 4.4557
Epoch: 026/200 | Batch 0100/0180 | Loss: 4.4498
Epoch: 026/200 | Batch 0150/0180 | Loss: 4.5909
MAE/RMSE/ACC: Current Valid: 3.12/3.96/10.22 Ep. 26 | Best Valid: 2.99/3.65/10.22 | Ep. 11
Time elapsed: 35.13 min
Epoch: 027/200 | Batch 0000/0180 | Loss: 4.1715
Epoch: 027/200 | Batch 0050/0180 | Loss: 4.2778
Epoch: 027/200 | Batch 0100/0180 | Loss: 4.1585
Epoch: 027/200 | Batch 0150/0180 | Loss: 4.3434
MAE/RMSE/ACC: Current Valid: 3.09/3.90/10.22 Ep. 27 | Best Valid: 2.99/3.65/10.22 | Ep. 11
Time elapsed: 36.48 min
Epoch: 028/200 | Batch 0000/0180 | Loss: 4.0549
Epoch: 028/200 | Batch 0050/0180 | Loss: 4.1913
Epoch: 028/200 | Batch 0100/0180 | Loss: 4.5207
Epoch: 028/200 | Batch 0150/0180 | Loss: 4.1425
MAE/RMSE/ACC: Current Valid: 3.11/3.95/10.22 Ep. 28 | Best Valid: 2.99/3.65/10.22 | Ep. 11
Time elapsed: 37.84 min
Epoch: 029/200 | Batch 0000/0180 | Loss: 4.3375
Epoch: 029/200 | Batch 0050/0180 | Loss: 4.3382
Epoch: 029/200 | Batch 0100/0180 | Loss: 4.2479
Epoch: 029/200 | Batch 0150/0180 | Loss: 4.0616
MAE/RMSE/ACC: Current Valid: 3.12/3.94/10.22 Ep. 29 | Best Valid: 2.99/3.65/10.22 | Ep. 11
Time elapsed: 39.19 min
Epoch: 030/200 | Batch 0000/0180 | Loss: 4.0887
Epoch: 030/200 | Batch 0050/0180 | Loss: 4.1432
Epoch: 030/200 | Batch 0100/0180 | Loss: 4.1796
Epoch: 030/200 | Batch 0150/0180 | Loss: 4.0547
MAE/RMSE/ACC: Current Valid: 3.15/4.00/10.22 Ep. 30 | Best Valid: 2.99/3.65/10.22 | Ep. 11
Time elapsed: 40.55 min
Epoch: 031/200 | Batch 0000/0180 | Loss: 3.8668
Epoch: 031/200 | Batch 0050/0180 | Loss: 4.2696
Epoch: 031/200 | Batch 0100/0180 | Loss: 3.9570
Epoch: 031/200 | Batch 0150/0180 | Loss: 4.0706
MAE/RMSE/ACC: Current Valid: 3.20/4.08/10.22 Ep. 31 | Best Valid: 2.99/3.65/10.22 | Ep. 11
Time elapsed: 41.91 min
Epoch: 032/200 | Batch 0000/0180 | Loss: 3.8823
Epoch: 032/200 | Batch 0050/0180 | Loss: 3.8644
Epoch: 032/200 | Batch 0100/0180 | Loss: 3.9176
Epoch: 032/200 | Batch 0150/0180 | Loss: 3.8424
MAE/RMSE/ACC: Current Valid: 3.15/3.99/10.22 Ep. 32 | Best Valid: 2.99/3.65/10.22 | Ep. 11
Time elapsed: 43.26 min
Epoch: 033/200 | Batch 0000/0180 | Loss: 3.5493
Epoch: 033/200 | Batch 0050/0180 | Loss: 4.1407
Epoch: 033/200 | Batch 0100/0180 | Loss: 3.5856
Epoch: 033/200 | Batch 0150/0180 | Loss: 3.8946
MAE/RMSE/ACC: Current Valid: 3.13/3.98/10.22 Ep. 33 | Best Valid: 2.99/3.65/10.22 | Ep. 11
Time elapsed: 44.62 min
Epoch: 034/200 | Batch 0000/0180 | Loss: 3.5010
Epoch: 034/200 | Batch 0050/0180 | Loss: 3.8410
Epoch: 034/200 | Batch 0100/0180 | Loss: 3.9049
Epoch: 034/200 | Batch 0150/0180 | Loss: 3.5505
MAE/RMSE/ACC: Current Valid: 3.14/3.97/10.22 Ep. 34 | Best Valid: 2.99/3.65/10.22 | Ep. 11
Time elapsed: 45.98 min
Epoch: 035/200 | Batch 0000/0180 | Loss: 3.4739
Epoch: 035/200 | Batch 0050/0180 | Loss: 3.6077
Epoch: 035/200 | Batch 0100/0180 | Loss: 3.3495
Epoch: 035/200 | Batch 0150/0180 | Loss: 3.6041
MAE/RMSE/ACC: Current Valid: 3.08/3.90/10.22 Ep. 35 | Best Valid: 2.99/3.65/10.22 | Ep. 11
Time elapsed: 47.32 min
Epoch: 036/200 | Batch 0000/0180 | Loss: 3.3433
Epoch: 036/200 | Batch 0050/0180 | Loss: 3.6951
Epoch: 036/200 | Batch 0100/0180 | Loss: 3.5439
Epoch: 036/200 | Batch 0150/0180 | Loss: 3.7637
MAE/RMSE/ACC: Current Valid: 3.18/4.04/10.22 Ep. 36 | Best Valid: 2.99/3.65/10.22 | Ep. 11
Time elapsed: 48.67 min
Epoch: 037/200 | Batch 0000/0180 | Loss: 3.3804
Epoch: 037/200 | Batch 0050/0180 | Loss: 3.3665
Epoch: 037/200 | Batch 0100/0180 | Loss: 3.8904
Epoch: 037/200 | Batch 0150/0180 | Loss: 3.6270
MAE/RMSE/ACC: Current Valid: 3.07/3.88/10.22 Ep. 37 | Best Valid: 2.99/3.65/10.22 | Ep. 11
Time elapsed: 50.02 min
Epoch: 038/200 | Batch 0000/0180 | Loss: 3.3588
Epoch: 038/200 | Batch 0050/0180 | Loss: 3.3814
Epoch: 038/200 | Batch 0100/0180 | Loss: 3.3735
Epoch: 038/200 | Batch 0150/0180 | Loss: 3.4557
MAE/RMSE/ACC: Current Valid: 3.06/3.88/10.22 Ep. 38 | Best Valid: 2.99/3.65/10.22 | Ep. 11
Time elapsed: 51.37 min
Epoch: 039/200 | Batch 0000/0180 | Loss: 3.4035
Epoch: 039/200 | Batch 0050/0180 | Loss: 3.4447
Epoch: 039/200 | Batch 0100/0180 | Loss: 3.2189
Epoch: 039/200 | Batch 0150/0180 | Loss: 3.2937
MAE/RMSE/ACC: Current Valid: 3.12/3.94/10.22 Ep. 39 | Best Valid: 2.99/3.65/10.22 | Ep. 11
Time elapsed: 52.73 min
Epoch: 040/200 | Batch 0000/0180 | Loss: 3.5064
Epoch: 040/200 | Batch 0050/0180 | Loss: 3.0926
Epoch: 040/200 | Batch 0100/0180 | Loss: 3.2729
Epoch: 040/200 | Batch 0150/0180 | Loss: 3.0398
MAE/RMSE/ACC: Current Valid: 3.04/3.84/10.22 Ep. 40 | Best Valid: 2.99/3.65/10.22 | Ep. 11
Time elapsed: 54.09 min
Epoch: 041/200 | Batch 0000/0180 | Loss: 3.1734
Epoch: 041/200 | Batch 0050/0180 | Loss: 3.1316
Epoch: 041/200 | Batch 0100/0180 | Loss: 3.2866
Epoch: 041/200 | Batch 0150/0180 | Loss: 3.2673
MAE/RMSE/ACC: Current Valid: 3.06/3.88/10.22 Ep. 41 | Best Valid: 2.99/3.65/10.22 | Ep. 11
Time elapsed: 55.45 min
Epoch: 042/200 | Batch 0000/0180 | Loss: 3.2258
Epoch: 042/200 | Batch 0050/0180 | Loss: 3.4137
Epoch: 042/200 | Batch 0100/0180 | Loss: 3.2479
Epoch: 042/200 | Batch 0150/0180 | Loss: 3.0526
MAE/RMSE/ACC: Current Valid: 3.13/3.98/10.22 Ep. 42 | Best Valid: 2.99/3.65/10.22 | Ep. 11
Time elapsed: 56.79 min
Epoch: 043/200 | Batch 0000/0180 | Loss: 2.9343
Epoch: 043/200 | Batch 0050/0180 | Loss: 3.1426
Epoch: 043/200 | Batch 0100/0180 | Loss: 2.9809
Epoch: 043/200 | Batch 0150/0180 | Loss: 3.0894
MAE/RMSE/ACC: Current Valid: 3.05/3.87/10.22 Ep. 43 | Best Valid: 2.99/3.65/10.22 | Ep. 11
Time elapsed: 58.15 min
Epoch: 044/200 | Batch 0000/0180 | Loss: 3.0515
Epoch: 044/200 | Batch 0050/0180 | Loss: 2.9760
Epoch: 044/200 | Batch 0100/0180 | Loss: 2.9187
Epoch: 044/200 | Batch 0150/0180 | Loss: 3.0111
MAE/RMSE/ACC: Current Valid: 3.10/3.91/10.22 Ep. 44 | Best Valid: 2.99/3.65/10.22 | Ep. 11
Time elapsed: 59.49 min
Epoch: 045/200 | Batch 0000/0180 | Loss: 2.9256
Epoch: 045/200 | Batch 0050/0180 | Loss: 2.8739
Epoch: 045/200 | Batch 0100/0180 | Loss: 2.8922
Epoch: 045/200 | Batch 0150/0180 | Loss: 2.9245
MAE/RMSE/ACC: Current Valid: 3.08/3.88/10.22 Ep. 45 | Best Valid: 2.99/3.65/10.22 | Ep. 11
Time elapsed: 60.83 min
Epoch: 046/200 | Batch 0000/0180 | Loss: 3.0098
Epoch: 046/200 | Batch 0050/0180 | Loss: 2.9206
Epoch: 046/200 | Batch 0100/0180 | Loss: 2.9298
Epoch: 046/200 | Batch 0150/0180 | Loss: 2.9332
MAE/RMSE/ACC: Current Valid: 3.06/3.85/10.22 Ep. 46 | Best Valid: 2.99/3.65/10.22 | Ep. 11
Time elapsed: 62.18 min
Epoch: 047/200 | Batch 0000/0180 | Loss: 2.6964
Epoch: 047/200 | Batch 0050/0180 | Loss: 2.8168
Epoch: 047/200 | Batch 0100/0180 | Loss: 2.6844
Epoch: 047/200 | Batch 0150/0180 | Loss: 2.9853
MAE/RMSE/ACC: Current Valid: 3.07/3.88/10.22 Ep. 47 | Best Valid: 2.99/3.65/10.22 | Ep. 11
Time elapsed: 63.52 min
Epoch: 048/200 | Batch 0000/0180 | Loss: 2.8214
Epoch: 048/200 | Batch 0050/0180 | Loss: 2.7858
Epoch: 048/200 | Batch 0100/0180 | Loss: 2.7810
Epoch: 048/200 | Batch 0150/0180 | Loss: 2.7822
MAE/RMSE/ACC: Current Valid: 3.08/3.90/10.22 Ep. 48 | Best Valid: 2.99/3.65/10.22 | Ep. 11
Time elapsed: 64.88 min
Epoch: 049/200 | Batch 0000/0180 | Loss: 3.2302
Epoch: 049/200 | Batch 0050/0180 | Loss: 2.5632
Epoch: 049/200 | Batch 0100/0180 | Loss: 2.8865
Epoch: 049/200 | Batch 0150/0180 | Loss: 2.9028
MAE/RMSE/ACC: Current Valid: 3.10/3.92/10.22 Ep. 49 | Best Valid: 2.99/3.65/10.22 | Ep. 11
Time elapsed: 66.23 min
Epoch: 050/200 | Batch 0000/0180 | Loss: 2.7021
Epoch: 050/200 | Batch 0050/0180 | Loss: 2.6903
Epoch: 050/200 | Batch 0100/0180 | Loss: 2.6304
Epoch: 050/200 | Batch 0150/0180 | Loss: 2.9850
MAE/RMSE/ACC: Current Valid: 3.14/3.96/10.22 Ep. 50 | Best Valid: 2.99/3.65/10.22 | Ep. 11
Time elapsed: 67.59 min
Epoch: 051/200 | Batch 0000/0180 | Loss: 2.7071
Epoch: 051/200 | Batch 0050/0180 | Loss: 2.5065
Epoch: 051/200 | Batch 0100/0180 | Loss: 2.7776
Epoch: 051/200 | Batch 0150/0180 | Loss: 2.8192
MAE/RMSE/ACC: Current Valid: 3.08/3.88/10.22 Ep. 51 | Best Valid: 2.99/3.65/10.22 | Ep. 11
Time elapsed: 68.94 min
Epoch: 052/200 | Batch 0000/0180 | Loss: 2.5104
Epoch: 052/200 | Batch 0050/0180 | Loss: 2.4318
Epoch: 052/200 | Batch 0100/0180 | Loss: 2.6489
Epoch: 052/200 | Batch 0150/0180 | Loss: 2.6819
MAE/RMSE/ACC: Current Valid: 3.07/3.85/10.22 Ep. 52 | Best Valid: 2.99/3.65/10.22 | Ep. 11
Time elapsed: 70.30 min
Epoch: 053/200 | Batch 0000/0180 | Loss: 2.6114
Epoch: 053/200 | Batch 0050/0180 | Loss: 2.6730
Epoch: 053/200 | Batch 0100/0180 | Loss: 2.6176
Epoch: 053/200 | Batch 0150/0180 | Loss: 2.5929
MAE/RMSE/ACC: Current Valid: 3.06/3.90/10.22 Ep. 53 | Best Valid: 2.99/3.65/10.22 | Ep. 11
Time elapsed: 71.65 min
Epoch: 054/200 | Batch 0000/0180 | Loss: 2.4910
Epoch: 054/200 | Batch 0050/0180 | Loss: 2.6539
Epoch: 054/200 | Batch 0100/0180 | Loss: 2.2912
Epoch: 054/200 | Batch 0150/0180 | Loss: 2.4915
MAE/RMSE/ACC: Current Valid: 3.05/3.85/10.22 Ep. 54 | Best Valid: 2.99/3.65/10.22 | Ep. 11
Time elapsed: 73.00 min
Epoch: 055/200 | Batch 0000/0180 | Loss: 2.4381
Epoch: 055/200 | Batch 0050/0180 | Loss: 2.4730
Epoch: 055/200 | Batch 0100/0180 | Loss: 2.4103
Epoch: 055/200 | Batch 0150/0180 | Loss: 2.5204
MAE/RMSE/ACC: Current Valid: 3.05/3.84/10.22 Ep. 55 | Best Valid: 2.99/3.65/10.22 | Ep. 11
Time elapsed: 74.36 min
Epoch: 056/200 | Batch 0000/0180 | Loss: 2.3581
Epoch: 056/200 | Batch 0050/0180 | Loss: 2.2723
Epoch: 056/200 | Batch 0100/0180 | Loss: 2.3654
Epoch: 056/200 | Batch 0150/0180 | Loss: 2.3811
MAE/RMSE/ACC: Current Valid: 3.10/3.92/10.22 Ep. 56 | Best Valid: 2.99/3.65/10.22 | Ep. 11
Time elapsed: 75.71 min
Epoch: 057/200 | Batch 0000/0180 | Loss: 2.3428
Epoch: 057/200 | Batch 0050/0180 | Loss: 2.6561
Epoch: 057/200 | Batch 0100/0180 | Loss: 2.5786
Epoch: 057/200 | Batch 0150/0180 | Loss: 2.2278
MAE/RMSE/ACC: Current Valid: 3.05/3.85/10.22 Ep. 57 | Best Valid: 2.99/3.65/10.22 | Ep. 11
Time elapsed: 77.06 min
Epoch: 058/200 | Batch 0000/0180 | Loss: 2.3077
Epoch: 058/200 | Batch 0050/0180 | Loss: 2.1760
Epoch: 058/200 | Batch 0100/0180 | Loss: 2.3536
Epoch: 058/200 | Batch 0150/0180 | Loss: 2.4232
MAE/RMSE/ACC: Current Valid: 3.04/3.84/10.22 Ep. 58 | Best Valid: 2.99/3.65/10.22 | Ep. 11
Time elapsed: 78.42 min
Epoch: 059/200 | Batch 0000/0180 | Loss: 2.3295
Epoch: 059/200 | Batch 0050/0180 | Loss: 2.2690
Epoch: 059/200 | Batch 0100/0180 | Loss: 2.3139
Epoch: 059/200 | Batch 0150/0180 | Loss: 2.5733
MAE/RMSE/ACC: Current Valid: 3.05/3.85/10.22 Ep. 59 | Best Valid: 2.99/3.65/10.22 | Ep. 11
Time elapsed: 79.77 min
Epoch: 060/200 | Batch 0000/0180 | Loss: 2.2753
Epoch: 060/200 | Batch 0050/0180 | Loss: 2.3529
Epoch: 060/200 | Batch 0100/0180 | Loss: 2.1759
Epoch: 060/200 | Batch 0150/0180 | Loss: 2.4952
MAE/RMSE/ACC: Current Valid: 3.02/3.81/10.22 Ep. 60 | Best Valid: 2.99/3.65/10.22 | Ep. 11
Time elapsed: 81.13 min
Epoch: 061/200 | Batch 0000/0180 | Loss: 2.1156
Epoch: 061/200 | Batch 0050/0180 | Loss: 2.3338
Epoch: 061/200 | Batch 0100/0180 | Loss: 2.1019
Epoch: 061/200 | Batch 0150/0180 | Loss: 2.1617
MAE/RMSE/ACC: Current Valid: 3.06/3.86/10.22 Ep. 61 | Best Valid: 2.99/3.65/10.22 | Ep. 11
Time elapsed: 82.48 min
Epoch: 062/200 | Batch 0000/0180 | Loss: 1.9358
Epoch: 062/200 | Batch 0050/0180 | Loss: 2.2588
Epoch: 062/200 | Batch 0100/0180 | Loss: 2.2859
Epoch: 062/200 | Batch 0150/0180 | Loss: 2.2728
MAE/RMSE/ACC: Current Valid: 3.02/3.83/10.22 Ep. 62 | Best Valid: 2.99/3.65/10.22 | Ep. 11
Time elapsed: 83.84 min
Epoch: 063/200 | Batch 0000/0180 | Loss: 2.2297
Epoch: 063/200 | Batch 0050/0180 | Loss: 2.2683
Epoch: 063/200 | Batch 0100/0180 | Loss: 2.1526
Epoch: 063/200 | Batch 0150/0180 | Loss: 2.1926
MAE/RMSE/ACC: Current Valid: 3.03/3.83/10.22 Ep. 63 | Best Valid: 2.99/3.65/10.22 | Ep. 11
Time elapsed: 85.19 min
Epoch: 064/200 | Batch 0000/0180 | Loss: 2.1341
Epoch: 064/200 | Batch 0050/0180 | Loss: 2.0673
Epoch: 064/200 | Batch 0100/0180 | Loss: 2.1679
Epoch: 064/200 | Batch 0150/0180 | Loss: 2.0036
MAE/RMSE/ACC: Current Valid: 3.06/3.88/10.22 Ep. 64 | Best Valid: 2.99/3.65/10.22 | Ep. 11
Time elapsed: 86.54 min
Epoch: 065/200 | Batch 0000/0180 | Loss: 2.2990
Epoch: 065/200 | Batch 0050/0180 | Loss: 2.1228
Epoch: 065/200 | Batch 0100/0180 | Loss: 2.1293
Epoch: 065/200 | Batch 0150/0180 | Loss: 2.2126
MAE/RMSE/ACC: Current Valid: 3.03/3.82/10.22 Ep. 65 | Best Valid: 2.99/3.65/10.22 | Ep. 11
Time elapsed: 87.90 min
Epoch: 066/200 | Batch 0000/0180 | Loss: 2.1028
Epoch: 066/200 | Batch 0050/0180 | Loss: 1.9590
Epoch: 066/200 | Batch 0100/0180 | Loss: 2.2228
Epoch: 066/200 | Batch 0150/0180 | Loss: 1.9615
MAE/RMSE/ACC: Current Valid: 3.06/3.87/10.22 Ep. 66 | Best Valid: 2.99/3.65/10.22 | Ep. 11
Time elapsed: 89.25 min
Epoch: 067/200 | Batch 0000/0180 | Loss: 1.9179
Epoch: 067/200 | Batch 0050/0180 | Loss: 1.9419
Epoch: 067/200 | Batch 0100/0180 | Loss: 2.0725
Epoch: 067/200 | Batch 0150/0180 | Loss: 2.1640
MAE/RMSE/ACC: Current Valid: 3.03/3.83/10.22 Ep. 67 | Best Valid: 2.99/3.65/10.22 | Ep. 11
Time elapsed: 90.61 min
Epoch: 068/200 | Batch 0000/0180 | Loss: 2.0303
Epoch: 068/200 | Batch 0050/0180 | Loss: 1.9458
Epoch: 068/200 | Batch 0100/0180 | Loss: 2.1971
Epoch: 068/200 | Batch 0150/0180 | Loss: 2.3781
MAE/RMSE/ACC: Current Valid: 3.01/3.79/10.22 Ep. 68 | Best Valid: 2.99/3.65/10.22 | Ep. 11
Time elapsed: 91.96 min
Epoch: 069/200 | Batch 0000/0180 | Loss: 2.0298
Epoch: 069/200 | Batch 0050/0180 | Loss: 1.9633
Epoch: 069/200 | Batch 0100/0180 | Loss: 1.8979
Epoch: 069/200 | Batch 0150/0180 | Loss: 2.0836
MAE/RMSE/ACC: Current Valid: 3.03/3.82/10.22 Ep. 69 | Best Valid: 2.99/3.65/10.22 | Ep. 11
Time elapsed: 93.32 min
Epoch: 070/200 | Batch 0000/0180 | Loss: 1.9743
Epoch: 070/200 | Batch 0050/0180 | Loss: 1.9063
Epoch: 070/200 | Batch 0100/0180 | Loss: 2.0745
Epoch: 070/200 | Batch 0150/0180 | Loss: 2.0909
MAE/RMSE/ACC: Current Valid: 3.05/3.85/10.22 Ep. 70 | Best Valid: 2.99/3.65/10.22 | Ep. 11
Time elapsed: 94.67 min
Epoch: 071/200 | Batch 0000/0180 | Loss: 1.9539
Epoch: 071/200 | Batch 0050/0180 | Loss: 1.9261
Epoch: 071/200 | Batch 0100/0180 | Loss: 1.9827
Epoch: 071/200 | Batch 0150/0180 | Loss: 1.9194
MAE/RMSE/ACC: Current Valid: 3.03/3.83/10.22 Ep. 71 | Best Valid: 2.99/3.65/10.22 | Ep. 11
Time elapsed: 96.03 min
Epoch: 072/200 | Batch 0000/0180 | Loss: 1.9418
Epoch: 072/200 | Batch 0050/0180 | Loss: 1.8336
Epoch: 072/200 | Batch 0100/0180 | Loss: 1.7541
Epoch: 072/200 | Batch 0150/0180 | Loss: 1.9057
MAE/RMSE/ACC: Current Valid: 3.02/3.82/10.22 Ep. 72 | Best Valid: 2.99/3.65/10.22 | Ep. 11
Time elapsed: 97.38 min
Epoch: 073/200 | Batch 0000/0180 | Loss: 1.8093
Epoch: 073/200 | Batch 0050/0180 | Loss: 1.7220
Epoch: 073/200 | Batch 0100/0180 | Loss: 1.9206
Epoch: 073/200 | Batch 0150/0180 | Loss: 1.8555
MAE/RMSE/ACC: Current Valid: 2.98/3.75/10.22 Ep. 73 | Best Valid: 2.99/3.65/10.22 | Ep. 11
Time elapsed: 98.73 min
Epoch: 074/200 | Batch 0000/0180 | Loss: 1.8610
Epoch: 074/200 | Batch 0050/0180 | Loss: 1.9483
Epoch: 074/200 | Batch 0100/0180 | Loss: 1.7970
Epoch: 074/200 | Batch 0150/0180 | Loss: 1.7202
MAE/RMSE/ACC: Current Valid: 3.05/3.86/10.22 Ep. 74 | Best Valid: 2.99/3.65/10.22 | Ep. 11
Time elapsed: 100.08 min
Epoch: 075/200 | Batch 0000/0180 | Loss: 1.7925
Epoch: 075/200 | Batch 0050/0180 | Loss: 1.8772
Epoch: 075/200 | Batch 0100/0180 | Loss: 1.8266
Epoch: 075/200 | Batch 0150/0180 | Loss: 1.7444
MAE/RMSE/ACC: Current Valid: 3.00/3.80/10.22 Ep. 75 | Best Valid: 2.99/3.65/10.22 | Ep. 11
Time elapsed: 101.43 min
Epoch: 076/200 | Batch 0000/0180 | Loss: 1.8249
Epoch: 076/200 | Batch 0050/0180 | Loss: 1.6950
Epoch: 076/200 | Batch 0100/0180 | Loss: 1.7851
Epoch: 076/200 | Batch 0150/0180 | Loss: 1.7934
MAE/RMSE/ACC: Current Valid: 3.02/3.81/10.22 Ep. 76 | Best Valid: 2.99/3.65/10.22 | Ep. 11
Time elapsed: 102.79 min
Epoch: 077/200 | Batch 0000/0180 | Loss: 1.7247
Epoch: 077/200 | Batch 0050/0180 | Loss: 1.6587
Epoch: 077/200 | Batch 0100/0180 | Loss: 1.7298
Epoch: 077/200 | Batch 0150/0180 | Loss: 1.8132
MAE/RMSE/ACC: Current Valid: 3.03/3.82/10.22 Ep. 77 | Best Valid: 2.99/3.65/10.22 | Ep. 11
Time elapsed: 104.13 min
Epoch: 078/200 | Batch 0000/0180 | Loss: 1.7125
Epoch: 078/200 | Batch 0050/0180 | Loss: 1.9606
Epoch: 078/200 | Batch 0100/0180 | Loss: 1.7826
Epoch: 078/200 | Batch 0150/0180 | Loss: 1.8596
MAE/RMSE/ACC: Current Valid: 3.05/3.86/10.22 Ep. 78 | Best Valid: 2.99/3.65/10.22 | Ep. 11
Time elapsed: 105.47 min
Epoch: 079/200 | Batch 0000/0180 | Loss: 1.8711
Epoch: 079/200 | Batch 0050/0180 | Loss: 1.7169
Epoch: 079/200 | Batch 0100/0180 | Loss: 1.6920
Epoch: 079/200 | Batch 0150/0180 | Loss: 1.7688
MAE/RMSE/ACC: Current Valid: 2.99/3.77/10.22 Ep. 79 | Best Valid: 2.99/3.65/10.22 | Ep. 11
Time elapsed: 106.83 min
Epoch: 080/200 | Batch 0000/0180 | Loss: 1.6055
Epoch: 080/200 | Batch 0050/0180 | Loss: 1.7309
Epoch: 080/200 | Batch 0100/0180 | Loss: 1.7301
Epoch: 080/200 | Batch 0150/0180 | Loss: 1.7678
MAE/RMSE/ACC: Current Valid: 3.04/3.84/10.22 Ep. 80 | Best Valid: 2.99/3.65/10.22 | Ep. 11
Time elapsed: 108.18 min
Epoch: 081/200 | Batch 0000/0180 | Loss: 1.6724
Epoch: 081/200 | Batch 0050/0180 | Loss: 1.7827
Epoch: 081/200 | Batch 0100/0180 | Loss: 1.7708
Epoch: 081/200 | Batch 0150/0180 | Loss: 1.8569
MAE/RMSE/ACC: Current Valid: 3.04/3.85/10.22 Ep. 81 | Best Valid: 2.99/3.65/10.22 | Ep. 11
Time elapsed: 109.54 min
Epoch: 082/200 | Batch 0000/0180 | Loss: 1.7578
Epoch: 082/200 | Batch 0050/0180 | Loss: 1.7482
Epoch: 082/200 | Batch 0100/0180 | Loss: 1.5949
Epoch: 082/200 | Batch 0150/0180 | Loss: 1.7991
MAE/RMSE/ACC: Current Valid: 3.02/3.80/10.22 Ep. 82 | Best Valid: 2.99/3.65/10.22 | Ep. 11
Time elapsed: 110.90 min
Epoch: 083/200 | Batch 0000/0180 | Loss: 1.6383
Epoch: 083/200 | Batch 0050/0180 | Loss: 1.7113
Epoch: 083/200 | Batch 0100/0180 | Loss: 1.7674
Epoch: 083/200 | Batch 0150/0180 | Loss: 1.7238
MAE/RMSE/ACC: Current Valid: 3.03/3.83/10.22 Ep. 83 | Best Valid: 2.99/3.65/10.22 | Ep. 11
Time elapsed: 112.25 min
Epoch: 084/200 | Batch 0000/0180 | Loss: 1.7365
Epoch: 084/200 | Batch 0050/0180 | Loss: 1.5708
Epoch: 084/200 | Batch 0100/0180 | Loss: 1.6542
Epoch: 084/200 | Batch 0150/0180 | Loss: 1.6047
MAE/RMSE/ACC: Current Valid: 3.03/3.85/10.22 Ep. 84 | Best Valid: 2.99/3.65/10.22 | Ep. 11
Time elapsed: 113.60 min
Epoch: 085/200 | Batch 0000/0180 | Loss: 1.5955
Epoch: 085/200 | Batch 0050/0180 | Loss: 1.5674
Epoch: 085/200 | Batch 0100/0180 | Loss: 1.6946
Epoch: 085/200 | Batch 0150/0180 | Loss: 1.6525
MAE/RMSE/ACC: Current Valid: 3.01/3.80/10.22 Ep. 85 | Best Valid: 2.99/3.65/10.22 | Ep. 11
Time elapsed: 114.96 min
Epoch: 086/200 | Batch 0000/0180 | Loss: 1.7050
Epoch: 086/200 | Batch 0050/0180 | Loss: 1.6080
Epoch: 086/200 | Batch 0100/0180 | Loss: 1.7513
Epoch: 086/200 | Batch 0150/0180 | Loss: 1.7153
MAE/RMSE/ACC: Current Valid: 3.02/3.81/10.22 Ep. 86 | Best Valid: 2.99/3.65/10.22 | Ep. 11
Time elapsed: 116.31 min
Epoch: 087/200 | Batch 0000/0180 | Loss: 1.4746
Epoch: 087/200 | Batch 0050/0180 | Loss: 1.6559
Epoch: 087/200 | Batch 0100/0180 | Loss: 1.5016
Epoch: 087/200 | Batch 0150/0180 | Loss: 1.6075
MAE/RMSE/ACC: Current Valid: 3.04/3.84/10.22 Ep. 87 | Best Valid: 2.99/3.65/10.22 | Ep. 11
Time elapsed: 117.67 min
Epoch: 088/200 | Batch 0000/0180 | Loss: 1.8036
Epoch: 088/200 | Batch 0050/0180 | Loss: 1.5450
Epoch: 088/200 | Batch 0100/0180 | Loss: 1.4604
Epoch: 088/200 | Batch 0150/0180 | Loss: 1.6354
MAE/RMSE/ACC: Current Valid: 3.00/3.79/10.22 Ep. 88 | Best Valid: 2.99/3.65/10.22 | Ep. 11
Time elapsed: 119.01 min
Epoch: 089/200 | Batch 0000/0180 | Loss: 1.5586
Epoch: 089/200 | Batch 0050/0180 | Loss: 1.6563
Epoch: 089/200 | Batch 0100/0180 | Loss: 1.6774
Epoch: 089/200 | Batch 0150/0180 | Loss: 1.6935
MAE/RMSE/ACC: Current Valid: 3.08/3.92/10.22 Ep. 89 | Best Valid: 2.99/3.65/10.22 | Ep. 11
Time elapsed: 120.36 min
Epoch: 090/200 | Batch 0000/0180 | Loss: 1.5191
Epoch: 090/200 | Batch 0050/0180 | Loss: 1.6290
Epoch: 090/200 | Batch 0100/0180 | Loss: 1.7746
Epoch: 090/200 | Batch 0150/0180 | Loss: 1.7320
MAE/RMSE/ACC: Current Valid: 3.05/3.87/10.22 Ep. 90 | Best Valid: 2.99/3.65/10.22 | Ep. 11
Time elapsed: 121.71 min
Epoch: 091/200 | Batch 0000/0180 | Loss: 1.6156
Epoch: 091/200 | Batch 0050/0180 | Loss: 1.9600
Epoch: 091/200 | Batch 0100/0180 | Loss: 1.8314
Epoch: 091/200 | Batch 0150/0180 | Loss: 1.7018
MAE/RMSE/ACC: Current Valid: 3.04/3.84/10.22 Ep. 91 | Best Valid: 2.99/3.65/10.22 | Ep. 11
Time elapsed: 123.07 min
Epoch: 092/200 | Batch 0000/0180 | Loss: 1.5433
Epoch: 092/200 | Batch 0050/0180 | Loss: 1.5297
Epoch: 092/200 | Batch 0100/0180 | Loss: 1.7975
Epoch: 092/200 | Batch 0150/0180 | Loss: 1.6647
MAE/RMSE/ACC: Current Valid: 3.05/3.89/10.22 Ep. 92 | Best Valid: 2.99/3.65/10.22 | Ep. 11
Time elapsed: 124.42 min
Epoch: 093/200 | Batch 0000/0180 | Loss: 1.4937
Epoch: 093/200 | Batch 0050/0180 | Loss: 1.6122
Epoch: 093/200 | Batch 0100/0180 | Loss: 1.5470
Epoch: 093/200 | Batch 0150/0180 | Loss: 1.4614
MAE/RMSE/ACC: Current Valid: 3.04/3.86/10.22 Ep. 93 | Best Valid: 2.99/3.65/10.22 | Ep. 11
Time elapsed: 125.77 min
Epoch: 094/200 | Batch 0000/0180 | Loss: 1.4612
Epoch: 094/200 | Batch 0050/0180 | Loss: 1.3463
Epoch: 094/200 | Batch 0100/0180 | Loss: 1.5215
Epoch: 094/200 | Batch 0150/0180 | Loss: 1.5075
MAE/RMSE/ACC: Current Valid: 3.03/3.86/10.22 Ep. 94 | Best Valid: 2.99/3.65/10.22 | Ep. 11
Time elapsed: 127.12 min
Epoch: 095/200 | Batch 0000/0180 | Loss: 1.4292
Epoch: 095/200 | Batch 0050/0180 | Loss: 1.3644
Epoch: 095/200 | Batch 0100/0180 | Loss: 1.2689
Epoch: 095/200 | Batch 0150/0180 | Loss: 1.4201
MAE/RMSE/ACC: Current Valid: 3.00/3.80/10.22 Ep. 95 | Best Valid: 2.99/3.65/10.22 | Ep. 11
Time elapsed: 128.47 min
Epoch: 096/200 | Batch 0000/0180 | Loss: 1.4216
Epoch: 096/200 | Batch 0050/0180 | Loss: 1.3062
Epoch: 096/200 | Batch 0100/0180 | Loss: 1.3914
Epoch: 096/200 | Batch 0150/0180 | Loss: 1.5258
MAE/RMSE/ACC: Current Valid: 3.09/3.91/10.22 Ep. 96 | Best Valid: 2.99/3.65/10.22 | Ep. 11
Time elapsed: 129.83 min
Epoch: 097/200 | Batch 0000/0180 | Loss: 1.3739
Epoch: 097/200 | Batch 0050/0180 | Loss: 1.6160
Epoch: 097/200 | Batch 0100/0180 | Loss: 1.5750
Epoch: 097/200 | Batch 0150/0180 | Loss: 1.4469
MAE/RMSE/ACC: Current Valid: 3.11/3.95/10.22 Ep. 97 | Best Valid: 2.99/3.65/10.22 | Ep. 11
Time elapsed: 131.18 min
Epoch: 098/200 | Batch 0000/0180 | Loss: 1.4704
Epoch: 098/200 | Batch 0050/0180 | Loss: 1.7922
Epoch: 098/200 | Batch 0100/0180 | Loss: 1.6765
Epoch: 098/200 | Batch 0150/0180 | Loss: 1.8390
MAE/RMSE/ACC: Current Valid: 3.09/3.91/10.22 Ep. 98 | Best Valid: 2.99/3.65/10.22 | Ep. 11
Time elapsed: 132.53 min
Epoch: 099/200 | Batch 0000/0180 | Loss: 1.6657
Epoch: 099/200 | Batch 0050/0180 | Loss: 2.0503
Epoch: 099/200 | Batch 0100/0180 | Loss: 2.0590
Epoch: 099/200 | Batch 0150/0180 | Loss: 1.8975
MAE/RMSE/ACC: Current Valid: 3.13/3.97/10.22 Ep. 99 | Best Valid: 2.99/3.65/10.22 | Ep. 11
Time elapsed: 133.88 min
Epoch: 100/200 | Batch 0000/0180 | Loss: 2.0039
Epoch: 100/200 | Batch 0050/0180 | Loss: 1.6698
Epoch: 100/200 | Batch 0100/0180 | Loss: 1.8221
Epoch: 100/200 | Batch 0150/0180 | Loss: 1.8303
MAE/RMSE/ACC: Current Valid: 3.10/3.93/10.22 Ep. 100 | Best Valid: 2.99/3.65/10.22 | Ep. 11
Time elapsed: 135.23 min
Epoch: 101/200 | Batch 0000/0180 | Loss: 1.5698
Epoch: 101/200 | Batch 0050/0180 | Loss: 1.6165
Epoch: 101/200 | Batch 0100/0180 | Loss: 1.6108
Epoch: 101/200 | Batch 0150/0180 | Loss: 1.5701
MAE/RMSE/ACC: Current Valid: 3.10/3.94/10.22 Ep. 101 | Best Valid: 2.99/3.65/10.22 | Ep. 11
Time elapsed: 136.59 min
Epoch: 102/200 | Batch 0000/0180 | Loss: 1.4457
Epoch: 102/200 | Batch 0050/0180 | Loss: 1.3245
Epoch: 102/200 | Batch 0100/0180 | Loss: 1.3960
Epoch: 102/200 | Batch 0150/0180 | Loss: 1.3117
MAE/RMSE/ACC: Current Valid: 3.06/3.89/10.22 Ep. 102 | Best Valid: 2.99/3.65/10.22 | Ep. 11
Time elapsed: 137.95 min
Epoch: 103/200 | Batch 0000/0180 | Loss: 1.4353
Epoch: 103/200 | Batch 0050/0180 | Loss: 1.3487
Epoch: 103/200 | Batch 0100/0180 | Loss: 1.5238
Epoch: 103/200 | Batch 0150/0180 | Loss: 1.7004
MAE/RMSE/ACC: Current Valid: 3.06/3.89/10.22 Ep. 103 | Best Valid: 2.99/3.65/10.22 | Ep. 11
Time elapsed: 139.30 min
Epoch: 104/200 | Batch 0000/0180 | Loss: 1.3158
Epoch: 104/200 | Batch 0050/0180 | Loss: 1.3443
Epoch: 104/200 | Batch 0100/0180 | Loss: 1.3886
Epoch: 104/200 | Batch 0150/0180 | Loss: 1.4600
MAE/RMSE/ACC: Current Valid: 3.08/3.90/10.22 Ep. 104 | Best Valid: 2.99/3.65/10.22 | Ep. 11
Time elapsed: 140.65 min
Epoch: 105/200 | Batch 0000/0180 | Loss: 1.5753
Epoch: 105/200 | Batch 0050/0180 | Loss: 1.3920
Epoch: 105/200 | Batch 0100/0180 | Loss: 1.3192
Epoch: 105/200 | Batch 0150/0180 | Loss: 1.4768
MAE/RMSE/ACC: Current Valid: 3.08/3.90/10.22 Ep. 105 | Best Valid: 2.99/3.65/10.22 | Ep. 11
Time elapsed: 142.00 min
Epoch: 106/200 | Batch 0000/0180 | Loss: 1.5937
Epoch: 106/200 | Batch 0050/0180 | Loss: 1.3729
Epoch: 106/200 | Batch 0100/0180 | Loss: 1.3981
Epoch: 106/200 | Batch 0150/0180 | Loss: 1.7843
MAE/RMSE/ACC: Current Valid: 3.10/3.93/10.22 Ep. 106 | Best Valid: 2.99/3.65/10.22 | Ep. 11
Time elapsed: 143.35 min
Epoch: 107/200 | Batch 0000/0180 | Loss: 1.5790
Epoch: 107/200 | Batch 0050/0180 | Loss: 1.6319
Epoch: 107/200 | Batch 0100/0180 | Loss: 1.6445
Epoch: 107/200 | Batch 0150/0180 | Loss: 1.5048
MAE/RMSE/ACC: Current Valid: 3.08/3.89/10.22 Ep. 107 | Best Valid: 2.99/3.65/10.22 | Ep. 11
Time elapsed: 144.71 min
Epoch: 108/200 | Batch 0000/0180 | Loss: 1.4367
Epoch: 108/200 | Batch 0050/0180 | Loss: 1.4053
Epoch: 108/200 | Batch 0100/0180 | Loss: 1.4405
Epoch: 108/200 | Batch 0150/0180 | Loss: 1.7752
MAE/RMSE/ACC: Current Valid: 3.08/3.91/10.22 Ep. 108 | Best Valid: 2.99/3.65/10.22 | Ep. 11
Time elapsed: 146.06 min
Epoch: 109/200 | Batch 0000/0180 | Loss: 1.7591
Epoch: 109/200 | Batch 0050/0180 | Loss: 1.3715
Epoch: 109/200 | Batch 0100/0180 | Loss: 1.6314
Epoch: 109/200 | Batch 0150/0180 | Loss: 1.6928
MAE/RMSE/ACC: Current Valid: 3.10/3.95/10.22 Ep. 109 | Best Valid: 2.99/3.65/10.22 | Ep. 11
Time elapsed: 147.41 min
Epoch: 110/200 | Batch 0000/0180 | Loss: 1.5370
Epoch: 110/200 | Batch 0050/0180 | Loss: 1.5657
Epoch: 110/200 | Batch 0100/0180 | Loss: 1.6962
Epoch: 110/200 | Batch 0150/0180 | Loss: 1.6041
MAE/RMSE/ACC: Current Valid: 3.10/3.95/10.22 Ep. 110 | Best Valid: 2.99/3.65/10.22 | Ep. 11
Time elapsed: 148.76 min
Epoch: 111/200 | Batch 0000/0180 | Loss: 1.5094
Epoch: 111/200 | Batch 0050/0180 | Loss: 1.5174
Epoch: 111/200 | Batch 0100/0180 | Loss: 1.2384
Epoch: 111/200 | Batch 0150/0180 | Loss: 1.4985
MAE/RMSE/ACC: Current Valid: 3.10/3.96/10.22 Ep. 111 | Best Valid: 2.99/3.65/10.22 | Ep. 11
Time elapsed: 150.11 min
Epoch: 112/200 | Batch 0000/0180 | Loss: 1.3078
Epoch: 112/200 | Batch 0050/0180 | Loss: 1.3052
Epoch: 112/200 | Batch 0100/0180 | Loss: 1.2761
Epoch: 112/200 | Batch 0150/0180 | Loss: 1.2320
MAE/RMSE/ACC: Current Valid: 3.09/3.92/10.22 Ep. 112 | Best Valid: 2.99/3.65/10.22 | Ep. 11
Time elapsed: 151.45 min
Epoch: 113/200 | Batch 0000/0180 | Loss: 1.2827
Epoch: 113/200 | Batch 0050/0180 | Loss: 1.3371
Epoch: 113/200 | Batch 0100/0180 | Loss: 1.5266
Epoch: 113/200 | Batch 0150/0180 | Loss: 1.3714
MAE/RMSE/ACC: Current Valid: 3.12/3.98/10.22 Ep. 113 | Best Valid: 2.99/3.65/10.22 | Ep. 11
Time elapsed: 152.80 min
Epoch: 114/200 | Batch 0000/0180 | Loss: 1.3226
Epoch: 114/200 | Batch 0050/0180 | Loss: 1.2154
Epoch: 114/200 | Batch 0100/0180 | Loss: 1.3597
Epoch: 114/200 | Batch 0150/0180 | Loss: 1.5397
MAE/RMSE/ACC: Current Valid: 3.13/3.99/10.22 Ep. 114 | Best Valid: 2.99/3.65/10.22 | Ep. 11
Time elapsed: 154.15 min
Epoch: 115/200 | Batch 0000/0180 | Loss: 1.4866
Epoch: 115/200 | Batch 0050/0180 | Loss: 1.2617
Epoch: 115/200 | Batch 0100/0180 | Loss: 1.3065
Epoch: 115/200 | Batch 0150/0180 | Loss: 1.3801
MAE/RMSE/ACC: Current Valid: 3.10/3.95/10.22 Ep. 115 | Best Valid: 2.99/3.65/10.22 | Ep. 11
Time elapsed: 155.50 min
Epoch: 116/200 | Batch 0000/0180 | Loss: 1.5469
Epoch: 116/200 | Batch 0050/0180 | Loss: 1.3605
Epoch: 116/200 | Batch 0100/0180 | Loss: 1.2961
Epoch: 116/200 | Batch 0150/0180 | Loss: 1.3424
MAE/RMSE/ACC: Current Valid: 3.11/3.97/10.22 Ep. 116 | Best Valid: 2.99/3.65/10.22 | Ep. 11
Time elapsed: 156.86 min
Epoch: 117/200 | Batch 0000/0180 | Loss: 1.2370
Epoch: 117/200 | Batch 0050/0180 | Loss: 1.3253
Epoch: 117/200 | Batch 0100/0180 | Loss: 1.4349
Epoch: 117/200 | Batch 0150/0180 | Loss: 1.3499
MAE/RMSE/ACC: Current Valid: 3.06/3.88/10.22 Ep. 117 | Best Valid: 2.99/3.65/10.22 | Ep. 11
Time elapsed: 158.21 min
Epoch: 118/200 | Batch 0000/0180 | Loss: 1.1996
Epoch: 118/200 | Batch 0050/0180 | Loss: 1.3171
Epoch: 118/200 | Batch 0100/0180 | Loss: 1.2704
Epoch: 118/200 | Batch 0150/0180 | Loss: 1.2451
MAE/RMSE/ACC: Current Valid: 3.06/3.89/10.22 Ep. 118 | Best Valid: 2.99/3.65/10.22 | Ep. 11
Time elapsed: 159.57 min
Epoch: 119/200 | Batch 0000/0180 | Loss: 1.6501
Epoch: 119/200 | Batch 0050/0180 | Loss: 1.2715
Epoch: 119/200 | Batch 0100/0180 | Loss: 1.2681
Epoch: 119/200 | Batch 0150/0180 | Loss: 1.4250
MAE/RMSE/ACC: Current Valid: 3.08/3.92/10.22 Ep. 119 | Best Valid: 2.99/3.65/10.22 | Ep. 11
Time elapsed: 160.92 min
Epoch: 120/200 | Batch 0000/0180 | Loss: 1.2374
Epoch: 120/200 | Batch 0050/0180 | Loss: 1.5145
Epoch: 120/200 | Batch 0100/0180 | Loss: 1.3456
Epoch: 120/200 | Batch 0150/0180 | Loss: 1.8200
MAE/RMSE/ACC: Current Valid: 3.09/3.92/10.22 Ep. 120 | Best Valid: 2.99/3.65/10.22 | Ep. 11
Time elapsed: 162.28 min
Epoch: 121/200 | Batch 0000/0180 | Loss: 1.6517
Epoch: 121/200 | Batch 0050/0180 | Loss: 1.5241
Epoch: 121/200 | Batch 0100/0180 | Loss: 1.8752
Epoch: 121/200 | Batch 0150/0180 | Loss: 1.7931
MAE/RMSE/ACC: Current Valid: 3.15/3.99/10.22 Ep. 121 | Best Valid: 2.99/3.65/10.22 | Ep. 11
Time elapsed: 163.63 min
Epoch: 122/200 | Batch 0000/0180 | Loss: 2.0507
Epoch: 122/200 | Batch 0050/0180 | Loss: 1.8776
Epoch: 122/200 | Batch 0100/0180 | Loss: 1.8020
Epoch: 122/200 | Batch 0150/0180 | Loss: 1.5430
MAE/RMSE/ACC: Current Valid: 3.12/3.97/10.22 Ep. 122 | Best Valid: 2.99/3.65/10.22 | Ep. 11
Time elapsed: 164.98 min
Epoch: 123/200 | Batch 0000/0180 | Loss: 1.7348
Epoch: 123/200 | Batch 0050/0180 | Loss: 1.3862
Epoch: 123/200 | Batch 0100/0180 | Loss: 1.6207
Epoch: 123/200 | Batch 0150/0180 | Loss: 1.6325
MAE/RMSE/ACC: Current Valid: 3.09/3.93/10.22 Ep. 123 | Best Valid: 2.99/3.65/10.22 | Ep. 11
Time elapsed: 166.32 min
Epoch: 124/200 | Batch 0000/0180 | Loss: 1.3520
Epoch: 124/200 | Batch 0050/0180 | Loss: 1.3460
Epoch: 124/200 | Batch 0100/0180 | Loss: 1.2570
Epoch: 124/200 | Batch 0150/0180 | Loss: 1.5289
MAE/RMSE/ACC: Current Valid: 3.10/3.95/10.22 Ep. 124 | Best Valid: 2.99/3.65/10.22 | Ep. 11
Time elapsed: 167.66 min
Epoch: 125/200 | Batch 0000/0180 | Loss: 1.3136
Epoch: 125/200 | Batch 0050/0180 | Loss: 2.0812
Epoch: 125/200 | Batch 0100/0180 | Loss: 1.2380
Epoch: 125/200 | Batch 0150/0180 | Loss: 1.8417
MAE/RMSE/ACC: Current Valid: 3.11/3.97/10.22 Ep. 125 | Best Valid: 2.99/3.65/10.22 | Ep. 11
Time elapsed: 169.01 min
Epoch: 126/200 | Batch 0000/0180 | Loss: 1.2735
Epoch: 126/200 | Batch 0050/0180 | Loss: 1.3613
Epoch: 126/200 | Batch 0100/0180 | Loss: 1.3122
Epoch: 126/200 | Batch 0150/0180 | Loss: 1.4350
MAE/RMSE/ACC: Current Valid: 3.13/4.00/10.22 Ep. 126 | Best Valid: 2.99/3.65/10.22 | Ep. 11
Time elapsed: 170.35 min
Epoch: 127/200 | Batch 0000/0180 | Loss: 1.5335
Epoch: 127/200 | Batch 0050/0180 | Loss: 1.3696
Epoch: 127/200 | Batch 0100/0180 | Loss: 1.3051
Epoch: 127/200 | Batch 0150/0180 | Loss: 1.1953
MAE/RMSE/ACC: Current Valid: 3.13/3.98/10.22 Ep. 127 | Best Valid: 2.99/3.65/10.22 | Ep. 11
Time elapsed: 171.70 min
Epoch: 128/200 | Batch 0000/0180 | Loss: 1.3603
Epoch: 128/200 | Batch 0050/0180 | Loss: 1.2600
Epoch: 128/200 | Batch 0100/0180 | Loss: 1.6590
Epoch: 128/200 | Batch 0150/0180 | Loss: 1.5531
MAE/RMSE/ACC: Current Valid: 3.11/3.94/10.22 Ep. 128 | Best Valid: 2.99/3.65/10.22 | Ep. 11
Time elapsed: 173.04 min
Epoch: 129/200 | Batch 0000/0180 | Loss: 1.3553
Epoch: 129/200 | Batch 0050/0180 | Loss: 1.6564
Epoch: 129/200 | Batch 0100/0180 | Loss: 1.6295
Epoch: 129/200 | Batch 0150/0180 | Loss: 1.4549
MAE/RMSE/ACC: Current Valid: 3.15/4.00/10.22 Ep. 129 | Best Valid: 2.99/3.65/10.22 | Ep. 11
Time elapsed: 174.39 min
Epoch: 130/200 | Batch 0000/0180 | Loss: 1.2416
Epoch: 130/200 | Batch 0050/0180 | Loss: 1.3587
Epoch: 130/200 | Batch 0100/0180 | Loss: 1.5300
Epoch: 130/200 | Batch 0150/0180 | Loss: 1.4906
MAE/RMSE/ACC: Current Valid: 3.13/3.99/10.22 Ep. 130 | Best Valid: 2.99/3.65/10.22 | Ep. 11
Time elapsed: 175.73 min
Epoch: 131/200 | Batch 0000/0180 | Loss: 1.6770
Epoch: 131/200 | Batch 0050/0180 | Loss: 1.3161
Epoch: 131/200 | Batch 0100/0180 | Loss: 1.3974
Epoch: 131/200 | Batch 0150/0180 | Loss: 1.1975
MAE/RMSE/ACC: Current Valid: 3.11/3.96/10.22 Ep. 131 | Best Valid: 2.99/3.65/10.22 | Ep. 11
Time elapsed: 177.08 min
Epoch: 132/200 | Batch 0000/0180 | Loss: 1.2290
Epoch: 132/200 | Batch 0050/0180 | Loss: 1.2842
Epoch: 132/200 | Batch 0100/0180 | Loss: 1.2779
Epoch: 132/200 | Batch 0150/0180 | Loss: 1.7115
MAE/RMSE/ACC: Current Valid: 3.13/3.98/10.22 Ep. 132 | Best Valid: 2.99/3.65/10.22 | Ep. 11
Time elapsed: 178.42 min
Epoch: 133/200 | Batch 0000/0180 | Loss: 1.3645
Epoch: 133/200 | Batch 0050/0180 | Loss: 1.2666
Epoch: 133/200 | Batch 0100/0180 | Loss: 1.8486
Epoch: 133/200 | Batch 0150/0180 | Loss: 1.4102
MAE/RMSE/ACC: Current Valid: 3.13/3.98/10.22 Ep. 133 | Best Valid: 2.99/3.65/10.22 | Ep. 11
Time elapsed: 179.78 min
Epoch: 134/200 | Batch 0000/0180 | Loss: 1.1979
Epoch: 134/200 | Batch 0050/0180 | Loss: 1.3137
Epoch: 134/200 | Batch 0100/0180 | Loss: 1.1545
Epoch: 134/200 | Batch 0150/0180 | Loss: 1.2042
MAE/RMSE/ACC: Current Valid: 3.12/3.97/10.22 Ep. 134 | Best Valid: 2.99/3.65/10.22 | Ep. 11
Time elapsed: 181.13 min
Epoch: 135/200 | Batch 0000/0180 | Loss: 1.1630
Epoch: 135/200 | Batch 0050/0180 | Loss: 1.2340
Epoch: 135/200 | Batch 0100/0180 | Loss: 1.0914
Epoch: 135/200 | Batch 0150/0180 | Loss: 1.1667
MAE/RMSE/ACC: Current Valid: 3.10/3.95/10.22 Ep. 135 | Best Valid: 2.99/3.65/10.22 | Ep. 11
Time elapsed: 182.49 min
Epoch: 136/200 | Batch 0000/0180 | Loss: 1.1937
Epoch: 136/200 | Batch 0050/0180 | Loss: 1.6239
Epoch: 136/200 | Batch 0100/0180 | Loss: 1.2948
Epoch: 136/200 | Batch 0150/0180 | Loss: 1.2084
MAE/RMSE/ACC: Current Valid: 3.11/3.94/10.22 Ep. 136 | Best Valid: 2.99/3.65/10.22 | Ep. 11
Time elapsed: 183.84 min
Epoch: 137/200 | Batch 0000/0180 | Loss: 1.5750
Epoch: 137/200 | Batch 0050/0180 | Loss: 1.5056
Epoch: 137/200 | Batch 0100/0180 | Loss: 1.2245
Epoch: 137/200 | Batch 0150/0180 | Loss: 1.2258
MAE/RMSE/ACC: Current Valid: 3.12/3.98/10.22 Ep. 137 | Best Valid: 2.99/3.65/10.22 | Ep. 11
Time elapsed: 185.19 min
Epoch: 138/200 | Batch 0000/0180 | Loss: 1.1554
Epoch: 138/200 | Batch 0050/0180 | Loss: 1.2231
Epoch: 138/200 | Batch 0100/0180 | Loss: 1.2579
Epoch: 138/200 | Batch 0150/0180 | Loss: 1.1270
MAE/RMSE/ACC: Current Valid: 3.12/3.99/10.22 Ep. 138 | Best Valid: 2.99/3.65/10.22 | Ep. 11
Time elapsed: 186.54 min
Epoch: 139/200 | Batch 0000/0180 | Loss: 1.1329
Epoch: 139/200 | Batch 0050/0180 | Loss: 1.2759
Epoch: 139/200 | Batch 0100/0180 | Loss: 1.2518
Epoch: 139/200 | Batch 0150/0180 | Loss: 1.0981
MAE/RMSE/ACC: Current Valid: 3.12/3.96/10.22 Ep. 139 | Best Valid: 2.99/3.65/10.22 | Ep. 11
Time elapsed: 187.89 min
Epoch: 140/200 | Batch 0000/0180 | Loss: 1.2834
Epoch: 140/200 | Batch 0050/0180 | Loss: 1.5758
Epoch: 140/200 | Batch 0100/0180 | Loss: 1.3043
Epoch: 140/200 | Batch 0150/0180 | Loss: 1.1523
MAE/RMSE/ACC: Current Valid: 3.14/3.98/10.22 Ep. 140 | Best Valid: 2.99/3.65/10.22 | Ep. 11
Time elapsed: 189.23 min
Epoch: 141/200 | Batch 0000/0180 | Loss: 1.2895
Epoch: 141/200 | Batch 0050/0180 | Loss: 1.2167
Epoch: 141/200 | Batch 0100/0180 | Loss: 1.2450
Epoch: 141/200 | Batch 0150/0180 | Loss: 1.2691
MAE/RMSE/ACC: Current Valid: 3.15/4.03/10.22 Ep. 141 | Best Valid: 2.99/3.65/10.22 | Ep. 11
Time elapsed: 190.58 min
Epoch: 142/200 | Batch 0000/0180 | Loss: 1.3057
Epoch: 142/200 | Batch 0050/0180 | Loss: 1.5017
Epoch: 142/200 | Batch 0100/0180 | Loss: 1.7332
Epoch: 142/200 | Batch 0150/0180 | Loss: 1.5833
MAE/RMSE/ACC: Current Valid: 3.11/3.95/10.22 Ep. 142 | Best Valid: 2.99/3.65/10.22 | Ep. 11
Time elapsed: 191.93 min
Epoch: 143/200 | Batch 0000/0180 | Loss: 1.3364
Epoch: 143/200 | Batch 0050/0180 | Loss: 1.4992
Epoch: 143/200 | Batch 0100/0180 | Loss: 1.4320
Epoch: 143/200 | Batch 0150/0180 | Loss: 1.3137
MAE/RMSE/ACC: Current Valid: 3.13/3.99/10.22 Ep. 143 | Best Valid: 2.99/3.65/10.22 | Ep. 11
Time elapsed: 193.28 min
Epoch: 144/200 | Batch 0000/0180 | Loss: 1.2132
Epoch: 144/200 | Batch 0050/0180 | Loss: 1.0733
Epoch: 144/200 | Batch 0100/0180 | Loss: 1.3742
Epoch: 144/200 | Batch 0150/0180 | Loss: 1.1241
MAE/RMSE/ACC: Current Valid: 3.15/4.03/10.22 Ep. 144 | Best Valid: 2.99/3.65/10.22 | Ep. 11
Time elapsed: 194.62 min
Epoch: 145/200 | Batch 0000/0180 | Loss: 1.4256
Epoch: 145/200 | Batch 0050/0180 | Loss: 1.2478
Epoch: 145/200 | Batch 0100/0180 | Loss: 1.2005
Epoch: 145/200 | Batch 0150/0180 | Loss: 1.1872
MAE/RMSE/ACC: Current Valid: 3.13/3.99/10.22 Ep. 145 | Best Valid: 2.99/3.65/10.22 | Ep. 11
Time elapsed: 195.96 min
Epoch: 146/200 | Batch 0000/0180 | Loss: 1.2116
Epoch: 146/200 | Batch 0050/0180 | Loss: 1.0141
Epoch: 146/200 | Batch 0100/0180 | Loss: 1.2040
Epoch: 146/200 | Batch 0150/0180 | Loss: 1.6784
MAE/RMSE/ACC: Current Valid: 3.12/3.99/10.22 Ep. 146 | Best Valid: 2.99/3.65/10.22 | Ep. 11
Time elapsed: 197.31 min
Epoch: 147/200 | Batch 0000/0180 | Loss: 1.5394
Epoch: 147/200 | Batch 0050/0180 | Loss: 1.2841
Epoch: 147/200 | Batch 0100/0180 | Loss: 1.2973
Epoch: 147/200 | Batch 0150/0180 | Loss: 1.3132
MAE/RMSE/ACC: Current Valid: 3.10/3.95/10.22 Ep. 147 | Best Valid: 2.99/3.65/10.22 | Ep. 11
Time elapsed: 198.66 min
Epoch: 148/200 | Batch 0000/0180 | Loss: 1.0167
Epoch: 148/200 | Batch 0050/0180 | Loss: 1.1634
Epoch: 148/200 | Batch 0100/0180 | Loss: 1.2934
Epoch: 148/200 | Batch 0150/0180 | Loss: 1.0629
MAE/RMSE/ACC: Current Valid: 3.08/3.94/10.22 Ep. 148 | Best Valid: 2.99/3.65/10.22 | Ep. 11
Time elapsed: 200.02 min
Epoch: 149/200 | Batch 0000/0180 | Loss: 1.0341
Epoch: 149/200 | Batch 0050/0180 | Loss: 1.1333
Epoch: 149/200 | Batch 0100/0180 | Loss: 1.3683
Epoch: 149/200 | Batch 0150/0180 | Loss: 1.1184
MAE/RMSE/ACC: Current Valid: 3.16/4.03/10.22 Ep. 149 | Best Valid: 2.99/3.65/10.22 | Ep. 11
Time elapsed: 201.37 min
Epoch: 150/200 | Batch 0000/0180 | Loss: 1.0425
Epoch: 150/200 | Batch 0050/0180 | Loss: 1.2343
Epoch: 150/200 | Batch 0100/0180 | Loss: 1.0625
Epoch: 150/200 | Batch 0150/0180 | Loss: 1.2318
MAE/RMSE/ACC: Current Valid: 3.14/3.98/10.22 Ep. 150 | Best Valid: 2.99/3.65/10.22 | Ep. 11
Time elapsed: 202.72 min
Epoch: 151/200 | Batch 0000/0180 | Loss: 1.2118
Epoch: 151/200 | Batch 0050/0180 | Loss: 1.3811
Epoch: 151/200 | Batch 0100/0180 | Loss: 1.2475
Epoch: 151/200 | Batch 0150/0180 | Loss: 1.2795
MAE/RMSE/ACC: Current Valid: 3.14/4.02/10.22 Ep. 151 | Best Valid: 2.99/3.65/10.22 | Ep. 11
Time elapsed: 204.08 min
Epoch: 152/200 | Batch 0000/0180 | Loss: 1.3119
Epoch: 152/200 | Batch 0050/0180 | Loss: 1.6780
Epoch: 152/200 | Batch 0100/0180 | Loss: 1.2019
Epoch: 152/200 | Batch 0150/0180 | Loss: 1.3316
MAE/RMSE/ACC: Current Valid: 3.14/3.99/10.22 Ep. 152 | Best Valid: 2.99/3.65/10.22 | Ep. 11
Time elapsed: 205.44 min
Epoch: 153/200 | Batch 0000/0180 | Loss: 1.1539
Epoch: 153/200 | Batch 0050/0180 | Loss: 1.6715
Epoch: 153/200 | Batch 0100/0180 | Loss: 1.5013
Epoch: 153/200 | Batch 0150/0180 | Loss: 1.2337
MAE/RMSE/ACC: Current Valid: 3.11/3.97/10.22 Ep. 153 | Best Valid: 2.99/3.65/10.22 | Ep. 11
Time elapsed: 206.79 min
Epoch: 154/200 | Batch 0000/0180 | Loss: 1.2895
Epoch: 154/200 | Batch 0050/0180 | Loss: 1.0769
Epoch: 154/200 | Batch 0100/0180 | Loss: 1.0756
Epoch: 154/200 | Batch 0150/0180 | Loss: 1.0768
MAE/RMSE/ACC: Current Valid: 3.11/3.97/10.22 Ep. 154 | Best Valid: 2.99/3.65/10.22 | Ep. 11
Time elapsed: 208.14 min
Epoch: 155/200 | Batch 0000/0180 | Loss: 1.0131
Epoch: 155/200 | Batch 0050/0180 | Loss: 1.0974
Epoch: 155/200 | Batch 0100/0180 | Loss: 1.2126
Epoch: 155/200 | Batch 0150/0180 | Loss: 1.3645
MAE/RMSE/ACC: Current Valid: 3.16/4.02/10.22 Ep. 155 | Best Valid: 2.99/3.65/10.22 | Ep. 11
Time elapsed: 209.50 min
Epoch: 156/200 | Batch 0000/0180 | Loss: 1.4148
Epoch: 156/200 | Batch 0050/0180 | Loss: 1.1724
Epoch: 156/200 | Batch 0100/0180 | Loss: 1.0985
Epoch: 156/200 | Batch 0150/0180 | Loss: 1.5399
MAE/RMSE/ACC: Current Valid: 3.13/4.00/10.22 Ep. 156 | Best Valid: 2.99/3.65/10.22 | Ep. 11
Time elapsed: 210.84 min
Epoch: 157/200 | Batch 0000/0180 | Loss: 1.2467
Epoch: 157/200 | Batch 0050/0180 | Loss: 1.1249
Epoch: 157/200 | Batch 0100/0180 | Loss: 1.5470
Epoch: 157/200 | Batch 0150/0180 | Loss: 1.0206
MAE/RMSE/ACC: Current Valid: 3.15/4.03/10.22 Ep. 157 | Best Valid: 2.99/3.65/10.22 | Ep. 11
Time elapsed: 212.19 min
Epoch: 158/200 | Batch 0000/0180 | Loss: 0.9896
Epoch: 158/200 | Batch 0050/0180 | Loss: 0.9588
Epoch: 158/200 | Batch 0100/0180 | Loss: 1.0273
Epoch: 158/200 | Batch 0150/0180 | Loss: 0.9041
MAE/RMSE/ACC: Current Valid: 3.11/3.97/10.22 Ep. 158 | Best Valid: 2.99/3.65/10.22 | Ep. 11
Time elapsed: 213.53 min
Epoch: 159/200 | Batch 0000/0180 | Loss: 0.9453
Epoch: 159/200 | Batch 0050/0180 | Loss: 1.0573
Epoch: 159/200 | Batch 0100/0180 | Loss: 1.0650
Epoch: 159/200 | Batch 0150/0180 | Loss: 1.1068
MAE/RMSE/ACC: Current Valid: 3.10/3.94/10.22 Ep. 159 | Best Valid: 2.99/3.65/10.22 | Ep. 11
Time elapsed: 214.89 min
Epoch: 160/200 | Batch 0000/0180 | Loss: 0.9854
Epoch: 160/200 | Batch 0050/0180 | Loss: 0.9729
Epoch: 160/200 | Batch 0100/0180 | Loss: 0.9389
Epoch: 160/200 | Batch 0150/0180 | Loss: 1.0911
MAE/RMSE/ACC: Current Valid: 3.16/4.05/10.22 Ep. 160 | Best Valid: 2.99/3.65/10.22 | Ep. 11
Time elapsed: 216.24 min
Epoch: 161/200 | Batch 0000/0180 | Loss: 1.2807
Epoch: 161/200 | Batch 0050/0180 | Loss: 1.9914
Epoch: 161/200 | Batch 0100/0180 | Loss: 1.3829
Epoch: 161/200 | Batch 0150/0180 | Loss: 1.4985
MAE/RMSE/ACC: Current Valid: 3.17/4.02/10.22 Ep. 161 | Best Valid: 2.99/3.65/10.22 | Ep. 11
Time elapsed: 217.59 min
Epoch: 162/200 | Batch 0000/0180 | Loss: 1.4551
Epoch: 162/200 | Batch 0050/0180 | Loss: 1.3995
Epoch: 162/200 | Batch 0100/0180 | Loss: 1.3968
Epoch: 162/200 | Batch 0150/0180 | Loss: 1.4753
MAE/RMSE/ACC: Current Valid: 3.15/4.02/10.22 Ep. 162 | Best Valid: 2.99/3.65/10.22 | Ep. 11
Time elapsed: 218.94 min
Epoch: 163/200 | Batch 0000/0180 | Loss: 1.2171
Epoch: 163/200 | Batch 0050/0180 | Loss: 0.9954
Epoch: 163/200 | Batch 0100/0180 | Loss: 1.1530
Epoch: 163/200 | Batch 0150/0180 | Loss: 1.2391
MAE/RMSE/ACC: Current Valid: 3.17/4.05/10.22 Ep. 163 | Best Valid: 2.99/3.65/10.22 | Ep. 11
Time elapsed: 220.28 min
Epoch: 164/200 | Batch 0000/0180 | Loss: 1.2067
Epoch: 164/200 | Batch 0050/0180 | Loss: 1.3149
Epoch: 164/200 | Batch 0100/0180 | Loss: 1.1155
Epoch: 164/200 | Batch 0150/0180 | Loss: 1.4565
MAE/RMSE/ACC: Current Valid: 3.12/3.97/10.22 Ep. 164 | Best Valid: 2.99/3.65/10.22 | Ep. 11
Time elapsed: 221.63 min
Epoch: 165/200 | Batch 0000/0180 | Loss: 1.0909
Epoch: 165/200 | Batch 0050/0180 | Loss: 1.3118
Epoch: 165/200 | Batch 0100/0180 | Loss: 1.1311
Epoch: 165/200 | Batch 0150/0180 | Loss: 1.4428
MAE/RMSE/ACC: Current Valid: 3.12/3.97/10.22 Ep. 165 | Best Valid: 2.99/3.65/10.22 | Ep. 11
Time elapsed: 222.98 min
Epoch: 166/200 | Batch 0000/0180 | Loss: 1.0440
Epoch: 166/200 | Batch 0050/0180 | Loss: 0.9832
Epoch: 166/200 | Batch 0100/0180 | Loss: 1.2328
Epoch: 166/200 | Batch 0150/0180 | Loss: 1.0464
MAE/RMSE/ACC: Current Valid: 3.16/4.01/10.22 Ep. 166 | Best Valid: 2.99/3.65/10.22 | Ep. 11
Time elapsed: 224.34 min
Epoch: 167/200 | Batch 0000/0180 | Loss: 1.3644
Epoch: 167/200 | Batch 0050/0180 | Loss: 1.1499
Epoch: 167/200 | Batch 0100/0180 | Loss: 1.1141
Epoch: 167/200 | Batch 0150/0180 | Loss: 0.9345
MAE/RMSE/ACC: Current Valid: 3.13/4.00/10.22 Ep. 167 | Best Valid: 2.99/3.65/10.22 | Ep. 11
Time elapsed: 225.69 min
Epoch: 168/200 | Batch 0000/0180 | Loss: 1.0749
Epoch: 168/200 | Batch 0050/0180 | Loss: 1.2219
Epoch: 168/200 | Batch 0100/0180 | Loss: 1.3577
Epoch: 168/200 | Batch 0150/0180 | Loss: 1.2193
MAE/RMSE/ACC: Current Valid: 3.14/3.99/10.22 Ep. 168 | Best Valid: 2.99/3.65/10.22 | Ep. 11
Time elapsed: 227.03 min
Epoch: 169/200 | Batch 0000/0180 | Loss: 1.1123
Epoch: 169/200 | Batch 0050/0180 | Loss: 1.4278
Epoch: 169/200 | Batch 0100/0180 | Loss: 1.0494
Epoch: 169/200 | Batch 0150/0180 | Loss: 1.1869
MAE/RMSE/ACC: Current Valid: 3.11/3.95/10.22 Ep. 169 | Best Valid: 2.99/3.65/10.22 | Ep. 11
Time elapsed: 228.39 min
Epoch: 170/200 | Batch 0000/0180 | Loss: 1.3918
Epoch: 170/200 | Batch 0050/0180 | Loss: 1.4061
Epoch: 170/200 | Batch 0100/0180 | Loss: 1.2160
Epoch: 170/200 | Batch 0150/0180 | Loss: 1.4299
MAE/RMSE/ACC: Current Valid: 3.17/4.05/10.22 Ep. 170 | Best Valid: 2.99/3.65/10.22 | Ep. 11
Time elapsed: 229.74 min
Epoch: 171/200 | Batch 0000/0180 | Loss: 1.2321
Epoch: 171/200 | Batch 0050/0180 | Loss: 1.0416
Epoch: 171/200 | Batch 0100/0180 | Loss: 1.0701
Epoch: 171/200 | Batch 0150/0180 | Loss: 1.0324
MAE/RMSE/ACC: Current Valid: 3.12/3.99/10.22 Ep. 171 | Best Valid: 2.99/3.65/10.22 | Ep. 11
Time elapsed: 231.10 min
Epoch: 172/200 | Batch 0000/0180 | Loss: 0.9858
Epoch: 172/200 | Batch 0050/0180 | Loss: 1.0430
Epoch: 172/200 | Batch 0100/0180 | Loss: 1.0157
Epoch: 172/200 | Batch 0150/0180 | Loss: 1.3446
MAE/RMSE/ACC: Current Valid: 3.10/3.94/10.22 Ep. 172 | Best Valid: 2.99/3.65/10.22 | Ep. 11
Time elapsed: 232.45 min
Epoch: 173/200 | Batch 0000/0180 | Loss: 0.9082
Epoch: 173/200 | Batch 0050/0180 | Loss: 1.1882
Epoch: 173/200 | Batch 0100/0180 | Loss: 1.0880
Epoch: 173/200 | Batch 0150/0180 | Loss: 1.2416
MAE/RMSE/ACC: Current Valid: 3.17/4.05/10.22 Ep. 173 | Best Valid: 2.99/3.65/10.22 | Ep. 11
Time elapsed: 233.81 min
Epoch: 174/200 | Batch 0000/0180 | Loss: 1.2090
Epoch: 174/200 | Batch 0050/0180 | Loss: 1.0911
Epoch: 174/200 | Batch 0100/0180 | Loss: 0.9613
Epoch: 174/200 | Batch 0150/0180 | Loss: 1.0059
MAE/RMSE/ACC: Current Valid: 3.15/4.02/10.22 Ep. 174 | Best Valid: 2.99/3.65/10.22 | Ep. 11
Time elapsed: 235.16 min
Epoch: 175/200 | Batch 0000/0180 | Loss: 1.1799
Epoch: 175/200 | Batch 0050/0180 | Loss: 1.2894
Epoch: 175/200 | Batch 0100/0180 | Loss: 0.9706
Epoch: 175/200 | Batch 0150/0180 | Loss: 0.9990
MAE/RMSE/ACC: Current Valid: 3.13/3.99/10.22 Ep. 175 | Best Valid: 2.99/3.65/10.22 | Ep. 11
Time elapsed: 236.51 min
Epoch: 176/200 | Batch 0000/0180 | Loss: 1.0013
Epoch: 176/200 | Batch 0050/0180 | Loss: 1.0037
Epoch: 176/200 | Batch 0100/0180 | Loss: 1.1176
Epoch: 176/200 | Batch 0150/0180 | Loss: 1.0751
MAE/RMSE/ACC: Current Valid: 3.15/4.02/10.22 Ep. 176 | Best Valid: 2.99/3.65/10.22 | Ep. 11
Time elapsed: 237.86 min
Epoch: 177/200 | Batch 0000/0180 | Loss: 1.3891
Epoch: 177/200 | Batch 0050/0180 | Loss: 1.0707
Epoch: 177/200 | Batch 0100/0180 | Loss: 1.0164
Epoch: 177/200 | Batch 0150/0180 | Loss: 1.0250
MAE/RMSE/ACC: Current Valid: 3.16/4.03/10.22 Ep. 177 | Best Valid: 2.99/3.65/10.22 | Ep. 11
Time elapsed: 239.21 min
Epoch: 178/200 | Batch 0000/0180 | Loss: 1.2046
Epoch: 178/200 | Batch 0050/0180 | Loss: 1.0779
Epoch: 178/200 | Batch 0100/0180 | Loss: 1.2692
Epoch: 178/200 | Batch 0150/0180 | Loss: 1.0468
MAE/RMSE/ACC: Current Valid: 3.14/4.01/10.22 Ep. 178 | Best Valid: 2.99/3.65/10.22 | Ep. 11
Time elapsed: 240.55 min
Epoch: 179/200 | Batch 0000/0180 | Loss: 0.9629
Epoch: 179/200 | Batch 0050/0180 | Loss: 0.9618
Epoch: 179/200 | Batch 0100/0180 | Loss: 1.2755
Epoch: 179/200 | Batch 0150/0180 | Loss: 0.9458
MAE/RMSE/ACC: Current Valid: 3.13/4.00/10.22 Ep. 179 | Best Valid: 2.99/3.65/10.22 | Ep. 11
Time elapsed: 241.90 min
Epoch: 180/200 | Batch 0000/0180 | Loss: 0.8355
Epoch: 180/200 | Batch 0050/0180 | Loss: 1.2055
Epoch: 180/200 | Batch 0100/0180 | Loss: 1.0283
Epoch: 180/200 | Batch 0150/0180 | Loss: 1.0548
MAE/RMSE/ACC: Current Valid: 3.15/4.02/10.22 Ep. 180 | Best Valid: 2.99/3.65/10.22 | Ep. 11
Time elapsed: 243.26 min
Epoch: 181/200 | Batch 0000/0180 | Loss: 0.9137
Epoch: 181/200 | Batch 0050/0180 | Loss: 1.0622
Epoch: 181/200 | Batch 0100/0180 | Loss: 1.4053
Epoch: 181/200 | Batch 0150/0180 | Loss: 1.4896
MAE/RMSE/ACC: Current Valid: 3.14/4.02/10.22 Ep. 181 | Best Valid: 2.99/3.65/10.22 | Ep. 11
Time elapsed: 244.61 min
Epoch: 182/200 | Batch 0000/0180 | Loss: 1.0823
Epoch: 182/200 | Batch 0050/0180 | Loss: 0.9563
Epoch: 182/200 | Batch 0100/0180 | Loss: 1.2965
Epoch: 182/200 | Batch 0150/0180 | Loss: 1.0629
MAE/RMSE/ACC: Current Valid: 3.18/4.07/10.22 Ep. 182 | Best Valid: 2.99/3.65/10.22 | Ep. 11
Time elapsed: 245.95 min
Epoch: 183/200 | Batch 0000/0180 | Loss: 1.0617
Epoch: 183/200 | Batch 0050/0180 | Loss: 1.1796
Epoch: 183/200 | Batch 0100/0180 | Loss: 1.3328
Epoch: 183/200 | Batch 0150/0180 | Loss: 1.3268
MAE/RMSE/ACC: Current Valid: 3.16/4.03/10.22 Ep. 183 | Best Valid: 2.99/3.65/10.22 | Ep. 11
Time elapsed: 247.30 min
Epoch: 184/200 | Batch 0000/0180 | Loss: 1.1565
Epoch: 184/200 | Batch 0050/0180 | Loss: 1.5487
Epoch: 184/200 | Batch 0100/0180 | Loss: 1.1708
Epoch: 184/200 | Batch 0150/0180 | Loss: 1.0789
MAE/RMSE/ACC: Current Valid: 3.12/3.98/10.22 Ep. 184 | Best Valid: 2.99/3.65/10.22 | Ep. 11
Time elapsed: 248.64 min
Epoch: 185/200 | Batch 0000/0180 | Loss: 1.1841
Epoch: 185/200 | Batch 0050/0180 | Loss: 0.9360
Epoch: 185/200 | Batch 0100/0180 | Loss: 1.1289
Epoch: 185/200 | Batch 0150/0180 | Loss: 1.1600
MAE/RMSE/ACC: Current Valid: 3.11/3.97/10.22 Ep. 185 | Best Valid: 2.99/3.65/10.22 | Ep. 11
Time elapsed: 249.99 min
Epoch: 186/200 | Batch 0000/0180 | Loss: 1.2819
Epoch: 186/200 | Batch 0050/0180 | Loss: 0.9656
Epoch: 186/200 | Batch 0100/0180 | Loss: 1.0325
Epoch: 186/200 | Batch 0150/0180 | Loss: 1.1060
MAE/RMSE/ACC: Current Valid: 3.16/4.03/10.22 Ep. 186 | Best Valid: 2.99/3.65/10.22 | Ep. 11
Time elapsed: 251.34 min
Epoch: 187/200 | Batch 0000/0180 | Loss: 1.1719
Epoch: 187/200 | Batch 0050/0180 | Loss: 1.1166
Epoch: 187/200 | Batch 0100/0180 | Loss: 0.9399
Epoch: 187/200 | Batch 0150/0180 | Loss: 1.0698
MAE/RMSE/ACC: Current Valid: 3.15/4.02/10.22 Ep. 187 | Best Valid: 2.99/3.65/10.22 | Ep. 11
Time elapsed: 252.69 min
Epoch: 188/200 | Batch 0000/0180 | Loss: 1.3437
Epoch: 188/200 | Batch 0050/0180 | Loss: 1.2159
Epoch: 188/200 | Batch 0100/0180 | Loss: 1.2578
Epoch: 188/200 | Batch 0150/0180 | Loss: 1.0337
MAE/RMSE/ACC: Current Valid: 3.13/4.00/10.22 Ep. 188 | Best Valid: 2.99/3.65/10.22 | Ep. 11
Time elapsed: 254.04 min
Epoch: 189/200 | Batch 0000/0180 | Loss: 0.9479
Epoch: 189/200 | Batch 0050/0180 | Loss: 1.1318
Epoch: 189/200 | Batch 0100/0180 | Loss: 1.1477
Epoch: 189/200 | Batch 0150/0180 | Loss: 0.9172
MAE/RMSE/ACC: Current Valid: 3.14/4.00/10.22 Ep. 189 | Best Valid: 2.99/3.65/10.22 | Ep. 11
Time elapsed: 255.40 min
Epoch: 190/200 | Batch 0000/0180 | Loss: 0.9598
Epoch: 190/200 | Batch 0050/0180 | Loss: 1.1703
Epoch: 190/200 | Batch 0100/0180 | Loss: 1.1510
Epoch: 190/200 | Batch 0150/0180 | Loss: 0.8892
MAE/RMSE/ACC: Current Valid: 3.14/4.02/10.22 Ep. 190 | Best Valid: 2.99/3.65/10.22 | Ep. 11
Time elapsed: 256.75 min
Epoch: 191/200 | Batch 0000/0180 | Loss: 1.0253
Epoch: 191/200 | Batch 0050/0180 | Loss: 0.9852
Epoch: 191/200 | Batch 0100/0180 | Loss: 0.8778
Epoch: 191/200 | Batch 0150/0180 | Loss: 0.9877
MAE/RMSE/ACC: Current Valid: 3.13/4.00/10.22 Ep. 191 | Best Valid: 2.99/3.65/10.22 | Ep. 11
Time elapsed: 258.11 min
Epoch: 192/200 | Batch 0000/0180 | Loss: 0.9123
Epoch: 192/200 | Batch 0050/0180 | Loss: 0.9447
Epoch: 192/200 | Batch 0100/0180 | Loss: 0.8720
Epoch: 192/200 | Batch 0150/0180 | Loss: 0.9202
MAE/RMSE/ACC: Current Valid: 3.13/4.02/10.22 Ep. 192 | Best Valid: 2.99/3.65/10.22 | Ep. 11
Time elapsed: 259.46 min
Epoch: 193/200 | Batch 0000/0180 | Loss: 0.8577
Epoch: 193/200 | Batch 0050/0180 | Loss: 0.8254
Epoch: 193/200 | Batch 0100/0180 | Loss: 1.0454
Epoch: 193/200 | Batch 0150/0180 | Loss: 1.9922
MAE/RMSE/ACC: Current Valid: 3.11/3.98/10.22 Ep. 193 | Best Valid: 2.99/3.65/10.22 | Ep. 11
Time elapsed: 260.81 min
Epoch: 194/200 | Batch 0000/0180 | Loss: 1.2636
Epoch: 194/200 | Batch 0050/0180 | Loss: 1.0616
Epoch: 194/200 | Batch 0100/0180 | Loss: 1.1343
Epoch: 194/200 | Batch 0150/0180 | Loss: 1.1437
MAE/RMSE/ACC: Current Valid: 3.15/4.01/10.22 Ep. 194 | Best Valid: 2.99/3.65/10.22 | Ep. 11
Time elapsed: 262.16 min
Epoch: 195/200 | Batch 0000/0180 | Loss: 1.0831
Epoch: 195/200 | Batch 0050/0180 | Loss: 0.9315
Epoch: 195/200 | Batch 0100/0180 | Loss: 1.5345
Epoch: 195/200 | Batch 0150/0180 | Loss: 1.1163
MAE/RMSE/ACC: Current Valid: 3.15/4.01/10.22 Ep. 195 | Best Valid: 2.99/3.65/10.22 | Ep. 11
Time elapsed: 263.52 min
Epoch: 196/200 | Batch 0000/0180 | Loss: 1.3016
Epoch: 196/200 | Batch 0050/0180 | Loss: 1.1926
Epoch: 196/200 | Batch 0100/0180 | Loss: 1.0184
Epoch: 196/200 | Batch 0150/0180 | Loss: 1.0555
MAE/RMSE/ACC: Current Valid: 3.14/4.03/10.22 Ep. 196 | Best Valid: 2.99/3.65/10.22 | Ep. 11
Time elapsed: 264.87 min
Epoch: 197/200 | Batch 0000/0180 | Loss: 0.9693
Epoch: 197/200 | Batch 0050/0180 | Loss: 0.9481
Epoch: 197/200 | Batch 0100/0180 | Loss: 1.0630
Epoch: 197/200 | Batch 0150/0180 | Loss: 1.0539
MAE/RMSE/ACC: Current Valid: 3.16/4.05/10.22 Ep. 197 | Best Valid: 2.99/3.65/10.22 | Ep. 11
Time elapsed: 266.22 min
Epoch: 198/200 | Batch 0000/0180 | Loss: 0.9923
Epoch: 198/200 | Batch 0050/0180 | Loss: 0.9417
Epoch: 198/200 | Batch 0100/0180 | Loss: 1.0197
Epoch: 198/200 | Batch 0150/0180 | Loss: 0.9626
MAE/RMSE/ACC: Current Valid: 3.13/3.98/10.22 Ep. 198 | Best Valid: 2.99/3.65/10.22 | Ep. 11
Time elapsed: 267.57 min
Epoch: 199/200 | Batch 0000/0180 | Loss: 0.9020
Epoch: 199/200 | Batch 0050/0180 | Loss: 0.9456
Epoch: 199/200 | Batch 0100/0180 | Loss: 0.9591
Epoch: 199/200 | Batch 0150/0180 | Loss: 0.9287
MAE/RMSE/ACC: Current Valid: 3.17/4.04/10.22 Ep. 199 | Best Valid: 2.99/3.65/10.22 | Ep. 11
Time elapsed: 268.93 min
Epoch: 200/200 | Batch 0000/0180 | Loss: 1.3635
Epoch: 200/200 | Batch 0050/0180 | Loss: 1.0067
Epoch: 200/200 | Batch 0100/0180 | Loss: 0.9408
Epoch: 200/200 | Batch 0150/0180 | Loss: 1.1534
MAE/RMSE/ACC: Current Valid: 3.16/4.03/10.22 Ep. 200 | Best Valid: 2.99/3.65/10.22 | Ep. 11
Time elapsed: 270.29 min
MAE/RMSE: | Train: 0.36/0.71 | Valid: 3.16/4.03 | Test: 3.11/3.99
ACC: | Train: 67.99 | Valid: 11.31 | Test: 11.03
Total Running Time: 272.31 min
MAE/RMSE: | Best Train: 2.74/3.37 | Best Valid: 2.99/3.65 | Best Test: 2.95/3.60
ACC: | Best Train: 11.55 | Best Valid: 10.22 | Best Test: 9.69
Total Running Time: 274.34 min
