This script: mlp-conditional-ablation.py
PyTorch Version: 1.8.1
Random seed: 2
Learning rate: 0.001
Epochs: 200
Batch size: 128
Output path: ../../../../ablation-results/mlp-abl-2
Epoch: 001/200 | Batch 0000/0241 | Loss: 0.7323
Epoch: 001/200 | Batch 0050/0241 | Loss: 0.4226
Epoch: 001/200 | Batch 0100/0241 | Loss: 0.2866
Epoch: 001/200 | Batch 0150/0241 | Loss: 0.2288
Epoch: 001/200 | Batch 0200/0241 | Loss: 0.2119
MAE/RMSE/ACC: Current Valid: 1.17/1.56/25.43 Ep. 1 | Best Valid: 1.17/1.56/25.43 | Ep. 1
Time elapsed: 0.09 min
Epoch: 002/200 | Batch 0000/0241 | Loss: 0.2234
Epoch: 002/200 | Batch 0050/0241 | Loss: 0.1778
Epoch: 002/200 | Batch 0100/0241 | Loss: 0.1785
Epoch: 002/200 | Batch 0150/0241 | Loss: 0.1826
Epoch: 002/200 | Batch 0200/0241 | Loss: 0.1560
MAE/RMSE/ACC: Current Valid: 0.95/1.29/32.43 Ep. 2 | Best Valid: 0.95/1.29/32.43 | Ep. 2
Time elapsed: 0.18 min
Epoch: 003/200 | Batch 0000/0241 | Loss: 0.1843
Epoch: 003/200 | Batch 0050/0241 | Loss: 0.1592
Epoch: 003/200 | Batch 0100/0241 | Loss: 0.1586
Epoch: 003/200 | Batch 0150/0241 | Loss: 0.1615
Epoch: 003/200 | Batch 0200/0241 | Loss: 0.1556
MAE/RMSE/ACC: Current Valid: 0.91/1.22/33.23 Ep. 3 | Best Valid: 0.91/1.22/33.23 | Ep. 3
Time elapsed: 0.27 min
Epoch: 004/200 | Batch 0000/0241 | Loss: 0.1692
Epoch: 004/200 | Batch 0050/0241 | Loss: 0.1557
Epoch: 004/200 | Batch 0100/0241 | Loss: 0.1632
Epoch: 004/200 | Batch 0150/0241 | Loss: 0.1562
Epoch: 004/200 | Batch 0200/0241 | Loss: 0.1562
MAE/RMSE/ACC: Current Valid: 0.90/1.23/33.23 Ep. 4 | Best Valid: 0.91/1.22/33.23 | Ep. 3
Time elapsed: 0.36 min
Epoch: 005/200 | Batch 0000/0241 | Loss: 0.1937
Epoch: 005/200 | Batch 0050/0241 | Loss: 0.1561
Epoch: 005/200 | Batch 0100/0241 | Loss: 0.1586
Epoch: 005/200 | Batch 0150/0241 | Loss: 0.1445
Epoch: 005/200 | Batch 0200/0241 | Loss: 0.1561
MAE/RMSE/ACC: Current Valid: 0.85/1.17/35.63 Ep. 5 | Best Valid: 0.85/1.17/35.63 | Ep. 5
Time elapsed: 0.46 min
Epoch: 006/200 | Batch 0000/0241 | Loss: 0.1784
Epoch: 006/200 | Batch 0050/0241 | Loss: 0.1384
Epoch: 006/200 | Batch 0100/0241 | Loss: 0.1516
Epoch: 006/200 | Batch 0150/0241 | Loss: 0.1650
Epoch: 006/200 | Batch 0200/0241 | Loss: 0.1591
MAE/RMSE/ACC: Current Valid: 0.87/1.18/35.63 Ep. 6 | Best Valid: 0.85/1.17/35.63 | Ep. 5
Time elapsed: 0.56 min
Epoch: 007/200 | Batch 0000/0241 | Loss: 0.1766
Epoch: 007/200 | Batch 0050/0241 | Loss: 0.1398
Epoch: 007/200 | Batch 0100/0241 | Loss: 0.1467
Epoch: 007/200 | Batch 0150/0241 | Loss: 0.1595
Epoch: 007/200 | Batch 0200/0241 | Loss: 0.1440
MAE/RMSE/ACC: Current Valid: 0.85/1.16/34.71 Ep. 7 | Best Valid: 0.85/1.16/34.71 | Ep. 7
Time elapsed: 0.65 min
Epoch: 008/200 | Batch 0000/0241 | Loss: 0.1872
Epoch: 008/200 | Batch 0050/0241 | Loss: 0.1407
Epoch: 008/200 | Batch 0100/0241 | Loss: 0.1447
Epoch: 008/200 | Batch 0150/0241 | Loss: 0.1498
Epoch: 008/200 | Batch 0200/0241 | Loss: 0.1375
MAE/RMSE/ACC: Current Valid: 0.87/1.19/34.71 Ep. 8 | Best Valid: 0.85/1.16/34.71 | Ep. 7
Time elapsed: 0.75 min
Epoch: 009/200 | Batch 0000/0241 | Loss: 0.1916
Epoch: 009/200 | Batch 0050/0241 | Loss: 0.1241
Epoch: 009/200 | Batch 0100/0241 | Loss: 0.1419
Epoch: 009/200 | Batch 0150/0241 | Loss: 0.1604
Epoch: 009/200 | Batch 0200/0241 | Loss: 0.1314
MAE/RMSE/ACC: Current Valid: 0.85/1.17/34.71 Ep. 9 | Best Valid: 0.85/1.16/34.71 | Ep. 7
Time elapsed: 0.84 min
Epoch: 010/200 | Batch 0000/0241 | Loss: 0.1999
Epoch: 010/200 | Batch 0050/0241 | Loss: 0.1446
Epoch: 010/200 | Batch 0100/0241 | Loss: 0.1456
Epoch: 010/200 | Batch 0150/0241 | Loss: 0.1449
Epoch: 010/200 | Batch 0200/0241 | Loss: 0.1316
MAE/RMSE/ACC: Current Valid: 0.84/1.15/35.81 Ep. 10 | Best Valid: 0.84/1.15/35.81 | Ep. 10
Time elapsed: 0.94 min
Epoch: 011/200 | Batch 0000/0241 | Loss: 0.1760
Epoch: 011/200 | Batch 0050/0241 | Loss: 0.1534
Epoch: 011/200 | Batch 0100/0241 | Loss: 0.1467
Epoch: 011/200 | Batch 0150/0241 | Loss: 0.1374
Epoch: 011/200 | Batch 0200/0241 | Loss: 0.1390
MAE/RMSE/ACC: Current Valid: 0.83/1.15/36.30 Ep. 11 | Best Valid: 0.83/1.15/36.30 | Ep. 11
Time elapsed: 1.03 min
Epoch: 012/200 | Batch 0000/0241 | Loss: 0.1663
Epoch: 012/200 | Batch 0050/0241 | Loss: 0.1398
Epoch: 012/200 | Batch 0100/0241 | Loss: 0.1438
Epoch: 012/200 | Batch 0150/0241 | Loss: 0.1412
Epoch: 012/200 | Batch 0200/0241 | Loss: 0.1403
MAE/RMSE/ACC: Current Valid: 0.87/1.19/36.30 Ep. 12 | Best Valid: 0.83/1.15/36.30 | Ep. 11
Time elapsed: 1.13 min
Epoch: 013/200 | Batch 0000/0241 | Loss: 0.1649
Epoch: 013/200 | Batch 0050/0241 | Loss: 0.1368
Epoch: 013/200 | Batch 0100/0241 | Loss: 0.1496
Epoch: 013/200 | Batch 0150/0241 | Loss: 0.1419
Epoch: 013/200 | Batch 0200/0241 | Loss: 0.1431
MAE/RMSE/ACC: Current Valid: 0.84/1.16/36.30 Ep. 13 | Best Valid: 0.83/1.15/36.30 | Ep. 11
Time elapsed: 1.22 min
Epoch: 014/200 | Batch 0000/0241 | Loss: 0.1738
Epoch: 014/200 | Batch 0050/0241 | Loss: 0.1200
Epoch: 014/200 | Batch 0100/0241 | Loss: 0.1451
Epoch: 014/200 | Batch 0150/0241 | Loss: 0.1435
Epoch: 014/200 | Batch 0200/0241 | Loss: 0.1417
MAE/RMSE/ACC: Current Valid: 0.82/1.12/36.43 Ep. 14 | Best Valid: 0.82/1.12/36.43 | Ep. 14
Time elapsed: 1.31 min
Epoch: 015/200 | Batch 0000/0241 | Loss: 0.1711
Epoch: 015/200 | Batch 0050/0241 | Loss: 0.1430
Epoch: 015/200 | Batch 0100/0241 | Loss: 0.1415
Epoch: 015/200 | Batch 0150/0241 | Loss: 0.1395
Epoch: 015/200 | Batch 0200/0241 | Loss: 0.1383
MAE/RMSE/ACC: Current Valid: 0.88/1.20/36.43 Ep. 15 | Best Valid: 0.82/1.12/36.43 | Ep. 14
Time elapsed: 1.39 min
Epoch: 016/200 | Batch 0000/0241 | Loss: 0.1667
Epoch: 016/200 | Batch 0050/0241 | Loss: 0.1360
Epoch: 016/200 | Batch 0100/0241 | Loss: 0.1422
Epoch: 016/200 | Batch 0150/0241 | Loss: 0.1394
Epoch: 016/200 | Batch 0200/0241 | Loss: 0.1365
MAE/RMSE/ACC: Current Valid: 0.82/1.12/36.00 Ep. 16 | Best Valid: 0.82/1.12/36.00 | Ep. 16
Time elapsed: 1.49 min
Epoch: 017/200 | Batch 0000/0241 | Loss: 0.1749
Epoch: 017/200 | Batch 0050/0241 | Loss: 0.1329
Epoch: 017/200 | Batch 0100/0241 | Loss: 0.1451
Epoch: 017/200 | Batch 0150/0241 | Loss: 0.1400
Epoch: 017/200 | Batch 0200/0241 | Loss: 0.1295
MAE/RMSE/ACC: Current Valid: 0.84/1.16/36.00 Ep. 17 | Best Valid: 0.82/1.12/36.00 | Ep. 16
Time elapsed: 1.58 min
Epoch: 018/200 | Batch 0000/0241 | Loss: 0.1621
Epoch: 018/200 | Batch 0050/0241 | Loss: 0.1382
Epoch: 018/200 | Batch 0100/0241 | Loss: 0.1458
Epoch: 018/200 | Batch 0150/0241 | Loss: 0.1434
Epoch: 018/200 | Batch 0200/0241 | Loss: 0.1423
MAE/RMSE/ACC: Current Valid: 0.87/1.20/36.00 Ep. 18 | Best Valid: 0.82/1.12/36.00 | Ep. 16
Time elapsed: 1.68 min
Epoch: 019/200 | Batch 0000/0241 | Loss: 0.1582
Epoch: 019/200 | Batch 0050/0241 | Loss: 0.1364
Epoch: 019/200 | Batch 0100/0241 | Loss: 0.1500
Epoch: 019/200 | Batch 0150/0241 | Loss: 0.1434
Epoch: 019/200 | Batch 0200/0241 | Loss: 0.1321
MAE/RMSE/ACC: Current Valid: 0.80/1.12/37.96 Ep. 19 | Best Valid: 0.80/1.12/37.96 | Ep. 19
Time elapsed: 1.77 min
Epoch: 020/200 | Batch 0000/0241 | Loss: 0.1734
Epoch: 020/200 | Batch 0050/0241 | Loss: 0.1342
Epoch: 020/200 | Batch 0100/0241 | Loss: 0.1412
Epoch: 020/200 | Batch 0150/0241 | Loss: 0.1375
Epoch: 020/200 | Batch 0200/0241 | Loss: 0.1308
MAE/RMSE/ACC: Current Valid: 0.81/1.12/36.36 Ep. 20 | Best Valid: 0.81/1.12/36.36 | Ep. 20
Time elapsed: 1.87 min
Epoch: 021/200 | Batch 0000/0241 | Loss: 0.1741
Epoch: 021/200 | Batch 0050/0241 | Loss: 0.1405
Epoch: 021/200 | Batch 0100/0241 | Loss: 0.1466
Epoch: 021/200 | Batch 0150/0241 | Loss: 0.1462
Epoch: 021/200 | Batch 0200/0241 | Loss: 0.1314
MAE/RMSE/ACC: Current Valid: 0.81/1.12/36.36 Ep. 21 | Best Valid: 0.81/1.12/36.36 | Ep. 20
Time elapsed: 1.98 min
Epoch: 022/200 | Batch 0000/0241 | Loss: 0.1694
Epoch: 022/200 | Batch 0050/0241 | Loss: 0.1193
Epoch: 022/200 | Batch 0100/0241 | Loss: 0.1568
Epoch: 022/200 | Batch 0150/0241 | Loss: 0.1424
Epoch: 022/200 | Batch 0200/0241 | Loss: 0.1387
MAE/RMSE/ACC: Current Valid: 0.84/1.15/36.36 Ep. 22 | Best Valid: 0.81/1.12/36.36 | Ep. 20
Time elapsed: 2.08 min
Epoch: 023/200 | Batch 0000/0241 | Loss: 0.1811
Epoch: 023/200 | Batch 0050/0241 | Loss: 0.1357
Epoch: 023/200 | Batch 0100/0241 | Loss: 0.1602
Epoch: 023/200 | Batch 0150/0241 | Loss: 0.1389
Epoch: 023/200 | Batch 0200/0241 | Loss: 0.1286
MAE/RMSE/ACC: Current Valid: 0.81/1.10/36.49 Ep. 23 | Best Valid: 0.81/1.10/36.49 | Ep. 23
Time elapsed: 2.17 min
Epoch: 024/200 | Batch 0000/0241 | Loss: 0.1654
Epoch: 024/200 | Batch 0050/0241 | Loss: 0.1345
Epoch: 024/200 | Batch 0100/0241 | Loss: 0.1476
Epoch: 024/200 | Batch 0150/0241 | Loss: 0.1372
Epoch: 024/200 | Batch 0200/0241 | Loss: 0.1283
MAE/RMSE/ACC: Current Valid: 0.86/1.19/36.49 Ep. 24 | Best Valid: 0.81/1.10/36.49 | Ep. 23
Time elapsed: 2.25 min
Epoch: 025/200 | Batch 0000/0241 | Loss: 0.1740
Epoch: 025/200 | Batch 0050/0241 | Loss: 0.1291
Epoch: 025/200 | Batch 0100/0241 | Loss: 0.1653
Epoch: 025/200 | Batch 0150/0241 | Loss: 0.1372
Epoch: 025/200 | Batch 0200/0241 | Loss: 0.1392
MAE/RMSE/ACC: Current Valid: 0.82/1.13/36.49 Ep. 25 | Best Valid: 0.81/1.10/36.49 | Ep. 23
Time elapsed: 2.32 min
Epoch: 026/200 | Batch 0000/0241 | Loss: 0.1580
Epoch: 026/200 | Batch 0050/0241 | Loss: 0.1523
Epoch: 026/200 | Batch 0100/0241 | Loss: 0.1462
Epoch: 026/200 | Batch 0150/0241 | Loss: 0.1497
Epoch: 026/200 | Batch 0200/0241 | Loss: 0.1529
MAE/RMSE/ACC: Current Valid: 0.86/1.17/36.49 Ep. 26 | Best Valid: 0.81/1.10/36.49 | Ep. 23
Time elapsed: 2.40 min
Epoch: 027/200 | Batch 0000/0241 | Loss: 0.1677
Epoch: 027/200 | Batch 0050/0241 | Loss: 0.1270
Epoch: 027/200 | Batch 0100/0241 | Loss: 0.1462
Epoch: 027/200 | Batch 0150/0241 | Loss: 0.1436
Epoch: 027/200 | Batch 0200/0241 | Loss: 0.1438
MAE/RMSE/ACC: Current Valid: 0.82/1.14/36.49 Ep. 27 | Best Valid: 0.81/1.10/36.49 | Ep. 23
Time elapsed: 2.47 min
Epoch: 028/200 | Batch 0000/0241 | Loss: 0.1547
Epoch: 028/200 | Batch 0050/0241 | Loss: 0.1246
Epoch: 028/200 | Batch 0100/0241 | Loss: 0.1382
Epoch: 028/200 | Batch 0150/0241 | Loss: 0.1363
Epoch: 028/200 | Batch 0200/0241 | Loss: 0.1301
MAE/RMSE/ACC: Current Valid: 0.84/1.16/36.49 Ep. 28 | Best Valid: 0.81/1.10/36.49 | Ep. 23
Time elapsed: 2.55 min
Epoch: 029/200 | Batch 0000/0241 | Loss: 0.1696
Epoch: 029/200 | Batch 0050/0241 | Loss: 0.1456
Epoch: 029/200 | Batch 0100/0241 | Loss: 0.1513
Epoch: 029/200 | Batch 0150/0241 | Loss: 0.1453
Epoch: 029/200 | Batch 0200/0241 | Loss: 0.1315
MAE/RMSE/ACC: Current Valid: 0.84/1.16/36.49 Ep. 29 | Best Valid: 0.81/1.10/36.49 | Ep. 23
Time elapsed: 2.62 min
Epoch: 030/200 | Batch 0000/0241 | Loss: 0.1722
Epoch: 030/200 | Batch 0050/0241 | Loss: 0.1307
Epoch: 030/200 | Batch 0100/0241 | Loss: 0.1386
Epoch: 030/200 | Batch 0150/0241 | Loss: 0.1342
Epoch: 030/200 | Batch 0200/0241 | Loss: 0.1372
MAE/RMSE/ACC: Current Valid: 0.82/1.12/36.49 Ep. 30 | Best Valid: 0.81/1.10/36.49 | Ep. 23
Time elapsed: 2.70 min
Epoch: 031/200 | Batch 0000/0241 | Loss: 0.1665
Epoch: 031/200 | Batch 0050/0241 | Loss: 0.1287
Epoch: 031/200 | Batch 0100/0241 | Loss: 0.1570
Epoch: 031/200 | Batch 0150/0241 | Loss: 0.1430
Epoch: 031/200 | Batch 0200/0241 | Loss: 0.1411
MAE/RMSE/ACC: Current Valid: 0.81/1.12/36.49 Ep. 31 | Best Valid: 0.81/1.10/36.49 | Ep. 23
Time elapsed: 2.77 min
Epoch: 032/200 | Batch 0000/0241 | Loss: 0.1696
Epoch: 032/200 | Batch 0050/0241 | Loss: 0.1437
Epoch: 032/200 | Batch 0100/0241 | Loss: 0.1511
Epoch: 032/200 | Batch 0150/0241 | Loss: 0.1465
Epoch: 032/200 | Batch 0200/0241 | Loss: 0.1283
MAE/RMSE/ACC: Current Valid: 0.84/1.14/36.49 Ep. 32 | Best Valid: 0.81/1.10/36.49 | Ep. 23
Time elapsed: 2.85 min
Epoch: 033/200 | Batch 0000/0241 | Loss: 0.1664
Epoch: 033/200 | Batch 0050/0241 | Loss: 0.1432
Epoch: 033/200 | Batch 0100/0241 | Loss: 0.1597
Epoch: 033/200 | Batch 0150/0241 | Loss: 0.1336
Epoch: 033/200 | Batch 0200/0241 | Loss: 0.1403
MAE/RMSE/ACC: Current Valid: 0.93/1.27/36.49 Ep. 33 | Best Valid: 0.81/1.10/36.49 | Ep. 23
Time elapsed: 2.92 min
Epoch: 034/200 | Batch 0000/0241 | Loss: 0.1732
Epoch: 034/200 | Batch 0050/0241 | Loss: 0.1352
Epoch: 034/200 | Batch 0100/0241 | Loss: 0.1456
Epoch: 034/200 | Batch 0150/0241 | Loss: 0.1478
Epoch: 034/200 | Batch 0200/0241 | Loss: 0.1434
MAE/RMSE/ACC: Current Valid: 0.82/1.13/36.49 Ep. 34 | Best Valid: 0.81/1.10/36.49 | Ep. 23
Time elapsed: 3.00 min
Epoch: 035/200 | Batch 0000/0241 | Loss: 0.1938
Epoch: 035/200 | Batch 0050/0241 | Loss: 0.1441
Epoch: 035/200 | Batch 0100/0241 | Loss: 0.1516
Epoch: 035/200 | Batch 0150/0241 | Loss: 0.1494
Epoch: 035/200 | Batch 0200/0241 | Loss: 0.1347
MAE/RMSE/ACC: Current Valid: 0.79/1.09/37.41 Ep. 35 | Best Valid: 0.79/1.09/37.41 | Ep. 35
Time elapsed: 3.07 min
Epoch: 036/200 | Batch 0000/0241 | Loss: 0.1598
Epoch: 036/200 | Batch 0050/0241 | Loss: 0.1432
Epoch: 036/200 | Batch 0100/0241 | Loss: 0.1533
Epoch: 036/200 | Batch 0150/0241 | Loss: 0.1278
Epoch: 036/200 | Batch 0200/0241 | Loss: 0.1367
MAE/RMSE/ACC: Current Valid: 0.84/1.15/37.41 Ep. 36 | Best Valid: 0.79/1.09/37.41 | Ep. 35
Time elapsed: 3.15 min
Epoch: 037/200 | Batch 0000/0241 | Loss: 0.1595
Epoch: 037/200 | Batch 0050/0241 | Loss: 0.1303
Epoch: 037/200 | Batch 0100/0241 | Loss: 0.1475
Epoch: 037/200 | Batch 0150/0241 | Loss: 0.1412
Epoch: 037/200 | Batch 0200/0241 | Loss: 0.1476
MAE/RMSE/ACC: Current Valid: 0.85/1.18/37.41 Ep. 37 | Best Valid: 0.79/1.09/37.41 | Ep. 35
Time elapsed: 3.22 min
Epoch: 038/200 | Batch 0000/0241 | Loss: 0.1707
Epoch: 038/200 | Batch 0050/0241 | Loss: 0.1407
Epoch: 038/200 | Batch 0100/0241 | Loss: 0.1469
Epoch: 038/200 | Batch 0150/0241 | Loss: 0.1409
Epoch: 038/200 | Batch 0200/0241 | Loss: 0.1332
MAE/RMSE/ACC: Current Valid: 0.82/1.12/37.41 Ep. 38 | Best Valid: 0.79/1.09/37.41 | Ep. 35
Time elapsed: 3.30 min
Epoch: 039/200 | Batch 0000/0241 | Loss: 0.1664
Epoch: 039/200 | Batch 0050/0241 | Loss: 0.1440
Epoch: 039/200 | Batch 0100/0241 | Loss: 0.1500
Epoch: 039/200 | Batch 0150/0241 | Loss: 0.1412
Epoch: 039/200 | Batch 0200/0241 | Loss: 0.1321
MAE/RMSE/ACC: Current Valid: 0.79/1.09/37.41 Ep. 39 | Best Valid: 0.79/1.09/37.41 | Ep. 35
Time elapsed: 3.37 min
Epoch: 040/200 | Batch 0000/0241 | Loss: 0.1689
Epoch: 040/200 | Batch 0050/0241 | Loss: 0.1348
Epoch: 040/200 | Batch 0100/0241 | Loss: 0.1477
Epoch: 040/200 | Batch 0150/0241 | Loss: 0.1335
Epoch: 040/200 | Batch 0200/0241 | Loss: 0.1409
MAE/RMSE/ACC: Current Valid: 0.86/1.18/37.41 Ep. 40 | Best Valid: 0.79/1.09/37.41 | Ep. 35
Time elapsed: 3.45 min
Epoch: 041/200 | Batch 0000/0241 | Loss: 0.1647
Epoch: 041/200 | Batch 0050/0241 | Loss: 0.1404
Epoch: 041/200 | Batch 0100/0241 | Loss: 0.1444
Epoch: 041/200 | Batch 0150/0241 | Loss: 0.1381
Epoch: 041/200 | Batch 0200/0241 | Loss: 0.1338
MAE/RMSE/ACC: Current Valid: 0.84/1.15/37.41 Ep. 41 | Best Valid: 0.79/1.09/37.41 | Ep. 35
Time elapsed: 3.53 min
Epoch: 042/200 | Batch 0000/0241 | Loss: 0.1596
Epoch: 042/200 | Batch 0050/0241 | Loss: 0.1238
Epoch: 042/200 | Batch 0100/0241 | Loss: 0.1462
Epoch: 042/200 | Batch 0150/0241 | Loss: 0.1472
Epoch: 042/200 | Batch 0200/0241 | Loss: 0.1538
MAE/RMSE/ACC: Current Valid: 0.84/1.14/37.41 Ep. 42 | Best Valid: 0.79/1.09/37.41 | Ep. 35
Time elapsed: 3.61 min
Epoch: 043/200 | Batch 0000/0241 | Loss: 0.1692
Epoch: 043/200 | Batch 0050/0241 | Loss: 0.1456
Epoch: 043/200 | Batch 0100/0241 | Loss: 0.1486
Epoch: 043/200 | Batch 0150/0241 | Loss: 0.1364
Epoch: 043/200 | Batch 0200/0241 | Loss: 0.1319
MAE/RMSE/ACC: Current Valid: 0.85/1.18/37.41 Ep. 43 | Best Valid: 0.79/1.09/37.41 | Ep. 35
Time elapsed: 3.68 min
Epoch: 044/200 | Batch 0000/0241 | Loss: 0.1788
Epoch: 044/200 | Batch 0050/0241 | Loss: 0.1288
Epoch: 044/200 | Batch 0100/0241 | Loss: 0.1479
Epoch: 044/200 | Batch 0150/0241 | Loss: 0.1374
Epoch: 044/200 | Batch 0200/0241 | Loss: 0.1610
MAE/RMSE/ACC: Current Valid: 0.82/1.12/37.41 Ep. 44 | Best Valid: 0.79/1.09/37.41 | Ep. 35
Time elapsed: 3.76 min
Epoch: 045/200 | Batch 0000/0241 | Loss: 0.1661
Epoch: 045/200 | Batch 0050/0241 | Loss: 0.1320
Epoch: 045/200 | Batch 0100/0241 | Loss: 0.1405
Epoch: 045/200 | Batch 0150/0241 | Loss: 0.1324
Epoch: 045/200 | Batch 0200/0241 | Loss: 0.1528
MAE/RMSE/ACC: Current Valid: 0.83/1.14/37.41 Ep. 45 | Best Valid: 0.79/1.09/37.41 | Ep. 35
Time elapsed: 3.84 min
Epoch: 046/200 | Batch 0000/0241 | Loss: 0.1655
Epoch: 046/200 | Batch 0050/0241 | Loss: 0.1400
Epoch: 046/200 | Batch 0100/0241 | Loss: 0.1663
Epoch: 046/200 | Batch 0150/0241 | Loss: 0.1289
Epoch: 046/200 | Batch 0200/0241 | Loss: 0.1535
MAE/RMSE/ACC: Current Valid: 0.89/1.23/37.41 Ep. 46 | Best Valid: 0.79/1.09/37.41 | Ep. 35
Time elapsed: 3.92 min
Epoch: 047/200 | Batch 0000/0241 | Loss: 0.1794
Epoch: 047/200 | Batch 0050/0241 | Loss: 0.1441
Epoch: 047/200 | Batch 0100/0241 | Loss: 0.1512
Epoch: 047/200 | Batch 0150/0241 | Loss: 0.1346
Epoch: 047/200 | Batch 0200/0241 | Loss: 0.1480
MAE/RMSE/ACC: Current Valid: 0.83/1.15/37.41 Ep. 47 | Best Valid: 0.79/1.09/37.41 | Ep. 35
Time elapsed: 4.00 min
Epoch: 048/200 | Batch 0000/0241 | Loss: 0.1638
Epoch: 048/200 | Batch 0050/0241 | Loss: 0.1290
Epoch: 048/200 | Batch 0100/0241 | Loss: 0.1513
Epoch: 048/200 | Batch 0150/0241 | Loss: 0.1394
Epoch: 048/200 | Batch 0200/0241 | Loss: 0.1311
MAE/RMSE/ACC: Current Valid: 0.83/1.15/37.41 Ep. 48 | Best Valid: 0.79/1.09/37.41 | Ep. 35
Time elapsed: 4.08 min
Epoch: 049/200 | Batch 0000/0241 | Loss: 0.1686
Epoch: 049/200 | Batch 0050/0241 | Loss: 0.1484
Epoch: 049/200 | Batch 0100/0241 | Loss: 0.1472
Epoch: 049/200 | Batch 0150/0241 | Loss: 0.1415
Epoch: 049/200 | Batch 0200/0241 | Loss: 0.1567
MAE/RMSE/ACC: Current Valid: 0.82/1.13/37.41 Ep. 49 | Best Valid: 0.79/1.09/37.41 | Ep. 35
Time elapsed: 4.16 min
Epoch: 050/200 | Batch 0000/0241 | Loss: 0.1600
Epoch: 050/200 | Batch 0050/0241 | Loss: 0.1393
Epoch: 050/200 | Batch 0100/0241 | Loss: 0.1632
Epoch: 050/200 | Batch 0150/0241 | Loss: 0.1393
Epoch: 050/200 | Batch 0200/0241 | Loss: 0.1537
MAE/RMSE/ACC: Current Valid: 0.79/1.09/37.41 Ep. 50 | Best Valid: 0.79/1.09/37.41 | Ep. 35
Time elapsed: 4.24 min
Epoch: 051/200 | Batch 0000/0241 | Loss: 0.1691
Epoch: 051/200 | Batch 0050/0241 | Loss: 0.1282
Epoch: 051/200 | Batch 0100/0241 | Loss: 0.1545
Epoch: 051/200 | Batch 0150/0241 | Loss: 0.1346
Epoch: 051/200 | Batch 0200/0241 | Loss: 0.1385
MAE/RMSE/ACC: Current Valid: 0.79/1.09/37.41 Ep. 51 | Best Valid: 0.79/1.09/37.41 | Ep. 35
Time elapsed: 4.32 min
Epoch: 052/200 | Batch 0000/0241 | Loss: 0.1665
Epoch: 052/200 | Batch 0050/0241 | Loss: 0.1233
Epoch: 052/200 | Batch 0100/0241 | Loss: 0.1548
Epoch: 052/200 | Batch 0150/0241 | Loss: 0.1393
Epoch: 052/200 | Batch 0200/0241 | Loss: 0.1391
MAE/RMSE/ACC: Current Valid: 0.82/1.14/37.41 Ep. 52 | Best Valid: 0.79/1.09/37.41 | Ep. 35
Time elapsed: 4.41 min
Epoch: 053/200 | Batch 0000/0241 | Loss: 0.1546
Epoch: 053/200 | Batch 0050/0241 | Loss: 0.1396
Epoch: 053/200 | Batch 0100/0241 | Loss: 0.1500
Epoch: 053/200 | Batch 0150/0241 | Loss: 0.1375
Epoch: 053/200 | Batch 0200/0241 | Loss: 0.1435
MAE/RMSE/ACC: Current Valid: 0.83/1.14/37.41 Ep. 53 | Best Valid: 0.79/1.09/37.41 | Ep. 35
Time elapsed: 4.48 min
Epoch: 054/200 | Batch 0000/0241 | Loss: 0.1703
Epoch: 054/200 | Batch 0050/0241 | Loss: 0.1350
Epoch: 054/200 | Batch 0100/0241 | Loss: 0.1473
Epoch: 054/200 | Batch 0150/0241 | Loss: 0.1365
Epoch: 054/200 | Batch 0200/0241 | Loss: 0.1462
MAE/RMSE/ACC: Current Valid: 0.88/1.21/37.41 Ep. 54 | Best Valid: 0.79/1.09/37.41 | Ep. 35
Time elapsed: 4.56 min
Epoch: 055/200 | Batch 0000/0241 | Loss: 0.1684
Epoch: 055/200 | Batch 0050/0241 | Loss: 0.1341
Epoch: 055/200 | Batch 0100/0241 | Loss: 0.1377
Epoch: 055/200 | Batch 0150/0241 | Loss: 0.1350
Epoch: 055/200 | Batch 0200/0241 | Loss: 0.1305
MAE/RMSE/ACC: Current Valid: 0.83/1.13/37.41 Ep. 55 | Best Valid: 0.79/1.09/37.41 | Ep. 35
Time elapsed: 4.64 min
Epoch: 056/200 | Batch 0000/0241 | Loss: 0.1546
Epoch: 056/200 | Batch 0050/0241 | Loss: 0.1270
Epoch: 056/200 | Batch 0100/0241 | Loss: 0.1483
Epoch: 056/200 | Batch 0150/0241 | Loss: 0.1383
Epoch: 056/200 | Batch 0200/0241 | Loss: 0.1471
MAE/RMSE/ACC: Current Valid: 0.88/1.21/37.41 Ep. 56 | Best Valid: 0.79/1.09/37.41 | Ep. 35
Time elapsed: 4.72 min
Epoch: 057/200 | Batch 0000/0241 | Loss: 0.1666
Epoch: 057/200 | Batch 0050/0241 | Loss: 0.1328
Epoch: 057/200 | Batch 0100/0241 | Loss: 0.1464
Epoch: 057/200 | Batch 0150/0241 | Loss: 0.1385
Epoch: 057/200 | Batch 0200/0241 | Loss: 0.1394
MAE/RMSE/ACC: Current Valid: 0.81/1.13/37.41 Ep. 57 | Best Valid: 0.79/1.09/37.41 | Ep. 35
Time elapsed: 4.80 min
Epoch: 058/200 | Batch 0000/0241 | Loss: 0.1580
Epoch: 058/200 | Batch 0050/0241 | Loss: 0.1308
Epoch: 058/200 | Batch 0100/0241 | Loss: 0.1610
Epoch: 058/200 | Batch 0150/0241 | Loss: 0.1380
Epoch: 058/200 | Batch 0200/0241 | Loss: 0.1253
MAE/RMSE/ACC: Current Valid: 0.87/1.19/37.41 Ep. 58 | Best Valid: 0.79/1.09/37.41 | Ep. 35
Time elapsed: 4.87 min
Epoch: 059/200 | Batch 0000/0241 | Loss: 0.1608
Epoch: 059/200 | Batch 0050/0241 | Loss: 0.1435
Epoch: 059/200 | Batch 0100/0241 | Loss: 0.1490
Epoch: 059/200 | Batch 0150/0241 | Loss: 0.1471
Epoch: 059/200 | Batch 0200/0241 | Loss: 0.1379
MAE/RMSE/ACC: Current Valid: 0.82/1.13/37.41 Ep. 59 | Best Valid: 0.79/1.09/37.41 | Ep. 35
Time elapsed: 4.95 min
Epoch: 060/200 | Batch 0000/0241 | Loss: 0.1598
Epoch: 060/200 | Batch 0050/0241 | Loss: 0.1461
Epoch: 060/200 | Batch 0100/0241 | Loss: 0.1439
Epoch: 060/200 | Batch 0150/0241 | Loss: 0.1313
Epoch: 060/200 | Batch 0200/0241 | Loss: 0.1416
MAE/RMSE/ACC: Current Valid: 0.86/1.19/37.41 Ep. 60 | Best Valid: 0.79/1.09/37.41 | Ep. 35
Time elapsed: 5.02 min
Epoch: 061/200 | Batch 0000/0241 | Loss: 0.1746
Epoch: 061/200 | Batch 0050/0241 | Loss: 0.1390
Epoch: 061/200 | Batch 0100/0241 | Loss: 0.1611
Epoch: 061/200 | Batch 0150/0241 | Loss: 0.1433
Epoch: 061/200 | Batch 0200/0241 | Loss: 0.1254
MAE/RMSE/ACC: Current Valid: 0.89/1.21/37.41 Ep. 61 | Best Valid: 0.79/1.09/37.41 | Ep. 35
Time elapsed: 5.10 min
Epoch: 062/200 | Batch 0000/0241 | Loss: 0.1673
Epoch: 062/200 | Batch 0050/0241 | Loss: 0.1304
Epoch: 062/200 | Batch 0100/0241 | Loss: 0.1630
Epoch: 062/200 | Batch 0150/0241 | Loss: 0.1417
Epoch: 062/200 | Batch 0200/0241 | Loss: 0.1422
MAE/RMSE/ACC: Current Valid: 0.83/1.14/37.41 Ep. 62 | Best Valid: 0.79/1.09/37.41 | Ep. 35
Time elapsed: 5.18 min
Epoch: 063/200 | Batch 0000/0241 | Loss: 0.1633
Epoch: 063/200 | Batch 0050/0241 | Loss: 0.1400
Epoch: 063/200 | Batch 0100/0241 | Loss: 0.1551
Epoch: 063/200 | Batch 0150/0241 | Loss: 0.1445
Epoch: 063/200 | Batch 0200/0241 | Loss: 0.1514
MAE/RMSE/ACC: Current Valid: 0.78/1.08/38.88 Ep. 63 | Best Valid: 0.78/1.08/38.88 | Ep. 63
Time elapsed: 5.25 min
Epoch: 064/200 | Batch 0000/0241 | Loss: 0.1499
Epoch: 064/200 | Batch 0050/0241 | Loss: 0.1358
Epoch: 064/200 | Batch 0100/0241 | Loss: 0.1544
Epoch: 064/200 | Batch 0150/0241 | Loss: 0.1257
Epoch: 064/200 | Batch 0200/0241 | Loss: 0.1463
MAE/RMSE/ACC: Current Valid: 0.84/1.14/38.88 Ep. 64 | Best Valid: 0.78/1.08/38.88 | Ep. 63
Time elapsed: 5.33 min
Epoch: 065/200 | Batch 0000/0241 | Loss: 0.1781
Epoch: 065/200 | Batch 0050/0241 | Loss: 0.1360
Epoch: 065/200 | Batch 0100/0241 | Loss: 0.1510
Epoch: 065/200 | Batch 0150/0241 | Loss: 0.1328
Epoch: 065/200 | Batch 0200/0241 | Loss: 0.1474
MAE/RMSE/ACC: Current Valid: 0.90/1.24/38.88 Ep. 65 | Best Valid: 0.78/1.08/38.88 | Ep. 63
Time elapsed: 5.41 min
Epoch: 066/200 | Batch 0000/0241 | Loss: 0.1754
Epoch: 066/200 | Batch 0050/0241 | Loss: 0.1435
Epoch: 066/200 | Batch 0100/0241 | Loss: 0.1544
Epoch: 066/200 | Batch 0150/0241 | Loss: 0.1450
Epoch: 066/200 | Batch 0200/0241 | Loss: 0.1423
MAE/RMSE/ACC: Current Valid: 0.89/1.22/38.88 Ep. 66 | Best Valid: 0.78/1.08/38.88 | Ep. 63
Time elapsed: 5.48 min
Epoch: 067/200 | Batch 0000/0241 | Loss: 0.1635
Epoch: 067/200 | Batch 0050/0241 | Loss: 0.1384
Epoch: 067/200 | Batch 0100/0241 | Loss: 0.1604
Epoch: 067/200 | Batch 0150/0241 | Loss: 0.1451
Epoch: 067/200 | Batch 0200/0241 | Loss: 0.1372
MAE/RMSE/ACC: Current Valid: 0.82/1.15/38.88 Ep. 67 | Best Valid: 0.78/1.08/38.88 | Ep. 63
Time elapsed: 5.56 min
Epoch: 068/200 | Batch 0000/0241 | Loss: 0.1646
Epoch: 068/200 | Batch 0050/0241 | Loss: 0.1279
Epoch: 068/200 | Batch 0100/0241 | Loss: 0.1400
Epoch: 068/200 | Batch 0150/0241 | Loss: 0.1433
Epoch: 068/200 | Batch 0200/0241 | Loss: 0.1363
MAE/RMSE/ACC: Current Valid: 0.80/1.11/38.88 Ep. 68 | Best Valid: 0.78/1.08/38.88 | Ep. 63
Time elapsed: 5.63 min
Epoch: 069/200 | Batch 0000/0241 | Loss: 0.1682
Epoch: 069/200 | Batch 0050/0241 | Loss: 0.1282
Epoch: 069/200 | Batch 0100/0241 | Loss: 0.1528
Epoch: 069/200 | Batch 0150/0241 | Loss: 0.1457
Epoch: 069/200 | Batch 0200/0241 | Loss: 0.1404
MAE/RMSE/ACC: Current Valid: 0.83/1.15/38.88 Ep. 69 | Best Valid: 0.78/1.08/38.88 | Ep. 63
Time elapsed: 5.71 min
Epoch: 070/200 | Batch 0000/0241 | Loss: 0.1776
Epoch: 070/200 | Batch 0050/0241 | Loss: 0.1390
Epoch: 070/200 | Batch 0100/0241 | Loss: 0.1477
Epoch: 070/200 | Batch 0150/0241 | Loss: 0.1422
Epoch: 070/200 | Batch 0200/0241 | Loss: 0.1360
MAE/RMSE/ACC: Current Valid: 0.91/1.25/38.88 Ep. 70 | Best Valid: 0.78/1.08/38.88 | Ep. 63
Time elapsed: 5.78 min
Epoch: 071/200 | Batch 0000/0241 | Loss: 0.1599
Epoch: 071/200 | Batch 0050/0241 | Loss: 0.1318
Epoch: 071/200 | Batch 0100/0241 | Loss: 0.1498
Epoch: 071/200 | Batch 0150/0241 | Loss: 0.1459
Epoch: 071/200 | Batch 0200/0241 | Loss: 0.1453
MAE/RMSE/ACC: Current Valid: 0.87/1.18/38.88 Ep. 71 | Best Valid: 0.78/1.08/38.88 | Ep. 63
Time elapsed: 5.86 min
Epoch: 072/200 | Batch 0000/0241 | Loss: 0.1615
Epoch: 072/200 | Batch 0050/0241 | Loss: 0.1320
Epoch: 072/200 | Batch 0100/0241 | Loss: 0.1484
Epoch: 072/200 | Batch 0150/0241 | Loss: 0.1556
Epoch: 072/200 | Batch 0200/0241 | Loss: 0.1399
MAE/RMSE/ACC: Current Valid: 0.88/1.21/38.88 Ep. 72 | Best Valid: 0.78/1.08/38.88 | Ep. 63
Time elapsed: 5.93 min
Epoch: 073/200 | Batch 0000/0241 | Loss: 0.1767
Epoch: 073/200 | Batch 0050/0241 | Loss: 0.1388
Epoch: 073/200 | Batch 0100/0241 | Loss: 0.1495
Epoch: 073/200 | Batch 0150/0241 | Loss: 0.1491
Epoch: 073/200 | Batch 0200/0241 | Loss: 0.1379
MAE/RMSE/ACC: Current Valid: 0.84/1.14/38.88 Ep. 73 | Best Valid: 0.78/1.08/38.88 | Ep. 63
Time elapsed: 6.00 min
Epoch: 074/200 | Batch 0000/0241 | Loss: 0.1599
Epoch: 074/200 | Batch 0050/0241 | Loss: 0.1402
Epoch: 074/200 | Batch 0100/0241 | Loss: 0.1644
Epoch: 074/200 | Batch 0150/0241 | Loss: 0.1305
Epoch: 074/200 | Batch 0200/0241 | Loss: 0.1360
MAE/RMSE/ACC: Current Valid: 0.90/1.22/38.88 Ep. 74 | Best Valid: 0.78/1.08/38.88 | Ep. 63
Time elapsed: 6.08 min
Epoch: 075/200 | Batch 0000/0241 | Loss: 0.1611
Epoch: 075/200 | Batch 0050/0241 | Loss: 0.1422
Epoch: 075/200 | Batch 0100/0241 | Loss: 0.1450
Epoch: 075/200 | Batch 0150/0241 | Loss: 0.1315
Epoch: 075/200 | Batch 0200/0241 | Loss: 0.1380
MAE/RMSE/ACC: Current Valid: 0.86/1.17/38.88 Ep. 75 | Best Valid: 0.78/1.08/38.88 | Ep. 63
Time elapsed: 6.17 min
Epoch: 076/200 | Batch 0000/0241 | Loss: 0.1749
Epoch: 076/200 | Batch 0050/0241 | Loss: 0.1320
Epoch: 076/200 | Batch 0100/0241 | Loss: 0.1396
Epoch: 076/200 | Batch 0150/0241 | Loss: 0.1340
Epoch: 076/200 | Batch 0200/0241 | Loss: 0.1299
MAE/RMSE/ACC: Current Valid: 0.79/1.09/38.88 Ep. 76 | Best Valid: 0.78/1.08/38.88 | Ep. 63
Time elapsed: 6.26 min
Epoch: 077/200 | Batch 0000/0241 | Loss: 0.1618
Epoch: 077/200 | Batch 0050/0241 | Loss: 0.1347
Epoch: 077/200 | Batch 0100/0241 | Loss: 0.1475
Epoch: 077/200 | Batch 0150/0241 | Loss: 0.1403
Epoch: 077/200 | Batch 0200/0241 | Loss: 0.1399
MAE/RMSE/ACC: Current Valid: 0.88/1.20/38.88 Ep. 77 | Best Valid: 0.78/1.08/38.88 | Ep. 63
Time elapsed: 6.34 min
Epoch: 078/200 | Batch 0000/0241 | Loss: 0.1730
Epoch: 078/200 | Batch 0050/0241 | Loss: 0.1371
Epoch: 078/200 | Batch 0100/0241 | Loss: 0.1535
Epoch: 078/200 | Batch 0150/0241 | Loss: 0.1363
Epoch: 078/200 | Batch 0200/0241 | Loss: 0.1275
MAE/RMSE/ACC: Current Valid: 0.85/1.17/38.88 Ep. 78 | Best Valid: 0.78/1.08/38.88 | Ep. 63
Time elapsed: 6.43 min
Epoch: 079/200 | Batch 0000/0241 | Loss: 0.1655
Epoch: 079/200 | Batch 0050/0241 | Loss: 0.1430
Epoch: 079/200 | Batch 0100/0241 | Loss: 0.1390
Epoch: 079/200 | Batch 0150/0241 | Loss: 0.1434
Epoch: 079/200 | Batch 0200/0241 | Loss: 0.1408
MAE/RMSE/ACC: Current Valid: 0.83/1.15/38.88 Ep. 79 | Best Valid: 0.78/1.08/38.88 | Ep. 63
Time elapsed: 6.52 min
Epoch: 080/200 | Batch 0000/0241 | Loss: 0.1727
Epoch: 080/200 | Batch 0050/0241 | Loss: 0.1542
Epoch: 080/200 | Batch 0100/0241 | Loss: 0.1481
Epoch: 080/200 | Batch 0150/0241 | Loss: 0.1359
Epoch: 080/200 | Batch 0200/0241 | Loss: 0.1306
MAE/RMSE/ACC: Current Valid: 0.85/1.17/38.88 Ep. 80 | Best Valid: 0.78/1.08/38.88 | Ep. 63
Time elapsed: 6.60 min
Epoch: 081/200 | Batch 0000/0241 | Loss: 0.1738
Epoch: 081/200 | Batch 0050/0241 | Loss: 0.1347
Epoch: 081/200 | Batch 0100/0241 | Loss: 0.1596
Epoch: 081/200 | Batch 0150/0241 | Loss: 0.1404
Epoch: 081/200 | Batch 0200/0241 | Loss: 0.1470
MAE/RMSE/ACC: Current Valid: 0.91/1.26/38.88 Ep. 81 | Best Valid: 0.78/1.08/38.88 | Ep. 63
Time elapsed: 6.67 min
Epoch: 082/200 | Batch 0000/0241 | Loss: 0.1734
Epoch: 082/200 | Batch 0050/0241 | Loss: 0.1422
Epoch: 082/200 | Batch 0100/0241 | Loss: 0.1503
Epoch: 082/200 | Batch 0150/0241 | Loss: 0.1391
Epoch: 082/200 | Batch 0200/0241 | Loss: 0.1441
MAE/RMSE/ACC: Current Valid: 0.87/1.19/38.88 Ep. 82 | Best Valid: 0.78/1.08/38.88 | Ep. 63
Time elapsed: 6.75 min
Epoch: 083/200 | Batch 0000/0241 | Loss: 0.1668
Epoch: 083/200 | Batch 0050/0241 | Loss: 0.1351
Epoch: 083/200 | Batch 0100/0241 | Loss: 0.1617
Epoch: 083/200 | Batch 0150/0241 | Loss: 0.1385
Epoch: 083/200 | Batch 0200/0241 | Loss: 0.1437
MAE/RMSE/ACC: Current Valid: 0.83/1.13/38.88 Ep. 83 | Best Valid: 0.78/1.08/38.88 | Ep. 63
Time elapsed: 6.83 min
Epoch: 084/200 | Batch 0000/0241 | Loss: 0.1729
Epoch: 084/200 | Batch 0050/0241 | Loss: 0.1347
Epoch: 084/200 | Batch 0100/0241 | Loss: 0.1469
Epoch: 084/200 | Batch 0150/0241 | Loss: 0.1320
Epoch: 084/200 | Batch 0200/0241 | Loss: 0.1369
MAE/RMSE/ACC: Current Valid: 0.86/1.19/38.88 Ep. 84 | Best Valid: 0.78/1.08/38.88 | Ep. 63
Time elapsed: 6.90 min
Epoch: 085/200 | Batch 0000/0241 | Loss: 0.1610
Epoch: 085/200 | Batch 0050/0241 | Loss: 0.1358
Epoch: 085/200 | Batch 0100/0241 | Loss: 0.1508
Epoch: 085/200 | Batch 0150/0241 | Loss: 0.1434
Epoch: 085/200 | Batch 0200/0241 | Loss: 0.1381
MAE/RMSE/ACC: Current Valid: 0.81/1.11/38.88 Ep. 85 | Best Valid: 0.78/1.08/38.88 | Ep. 63
Time elapsed: 6.98 min
Epoch: 086/200 | Batch 0000/0241 | Loss: 0.1494
Epoch: 086/200 | Batch 0050/0241 | Loss: 0.1367
Epoch: 086/200 | Batch 0100/0241 | Loss: 0.1577
Epoch: 086/200 | Batch 0150/0241 | Loss: 0.1362
Epoch: 086/200 | Batch 0200/0241 | Loss: 0.1298
MAE/RMSE/ACC: Current Valid: 0.80/1.10/38.88 Ep. 86 | Best Valid: 0.78/1.08/38.88 | Ep. 63
Time elapsed: 7.05 min
Epoch: 087/200 | Batch 0000/0241 | Loss: 0.1600
Epoch: 087/200 | Batch 0050/0241 | Loss: 0.1312
Epoch: 087/200 | Batch 0100/0241 | Loss: 0.1560
Epoch: 087/200 | Batch 0150/0241 | Loss: 0.1471
Epoch: 087/200 | Batch 0200/0241 | Loss: 0.1349
MAE/RMSE/ACC: Current Valid: 0.83/1.15/38.88 Ep. 87 | Best Valid: 0.78/1.08/38.88 | Ep. 63
Time elapsed: 7.12 min
Epoch: 088/200 | Batch 0000/0241 | Loss: 0.1623
Epoch: 088/200 | Batch 0050/0241 | Loss: 0.1252
Epoch: 088/200 | Batch 0100/0241 | Loss: 0.1544
Epoch: 088/200 | Batch 0150/0241 | Loss: 0.1330
Epoch: 088/200 | Batch 0200/0241 | Loss: 0.1450
MAE/RMSE/ACC: Current Valid: 0.82/1.13/38.88 Ep. 88 | Best Valid: 0.78/1.08/38.88 | Ep. 63
Time elapsed: 7.20 min
Epoch: 089/200 | Batch 0000/0241 | Loss: 0.1579
Epoch: 089/200 | Batch 0050/0241 | Loss: 0.1271
Epoch: 089/200 | Batch 0100/0241 | Loss: 0.1515
Epoch: 089/200 | Batch 0150/0241 | Loss: 0.1395
Epoch: 089/200 | Batch 0200/0241 | Loss: 0.1457
MAE/RMSE/ACC: Current Valid: 0.83/1.13/38.88 Ep. 89 | Best Valid: 0.78/1.08/38.88 | Ep. 63
Time elapsed: 7.27 min
Epoch: 090/200 | Batch 0000/0241 | Loss: 0.1746
Epoch: 090/200 | Batch 0050/0241 | Loss: 0.1342
Epoch: 090/200 | Batch 0100/0241 | Loss: 0.1483
Epoch: 090/200 | Batch 0150/0241 | Loss: 0.1377
Epoch: 090/200 | Batch 0200/0241 | Loss: 0.1383
MAE/RMSE/ACC: Current Valid: 0.80/1.11/38.88 Ep. 90 | Best Valid: 0.78/1.08/38.88 | Ep. 63
Time elapsed: 7.35 min
Epoch: 091/200 | Batch 0000/0241 | Loss: 0.1583
Epoch: 091/200 | Batch 0050/0241 | Loss: 0.1354
Epoch: 091/200 | Batch 0100/0241 | Loss: 0.1513
Epoch: 091/200 | Batch 0150/0241 | Loss: 0.1322
Epoch: 091/200 | Batch 0200/0241 | Loss: 0.1341
MAE/RMSE/ACC: Current Valid: 0.90/1.22/38.88 Ep. 91 | Best Valid: 0.78/1.08/38.88 | Ep. 63
Time elapsed: 7.42 min
Epoch: 092/200 | Batch 0000/0241 | Loss: 0.1654
Epoch: 092/200 | Batch 0050/0241 | Loss: 0.1300
Epoch: 092/200 | Batch 0100/0241 | Loss: 0.1602
Epoch: 092/200 | Batch 0150/0241 | Loss: 0.1439
Epoch: 092/200 | Batch 0200/0241 | Loss: 0.1429
MAE/RMSE/ACC: Current Valid: 0.86/1.18/38.88 Ep. 92 | Best Valid: 0.78/1.08/38.88 | Ep. 63
Time elapsed: 7.50 min
Epoch: 093/200 | Batch 0000/0241 | Loss: 0.1559
Epoch: 093/200 | Batch 0050/0241 | Loss: 0.1320
Epoch: 093/200 | Batch 0100/0241 | Loss: 0.1486
Epoch: 093/200 | Batch 0150/0241 | Loss: 0.1216
Epoch: 093/200 | Batch 0200/0241 | Loss: 0.1438
MAE/RMSE/ACC: Current Valid: 0.84/1.14/38.88 Ep. 93 | Best Valid: 0.78/1.08/38.88 | Ep. 63
Time elapsed: 7.58 min
Epoch: 094/200 | Batch 0000/0241 | Loss: 0.1791
Epoch: 094/200 | Batch 0050/0241 | Loss: 0.1300
Epoch: 094/200 | Batch 0100/0241 | Loss: 0.1501
Epoch: 094/200 | Batch 0150/0241 | Loss: 0.1339
Epoch: 094/200 | Batch 0200/0241 | Loss: 0.1457
MAE/RMSE/ACC: Current Valid: 0.91/1.23/38.88 Ep. 94 | Best Valid: 0.78/1.08/38.88 | Ep. 63
Time elapsed: 7.66 min
Epoch: 095/200 | Batch 0000/0241 | Loss: 0.1665
Epoch: 095/200 | Batch 0050/0241 | Loss: 0.1364
Epoch: 095/200 | Batch 0100/0241 | Loss: 0.1491
Epoch: 095/200 | Batch 0150/0241 | Loss: 0.1372
Epoch: 095/200 | Batch 0200/0241 | Loss: 0.1377
MAE/RMSE/ACC: Current Valid: 0.92/1.25/38.88 Ep. 95 | Best Valid: 0.78/1.08/38.88 | Ep. 63
Time elapsed: 7.74 min
Epoch: 096/200 | Batch 0000/0241 | Loss: 0.1573
Epoch: 096/200 | Batch 0050/0241 | Loss: 0.1389
Epoch: 096/200 | Batch 0100/0241 | Loss: 0.1648
Epoch: 096/200 | Batch 0150/0241 | Loss: 0.1403
Epoch: 096/200 | Batch 0200/0241 | Loss: 0.1487
MAE/RMSE/ACC: Current Valid: 0.81/1.11/38.88 Ep. 96 | Best Valid: 0.78/1.08/38.88 | Ep. 63
Time elapsed: 7.82 min
Epoch: 097/200 | Batch 0000/0241 | Loss: 0.1678
Epoch: 097/200 | Batch 0050/0241 | Loss: 0.1338
Epoch: 097/200 | Batch 0100/0241 | Loss: 0.1471
Epoch: 097/200 | Batch 0150/0241 | Loss: 0.1426
Epoch: 097/200 | Batch 0200/0241 | Loss: 0.1462
MAE/RMSE/ACC: Current Valid: 0.83/1.16/38.88 Ep. 97 | Best Valid: 0.78/1.08/38.88 | Ep. 63
Time elapsed: 7.90 min
Epoch: 098/200 | Batch 0000/0241 | Loss: 0.1693
Epoch: 098/200 | Batch 0050/0241 | Loss: 0.1414
Epoch: 098/200 | Batch 0100/0241 | Loss: 0.1575
Epoch: 098/200 | Batch 0150/0241 | Loss: 0.1456
Epoch: 098/200 | Batch 0200/0241 | Loss: 0.1439
MAE/RMSE/ACC: Current Valid: 0.81/1.12/38.88 Ep. 98 | Best Valid: 0.78/1.08/38.88 | Ep. 63
Time elapsed: 7.98 min
Epoch: 099/200 | Batch 0000/0241 | Loss: 0.1662
Epoch: 099/200 | Batch 0050/0241 | Loss: 0.1334
Epoch: 099/200 | Batch 0100/0241 | Loss: 0.1560
Epoch: 099/200 | Batch 0150/0241 | Loss: 0.1443
Epoch: 099/200 | Batch 0200/0241 | Loss: 0.1268
MAE/RMSE/ACC: Current Valid: 0.87/1.20/38.88 Ep. 99 | Best Valid: 0.78/1.08/38.88 | Ep. 63
Time elapsed: 8.05 min
Epoch: 100/200 | Batch 0000/0241 | Loss: 0.1688
Epoch: 100/200 | Batch 0050/0241 | Loss: 0.1406
Epoch: 100/200 | Batch 0100/0241 | Loss: 0.1472
Epoch: 100/200 | Batch 0150/0241 | Loss: 0.1388
Epoch: 100/200 | Batch 0200/0241 | Loss: 0.1484
MAE/RMSE/ACC: Current Valid: 0.84/1.15/38.88 Ep. 100 | Best Valid: 0.78/1.08/38.88 | Ep. 63
Time elapsed: 8.14 min
Epoch: 101/200 | Batch 0000/0241 | Loss: 0.1703
Epoch: 101/200 | Batch 0050/0241 | Loss: 0.1379
Epoch: 101/200 | Batch 0100/0241 | Loss: 0.1576
Epoch: 101/200 | Batch 0150/0241 | Loss: 0.1331
Epoch: 101/200 | Batch 0200/0241 | Loss: 0.1351
MAE/RMSE/ACC: Current Valid: 0.81/1.12/38.88 Ep. 101 | Best Valid: 0.78/1.08/38.88 | Ep. 63
Time elapsed: 8.22 min
Epoch: 102/200 | Batch 0000/0241 | Loss: 0.1708
Epoch: 102/200 | Batch 0050/0241 | Loss: 0.1290
Epoch: 102/200 | Batch 0100/0241 | Loss: 0.1502
Epoch: 102/200 | Batch 0150/0241 | Loss: 0.1368
Epoch: 102/200 | Batch 0200/0241 | Loss: 0.1487
MAE/RMSE/ACC: Current Valid: 0.80/1.10/38.88 Ep. 102 | Best Valid: 0.78/1.08/38.88 | Ep. 63
Time elapsed: 8.30 min
Epoch: 103/200 | Batch 0000/0241 | Loss: 0.1734
Epoch: 103/200 | Batch 0050/0241 | Loss: 0.1312
Epoch: 103/200 | Batch 0100/0241 | Loss: 0.1551
Epoch: 103/200 | Batch 0150/0241 | Loss: 0.1402
Epoch: 103/200 | Batch 0200/0241 | Loss: 0.1316
MAE/RMSE/ACC: Current Valid: 0.82/1.12/38.88 Ep. 103 | Best Valid: 0.78/1.08/38.88 | Ep. 63
Time elapsed: 8.37 min
Epoch: 104/200 | Batch 0000/0241 | Loss: 0.1611
Epoch: 104/200 | Batch 0050/0241 | Loss: 0.1270
Epoch: 104/200 | Batch 0100/0241 | Loss: 0.1448
Epoch: 104/200 | Batch 0150/0241 | Loss: 0.1429
Epoch: 104/200 | Batch 0200/0241 | Loss: 0.1430
MAE/RMSE/ACC: Current Valid: 0.81/1.11/38.88 Ep. 104 | Best Valid: 0.78/1.08/38.88 | Ep. 63
Time elapsed: 8.45 min
Epoch: 105/200 | Batch 0000/0241 | Loss: 0.1532
Epoch: 105/200 | Batch 0050/0241 | Loss: 0.1403
Epoch: 105/200 | Batch 0100/0241 | Loss: 0.1524
Epoch: 105/200 | Batch 0150/0241 | Loss: 0.1383
Epoch: 105/200 | Batch 0200/0241 | Loss: 0.1320
MAE/RMSE/ACC: Current Valid: 0.81/1.11/38.88 Ep. 105 | Best Valid: 0.78/1.08/38.88 | Ep. 63
Time elapsed: 8.53 min
Epoch: 106/200 | Batch 0000/0241 | Loss: 0.1683
Epoch: 106/200 | Batch 0050/0241 | Loss: 0.1343
Epoch: 106/200 | Batch 0100/0241 | Loss: 0.1514
Epoch: 106/200 | Batch 0150/0241 | Loss: 0.1351
Epoch: 106/200 | Batch 0200/0241 | Loss: 0.1334
MAE/RMSE/ACC: Current Valid: 0.83/1.14/38.88 Ep. 106 | Best Valid: 0.78/1.08/38.88 | Ep. 63
Time elapsed: 8.60 min
Epoch: 107/200 | Batch 0000/0241 | Loss: 0.1669
Epoch: 107/200 | Batch 0050/0241 | Loss: 0.1318
Epoch: 107/200 | Batch 0100/0241 | Loss: 0.1444
Epoch: 107/200 | Batch 0150/0241 | Loss: 0.1547
Epoch: 107/200 | Batch 0200/0241 | Loss: 0.1344
MAE/RMSE/ACC: Current Valid: 0.82/1.12/38.88 Ep. 107 | Best Valid: 0.78/1.08/38.88 | Ep. 63
Time elapsed: 8.68 min
Epoch: 108/200 | Batch 0000/0241 | Loss: 0.1511
Epoch: 108/200 | Batch 0050/0241 | Loss: 0.1387
Epoch: 108/200 | Batch 0100/0241 | Loss: 0.1573
Epoch: 108/200 | Batch 0150/0241 | Loss: 0.1287
Epoch: 108/200 | Batch 0200/0241 | Loss: 0.1406
MAE/RMSE/ACC: Current Valid: 0.87/1.18/38.88 Ep. 108 | Best Valid: 0.78/1.08/38.88 | Ep. 63
Time elapsed: 8.76 min
Epoch: 109/200 | Batch 0000/0241 | Loss: 0.1767
Epoch: 109/200 | Batch 0050/0241 | Loss: 0.1332
Epoch: 109/200 | Batch 0100/0241 | Loss: 0.1432
Epoch: 109/200 | Batch 0150/0241 | Loss: 0.1372
Epoch: 109/200 | Batch 0200/0241 | Loss: 0.1417
MAE/RMSE/ACC: Current Valid: 0.80/1.11/38.88 Ep. 109 | Best Valid: 0.78/1.08/38.88 | Ep. 63
Time elapsed: 8.83 min
Epoch: 110/200 | Batch 0000/0241 | Loss: 0.1703
Epoch: 110/200 | Batch 0050/0241 | Loss: 0.1494
Epoch: 110/200 | Batch 0100/0241 | Loss: 0.1447
Epoch: 110/200 | Batch 0150/0241 | Loss: 0.1254
Epoch: 110/200 | Batch 0200/0241 | Loss: 0.1380
MAE/RMSE/ACC: Current Valid: 0.89/1.21/38.88 Ep. 110 | Best Valid: 0.78/1.08/38.88 | Ep. 63
Time elapsed: 8.91 min
Epoch: 111/200 | Batch 0000/0241 | Loss: 0.1658
Epoch: 111/200 | Batch 0050/0241 | Loss: 0.1455
Epoch: 111/200 | Batch 0100/0241 | Loss: 0.1478
Epoch: 111/200 | Batch 0150/0241 | Loss: 0.1412
Epoch: 111/200 | Batch 0200/0241 | Loss: 0.1407
MAE/RMSE/ACC: Current Valid: 0.84/1.16/38.88 Ep. 111 | Best Valid: 0.78/1.08/38.88 | Ep. 63
Time elapsed: 8.98 min
Epoch: 112/200 | Batch 0000/0241 | Loss: 0.1497
Epoch: 112/200 | Batch 0050/0241 | Loss: 0.1412
Epoch: 112/200 | Batch 0100/0241 | Loss: 0.1550
Epoch: 112/200 | Batch 0150/0241 | Loss: 0.1273
Epoch: 112/200 | Batch 0200/0241 | Loss: 0.1425
MAE/RMSE/ACC: Current Valid: 0.84/1.14/38.88 Ep. 112 | Best Valid: 0.78/1.08/38.88 | Ep. 63
Time elapsed: 9.05 min
Epoch: 113/200 | Batch 0000/0241 | Loss: 0.1654
Epoch: 113/200 | Batch 0050/0241 | Loss: 0.1315
Epoch: 113/200 | Batch 0100/0241 | Loss: 0.1387
Epoch: 113/200 | Batch 0150/0241 | Loss: 0.1366
Epoch: 113/200 | Batch 0200/0241 | Loss: 0.1426
MAE/RMSE/ACC: Current Valid: 0.82/1.14/38.88 Ep. 113 | Best Valid: 0.78/1.08/38.88 | Ep. 63
Time elapsed: 9.13 min
Epoch: 114/200 | Batch 0000/0241 | Loss: 0.1637
Epoch: 114/200 | Batch 0050/0241 | Loss: 0.1390
Epoch: 114/200 | Batch 0100/0241 | Loss: 0.1514
Epoch: 114/200 | Batch 0150/0241 | Loss: 0.1321
Epoch: 114/200 | Batch 0200/0241 | Loss: 0.1448
MAE/RMSE/ACC: Current Valid: 0.80/1.11/38.88 Ep. 114 | Best Valid: 0.78/1.08/38.88 | Ep. 63
Time elapsed: 9.20 min
Epoch: 115/200 | Batch 0000/0241 | Loss: 0.1476
Epoch: 115/200 | Batch 0050/0241 | Loss: 0.1301
Epoch: 115/200 | Batch 0100/0241 | Loss: 0.1366
Epoch: 115/200 | Batch 0150/0241 | Loss: 0.1313
Epoch: 115/200 | Batch 0200/0241 | Loss: 0.1360
MAE/RMSE/ACC: Current Valid: 0.83/1.14/38.88 Ep. 115 | Best Valid: 0.78/1.08/38.88 | Ep. 63
Time elapsed: 9.28 min
Epoch: 116/200 | Batch 0000/0241 | Loss: 0.1715
Epoch: 116/200 | Batch 0050/0241 | Loss: 0.1412
Epoch: 116/200 | Batch 0100/0241 | Loss: 0.1530
Epoch: 116/200 | Batch 0150/0241 | Loss: 0.1396
Epoch: 116/200 | Batch 0200/0241 | Loss: 0.1290
MAE/RMSE/ACC: Current Valid: 0.82/1.12/38.88 Ep. 116 | Best Valid: 0.78/1.08/38.88 | Ep. 63
Time elapsed: 9.36 min
Epoch: 117/200 | Batch 0000/0241 | Loss: 0.1487
Epoch: 117/200 | Batch 0050/0241 | Loss: 0.1390
Epoch: 117/200 | Batch 0100/0241 | Loss: 0.1482
Epoch: 117/200 | Batch 0150/0241 | Loss: 0.1355
Epoch: 117/200 | Batch 0200/0241 | Loss: 0.1481
MAE/RMSE/ACC: Current Valid: 0.80/1.10/38.88 Ep. 117 | Best Valid: 0.78/1.08/38.88 | Ep. 63
Time elapsed: 9.44 min
Epoch: 118/200 | Batch 0000/0241 | Loss: 0.1769
Epoch: 118/200 | Batch 0050/0241 | Loss: 0.1451
Epoch: 118/200 | Batch 0100/0241 | Loss: 0.1468
Epoch: 118/200 | Batch 0150/0241 | Loss: 0.1367
Epoch: 118/200 | Batch 0200/0241 | Loss: 0.1513
MAE/RMSE/ACC: Current Valid: 0.91/1.24/38.88 Ep. 118 | Best Valid: 0.78/1.08/38.88 | Ep. 63
Time elapsed: 9.52 min
Epoch: 119/200 | Batch 0000/0241 | Loss: 0.1592
Epoch: 119/200 | Batch 0050/0241 | Loss: 0.1361
Epoch: 119/200 | Batch 0100/0241 | Loss: 0.1340
Epoch: 119/200 | Batch 0150/0241 | Loss: 0.1327
Epoch: 119/200 | Batch 0200/0241 | Loss: 0.1326
MAE/RMSE/ACC: Current Valid: 0.84/1.14/38.88 Ep. 119 | Best Valid: 0.78/1.08/38.88 | Ep. 63
Time elapsed: 9.59 min
Epoch: 120/200 | Batch 0000/0241 | Loss: 0.1712
Epoch: 120/200 | Batch 0050/0241 | Loss: 0.1350
Epoch: 120/200 | Batch 0100/0241 | Loss: 0.1577
Epoch: 120/200 | Batch 0150/0241 | Loss: 0.1394
Epoch: 120/200 | Batch 0200/0241 | Loss: 0.1403
MAE/RMSE/ACC: Current Valid: 0.90/1.23/38.88 Ep. 120 | Best Valid: 0.78/1.08/38.88 | Ep. 63
Time elapsed: 9.67 min
Epoch: 121/200 | Batch 0000/0241 | Loss: 0.1642
Epoch: 121/200 | Batch 0050/0241 | Loss: 0.1306
Epoch: 121/200 | Batch 0100/0241 | Loss: 0.1521
Epoch: 121/200 | Batch 0150/0241 | Loss: 0.1316
Epoch: 121/200 | Batch 0200/0241 | Loss: 0.1317
MAE/RMSE/ACC: Current Valid: 0.86/1.18/38.88 Ep. 121 | Best Valid: 0.78/1.08/38.88 | Ep. 63
Time elapsed: 9.74 min
Epoch: 122/200 | Batch 0000/0241 | Loss: 0.1566
Epoch: 122/200 | Batch 0050/0241 | Loss: 0.1214
Epoch: 122/200 | Batch 0100/0241 | Loss: 0.1381
Epoch: 122/200 | Batch 0150/0241 | Loss: 0.1376
Epoch: 122/200 | Batch 0200/0241 | Loss: 0.1345
MAE/RMSE/ACC: Current Valid: 0.85/1.16/38.88 Ep. 122 | Best Valid: 0.78/1.08/38.88 | Ep. 63
Time elapsed: 9.81 min
Epoch: 123/200 | Batch 0000/0241 | Loss: 0.1694
Epoch: 123/200 | Batch 0050/0241 | Loss: 0.1436
Epoch: 123/200 | Batch 0100/0241 | Loss: 0.1660
Epoch: 123/200 | Batch 0150/0241 | Loss: 0.1444
Epoch: 123/200 | Batch 0200/0241 | Loss: 0.1230
MAE/RMSE/ACC: Current Valid: 0.82/1.12/38.88 Ep. 123 | Best Valid: 0.78/1.08/38.88 | Ep. 63
Time elapsed: 9.88 min
Epoch: 124/200 | Batch 0000/0241 | Loss: 0.1710
Epoch: 124/200 | Batch 0050/0241 | Loss: 0.1407
Epoch: 124/200 | Batch 0100/0241 | Loss: 0.1542
Epoch: 124/200 | Batch 0150/0241 | Loss: 0.1466
Epoch: 124/200 | Batch 0200/0241 | Loss: 0.1417
MAE/RMSE/ACC: Current Valid: 0.83/1.13/38.88 Ep. 124 | Best Valid: 0.78/1.08/38.88 | Ep. 63
Time elapsed: 9.95 min
Epoch: 125/200 | Batch 0000/0241 | Loss: 0.1749
Epoch: 125/200 | Batch 0050/0241 | Loss: 0.1334
Epoch: 125/200 | Batch 0100/0241 | Loss: 0.1423
Epoch: 125/200 | Batch 0150/0241 | Loss: 0.1497
Epoch: 125/200 | Batch 0200/0241 | Loss: 0.1454
MAE/RMSE/ACC: Current Valid: 0.91/1.25/38.88 Ep. 125 | Best Valid: 0.78/1.08/38.88 | Ep. 63
Time elapsed: 10.03 min
Epoch: 126/200 | Batch 0000/0241 | Loss: 0.1559
Epoch: 126/200 | Batch 0050/0241 | Loss: 0.1339
Epoch: 126/200 | Batch 0100/0241 | Loss: 0.1650
Epoch: 126/200 | Batch 0150/0241 | Loss: 0.1295
Epoch: 126/200 | Batch 0200/0241 | Loss: 0.1450
MAE/RMSE/ACC: Current Valid: 0.79/1.10/38.88 Ep. 126 | Best Valid: 0.78/1.08/38.88 | Ep. 63
Time elapsed: 10.10 min
Epoch: 127/200 | Batch 0000/0241 | Loss: 0.1890
Epoch: 127/200 | Batch 0050/0241 | Loss: 0.1439
Epoch: 127/200 | Batch 0100/0241 | Loss: 0.1462
Epoch: 127/200 | Batch 0150/0241 | Loss: 0.1394
Epoch: 127/200 | Batch 0200/0241 | Loss: 0.1365
MAE/RMSE/ACC: Current Valid: 0.85/1.16/38.88 Ep. 127 | Best Valid: 0.78/1.08/38.88 | Ep. 63
Time elapsed: 10.17 min
Epoch: 128/200 | Batch 0000/0241 | Loss: 0.1735
Epoch: 128/200 | Batch 0050/0241 | Loss: 0.1416
Epoch: 128/200 | Batch 0100/0241 | Loss: 0.1374
Epoch: 128/200 | Batch 0150/0241 | Loss: 0.1418
Epoch: 128/200 | Batch 0200/0241 | Loss: 0.1451
MAE/RMSE/ACC: Current Valid: 0.88/1.20/38.88 Ep. 128 | Best Valid: 0.78/1.08/38.88 | Ep. 63
Time elapsed: 10.25 min
Epoch: 129/200 | Batch 0000/0241 | Loss: 0.1686
Epoch: 129/200 | Batch 0050/0241 | Loss: 0.1338
Epoch: 129/200 | Batch 0100/0241 | Loss: 0.1475
Epoch: 129/200 | Batch 0150/0241 | Loss: 0.1383
Epoch: 129/200 | Batch 0200/0241 | Loss: 0.1294
MAE/RMSE/ACC: Current Valid: 0.82/1.14/38.88 Ep. 129 | Best Valid: 0.78/1.08/38.88 | Ep. 63
Time elapsed: 10.33 min
Epoch: 130/200 | Batch 0000/0241 | Loss: 0.1639
Epoch: 130/200 | Batch 0050/0241 | Loss: 0.1389
Epoch: 130/200 | Batch 0100/0241 | Loss: 0.1516
Epoch: 130/200 | Batch 0150/0241 | Loss: 0.1330
Epoch: 130/200 | Batch 0200/0241 | Loss: 0.1391
MAE/RMSE/ACC: Current Valid: 0.86/1.17/38.88 Ep. 130 | Best Valid: 0.78/1.08/38.88 | Ep. 63
Time elapsed: 10.41 min
Epoch: 131/200 | Batch 0000/0241 | Loss: 0.1531
Epoch: 131/200 | Batch 0050/0241 | Loss: 0.1353
Epoch: 131/200 | Batch 0100/0241 | Loss: 0.1474
Epoch: 131/200 | Batch 0150/0241 | Loss: 0.1336
Epoch: 131/200 | Batch 0200/0241 | Loss: 0.1279
MAE/RMSE/ACC: Current Valid: 0.87/1.20/38.88 Ep. 131 | Best Valid: 0.78/1.08/38.88 | Ep. 63
Time elapsed: 10.49 min
Epoch: 132/200 | Batch 0000/0241 | Loss: 0.1631
Epoch: 132/200 | Batch 0050/0241 | Loss: 0.1436
Epoch: 132/200 | Batch 0100/0241 | Loss: 0.1534
Epoch: 132/200 | Batch 0150/0241 | Loss: 0.1407
Epoch: 132/200 | Batch 0200/0241 | Loss: 0.1384
MAE/RMSE/ACC: Current Valid: 0.81/1.12/38.88 Ep. 132 | Best Valid: 0.78/1.08/38.88 | Ep. 63
Time elapsed: 10.56 min
Epoch: 133/200 | Batch 0000/0241 | Loss: 0.1443
Epoch: 133/200 | Batch 0050/0241 | Loss: 0.1398
Epoch: 133/200 | Batch 0100/0241 | Loss: 0.1554
Epoch: 133/200 | Batch 0150/0241 | Loss: 0.1514
Epoch: 133/200 | Batch 0200/0241 | Loss: 0.1469
MAE/RMSE/ACC: Current Valid: 0.86/1.18/38.88 Ep. 133 | Best Valid: 0.78/1.08/38.88 | Ep. 63
Time elapsed: 10.64 min
Epoch: 134/200 | Batch 0000/0241 | Loss: 0.1579
Epoch: 134/200 | Batch 0050/0241 | Loss: 0.1417
Epoch: 134/200 | Batch 0100/0241 | Loss: 0.1546
Epoch: 134/200 | Batch 0150/0241 | Loss: 0.1390
Epoch: 134/200 | Batch 0200/0241 | Loss: 0.1349
MAE/RMSE/ACC: Current Valid: 0.85/1.17/38.88 Ep. 134 | Best Valid: 0.78/1.08/38.88 | Ep. 63
Time elapsed: 10.71 min
Epoch: 135/200 | Batch 0000/0241 | Loss: 0.1675
Epoch: 135/200 | Batch 0050/0241 | Loss: 0.1369
Epoch: 135/200 | Batch 0100/0241 | Loss: 0.1417
Epoch: 135/200 | Batch 0150/0241 | Loss: 0.1434
Epoch: 135/200 | Batch 0200/0241 | Loss: 0.1321
MAE/RMSE/ACC: Current Valid: 0.86/1.17/38.88 Ep. 135 | Best Valid: 0.78/1.08/38.88 | Ep. 63
Time elapsed: 10.79 min
Epoch: 136/200 | Batch 0000/0241 | Loss: 0.1703
Epoch: 136/200 | Batch 0050/0241 | Loss: 0.1363
Epoch: 136/200 | Batch 0100/0241 | Loss: 0.1496
Epoch: 136/200 | Batch 0150/0241 | Loss: 0.1492
Epoch: 136/200 | Batch 0200/0241 | Loss: 0.1364
MAE/RMSE/ACC: Current Valid: 0.80/1.10/38.88 Ep. 136 | Best Valid: 0.78/1.08/38.88 | Ep. 63
Time elapsed: 10.88 min
Epoch: 137/200 | Batch 0000/0241 | Loss: 0.1627
Epoch: 137/200 | Batch 0050/0241 | Loss: 0.1398
Epoch: 137/200 | Batch 0100/0241 | Loss: 0.1415
Epoch: 137/200 | Batch 0150/0241 | Loss: 0.1423
Epoch: 137/200 | Batch 0200/0241 | Loss: 0.1428
MAE/RMSE/ACC: Current Valid: 0.92/1.27/38.88 Ep. 137 | Best Valid: 0.78/1.08/38.88 | Ep. 63
Time elapsed: 10.96 min
Epoch: 138/200 | Batch 0000/0241 | Loss: 0.1752
Epoch: 138/200 | Batch 0050/0241 | Loss: 0.1343
Epoch: 138/200 | Batch 0100/0241 | Loss: 0.1543
Epoch: 138/200 | Batch 0150/0241 | Loss: 0.1401
Epoch: 138/200 | Batch 0200/0241 | Loss: 0.1350
MAE/RMSE/ACC: Current Valid: 0.88/1.20/38.88 Ep. 138 | Best Valid: 0.78/1.08/38.88 | Ep. 63
Time elapsed: 11.04 min
Epoch: 139/200 | Batch 0000/0241 | Loss: 0.1828
Epoch: 139/200 | Batch 0050/0241 | Loss: 0.1358
Epoch: 139/200 | Batch 0100/0241 | Loss: 0.1542
Epoch: 139/200 | Batch 0150/0241 | Loss: 0.1329
Epoch: 139/200 | Batch 0200/0241 | Loss: 0.1314
MAE/RMSE/ACC: Current Valid: 0.83/1.14/38.88 Ep. 139 | Best Valid: 0.78/1.08/38.88 | Ep. 63
Time elapsed: 11.12 min
Epoch: 140/200 | Batch 0000/0241 | Loss: 0.1649
Epoch: 140/200 | Batch 0050/0241 | Loss: 0.1364
Epoch: 140/200 | Batch 0100/0241 | Loss: 0.1452
Epoch: 140/200 | Batch 0150/0241 | Loss: 0.1359
Epoch: 140/200 | Batch 0200/0241 | Loss: 0.1413
MAE/RMSE/ACC: Current Valid: 0.83/1.14/38.88 Ep. 140 | Best Valid: 0.78/1.08/38.88 | Ep. 63
Time elapsed: 11.21 min
Epoch: 141/200 | Batch 0000/0241 | Loss: 0.1553
Epoch: 141/200 | Batch 0050/0241 | Loss: 0.1291
Epoch: 141/200 | Batch 0100/0241 | Loss: 0.1624
Epoch: 141/200 | Batch 0150/0241 | Loss: 0.1486
Epoch: 141/200 | Batch 0200/0241 | Loss: 0.1352
MAE/RMSE/ACC: Current Valid: 0.83/1.14/38.88 Ep. 141 | Best Valid: 0.78/1.08/38.88 | Ep. 63
Time elapsed: 11.29 min
Epoch: 142/200 | Batch 0000/0241 | Loss: 0.1631
Epoch: 142/200 | Batch 0050/0241 | Loss: 0.1306
Epoch: 142/200 | Batch 0100/0241 | Loss: 0.1496
Epoch: 142/200 | Batch 0150/0241 | Loss: 0.1340
Epoch: 142/200 | Batch 0200/0241 | Loss: 0.1374
MAE/RMSE/ACC: Current Valid: 0.86/1.18/38.88 Ep. 142 | Best Valid: 0.78/1.08/38.88 | Ep. 63
Time elapsed: 11.37 min
Epoch: 143/200 | Batch 0000/0241 | Loss: 0.1642
Epoch: 143/200 | Batch 0050/0241 | Loss: 0.1282
Epoch: 143/200 | Batch 0100/0241 | Loss: 0.1577
Epoch: 143/200 | Batch 0150/0241 | Loss: 0.1385
Epoch: 143/200 | Batch 0200/0241 | Loss: 0.1259
MAE/RMSE/ACC: Current Valid: 0.81/1.11/38.88 Ep. 143 | Best Valid: 0.78/1.08/38.88 | Ep. 63
Time elapsed: 11.45 min
Epoch: 144/200 | Batch 0000/0241 | Loss: 0.1734
Epoch: 144/200 | Batch 0050/0241 | Loss: 0.1375
Epoch: 144/200 | Batch 0100/0241 | Loss: 0.1494
Epoch: 144/200 | Batch 0150/0241 | Loss: 0.1368
Epoch: 144/200 | Batch 0200/0241 | Loss: 0.1356
MAE/RMSE/ACC: Current Valid: 0.81/1.12/38.88 Ep. 144 | Best Valid: 0.78/1.08/38.88 | Ep. 63
Time elapsed: 11.53 min
Epoch: 145/200 | Batch 0000/0241 | Loss: 0.1699
Epoch: 145/200 | Batch 0050/0241 | Loss: 0.1398
Epoch: 145/200 | Batch 0100/0241 | Loss: 0.1494
Epoch: 145/200 | Batch 0150/0241 | Loss: 0.1371
Epoch: 145/200 | Batch 0200/0241 | Loss: 0.1324
MAE/RMSE/ACC: Current Valid: 0.79/1.09/38.88 Ep. 145 | Best Valid: 0.78/1.08/38.88 | Ep. 63
Time elapsed: 11.61 min
Epoch: 146/200 | Batch 0000/0241 | Loss: 0.1598
Epoch: 146/200 | Batch 0050/0241 | Loss: 0.1264
Epoch: 146/200 | Batch 0100/0241 | Loss: 0.1580
Epoch: 146/200 | Batch 0150/0241 | Loss: 0.1346
Epoch: 146/200 | Batch 0200/0241 | Loss: 0.1332
MAE/RMSE/ACC: Current Valid: 0.90/1.23/38.88 Ep. 146 | Best Valid: 0.78/1.08/38.88 | Ep. 63
Time elapsed: 11.68 min
Epoch: 147/200 | Batch 0000/0241 | Loss: 0.1604
Epoch: 147/200 | Batch 0050/0241 | Loss: 0.1314
Epoch: 147/200 | Batch 0100/0241 | Loss: 0.1621
Epoch: 147/200 | Batch 0150/0241 | Loss: 0.1374
Epoch: 147/200 | Batch 0200/0241 | Loss: 0.1374
MAE/RMSE/ACC: Current Valid: 0.82/1.13/38.88 Ep. 147 | Best Valid: 0.78/1.08/38.88 | Ep. 63
Time elapsed: 11.77 min
Epoch: 148/200 | Batch 0000/0241 | Loss: 0.1611
Epoch: 148/200 | Batch 0050/0241 | Loss: 0.1273
Epoch: 148/200 | Batch 0100/0241 | Loss: 0.1466
Epoch: 148/200 | Batch 0150/0241 | Loss: 0.1383
Epoch: 148/200 | Batch 0200/0241 | Loss: 0.1362
MAE/RMSE/ACC: Current Valid: 0.84/1.15/38.88 Ep. 148 | Best Valid: 0.78/1.08/38.88 | Ep. 63
Time elapsed: 11.85 min
Epoch: 149/200 | Batch 0000/0241 | Loss: 0.1651
Epoch: 149/200 | Batch 0050/0241 | Loss: 0.1319
Epoch: 149/200 | Batch 0100/0241 | Loss: 0.1461
Epoch: 149/200 | Batch 0150/0241 | Loss: 0.1297
Epoch: 149/200 | Batch 0200/0241 | Loss: 0.1444
MAE/RMSE/ACC: Current Valid: 0.88/1.20/38.88 Ep. 149 | Best Valid: 0.78/1.08/38.88 | Ep. 63
Time elapsed: 11.93 min
Epoch: 150/200 | Batch 0000/0241 | Loss: 0.1569
Epoch: 150/200 | Batch 0050/0241 | Loss: 0.1322
Epoch: 150/200 | Batch 0100/0241 | Loss: 0.1493
Epoch: 150/200 | Batch 0150/0241 | Loss: 0.1524
Epoch: 150/200 | Batch 0200/0241 | Loss: 0.1361
MAE/RMSE/ACC: Current Valid: 0.82/1.13/38.88 Ep. 150 | Best Valid: 0.78/1.08/38.88 | Ep. 63
Time elapsed: 12.01 min
Epoch: 151/200 | Batch 0000/0241 | Loss: 0.1607
Epoch: 151/200 | Batch 0050/0241 | Loss: 0.1634
Epoch: 151/200 | Batch 0100/0241 | Loss: 0.1453
Epoch: 151/200 | Batch 0150/0241 | Loss: 0.1367
Epoch: 151/200 | Batch 0200/0241 | Loss: 0.1468
MAE/RMSE/ACC: Current Valid: 0.81/1.10/38.88 Ep. 151 | Best Valid: 0.78/1.08/38.88 | Ep. 63
Time elapsed: 12.09 min
Epoch: 152/200 | Batch 0000/0241 | Loss: 0.1646
Epoch: 152/200 | Batch 0050/0241 | Loss: 0.1345
Epoch: 152/200 | Batch 0100/0241 | Loss: 0.1611
Epoch: 152/200 | Batch 0150/0241 | Loss: 0.1324
Epoch: 152/200 | Batch 0200/0241 | Loss: 0.1282
MAE/RMSE/ACC: Current Valid: 0.91/1.23/38.88 Ep. 152 | Best Valid: 0.78/1.08/38.88 | Ep. 63
Time elapsed: 12.16 min
Epoch: 153/200 | Batch 0000/0241 | Loss: 0.1650
Epoch: 153/200 | Batch 0050/0241 | Loss: 0.1298
Epoch: 153/200 | Batch 0100/0241 | Loss: 0.1499
Epoch: 153/200 | Batch 0150/0241 | Loss: 0.1283
Epoch: 153/200 | Batch 0200/0241 | Loss: 0.1500
MAE/RMSE/ACC: Current Valid: 0.80/1.10/38.88 Ep. 153 | Best Valid: 0.78/1.08/38.88 | Ep. 63
Time elapsed: 12.24 min
Epoch: 154/200 | Batch 0000/0241 | Loss: 0.1651
Epoch: 154/200 | Batch 0050/0241 | Loss: 0.1288
Epoch: 154/200 | Batch 0100/0241 | Loss: 0.1533
Epoch: 154/200 | Batch 0150/0241 | Loss: 0.1497
Epoch: 154/200 | Batch 0200/0241 | Loss: 0.1460
MAE/RMSE/ACC: Current Valid: 0.84/1.15/38.88 Ep. 154 | Best Valid: 0.78/1.08/38.88 | Ep. 63
Time elapsed: 12.31 min
Epoch: 155/200 | Batch 0000/0241 | Loss: 0.1616
Epoch: 155/200 | Batch 0050/0241 | Loss: 0.1331
Epoch: 155/200 | Batch 0100/0241 | Loss: 0.1416
Epoch: 155/200 | Batch 0150/0241 | Loss: 0.1372
Epoch: 155/200 | Batch 0200/0241 | Loss: 0.1304
MAE/RMSE/ACC: Current Valid: 0.86/1.18/38.88 Ep. 155 | Best Valid: 0.78/1.08/38.88 | Ep. 63
Time elapsed: 12.39 min
Epoch: 156/200 | Batch 0000/0241 | Loss: 0.1748
Epoch: 156/200 | Batch 0050/0241 | Loss: 0.1328
Epoch: 156/200 | Batch 0100/0241 | Loss: 0.1481
Epoch: 156/200 | Batch 0150/0241 | Loss: 0.1337
Epoch: 156/200 | Batch 0200/0241 | Loss: 0.1220
MAE/RMSE/ACC: Current Valid: 0.90/1.23/38.88 Ep. 156 | Best Valid: 0.78/1.08/38.88 | Ep. 63
Time elapsed: 12.46 min
Epoch: 157/200 | Batch 0000/0241 | Loss: 0.1641
Epoch: 157/200 | Batch 0050/0241 | Loss: 0.1284
Epoch: 157/200 | Batch 0100/0241 | Loss: 0.1474
Epoch: 157/200 | Batch 0150/0241 | Loss: 0.1458
Epoch: 157/200 | Batch 0200/0241 | Loss: 0.1476
MAE/RMSE/ACC: Current Valid: 0.79/1.10/38.88 Ep. 157 | Best Valid: 0.78/1.08/38.88 | Ep. 63
Time elapsed: 12.54 min
Epoch: 158/200 | Batch 0000/0241 | Loss: 0.1621
Epoch: 158/200 | Batch 0050/0241 | Loss: 0.1301
Epoch: 158/200 | Batch 0100/0241 | Loss: 0.1508
Epoch: 158/200 | Batch 0150/0241 | Loss: 0.1393
Epoch: 158/200 | Batch 0200/0241 | Loss: 0.1261
MAE/RMSE/ACC: Current Valid: 0.81/1.12/38.88 Ep. 158 | Best Valid: 0.78/1.08/38.88 | Ep. 63
Time elapsed: 12.61 min
Epoch: 159/200 | Batch 0000/0241 | Loss: 0.1750
Epoch: 159/200 | Batch 0050/0241 | Loss: 0.1286
Epoch: 159/200 | Batch 0100/0241 | Loss: 0.1539
Epoch: 159/200 | Batch 0150/0241 | Loss: 0.1313
Epoch: 159/200 | Batch 0200/0241 | Loss: 0.1405
MAE/RMSE/ACC: Current Valid: 0.85/1.17/38.88 Ep. 159 | Best Valid: 0.78/1.08/38.88 | Ep. 63
Time elapsed: 12.69 min
Epoch: 160/200 | Batch 0000/0241 | Loss: 0.1605
Epoch: 160/200 | Batch 0050/0241 | Loss: 0.1451
Epoch: 160/200 | Batch 0100/0241 | Loss: 0.1529
Epoch: 160/200 | Batch 0150/0241 | Loss: 0.1396
Epoch: 160/200 | Batch 0200/0241 | Loss: 0.1294
MAE/RMSE/ACC: Current Valid: 0.88/1.19/38.88 Ep. 160 | Best Valid: 0.78/1.08/38.88 | Ep. 63
Time elapsed: 12.77 min
Epoch: 161/200 | Batch 0000/0241 | Loss: 0.1532
Epoch: 161/200 | Batch 0050/0241 | Loss: 0.1322
Epoch: 161/200 | Batch 0100/0241 | Loss: 0.1448
Epoch: 161/200 | Batch 0150/0241 | Loss: 0.1488
Epoch: 161/200 | Batch 0200/0241 | Loss: 0.1448
MAE/RMSE/ACC: Current Valid: 0.91/1.25/38.88 Ep. 161 | Best Valid: 0.78/1.08/38.88 | Ep. 63
Time elapsed: 12.84 min
Epoch: 162/200 | Batch 0000/0241 | Loss: 0.1736
Epoch: 162/200 | Batch 0050/0241 | Loss: 0.1385
Epoch: 162/200 | Batch 0100/0241 | Loss: 0.1596
Epoch: 162/200 | Batch 0150/0241 | Loss: 0.1457
Epoch: 162/200 | Batch 0200/0241 | Loss: 0.1582
MAE/RMSE/ACC: Current Valid: 0.83/1.14/38.88 Ep. 162 | Best Valid: 0.78/1.08/38.88 | Ep. 63
Time elapsed: 12.93 min
Epoch: 163/200 | Batch 0000/0241 | Loss: 0.1702
Epoch: 163/200 | Batch 0050/0241 | Loss: 0.1383
Epoch: 163/200 | Batch 0100/0241 | Loss: 0.1528
Epoch: 163/200 | Batch 0150/0241 | Loss: 0.1365
Epoch: 163/200 | Batch 0200/0241 | Loss: 0.1402
MAE/RMSE/ACC: Current Valid: 0.88/1.21/38.88 Ep. 163 | Best Valid: 0.78/1.08/38.88 | Ep. 63
Time elapsed: 13.01 min
Epoch: 164/200 | Batch 0000/0241 | Loss: 0.1710
Epoch: 164/200 | Batch 0050/0241 | Loss: 0.1288
Epoch: 164/200 | Batch 0100/0241 | Loss: 0.1368
Epoch: 164/200 | Batch 0150/0241 | Loss: 0.1383
Epoch: 164/200 | Batch 0200/0241 | Loss: 0.1330
MAE/RMSE/ACC: Current Valid: 0.87/1.18/38.88 Ep. 164 | Best Valid: 0.78/1.08/38.88 | Ep. 63
Time elapsed: 13.09 min
Epoch: 165/200 | Batch 0000/0241 | Loss: 0.1658
Epoch: 165/200 | Batch 0050/0241 | Loss: 0.1392
Epoch: 165/200 | Batch 0100/0241 | Loss: 0.1556
Epoch: 165/200 | Batch 0150/0241 | Loss: 0.1571
Epoch: 165/200 | Batch 0200/0241 | Loss: 0.1367
MAE/RMSE/ACC: Current Valid: 0.84/1.17/38.88 Ep. 165 | Best Valid: 0.78/1.08/38.88 | Ep. 63
Time elapsed: 13.17 min
Epoch: 166/200 | Batch 0000/0241 | Loss: 0.1543
Epoch: 166/200 | Batch 0050/0241 | Loss: 0.1415
Epoch: 166/200 | Batch 0100/0241 | Loss: 0.1439
Epoch: 166/200 | Batch 0150/0241 | Loss: 0.1376
Epoch: 166/200 | Batch 0200/0241 | Loss: 0.1428
MAE/RMSE/ACC: Current Valid: 0.85/1.14/38.88 Ep. 166 | Best Valid: 0.78/1.08/38.88 | Ep. 63
Time elapsed: 13.24 min
Epoch: 167/200 | Batch 0000/0241 | Loss: 0.1598
Epoch: 167/200 | Batch 0050/0241 | Loss: 0.1267
Epoch: 167/200 | Batch 0100/0241 | Loss: 0.1562
Epoch: 167/200 | Batch 0150/0241 | Loss: 0.1266
Epoch: 167/200 | Batch 0200/0241 | Loss: 0.1348
MAE/RMSE/ACC: Current Valid: 0.90/1.22/38.88 Ep. 167 | Best Valid: 0.78/1.08/38.88 | Ep. 63
Time elapsed: 13.32 min
Epoch: 168/200 | Batch 0000/0241 | Loss: 0.1572
Epoch: 168/200 | Batch 0050/0241 | Loss: 0.1469
Epoch: 168/200 | Batch 0100/0241 | Loss: 0.1389
Epoch: 168/200 | Batch 0150/0241 | Loss: 0.1472
Epoch: 168/200 | Batch 0200/0241 | Loss: 0.1366
MAE/RMSE/ACC: Current Valid: 0.85/1.16/38.88 Ep. 168 | Best Valid: 0.78/1.08/38.88 | Ep. 63
Time elapsed: 13.40 min
Epoch: 169/200 | Batch 0000/0241 | Loss: 0.1785
Epoch: 169/200 | Batch 0050/0241 | Loss: 0.1344
Epoch: 169/200 | Batch 0100/0241 | Loss: 0.1527
Epoch: 169/200 | Batch 0150/0241 | Loss: 0.1400
Epoch: 169/200 | Batch 0200/0241 | Loss: 0.1419
MAE/RMSE/ACC: Current Valid: 0.87/1.19/38.88 Ep. 169 | Best Valid: 0.78/1.08/38.88 | Ep. 63
Time elapsed: 13.48 min
Epoch: 170/200 | Batch 0000/0241 | Loss: 0.1607
Epoch: 170/200 | Batch 0050/0241 | Loss: 0.1485
Epoch: 170/200 | Batch 0100/0241 | Loss: 0.1453
Epoch: 170/200 | Batch 0150/0241 | Loss: 0.1407
Epoch: 170/200 | Batch 0200/0241 | Loss: 0.1426
MAE/RMSE/ACC: Current Valid: 0.82/1.13/38.88 Ep. 170 | Best Valid: 0.78/1.08/38.88 | Ep. 63
Time elapsed: 13.55 min
Epoch: 171/200 | Batch 0000/0241 | Loss: 0.1662
Epoch: 171/200 | Batch 0050/0241 | Loss: 0.1360
Epoch: 171/200 | Batch 0100/0241 | Loss: 0.1407
Epoch: 171/200 | Batch 0150/0241 | Loss: 0.1314
Epoch: 171/200 | Batch 0200/0241 | Loss: 0.1366
MAE/RMSE/ACC: Current Valid: 0.81/1.12/38.88 Ep. 171 | Best Valid: 0.78/1.08/38.88 | Ep. 63
Time elapsed: 13.63 min
Epoch: 172/200 | Batch 0000/0241 | Loss: 0.1750
Epoch: 172/200 | Batch 0050/0241 | Loss: 0.1415
Epoch: 172/200 | Batch 0100/0241 | Loss: 0.1535
Epoch: 172/200 | Batch 0150/0241 | Loss: 0.1376
Epoch: 172/200 | Batch 0200/0241 | Loss: 0.1348
MAE/RMSE/ACC: Current Valid: 0.80/1.11/38.88 Ep. 172 | Best Valid: 0.78/1.08/38.88 | Ep. 63
Time elapsed: 13.70 min
Epoch: 173/200 | Batch 0000/0241 | Loss: 0.1502
Epoch: 173/200 | Batch 0050/0241 | Loss: 0.1331
Epoch: 173/200 | Batch 0100/0241 | Loss: 0.1538
Epoch: 173/200 | Batch 0150/0241 | Loss: 0.1416
Epoch: 173/200 | Batch 0200/0241 | Loss: 0.1360
MAE/RMSE/ACC: Current Valid: 0.86/1.19/38.88 Ep. 173 | Best Valid: 0.78/1.08/38.88 | Ep. 63
Time elapsed: 13.78 min
Epoch: 174/200 | Batch 0000/0241 | Loss: 0.1550
Epoch: 174/200 | Batch 0050/0241 | Loss: 0.1317
Epoch: 174/200 | Batch 0100/0241 | Loss: 0.1422
Epoch: 174/200 | Batch 0150/0241 | Loss: 0.1394
Epoch: 174/200 | Batch 0200/0241 | Loss: 0.1376
MAE/RMSE/ACC: Current Valid: 0.86/1.17/38.88 Ep. 174 | Best Valid: 0.78/1.08/38.88 | Ep. 63
Time elapsed: 13.85 min
Epoch: 175/200 | Batch 0000/0241 | Loss: 0.1839
Epoch: 175/200 | Batch 0050/0241 | Loss: 0.1432
Epoch: 175/200 | Batch 0100/0241 | Loss: 0.1494
Epoch: 175/200 | Batch 0150/0241 | Loss: 0.1580
Epoch: 175/200 | Batch 0200/0241 | Loss: 0.1326
MAE/RMSE/ACC: Current Valid: 0.86/1.18/38.88 Ep. 175 | Best Valid: 0.78/1.08/38.88 | Ep. 63
Time elapsed: 13.93 min
Epoch: 176/200 | Batch 0000/0241 | Loss: 0.1624
Epoch: 176/200 | Batch 0050/0241 | Loss: 0.1469
Epoch: 176/200 | Batch 0100/0241 | Loss: 0.1464
Epoch: 176/200 | Batch 0150/0241 | Loss: 0.1333
Epoch: 176/200 | Batch 0200/0241 | Loss: 0.1345
MAE/RMSE/ACC: Current Valid: 0.80/1.10/38.88 Ep. 176 | Best Valid: 0.78/1.08/38.88 | Ep. 63
Time elapsed: 14.00 min
Epoch: 177/200 | Batch 0000/0241 | Loss: 0.1683
Epoch: 177/200 | Batch 0050/0241 | Loss: 0.1291
Epoch: 177/200 | Batch 0100/0241 | Loss: 0.1379
Epoch: 177/200 | Batch 0150/0241 | Loss: 0.1335
Epoch: 177/200 | Batch 0200/0241 | Loss: 0.1314
MAE/RMSE/ACC: Current Valid: 0.85/1.16/38.88 Ep. 177 | Best Valid: 0.78/1.08/38.88 | Ep. 63
Time elapsed: 14.07 min
Epoch: 178/200 | Batch 0000/0241 | Loss: 0.1607
Epoch: 178/200 | Batch 0050/0241 | Loss: 0.1394
Epoch: 178/200 | Batch 0100/0241 | Loss: 0.1473
Epoch: 178/200 | Batch 0150/0241 | Loss: 0.1290
Epoch: 178/200 | Batch 0200/0241 | Loss: 0.1422
MAE/RMSE/ACC: Current Valid: 0.84/1.16/38.88 Ep. 178 | Best Valid: 0.78/1.08/38.88 | Ep. 63
Time elapsed: 14.15 min
Epoch: 179/200 | Batch 0000/0241 | Loss: 0.1850
Epoch: 179/200 | Batch 0050/0241 | Loss: 0.1508
Epoch: 179/200 | Batch 0100/0241 | Loss: 0.1588
Epoch: 179/200 | Batch 0150/0241 | Loss: 0.1311
Epoch: 179/200 | Batch 0200/0241 | Loss: 0.1303
MAE/RMSE/ACC: Current Valid: 0.82/1.13/38.88 Ep. 179 | Best Valid: 0.78/1.08/38.88 | Ep. 63
Time elapsed: 14.23 min
Epoch: 180/200 | Batch 0000/0241 | Loss: 0.1577
Epoch: 180/200 | Batch 0050/0241 | Loss: 0.1396
Epoch: 180/200 | Batch 0100/0241 | Loss: 0.1558
Epoch: 180/200 | Batch 0150/0241 | Loss: 0.1464
Epoch: 180/200 | Batch 0200/0241 | Loss: 0.1274
MAE/RMSE/ACC: Current Valid: 0.89/1.21/38.88 Ep. 180 | Best Valid: 0.78/1.08/38.88 | Ep. 63
Time elapsed: 14.31 min
Epoch: 181/200 | Batch 0000/0241 | Loss: 0.1690
Epoch: 181/200 | Batch 0050/0241 | Loss: 0.1348
Epoch: 181/200 | Batch 0100/0241 | Loss: 0.1385
Epoch: 181/200 | Batch 0150/0241 | Loss: 0.1449
Epoch: 181/200 | Batch 0200/0241 | Loss: 0.1255
MAE/RMSE/ACC: Current Valid: 0.85/1.16/38.88 Ep. 181 | Best Valid: 0.78/1.08/38.88 | Ep. 63
Time elapsed: 14.39 min
Epoch: 182/200 | Batch 0000/0241 | Loss: 0.1663
Epoch: 182/200 | Batch 0050/0241 | Loss: 0.1309
Epoch: 182/200 | Batch 0100/0241 | Loss: 0.1502
Epoch: 182/200 | Batch 0150/0241 | Loss: 0.1403
Epoch: 182/200 | Batch 0200/0241 | Loss: 0.1361
MAE/RMSE/ACC: Current Valid: 0.83/1.14/38.88 Ep. 182 | Best Valid: 0.78/1.08/38.88 | Ep. 63
Time elapsed: 14.47 min
Epoch: 183/200 | Batch 0000/0241 | Loss: 0.1697
Epoch: 183/200 | Batch 0050/0241 | Loss: 0.1457
Epoch: 183/200 | Batch 0100/0241 | Loss: 0.1515
Epoch: 183/200 | Batch 0150/0241 | Loss: 0.1373
Epoch: 183/200 | Batch 0200/0241 | Loss: 0.1413
MAE/RMSE/ACC: Current Valid: 0.80/1.11/38.88 Ep. 183 | Best Valid: 0.78/1.08/38.88 | Ep. 63
Time elapsed: 14.55 min
Epoch: 184/200 | Batch 0000/0241 | Loss: 0.1704
Epoch: 184/200 | Batch 0050/0241 | Loss: 0.1286
Epoch: 184/200 | Batch 0100/0241 | Loss: 0.1587
Epoch: 184/200 | Batch 0150/0241 | Loss: 0.1491
Epoch: 184/200 | Batch 0200/0241 | Loss: 0.1542
MAE/RMSE/ACC: Current Valid: 0.81/1.12/38.88 Ep. 184 | Best Valid: 0.78/1.08/38.88 | Ep. 63
Time elapsed: 14.63 min
Epoch: 185/200 | Batch 0000/0241 | Loss: 0.1624
Epoch: 185/200 | Batch 0050/0241 | Loss: 0.1358
Epoch: 185/200 | Batch 0100/0241 | Loss: 0.1633
Epoch: 185/200 | Batch 0150/0241 | Loss: 0.1350
Epoch: 185/200 | Batch 0200/0241 | Loss: 0.1428
MAE/RMSE/ACC: Current Valid: 0.82/1.12/38.88 Ep. 185 | Best Valid: 0.78/1.08/38.88 | Ep. 63
Time elapsed: 14.71 min
Epoch: 186/200 | Batch 0000/0241 | Loss: 0.1737
Epoch: 186/200 | Batch 0050/0241 | Loss: 0.1358
Epoch: 186/200 | Batch 0100/0241 | Loss: 0.1465
Epoch: 186/200 | Batch 0150/0241 | Loss: 0.1452
Epoch: 186/200 | Batch 0200/0241 | Loss: 0.1359
MAE/RMSE/ACC: Current Valid: 0.81/1.12/38.88 Ep. 186 | Best Valid: 0.78/1.08/38.88 | Ep. 63
Time elapsed: 14.78 min
Epoch: 187/200 | Batch 0000/0241 | Loss: 0.1780
Epoch: 187/200 | Batch 0050/0241 | Loss: 0.1293
Epoch: 187/200 | Batch 0100/0241 | Loss: 0.1531
Epoch: 187/200 | Batch 0150/0241 | Loss: 0.1352
Epoch: 187/200 | Batch 0200/0241 | Loss: 0.1338
MAE/RMSE/ACC: Current Valid: 0.88/1.20/38.88 Ep. 187 | Best Valid: 0.78/1.08/38.88 | Ep. 63
Time elapsed: 14.86 min
Epoch: 188/200 | Batch 0000/0241 | Loss: 0.1706
Epoch: 188/200 | Batch 0050/0241 | Loss: 0.1441
Epoch: 188/200 | Batch 0100/0241 | Loss: 0.1511
Epoch: 188/200 | Batch 0150/0241 | Loss: 0.1355
Epoch: 188/200 | Batch 0200/0241 | Loss: 0.1392
MAE/RMSE/ACC: Current Valid: 0.85/1.16/38.88 Ep. 188 | Best Valid: 0.78/1.08/38.88 | Ep. 63
Time elapsed: 14.94 min
Epoch: 189/200 | Batch 0000/0241 | Loss: 0.1657
Epoch: 189/200 | Batch 0050/0241 | Loss: 0.1419
Epoch: 189/200 | Batch 0100/0241 | Loss: 0.1531
Epoch: 189/200 | Batch 0150/0241 | Loss: 0.1426
Epoch: 189/200 | Batch 0200/0241 | Loss: 0.1348
MAE/RMSE/ACC: Current Valid: 0.79/1.10/38.88 Ep. 189 | Best Valid: 0.78/1.08/38.88 | Ep. 63
Time elapsed: 15.01 min
Epoch: 190/200 | Batch 0000/0241 | Loss: 0.1698
Epoch: 190/200 | Batch 0050/0241 | Loss: 0.1540
Epoch: 190/200 | Batch 0100/0241 | Loss: 0.1483
Epoch: 190/200 | Batch 0150/0241 | Loss: 0.1269
Epoch: 190/200 | Batch 0200/0241 | Loss: 0.1369
MAE/RMSE/ACC: Current Valid: 0.86/1.17/38.88 Ep. 190 | Best Valid: 0.78/1.08/38.88 | Ep. 63
Time elapsed: 15.09 min
Epoch: 191/200 | Batch 0000/0241 | Loss: 0.1516
Epoch: 191/200 | Batch 0050/0241 | Loss: 0.1419
Epoch: 191/200 | Batch 0100/0241 | Loss: 0.1512
Epoch: 191/200 | Batch 0150/0241 | Loss: 0.1370
Epoch: 191/200 | Batch 0200/0241 | Loss: 0.1277
MAE/RMSE/ACC: Current Valid: 0.82/1.12/38.88 Ep. 191 | Best Valid: 0.78/1.08/38.88 | Ep. 63
Time elapsed: 15.17 min
Epoch: 192/200 | Batch 0000/0241 | Loss: 0.1635
Epoch: 192/200 | Batch 0050/0241 | Loss: 0.1394
Epoch: 192/200 | Batch 0100/0241 | Loss: 0.1442
Epoch: 192/200 | Batch 0150/0241 | Loss: 0.1331
Epoch: 192/200 | Batch 0200/0241 | Loss: 0.1467
MAE/RMSE/ACC: Current Valid: 0.86/1.18/38.88 Ep. 192 | Best Valid: 0.78/1.08/38.88 | Ep. 63
Time elapsed: 15.25 min
Epoch: 193/200 | Batch 0000/0241 | Loss: 0.1581
Epoch: 193/200 | Batch 0050/0241 | Loss: 0.1399
Epoch: 193/200 | Batch 0100/0241 | Loss: 0.1521
Epoch: 193/200 | Batch 0150/0241 | Loss: 0.1309
Epoch: 193/200 | Batch 0200/0241 | Loss: 0.1469
MAE/RMSE/ACC: Current Valid: 0.84/1.16/38.88 Ep. 193 | Best Valid: 0.78/1.08/38.88 | Ep. 63
Time elapsed: 15.33 min
Epoch: 194/200 | Batch 0000/0241 | Loss: 0.1644
Epoch: 194/200 | Batch 0050/0241 | Loss: 0.1311
Epoch: 194/200 | Batch 0100/0241 | Loss: 0.1518
Epoch: 194/200 | Batch 0150/0241 | Loss: 0.1317
Epoch: 194/200 | Batch 0200/0241 | Loss: 0.1301
MAE/RMSE/ACC: Current Valid: 0.80/1.11/38.88 Ep. 194 | Best Valid: 0.78/1.08/38.88 | Ep. 63
Time elapsed: 15.42 min
Epoch: 195/200 | Batch 0000/0241 | Loss: 0.1527
Epoch: 195/200 | Batch 0050/0241 | Loss: 0.1315
Epoch: 195/200 | Batch 0100/0241 | Loss: 0.1482
Epoch: 195/200 | Batch 0150/0241 | Loss: 0.1448
Epoch: 195/200 | Batch 0200/0241 | Loss: 0.1375
MAE/RMSE/ACC: Current Valid: 0.86/1.17/38.88 Ep. 195 | Best Valid: 0.78/1.08/38.88 | Ep. 63
Time elapsed: 15.50 min
Epoch: 196/200 | Batch 0000/0241 | Loss: 0.1751
Epoch: 196/200 | Batch 0050/0241 | Loss: 0.1299
Epoch: 196/200 | Batch 0100/0241 | Loss: 0.1467
Epoch: 196/200 | Batch 0150/0241 | Loss: 0.1343
Epoch: 196/200 | Batch 0200/0241 | Loss: 0.1368
MAE/RMSE/ACC: Current Valid: 0.87/1.19/38.88 Ep. 196 | Best Valid: 0.78/1.08/38.88 | Ep. 63
Time elapsed: 15.59 min
Epoch: 197/200 | Batch 0000/0241 | Loss: 0.1681
Epoch: 197/200 | Batch 0050/0241 | Loss: 0.1385
Epoch: 197/200 | Batch 0100/0241 | Loss: 0.1456
Epoch: 197/200 | Batch 0150/0241 | Loss: 0.1422
Epoch: 197/200 | Batch 0200/0241 | Loss: 0.1262
MAE/RMSE/ACC: Current Valid: 0.85/1.17/38.88 Ep. 197 | Best Valid: 0.78/1.08/38.88 | Ep. 63
Time elapsed: 15.67 min
Epoch: 198/200 | Batch 0000/0241 | Loss: 0.1632
Epoch: 198/200 | Batch 0050/0241 | Loss: 0.1345
Epoch: 198/200 | Batch 0100/0241 | Loss: 0.1440
Epoch: 198/200 | Batch 0150/0241 | Loss: 0.1470
Epoch: 198/200 | Batch 0200/0241 | Loss: 0.1328
MAE/RMSE/ACC: Current Valid: 0.82/1.13/38.88 Ep. 198 | Best Valid: 0.78/1.08/38.88 | Ep. 63
Time elapsed: 15.75 min
Epoch: 199/200 | Batch 0000/0241 | Loss: 0.1606
Epoch: 199/200 | Batch 0050/0241 | Loss: 0.1393
Epoch: 199/200 | Batch 0100/0241 | Loss: 0.1341
Epoch: 199/200 | Batch 0150/0241 | Loss: 0.1507
Epoch: 199/200 | Batch 0200/0241 | Loss: 0.1464
MAE/RMSE/ACC: Current Valid: 0.83/1.15/38.88 Ep. 199 | Best Valid: 0.78/1.08/38.88 | Ep. 63
Time elapsed: 15.85 min
Epoch: 200/200 | Batch 0000/0241 | Loss: 0.1610
Epoch: 200/200 | Batch 0050/0241 | Loss: 0.1270
Epoch: 200/200 | Batch 0100/0241 | Loss: 0.1550
Epoch: 200/200 | Batch 0150/0241 | Loss: 0.1359
Epoch: 200/200 | Batch 0200/0241 | Loss: 0.1443
MAE/RMSE/ACC: Current Valid: 0.85/1.16/38.88 Ep. 200 | Best Valid: 0.78/1.08/38.88 | Ep. 63
Time elapsed: 15.93 min
MAE/RMSE: | Best Train: 0.79/1.10 | Best Valid: 0.78/1.08 | Best Test: 0.81/1.12
ACC: | Best Train: 38.18 | Best Valid: 38.88 | Best Test: 36.91
Total Running Time: 15.95 min
