This script: resnet34_xentr.py
PyTorch Version: 1.8.1
CUDA device: cuda:7
CUDA version: 11.1
Random seed: 0
Learning rate: 0.0005
Epochs: 200
Batch size: 256
Output path: runs/afad-balanced/resnet34_xentr-imp0-seed0-epochs200_best-rmse
Epoch: 001/200 | Batch 0000/0180 | Loss: 2.6462
Epoch: 001/200 | Batch 0050/0180 | Loss: 2.5281
Epoch: 001/200 | Batch 0100/0180 | Loss: 2.5430
Epoch: 001/200 | Batch 0150/0180 | Loss: 2.4916
MAE/RMSE/ACC: Current Valid: 5.11/6.27/10.10 Ep. 1 | Best Valid: 5.11/6.27/10.10 | Ep. 1
Time elapsed: 1.35 min
Epoch: 002/200 | Batch 0000/0180 | Loss: 2.5372
Epoch: 002/200 | Batch 0050/0180 | Loss: 2.5178
Epoch: 002/200 | Batch 0100/0180 | Loss: 2.5305
Epoch: 002/200 | Batch 0150/0180 | Loss: 2.5307
MAE/RMSE/ACC: Current Valid: 4.20/5.31/9.54 Ep. 2 | Best Valid: 4.20/5.31/9.54 | Ep. 2
Time elapsed: 2.72 min
Epoch: 003/200 | Batch 0000/0180 | Loss: 2.4508
Epoch: 003/200 | Batch 0050/0180 | Loss: 2.4856
Epoch: 003/200 | Batch 0100/0180 | Loss: 2.5180
Epoch: 003/200 | Batch 0150/0180 | Loss: 2.4610
MAE/RMSE/ACC: Current Valid: 4.26/5.43/9.54 Ep. 3 | Best Valid: 4.20/5.31/9.54 | Ep. 2
Time elapsed: 4.19 min
Epoch: 004/200 | Batch 0000/0180 | Loss: 2.5245
Epoch: 004/200 | Batch 0050/0180 | Loss: 2.4771
Epoch: 004/200 | Batch 0100/0180 | Loss: 2.4835
Epoch: 004/200 | Batch 0150/0180 | Loss: 2.4840
MAE/RMSE/ACC: Current Valid: 3.92/5.04/11.68 Ep. 4 | Best Valid: 3.92/5.04/11.68 | Ep. 4
Time elapsed: 6.06 min
Epoch: 005/200 | Batch 0000/0180 | Loss: 2.5164
Epoch: 005/200 | Batch 0050/0180 | Loss: 2.5028
Epoch: 005/200 | Batch 0100/0180 | Loss: 2.5438
Epoch: 005/200 | Batch 0150/0180 | Loss: 2.4493
MAE/RMSE/ACC: Current Valid: 3.73/4.82/11.66 Ep. 5 | Best Valid: 3.73/4.82/11.66 | Ep. 5
Time elapsed: 7.91 min
Epoch: 006/200 | Batch 0000/0180 | Loss: 2.4569
Epoch: 006/200 | Batch 0050/0180 | Loss: 2.4828
Epoch: 006/200 | Batch 0100/0180 | Loss: 2.4690
Epoch: 006/200 | Batch 0150/0180 | Loss: 2.4602
MAE/RMSE/ACC: Current Valid: 3.63/4.66/11.35 Ep. 6 | Best Valid: 3.63/4.66/11.35 | Ep. 6
Time elapsed: 9.76 min
Epoch: 007/200 | Batch 0000/0180 | Loss: 2.4947
Epoch: 007/200 | Batch 0050/0180 | Loss: 2.4854
Epoch: 007/200 | Batch 0100/0180 | Loss: 2.4648
Epoch: 007/200 | Batch 0150/0180 | Loss: 2.4385
MAE/RMSE/ACC: Current Valid: 4.30/5.48/11.35 Ep. 7 | Best Valid: 3.63/4.66/11.35 | Ep. 6
Time elapsed: 11.52 min
Epoch: 008/200 | Batch 0000/0180 | Loss: 2.4895
Epoch: 008/200 | Batch 0050/0180 | Loss: 2.5154
Epoch: 008/200 | Batch 0100/0180 | Loss: 2.4738
Epoch: 008/200 | Batch 0150/0180 | Loss: 2.4044
MAE/RMSE/ACC: Current Valid: 4.38/5.56/11.35 Ep. 8 | Best Valid: 3.63/4.66/11.35 | Ep. 6
Time elapsed: 13.37 min
Epoch: 009/200 | Batch 0000/0180 | Loss: 2.4894
Epoch: 009/200 | Batch 0050/0180 | Loss: 2.3684
Epoch: 009/200 | Batch 0100/0180 | Loss: 2.3778
Epoch: 009/200 | Batch 0150/0180 | Loss: 2.4925
MAE/RMSE/ACC: Current Valid: 3.50/4.49/12.10 Ep. 9 | Best Valid: 3.50/4.49/12.10 | Ep. 9
Time elapsed: 15.21 min
Epoch: 010/200 | Batch 0000/0180 | Loss: 2.4503
Epoch: 010/200 | Batch 0050/0180 | Loss: 2.3816
Epoch: 010/200 | Batch 0100/0180 | Loss: 2.4444
Epoch: 010/200 | Batch 0150/0180 | Loss: 2.3848
MAE/RMSE/ACC: Current Valid: 4.08/5.21/12.10 Ep. 10 | Best Valid: 3.50/4.49/12.10 | Ep. 9
Time elapsed: 17.05 min
Epoch: 011/200 | Batch 0000/0180 | Loss: 2.4700
Epoch: 011/200 | Batch 0050/0180 | Loss: 2.3524
Epoch: 011/200 | Batch 0100/0180 | Loss: 2.4108
Epoch: 011/200 | Batch 0150/0180 | Loss: 2.4463
MAE/RMSE/ACC: Current Valid: 3.63/4.73/12.10 Ep. 11 | Best Valid: 3.50/4.49/12.10 | Ep. 9
Time elapsed: 18.79 min
Epoch: 012/200 | Batch 0000/0180 | Loss: 2.3795
Epoch: 012/200 | Batch 0050/0180 | Loss: 2.4056
Epoch: 012/200 | Batch 0100/0180 | Loss: 2.4586
Epoch: 012/200 | Batch 0150/0180 | Loss: 2.4818
MAE/RMSE/ACC: Current Valid: 3.62/4.72/12.10 Ep. 12 | Best Valid: 3.50/4.49/12.10 | Ep. 9
Time elapsed: 20.62 min
Epoch: 013/200 | Batch 0000/0180 | Loss: 2.4021
Epoch: 013/200 | Batch 0050/0180 | Loss: 2.4335
Epoch: 013/200 | Batch 0100/0180 | Loss: 2.4381
Epoch: 013/200 | Batch 0150/0180 | Loss: 2.4066
MAE/RMSE/ACC: Current Valid: 3.76/4.80/12.10 Ep. 13 | Best Valid: 3.50/4.49/12.10 | Ep. 9
Time elapsed: 22.41 min
Epoch: 014/200 | Batch 0000/0180 | Loss: 2.3713
Epoch: 014/200 | Batch 0050/0180 | Loss: 2.3869
Epoch: 014/200 | Batch 0100/0180 | Loss: 2.3375
Epoch: 014/200 | Batch 0150/0180 | Loss: 2.3255
MAE/RMSE/ACC: Current Valid: 3.47/4.47/12.23 Ep. 14 | Best Valid: 3.47/4.47/12.23 | Ep. 14
Time elapsed: 24.15 min
Epoch: 015/200 | Batch 0000/0180 | Loss: 2.2699
Epoch: 015/200 | Batch 0050/0180 | Loss: 2.3561
Epoch: 015/200 | Batch 0100/0180 | Loss: 2.3901
Epoch: 015/200 | Batch 0150/0180 | Loss: 2.3855
MAE/RMSE/ACC: Current Valid: 3.31/4.26/11.84 Ep. 15 | Best Valid: 3.31/4.26/11.84 | Ep. 15
Time elapsed: 25.95 min
Epoch: 016/200 | Batch 0000/0180 | Loss: 2.3327
Epoch: 016/200 | Batch 0050/0180 | Loss: 2.3108
Epoch: 016/200 | Batch 0100/0180 | Loss: 2.3371
Epoch: 016/200 | Batch 0150/0180 | Loss: 2.3471
MAE/RMSE/ACC: Current Valid: 3.64/4.74/11.84 Ep. 16 | Best Valid: 3.31/4.26/11.84 | Ep. 15
Time elapsed: 27.68 min
Epoch: 017/200 | Batch 0000/0180 | Loss: 2.2256
Epoch: 017/200 | Batch 0050/0180 | Loss: 2.2534
Epoch: 017/200 | Batch 0100/0180 | Loss: 2.2314
Epoch: 017/200 | Batch 0150/0180 | Loss: 2.2703
MAE/RMSE/ACC: Current Valid: 3.51/4.51/11.84 Ep. 17 | Best Valid: 3.31/4.26/11.84 | Ep. 15
Time elapsed: 29.42 min
Epoch: 018/200 | Batch 0000/0180 | Loss: 2.0845
Epoch: 018/200 | Batch 0050/0180 | Loss: 2.1655
Epoch: 018/200 | Batch 0100/0180 | Loss: 2.3695
Epoch: 018/200 | Batch 0150/0180 | Loss: 2.2305
MAE/RMSE/ACC: Current Valid: 3.68/4.76/11.84 Ep. 18 | Best Valid: 3.31/4.26/11.84 | Ep. 15
Time elapsed: 31.25 min
Epoch: 019/200 | Batch 0000/0180 | Loss: 2.0053
Epoch: 019/200 | Batch 0050/0180 | Loss: 2.0345
Epoch: 019/200 | Batch 0100/0180 | Loss: 2.1709
Epoch: 019/200 | Batch 0150/0180 | Loss: 2.1662
MAE/RMSE/ACC: Current Valid: 3.55/4.56/11.84 Ep. 19 | Best Valid: 3.31/4.26/11.84 | Ep. 15
Time elapsed: 33.11 min
Epoch: 020/200 | Batch 0000/0180 | Loss: 2.0022
Epoch: 020/200 | Batch 0050/0180 | Loss: 2.0059
Epoch: 020/200 | Batch 0100/0180 | Loss: 1.9457
Epoch: 020/200 | Batch 0150/0180 | Loss: 2.0001
MAE/RMSE/ACC: Current Valid: 3.51/4.53/11.84 Ep. 20 | Best Valid: 3.31/4.26/11.84 | Ep. 15
Time elapsed: 34.95 min
Epoch: 021/200 | Batch 0000/0180 | Loss: 1.7497
Epoch: 021/200 | Batch 0050/0180 | Loss: 1.9192
Epoch: 021/200 | Batch 0100/0180 | Loss: 1.8586
Epoch: 021/200 | Batch 0150/0180 | Loss: 1.8861
MAE/RMSE/ACC: Current Valid: 3.42/4.40/11.84 Ep. 21 | Best Valid: 3.31/4.26/11.84 | Ep. 15
Time elapsed: 36.73 min
Epoch: 022/200 | Batch 0000/0180 | Loss: 1.7484
Epoch: 022/200 | Batch 0050/0180 | Loss: 1.7674
Epoch: 022/200 | Batch 0100/0180 | Loss: 1.7528
Epoch: 022/200 | Batch 0150/0180 | Loss: 1.8118
MAE/RMSE/ACC: Current Valid: 3.41/4.33/11.84 Ep. 22 | Best Valid: 3.31/4.26/11.84 | Ep. 15
Time elapsed: 38.58 min
Epoch: 023/200 | Batch 0000/0180 | Loss: 1.4485
Epoch: 023/200 | Batch 0050/0180 | Loss: 1.5925
Epoch: 023/200 | Batch 0100/0180 | Loss: 1.5185
Epoch: 023/200 | Batch 0150/0180 | Loss: 1.7498
MAE/RMSE/ACC: Current Valid: 3.34/4.26/11.84 Ep. 23 | Best Valid: 3.31/4.26/11.84 | Ep. 15
Time elapsed: 40.38 min
Epoch: 024/200 | Batch 0000/0180 | Loss: 1.3709
Epoch: 024/200 | Batch 0050/0180 | Loss: 1.4262
Epoch: 024/200 | Batch 0100/0180 | Loss: 1.5140
Epoch: 024/200 | Batch 0150/0180 | Loss: 1.4603
MAE/RMSE/ACC: Current Valid: 3.62/4.65/11.84 Ep. 24 | Best Valid: 3.31/4.26/11.84 | Ep. 15
Time elapsed: 42.17 min
Epoch: 025/200 | Batch 0000/0180 | Loss: 1.2710
Epoch: 025/200 | Batch 0050/0180 | Loss: 1.3419
Epoch: 025/200 | Batch 0100/0180 | Loss: 1.3734
Epoch: 025/200 | Batch 0150/0180 | Loss: 1.4666
MAE/RMSE/ACC: Current Valid: 3.55/4.56/11.84 Ep. 25 | Best Valid: 3.31/4.26/11.84 | Ep. 15
Time elapsed: 43.88 min
Epoch: 026/200 | Batch 0000/0180 | Loss: 1.1449
Epoch: 026/200 | Batch 0050/0180 | Loss: 1.2162
Epoch: 026/200 | Batch 0100/0180 | Loss: 1.3587
Epoch: 026/200 | Batch 0150/0180 | Loss: 1.2250
MAE/RMSE/ACC: Current Valid: 3.54/4.53/11.84 Ep. 26 | Best Valid: 3.31/4.26/11.84 | Ep. 15
Time elapsed: 45.74 min
Epoch: 027/200 | Batch 0000/0180 | Loss: 1.0853
Epoch: 027/200 | Batch 0050/0180 | Loss: 1.0784
Epoch: 027/200 | Batch 0100/0180 | Loss: 1.1020
Epoch: 027/200 | Batch 0150/0180 | Loss: 1.1675
MAE/RMSE/ACC: Current Valid: 3.43/4.38/11.84 Ep. 27 | Best Valid: 3.31/4.26/11.84 | Ep. 15
Time elapsed: 47.56 min
Epoch: 028/200 | Batch 0000/0180 | Loss: 0.9252
Epoch: 028/200 | Batch 0050/0180 | Loss: 1.0923
Epoch: 028/200 | Batch 0100/0180 | Loss: 0.9196
Epoch: 028/200 | Batch 0150/0180 | Loss: 1.1515
MAE/RMSE/ACC: Current Valid: 3.39/4.37/11.84 Ep. 28 | Best Valid: 3.31/4.26/11.84 | Ep. 15
Time elapsed: 49.30 min
Epoch: 029/200 | Batch 0000/0180 | Loss: 0.9776
Epoch: 029/200 | Batch 0050/0180 | Loss: 0.8146
Epoch: 029/200 | Batch 0100/0180 | Loss: 1.0655
Epoch: 029/200 | Batch 0150/0180 | Loss: 1.1080
MAE/RMSE/ACC: Current Valid: 3.44/4.38/11.84 Ep. 29 | Best Valid: 3.31/4.26/11.84 | Ep. 15
Time elapsed: 51.10 min
Epoch: 030/200 | Batch 0000/0180 | Loss: 0.9843
Epoch: 030/200 | Batch 0050/0180 | Loss: 1.0780
Epoch: 030/200 | Batch 0100/0180 | Loss: 0.9721
Epoch: 030/200 | Batch 0150/0180 | Loss: 0.9509
MAE/RMSE/ACC: Current Valid: 3.51/4.49/11.84 Ep. 30 | Best Valid: 3.31/4.26/11.84 | Ep. 15
Time elapsed: 52.90 min
Epoch: 031/200 | Batch 0000/0180 | Loss: 0.8237
Epoch: 031/200 | Batch 0050/0180 | Loss: 0.9260
Epoch: 031/200 | Batch 0100/0180 | Loss: 0.8182
Epoch: 031/200 | Batch 0150/0180 | Loss: 0.9360
MAE/RMSE/ACC: Current Valid: 3.44/4.41/11.84 Ep. 31 | Best Valid: 3.31/4.26/11.84 | Ep. 15
Time elapsed: 54.67 min
Epoch: 032/200 | Batch 0000/0180 | Loss: 0.6501
Epoch: 032/200 | Batch 0050/0180 | Loss: 0.7995
Epoch: 032/200 | Batch 0100/0180 | Loss: 0.8292
Epoch: 032/200 | Batch 0150/0180 | Loss: 0.9407
MAE/RMSE/ACC: Current Valid: 3.48/4.45/11.84 Ep. 32 | Best Valid: 3.31/4.26/11.84 | Ep. 15
Time elapsed: 56.46 min
Epoch: 033/200 | Batch 0000/0180 | Loss: 0.6854
Epoch: 033/200 | Batch 0050/0180 | Loss: 0.7666
Epoch: 033/200 | Batch 0100/0180 | Loss: 0.7332
Epoch: 033/200 | Batch 0150/0180 | Loss: 0.7585
MAE/RMSE/ACC: Current Valid: 3.49/4.48/11.84 Ep. 33 | Best Valid: 3.31/4.26/11.84 | Ep. 15
Time elapsed: 58.14 min
Epoch: 034/200 | Batch 0000/0180 | Loss: 0.6878
Epoch: 034/200 | Batch 0050/0180 | Loss: 0.5582
Epoch: 034/200 | Batch 0100/0180 | Loss: 0.6052
Epoch: 034/200 | Batch 0150/0180 | Loss: 0.7755
MAE/RMSE/ACC: Current Valid: 3.57/4.58/11.84 Ep. 34 | Best Valid: 3.31/4.26/11.84 | Ep. 15
Time elapsed: 59.96 min
Epoch: 035/200 | Batch 0000/0180 | Loss: 0.6077
Epoch: 035/200 | Batch 0050/0180 | Loss: 0.5500
Epoch: 035/200 | Batch 0100/0180 | Loss: 0.7052
Epoch: 035/200 | Batch 0150/0180 | Loss: 0.9202
MAE/RMSE/ACC: Current Valid: 3.49/4.45/11.84 Ep. 35 | Best Valid: 3.31/4.26/11.84 | Ep. 15
Time elapsed: 61.75 min
Epoch: 036/200 | Batch 0000/0180 | Loss: 0.5013
Epoch: 036/200 | Batch 0050/0180 | Loss: 0.6853
Epoch: 036/200 | Batch 0100/0180 | Loss: 0.6523
Epoch: 036/200 | Batch 0150/0180 | Loss: 0.6102
MAE/RMSE/ACC: Current Valid: 3.55/4.57/11.84 Ep. 36 | Best Valid: 3.31/4.26/11.84 | Ep. 15
Time elapsed: 63.54 min
Epoch: 037/200 | Batch 0000/0180 | Loss: 0.4466
Epoch: 037/200 | Batch 0050/0180 | Loss: 0.5203
Epoch: 037/200 | Batch 0100/0180 | Loss: 0.5874
Epoch: 037/200 | Batch 0150/0180 | Loss: 0.6877
MAE/RMSE/ACC: Current Valid: 3.52/4.54/11.84 Ep. 37 | Best Valid: 3.31/4.26/11.84 | Ep. 15
Time elapsed: 65.34 min
Epoch: 038/200 | Batch 0000/0180 | Loss: 0.5124
Epoch: 038/200 | Batch 0050/0180 | Loss: 0.5572
Epoch: 038/200 | Batch 0100/0180 | Loss: 0.5505
Epoch: 038/200 | Batch 0150/0180 | Loss: 0.6762
MAE/RMSE/ACC: Current Valid: 3.52/4.50/11.84 Ep. 38 | Best Valid: 3.31/4.26/11.84 | Ep. 15
Time elapsed: 67.12 min
Epoch: 039/200 | Batch 0000/0180 | Loss: 0.4942
Epoch: 039/200 | Batch 0050/0180 | Loss: 0.4505
Epoch: 039/200 | Batch 0100/0180 | Loss: 0.5523
Epoch: 039/200 | Batch 0150/0180 | Loss: 0.5603
MAE/RMSE/ACC: Current Valid: 3.47/4.42/11.84 Ep. 39 | Best Valid: 3.31/4.26/11.84 | Ep. 15
Time elapsed: 68.92 min
Epoch: 040/200 | Batch 0000/0180 | Loss: 0.4790
Epoch: 040/200 | Batch 0050/0180 | Loss: 0.5648
Epoch: 040/200 | Batch 0100/0180 | Loss: 0.4230
Epoch: 040/200 | Batch 0150/0180 | Loss: 0.5239
MAE/RMSE/ACC: Current Valid: 3.59/4.61/11.84 Ep. 40 | Best Valid: 3.31/4.26/11.84 | Ep. 15
Time elapsed: 70.72 min
Epoch: 041/200 | Batch 0000/0180 | Loss: 0.4083
Epoch: 041/200 | Batch 0050/0180 | Loss: 0.5131
Epoch: 041/200 | Batch 0100/0180 | Loss: 0.4905
Epoch: 041/200 | Batch 0150/0180 | Loss: 0.5367
MAE/RMSE/ACC: Current Valid: 3.46/4.38/11.84 Ep. 41 | Best Valid: 3.31/4.26/11.84 | Ep. 15
Time elapsed: 72.45 min
Epoch: 042/200 | Batch 0000/0180 | Loss: 0.4816
Epoch: 042/200 | Batch 0050/0180 | Loss: 0.4913
Epoch: 042/200 | Batch 0100/0180 | Loss: 0.4663
Epoch: 042/200 | Batch 0150/0180 | Loss: 0.4200
MAE/RMSE/ACC: Current Valid: 3.52/4.50/11.84 Ep. 42 | Best Valid: 3.31/4.26/11.84 | Ep. 15
Time elapsed: 74.14 min
Epoch: 043/200 | Batch 0000/0180 | Loss: 0.3980
Epoch: 043/200 | Batch 0050/0180 | Loss: 0.3824
Epoch: 043/200 | Batch 0100/0180 | Loss: 0.4969
Epoch: 043/200 | Batch 0150/0180 | Loss: 0.4552
MAE/RMSE/ACC: Current Valid: 3.52/4.50/11.84 Ep. 43 | Best Valid: 3.31/4.26/11.84 | Ep. 15
Time elapsed: 75.89 min
Epoch: 044/200 | Batch 0000/0180 | Loss: 0.3768
Epoch: 044/200 | Batch 0050/0180 | Loss: 0.4555
Epoch: 044/200 | Batch 0100/0180 | Loss: 0.4033
Epoch: 044/200 | Batch 0150/0180 | Loss: 0.4754
MAE/RMSE/ACC: Current Valid: 3.58/4.58/11.84 Ep. 44 | Best Valid: 3.31/4.26/11.84 | Ep. 15
Time elapsed: 77.70 min
Epoch: 045/200 | Batch 0000/0180 | Loss: 0.3838
Epoch: 045/200 | Batch 0050/0180 | Loss: 0.3732
Epoch: 045/200 | Batch 0100/0180 | Loss: 0.4052
Epoch: 045/200 | Batch 0150/0180 | Loss: 0.4323
MAE/RMSE/ACC: Current Valid: 3.61/4.64/11.84 Ep. 45 | Best Valid: 3.31/4.26/11.84 | Ep. 15
Time elapsed: 79.27 min
Epoch: 046/200 | Batch 0000/0180 | Loss: 0.2664
Epoch: 046/200 | Batch 0050/0180 | Loss: 0.4383
Epoch: 046/200 | Batch 0100/0180 | Loss: 0.3905
Epoch: 046/200 | Batch 0150/0180 | Loss: 0.4610
MAE/RMSE/ACC: Current Valid: 3.55/4.56/11.84 Ep. 46 | Best Valid: 3.31/4.26/11.84 | Ep. 15
Time elapsed: 81.10 min
Epoch: 047/200 | Batch 0000/0180 | Loss: 0.2924
Epoch: 047/200 | Batch 0050/0180 | Loss: 0.3523
Epoch: 047/200 | Batch 0100/0180 | Loss: 0.2611
Epoch: 047/200 | Batch 0150/0180 | Loss: 0.3106
MAE/RMSE/ACC: Current Valid: 3.60/4.61/11.84 Ep. 47 | Best Valid: 3.31/4.26/11.84 | Ep. 15
Time elapsed: 82.90 min
Epoch: 048/200 | Batch 0000/0180 | Loss: 0.3415
Epoch: 048/200 | Batch 0050/0180 | Loss: 0.2997
Epoch: 048/200 | Batch 0100/0180 | Loss: 0.3476
Epoch: 048/200 | Batch 0150/0180 | Loss: 0.3891
MAE/RMSE/ACC: Current Valid: 3.63/4.65/11.84 Ep. 48 | Best Valid: 3.31/4.26/11.84 | Ep. 15
Time elapsed: 84.68 min
Epoch: 049/200 | Batch 0000/0180 | Loss: 0.2899
Epoch: 049/200 | Batch 0050/0180 | Loss: 0.2940
Epoch: 049/200 | Batch 0100/0180 | Loss: 0.3795
Epoch: 049/200 | Batch 0150/0180 | Loss: 0.3313
MAE/RMSE/ACC: Current Valid: 3.58/4.58/11.84 Ep. 49 | Best Valid: 3.31/4.26/11.84 | Ep. 15
Time elapsed: 86.47 min
Epoch: 050/200 | Batch 0000/0180 | Loss: 0.1796
Epoch: 050/200 | Batch 0050/0180 | Loss: 0.2915
Epoch: 050/200 | Batch 0100/0180 | Loss: 0.2846
Epoch: 050/200 | Batch 0150/0180 | Loss: 0.3659
MAE/RMSE/ACC: Current Valid: 3.52/4.51/11.84 Ep. 50 | Best Valid: 3.31/4.26/11.84 | Ep. 15
Time elapsed: 88.26 min
Epoch: 051/200 | Batch 0000/0180 | Loss: 0.2406
Epoch: 051/200 | Batch 0050/0180 | Loss: 0.3074
Epoch: 051/200 | Batch 0100/0180 | Loss: 0.2756
Epoch: 051/200 | Batch 0150/0180 | Loss: 0.3966
MAE/RMSE/ACC: Current Valid: 3.59/4.61/11.84 Ep. 51 | Best Valid: 3.31/4.26/11.84 | Ep. 15
Time elapsed: 89.97 min
Epoch: 052/200 | Batch 0000/0180 | Loss: 0.2485
Epoch: 052/200 | Batch 0050/0180 | Loss: 0.3389
Epoch: 052/200 | Batch 0100/0180 | Loss: 0.3063
Epoch: 052/200 | Batch 0150/0180 | Loss: 0.3345
MAE/RMSE/ACC: Current Valid: 3.43/4.37/11.84 Ep. 52 | Best Valid: 3.31/4.26/11.84 | Ep. 15
Time elapsed: 91.74 min
Epoch: 053/200 | Batch 0000/0180 | Loss: 0.2190
Epoch: 053/200 | Batch 0050/0180 | Loss: 0.3448
Epoch: 053/200 | Batch 0100/0180 | Loss: 0.2163
Epoch: 053/200 | Batch 0150/0180 | Loss: 0.3786
MAE/RMSE/ACC: Current Valid: 3.50/4.50/11.84 Ep. 53 | Best Valid: 3.31/4.26/11.84 | Ep. 15
Time elapsed: 93.40 min
Epoch: 054/200 | Batch 0000/0180 | Loss: 0.3408
Epoch: 054/200 | Batch 0050/0180 | Loss: 0.2847
Epoch: 054/200 | Batch 0100/0180 | Loss: 0.3193
Epoch: 054/200 | Batch 0150/0180 | Loss: 0.2261
MAE/RMSE/ACC: Current Valid: 3.50/4.49/11.84 Ep. 54 | Best Valid: 3.31/4.26/11.84 | Ep. 15
Time elapsed: 95.20 min
Epoch: 055/200 | Batch 0000/0180 | Loss: 0.1266
Epoch: 055/200 | Batch 0050/0180 | Loss: 0.2454
Epoch: 055/200 | Batch 0100/0180 | Loss: 0.2479
Epoch: 055/200 | Batch 0150/0180 | Loss: 0.3112
MAE/RMSE/ACC: Current Valid: 3.55/4.53/11.84 Ep. 55 | Best Valid: 3.31/4.26/11.84 | Ep. 15
Time elapsed: 96.95 min
Epoch: 056/200 | Batch 0000/0180 | Loss: 0.2194
Epoch: 056/200 | Batch 0050/0180 | Loss: 0.2137
Epoch: 056/200 | Batch 0100/0180 | Loss: 0.2940
Epoch: 056/200 | Batch 0150/0180 | Loss: 0.2793
MAE/RMSE/ACC: Current Valid: 3.54/4.56/11.84 Ep. 56 | Best Valid: 3.31/4.26/11.84 | Ep. 15
Time elapsed: 98.71 min
Epoch: 057/200 | Batch 0000/0180 | Loss: 0.1284
Epoch: 057/200 | Batch 0050/0180 | Loss: 0.1396
Epoch: 057/200 | Batch 0100/0180 | Loss: 0.2306
Epoch: 057/200 | Batch 0150/0180 | Loss: 0.3744
MAE/RMSE/ACC: Current Valid: 3.49/4.48/11.84 Ep. 57 | Best Valid: 3.31/4.26/11.84 | Ep. 15
Time elapsed: 100.50 min
Epoch: 058/200 | Batch 0000/0180 | Loss: 0.2103
Epoch: 058/200 | Batch 0050/0180 | Loss: 0.2722
Epoch: 058/200 | Batch 0100/0180 | Loss: 0.1711
Epoch: 058/200 | Batch 0150/0180 | Loss: 0.2224
MAE/RMSE/ACC: Current Valid: 3.60/4.62/11.84 Ep. 58 | Best Valid: 3.31/4.26/11.84 | Ep. 15
Time elapsed: 102.28 min
Epoch: 059/200 | Batch 0000/0180 | Loss: 0.2078
Epoch: 059/200 | Batch 0050/0180 | Loss: 0.1048
Epoch: 059/200 | Batch 0100/0180 | Loss: 0.3406
Epoch: 059/200 | Batch 0150/0180 | Loss: 0.1872
MAE/RMSE/ACC: Current Valid: 3.54/4.54/11.84 Ep. 59 | Best Valid: 3.31/4.26/11.84 | Ep. 15
Time elapsed: 104.08 min
Epoch: 060/200 | Batch 0000/0180 | Loss: 0.1668
Epoch: 060/200 | Batch 0050/0180 | Loss: 0.1471
Epoch: 060/200 | Batch 0100/0180 | Loss: 0.2051
Epoch: 060/200 | Batch 0150/0180 | Loss: 0.2046
MAE/RMSE/ACC: Current Valid: 3.52/4.52/11.84 Ep. 60 | Best Valid: 3.31/4.26/11.84 | Ep. 15
Time elapsed: 105.81 min
Epoch: 061/200 | Batch 0000/0180 | Loss: 0.1476
Epoch: 061/200 | Batch 0050/0180 | Loss: 0.1939
Epoch: 061/200 | Batch 0100/0180 | Loss: 0.1709
Epoch: 061/200 | Batch 0150/0180 | Loss: 0.2045
MAE/RMSE/ACC: Current Valid: 3.52/4.51/11.84 Ep. 61 | Best Valid: 3.31/4.26/11.84 | Ep. 15
Time elapsed: 107.58 min
Epoch: 062/200 | Batch 0000/0180 | Loss: 0.1867
Epoch: 062/200 | Batch 0050/0180 | Loss: 0.1918
Epoch: 062/200 | Batch 0100/0180 | Loss: 0.2043
Epoch: 062/200 | Batch 0150/0180 | Loss: 0.2008
MAE/RMSE/ACC: Current Valid: 3.50/4.49/11.84 Ep. 62 | Best Valid: 3.31/4.26/11.84 | Ep. 15
Time elapsed: 109.31 min
Epoch: 063/200 | Batch 0000/0180 | Loss: 0.1598
Epoch: 063/200 | Batch 0050/0180 | Loss: 0.1886
Epoch: 063/200 | Batch 0100/0180 | Loss: 0.2485
Epoch: 063/200 | Batch 0150/0180 | Loss: 0.1881
MAE/RMSE/ACC: Current Valid: 3.52/4.49/11.84 Ep. 63 | Best Valid: 3.31/4.26/11.84 | Ep. 15
Time elapsed: 111.09 min
Epoch: 064/200 | Batch 0000/0180 | Loss: 0.1863
Epoch: 064/200 | Batch 0050/0180 | Loss: 0.1509
Epoch: 064/200 | Batch 0100/0180 | Loss: 0.1815
Epoch: 064/200 | Batch 0150/0180 | Loss: 0.1408
MAE/RMSE/ACC: Current Valid: 3.53/4.54/11.84 Ep. 64 | Best Valid: 3.31/4.26/11.84 | Ep. 15
Time elapsed: 112.85 min
Epoch: 065/200 | Batch 0000/0180 | Loss: 0.1761
Epoch: 065/200 | Batch 0050/0180 | Loss: 0.1957
Epoch: 065/200 | Batch 0100/0180 | Loss: 0.1485
Epoch: 065/200 | Batch 0150/0180 | Loss: 0.2201
MAE/RMSE/ACC: Current Valid: 3.63/4.66/11.84 Ep. 65 | Best Valid: 3.31/4.26/11.84 | Ep. 15
Time elapsed: 114.63 min
Epoch: 066/200 | Batch 0000/0180 | Loss: 0.1255
Epoch: 066/200 | Batch 0050/0180 | Loss: 0.2117
Epoch: 066/200 | Batch 0100/0180 | Loss: 0.1867
Epoch: 066/200 | Batch 0150/0180 | Loss: 0.1605
MAE/RMSE/ACC: Current Valid: 3.62/4.66/11.84 Ep. 66 | Best Valid: 3.31/4.26/11.84 | Ep. 15
Time elapsed: 116.38 min
Epoch: 067/200 | Batch 0000/0180 | Loss: 0.1416
Epoch: 067/200 | Batch 0050/0180 | Loss: 0.1296
Epoch: 067/200 | Batch 0100/0180 | Loss: 0.1284
Epoch: 067/200 | Batch 0150/0180 | Loss: 0.1201
MAE/RMSE/ACC: Current Valid: 3.50/4.47/11.84 Ep. 67 | Best Valid: 3.31/4.26/11.84 | Ep. 15
Time elapsed: 118.12 min
Epoch: 068/200 | Batch 0000/0180 | Loss: 0.1776
Epoch: 068/200 | Batch 0050/0180 | Loss: 0.1509
Epoch: 068/200 | Batch 0100/0180 | Loss: 0.1416
Epoch: 068/200 | Batch 0150/0180 | Loss: 0.2144
MAE/RMSE/ACC: Current Valid: 3.58/4.58/11.84 Ep. 68 | Best Valid: 3.31/4.26/11.84 | Ep. 15
Time elapsed: 119.87 min
Epoch: 069/200 | Batch 0000/0180 | Loss: 0.1018
Epoch: 069/200 | Batch 0050/0180 | Loss: 0.1742
Epoch: 069/200 | Batch 0100/0180 | Loss: 0.1206
Epoch: 069/200 | Batch 0150/0180 | Loss: 0.1255
MAE/RMSE/ACC: Current Valid: 3.50/4.48/11.84 Ep. 69 | Best Valid: 3.31/4.26/11.84 | Ep. 15
Time elapsed: 121.64 min
Epoch: 070/200 | Batch 0000/0180 | Loss: 0.1137
Epoch: 070/200 | Batch 0050/0180 | Loss: 0.1212
Epoch: 070/200 | Batch 0100/0180 | Loss: 0.1750
Epoch: 070/200 | Batch 0150/0180 | Loss: 0.2129
MAE/RMSE/ACC: Current Valid: 3.64/4.65/11.84 Ep. 70 | Best Valid: 3.31/4.26/11.84 | Ep. 15
Time elapsed: 123.34 min
Epoch: 071/200 | Batch 0000/0180 | Loss: 0.2046
Epoch: 071/200 | Batch 0050/0180 | Loss: 0.1033
Epoch: 071/200 | Batch 0100/0180 | Loss: 0.1914
Epoch: 071/200 | Batch 0150/0180 | Loss: 0.0756
MAE/RMSE/ACC: Current Valid: 3.61/4.64/11.84 Ep. 71 | Best Valid: 3.31/4.26/11.84 | Ep. 15
Time elapsed: 125.10 min
Epoch: 072/200 | Batch 0000/0180 | Loss: 0.1250
Epoch: 072/200 | Batch 0050/0180 | Loss: 0.1070
Epoch: 072/200 | Batch 0100/0180 | Loss: 0.1477
Epoch: 072/200 | Batch 0150/0180 | Loss: 0.1434
MAE/RMSE/ACC: Current Valid: 3.58/4.58/11.84 Ep. 72 | Best Valid: 3.31/4.26/11.84 | Ep. 15
Time elapsed: 126.77 min
Epoch: 073/200 | Batch 0000/0180 | Loss: 0.1294
Epoch: 073/200 | Batch 0050/0180 | Loss: 0.1059
Epoch: 073/200 | Batch 0100/0180 | Loss: 0.1391
Epoch: 073/200 | Batch 0150/0180 | Loss: 0.2015
MAE/RMSE/ACC: Current Valid: 3.62/4.64/11.84 Ep. 73 | Best Valid: 3.31/4.26/11.84 | Ep. 15
Time elapsed: 128.51 min
Epoch: 074/200 | Batch 0000/0180 | Loss: 0.1013
Epoch: 074/200 | Batch 0050/0180 | Loss: 0.0942
Epoch: 074/200 | Batch 0100/0180 | Loss: 0.1039
Epoch: 074/200 | Batch 0150/0180 | Loss: 0.1148
MAE/RMSE/ACC: Current Valid: 3.54/4.55/11.84 Ep. 74 | Best Valid: 3.31/4.26/11.84 | Ep. 15
Time elapsed: 130.23 min
Epoch: 075/200 | Batch 0000/0180 | Loss: 0.1091
Epoch: 075/200 | Batch 0050/0180 | Loss: 0.0970
Epoch: 075/200 | Batch 0100/0180 | Loss: 0.1547
Epoch: 075/200 | Batch 0150/0180 | Loss: 0.1407
MAE/RMSE/ACC: Current Valid: 3.54/4.54/11.84 Ep. 75 | Best Valid: 3.31/4.26/11.84 | Ep. 15
Time elapsed: 131.92 min
Epoch: 076/200 | Batch 0000/0180 | Loss: 0.0837
Epoch: 076/200 | Batch 0050/0180 | Loss: 0.0956
Epoch: 076/200 | Batch 0100/0180 | Loss: 0.1010
Epoch: 076/200 | Batch 0150/0180 | Loss: 0.1673
MAE/RMSE/ACC: Current Valid: 3.59/4.59/11.84 Ep. 76 | Best Valid: 3.31/4.26/11.84 | Ep. 15
Time elapsed: 133.67 min
Epoch: 077/200 | Batch 0000/0180 | Loss: 0.0989
Epoch: 077/200 | Batch 0050/0180 | Loss: 0.1933
Epoch: 077/200 | Batch 0100/0180 | Loss: 0.1558
Epoch: 077/200 | Batch 0150/0180 | Loss: 0.1224
MAE/RMSE/ACC: Current Valid: 3.63/4.63/11.84 Ep. 77 | Best Valid: 3.31/4.26/11.84 | Ep. 15
Time elapsed: 135.40 min
Epoch: 078/200 | Batch 0000/0180 | Loss: 0.1074
Epoch: 078/200 | Batch 0050/0180 | Loss: 0.1179
Epoch: 078/200 | Batch 0100/0180 | Loss: 0.1064
Epoch: 078/200 | Batch 0150/0180 | Loss: 0.1513
MAE/RMSE/ACC: Current Valid: 3.62/4.66/11.84 Ep. 78 | Best Valid: 3.31/4.26/11.84 | Ep. 15
Time elapsed: 137.15 min
Epoch: 079/200 | Batch 0000/0180 | Loss: 0.1142
Epoch: 079/200 | Batch 0050/0180 | Loss: 0.1253
Epoch: 079/200 | Batch 0100/0180 | Loss: 0.1517
Epoch: 079/200 | Batch 0150/0180 | Loss: 0.1503
MAE/RMSE/ACC: Current Valid: 3.54/4.52/11.84 Ep. 79 | Best Valid: 3.31/4.26/11.84 | Ep. 15
Time elapsed: 138.91 min
Epoch: 080/200 | Batch 0000/0180 | Loss: 0.1159
Epoch: 080/200 | Batch 0050/0180 | Loss: 0.1204
Epoch: 080/200 | Batch 0100/0180 | Loss: 0.0928
Epoch: 080/200 | Batch 0150/0180 | Loss: 0.1538
MAE/RMSE/ACC: Current Valid: 3.50/4.46/11.84 Ep. 80 | Best Valid: 3.31/4.26/11.84 | Ep. 15
Time elapsed: 140.65 min
Epoch: 081/200 | Batch 0000/0180 | Loss: 0.0873
Epoch: 081/200 | Batch 0050/0180 | Loss: 0.1250
Epoch: 081/200 | Batch 0100/0180 | Loss: 0.1017
Epoch: 081/200 | Batch 0150/0180 | Loss: 0.1303
MAE/RMSE/ACC: Current Valid: 3.55/4.56/11.84 Ep. 81 | Best Valid: 3.31/4.26/11.84 | Ep. 15
Time elapsed: 142.37 min
Epoch: 082/200 | Batch 0000/0180 | Loss: 0.1222
Epoch: 082/200 | Batch 0050/0180 | Loss: 0.0983
Epoch: 082/200 | Batch 0100/0180 | Loss: 0.0948
Epoch: 082/200 | Batch 0150/0180 | Loss: 0.0965
MAE/RMSE/ACC: Current Valid: 3.56/4.56/11.84 Ep. 82 | Best Valid: 3.31/4.26/11.84 | Ep. 15
Time elapsed: 144.13 min
Epoch: 083/200 | Batch 0000/0180 | Loss: 0.1091
Epoch: 083/200 | Batch 0050/0180 | Loss: 0.0796
Epoch: 083/200 | Batch 0100/0180 | Loss: 0.1856
Epoch: 083/200 | Batch 0150/0180 | Loss: 0.1749
MAE/RMSE/ACC: Current Valid: 3.61/4.63/11.84 Ep. 83 | Best Valid: 3.31/4.26/11.84 | Ep. 15
Time elapsed: 145.87 min
Epoch: 084/200 | Batch 0000/0180 | Loss: 0.1275
Epoch: 084/200 | Batch 0050/0180 | Loss: 0.0750
Epoch: 084/200 | Batch 0100/0180 | Loss: 0.1268
Epoch: 084/200 | Batch 0150/0180 | Loss: 0.1492
MAE/RMSE/ACC: Current Valid: 3.58/4.59/11.84 Ep. 84 | Best Valid: 3.31/4.26/11.84 | Ep. 15
Time elapsed: 147.64 min
Epoch: 085/200 | Batch 0000/0180 | Loss: 0.0867
Epoch: 085/200 | Batch 0050/0180 | Loss: 0.1040
Epoch: 085/200 | Batch 0100/0180 | Loss: 0.0915
Epoch: 085/200 | Batch 0150/0180 | Loss: 0.1813
MAE/RMSE/ACC: Current Valid: 3.56/4.54/11.84 Ep. 85 | Best Valid: 3.31/4.26/11.84 | Ep. 15
Time elapsed: 149.39 min
Epoch: 086/200 | Batch 0000/0180 | Loss: 0.0544
Epoch: 086/200 | Batch 0050/0180 | Loss: 0.1301
Epoch: 086/200 | Batch 0100/0180 | Loss: 0.1060
Epoch: 086/200 | Batch 0150/0180 | Loss: 0.1002
MAE/RMSE/ACC: Current Valid: 3.56/4.56/11.84 Ep. 86 | Best Valid: 3.31/4.26/11.84 | Ep. 15
Time elapsed: 151.15 min
Epoch: 087/200 | Batch 0000/0180 | Loss: 0.0739
Epoch: 087/200 | Batch 0050/0180 | Loss: 0.0951
Epoch: 087/200 | Batch 0100/0180 | Loss: 0.1615
Epoch: 087/200 | Batch 0150/0180 | Loss: 0.1437
MAE/RMSE/ACC: Current Valid: 3.58/4.60/11.84 Ep. 87 | Best Valid: 3.31/4.26/11.84 | Ep. 15
Time elapsed: 152.77 min
Epoch: 088/200 | Batch 0000/0180 | Loss: 0.1033
Epoch: 088/200 | Batch 0050/0180 | Loss: 0.1303
Epoch: 088/200 | Batch 0100/0180 | Loss: 0.1746
Epoch: 088/200 | Batch 0150/0180 | Loss: 0.1062
MAE/RMSE/ACC: Current Valid: 3.55/4.56/11.84 Ep. 88 | Best Valid: 3.31/4.26/11.84 | Ep. 15
Time elapsed: 154.45 min
Epoch: 089/200 | Batch 0000/0180 | Loss: 0.0629
Epoch: 089/200 | Batch 0050/0180 | Loss: 0.0761
Epoch: 089/200 | Batch 0100/0180 | Loss: 0.0982
Epoch: 089/200 | Batch 0150/0180 | Loss: 0.0774
MAE/RMSE/ACC: Current Valid: 3.69/4.74/11.84 Ep. 89 | Best Valid: 3.31/4.26/11.84 | Ep. 15
Time elapsed: 156.22 min
Epoch: 090/200 | Batch 0000/0180 | Loss: 0.0921
Epoch: 090/200 | Batch 0050/0180 | Loss: 0.0787
Epoch: 090/200 | Batch 0100/0180 | Loss: 0.1024
Epoch: 090/200 | Batch 0150/0180 | Loss: 0.0574
MAE/RMSE/ACC: Current Valid: 3.58/4.57/11.84 Ep. 90 | Best Valid: 3.31/4.26/11.84 | Ep. 15
Time elapsed: 157.96 min
Epoch: 091/200 | Batch 0000/0180 | Loss: 0.0962
Epoch: 091/200 | Batch 0050/0180 | Loss: 0.0897
Epoch: 091/200 | Batch 0100/0180 | Loss: 0.0936
Epoch: 091/200 | Batch 0150/0180 | Loss: 0.1066
MAE/RMSE/ACC: Current Valid: 3.55/4.55/11.84 Ep. 91 | Best Valid: 3.31/4.26/11.84 | Ep. 15
Time elapsed: 159.72 min
Epoch: 092/200 | Batch 0000/0180 | Loss: 0.1263
Epoch: 092/200 | Batch 0050/0180 | Loss: 0.0968
Epoch: 092/200 | Batch 0100/0180 | Loss: 0.0788
Epoch: 092/200 | Batch 0150/0180 | Loss: 0.1442
MAE/RMSE/ACC: Current Valid: 3.56/4.57/11.84 Ep. 92 | Best Valid: 3.31/4.26/11.84 | Ep. 15
Time elapsed: 161.43 min
Epoch: 093/200 | Batch 0000/0180 | Loss: 0.0665
Epoch: 093/200 | Batch 0050/0180 | Loss: 0.0909
Epoch: 093/200 | Batch 0100/0180 | Loss: 0.1037
Epoch: 093/200 | Batch 0150/0180 | Loss: 0.1896
MAE/RMSE/ACC: Current Valid: 3.57/4.58/11.84 Ep. 93 | Best Valid: 3.31/4.26/11.84 | Ep. 15
Time elapsed: 163.13 min
Epoch: 094/200 | Batch 0000/0180 | Loss: 0.0938
Epoch: 094/200 | Batch 0050/0180 | Loss: 0.1047
Epoch: 094/200 | Batch 0100/0180 | Loss: 0.0852
Epoch: 094/200 | Batch 0150/0180 | Loss: 0.1658
MAE/RMSE/ACC: Current Valid: 3.62/4.64/11.84 Ep. 94 | Best Valid: 3.31/4.26/11.84 | Ep. 15
Time elapsed: 164.83 min
Epoch: 095/200 | Batch 0000/0180 | Loss: 0.0896
Epoch: 095/200 | Batch 0050/0180 | Loss: 0.1173
Epoch: 095/200 | Batch 0100/0180 | Loss: 0.1006
Epoch: 095/200 | Batch 0150/0180 | Loss: 0.0834
MAE/RMSE/ACC: Current Valid: 3.59/4.62/11.84 Ep. 95 | Best Valid: 3.31/4.26/11.84 | Ep. 15
Time elapsed: 166.56 min
Epoch: 096/200 | Batch 0000/0180 | Loss: 0.0829
Epoch: 096/200 | Batch 0050/0180 | Loss: 0.0923
Epoch: 096/200 | Batch 0100/0180 | Loss: 0.1016
Epoch: 096/200 | Batch 0150/0180 | Loss: 0.1100
MAE/RMSE/ACC: Current Valid: 3.62/4.63/11.84 Ep. 96 | Best Valid: 3.31/4.26/11.84 | Ep. 15
Time elapsed: 168.27 min
Epoch: 097/200 | Batch 0000/0180 | Loss: 0.1027
Epoch: 097/200 | Batch 0050/0180 | Loss: 0.0338
Epoch: 097/200 | Batch 0100/0180 | Loss: 0.0736
Epoch: 097/200 | Batch 0150/0180 | Loss: 0.1109
MAE/RMSE/ACC: Current Valid: 3.60/4.60/11.84 Ep. 97 | Best Valid: 3.31/4.26/11.84 | Ep. 15
Time elapsed: 169.92 min
Epoch: 098/200 | Batch 0000/0180 | Loss: 0.1321
Epoch: 098/200 | Batch 0050/0180 | Loss: 0.1141
Epoch: 098/200 | Batch 0100/0180 | Loss: 0.1954
Epoch: 098/200 | Batch 0150/0180 | Loss: 0.1012
MAE/RMSE/ACC: Current Valid: 3.62/4.64/11.84 Ep. 98 | Best Valid: 3.31/4.26/11.84 | Ep. 15
Time elapsed: 171.70 min
Epoch: 099/200 | Batch 0000/0180 | Loss: 0.0909
Epoch: 099/200 | Batch 0050/0180 | Loss: 0.0921
Epoch: 099/200 | Batch 0100/0180 | Loss: 0.0824
Epoch: 099/200 | Batch 0150/0180 | Loss: 0.1657
MAE/RMSE/ACC: Current Valid: 3.62/4.62/11.84 Ep. 99 | Best Valid: 3.31/4.26/11.84 | Ep. 15
Time elapsed: 173.47 min
Epoch: 100/200 | Batch 0000/0180 | Loss: 0.0467
Epoch: 100/200 | Batch 0050/0180 | Loss: 0.0816
Epoch: 100/200 | Batch 0100/0180 | Loss: 0.1068
Epoch: 100/200 | Batch 0150/0180 | Loss: 0.0766
MAE/RMSE/ACC: Current Valid: 3.55/4.55/11.84 Ep. 100 | Best Valid: 3.31/4.26/11.84 | Ep. 15
Time elapsed: 175.24 min
Epoch: 101/200 | Batch 0000/0180 | Loss: 0.1050
Epoch: 101/200 | Batch 0050/0180 | Loss: 0.0729
Epoch: 101/200 | Batch 0100/0180 | Loss: 0.0877
Epoch: 101/200 | Batch 0150/0180 | Loss: 0.0872
MAE/RMSE/ACC: Current Valid: 3.62/4.64/11.84 Ep. 101 | Best Valid: 3.31/4.26/11.84 | Ep. 15
Time elapsed: 176.98 min
Epoch: 102/200 | Batch 0000/0180 | Loss: 0.0804
Epoch: 102/200 | Batch 0050/0180 | Loss: 0.0724
Epoch: 102/200 | Batch 0100/0180 | Loss: 0.0650
Epoch: 102/200 | Batch 0150/0180 | Loss: 0.1020
MAE/RMSE/ACC: Current Valid: 3.57/4.58/11.84 Ep. 102 | Best Valid: 3.31/4.26/11.84 | Ep. 15
Time elapsed: 178.75 min
Epoch: 103/200 | Batch 0000/0180 | Loss: 0.0808
Epoch: 103/200 | Batch 0050/0180 | Loss: 0.0820
Epoch: 103/200 | Batch 0100/0180 | Loss: 0.1690
Epoch: 103/200 | Batch 0150/0180 | Loss: 0.0835
MAE/RMSE/ACC: Current Valid: 3.54/4.54/11.84 Ep. 103 | Best Valid: 3.31/4.26/11.84 | Ep. 15
Time elapsed: 180.47 min
Epoch: 104/200 | Batch 0000/0180 | Loss: 0.0711
Epoch: 104/200 | Batch 0050/0180 | Loss: 0.1150
Epoch: 104/200 | Batch 0100/0180 | Loss: 0.0630
Epoch: 104/200 | Batch 0150/0180 | Loss: 0.1536
MAE/RMSE/ACC: Current Valid: 3.58/4.55/11.84 Ep. 104 | Best Valid: 3.31/4.26/11.84 | Ep. 15
Time elapsed: 182.23 min
Epoch: 105/200 | Batch 0000/0180 | Loss: 0.1006
Epoch: 105/200 | Batch 0050/0180 | Loss: 0.1111
Epoch: 105/200 | Batch 0100/0180 | Loss: 0.0874
Epoch: 105/200 | Batch 0150/0180 | Loss: 0.0683
MAE/RMSE/ACC: Current Valid: 3.63/4.66/11.84 Ep. 105 | Best Valid: 3.31/4.26/11.84 | Ep. 15
Time elapsed: 183.94 min
Epoch: 106/200 | Batch 0000/0180 | Loss: 0.0698
Epoch: 106/200 | Batch 0050/0180 | Loss: 0.0960
Epoch: 106/200 | Batch 0100/0180 | Loss: 0.0980
Epoch: 106/200 | Batch 0150/0180 | Loss: 0.0693
MAE/RMSE/ACC: Current Valid: 3.57/4.58/11.84 Ep. 106 | Best Valid: 3.31/4.26/11.84 | Ep. 15
Time elapsed: 185.65 min
Epoch: 107/200 | Batch 0000/0180 | Loss: 0.0515
Epoch: 107/200 | Batch 0050/0180 | Loss: 0.0920
Epoch: 107/200 | Batch 0100/0180 | Loss: 0.0572
Epoch: 107/200 | Batch 0150/0180 | Loss: 0.1759
MAE/RMSE/ACC: Current Valid: 3.52/4.49/11.84 Ep. 107 | Best Valid: 3.31/4.26/11.84 | Ep. 15
Time elapsed: 187.41 min
Epoch: 108/200 | Batch 0000/0180 | Loss: 0.0395
Epoch: 108/200 | Batch 0050/0180 | Loss: 0.1155
Epoch: 108/200 | Batch 0100/0180 | Loss: 0.1177
Epoch: 108/200 | Batch 0150/0180 | Loss: 0.1046
MAE/RMSE/ACC: Current Valid: 3.58/4.58/11.84 Ep. 108 | Best Valid: 3.31/4.26/11.84 | Ep. 15
Time elapsed: 189.10 min
Epoch: 109/200 | Batch 0000/0180 | Loss: 0.0814
Epoch: 109/200 | Batch 0050/0180 | Loss: 0.0499
Epoch: 109/200 | Batch 0100/0180 | Loss: 0.1026
Epoch: 109/200 | Batch 0150/0180 | Loss: 0.0723
MAE/RMSE/ACC: Current Valid: 3.49/4.44/11.84 Ep. 109 | Best Valid: 3.31/4.26/11.84 | Ep. 15
Time elapsed: 190.81 min
Epoch: 110/200 | Batch 0000/0180 | Loss: 0.0676
Epoch: 110/200 | Batch 0050/0180 | Loss: 0.0683
Epoch: 110/200 | Batch 0100/0180 | Loss: 0.0614
Epoch: 110/200 | Batch 0150/0180 | Loss: 0.0777
MAE/RMSE/ACC: Current Valid: 3.67/4.71/11.84 Ep. 110 | Best Valid: 3.31/4.26/11.84 | Ep. 15
Time elapsed: 192.58 min
Epoch: 111/200 | Batch 0000/0180 | Loss: 0.0515
Epoch: 111/200 | Batch 0050/0180 | Loss: 0.0501
Epoch: 111/200 | Batch 0100/0180 | Loss: 0.0776
Epoch: 111/200 | Batch 0150/0180 | Loss: 0.0684
MAE/RMSE/ACC: Current Valid: 3.54/4.52/11.84 Ep. 111 | Best Valid: 3.31/4.26/11.84 | Ep. 15
Time elapsed: 194.32 min
Epoch: 112/200 | Batch 0000/0180 | Loss: 0.0847
Epoch: 112/200 | Batch 0050/0180 | Loss: 0.0563
Epoch: 112/200 | Batch 0100/0180 | Loss: 0.0768
Epoch: 112/200 | Batch 0150/0180 | Loss: 0.0570
MAE/RMSE/ACC: Current Valid: 3.58/4.58/11.84 Ep. 112 | Best Valid: 3.31/4.26/11.84 | Ep. 15
Time elapsed: 196.04 min
Epoch: 113/200 | Batch 0000/0180 | Loss: 0.0812
Epoch: 113/200 | Batch 0050/0180 | Loss: 0.1254
Epoch: 113/200 | Batch 0100/0180 | Loss: 0.0516
Epoch: 113/200 | Batch 0150/0180 | Loss: 0.0931
MAE/RMSE/ACC: Current Valid: 3.55/4.52/11.84 Ep. 113 | Best Valid: 3.31/4.26/11.84 | Ep. 15
Time elapsed: 197.77 min
Epoch: 114/200 | Batch 0000/0180 | Loss: 0.0828
Epoch: 114/200 | Batch 0050/0180 | Loss: 0.0741
Epoch: 114/200 | Batch 0100/0180 | Loss: 0.0671
Epoch: 114/200 | Batch 0150/0180 | Loss: 0.0670
MAE/RMSE/ACC: Current Valid: 3.51/4.48/11.84 Ep. 114 | Best Valid: 3.31/4.26/11.84 | Ep. 15
Time elapsed: 199.51 min
Epoch: 115/200 | Batch 0000/0180 | Loss: 0.0861
Epoch: 115/200 | Batch 0050/0180 | Loss: 0.0698
Epoch: 115/200 | Batch 0100/0180 | Loss: 0.0558
Epoch: 115/200 | Batch 0150/0180 | Loss: 0.0937
MAE/RMSE/ACC: Current Valid: 3.49/4.47/11.84 Ep. 115 | Best Valid: 3.31/4.26/11.84 | Ep. 15
Time elapsed: 201.17 min
Epoch: 116/200 | Batch 0000/0180 | Loss: 0.0740
Epoch: 116/200 | Batch 0050/0180 | Loss: 0.0971
Epoch: 116/200 | Batch 0100/0180 | Loss: 0.0923
Epoch: 116/200 | Batch 0150/0180 | Loss: 0.1116
MAE/RMSE/ACC: Current Valid: 3.59/4.60/11.84 Ep. 116 | Best Valid: 3.31/4.26/11.84 | Ep. 15
Time elapsed: 202.58 min
Epoch: 117/200 | Batch 0000/0180 | Loss: 0.0750
Epoch: 117/200 | Batch 0050/0180 | Loss: 0.0569
Epoch: 117/200 | Batch 0100/0180 | Loss: 0.0680
Epoch: 117/200 | Batch 0150/0180 | Loss: 0.1043
MAE/RMSE/ACC: Current Valid: 3.56/4.55/11.84 Ep. 117 | Best Valid: 3.31/4.26/11.84 | Ep. 15
Time elapsed: 204.00 min
Epoch: 118/200 | Batch 0000/0180 | Loss: 0.0269
Epoch: 118/200 | Batch 0050/0180 | Loss: 0.0523
Epoch: 118/200 | Batch 0100/0180 | Loss: 0.0817
Epoch: 118/200 | Batch 0150/0180 | Loss: 0.0777
MAE/RMSE/ACC: Current Valid: 3.63/4.65/11.84 Ep. 118 | Best Valid: 3.31/4.26/11.84 | Ep. 15
Time elapsed: 205.45 min
Epoch: 119/200 | Batch 0000/0180 | Loss: 0.0555
Epoch: 119/200 | Batch 0050/0180 | Loss: 0.0921
Epoch: 119/200 | Batch 0100/0180 | Loss: 0.0311
Epoch: 119/200 | Batch 0150/0180 | Loss: 0.1642
MAE/RMSE/ACC: Current Valid: 3.52/4.50/11.84 Ep. 119 | Best Valid: 3.31/4.26/11.84 | Ep. 15
Time elapsed: 207.33 min
Epoch: 120/200 | Batch 0000/0180 | Loss: 0.0920
Epoch: 120/200 | Batch 0050/0180 | Loss: 0.0870
Epoch: 120/200 | Batch 0100/0180 | Loss: 0.0449
Epoch: 120/200 | Batch 0150/0180 | Loss: 0.0783
MAE/RMSE/ACC: Current Valid: 3.65/4.69/11.84 Ep. 120 | Best Valid: 3.31/4.26/11.84 | Ep. 15
Time elapsed: 209.07 min
Epoch: 121/200 | Batch 0000/0180 | Loss: 0.0374
Epoch: 121/200 | Batch 0050/0180 | Loss: 0.0552
Epoch: 121/200 | Batch 0100/0180 | Loss: 0.0950
Epoch: 121/200 | Batch 0150/0180 | Loss: 0.0867
MAE/RMSE/ACC: Current Valid: 3.53/4.51/11.84 Ep. 121 | Best Valid: 3.31/4.26/11.84 | Ep. 15
Time elapsed: 210.82 min
Epoch: 122/200 | Batch 0000/0180 | Loss: 0.0391
Epoch: 122/200 | Batch 0050/0180 | Loss: 0.0935
Epoch: 122/200 | Batch 0100/0180 | Loss: 0.0663
Epoch: 122/200 | Batch 0150/0180 | Loss: 0.0905
MAE/RMSE/ACC: Current Valid: 3.57/4.61/11.84 Ep. 122 | Best Valid: 3.31/4.26/11.84 | Ep. 15
Time elapsed: 212.58 min
Epoch: 123/200 | Batch 0000/0180 | Loss: 0.0983
Epoch: 123/200 | Batch 0050/0180 | Loss: 0.0441
Epoch: 123/200 | Batch 0100/0180 | Loss: 0.0506
Epoch: 123/200 | Batch 0150/0180 | Loss: 0.0501
MAE/RMSE/ACC: Current Valid: 3.56/4.56/11.84 Ep. 123 | Best Valid: 3.31/4.26/11.84 | Ep. 15
Time elapsed: 214.14 min
Epoch: 124/200 | Batch 0000/0180 | Loss: 0.0535
Epoch: 124/200 | Batch 0050/0180 | Loss: 0.0775
Epoch: 124/200 | Batch 0100/0180 | Loss: 0.0680
Epoch: 124/200 | Batch 0150/0180 | Loss: 0.0273
MAE/RMSE/ACC: Current Valid: 3.62/4.65/11.84 Ep. 124 | Best Valid: 3.31/4.26/11.84 | Ep. 15
Time elapsed: 215.56 min
Epoch: 125/200 | Batch 0000/0180 | Loss: 0.0529
Epoch: 125/200 | Batch 0050/0180 | Loss: 0.0425
Epoch: 125/200 | Batch 0100/0180 | Loss: 0.0912
Epoch: 125/200 | Batch 0150/0180 | Loss: 0.0283
MAE/RMSE/ACC: Current Valid: 3.55/4.54/11.84 Ep. 125 | Best Valid: 3.31/4.26/11.84 | Ep. 15
Time elapsed: 216.99 min
Epoch: 126/200 | Batch 0000/0180 | Loss: 0.0811
Epoch: 126/200 | Batch 0050/0180 | Loss: 0.0396
Epoch: 126/200 | Batch 0100/0180 | Loss: 0.0760
Epoch: 126/200 | Batch 0150/0180 | Loss: 0.0862
MAE/RMSE/ACC: Current Valid: 3.52/4.51/11.84 Ep. 126 | Best Valid: 3.31/4.26/11.84 | Ep. 15
Time elapsed: 218.47 min
Epoch: 127/200 | Batch 0000/0180 | Loss: 0.0340
Epoch: 127/200 | Batch 0050/0180 | Loss: 0.0411
Epoch: 127/200 | Batch 0100/0180 | Loss: 0.0850
Epoch: 127/200 | Batch 0150/0180 | Loss: 0.0726
MAE/RMSE/ACC: Current Valid: 3.49/4.48/11.84 Ep. 127 | Best Valid: 3.31/4.26/11.84 | Ep. 15
Time elapsed: 220.28 min
Epoch: 128/200 | Batch 0000/0180 | Loss: 0.0550
Epoch: 128/200 | Batch 0050/0180 | Loss: 0.0383
Epoch: 128/200 | Batch 0100/0180 | Loss: 0.0762
Epoch: 128/200 | Batch 0150/0180 | Loss: 0.0939
MAE/RMSE/ACC: Current Valid: 3.64/4.66/11.84 Ep. 128 | Best Valid: 3.31/4.26/11.84 | Ep. 15
Time elapsed: 222.07 min
Epoch: 129/200 | Batch 0000/0180 | Loss: 0.0390
Epoch: 129/200 | Batch 0050/0180 | Loss: 0.1001
Epoch: 129/200 | Batch 0100/0180 | Loss: 0.0671
Epoch: 129/200 | Batch 0150/0180 | Loss: 0.0437
MAE/RMSE/ACC: Current Valid: 3.53/4.50/11.84 Ep. 129 | Best Valid: 3.31/4.26/11.84 | Ep. 15
Time elapsed: 223.85 min
Epoch: 130/200 | Batch 0000/0180 | Loss: 0.0382
Epoch: 130/200 | Batch 0050/0180 | Loss: 0.0280
Epoch: 130/200 | Batch 0100/0180 | Loss: 0.0878
Epoch: 130/200 | Batch 0150/0180 | Loss: 0.0933
MAE/RMSE/ACC: Current Valid: 3.46/4.42/11.84 Ep. 130 | Best Valid: 3.31/4.26/11.84 | Ep. 15
Time elapsed: 225.59 min
Epoch: 131/200 | Batch 0000/0180 | Loss: 0.0681
Epoch: 131/200 | Batch 0050/0180 | Loss: 0.0558
Epoch: 131/200 | Batch 0100/0180 | Loss: 0.0479
Epoch: 131/200 | Batch 0150/0180 | Loss: 0.0660
MAE/RMSE/ACC: Current Valid: 3.55/4.57/11.84 Ep. 131 | Best Valid: 3.31/4.26/11.84 | Ep. 15
Time elapsed: 227.30 min
Epoch: 132/200 | Batch 0000/0180 | Loss: 0.0720
Epoch: 132/200 | Batch 0050/0180 | Loss: 0.1019
Epoch: 132/200 | Batch 0100/0180 | Loss: 0.0387
Epoch: 132/200 | Batch 0150/0180 | Loss: 0.0672
MAE/RMSE/ACC: Current Valid: 3.55/4.54/11.84 Ep. 132 | Best Valid: 3.31/4.26/11.84 | Ep. 15
Time elapsed: 229.04 min
Epoch: 133/200 | Batch 0000/0180 | Loss: 0.0660
Epoch: 133/200 | Batch 0050/0180 | Loss: 0.0638
Epoch: 133/200 | Batch 0100/0180 | Loss: 0.0506
Epoch: 133/200 | Batch 0150/0180 | Loss: 0.0544
MAE/RMSE/ACC: Current Valid: 3.57/4.59/11.84 Ep. 133 | Best Valid: 3.31/4.26/11.84 | Ep. 15
Time elapsed: 230.81 min
Epoch: 134/200 | Batch 0000/0180 | Loss: 0.0625
Epoch: 134/200 | Batch 0050/0180 | Loss: 0.0748
Epoch: 134/200 | Batch 0100/0180 | Loss: 0.0526
Epoch: 134/200 | Batch 0150/0180 | Loss: 0.0787
MAE/RMSE/ACC: Current Valid: 3.56/4.58/11.84 Ep. 134 | Best Valid: 3.31/4.26/11.84 | Ep. 15
Time elapsed: 232.57 min
Epoch: 135/200 | Batch 0000/0180 | Loss: 0.0491
Epoch: 135/200 | Batch 0050/0180 | Loss: 0.0843
Epoch: 135/200 | Batch 0100/0180 | Loss: 0.0241
Epoch: 135/200 | Batch 0150/0180 | Loss: 0.0827
MAE/RMSE/ACC: Current Valid: 3.54/4.51/11.84 Ep. 135 | Best Valid: 3.31/4.26/11.84 | Ep. 15
Time elapsed: 234.31 min
Epoch: 136/200 | Batch 0000/0180 | Loss: 0.0602
Epoch: 136/200 | Batch 0050/0180 | Loss: 0.0248
Epoch: 136/200 | Batch 0100/0180 | Loss: 0.0368
Epoch: 136/200 | Batch 0150/0180 | Loss: 0.0943
MAE/RMSE/ACC: Current Valid: 3.53/4.51/11.84 Ep. 136 | Best Valid: 3.31/4.26/11.84 | Ep. 15
Time elapsed: 236.06 min
Epoch: 137/200 | Batch 0000/0180 | Loss: 0.0393
Epoch: 137/200 | Batch 0050/0180 | Loss: 0.0512
Epoch: 137/200 | Batch 0100/0180 | Loss: 0.0683
Epoch: 137/200 | Batch 0150/0180 | Loss: 0.0637
MAE/RMSE/ACC: Current Valid: 3.62/4.62/11.84 Ep. 137 | Best Valid: 3.31/4.26/11.84 | Ep. 15
Time elapsed: 237.70 min
Epoch: 138/200 | Batch 0000/0180 | Loss: 0.1252
Epoch: 138/200 | Batch 0050/0180 | Loss: 0.0241
Epoch: 138/200 | Batch 0100/0180 | Loss: 0.0762
Epoch: 138/200 | Batch 0150/0180 | Loss: 0.0504
MAE/RMSE/ACC: Current Valid: 3.55/4.55/11.84 Ep. 138 | Best Valid: 3.31/4.26/11.84 | Ep. 15
Time elapsed: 239.43 min
Epoch: 139/200 | Batch 0000/0180 | Loss: 0.0513
Epoch: 139/200 | Batch 0050/0180 | Loss: 0.0432
Epoch: 139/200 | Batch 0100/0180 | Loss: 0.0754
Epoch: 139/200 | Batch 0150/0180 | Loss: 0.0329
MAE/RMSE/ACC: Current Valid: 3.55/4.55/11.84 Ep. 139 | Best Valid: 3.31/4.26/11.84 | Ep. 15
Time elapsed: 241.18 min
Epoch: 140/200 | Batch 0000/0180 | Loss: 0.0433
Epoch: 140/200 | Batch 0050/0180 | Loss: 0.0533
Epoch: 140/200 | Batch 0100/0180 | Loss: 0.0479
Epoch: 140/200 | Batch 0150/0180 | Loss: 0.1209
MAE/RMSE/ACC: Current Valid: 3.58/4.58/11.84 Ep. 140 | Best Valid: 3.31/4.26/11.84 | Ep. 15
Time elapsed: 242.83 min
Epoch: 141/200 | Batch 0000/0180 | Loss: 0.0566
Epoch: 141/200 | Batch 0050/0180 | Loss: 0.0407
Epoch: 141/200 | Batch 0100/0180 | Loss: 0.1002
Epoch: 141/200 | Batch 0150/0180 | Loss: 0.0602
MAE/RMSE/ACC: Current Valid: 3.50/4.48/11.84 Ep. 141 | Best Valid: 3.31/4.26/11.84 | Ep. 15
Time elapsed: 244.24 min
Epoch: 142/200 | Batch 0000/0180 | Loss: 0.0780
Epoch: 142/200 | Batch 0050/0180 | Loss: 0.0529
Epoch: 142/200 | Batch 0100/0180 | Loss: 0.0719
Epoch: 142/200 | Batch 0150/0180 | Loss: 0.0557
MAE/RMSE/ACC: Current Valid: 3.58/4.57/11.84 Ep. 142 | Best Valid: 3.31/4.26/11.84 | Ep. 15
Time elapsed: 245.67 min
Epoch: 143/200 | Batch 0000/0180 | Loss: 0.0433
Epoch: 143/200 | Batch 0050/0180 | Loss: 0.0478
Epoch: 143/200 | Batch 0100/0180 | Loss: 0.0334
Epoch: 143/200 | Batch 0150/0180 | Loss: 0.0985
MAE/RMSE/ACC: Current Valid: 3.56/4.56/11.84 Ep. 143 | Best Valid: 3.31/4.26/11.84 | Ep. 15
Time elapsed: 247.11 min
Epoch: 144/200 | Batch 0000/0180 | Loss: 0.0352
Epoch: 144/200 | Batch 0050/0180 | Loss: 0.0709
Epoch: 144/200 | Batch 0100/0180 | Loss: 0.0500
Epoch: 144/200 | Batch 0150/0180 | Loss: 0.0787
MAE/RMSE/ACC: Current Valid: 3.56/4.55/11.84 Ep. 144 | Best Valid: 3.31/4.26/11.84 | Ep. 15
Time elapsed: 248.55 min
Epoch: 145/200 | Batch 0000/0180 | Loss: 0.0521
Epoch: 145/200 | Batch 0050/0180 | Loss: 0.0366
Epoch: 145/200 | Batch 0100/0180 | Loss: 0.0603
Epoch: 145/200 | Batch 0150/0180 | Loss: 0.0588
MAE/RMSE/ACC: Current Valid: 3.58/4.58/11.84 Ep. 145 | Best Valid: 3.31/4.26/11.84 | Ep. 15
Time elapsed: 249.99 min
Epoch: 146/200 | Batch 0000/0180 | Loss: 0.0585
Epoch: 146/200 | Batch 0050/0180 | Loss: 0.0645
Epoch: 146/200 | Batch 0100/0180 | Loss: 0.0949
Epoch: 146/200 | Batch 0150/0180 | Loss: 0.0506
MAE/RMSE/ACC: Current Valid: 3.56/4.53/11.84 Ep. 146 | Best Valid: 3.31/4.26/11.84 | Ep. 15
Time elapsed: 251.43 min
Epoch: 147/200 | Batch 0000/0180 | Loss: 0.0358
Epoch: 147/200 | Batch 0050/0180 | Loss: 0.0309
Epoch: 147/200 | Batch 0100/0180 | Loss: 0.0518
Epoch: 147/200 | Batch 0150/0180 | Loss: 0.0998
MAE/RMSE/ACC: Current Valid: 3.63/4.65/11.84 Ep. 147 | Best Valid: 3.31/4.26/11.84 | Ep. 15
Time elapsed: 252.88 min
Epoch: 148/200 | Batch 0000/0180 | Loss: 0.0197
Epoch: 148/200 | Batch 0050/0180 | Loss: 0.0562
Epoch: 148/200 | Batch 0100/0180 | Loss: 0.0713
Epoch: 148/200 | Batch 0150/0180 | Loss: 0.0593
MAE/RMSE/ACC: Current Valid: 3.59/4.60/11.84 Ep. 148 | Best Valid: 3.31/4.26/11.84 | Ep. 15
Time elapsed: 254.32 min
Epoch: 149/200 | Batch 0000/0180 | Loss: 0.0484
Epoch: 149/200 | Batch 0050/0180 | Loss: 0.0793
Epoch: 149/200 | Batch 0100/0180 | Loss: 0.0511
Epoch: 149/200 | Batch 0150/0180 | Loss: 0.0458
MAE/RMSE/ACC: Current Valid: 3.52/4.51/11.84 Ep. 149 | Best Valid: 3.31/4.26/11.84 | Ep. 15
Time elapsed: 255.77 min
Epoch: 150/200 | Batch 0000/0180 | Loss: 0.0521
Epoch: 150/200 | Batch 0050/0180 | Loss: 0.0319
Epoch: 150/200 | Batch 0100/0180 | Loss: 0.1006
Epoch: 150/200 | Batch 0150/0180 | Loss: 0.0372
MAE/RMSE/ACC: Current Valid: 3.53/4.53/11.84 Ep. 150 | Best Valid: 3.31/4.26/11.84 | Ep. 15
Time elapsed: 257.21 min
Epoch: 151/200 | Batch 0000/0180 | Loss: 0.0513
Epoch: 151/200 | Batch 0050/0180 | Loss: 0.0660
Epoch: 151/200 | Batch 0100/0180 | Loss: 0.0821
Epoch: 151/200 | Batch 0150/0180 | Loss: 0.0894
MAE/RMSE/ACC: Current Valid: 3.57/4.58/11.84 Ep. 151 | Best Valid: 3.31/4.26/11.84 | Ep. 15
Time elapsed: 258.66 min
Epoch: 152/200 | Batch 0000/0180 | Loss: 0.0266
Epoch: 152/200 | Batch 0050/0180 | Loss: 0.0561
Epoch: 152/200 | Batch 0100/0180 | Loss: 0.0231
Epoch: 152/200 | Batch 0150/0180 | Loss: 0.1124
MAE/RMSE/ACC: Current Valid: 3.51/4.49/11.84 Ep. 152 | Best Valid: 3.31/4.26/11.84 | Ep. 15
Time elapsed: 260.10 min
Epoch: 153/200 | Batch 0000/0180 | Loss: 0.0894
Epoch: 153/200 | Batch 0050/0180 | Loss: 0.0339
Epoch: 153/200 | Batch 0100/0180 | Loss: 0.0463
Epoch: 153/200 | Batch 0150/0180 | Loss: 0.0295
MAE/RMSE/ACC: Current Valid: 3.57/4.58/11.84 Ep. 153 | Best Valid: 3.31/4.26/11.84 | Ep. 15
Time elapsed: 261.54 min
Epoch: 154/200 | Batch 0000/0180 | Loss: 0.0590
Epoch: 154/200 | Batch 0050/0180 | Loss: 0.0876
Epoch: 154/200 | Batch 0100/0180 | Loss: 0.0603
Epoch: 154/200 | Batch 0150/0180 | Loss: 0.1525
MAE/RMSE/ACC: Current Valid: 3.54/4.55/11.84 Ep. 154 | Best Valid: 3.31/4.26/11.84 | Ep. 15
Time elapsed: 262.99 min
Epoch: 155/200 | Batch 0000/0180 | Loss: 0.0499
Epoch: 155/200 | Batch 0050/0180 | Loss: 0.0494
Epoch: 155/200 | Batch 0100/0180 | Loss: 0.0589
Epoch: 155/200 | Batch 0150/0180 | Loss: 0.0329
MAE/RMSE/ACC: Current Valid: 3.50/4.48/11.84 Ep. 155 | Best Valid: 3.31/4.26/11.84 | Ep. 15
Time elapsed: 264.43 min
Epoch: 156/200 | Batch 0000/0180 | Loss: 0.0474
Epoch: 156/200 | Batch 0050/0180 | Loss: 0.0464
Epoch: 156/200 | Batch 0100/0180 | Loss: 0.0490
Epoch: 156/200 | Batch 0150/0180 | Loss: 0.0813
MAE/RMSE/ACC: Current Valid: 3.57/4.57/11.84 Ep. 156 | Best Valid: 3.31/4.26/11.84 | Ep. 15
Time elapsed: 266.10 min
Epoch: 157/200 | Batch 0000/0180 | Loss: 0.0395
Epoch: 157/200 | Batch 0050/0180 | Loss: 0.1155
Epoch: 157/200 | Batch 0100/0180 | Loss: 0.0418
Epoch: 157/200 | Batch 0150/0180 | Loss: 0.0475
MAE/RMSE/ACC: Current Valid: 3.63/4.65/11.84 Ep. 157 | Best Valid: 3.31/4.26/11.84 | Ep. 15
Time elapsed: 267.94 min
Epoch: 158/200 | Batch 0000/0180 | Loss: 0.0241
Epoch: 158/200 | Batch 0050/0180 | Loss: 0.0636
Epoch: 158/200 | Batch 0100/0180 | Loss: 0.0532
Epoch: 158/200 | Batch 0150/0180 | Loss: 0.0907
MAE/RMSE/ACC: Current Valid: 3.54/4.54/11.84 Ep. 158 | Best Valid: 3.31/4.26/11.84 | Ep. 15
Time elapsed: 269.74 min
Epoch: 159/200 | Batch 0000/0180 | Loss: 0.0723
Epoch: 159/200 | Batch 0050/0180 | Loss: 0.0533
Epoch: 159/200 | Batch 0100/0180 | Loss: 0.0449
Epoch: 159/200 | Batch 0150/0180 | Loss: 0.0689
MAE/RMSE/ACC: Current Valid: 3.55/4.54/11.84 Ep. 159 | Best Valid: 3.31/4.26/11.84 | Ep. 15
Time elapsed: 271.49 min
Epoch: 160/200 | Batch 0000/0180 | Loss: 0.0287
Epoch: 160/200 | Batch 0050/0180 | Loss: 0.0362
Epoch: 160/200 | Batch 0100/0180 | Loss: 0.0962
Epoch: 160/200 | Batch 0150/0180 | Loss: 0.0436
MAE/RMSE/ACC: Current Valid: 3.60/4.61/11.84 Ep. 160 | Best Valid: 3.31/4.26/11.84 | Ep. 15
Time elapsed: 273.25 min
Epoch: 161/200 | Batch 0000/0180 | Loss: 0.0739
Epoch: 161/200 | Batch 0050/0180 | Loss: 0.0320
Epoch: 161/200 | Batch 0100/0180 | Loss: 0.0600
Epoch: 161/200 | Batch 0150/0180 | Loss: 0.0824
MAE/RMSE/ACC: Current Valid: 3.58/4.60/11.84 Ep. 161 | Best Valid: 3.31/4.26/11.84 | Ep. 15
Time elapsed: 274.99 min
Epoch: 162/200 | Batch 0000/0180 | Loss: 0.0172
Epoch: 162/200 | Batch 0050/0180 | Loss: 0.0615
Epoch: 162/200 | Batch 0100/0180 | Loss: 0.0763
Epoch: 162/200 | Batch 0150/0180 | Loss: 0.0871
MAE/RMSE/ACC: Current Valid: 3.63/4.65/11.84 Ep. 162 | Best Valid: 3.31/4.26/11.84 | Ep. 15
Time elapsed: 276.72 min
Epoch: 163/200 | Batch 0000/0180 | Loss: 0.0457
Epoch: 163/200 | Batch 0050/0180 | Loss: 0.0413
Epoch: 163/200 | Batch 0100/0180 | Loss: 0.0490
Epoch: 163/200 | Batch 0150/0180 | Loss: 0.0225
MAE/RMSE/ACC: Current Valid: 3.63/4.66/11.84 Ep. 163 | Best Valid: 3.31/4.26/11.84 | Ep. 15
Time elapsed: 278.46 min
Epoch: 164/200 | Batch 0000/0180 | Loss: 0.0618
Epoch: 164/200 | Batch 0050/0180 | Loss: 0.0427
Epoch: 164/200 | Batch 0100/0180 | Loss: 0.0425
Epoch: 164/200 | Batch 0150/0180 | Loss: 0.0648
MAE/RMSE/ACC: Current Valid: 3.50/4.45/11.84 Ep. 164 | Best Valid: 3.31/4.26/11.84 | Ep. 15
Time elapsed: 280.17 min
Epoch: 165/200 | Batch 0000/0180 | Loss: 0.0218
Epoch: 165/200 | Batch 0050/0180 | Loss: 0.0324
Epoch: 165/200 | Batch 0100/0180 | Loss: 0.0344
Epoch: 165/200 | Batch 0150/0180 | Loss: 0.0468
MAE/RMSE/ACC: Current Valid: 3.59/4.59/11.84 Ep. 165 | Best Valid: 3.31/4.26/11.84 | Ep. 15
Time elapsed: 281.90 min
Epoch: 166/200 | Batch 0000/0180 | Loss: 0.0180
Epoch: 166/200 | Batch 0050/0180 | Loss: 0.0752
Epoch: 166/200 | Batch 0100/0180 | Loss: 0.0609
Epoch: 166/200 | Batch 0150/0180 | Loss: 0.0581
MAE/RMSE/ACC: Current Valid: 3.62/4.64/11.84 Ep. 166 | Best Valid: 3.31/4.26/11.84 | Ep. 15
Time elapsed: 283.65 min
Epoch: 167/200 | Batch 0000/0180 | Loss: 0.0526
Epoch: 167/200 | Batch 0050/0180 | Loss: 0.0577
Epoch: 167/200 | Batch 0100/0180 | Loss: 0.0712
Epoch: 167/200 | Batch 0150/0180 | Loss: 0.0609
MAE/RMSE/ACC: Current Valid: 3.55/4.54/11.84 Ep. 167 | Best Valid: 3.31/4.26/11.84 | Ep. 15
Time elapsed: 285.28 min
Epoch: 168/200 | Batch 0000/0180 | Loss: 0.0407
Epoch: 168/200 | Batch 0050/0180 | Loss: 0.0231
Epoch: 168/200 | Batch 0100/0180 | Loss: 0.0325
Epoch: 168/200 | Batch 0150/0180 | Loss: 0.0857
MAE/RMSE/ACC: Current Valid: 3.61/4.63/11.84 Ep. 168 | Best Valid: 3.31/4.26/11.84 | Ep. 15
Time elapsed: 287.00 min
Epoch: 169/200 | Batch 0000/0180 | Loss: 0.0290
Epoch: 169/200 | Batch 0050/0180 | Loss: 0.0262
Epoch: 169/200 | Batch 0100/0180 | Loss: 0.0544
Epoch: 169/200 | Batch 0150/0180 | Loss: 0.0327
MAE/RMSE/ACC: Current Valid: 3.59/4.59/11.84 Ep. 169 | Best Valid: 3.31/4.26/11.84 | Ep. 15
Time elapsed: 288.76 min
Epoch: 170/200 | Batch 0000/0180 | Loss: 0.0431
Epoch: 170/200 | Batch 0050/0180 | Loss: 0.0454
Epoch: 170/200 | Batch 0100/0180 | Loss: 0.0711
Epoch: 170/200 | Batch 0150/0180 | Loss: 0.0541
MAE/RMSE/ACC: Current Valid: 3.54/4.54/11.84 Ep. 170 | Best Valid: 3.31/4.26/11.84 | Ep. 15
Time elapsed: 290.51 min
Epoch: 171/200 | Batch 0000/0180 | Loss: 0.0357
Epoch: 171/200 | Batch 0050/0180 | Loss: 0.0541
Epoch: 171/200 | Batch 0100/0180 | Loss: 0.0185
Epoch: 171/200 | Batch 0150/0180 | Loss: 0.0768
MAE/RMSE/ACC: Current Valid: 3.63/4.65/11.84 Ep. 171 | Best Valid: 3.31/4.26/11.84 | Ep. 15
Time elapsed: 292.23 min
Epoch: 172/200 | Batch 0000/0180 | Loss: 0.0971
Epoch: 172/200 | Batch 0050/0180 | Loss: 0.0685
Epoch: 172/200 | Batch 0100/0180 | Loss: 0.0782
Epoch: 172/200 | Batch 0150/0180 | Loss: 0.0525
MAE/RMSE/ACC: Current Valid: 3.59/4.61/11.84 Ep. 172 | Best Valid: 3.31/4.26/11.84 | Ep. 15
Time elapsed: 293.96 min
Epoch: 173/200 | Batch 0000/0180 | Loss: 0.0347
Epoch: 173/200 | Batch 0050/0180 | Loss: 0.0408
Epoch: 173/200 | Batch 0100/0180 | Loss: 0.0239
Epoch: 173/200 | Batch 0150/0180 | Loss: 0.0864
MAE/RMSE/ACC: Current Valid: 3.59/4.60/11.84 Ep. 173 | Best Valid: 3.31/4.26/11.84 | Ep. 15
Time elapsed: 295.62 min
Epoch: 174/200 | Batch 0000/0180 | Loss: 0.0316
Epoch: 174/200 | Batch 0050/0180 | Loss: 0.0444
Epoch: 174/200 | Batch 0100/0180 | Loss: 0.0323
Epoch: 174/200 | Batch 0150/0180 | Loss: 0.0370
MAE/RMSE/ACC: Current Valid: 3.59/4.59/11.84 Ep. 174 | Best Valid: 3.31/4.26/11.84 | Ep. 15
Time elapsed: 297.38 min
Epoch: 175/200 | Batch 0000/0180 | Loss: 0.0471
Epoch: 175/200 | Batch 0050/0180 | Loss: 0.0840
Epoch: 175/200 | Batch 0100/0180 | Loss: 0.0301
Epoch: 175/200 | Batch 0150/0180 | Loss: 0.0899
MAE/RMSE/ACC: Current Valid: 3.58/4.58/11.84 Ep. 175 | Best Valid: 3.31/4.26/11.84 | Ep. 15
Time elapsed: 299.08 min
Epoch: 176/200 | Batch 0000/0180 | Loss: 0.0191
Epoch: 176/200 | Batch 0050/0180 | Loss: 0.0476
Epoch: 176/200 | Batch 0100/0180 | Loss: 0.0733
Epoch: 176/200 | Batch 0150/0180 | Loss: 0.0653
MAE/RMSE/ACC: Current Valid: 3.60/4.60/11.84 Ep. 176 | Best Valid: 3.31/4.26/11.84 | Ep. 15
Time elapsed: 300.75 min
Epoch: 177/200 | Batch 0000/0180 | Loss: 0.0440
Epoch: 177/200 | Batch 0050/0180 | Loss: 0.0414
Epoch: 177/200 | Batch 0100/0180 | Loss: 0.0347
Epoch: 177/200 | Batch 0150/0180 | Loss: 0.0537
MAE/RMSE/ACC: Current Valid: 3.60/4.61/11.84 Ep. 177 | Best Valid: 3.31/4.26/11.84 | Ep. 15
Time elapsed: 302.47 min
Epoch: 178/200 | Batch 0000/0180 | Loss: 0.0336
Epoch: 178/200 | Batch 0050/0180 | Loss: 0.0648
Epoch: 178/200 | Batch 0100/0180 | Loss: 0.0702
Epoch: 178/200 | Batch 0150/0180 | Loss: 0.0696
MAE/RMSE/ACC: Current Valid: 3.56/4.56/11.84 Ep. 178 | Best Valid: 3.31/4.26/11.84 | Ep. 15
Time elapsed: 304.10 min
Epoch: 179/200 | Batch 0000/0180 | Loss: 0.0706
Epoch: 179/200 | Batch 0050/0180 | Loss: 0.0291
Epoch: 179/200 | Batch 0100/0180 | Loss: 0.0560
Epoch: 179/200 | Batch 0150/0180 | Loss: 0.0188
MAE/RMSE/ACC: Current Valid: 3.60/4.61/11.84 Ep. 179 | Best Valid: 3.31/4.26/11.84 | Ep. 15
Time elapsed: 305.82 min
Epoch: 180/200 | Batch 0000/0180 | Loss: 0.0478
Epoch: 180/200 | Batch 0050/0180 | Loss: 0.0692
Epoch: 180/200 | Batch 0100/0180 | Loss: 0.0372
Epoch: 180/200 | Batch 0150/0180 | Loss: 0.0356
MAE/RMSE/ACC: Current Valid: 3.60/4.62/11.84 Ep. 180 | Best Valid: 3.31/4.26/11.84 | Ep. 15
Time elapsed: 307.55 min
Epoch: 181/200 | Batch 0000/0180 | Loss: 0.0252
Epoch: 181/200 | Batch 0050/0180 | Loss: 0.0583
Epoch: 181/200 | Batch 0100/0180 | Loss: 0.0188
Epoch: 181/200 | Batch 0150/0180 | Loss: 0.0405
MAE/RMSE/ACC: Current Valid: 3.56/4.56/11.84 Ep. 181 | Best Valid: 3.31/4.26/11.84 | Ep. 15
Time elapsed: 309.24 min
Epoch: 182/200 | Batch 0000/0180 | Loss: 0.0390
Epoch: 182/200 | Batch 0050/0180 | Loss: 0.0166
Epoch: 182/200 | Batch 0100/0180 | Loss: 0.0800
Epoch: 182/200 | Batch 0150/0180 | Loss: 0.0516
MAE/RMSE/ACC: Current Valid: 3.50/4.48/11.84 Ep. 182 | Best Valid: 3.31/4.26/11.84 | Ep. 15
Time elapsed: 310.96 min
Epoch: 183/200 | Batch 0000/0180 | Loss: 0.0456
Epoch: 183/200 | Batch 0050/0180 | Loss: 0.0768
Epoch: 183/200 | Batch 0100/0180 | Loss: 0.0330
Epoch: 183/200 | Batch 0150/0180 | Loss: 0.0968
MAE/RMSE/ACC: Current Valid: 3.58/4.59/11.84 Ep. 183 | Best Valid: 3.31/4.26/11.84 | Ep. 15
Time elapsed: 312.64 min
Epoch: 184/200 | Batch 0000/0180 | Loss: 0.0101
Epoch: 184/200 | Batch 0050/0180 | Loss: 0.0660
Epoch: 184/200 | Batch 0100/0180 | Loss: 0.1201
Epoch: 184/200 | Batch 0150/0180 | Loss: 0.1467
MAE/RMSE/ACC: Current Valid: 3.63/4.66/11.84 Ep. 184 | Best Valid: 3.31/4.26/11.84 | Ep. 15
Time elapsed: 314.34 min
Epoch: 185/200 | Batch 0000/0180 | Loss: 0.0570
Epoch: 185/200 | Batch 0050/0180 | Loss: 0.0689
Epoch: 185/200 | Batch 0100/0180 | Loss: 0.0802
Epoch: 185/200 | Batch 0150/0180 | Loss: 0.0693
MAE/RMSE/ACC: Current Valid: 3.60/4.61/11.84 Ep. 185 | Best Valid: 3.31/4.26/11.84 | Ep. 15
Time elapsed: 316.02 min
Epoch: 186/200 | Batch 0000/0180 | Loss: 0.1223
Epoch: 186/200 | Batch 0050/0180 | Loss: 0.0653
Epoch: 186/200 | Batch 0100/0180 | Loss: 0.0212
Epoch: 186/200 | Batch 0150/0180 | Loss: 0.0543
MAE/RMSE/ACC: Current Valid: 3.61/4.64/11.84 Ep. 186 | Best Valid: 3.31/4.26/11.84 | Ep. 15
Time elapsed: 317.75 min
Epoch: 187/200 | Batch 0000/0180 | Loss: 0.0188
Epoch: 187/200 | Batch 0050/0180 | Loss: 0.0153
Epoch: 187/200 | Batch 0100/0180 | Loss: 0.0403
Epoch: 187/200 | Batch 0150/0180 | Loss: 0.0642
MAE/RMSE/ACC: Current Valid: 3.58/4.59/11.84 Ep. 187 | Best Valid: 3.31/4.26/11.84 | Ep. 15
Time elapsed: 319.47 min
Epoch: 188/200 | Batch 0000/0180 | Loss: 0.0449
Epoch: 188/200 | Batch 0050/0180 | Loss: 0.0450
Epoch: 188/200 | Batch 0100/0180 | Loss: 0.0326
Epoch: 188/200 | Batch 0150/0180 | Loss: 0.0237
MAE/RMSE/ACC: Current Valid: 3.60/4.61/11.84 Ep. 188 | Best Valid: 3.31/4.26/11.84 | Ep. 15
Time elapsed: 320.88 min
Epoch: 189/200 | Batch 0000/0180 | Loss: 0.0200
Epoch: 189/200 | Batch 0050/0180 | Loss: 0.0465
Epoch: 189/200 | Batch 0100/0180 | Loss: 0.0517
Epoch: 189/200 | Batch 0150/0180 | Loss: 0.0586
MAE/RMSE/ACC: Current Valid: 3.52/4.47/11.84 Ep. 189 | Best Valid: 3.31/4.26/11.84 | Ep. 15
Time elapsed: 322.30 min
Epoch: 190/200 | Batch 0000/0180 | Loss: 0.0297
Epoch: 190/200 | Batch 0050/0180 | Loss: 0.0383
Epoch: 190/200 | Batch 0100/0180 | Loss: 0.0286
Epoch: 190/200 | Batch 0150/0180 | Loss: 0.0397
MAE/RMSE/ACC: Current Valid: 3.55/4.56/11.84 Ep. 190 | Best Valid: 3.31/4.26/11.84 | Ep. 15
Time elapsed: 323.73 min
Epoch: 191/200 | Batch 0000/0180 | Loss: 0.1125
Epoch: 191/200 | Batch 0050/0180 | Loss: 0.0519
Epoch: 191/200 | Batch 0100/0180 | Loss: 0.0590
Epoch: 191/200 | Batch 0150/0180 | Loss: 0.0399
MAE/RMSE/ACC: Current Valid: 3.61/4.62/11.84 Ep. 191 | Best Valid: 3.31/4.26/11.84 | Ep. 15
Time elapsed: 325.46 min
Epoch: 192/200 | Batch 0000/0180 | Loss: 0.0239
Epoch: 192/200 | Batch 0050/0180 | Loss: 0.0408
Epoch: 192/200 | Batch 0100/0180 | Loss: 0.0728
Epoch: 192/200 | Batch 0150/0180 | Loss: 0.0353
MAE/RMSE/ACC: Current Valid: 3.61/4.61/11.84 Ep. 192 | Best Valid: 3.31/4.26/11.84 | Ep. 15
Time elapsed: 327.23 min
Epoch: 193/200 | Batch 0000/0180 | Loss: 0.0523
Epoch: 193/200 | Batch 0050/0180 | Loss: 0.0418
Epoch: 193/200 | Batch 0100/0180 | Loss: 0.0210
Epoch: 193/200 | Batch 0150/0180 | Loss: 0.0443
MAE/RMSE/ACC: Current Valid: 3.62/4.66/11.84 Ep. 193 | Best Valid: 3.31/4.26/11.84 | Ep. 15
Time elapsed: 328.95 min
Epoch: 194/200 | Batch 0000/0180 | Loss: 0.0390
Epoch: 194/200 | Batch 0050/0180 | Loss: 0.0549
Epoch: 194/200 | Batch 0100/0180 | Loss: 0.0574
Epoch: 194/200 | Batch 0150/0180 | Loss: 0.0446
MAE/RMSE/ACC: Current Valid: 3.58/4.58/11.84 Ep. 194 | Best Valid: 3.31/4.26/11.84 | Ep. 15
Time elapsed: 330.70 min
Epoch: 195/200 | Batch 0000/0180 | Loss: 0.0198
Epoch: 195/200 | Batch 0050/0180 | Loss: 0.0338
Epoch: 195/200 | Batch 0100/0180 | Loss: 0.0187
Epoch: 195/200 | Batch 0150/0180 | Loss: 0.0162
MAE/RMSE/ACC: Current Valid: 3.59/4.61/11.84 Ep. 195 | Best Valid: 3.31/4.26/11.84 | Ep. 15
Time elapsed: 332.41 min
Epoch: 196/200 | Batch 0000/0180 | Loss: 0.0301
Epoch: 196/200 | Batch 0050/0180 | Loss: 0.0195
Epoch: 196/200 | Batch 0100/0180 | Loss: 0.0423
Epoch: 196/200 | Batch 0150/0180 | Loss: 0.1759
MAE/RMSE/ACC: Current Valid: 3.51/4.47/11.84 Ep. 196 | Best Valid: 3.31/4.26/11.84 | Ep. 15
Time elapsed: 334.11 min
Epoch: 197/200 | Batch 0000/0180 | Loss: 0.0748
Epoch: 197/200 | Batch 0050/0180 | Loss: 0.0208
Epoch: 197/200 | Batch 0100/0180 | Loss: 0.0379
Epoch: 197/200 | Batch 0150/0180 | Loss: 0.0357
MAE/RMSE/ACC: Current Valid: 3.57/4.55/11.84 Ep. 197 | Best Valid: 3.31/4.26/11.84 | Ep. 15
Time elapsed: 335.80 min
Epoch: 198/200 | Batch 0000/0180 | Loss: 0.0501
Epoch: 198/200 | Batch 0050/0180 | Loss: 0.0425
Epoch: 198/200 | Batch 0100/0180 | Loss: 0.0164
Epoch: 198/200 | Batch 0150/0180 | Loss: 0.0424
MAE/RMSE/ACC: Current Valid: 3.58/4.59/11.84 Ep. 198 | Best Valid: 3.31/4.26/11.84 | Ep. 15
Time elapsed: 337.43 min
Epoch: 199/200 | Batch 0000/0180 | Loss: 0.0384
Epoch: 199/200 | Batch 0050/0180 | Loss: 0.0512
Epoch: 199/200 | Batch 0100/0180 | Loss: 0.0470
Epoch: 199/200 | Batch 0150/0180 | Loss: 0.0344
MAE/RMSE/ACC: Current Valid: 3.58/4.59/11.84 Ep. 199 | Best Valid: 3.31/4.26/11.84 | Ep. 15
Time elapsed: 339.04 min
Epoch: 200/200 | Batch 0000/0180 | Loss: 0.0370
Epoch: 200/200 | Batch 0050/0180 | Loss: 0.0246
Epoch: 200/200 | Batch 0100/0180 | Loss: 0.0158
Epoch: 200/200 | Batch 0150/0180 | Loss: 0.0229
MAE/RMSE/ACC: Current Valid: 3.58/4.59/11.84 Ep. 200 | Best Valid: 3.31/4.26/11.84 | Ep. 15
Time elapsed: 340.63 min
MAE/RMSE: | Train: 0.06/0.58 | Valid: 3.58/4.59 | Test: 3.56/4.57
ACC: | Train: 98.36 | Valid: 11.60 | Test: 12.33
Total Running Time: 343.06 min
MAE/RMSE: | Best Train: 2.65/3.63 | Best Valid: 3.31/4.26 | Best Test: 3.31/4.27
ACC: | Best Train: 21.12 | Best Valid: 11.84 | Best Test: 12.21
Total Running Time: 345.49 min
