This script: resnet34_xentr.py
PyTorch Version: 1.8.1
CUDA device: cuda:4
CUDA version: 11.1
Random seed: 4
Learning rate: 0.0005
Epochs: 200
Batch size: 256
Output path: runs/aes/resnet34_xentr-imp0-seed4-epochs200_best-rmse
Epoch: 001/200 | Batch 0000/0043 | Loss: 2.0547
MAE/RMSE/ACC: Current Valid: 0.43/0.69/58.67 Ep. 1 | Best Valid: 0.43/0.69/58.67 | Ep. 1
Time elapsed: 0.34 min
Epoch: 002/200 | Batch 0000/0043 | Loss: 0.7886
MAE/RMSE/ACC: Current Valid: 0.43/0.69/58.67 Ep. 2 | Best Valid: 0.43/0.69/58.67 | Ep. 1
Time elapsed: 0.65 min
Epoch: 003/200 | Batch 0000/0043 | Loss: 0.9371
MAE/RMSE/ACC: Current Valid: 0.42/0.68/59.73 Ep. 3 | Best Valid: 0.42/0.68/59.73 | Ep. 3
Time elapsed: 0.98 min
Epoch: 004/200 | Batch 0000/0043 | Loss: 0.9423
MAE/RMSE/ACC: Current Valid: 0.43/0.69/59.73 Ep. 4 | Best Valid: 0.42/0.68/59.73 | Ep. 3
Time elapsed: 1.30 min
Epoch: 005/200 | Batch 0000/0043 | Loss: 0.8084
MAE/RMSE/ACC: Current Valid: 0.42/0.67/60.16 Ep. 5 | Best Valid: 0.42/0.67/60.16 | Ep. 5
Time elapsed: 1.63 min
Epoch: 006/200 | Batch 0000/0043 | Loss: 0.8348
MAE/RMSE/ACC: Current Valid: 0.56/0.79/60.16 Ep. 6 | Best Valid: 0.42/0.67/60.16 | Ep. 5
Time elapsed: 1.95 min
Epoch: 007/200 | Batch 0000/0043 | Loss: 0.8522
MAE/RMSE/ACC: Current Valid: 0.44/0.69/60.16 Ep. 7 | Best Valid: 0.42/0.67/60.16 | Ep. 5
Time elapsed: 2.28 min
Epoch: 008/200 | Batch 0000/0043 | Loss: 0.7285
MAE/RMSE/ACC: Current Valid: 0.46/0.70/60.16 Ep. 8 | Best Valid: 0.42/0.67/60.16 | Ep. 5
Time elapsed: 2.62 min
Epoch: 009/200 | Batch 0000/0043 | Loss: 0.7174
MAE/RMSE/ACC: Current Valid: 0.51/0.76/60.16 Ep. 9 | Best Valid: 0.42/0.67/60.16 | Ep. 5
Time elapsed: 2.95 min
Epoch: 010/200 | Batch 0000/0043 | Loss: 0.7645
MAE/RMSE/ACC: Current Valid: 0.45/0.71/60.16 Ep. 10 | Best Valid: 0.42/0.67/60.16 | Ep. 5
Time elapsed: 3.29 min
Epoch: 011/200 | Batch 0000/0043 | Loss: 0.6938
MAE/RMSE/ACC: Current Valid: 0.45/0.71/60.16 Ep. 11 | Best Valid: 0.42/0.67/60.16 | Ep. 5
Time elapsed: 3.63 min
Epoch: 012/200 | Batch 0000/0043 | Loss: 0.5885
MAE/RMSE/ACC: Current Valid: 0.45/0.71/60.16 Ep. 12 | Best Valid: 0.42/0.67/60.16 | Ep. 5
Time elapsed: 3.97 min
Epoch: 013/200 | Batch 0000/0043 | Loss: 0.5936
MAE/RMSE/ACC: Current Valid: 0.46/0.72/60.16 Ep. 13 | Best Valid: 0.42/0.67/60.16 | Ep. 5
Time elapsed: 4.32 min
Epoch: 014/200 | Batch 0000/0043 | Loss: 0.4122
MAE/RMSE/ACC: Current Valid: 0.48/0.73/60.16 Ep. 14 | Best Valid: 0.42/0.67/60.16 | Ep. 5
Time elapsed: 4.66 min
Epoch: 015/200 | Batch 0000/0043 | Loss: 0.4700
MAE/RMSE/ACC: Current Valid: 0.51/0.77/60.16 Ep. 15 | Best Valid: 0.42/0.67/60.16 | Ep. 5
Time elapsed: 5.00 min
Epoch: 016/200 | Batch 0000/0043 | Loss: 0.3940
MAE/RMSE/ACC: Current Valid: 0.54/0.80/60.16 Ep. 16 | Best Valid: 0.42/0.67/60.16 | Ep. 5
Time elapsed: 5.34 min
Epoch: 017/200 | Batch 0000/0043 | Loss: 0.2695
MAE/RMSE/ACC: Current Valid: 0.51/0.77/60.16 Ep. 17 | Best Valid: 0.42/0.67/60.16 | Ep. 5
Time elapsed: 5.69 min
Epoch: 018/200 | Batch 0000/0043 | Loss: 0.2653
MAE/RMSE/ACC: Current Valid: 0.55/0.81/60.16 Ep. 18 | Best Valid: 0.42/0.67/60.16 | Ep. 5
Time elapsed: 6.03 min
Epoch: 019/200 | Batch 0000/0043 | Loss: 0.2440
MAE/RMSE/ACC: Current Valid: 0.49/0.75/60.16 Ep. 19 | Best Valid: 0.42/0.67/60.16 | Ep. 5
Time elapsed: 6.37 min
Epoch: 020/200 | Batch 0000/0043 | Loss: 0.2024
MAE/RMSE/ACC: Current Valid: 0.48/0.75/60.16 Ep. 20 | Best Valid: 0.42/0.67/60.16 | Ep. 5
Time elapsed: 6.71 min
Epoch: 021/200 | Batch 0000/0043 | Loss: 0.2284
MAE/RMSE/ACC: Current Valid: 0.49/0.75/60.16 Ep. 21 | Best Valid: 0.42/0.67/60.16 | Ep. 5
Time elapsed: 7.05 min
Epoch: 022/200 | Batch 0000/0043 | Loss: 0.1566
MAE/RMSE/ACC: Current Valid: 0.51/0.78/60.16 Ep. 22 | Best Valid: 0.42/0.67/60.16 | Ep. 5
Time elapsed: 7.40 min
Epoch: 023/200 | Batch 0000/0043 | Loss: 0.1177
MAE/RMSE/ACC: Current Valid: 0.51/0.78/60.16 Ep. 23 | Best Valid: 0.42/0.67/60.16 | Ep. 5
Time elapsed: 7.74 min
Epoch: 024/200 | Batch 0000/0043 | Loss: 0.1176
MAE/RMSE/ACC: Current Valid: 0.53/0.80/60.16 Ep. 24 | Best Valid: 0.42/0.67/60.16 | Ep. 5
Time elapsed: 8.08 min
Epoch: 025/200 | Batch 0000/0043 | Loss: 0.0736
MAE/RMSE/ACC: Current Valid: 0.51/0.78/60.16 Ep. 25 | Best Valid: 0.42/0.67/60.16 | Ep. 5
Time elapsed: 8.43 min
Epoch: 026/200 | Batch 0000/0043 | Loss: 0.1392
MAE/RMSE/ACC: Current Valid: 0.51/0.77/60.16 Ep. 26 | Best Valid: 0.42/0.67/60.16 | Ep. 5
Time elapsed: 8.77 min
Epoch: 027/200 | Batch 0000/0043 | Loss: 0.1093
MAE/RMSE/ACC: Current Valid: 0.48/0.74/60.16 Ep. 27 | Best Valid: 0.42/0.67/60.16 | Ep. 5
Time elapsed: 9.12 min
Epoch: 028/200 | Batch 0000/0043 | Loss: 0.1659
MAE/RMSE/ACC: Current Valid: 0.51/0.76/60.16 Ep. 28 | Best Valid: 0.42/0.67/60.16 | Ep. 5
Time elapsed: 9.46 min
Epoch: 029/200 | Batch 0000/0043 | Loss: 0.0866
MAE/RMSE/ACC: Current Valid: 0.54/0.80/60.16 Ep. 29 | Best Valid: 0.42/0.67/60.16 | Ep. 5
Time elapsed: 9.81 min
Epoch: 030/200 | Batch 0000/0043 | Loss: 0.0749
MAE/RMSE/ACC: Current Valid: 0.50/0.75/60.16 Ep. 30 | Best Valid: 0.42/0.67/60.16 | Ep. 5
Time elapsed: 10.15 min
Epoch: 031/200 | Batch 0000/0043 | Loss: 0.0998
MAE/RMSE/ACC: Current Valid: 0.49/0.75/60.16 Ep. 31 | Best Valid: 0.42/0.67/60.16 | Ep. 5
Time elapsed: 10.49 min
Epoch: 032/200 | Batch 0000/0043 | Loss: 0.0784
MAE/RMSE/ACC: Current Valid: 0.47/0.73/60.16 Ep. 32 | Best Valid: 0.42/0.67/60.16 | Ep. 5
Time elapsed: 10.83 min
Epoch: 033/200 | Batch 0000/0043 | Loss: 0.0543
MAE/RMSE/ACC: Current Valid: 0.48/0.74/60.16 Ep. 33 | Best Valid: 0.42/0.67/60.16 | Ep. 5
Time elapsed: 11.18 min
Epoch: 034/200 | Batch 0000/0043 | Loss: 0.0768
MAE/RMSE/ACC: Current Valid: 0.50/0.76/60.16 Ep. 34 | Best Valid: 0.42/0.67/60.16 | Ep. 5
Time elapsed: 11.52 min
Epoch: 035/200 | Batch 0000/0043 | Loss: 0.0488
MAE/RMSE/ACC: Current Valid: 0.50/0.77/60.16 Ep. 35 | Best Valid: 0.42/0.67/60.16 | Ep. 5
Time elapsed: 11.86 min
Epoch: 036/200 | Batch 0000/0043 | Loss: 0.0821
MAE/RMSE/ACC: Current Valid: 0.51/0.77/60.16 Ep. 36 | Best Valid: 0.42/0.67/60.16 | Ep. 5
Time elapsed: 12.21 min
Epoch: 037/200 | Batch 0000/0043 | Loss: 0.0650
MAE/RMSE/ACC: Current Valid: 0.49/0.76/60.16 Ep. 37 | Best Valid: 0.42/0.67/60.16 | Ep. 5
Time elapsed: 12.56 min
Epoch: 038/200 | Batch 0000/0043 | Loss: 0.0941
MAE/RMSE/ACC: Current Valid: 0.50/0.75/60.16 Ep. 38 | Best Valid: 0.42/0.67/60.16 | Ep. 5
Time elapsed: 12.93 min
Epoch: 039/200 | Batch 0000/0043 | Loss: 0.0453
MAE/RMSE/ACC: Current Valid: 0.50/0.76/60.16 Ep. 39 | Best Valid: 0.42/0.67/60.16 | Ep. 5
Time elapsed: 13.30 min
Epoch: 040/200 | Batch 0000/0043 | Loss: 0.1271
MAE/RMSE/ACC: Current Valid: 0.50/0.76/60.16 Ep. 40 | Best Valid: 0.42/0.67/60.16 | Ep. 5
Time elapsed: 13.67 min
Epoch: 041/200 | Batch 0000/0043 | Loss: 0.0694
MAE/RMSE/ACC: Current Valid: 0.51/0.78/60.16 Ep. 41 | Best Valid: 0.42/0.67/60.16 | Ep. 5
Time elapsed: 14.05 min
Epoch: 042/200 | Batch 0000/0043 | Loss: 0.0425
MAE/RMSE/ACC: Current Valid: 0.51/0.77/60.16 Ep. 42 | Best Valid: 0.42/0.67/60.16 | Ep. 5
Time elapsed: 14.42 min
Epoch: 043/200 | Batch 0000/0043 | Loss: 0.0893
MAE/RMSE/ACC: Current Valid: 0.51/0.77/60.16 Ep. 43 | Best Valid: 0.42/0.67/60.16 | Ep. 5
Time elapsed: 14.79 min
Epoch: 044/200 | Batch 0000/0043 | Loss: 0.0200
MAE/RMSE/ACC: Current Valid: 0.51/0.78/60.16 Ep. 44 | Best Valid: 0.42/0.67/60.16 | Ep. 5
Time elapsed: 15.16 min
Epoch: 045/200 | Batch 0000/0043 | Loss: 0.0572
MAE/RMSE/ACC: Current Valid: 0.50/0.77/60.16 Ep. 45 | Best Valid: 0.42/0.67/60.16 | Ep. 5
Time elapsed: 15.53 min
Epoch: 046/200 | Batch 0000/0043 | Loss: 0.0231
MAE/RMSE/ACC: Current Valid: 0.52/0.79/60.16 Ep. 46 | Best Valid: 0.42/0.67/60.16 | Ep. 5
Time elapsed: 15.90 min
Epoch: 047/200 | Batch 0000/0043 | Loss: 0.0542
MAE/RMSE/ACC: Current Valid: 0.47/0.73/60.16 Ep. 47 | Best Valid: 0.42/0.67/60.16 | Ep. 5
Time elapsed: 16.27 min
Epoch: 048/200 | Batch 0000/0043 | Loss: 0.0454
MAE/RMSE/ACC: Current Valid: 0.49/0.75/60.16 Ep. 48 | Best Valid: 0.42/0.67/60.16 | Ep. 5
Time elapsed: 16.64 min
Epoch: 049/200 | Batch 0000/0043 | Loss: 0.0223
MAE/RMSE/ACC: Current Valid: 0.49/0.75/60.16 Ep. 49 | Best Valid: 0.42/0.67/60.16 | Ep. 5
Time elapsed: 17.01 min
Epoch: 050/200 | Batch 0000/0043 | Loss: 0.0491
MAE/RMSE/ACC: Current Valid: 0.48/0.75/60.16 Ep. 50 | Best Valid: 0.42/0.67/60.16 | Ep. 5
Time elapsed: 17.38 min
Epoch: 051/200 | Batch 0000/0043 | Loss: 0.0220
MAE/RMSE/ACC: Current Valid: 0.50/0.76/60.16 Ep. 51 | Best Valid: 0.42/0.67/60.16 | Ep. 5
Time elapsed: 17.75 min
Epoch: 052/200 | Batch 0000/0043 | Loss: 0.0301
MAE/RMSE/ACC: Current Valid: 0.51/0.76/60.16 Ep. 52 | Best Valid: 0.42/0.67/60.16 | Ep. 5
Time elapsed: 18.12 min
Epoch: 053/200 | Batch 0000/0043 | Loss: 0.0470
MAE/RMSE/ACC: Current Valid: 0.50/0.76/60.16 Ep. 53 | Best Valid: 0.42/0.67/60.16 | Ep. 5
Time elapsed: 18.49 min
Epoch: 054/200 | Batch 0000/0043 | Loss: 0.0314
MAE/RMSE/ACC: Current Valid: 0.48/0.74/60.16 Ep. 54 | Best Valid: 0.42/0.67/60.16 | Ep. 5
Time elapsed: 18.86 min
Epoch: 055/200 | Batch 0000/0043 | Loss: 0.0364
MAE/RMSE/ACC: Current Valid: 0.49/0.75/60.16 Ep. 55 | Best Valid: 0.42/0.67/60.16 | Ep. 5
Time elapsed: 19.22 min
Epoch: 056/200 | Batch 0000/0043 | Loss: 0.0241
MAE/RMSE/ACC: Current Valid: 0.51/0.78/60.16 Ep. 56 | Best Valid: 0.42/0.67/60.16 | Ep. 5
Time elapsed: 19.59 min
Epoch: 057/200 | Batch 0000/0043 | Loss: 0.0352
MAE/RMSE/ACC: Current Valid: 0.50/0.77/60.16 Ep. 57 | Best Valid: 0.42/0.67/60.16 | Ep. 5
Time elapsed: 19.96 min
Epoch: 058/200 | Batch 0000/0043 | Loss: 0.0860
MAE/RMSE/ACC: Current Valid: 0.49/0.75/60.16 Ep. 58 | Best Valid: 0.42/0.67/60.16 | Ep. 5
Time elapsed: 20.33 min
Epoch: 059/200 | Batch 0000/0043 | Loss: 0.0336
MAE/RMSE/ACC: Current Valid: 0.49/0.75/60.16 Ep. 59 | Best Valid: 0.42/0.67/60.16 | Ep. 5
Time elapsed: 20.70 min
Epoch: 060/200 | Batch 0000/0043 | Loss: 0.0106
MAE/RMSE/ACC: Current Valid: 0.49/0.76/60.16 Ep. 60 | Best Valid: 0.42/0.67/60.16 | Ep. 5
Time elapsed: 21.07 min
Epoch: 061/200 | Batch 0000/0043 | Loss: 0.0396
MAE/RMSE/ACC: Current Valid: 0.50/0.75/60.16 Ep. 61 | Best Valid: 0.42/0.67/60.16 | Ep. 5
Time elapsed: 21.43 min
Epoch: 062/200 | Batch 0000/0043 | Loss: 0.0353
MAE/RMSE/ACC: Current Valid: 0.49/0.75/60.16 Ep. 62 | Best Valid: 0.42/0.67/60.16 | Ep. 5
Time elapsed: 21.80 min
Epoch: 063/200 | Batch 0000/0043 | Loss: 0.0214
MAE/RMSE/ACC: Current Valid: 0.50/0.76/60.16 Ep. 63 | Best Valid: 0.42/0.67/60.16 | Ep. 5
Time elapsed: 22.17 min
Epoch: 064/200 | Batch 0000/0043 | Loss: 0.0326
MAE/RMSE/ACC: Current Valid: 0.50/0.76/60.16 Ep. 64 | Best Valid: 0.42/0.67/60.16 | Ep. 5
Time elapsed: 22.54 min
Epoch: 065/200 | Batch 0000/0043 | Loss: 0.0403
MAE/RMSE/ACC: Current Valid: 0.46/0.73/60.16 Ep. 65 | Best Valid: 0.42/0.67/60.16 | Ep. 5
Time elapsed: 22.91 min
Epoch: 066/200 | Batch 0000/0043 | Loss: 0.0238
MAE/RMSE/ACC: Current Valid: 0.49/0.75/60.16 Ep. 66 | Best Valid: 0.42/0.67/60.16 | Ep. 5
Time elapsed: 23.28 min
Epoch: 067/200 | Batch 0000/0043 | Loss: 0.0265
MAE/RMSE/ACC: Current Valid: 0.47/0.73/60.16 Ep. 67 | Best Valid: 0.42/0.67/60.16 | Ep. 5
Time elapsed: 23.65 min
Epoch: 068/200 | Batch 0000/0043 | Loss: 0.0322
MAE/RMSE/ACC: Current Valid: 0.51/0.77/60.16 Ep. 68 | Best Valid: 0.42/0.67/60.16 | Ep. 5
Time elapsed: 24.02 min
Epoch: 069/200 | Batch 0000/0043 | Loss: 0.0191
MAE/RMSE/ACC: Current Valid: 0.47/0.73/60.16 Ep. 69 | Best Valid: 0.42/0.67/60.16 | Ep. 5
Time elapsed: 24.38 min
Epoch: 070/200 | Batch 0000/0043 | Loss: 0.0124
MAE/RMSE/ACC: Current Valid: 0.51/0.77/60.16 Ep. 70 | Best Valid: 0.42/0.67/60.16 | Ep. 5
Time elapsed: 24.75 min
Epoch: 071/200 | Batch 0000/0043 | Loss: 0.0181
MAE/RMSE/ACC: Current Valid: 0.48/0.74/60.16 Ep. 71 | Best Valid: 0.42/0.67/60.16 | Ep. 5
Time elapsed: 25.12 min
Epoch: 072/200 | Batch 0000/0043 | Loss: 0.0612
MAE/RMSE/ACC: Current Valid: 0.49/0.74/60.16 Ep. 72 | Best Valid: 0.42/0.67/60.16 | Ep. 5
Time elapsed: 25.49 min
Epoch: 073/200 | Batch 0000/0043 | Loss: 0.0200
MAE/RMSE/ACC: Current Valid: 0.48/0.74/60.16 Ep. 73 | Best Valid: 0.42/0.67/60.16 | Ep. 5
Time elapsed: 25.86 min
Epoch: 074/200 | Batch 0000/0043 | Loss: 0.0111
MAE/RMSE/ACC: Current Valid: 0.47/0.73/60.16 Ep. 74 | Best Valid: 0.42/0.67/60.16 | Ep. 5
Time elapsed: 26.23 min
Epoch: 075/200 | Batch 0000/0043 | Loss: 0.0246
MAE/RMSE/ACC: Current Valid: 0.48/0.75/60.16 Ep. 75 | Best Valid: 0.42/0.67/60.16 | Ep. 5
Time elapsed: 26.59 min
Epoch: 076/200 | Batch 0000/0043 | Loss: 0.0624
MAE/RMSE/ACC: Current Valid: 0.47/0.73/60.16 Ep. 76 | Best Valid: 0.42/0.67/60.16 | Ep. 5
Time elapsed: 26.97 min
Epoch: 077/200 | Batch 0000/0043 | Loss: 0.0185
MAE/RMSE/ACC: Current Valid: 0.49/0.74/60.16 Ep. 77 | Best Valid: 0.42/0.67/60.16 | Ep. 5
Time elapsed: 27.34 min
Epoch: 078/200 | Batch 0000/0043 | Loss: 0.0085
MAE/RMSE/ACC: Current Valid: 0.49/0.76/60.16 Ep. 78 | Best Valid: 0.42/0.67/60.16 | Ep. 5
Time elapsed: 27.70 min
Epoch: 079/200 | Batch 0000/0043 | Loss: 0.0233
MAE/RMSE/ACC: Current Valid: 0.48/0.74/60.16 Ep. 79 | Best Valid: 0.42/0.67/60.16 | Ep. 5
Time elapsed: 28.07 min
Epoch: 080/200 | Batch 0000/0043 | Loss: 0.0135
MAE/RMSE/ACC: Current Valid: 0.48/0.74/60.16 Ep. 80 | Best Valid: 0.42/0.67/60.16 | Ep. 5
Time elapsed: 28.44 min
Epoch: 081/200 | Batch 0000/0043 | Loss: 0.0246
MAE/RMSE/ACC: Current Valid: 0.48/0.73/60.16 Ep. 81 | Best Valid: 0.42/0.67/60.16 | Ep. 5
Time elapsed: 28.81 min
Epoch: 082/200 | Batch 0000/0043 | Loss: 0.0401
MAE/RMSE/ACC: Current Valid: 0.49/0.74/60.16 Ep. 82 | Best Valid: 0.42/0.67/60.16 | Ep. 5
Time elapsed: 29.18 min
Epoch: 083/200 | Batch 0000/0043 | Loss: 0.0381
MAE/RMSE/ACC: Current Valid: 0.48/0.74/60.16 Ep. 83 | Best Valid: 0.42/0.67/60.16 | Ep. 5
Time elapsed: 29.55 min
Epoch: 084/200 | Batch 0000/0043 | Loss: 0.0459
MAE/RMSE/ACC: Current Valid: 0.50/0.75/60.16 Ep. 84 | Best Valid: 0.42/0.67/60.16 | Ep. 5
Time elapsed: 29.92 min
Epoch: 085/200 | Batch 0000/0043 | Loss: 0.0344
MAE/RMSE/ACC: Current Valid: 0.49/0.75/60.16 Ep. 85 | Best Valid: 0.42/0.67/60.16 | Ep. 5
Time elapsed: 30.29 min
Epoch: 086/200 | Batch 0000/0043 | Loss: 0.0120
MAE/RMSE/ACC: Current Valid: 0.51/0.77/60.16 Ep. 86 | Best Valid: 0.42/0.67/60.16 | Ep. 5
Time elapsed: 30.65 min
Epoch: 087/200 | Batch 0000/0043 | Loss: 0.0208
MAE/RMSE/ACC: Current Valid: 0.50/0.76/60.16 Ep. 87 | Best Valid: 0.42/0.67/60.16 | Ep. 5
Time elapsed: 31.02 min
Epoch: 088/200 | Batch 0000/0043 | Loss: 0.0034
MAE/RMSE/ACC: Current Valid: 0.49/0.76/60.16 Ep. 88 | Best Valid: 0.42/0.67/60.16 | Ep. 5
Time elapsed: 31.39 min
Epoch: 089/200 | Batch 0000/0043 | Loss: 0.0175
MAE/RMSE/ACC: Current Valid: 0.50/0.76/60.16 Ep. 89 | Best Valid: 0.42/0.67/60.16 | Ep. 5
Time elapsed: 31.76 min
Epoch: 090/200 | Batch 0000/0043 | Loss: 0.0148
MAE/RMSE/ACC: Current Valid: 0.50/0.76/60.16 Ep. 90 | Best Valid: 0.42/0.67/60.16 | Ep. 5
Time elapsed: 32.13 min
Epoch: 091/200 | Batch 0000/0043 | Loss: 0.0241
MAE/RMSE/ACC: Current Valid: 0.50/0.76/60.16 Ep. 91 | Best Valid: 0.42/0.67/60.16 | Ep. 5
Time elapsed: 32.50 min
Epoch: 092/200 | Batch 0000/0043 | Loss: 0.0154
MAE/RMSE/ACC: Current Valid: 0.48/0.75/60.16 Ep. 92 | Best Valid: 0.42/0.67/60.16 | Ep. 5
Time elapsed: 32.87 min
Epoch: 093/200 | Batch 0000/0043 | Loss: 0.0085
MAE/RMSE/ACC: Current Valid: 0.50/0.77/60.16 Ep. 93 | Best Valid: 0.42/0.67/60.16 | Ep. 5
Time elapsed: 33.24 min
Epoch: 094/200 | Batch 0000/0043 | Loss: 0.0318
MAE/RMSE/ACC: Current Valid: 0.47/0.73/60.16 Ep. 94 | Best Valid: 0.42/0.67/60.16 | Ep. 5
Time elapsed: 33.60 min
Epoch: 095/200 | Batch 0000/0043 | Loss: 0.0135
MAE/RMSE/ACC: Current Valid: 0.49/0.75/60.16 Ep. 95 | Best Valid: 0.42/0.67/60.16 | Ep. 5
Time elapsed: 33.97 min
Epoch: 096/200 | Batch 0000/0043 | Loss: 0.0073
MAE/RMSE/ACC: Current Valid: 0.50/0.77/60.16 Ep. 96 | Best Valid: 0.42/0.67/60.16 | Ep. 5
Time elapsed: 34.34 min
Epoch: 097/200 | Batch 0000/0043 | Loss: 0.0376
MAE/RMSE/ACC: Current Valid: 0.48/0.74/60.16 Ep. 97 | Best Valid: 0.42/0.67/60.16 | Ep. 5
Time elapsed: 34.71 min
Epoch: 098/200 | Batch 0000/0043 | Loss: 0.0137
MAE/RMSE/ACC: Current Valid: 0.48/0.74/60.16 Ep. 98 | Best Valid: 0.42/0.67/60.16 | Ep. 5
Time elapsed: 35.08 min
Epoch: 099/200 | Batch 0000/0043 | Loss: 0.0470
MAE/RMSE/ACC: Current Valid: 0.47/0.74/60.16 Ep. 99 | Best Valid: 0.42/0.67/60.16 | Ep. 5
Time elapsed: 35.44 min
Epoch: 100/200 | Batch 0000/0043 | Loss: 0.0372
MAE/RMSE/ACC: Current Valid: 0.47/0.73/60.16 Ep. 100 | Best Valid: 0.42/0.67/60.16 | Ep. 5
Time elapsed: 35.81 min
Epoch: 101/200 | Batch 0000/0043 | Loss: 0.0144
MAE/RMSE/ACC: Current Valid: 0.49/0.75/60.16 Ep. 101 | Best Valid: 0.42/0.67/60.16 | Ep. 5
Time elapsed: 36.18 min
Epoch: 102/200 | Batch 0000/0043 | Loss: 0.0275
MAE/RMSE/ACC: Current Valid: 0.50/0.76/60.16 Ep. 102 | Best Valid: 0.42/0.67/60.16 | Ep. 5
Time elapsed: 36.55 min
Epoch: 103/200 | Batch 0000/0043 | Loss: 0.0169
MAE/RMSE/ACC: Current Valid: 0.48/0.74/60.16 Ep. 103 | Best Valid: 0.42/0.67/60.16 | Ep. 5
Time elapsed: 36.92 min
Epoch: 104/200 | Batch 0000/0043 | Loss: 0.0236
MAE/RMSE/ACC: Current Valid: 0.49/0.75/60.16 Ep. 104 | Best Valid: 0.42/0.67/60.16 | Ep. 5
Time elapsed: 37.29 min
Epoch: 105/200 | Batch 0000/0043 | Loss: 0.0168
MAE/RMSE/ACC: Current Valid: 0.50/0.76/60.16 Ep. 105 | Best Valid: 0.42/0.67/60.16 | Ep. 5
Time elapsed: 37.66 min
Epoch: 106/200 | Batch 0000/0043 | Loss: 0.0266
MAE/RMSE/ACC: Current Valid: 0.49/0.76/60.16 Ep. 106 | Best Valid: 0.42/0.67/60.16 | Ep. 5
Time elapsed: 38.03 min
Epoch: 107/200 | Batch 0000/0043 | Loss: 0.0130
MAE/RMSE/ACC: Current Valid: 0.49/0.74/60.16 Ep. 107 | Best Valid: 0.42/0.67/60.16 | Ep. 5
Time elapsed: 38.39 min
Epoch: 108/200 | Batch 0000/0043 | Loss: 0.0275
MAE/RMSE/ACC: Current Valid: 0.47/0.73/60.16 Ep. 108 | Best Valid: 0.42/0.67/60.16 | Ep. 5
Time elapsed: 38.76 min
Epoch: 109/200 | Batch 0000/0043 | Loss: 0.0124
MAE/RMSE/ACC: Current Valid: 0.48/0.74/60.16 Ep. 109 | Best Valid: 0.42/0.67/60.16 | Ep. 5
Time elapsed: 39.13 min
Epoch: 110/200 | Batch 0000/0043 | Loss: 0.0119
MAE/RMSE/ACC: Current Valid: 0.48/0.74/60.16 Ep. 110 | Best Valid: 0.42/0.67/60.16 | Ep. 5
Time elapsed: 39.50 min
Epoch: 111/200 | Batch 0000/0043 | Loss: 0.0380
MAE/RMSE/ACC: Current Valid: 0.49/0.75/60.16 Ep. 111 | Best Valid: 0.42/0.67/60.16 | Ep. 5
Time elapsed: 39.87 min
Epoch: 112/200 | Batch 0000/0043 | Loss: 0.0155
MAE/RMSE/ACC: Current Valid: 0.48/0.74/60.16 Ep. 112 | Best Valid: 0.42/0.67/60.16 | Ep. 5
Time elapsed: 40.24 min
Epoch: 113/200 | Batch 0000/0043 | Loss: 0.0104
MAE/RMSE/ACC: Current Valid: 0.49/0.74/60.16 Ep. 113 | Best Valid: 0.42/0.67/60.16 | Ep. 5
Time elapsed: 40.60 min
Epoch: 114/200 | Batch 0000/0043 | Loss: 0.0217
MAE/RMSE/ACC: Current Valid: 0.48/0.73/60.16 Ep. 114 | Best Valid: 0.42/0.67/60.16 | Ep. 5
Time elapsed: 40.97 min
Epoch: 115/200 | Batch 0000/0043 | Loss: 0.0228
MAE/RMSE/ACC: Current Valid: 0.48/0.73/60.16 Ep. 115 | Best Valid: 0.42/0.67/60.16 | Ep. 5
Time elapsed: 41.34 min
Epoch: 116/200 | Batch 0000/0043 | Loss: 0.0369
MAE/RMSE/ACC: Current Valid: 0.48/0.74/60.16 Ep. 116 | Best Valid: 0.42/0.67/60.16 | Ep. 5
Time elapsed: 41.71 min
Epoch: 117/200 | Batch 0000/0043 | Loss: 0.0258
MAE/RMSE/ACC: Current Valid: 0.50/0.76/60.16 Ep. 117 | Best Valid: 0.42/0.67/60.16 | Ep. 5
Time elapsed: 42.08 min
Epoch: 118/200 | Batch 0000/0043 | Loss: 0.0060
MAE/RMSE/ACC: Current Valid: 0.48/0.74/60.16 Ep. 118 | Best Valid: 0.42/0.67/60.16 | Ep. 5
Time elapsed: 42.44 min
Epoch: 119/200 | Batch 0000/0043 | Loss: 0.0042
MAE/RMSE/ACC: Current Valid: 0.50/0.76/60.16 Ep. 119 | Best Valid: 0.42/0.67/60.16 | Ep. 5
Time elapsed: 42.81 min
Epoch: 120/200 | Batch 0000/0043 | Loss: 0.0029
MAE/RMSE/ACC: Current Valid: 0.48/0.73/60.16 Ep. 120 | Best Valid: 0.42/0.67/60.16 | Ep. 5
Time elapsed: 43.18 min
Epoch: 121/200 | Batch 0000/0043 | Loss: 0.0159
MAE/RMSE/ACC: Current Valid: 0.48/0.74/60.16 Ep. 121 | Best Valid: 0.42/0.67/60.16 | Ep. 5
Time elapsed: 43.55 min
Epoch: 122/200 | Batch 0000/0043 | Loss: 0.0298
MAE/RMSE/ACC: Current Valid: 0.49/0.75/60.16 Ep. 122 | Best Valid: 0.42/0.67/60.16 | Ep. 5
Time elapsed: 43.92 min
Epoch: 123/200 | Batch 0000/0043 | Loss: 0.0151
MAE/RMSE/ACC: Current Valid: 0.47/0.74/60.16 Ep. 123 | Best Valid: 0.42/0.67/60.16 | Ep. 5
Time elapsed: 44.29 min
Epoch: 124/200 | Batch 0000/0043 | Loss: 0.0054
MAE/RMSE/ACC: Current Valid: 0.50/0.75/60.16 Ep. 124 | Best Valid: 0.42/0.67/60.16 | Ep. 5
Time elapsed: 44.66 min
Epoch: 125/200 | Batch 0000/0043 | Loss: 0.0147
MAE/RMSE/ACC: Current Valid: 0.49/0.75/60.16 Ep. 125 | Best Valid: 0.42/0.67/60.16 | Ep. 5
Time elapsed: 45.03 min
Epoch: 126/200 | Batch 0000/0043 | Loss: 0.0116
MAE/RMSE/ACC: Current Valid: 0.48/0.73/60.16 Ep. 126 | Best Valid: 0.42/0.67/60.16 | Ep. 5
Time elapsed: 45.40 min
Epoch: 127/200 | Batch 0000/0043 | Loss: 0.0260
MAE/RMSE/ACC: Current Valid: 0.47/0.73/60.16 Ep. 127 | Best Valid: 0.42/0.67/60.16 | Ep. 5
Time elapsed: 45.76 min
Epoch: 128/200 | Batch 0000/0043 | Loss: 0.0437
MAE/RMSE/ACC: Current Valid: 0.50/0.75/60.16 Ep. 128 | Best Valid: 0.42/0.67/60.16 | Ep. 5
Time elapsed: 46.13 min
Epoch: 129/200 | Batch 0000/0043 | Loss: 0.0289
MAE/RMSE/ACC: Current Valid: 0.48/0.75/60.16 Ep. 129 | Best Valid: 0.42/0.67/60.16 | Ep. 5
Time elapsed: 46.51 min
Epoch: 130/200 | Batch 0000/0043 | Loss: 0.0338
MAE/RMSE/ACC: Current Valid: 0.47/0.73/60.16 Ep. 130 | Best Valid: 0.42/0.67/60.16 | Ep. 5
Time elapsed: 46.87 min
Epoch: 131/200 | Batch 0000/0043 | Loss: 0.0065
MAE/RMSE/ACC: Current Valid: 0.49/0.75/60.16 Ep. 131 | Best Valid: 0.42/0.67/60.16 | Ep. 5
Time elapsed: 47.24 min
Epoch: 132/200 | Batch 0000/0043 | Loss: 0.0101
MAE/RMSE/ACC: Current Valid: 0.48/0.74/60.16 Ep. 132 | Best Valid: 0.42/0.67/60.16 | Ep. 5
Time elapsed: 47.61 min
Epoch: 133/200 | Batch 0000/0043 | Loss: 0.0079
MAE/RMSE/ACC: Current Valid: 0.48/0.74/60.16 Ep. 133 | Best Valid: 0.42/0.67/60.16 | Ep. 5
Time elapsed: 47.98 min
Epoch: 134/200 | Batch 0000/0043 | Loss: 0.0142
MAE/RMSE/ACC: Current Valid: 0.49/0.75/60.16 Ep. 134 | Best Valid: 0.42/0.67/60.16 | Ep. 5
Time elapsed: 48.35 min
Epoch: 135/200 | Batch 0000/0043 | Loss: 0.0088
MAE/RMSE/ACC: Current Valid: 0.49/0.75/60.16 Ep. 135 | Best Valid: 0.42/0.67/60.16 | Ep. 5
Time elapsed: 48.71 min
Epoch: 136/200 | Batch 0000/0043 | Loss: 0.0254
MAE/RMSE/ACC: Current Valid: 0.49/0.75/60.16 Ep. 136 | Best Valid: 0.42/0.67/60.16 | Ep. 5
Time elapsed: 49.08 min
Epoch: 137/200 | Batch 0000/0043 | Loss: 0.0080
MAE/RMSE/ACC: Current Valid: 0.49/0.75/60.16 Ep. 137 | Best Valid: 0.42/0.67/60.16 | Ep. 5
Time elapsed: 49.45 min
Epoch: 138/200 | Batch 0000/0043 | Loss: 0.0266
MAE/RMSE/ACC: Current Valid: 0.49/0.74/60.16 Ep. 138 | Best Valid: 0.42/0.67/60.16 | Ep. 5
Time elapsed: 49.82 min
Epoch: 139/200 | Batch 0000/0043 | Loss: 0.0333
MAE/RMSE/ACC: Current Valid: 0.46/0.72/60.16 Ep. 139 | Best Valid: 0.42/0.67/60.16 | Ep. 5
Time elapsed: 50.19 min
Epoch: 140/200 | Batch 0000/0043 | Loss: 0.0448
MAE/RMSE/ACC: Current Valid: 0.48/0.74/60.16 Ep. 140 | Best Valid: 0.42/0.67/60.16 | Ep. 5
Time elapsed: 50.56 min
Epoch: 141/200 | Batch 0000/0043 | Loss: 0.0439
MAE/RMSE/ACC: Current Valid: 0.49/0.75/60.16 Ep. 141 | Best Valid: 0.42/0.67/60.16 | Ep. 5
Time elapsed: 50.93 min
Epoch: 142/200 | Batch 0000/0043 | Loss: 0.0029
MAE/RMSE/ACC: Current Valid: 0.48/0.75/60.16 Ep. 142 | Best Valid: 0.42/0.67/60.16 | Ep. 5
Time elapsed: 51.29 min
Epoch: 143/200 | Batch 0000/0043 | Loss: 0.0058
MAE/RMSE/ACC: Current Valid: 0.48/0.73/60.16 Ep. 143 | Best Valid: 0.42/0.67/60.16 | Ep. 5
Time elapsed: 51.66 min
Epoch: 144/200 | Batch 0000/0043 | Loss: 0.0141
MAE/RMSE/ACC: Current Valid: 0.47/0.73/60.16 Ep. 144 | Best Valid: 0.42/0.67/60.16 | Ep. 5
Time elapsed: 52.03 min
Epoch: 145/200 | Batch 0000/0043 | Loss: 0.0187
MAE/RMSE/ACC: Current Valid: 0.48/0.74/60.16 Ep. 145 | Best Valid: 0.42/0.67/60.16 | Ep. 5
Time elapsed: 52.40 min
Epoch: 146/200 | Batch 0000/0043 | Loss: 0.0070
MAE/RMSE/ACC: Current Valid: 0.48/0.74/60.16 Ep. 146 | Best Valid: 0.42/0.67/60.16 | Ep. 5
Time elapsed: 52.77 min
Epoch: 147/200 | Batch 0000/0043 | Loss: 0.0052
MAE/RMSE/ACC: Current Valid: 0.48/0.73/60.16 Ep. 147 | Best Valid: 0.42/0.67/60.16 | Ep. 5
Time elapsed: 53.14 min
Epoch: 148/200 | Batch 0000/0043 | Loss: 0.0153
MAE/RMSE/ACC: Current Valid: 0.48/0.75/60.16 Ep. 148 | Best Valid: 0.42/0.67/60.16 | Ep. 5
Time elapsed: 53.51 min
Epoch: 149/200 | Batch 0000/0043 | Loss: 0.0396
MAE/RMSE/ACC: Current Valid: 0.49/0.75/60.16 Ep. 149 | Best Valid: 0.42/0.67/60.16 | Ep. 5
Time elapsed: 53.88 min
Epoch: 150/200 | Batch 0000/0043 | Loss: 0.0082
MAE/RMSE/ACC: Current Valid: 0.46/0.73/60.16 Ep. 150 | Best Valid: 0.42/0.67/60.16 | Ep. 5
Time elapsed: 54.25 min
Epoch: 151/200 | Batch 0000/0043 | Loss: 0.0216
MAE/RMSE/ACC: Current Valid: 0.47/0.74/60.16 Ep. 151 | Best Valid: 0.42/0.67/60.16 | Ep. 5
Time elapsed: 54.62 min
Epoch: 152/200 | Batch 0000/0043 | Loss: 0.0084
MAE/RMSE/ACC: Current Valid: 0.49/0.75/60.16 Ep. 152 | Best Valid: 0.42/0.67/60.16 | Ep. 5
Time elapsed: 54.99 min
Epoch: 153/200 | Batch 0000/0043 | Loss: 0.0075
MAE/RMSE/ACC: Current Valid: 0.47/0.73/60.16 Ep. 153 | Best Valid: 0.42/0.67/60.16 | Ep. 5
Time elapsed: 55.35 min
Epoch: 154/200 | Batch 0000/0043 | Loss: 0.0182
MAE/RMSE/ACC: Current Valid: 0.49/0.75/60.16 Ep. 154 | Best Valid: 0.42/0.67/60.16 | Ep. 5
Time elapsed: 55.72 min
Epoch: 155/200 | Batch 0000/0043 | Loss: 0.0124
MAE/RMSE/ACC: Current Valid: 0.47/0.73/60.16 Ep. 155 | Best Valid: 0.42/0.67/60.16 | Ep. 5
Time elapsed: 56.09 min
Epoch: 156/200 | Batch 0000/0043 | Loss: 0.0148
MAE/RMSE/ACC: Current Valid: 0.49/0.75/60.16 Ep. 156 | Best Valid: 0.42/0.67/60.16 | Ep. 5
Time elapsed: 56.46 min
Epoch: 157/200 | Batch 0000/0043 | Loss: 0.0057
MAE/RMSE/ACC: Current Valid: 0.50/0.76/60.16 Ep. 157 | Best Valid: 0.42/0.67/60.16 | Ep. 5
Time elapsed: 56.83 min
Epoch: 158/200 | Batch 0000/0043 | Loss: 0.0081
MAE/RMSE/ACC: Current Valid: 0.48/0.73/60.16 Ep. 158 | Best Valid: 0.42/0.67/60.16 | Ep. 5
Time elapsed: 57.19 min
Epoch: 159/200 | Batch 0000/0043 | Loss: 0.0212
MAE/RMSE/ACC: Current Valid: 0.48/0.74/60.16 Ep. 159 | Best Valid: 0.42/0.67/60.16 | Ep. 5
Time elapsed: 57.56 min
Epoch: 160/200 | Batch 0000/0043 | Loss: 0.0224
MAE/RMSE/ACC: Current Valid: 0.47/0.74/60.16 Ep. 160 | Best Valid: 0.42/0.67/60.16 | Ep. 5
Time elapsed: 57.94 min
Epoch: 161/200 | Batch 0000/0043 | Loss: 0.0022
MAE/RMSE/ACC: Current Valid: 0.47/0.74/60.16 Ep. 161 | Best Valid: 0.42/0.67/60.16 | Ep. 5
Time elapsed: 58.31 min
Epoch: 162/200 | Batch 0000/0043 | Loss: 0.0075
MAE/RMSE/ACC: Current Valid: 0.50/0.75/60.16 Ep. 162 | Best Valid: 0.42/0.67/60.16 | Ep. 5
Time elapsed: 58.67 min
Epoch: 163/200 | Batch 0000/0043 | Loss: 0.0273
MAE/RMSE/ACC: Current Valid: 0.48/0.74/60.16 Ep. 163 | Best Valid: 0.42/0.67/60.16 | Ep. 5
Time elapsed: 59.04 min
Epoch: 164/200 | Batch 0000/0043 | Loss: 0.0234
MAE/RMSE/ACC: Current Valid: 0.48/0.74/60.16 Ep. 164 | Best Valid: 0.42/0.67/60.16 | Ep. 5
Time elapsed: 59.41 min
Epoch: 165/200 | Batch 0000/0043 | Loss: 0.0099
MAE/RMSE/ACC: Current Valid: 0.48/0.73/60.16 Ep. 165 | Best Valid: 0.42/0.67/60.16 | Ep. 5
Time elapsed: 59.78 min
Epoch: 166/200 | Batch 0000/0043 | Loss: 0.0034
MAE/RMSE/ACC: Current Valid: 0.48/0.75/60.16 Ep. 166 | Best Valid: 0.42/0.67/60.16 | Ep. 5
Time elapsed: 60.15 min
Epoch: 167/200 | Batch 0000/0043 | Loss: 0.0044
MAE/RMSE/ACC: Current Valid: 0.48/0.74/60.16 Ep. 167 | Best Valid: 0.42/0.67/60.16 | Ep. 5
Time elapsed: 60.52 min
Epoch: 168/200 | Batch 0000/0043 | Loss: 0.0026
MAE/RMSE/ACC: Current Valid: 0.50/0.75/60.16 Ep. 168 | Best Valid: 0.42/0.67/60.16 | Ep. 5
Time elapsed: 60.89 min
Epoch: 169/200 | Batch 0000/0043 | Loss: 0.0037
MAE/RMSE/ACC: Current Valid: 0.48/0.74/60.16 Ep. 169 | Best Valid: 0.42/0.67/60.16 | Ep. 5
Time elapsed: 61.25 min
Epoch: 170/200 | Batch 0000/0043 | Loss: 0.0028
MAE/RMSE/ACC: Current Valid: 0.49/0.74/60.16 Ep. 170 | Best Valid: 0.42/0.67/60.16 | Ep. 5
Time elapsed: 61.62 min
Epoch: 171/200 | Batch 0000/0043 | Loss: 0.0012
MAE/RMSE/ACC: Current Valid: 0.49/0.74/60.16 Ep. 171 | Best Valid: 0.42/0.67/60.16 | Ep. 5
Time elapsed: 61.99 min
Epoch: 172/200 | Batch 0000/0043 | Loss: 0.0085
MAE/RMSE/ACC: Current Valid: 0.49/0.76/60.16 Ep. 172 | Best Valid: 0.42/0.67/60.16 | Ep. 5
Time elapsed: 62.36 min
Epoch: 173/200 | Batch 0000/0043 | Loss: 0.0305
MAE/RMSE/ACC: Current Valid: 0.49/0.75/60.16 Ep. 173 | Best Valid: 0.42/0.67/60.16 | Ep. 5
Time elapsed: 62.73 min
Epoch: 174/200 | Batch 0000/0043 | Loss: 0.0311
MAE/RMSE/ACC: Current Valid: 0.49/0.76/60.16 Ep. 174 | Best Valid: 0.42/0.67/60.16 | Ep. 5
Time elapsed: 63.10 min
Epoch: 175/200 | Batch 0000/0043 | Loss: 0.0014
MAE/RMSE/ACC: Current Valid: 0.48/0.74/60.16 Ep. 175 | Best Valid: 0.42/0.67/60.16 | Ep. 5
Time elapsed: 63.47 min
Epoch: 176/200 | Batch 0000/0043 | Loss: 0.0220
MAE/RMSE/ACC: Current Valid: 0.49/0.75/60.16 Ep. 176 | Best Valid: 0.42/0.67/60.16 | Ep. 5
Time elapsed: 63.84 min
Epoch: 177/200 | Batch 0000/0043 | Loss: 0.0071
MAE/RMSE/ACC: Current Valid: 0.48/0.74/60.16 Ep. 177 | Best Valid: 0.42/0.67/60.16 | Ep. 5
Time elapsed: 64.21 min
Epoch: 178/200 | Batch 0000/0043 | Loss: 0.0024
MAE/RMSE/ACC: Current Valid: 0.49/0.75/60.16 Ep. 178 | Best Valid: 0.42/0.67/60.16 | Ep. 5
Time elapsed: 64.58 min
Epoch: 179/200 | Batch 0000/0043 | Loss: 0.0156
MAE/RMSE/ACC: Current Valid: 0.49/0.75/60.16 Ep. 179 | Best Valid: 0.42/0.67/60.16 | Ep. 5
Time elapsed: 64.95 min
Epoch: 180/200 | Batch 0000/0043 | Loss: 0.0197
MAE/RMSE/ACC: Current Valid: 0.49/0.74/60.16 Ep. 180 | Best Valid: 0.42/0.67/60.16 | Ep. 5
Time elapsed: 65.31 min
Epoch: 181/200 | Batch 0000/0043 | Loss: 0.0319
MAE/RMSE/ACC: Current Valid: 0.48/0.74/60.16 Ep. 181 | Best Valid: 0.42/0.67/60.16 | Ep. 5
Time elapsed: 65.68 min
Epoch: 182/200 | Batch 0000/0043 | Loss: 0.0129
MAE/RMSE/ACC: Current Valid: 0.50/0.77/60.16 Ep. 182 | Best Valid: 0.42/0.67/60.16 | Ep. 5
Time elapsed: 66.05 min
Epoch: 183/200 | Batch 0000/0043 | Loss: 0.0170
MAE/RMSE/ACC: Current Valid: 0.49/0.76/60.16 Ep. 183 | Best Valid: 0.42/0.67/60.16 | Ep. 5
Time elapsed: 66.42 min
Epoch: 184/200 | Batch 0000/0043 | Loss: 0.0045
MAE/RMSE/ACC: Current Valid: 0.50/0.76/60.16 Ep. 184 | Best Valid: 0.42/0.67/60.16 | Ep. 5
Time elapsed: 66.79 min
Epoch: 185/200 | Batch 0000/0043 | Loss: 0.0136
MAE/RMSE/ACC: Current Valid: 0.48/0.73/60.16 Ep. 185 | Best Valid: 0.42/0.67/60.16 | Ep. 5
Time elapsed: 67.16 min
Epoch: 186/200 | Batch 0000/0043 | Loss: 0.0130
MAE/RMSE/ACC: Current Valid: 0.48/0.73/60.16 Ep. 186 | Best Valid: 0.42/0.67/60.16 | Ep. 5
Time elapsed: 67.53 min
Epoch: 187/200 | Batch 0000/0043 | Loss: 0.0210
MAE/RMSE/ACC: Current Valid: 0.49/0.74/60.16 Ep. 187 | Best Valid: 0.42/0.67/60.16 | Ep. 5
Time elapsed: 67.90 min
Epoch: 188/200 | Batch 0000/0043 | Loss: 0.0191
MAE/RMSE/ACC: Current Valid: 0.49/0.76/60.16 Ep. 188 | Best Valid: 0.42/0.67/60.16 | Ep. 5
Time elapsed: 68.27 min
Epoch: 189/200 | Batch 0000/0043 | Loss: 0.0256
MAE/RMSE/ACC: Current Valid: 0.50/0.76/60.16 Ep. 189 | Best Valid: 0.42/0.67/60.16 | Ep. 5
Time elapsed: 68.64 min
Epoch: 190/200 | Batch 0000/0043 | Loss: 0.0125
MAE/RMSE/ACC: Current Valid: 0.48/0.73/60.16 Ep. 190 | Best Valid: 0.42/0.67/60.16 | Ep. 5
Time elapsed: 69.01 min
Epoch: 191/200 | Batch 0000/0043 | Loss: 0.0053
MAE/RMSE/ACC: Current Valid: 0.50/0.76/60.16 Ep. 191 | Best Valid: 0.42/0.67/60.16 | Ep. 5
Time elapsed: 69.37 min
Epoch: 192/200 | Batch 0000/0043 | Loss: 0.0252
MAE/RMSE/ACC: Current Valid: 0.49/0.75/60.16 Ep. 192 | Best Valid: 0.42/0.67/60.16 | Ep. 5
Time elapsed: 69.74 min
Epoch: 193/200 | Batch 0000/0043 | Loss: 0.0218
MAE/RMSE/ACC: Current Valid: 0.48/0.73/60.16 Ep. 193 | Best Valid: 0.42/0.67/60.16 | Ep. 5
Time elapsed: 70.11 min
Epoch: 194/200 | Batch 0000/0043 | Loss: 0.0220
MAE/RMSE/ACC: Current Valid: 0.47/0.73/60.16 Ep. 194 | Best Valid: 0.42/0.67/60.16 | Ep. 5
Time elapsed: 70.48 min
Epoch: 195/200 | Batch 0000/0043 | Loss: 0.0037
MAE/RMSE/ACC: Current Valid: 0.49/0.74/60.16 Ep. 195 | Best Valid: 0.42/0.67/60.16 | Ep. 5
Time elapsed: 70.85 min
Epoch: 196/200 | Batch 0000/0043 | Loss: 0.0456
MAE/RMSE/ACC: Current Valid: 0.47/0.73/60.16 Ep. 196 | Best Valid: 0.42/0.67/60.16 | Ep. 5
Time elapsed: 71.22 min
Epoch: 197/200 | Batch 0000/0043 | Loss: 0.0100
MAE/RMSE/ACC: Current Valid: 0.47/0.74/60.16 Ep. 197 | Best Valid: 0.42/0.67/60.16 | Ep. 5
Time elapsed: 71.58 min
Epoch: 198/200 | Batch 0000/0043 | Loss: 0.0109
MAE/RMSE/ACC: Current Valid: 0.47/0.74/60.16 Ep. 198 | Best Valid: 0.42/0.67/60.16 | Ep. 5
Time elapsed: 71.95 min
Epoch: 199/200 | Batch 0000/0043 | Loss: 0.0023
MAE/RMSE/ACC: Current Valid: 0.47/0.74/60.16 Ep. 199 | Best Valid: 0.42/0.67/60.16 | Ep. 5
Time elapsed: 72.32 min
Epoch: 200/200 | Batch 0000/0043 | Loss: 0.0052
MAE/RMSE/ACC: Current Valid: 0.50/0.76/60.16 Ep. 200 | Best Valid: 0.42/0.67/60.16 | Ep. 5
Time elapsed: 72.68 min
MAE/RMSE: | Train: 0.01/0.09 | Valid: 0.50/0.76 | Test: 0.48/0.73
ACC: | Train: 99.45 | Valid: 53.72 | Test: 54.69
Total Running Time: 73.29 min
MAE/RMSE: | Best Train: 0.40/0.66 | Best Valid: 0.42/0.67 | Best Test: 0.42/0.68
ACC: | Best Train: 62.05 | Best Valid: 60.16 | Best Test: 60.46
Total Running Time: 73.89 min
