This script: vgg16_conditional-v3.py
PyTorch Version: 1.8.1
CUDA device: cuda:2
CUDA version: 10.2
Random seed: 0
Learning rate: 5e-05
Epochs: 200
Batch size: 54
Output path: ../vgg16-results/aes-animals/aes-corn-lr0.00005-bs64
Epoch: 001/200 | Batch 0000/0050 | Loss: 0.7446
MAE/RMSE/ACC: Current Valid: 0.30/0.55/69.88 Ep. 1 | Best Valid: 0.30/0.55/69.88 | Ep. 1
Time elapsed: 0.51 min
Epoch: 002/200 | Batch 0000/0050 | Loss: 0.1627
MAE/RMSE/ACC: Current Valid: 0.28/0.54/72.29 Ep. 2 | Best Valid: 0.28/0.54/72.29 | Ep. 2
Time elapsed: 1.02 min
Epoch: 003/200 | Batch 0000/0050 | Loss: 0.1187
MAE/RMSE/ACC: Current Valid: 0.27/0.51/73.49 Ep. 3 | Best Valid: 0.27/0.51/73.49 | Ep. 3
Time elapsed: 1.53 min
Epoch: 004/200 | Batch 0000/0050 | Loss: 0.0749
MAE/RMSE/ACC: Current Valid: 0.27/0.53/73.49 Ep. 4 | Best Valid: 0.27/0.51/73.49 | Ep. 3
Time elapsed: 2.01 min
Epoch: 005/200 | Batch 0000/0050 | Loss: 0.0465
MAE/RMSE/ACC: Current Valid: 0.33/0.58/73.49 Ep. 5 | Best Valid: 0.27/0.51/73.49 | Ep. 3
Time elapsed: 2.49 min
Epoch: 006/200 | Batch 0000/0050 | Loss: 0.0320
MAE/RMSE/ACC: Current Valid: 0.25/0.50/75.30 Ep. 6 | Best Valid: 0.25/0.50/75.30 | Ep. 6
Time elapsed: 3.01 min
Epoch: 007/200 | Batch 0000/0050 | Loss: 0.0246
MAE/RMSE/ACC: Current Valid: 0.27/0.51/75.30 Ep. 7 | Best Valid: 0.25/0.50/75.30 | Ep. 6
Time elapsed: 3.50 min
Epoch: 008/200 | Batch 0000/0050 | Loss: 0.0125
MAE/RMSE/ACC: Current Valid: 0.28/0.53/75.30 Ep. 8 | Best Valid: 0.25/0.50/75.30 | Ep. 6
Time elapsed: 3.98 min
Epoch: 009/200 | Batch 0000/0050 | Loss: 0.0092
MAE/RMSE/ACC: Current Valid: 0.26/0.51/75.30 Ep. 9 | Best Valid: 0.25/0.50/75.30 | Ep. 6
Time elapsed: 4.46 min
Epoch: 010/200 | Batch 0000/0050 | Loss: 0.0093
MAE/RMSE/ACC: Current Valid: 0.29/0.54/75.30 Ep. 10 | Best Valid: 0.25/0.50/75.30 | Ep. 6
Time elapsed: 4.94 min
Epoch: 011/200 | Batch 0000/0050 | Loss: 0.0097
MAE/RMSE/ACC: Current Valid: 0.28/0.53/75.30 Ep. 11 | Best Valid: 0.25/0.50/75.30 | Ep. 6
Time elapsed: 5.43 min
Epoch: 012/200 | Batch 0000/0050 | Loss: 0.0270
MAE/RMSE/ACC: Current Valid: 0.27/0.52/75.30 Ep. 12 | Best Valid: 0.25/0.50/75.30 | Ep. 6
Time elapsed: 5.91 min
Epoch: 013/200 | Batch 0000/0050 | Loss: 0.0013
MAE/RMSE/ACC: Current Valid: 0.30/0.55/75.30 Ep. 13 | Best Valid: 0.25/0.50/75.30 | Ep. 6
Time elapsed: 6.40 min
Epoch: 014/200 | Batch 0000/0050 | Loss: 0.0059
MAE/RMSE/ACC: Current Valid: 0.30/0.56/75.30 Ep. 14 | Best Valid: 0.25/0.50/75.30 | Ep. 6
Time elapsed: 6.88 min
Epoch: 015/200 | Batch 0000/0050 | Loss: 0.0074
MAE/RMSE/ACC: Current Valid: 0.28/0.53/75.30 Ep. 15 | Best Valid: 0.25/0.50/75.30 | Ep. 6
Time elapsed: 7.36 min
Epoch: 016/200 | Batch 0000/0050 | Loss: 0.0008
MAE/RMSE/ACC: Current Valid: 0.30/0.54/75.30 Ep. 16 | Best Valid: 0.25/0.50/75.30 | Ep. 6
Time elapsed: 7.85 min
Epoch: 017/200 | Batch 0000/0050 | Loss: 0.0016
MAE/RMSE/ACC: Current Valid: 0.28/0.53/75.30 Ep. 17 | Best Valid: 0.25/0.50/75.30 | Ep. 6
Time elapsed: 8.34 min
Epoch: 018/200 | Batch 0000/0050 | Loss: 0.0012
MAE/RMSE/ACC: Current Valid: 0.27/0.51/75.30 Ep. 18 | Best Valid: 0.25/0.50/75.30 | Ep. 6
Time elapsed: 8.82 min
Epoch: 019/200 | Batch 0000/0050 | Loss: 0.0041
MAE/RMSE/ACC: Current Valid: 0.29/0.55/75.30 Ep. 19 | Best Valid: 0.25/0.50/75.30 | Ep. 6
Time elapsed: 9.31 min
Epoch: 020/200 | Batch 0000/0050 | Loss: 0.0702
MAE/RMSE/ACC: Current Valid: 0.31/0.55/75.30 Ep. 20 | Best Valid: 0.25/0.50/75.30 | Ep. 6
Time elapsed: 9.79 min
Epoch: 021/200 | Batch 0000/0050 | Loss: 0.0027
MAE/RMSE/ACC: Current Valid: 0.28/0.53/75.30 Ep. 21 | Best Valid: 0.25/0.50/75.30 | Ep. 6
Time elapsed: 10.28 min
Epoch: 022/200 | Batch 0000/0050 | Loss: 0.0012
MAE/RMSE/ACC: Current Valid: 0.28/0.53/75.30 Ep. 22 | Best Valid: 0.25/0.50/75.30 | Ep. 6
Time elapsed: 10.77 min
Epoch: 023/200 | Batch 0000/0050 | Loss: 0.0028
MAE/RMSE/ACC: Current Valid: 0.27/0.52/75.30 Ep. 23 | Best Valid: 0.25/0.50/75.30 | Ep. 6
Time elapsed: 11.25 min
Epoch: 024/200 | Batch 0000/0050 | Loss: 0.0072
MAE/RMSE/ACC: Current Valid: 0.27/0.53/75.30 Ep. 24 | Best Valid: 0.25/0.50/75.30 | Ep. 6
Time elapsed: 11.73 min
Epoch: 025/200 | Batch 0000/0050 | Loss: 0.0047
MAE/RMSE/ACC: Current Valid: 0.28/0.53/75.30 Ep. 25 | Best Valid: 0.25/0.50/75.30 | Ep. 6
Time elapsed: 12.22 min
Epoch: 026/200 | Batch 0000/0050 | Loss: 0.0003
MAE/RMSE/ACC: Current Valid: 0.26/0.51/75.30 Ep. 26 | Best Valid: 0.25/0.50/75.30 | Ep. 6
Time elapsed: 12.70 min
Epoch: 027/200 | Batch 0000/0050 | Loss: 0.0008
MAE/RMSE/ACC: Current Valid: 0.27/0.53/75.30 Ep. 27 | Best Valid: 0.25/0.50/75.30 | Ep. 6
Time elapsed: 13.19 min
Epoch: 028/200 | Batch 0000/0050 | Loss: 0.0006
MAE/RMSE/ACC: Current Valid: 0.33/0.58/75.30 Ep. 28 | Best Valid: 0.25/0.50/75.30 | Ep. 6
Time elapsed: 13.68 min
Epoch: 029/200 | Batch 0000/0050 | Loss: 0.0006
MAE/RMSE/ACC: Current Valid: 0.27/0.51/75.30 Ep. 29 | Best Valid: 0.25/0.50/75.30 | Ep. 6
Time elapsed: 14.17 min
Epoch: 030/200 | Batch 0000/0050 | Loss: 0.0053
MAE/RMSE/ACC: Current Valid: 0.27/0.52/75.30 Ep. 30 | Best Valid: 0.25/0.50/75.30 | Ep. 6
Time elapsed: 14.66 min
Epoch: 031/200 | Batch 0000/0050 | Loss: 0.0013
MAE/RMSE/ACC: Current Valid: 0.25/0.50/75.30 Ep. 31 | Best Valid: 0.25/0.50/75.30 | Ep. 6
Time elapsed: 15.14 min
Epoch: 032/200 | Batch 0000/0050 | Loss: 0.0013
MAE/RMSE/ACC: Current Valid: 0.27/0.51/75.30 Ep. 32 | Best Valid: 0.25/0.50/75.30 | Ep. 6
Time elapsed: 15.63 min
Epoch: 033/200 | Batch 0000/0050 | Loss: 0.0004
MAE/RMSE/ACC: Current Valid: 0.28/0.53/75.30 Ep. 33 | Best Valid: 0.25/0.50/75.30 | Ep. 6
Time elapsed: 16.11 min
Epoch: 034/200 | Batch 0000/0050 | Loss: 0.0003
MAE/RMSE/ACC: Current Valid: 0.31/0.57/75.30 Ep. 34 | Best Valid: 0.25/0.50/75.30 | Ep. 6
Time elapsed: 16.60 min
Epoch: 035/200 | Batch 0000/0050 | Loss: 0.0003
MAE/RMSE/ACC: Current Valid: 0.25/0.50/75.30 Ep. 35 | Best Valid: 0.25/0.50/75.30 | Ep. 6
Time elapsed: 17.09 min
Epoch: 036/200 | Batch 0000/0050 | Loss: 0.0001
MAE/RMSE/ACC: Current Valid: 0.27/0.52/75.30 Ep. 36 | Best Valid: 0.25/0.50/75.30 | Ep. 6
Time elapsed: 17.58 min
Epoch: 037/200 | Batch 0000/0050 | Loss: 0.0039
MAE/RMSE/ACC: Current Valid: 0.26/0.51/75.30 Ep. 37 | Best Valid: 0.25/0.50/75.30 | Ep. 6
Time elapsed: 18.07 min
Epoch: 038/200 | Batch 0000/0050 | Loss: 0.0102
MAE/RMSE/ACC: Current Valid: 0.25/0.50/75.30 Ep. 38 | Best Valid: 0.25/0.50/75.30 | Ep. 6
Time elapsed: 18.56 min
Epoch: 039/200 | Batch 0000/0050 | Loss: 0.0020
MAE/RMSE/ACC: Current Valid: 0.25/0.51/75.30 Ep. 39 | Best Valid: 0.25/0.50/75.30 | Ep. 6
Time elapsed: 19.04 min
Epoch: 040/200 | Batch 0000/0050 | Loss: 0.0003
MAE/RMSE/ACC: Current Valid: 0.33/0.60/75.30 Ep. 40 | Best Valid: 0.25/0.50/75.30 | Ep. 6
Time elapsed: 19.53 min
Epoch: 041/200 | Batch 0000/0050 | Loss: 0.0004
MAE/RMSE/ACC: Current Valid: 0.27/0.53/75.30 Ep. 41 | Best Valid: 0.25/0.50/75.30 | Ep. 6
Time elapsed: 20.02 min
Epoch: 042/200 | Batch 0000/0050 | Loss: 0.0003
MAE/RMSE/ACC: Current Valid: 0.26/0.51/75.30 Ep. 42 | Best Valid: 0.25/0.50/75.30 | Ep. 6
Time elapsed: 20.50 min
Epoch: 043/200 | Batch 0000/0050 | Loss: 0.0019
MAE/RMSE/ACC: Current Valid: 0.33/0.59/75.30 Ep. 43 | Best Valid: 0.25/0.50/75.30 | Ep. 6
Time elapsed: 20.99 min
Epoch: 044/200 | Batch 0000/0050 | Loss: 0.0015
MAE/RMSE/ACC: Current Valid: 0.28/0.54/75.30 Ep. 44 | Best Valid: 0.25/0.50/75.30 | Ep. 6
Time elapsed: 21.48 min
Epoch: 045/200 | Batch 0000/0050 | Loss: 0.0003
MAE/RMSE/ACC: Current Valid: 0.33/0.60/75.30 Ep. 45 | Best Valid: 0.25/0.50/75.30 | Ep. 6
Time elapsed: 21.97 min
Epoch: 046/200 | Batch 0000/0050 | Loss: 0.0001
MAE/RMSE/ACC: Current Valid: 0.30/0.55/75.30 Ep. 46 | Best Valid: 0.25/0.50/75.30 | Ep. 6
Time elapsed: 22.46 min
Epoch: 047/200 | Batch 0000/0050 | Loss: 0.0005
MAE/RMSE/ACC: Current Valid: 0.33/0.59/75.30 Ep. 47 | Best Valid: 0.25/0.50/75.30 | Ep. 6
Time elapsed: 22.94 min
Epoch: 048/200 | Batch 0000/0050 | Loss: 0.0355
MAE/RMSE/ACC: Current Valid: 0.30/0.58/75.30 Ep. 48 | Best Valid: 0.25/0.50/75.30 | Ep. 6
Time elapsed: 23.43 min
Epoch: 049/200 | Batch 0000/0050 | Loss: 0.0004
MAE/RMSE/ACC: Current Valid: 0.28/0.54/75.30 Ep. 49 | Best Valid: 0.25/0.50/75.30 | Ep. 6
Time elapsed: 23.92 min
Epoch: 050/200 | Batch 0000/0050 | Loss: 0.0038
MAE/RMSE/ACC: Current Valid: 0.28/0.54/75.30 Ep. 50 | Best Valid: 0.25/0.50/75.30 | Ep. 6
Time elapsed: 24.40 min
Epoch: 051/200 | Batch 0000/0050 | Loss: 0.0029
MAE/RMSE/ACC: Current Valid: 0.28/0.57/75.30 Ep. 51 | Best Valid: 0.25/0.50/75.30 | Ep. 6
Time elapsed: 24.89 min
Epoch: 052/200 | Batch 0000/0050 | Loss: 0.0005
MAE/RMSE/ACC: Current Valid: 0.26/0.52/75.30 Ep. 52 | Best Valid: 0.25/0.50/75.30 | Ep. 6
Time elapsed: 25.38 min
Epoch: 053/200 | Batch 0000/0050 | Loss: 0.0006
MAE/RMSE/ACC: Current Valid: 0.27/0.53/75.30 Ep. 53 | Best Valid: 0.25/0.50/75.30 | Ep. 6
Time elapsed: 25.87 min
Epoch: 054/200 | Batch 0000/0050 | Loss: 0.0005
MAE/RMSE/ACC: Current Valid: 0.26/0.52/75.30 Ep. 54 | Best Valid: 0.25/0.50/75.30 | Ep. 6
Time elapsed: 26.36 min
Epoch: 055/200 | Batch 0000/0050 | Loss: 0.0205
MAE/RMSE/ACC: Current Valid: 0.27/0.53/75.30 Ep. 55 | Best Valid: 0.25/0.50/75.30 | Ep. 6
Time elapsed: 26.84 min
Epoch: 056/200 | Batch 0000/0050 | Loss: 0.0000
MAE/RMSE/ACC: Current Valid: 0.27/0.53/75.30 Ep. 56 | Best Valid: 0.25/0.50/75.30 | Ep. 6
Time elapsed: 27.33 min
Epoch: 057/200 | Batch 0000/0050 | Loss: 0.0000
MAE/RMSE/ACC: Current Valid: 0.28/0.54/75.30 Ep. 57 | Best Valid: 0.25/0.50/75.30 | Ep. 6
Time elapsed: 27.82 min
Epoch: 058/200 | Batch 0000/0050 | Loss: 0.0000
MAE/RMSE/ACC: Current Valid: 0.31/0.57/75.30 Ep. 58 | Best Valid: 0.25/0.50/75.30 | Ep. 6
Time elapsed: 28.30 min
Epoch: 059/200 | Batch 0000/0050 | Loss: 0.0010
MAE/RMSE/ACC: Current Valid: 0.30/0.56/75.30 Ep. 59 | Best Valid: 0.25/0.50/75.30 | Ep. 6
Time elapsed: 28.79 min
Epoch: 060/200 | Batch 0000/0050 | Loss: 0.0003
MAE/RMSE/ACC: Current Valid: 0.33/0.58/75.30 Ep. 60 | Best Valid: 0.25/0.50/75.30 | Ep. 6
Time elapsed: 29.28 min
Epoch: 061/200 | Batch 0000/0050 | Loss: 0.0026
MAE/RMSE/ACC: Current Valid: 0.28/0.54/75.30 Ep. 61 | Best Valid: 0.25/0.50/75.30 | Ep. 6
Time elapsed: 29.77 min
Epoch: 062/200 | Batch 0000/0050 | Loss: 0.0048
MAE/RMSE/ACC: Current Valid: 0.30/0.55/75.30 Ep. 62 | Best Valid: 0.25/0.50/75.30 | Ep. 6
Time elapsed: 30.25 min
Epoch: 063/200 | Batch 0000/0050 | Loss: 0.0004
MAE/RMSE/ACC: Current Valid: 0.27/0.54/75.30 Ep. 63 | Best Valid: 0.25/0.50/75.30 | Ep. 6
Time elapsed: 30.74 min
Epoch: 064/200 | Batch 0000/0050 | Loss: 0.0019
MAE/RMSE/ACC: Current Valid: 0.28/0.56/75.30 Ep. 64 | Best Valid: 0.25/0.50/75.30 | Ep. 6
Time elapsed: 31.22 min
Epoch: 065/200 | Batch 0000/0050 | Loss: 0.0005
MAE/RMSE/ACC: Current Valid: 0.28/0.55/75.30 Ep. 65 | Best Valid: 0.25/0.50/75.30 | Ep. 6
Time elapsed: 31.72 min
Epoch: 066/200 | Batch 0000/0050 | Loss: 0.0032
MAE/RMSE/ACC: Current Valid: 0.27/0.52/75.30 Ep. 66 | Best Valid: 0.25/0.50/75.30 | Ep. 6
Time elapsed: 32.20 min
Epoch: 067/200 | Batch 0000/0050 | Loss: 0.0008
MAE/RMSE/ACC: Current Valid: 0.31/0.58/75.30 Ep. 67 | Best Valid: 0.25/0.50/75.30 | Ep. 6
Time elapsed: 32.69 min
Epoch: 068/200 | Batch 0000/0050 | Loss: 0.0361
MAE/RMSE/ACC: Current Valid: 0.31/0.57/75.30 Ep. 68 | Best Valid: 0.25/0.50/75.30 | Ep. 6
Time elapsed: 33.18 min
Epoch: 069/200 | Batch 0000/0050 | Loss: 0.0002
MAE/RMSE/ACC: Current Valid: 0.30/0.55/75.30 Ep. 69 | Best Valid: 0.25/0.50/75.30 | Ep. 6
Time elapsed: 33.66 min
Epoch: 070/200 | Batch 0000/0050 | Loss: 0.0001
MAE/RMSE/ACC: Current Valid: 0.27/0.53/75.30 Ep. 70 | Best Valid: 0.25/0.50/75.30 | Ep. 6
Time elapsed: 34.15 min
Epoch: 071/200 | Batch 0000/0050 | Loss: 0.0000
MAE/RMSE/ACC: Current Valid: 0.29/0.54/75.30 Ep. 71 | Best Valid: 0.25/0.50/75.30 | Ep. 6
Time elapsed: 34.63 min
Epoch: 072/200 | Batch 0000/0050 | Loss: 0.0000
MAE/RMSE/ACC: Current Valid: 0.30/0.55/75.30 Ep. 72 | Best Valid: 0.25/0.50/75.30 | Ep. 6
Time elapsed: 35.13 min
Epoch: 073/200 | Batch 0000/0050 | Loss: 0.0010
MAE/RMSE/ACC: Current Valid: 0.30/0.55/75.30 Ep. 73 | Best Valid: 0.25/0.50/75.30 | Ep. 6
Time elapsed: 35.61 min
Epoch: 074/200 | Batch 0000/0050 | Loss: 0.0013
MAE/RMSE/ACC: Current Valid: 0.32/0.57/75.30 Ep. 74 | Best Valid: 0.25/0.50/75.30 | Ep. 6
Time elapsed: 36.10 min
Epoch: 075/200 | Batch 0000/0050 | Loss: 0.0001
MAE/RMSE/ACC: Current Valid: 0.31/0.57/75.30 Ep. 75 | Best Valid: 0.25/0.50/75.30 | Ep. 6
Time elapsed: 36.59 min
Epoch: 076/200 | Batch 0000/0050 | Loss: 0.0027
MAE/RMSE/ACC: Current Valid: 0.33/0.58/75.30 Ep. 76 | Best Valid: 0.25/0.50/75.30 | Ep. 6
Time elapsed: 37.07 min
Epoch: 077/200 | Batch 0000/0050 | Loss: 0.0006
MAE/RMSE/ACC: Current Valid: 0.35/0.61/75.30 Ep. 77 | Best Valid: 0.25/0.50/75.30 | Ep. 6
Time elapsed: 37.56 min
Epoch: 078/200 | Batch 0000/0050 | Loss: 0.0001
MAE/RMSE/ACC: Current Valid: 0.31/0.58/75.30 Ep. 78 | Best Valid: 0.25/0.50/75.30 | Ep. 6
Time elapsed: 38.05 min
Epoch: 079/200 | Batch 0000/0050 | Loss: 0.0021
MAE/RMSE/ACC: Current Valid: 0.32/0.59/75.30 Ep. 79 | Best Valid: 0.25/0.50/75.30 | Ep. 6
Time elapsed: 38.53 min
Epoch: 080/200 | Batch 0000/0050 | Loss: 0.0003
MAE/RMSE/ACC: Current Valid: 0.36/0.63/75.30 Ep. 80 | Best Valid: 0.25/0.50/75.30 | Ep. 6
Time elapsed: 39.02 min
Epoch: 081/200 | Batch 0000/0050 | Loss: 0.0020
MAE/RMSE/ACC: Current Valid: 0.33/0.58/75.30 Ep. 81 | Best Valid: 0.25/0.50/75.30 | Ep. 6
Time elapsed: 39.51 min
Epoch: 082/200 | Batch 0000/0050 | Loss: 0.0028
MAE/RMSE/ACC: Current Valid: 0.31/0.57/75.30 Ep. 82 | Best Valid: 0.25/0.50/75.30 | Ep. 6
Time elapsed: 39.99 min
Epoch: 083/200 | Batch 0000/0050 | Loss: 0.0015
MAE/RMSE/ACC: Current Valid: 0.32/0.58/75.30 Ep. 83 | Best Valid: 0.25/0.50/75.30 | Ep. 6
Time elapsed: 40.48 min
Epoch: 084/200 | Batch 0000/0050 | Loss: 0.0002
MAE/RMSE/ACC: Current Valid: 0.31/0.57/75.30 Ep. 84 | Best Valid: 0.25/0.50/75.30 | Ep. 6
Time elapsed: 40.97 min
Epoch: 085/200 | Batch 0000/0050 | Loss: 0.0002
MAE/RMSE/ACC: Current Valid: 0.34/0.60/75.30 Ep. 85 | Best Valid: 0.25/0.50/75.30 | Ep. 6
Time elapsed: 41.46 min
Epoch: 086/200 | Batch 0000/0050 | Loss: 0.0001
MAE/RMSE/ACC: Current Valid: 0.28/0.53/75.30 Ep. 86 | Best Valid: 0.25/0.50/75.30 | Ep. 6
Time elapsed: 41.95 min
Epoch: 087/200 | Batch 0000/0050 | Loss: 0.0001
MAE/RMSE/ACC: Current Valid: 0.30/0.54/75.30 Ep. 87 | Best Valid: 0.25/0.50/75.30 | Ep. 6
Time elapsed: 42.43 min
Epoch: 088/200 | Batch 0000/0050 | Loss: 0.0007
MAE/RMSE/ACC: Current Valid: 0.34/0.62/75.30 Ep. 88 | Best Valid: 0.25/0.50/75.30 | Ep. 6
Time elapsed: 42.92 min
Epoch: 089/200 | Batch 0000/0050 | Loss: 0.0009
MAE/RMSE/ACC: Current Valid: 0.34/0.61/75.30 Ep. 89 | Best Valid: 0.25/0.50/75.30 | Ep. 6
Time elapsed: 43.41 min
Epoch: 090/200 | Batch 0000/0050 | Loss: 0.0001
MAE/RMSE/ACC: Current Valid: 0.33/0.59/75.30 Ep. 90 | Best Valid: 0.25/0.50/75.30 | Ep. 6
Time elapsed: 43.90 min
Epoch: 091/200 | Batch 0000/0050 | Loss: 0.0000
MAE/RMSE/ACC: Current Valid: 0.35/0.61/75.30 Ep. 91 | Best Valid: 0.25/0.50/75.30 | Ep. 6
Time elapsed: 44.38 min
Epoch: 092/200 | Batch 0000/0050 | Loss: 0.0021
MAE/RMSE/ACC: Current Valid: 0.33/0.58/75.30 Ep. 92 | Best Valid: 0.25/0.50/75.30 | Ep. 6
Time elapsed: 44.87 min
Epoch: 093/200 | Batch 0000/0050 | Loss: 0.0001
MAE/RMSE/ACC: Current Valid: 0.33/0.60/75.30 Ep. 93 | Best Valid: 0.25/0.50/75.30 | Ep. 6
Time elapsed: 45.36 min
Epoch: 094/200 | Batch 0000/0050 | Loss: 0.0041
MAE/RMSE/ACC: Current Valid: 0.34/0.60/75.30 Ep. 94 | Best Valid: 0.25/0.50/75.30 | Ep. 6
Time elapsed: 45.85 min
Epoch: 095/200 | Batch 0000/0050 | Loss: 0.0004
MAE/RMSE/ACC: Current Valid: 0.29/0.55/75.30 Ep. 95 | Best Valid: 0.25/0.50/75.30 | Ep. 6
Time elapsed: 46.33 min
Epoch: 096/200 | Batch 0000/0050 | Loss: 0.0003
MAE/RMSE/ACC: Current Valid: 0.28/0.54/75.30 Ep. 96 | Best Valid: 0.25/0.50/75.30 | Ep. 6
Time elapsed: 46.82 min
Epoch: 097/200 | Batch 0000/0050 | Loss: 0.0014
MAE/RMSE/ACC: Current Valid: 0.30/0.55/75.30 Ep. 97 | Best Valid: 0.25/0.50/75.30 | Ep. 6
Time elapsed: 47.31 min
Epoch: 098/200 | Batch 0000/0050 | Loss: 0.0001
MAE/RMSE/ACC: Current Valid: 0.33/0.58/75.30 Ep. 98 | Best Valid: 0.25/0.50/75.30 | Ep. 6
Time elapsed: 47.79 min
Epoch: 099/200 | Batch 0000/0050 | Loss: 0.0000
MAE/RMSE/ACC: Current Valid: 0.35/0.62/75.30 Ep. 99 | Best Valid: 0.25/0.50/75.30 | Ep. 6
Time elapsed: 48.28 min
Epoch: 100/200 | Batch 0000/0050 | Loss: 0.0001
MAE/RMSE/ACC: Current Valid: 0.33/0.58/75.30 Ep. 100 | Best Valid: 0.25/0.50/75.30 | Ep. 6
Time elapsed: 48.77 min
Epoch: 101/200 | Batch 0000/0050 | Loss: 0.0024
MAE/RMSE/ACC: Current Valid: 0.31/0.57/75.30 Ep. 101 | Best Valid: 0.25/0.50/75.30 | Ep. 6
Time elapsed: 49.25 min
Epoch: 102/200 | Batch 0000/0050 | Loss: 0.0001
MAE/RMSE/ACC: Current Valid: 0.31/0.56/75.30 Ep. 102 | Best Valid: 0.25/0.50/75.30 | Ep. 6
Time elapsed: 49.74 min
Epoch: 103/200 | Batch 0000/0050 | Loss: 0.0002
MAE/RMSE/ACC: Current Valid: 0.31/0.55/75.30 Ep. 103 | Best Valid: 0.25/0.50/75.30 | Ep. 6
Time elapsed: 50.23 min
Epoch: 104/200 | Batch 0000/0050 | Loss: 0.0004
MAE/RMSE/ACC: Current Valid: 0.32/0.57/75.30 Ep. 104 | Best Valid: 0.25/0.50/75.30 | Ep. 6
Time elapsed: 50.71 min
Epoch: 105/200 | Batch 0000/0050 | Loss: 0.0006
MAE/RMSE/ACC: Current Valid: 0.26/0.51/75.30 Ep. 105 | Best Valid: 0.25/0.50/75.30 | Ep. 6
Time elapsed: 51.20 min
Epoch: 106/200 | Batch 0000/0050 | Loss: 0.0002
MAE/RMSE/ACC: Current Valid: 0.27/0.51/75.30 Ep. 106 | Best Valid: 0.25/0.50/75.30 | Ep. 6
Time elapsed: 51.69 min
Epoch: 107/200 | Batch 0000/0050 | Loss: 0.0002
MAE/RMSE/ACC: Current Valid: 0.32/0.60/75.30 Ep. 107 | Best Valid: 0.25/0.50/75.30 | Ep. 6
Time elapsed: 52.18 min
Epoch: 108/200 | Batch 0000/0050 | Loss: 0.0013
MAE/RMSE/ACC: Current Valid: 0.34/0.60/75.30 Ep. 108 | Best Valid: 0.25/0.50/75.30 | Ep. 6
Time elapsed: 52.66 min
Epoch: 109/200 | Batch 0000/0050 | Loss: 0.0008
MAE/RMSE/ACC: Current Valid: 0.28/0.54/75.30 Ep. 109 | Best Valid: 0.25/0.50/75.30 | Ep. 6
Time elapsed: 53.15 min
Epoch: 110/200 | Batch 0000/0050 | Loss: 0.0000
MAE/RMSE/ACC: Current Valid: 0.30/0.57/75.30 Ep. 110 | Best Valid: 0.25/0.50/75.30 | Ep. 6
Time elapsed: 53.64 min
Epoch: 111/200 | Batch 0000/0050 | Loss: 0.0001
MAE/RMSE/ACC: Current Valid: 0.27/0.53/75.30 Ep. 111 | Best Valid: 0.25/0.50/75.30 | Ep. 6
Time elapsed: 54.12 min
Epoch: 112/200 | Batch 0000/0050 | Loss: 0.0001
MAE/RMSE/ACC: Current Valid: 0.29/0.55/75.30 Ep. 112 | Best Valid: 0.25/0.50/75.30 | Ep. 6
Time elapsed: 54.61 min
Epoch: 113/200 | Batch 0000/0050 | Loss: 0.0000
MAE/RMSE/ACC: Current Valid: 0.32/0.59/75.30 Ep. 113 | Best Valid: 0.25/0.50/75.30 | Ep. 6
Time elapsed: 55.10 min
Epoch: 114/200 | Batch 0000/0050 | Loss: 0.0015
MAE/RMSE/ACC: Current Valid: 0.28/0.54/75.30 Ep. 114 | Best Valid: 0.25/0.50/75.30 | Ep. 6
Time elapsed: 55.59 min
Epoch: 115/200 | Batch 0000/0050 | Loss: 0.0003
MAE/RMSE/ACC: Current Valid: 0.34/0.59/75.30 Ep. 115 | Best Valid: 0.25/0.50/75.30 | Ep. 6
Time elapsed: 56.08 min
Epoch: 116/200 | Batch 0000/0050 | Loss: 0.0000
MAE/RMSE/ACC: Current Valid: 0.29/0.56/75.30 Ep. 116 | Best Valid: 0.25/0.50/75.30 | Ep. 6
Time elapsed: 56.56 min
Epoch: 117/200 | Batch 0000/0050 | Loss: 0.0000
MAE/RMSE/ACC: Current Valid: 0.29/0.56/75.30 Ep. 117 | Best Valid: 0.25/0.50/75.30 | Ep. 6
Time elapsed: 57.05 min
Epoch: 118/200 | Batch 0000/0050 | Loss: 0.0030
MAE/RMSE/ACC: Current Valid: 0.28/0.54/75.30 Ep. 118 | Best Valid: 0.25/0.50/75.30 | Ep. 6
Time elapsed: 57.54 min
Epoch: 119/200 | Batch 0000/0050 | Loss: 0.0000
MAE/RMSE/ACC: Current Valid: 0.32/0.57/75.30 Ep. 119 | Best Valid: 0.25/0.50/75.30 | Ep. 6
Time elapsed: 58.02 min
Epoch: 120/200 | Batch 0000/0050 | Loss: 0.0001
MAE/RMSE/ACC: Current Valid: 0.33/0.58/75.30 Ep. 120 | Best Valid: 0.25/0.50/75.30 | Ep. 6
Time elapsed: 58.51 min
Epoch: 121/200 | Batch 0000/0050 | Loss: 0.0001
MAE/RMSE/ACC: Current Valid: 0.34/0.59/75.30 Ep. 121 | Best Valid: 0.25/0.50/75.30 | Ep. 6
Time elapsed: 59.00 min
Epoch: 122/200 | Batch 0000/0050 | Loss: 0.0002
MAE/RMSE/ACC: Current Valid: 0.31/0.57/75.30 Ep. 122 | Best Valid: 0.25/0.50/75.30 | Ep. 6
Time elapsed: 59.48 min
Epoch: 123/200 | Batch 0000/0050 | Loss: 0.0130
MAE/RMSE/ACC: Current Valid: 0.30/0.55/75.30 Ep. 123 | Best Valid: 0.25/0.50/75.30 | Ep. 6
Time elapsed: 59.97 min
Epoch: 124/200 | Batch 0000/0050 | Loss: 0.0001
MAE/RMSE/ACC: Current Valid: 0.31/0.57/75.30 Ep. 124 | Best Valid: 0.25/0.50/75.30 | Ep. 6
Time elapsed: 60.46 min
Epoch: 125/200 | Batch 0000/0050 | Loss: 0.0003
MAE/RMSE/ACC: Current Valid: 0.30/0.57/75.30 Ep. 125 | Best Valid: 0.25/0.50/75.30 | Ep. 6
Time elapsed: 60.95 min
Epoch: 126/200 | Batch 0000/0050 | Loss: 0.0169
MAE/RMSE/ACC: Current Valid: 0.31/0.58/75.30 Ep. 126 | Best Valid: 0.25/0.50/75.30 | Ep. 6
Time elapsed: 61.44 min
Epoch: 127/200 | Batch 0000/0050 | Loss: 0.0001
MAE/RMSE/ACC: Current Valid: 0.31/0.57/75.30 Ep. 127 | Best Valid: 0.25/0.50/75.30 | Ep. 6
Time elapsed: 61.92 min
Epoch: 128/200 | Batch 0000/0050 | Loss: 0.0004
MAE/RMSE/ACC: Current Valid: 0.31/0.57/75.30 Ep. 128 | Best Valid: 0.25/0.50/75.30 | Ep. 6
Time elapsed: 62.41 min
Epoch: 129/200 | Batch 0000/0050 | Loss: 0.0001
MAE/RMSE/ACC: Current Valid: 0.30/0.56/75.30 Ep. 129 | Best Valid: 0.25/0.50/75.30 | Ep. 6
Time elapsed: 62.89 min
Epoch: 130/200 | Batch 0000/0050 | Loss: 0.0000
MAE/RMSE/ACC: Current Valid: 0.29/0.55/75.30 Ep. 130 | Best Valid: 0.25/0.50/75.30 | Ep. 6
Time elapsed: 63.38 min
Epoch: 131/200 | Batch 0000/0050 | Loss: 0.0011
MAE/RMSE/ACC: Current Valid: 0.28/0.53/75.30 Ep. 131 | Best Valid: 0.25/0.50/75.30 | Ep. 6
Time elapsed: 63.87 min
Epoch: 132/200 | Batch 0000/0050 | Loss: 0.0002
MAE/RMSE/ACC: Current Valid: 0.29/0.55/75.30 Ep. 132 | Best Valid: 0.25/0.50/75.30 | Ep. 6
Time elapsed: 64.35 min
Epoch: 133/200 | Batch 0000/0050 | Loss: 0.0001
MAE/RMSE/ACC: Current Valid: 0.29/0.54/75.30 Ep. 133 | Best Valid: 0.25/0.50/75.30 | Ep. 6
Time elapsed: 64.84 min
Epoch: 134/200 | Batch 0000/0050 | Loss: 0.0001
MAE/RMSE/ACC: Current Valid: 0.31/0.60/75.30 Ep. 134 | Best Valid: 0.25/0.50/75.30 | Ep. 6
Time elapsed: 65.33 min
Epoch: 135/200 | Batch 0000/0050 | Loss: 0.0003
MAE/RMSE/ACC: Current Valid: 0.26/0.51/75.30 Ep. 135 | Best Valid: 0.25/0.50/75.30 | Ep. 6
Time elapsed: 65.82 min
Epoch: 136/200 | Batch 0000/0050 | Loss: 0.0000
MAE/RMSE/ACC: Current Valid: 0.27/0.51/75.30 Ep. 136 | Best Valid: 0.25/0.50/75.30 | Ep. 6
Time elapsed: 66.30 min
Epoch: 137/200 | Batch 0000/0050 | Loss: 0.0000
MAE/RMSE/ACC: Current Valid: 0.30/0.55/75.30 Ep. 137 | Best Valid: 0.25/0.50/75.30 | Ep. 6
Time elapsed: 66.79 min
Epoch: 138/200 | Batch 0000/0050 | Loss: 0.0003
MAE/RMSE/ACC: Current Valid: 0.27/0.52/75.30 Ep. 138 | Best Valid: 0.25/0.50/75.30 | Ep. 6
Time elapsed: 67.27 min
Epoch: 139/200 | Batch 0000/0050 | Loss: 0.0000
MAE/RMSE/ACC: Current Valid: 0.30/0.56/75.30 Ep. 139 | Best Valid: 0.25/0.50/75.30 | Ep. 6
Time elapsed: 67.76 min
Epoch: 140/200 | Batch 0000/0050 | Loss: 0.0000
MAE/RMSE/ACC: Current Valid: 0.29/0.55/75.30 Ep. 140 | Best Valid: 0.25/0.50/75.30 | Ep. 6
Time elapsed: 68.25 min
Epoch: 141/200 | Batch 0000/0050 | Loss: 0.0000
MAE/RMSE/ACC: Current Valid: 0.27/0.52/75.30 Ep. 141 | Best Valid: 0.25/0.50/75.30 | Ep. 6
Time elapsed: 68.74 min
Epoch: 142/200 | Batch 0000/0050 | Loss: 0.0000
MAE/RMSE/ACC: Current Valid: 0.28/0.53/75.30 Ep. 142 | Best Valid: 0.25/0.50/75.30 | Ep. 6
Time elapsed: 69.22 min
Epoch: 143/200 | Batch 0000/0050 | Loss: 0.0000
MAE/RMSE/ACC: Current Valid: 0.29/0.54/75.30 Ep. 143 | Best Valid: 0.25/0.50/75.30 | Ep. 6
Time elapsed: 69.71 min
Epoch: 144/200 | Batch 0000/0050 | Loss: 0.0000
MAE/RMSE/ACC: Current Valid: 0.35/0.62/75.30 Ep. 144 | Best Valid: 0.25/0.50/75.30 | Ep. 6
Time elapsed: 70.20 min
Epoch: 145/200 | Batch 0000/0050 | Loss: 0.0517
MAE/RMSE/ACC: Current Valid: 0.30/0.60/75.30 Ep. 145 | Best Valid: 0.25/0.50/75.30 | Ep. 6
Time elapsed: 70.68 min
Epoch: 146/200 | Batch 0000/0050 | Loss: 0.0003
MAE/RMSE/ACC: Current Valid: 0.33/0.62/75.30 Ep. 146 | Best Valid: 0.25/0.50/75.30 | Ep. 6
Time elapsed: 71.17 min
Epoch: 147/200 | Batch 0000/0050 | Loss: 0.0032
MAE/RMSE/ACC: Current Valid: 0.32/0.61/75.30 Ep. 147 | Best Valid: 0.25/0.50/75.30 | Ep. 6
Time elapsed: 71.66 min
Epoch: 148/200 | Batch 0000/0050 | Loss: 0.0001
MAE/RMSE/ACC: Current Valid: 0.29/0.56/75.30 Ep. 148 | Best Valid: 0.25/0.50/75.30 | Ep. 6
Time elapsed: 72.15 min
Epoch: 149/200 | Batch 0000/0050 | Loss: 0.0007
MAE/RMSE/ACC: Current Valid: 0.27/0.54/75.30 Ep. 149 | Best Valid: 0.25/0.50/75.30 | Ep. 6
Time elapsed: 72.63 min
Epoch: 150/200 | Batch 0000/0050 | Loss: 0.0001
MAE/RMSE/ACC: Current Valid: 0.29/0.55/75.30 Ep. 150 | Best Valid: 0.25/0.50/75.30 | Ep. 6
Time elapsed: 73.12 min
Epoch: 151/200 | Batch 0000/0050 | Loss: 0.0017
MAE/RMSE/ACC: Current Valid: 0.30/0.57/75.30 Ep. 151 | Best Valid: 0.25/0.50/75.30 | Ep. 6
Time elapsed: 73.61 min
Epoch: 152/200 | Batch 0000/0050 | Loss: 0.0004
MAE/RMSE/ACC: Current Valid: 0.29/0.55/75.30 Ep. 152 | Best Valid: 0.25/0.50/75.30 | Ep. 6
Time elapsed: 74.09 min
Epoch: 153/200 | Batch 0000/0050 | Loss: 0.0005
MAE/RMSE/ACC: Current Valid: 0.30/0.55/75.30 Ep. 153 | Best Valid: 0.25/0.50/75.30 | Ep. 6
Time elapsed: 74.58 min
Epoch: 154/200 | Batch 0000/0050 | Loss: 0.0014
MAE/RMSE/ACC: Current Valid: 0.30/0.55/75.30 Ep. 154 | Best Valid: 0.25/0.50/75.30 | Ep. 6
Time elapsed: 75.07 min
Epoch: 155/200 | Batch 0000/0050 | Loss: 0.0000
MAE/RMSE/ACC: Current Valid: 0.31/0.57/75.30 Ep. 155 | Best Valid: 0.25/0.50/75.30 | Ep. 6
Time elapsed: 75.56 min
Epoch: 156/200 | Batch 0000/0050 | Loss: 0.0000
MAE/RMSE/ACC: Current Valid: 0.27/0.54/75.30 Ep. 156 | Best Valid: 0.25/0.50/75.30 | Ep. 6
Time elapsed: 76.04 min
Epoch: 157/200 | Batch 0000/0050 | Loss: 0.0001
MAE/RMSE/ACC: Current Valid: 0.30/0.57/75.30 Ep. 157 | Best Valid: 0.25/0.50/75.30 | Ep. 6
Time elapsed: 76.53 min
Epoch: 158/200 | Batch 0000/0050 | Loss: 0.0001
MAE/RMSE/ACC: Current Valid: 0.29/0.55/75.30 Ep. 158 | Best Valid: 0.25/0.50/75.30 | Ep. 6
Time elapsed: 77.02 min
Epoch: 159/200 | Batch 0000/0050 | Loss: 0.0001
MAE/RMSE/ACC: Current Valid: 0.28/0.53/75.30 Ep. 159 | Best Valid: 0.25/0.50/75.30 | Ep. 6
Time elapsed: 77.51 min
Epoch: 160/200 | Batch 0000/0050 | Loss: 0.0005
MAE/RMSE/ACC: Current Valid: 0.31/0.59/75.30 Ep. 160 | Best Valid: 0.25/0.50/75.30 | Ep. 6
Time elapsed: 77.99 min
Epoch: 161/200 | Batch 0000/0050 | Loss: 0.0000
MAE/RMSE/ACC: Current Valid: 0.31/0.59/75.30 Ep. 161 | Best Valid: 0.25/0.50/75.30 | Ep. 6
Time elapsed: 78.48 min
Epoch: 162/200 | Batch 0000/0050 | Loss: 0.0000
MAE/RMSE/ACC: Current Valid: 0.28/0.57/75.30 Ep. 162 | Best Valid: 0.25/0.50/75.30 | Ep. 6
Time elapsed: 78.97 min
Epoch: 163/200 | Batch 0000/0050 | Loss: 0.0001
MAE/RMSE/ACC: Current Valid: 0.27/0.53/75.30 Ep. 163 | Best Valid: 0.25/0.50/75.30 | Ep. 6
Time elapsed: 79.46 min
Epoch: 164/200 | Batch 0000/0050 | Loss: 0.0004
MAE/RMSE/ACC: Current Valid: 0.30/0.58/75.30 Ep. 164 | Best Valid: 0.25/0.50/75.30 | Ep. 6
Time elapsed: 79.94 min
Epoch: 165/200 | Batch 0000/0050 | Loss: 0.0003
MAE/RMSE/ACC: Current Valid: 0.31/0.58/75.30 Ep. 165 | Best Valid: 0.25/0.50/75.30 | Ep. 6
Time elapsed: 80.43 min
Epoch: 166/200 | Batch 0000/0050 | Loss: 0.0001
MAE/RMSE/ACC: Current Valid: 0.28/0.55/75.30 Ep. 166 | Best Valid: 0.25/0.50/75.30 | Ep. 6
Time elapsed: 80.92 min
Epoch: 167/200 | Batch 0000/0050 | Loss: 0.0004
MAE/RMSE/ACC: Current Valid: 0.30/0.56/75.30 Ep. 167 | Best Valid: 0.25/0.50/75.30 | Ep. 6
Time elapsed: 81.40 min
Epoch: 168/200 | Batch 0000/0050 | Loss: 0.0001
MAE/RMSE/ACC: Current Valid: 0.27/0.53/75.30 Ep. 168 | Best Valid: 0.25/0.50/75.30 | Ep. 6
Time elapsed: 81.89 min
Epoch: 169/200 | Batch 0000/0050 | Loss: 0.0000
MAE/RMSE/ACC: Current Valid: 0.28/0.55/75.30 Ep. 169 | Best Valid: 0.25/0.50/75.30 | Ep. 6
Time elapsed: 82.38 min
Epoch: 170/200 | Batch 0000/0050 | Loss: 0.0001
MAE/RMSE/ACC: Current Valid: 0.28/0.55/75.30 Ep. 170 | Best Valid: 0.25/0.50/75.30 | Ep. 6
Time elapsed: 82.87 min
Epoch: 171/200 | Batch 0000/0050 | Loss: 0.0001
MAE/RMSE/ACC: Current Valid: 0.28/0.55/75.30 Ep. 171 | Best Valid: 0.25/0.50/75.30 | Ep. 6
Time elapsed: 83.36 min
Epoch: 172/200 | Batch 0000/0050 | Loss: 0.0000
MAE/RMSE/ACC: Current Valid: 0.25/0.51/75.30 Ep. 172 | Best Valid: 0.25/0.50/75.30 | Ep. 6
Time elapsed: 83.84 min
Epoch: 173/200 | Batch 0000/0050 | Loss: 0.0000
MAE/RMSE/ACC: Current Valid: 0.27/0.53/75.30 Ep. 173 | Best Valid: 0.25/0.50/75.30 | Ep. 6
Time elapsed: 84.34 min
Epoch: 174/200 | Batch 0000/0050 | Loss: 0.0000
MAE/RMSE/ACC: Current Valid: 0.27/0.53/75.30 Ep. 174 | Best Valid: 0.25/0.50/75.30 | Ep. 6
Time elapsed: 84.82 min
Epoch: 175/200 | Batch 0000/0050 | Loss: 0.0008
MAE/RMSE/ACC: Current Valid: 0.26/0.52/75.30 Ep. 175 | Best Valid: 0.25/0.50/75.30 | Ep. 6
Time elapsed: 85.31 min
Epoch: 176/200 | Batch 0000/0050 | Loss: 0.0001
MAE/RMSE/ACC: Current Valid: 0.26/0.52/75.30 Ep. 176 | Best Valid: 0.25/0.50/75.30 | Ep. 6
Time elapsed: 85.79 min
Epoch: 177/200 | Batch 0000/0050 | Loss: 0.0003
MAE/RMSE/ACC: Current Valid: 0.27/0.53/75.30 Ep. 177 | Best Valid: 0.25/0.50/75.30 | Ep. 6
Time elapsed: 86.28 min
Epoch: 178/200 | Batch 0000/0050 | Loss: 0.0001
MAE/RMSE/ACC: Current Valid: 0.25/0.51/75.30 Ep. 178 | Best Valid: 0.25/0.50/75.30 | Ep. 6
Time elapsed: 86.77 min
Epoch: 179/200 | Batch 0000/0050 | Loss: 0.0000
MAE/RMSE/ACC: Current Valid: 0.27/0.53/75.30 Ep. 179 | Best Valid: 0.25/0.50/75.30 | Ep. 6
Time elapsed: 87.26 min
Epoch: 180/200 | Batch 0000/0050 | Loss: 0.0000
MAE/RMSE/ACC: Current Valid: 0.27/0.53/75.30 Ep. 180 | Best Valid: 0.25/0.50/75.30 | Ep. 6
Time elapsed: 87.75 min
Epoch: 181/200 | Batch 0000/0050 | Loss: 0.0000
MAE/RMSE/ACC: Current Valid: 0.28/0.54/75.30 Ep. 181 | Best Valid: 0.25/0.50/75.30 | Ep. 6
Time elapsed: 88.23 min
Epoch: 182/200 | Batch 0000/0050 | Loss: 0.0000
MAE/RMSE/ACC: Current Valid: 0.25/0.51/75.30 Ep. 182 | Best Valid: 0.25/0.50/75.30 | Ep. 6
Time elapsed: 88.72 min
Epoch: 183/200 | Batch 0000/0050 | Loss: 0.0000
MAE/RMSE/ACC: Current Valid: 0.28/0.55/75.30 Ep. 183 | Best Valid: 0.25/0.50/75.30 | Ep. 6
Time elapsed: 89.21 min
Epoch: 184/200 | Batch 0000/0050 | Loss: 0.0000
MAE/RMSE/ACC: Current Valid: 0.26/0.52/75.30 Ep. 184 | Best Valid: 0.25/0.50/75.30 | Ep. 6
Time elapsed: 89.69 min
Epoch: 185/200 | Batch 0000/0050 | Loss: 0.0000
MAE/RMSE/ACC: Current Valid: 0.27/0.54/75.30 Ep. 185 | Best Valid: 0.25/0.50/75.30 | Ep. 6
Time elapsed: 90.18 min
Epoch: 186/200 | Batch 0000/0050 | Loss: 0.0002
MAE/RMSE/ACC: Current Valid: 0.28/0.55/75.30 Ep. 186 | Best Valid: 0.25/0.50/75.30 | Ep. 6
Time elapsed: 90.66 min
Epoch: 187/200 | Batch 0000/0050 | Loss: 0.0000
MAE/RMSE/ACC: Current Valid: 0.28/0.54/75.30 Ep. 187 | Best Valid: 0.25/0.50/75.30 | Ep. 6
Time elapsed: 91.14 min
Epoch: 188/200 | Batch 0000/0050 | Loss: 0.0000
MAE/RMSE/ACC: Current Valid: 0.29/0.55/75.30 Ep. 188 | Best Valid: 0.25/0.50/75.30 | Ep. 6
Time elapsed: 91.63 min
Epoch: 189/200 | Batch 0000/0050 | Loss: 0.0002
MAE/RMSE/ACC: Current Valid: 0.27/0.53/75.30 Ep. 189 | Best Valid: 0.25/0.50/75.30 | Ep. 6
Time elapsed: 92.11 min
Epoch: 190/200 | Batch 0000/0050 | Loss: 0.0001
MAE/RMSE/ACC: Current Valid: 0.36/0.63/75.30 Ep. 190 | Best Valid: 0.25/0.50/75.30 | Ep. 6
Time elapsed: 92.60 min
Epoch: 191/200 | Batch 0000/0050 | Loss: 0.0452
MAE/RMSE/ACC: Current Valid: 0.37/0.65/75.30 Ep. 191 | Best Valid: 0.25/0.50/75.30 | Ep. 6
Time elapsed: 93.09 min
Epoch: 192/200 | Batch 0000/0050 | Loss: 0.0014
MAE/RMSE/ACC: Current Valid: 0.31/0.58/75.30 Ep. 192 | Best Valid: 0.25/0.50/75.30 | Ep. 6
Time elapsed: 93.57 min
Epoch: 193/200 | Batch 0000/0050 | Loss: 0.0397
MAE/RMSE/ACC: Current Valid: 0.30/0.57/75.30 Ep. 193 | Best Valid: 0.25/0.50/75.30 | Ep. 6
Time elapsed: 94.05 min
Epoch: 194/200 | Batch 0000/0050 | Loss: 0.0027
MAE/RMSE/ACC: Current Valid: 0.27/0.55/75.30 Ep. 194 | Best Valid: 0.25/0.50/75.30 | Ep. 6
Time elapsed: 94.54 min
Epoch: 195/200 | Batch 0000/0050 | Loss: 0.0000
MAE/RMSE/ACC: Current Valid: 0.28/0.55/75.30 Ep. 195 | Best Valid: 0.25/0.50/75.30 | Ep. 6
Time elapsed: 95.02 min
Epoch: 196/200 | Batch 0000/0050 | Loss: 0.0003
MAE/RMSE/ACC: Current Valid: 0.30/0.58/75.30 Ep. 196 | Best Valid: 0.25/0.50/75.30 | Ep. 6
Time elapsed: 95.51 min
Epoch: 197/200 | Batch 0000/0050 | Loss: 0.0002
MAE/RMSE/ACC: Current Valid: 0.26/0.53/75.30 Ep. 197 | Best Valid: 0.25/0.50/75.30 | Ep. 6
Time elapsed: 95.99 min
Epoch: 198/200 | Batch 0000/0050 | Loss: 0.0039
MAE/RMSE/ACC: Current Valid: 0.28/0.56/75.30 Ep. 198 | Best Valid: 0.25/0.50/75.30 | Ep. 6
Time elapsed: 96.48 min
Epoch: 199/200 | Batch 0000/0050 | Loss: 0.0000
MAE/RMSE/ACC: Current Valid: 0.27/0.57/75.30 Ep. 199 | Best Valid: 0.25/0.50/75.30 | Ep. 6
Time elapsed: 96.96 min
Epoch: 200/200 | Batch 0000/0050 | Loss: 0.0001
MAE/RMSE/ACC: Current Valid: 0.28/0.56/75.30 Ep. 200 | Best Valid: 0.25/0.50/75.30 | Ep. 6
Time elapsed: 97.44 min
MAE/RMSE: | Train: 0.00/0.02 | Valid: 0.28/0.56 | Test: 0.25/0.51
ACC: | Train: 100.00 | Valid: 74.10 | Test: 75.10
Total Running Time: 97.79 min
MAE/RMSE: | Best Train: 0.02/0.13 | Best Valid: 0.25/0.50 | Best Test: 0.28/0.53
ACC: | Best Train: 98.33 | Best Valid: 75.30 | Best Test: 71.69
Total Running Time: 98.11 min
