This script: resnet34_xentr.py
PyTorch Version: 1.8.1
CUDA device: cuda:2
CUDA version: 11.1
Random seed: 2
Learning rate: 0.0005
Epochs: 200
Batch size: 256
Output path: runs/morph2-balanced/resnet34_xentr-imp0-seed2-epochs200_best-rmse
Epoch: 001/200 | Batch 0000/0080 | Loss: 3.6049
Epoch: 001/200 | Batch 0050/0080 | Loss: 3.1976
MAE/RMSE/ACC: Current Valid: 10.19/12.80/4.70 Ep. 1 | Best Valid: 10.19/12.80/4.70 | Ep. 1
Time elapsed: 0.58 min
Epoch: 002/200 | Batch 0000/0080 | Loss: 3.1098
Epoch: 002/200 | Batch 0050/0080 | Loss: 2.9102
MAE/RMSE/ACC: Current Valid: 5.91/7.69/6.27 Ep. 2 | Best Valid: 5.91/7.69/6.27 | Ep. 2
Time elapsed: 1.16 min
Epoch: 003/200 | Batch 0000/0080 | Loss: 2.8906
Epoch: 003/200 | Batch 0050/0080 | Loss: 2.8585
MAE/RMSE/ACC: Current Valid: 6.47/8.17/6.27 Ep. 3 | Best Valid: 5.91/7.69/6.27 | Ep. 2
Time elapsed: 1.75 min
Epoch: 004/200 | Batch 0000/0080 | Loss: 2.8108
Epoch: 004/200 | Batch 0050/0080 | Loss: 2.8660
MAE/RMSE/ACC: Current Valid: 4.44/5.90/9.54 Ep. 4 | Best Valid: 4.44/5.90/9.54 | Ep. 4
Time elapsed: 2.34 min
Epoch: 005/200 | Batch 0000/0080 | Loss: 2.7074
Epoch: 005/200 | Batch 0050/0080 | Loss: 2.8929
MAE/RMSE/ACC: Current Valid: 5.20/6.77/9.54 Ep. 5 | Best Valid: 4.44/5.90/9.54 | Ep. 4
Time elapsed: 2.94 min
Epoch: 006/200 | Batch 0000/0080 | Loss: 2.6181
Epoch: 006/200 | Batch 0050/0080 | Loss: 2.7716
MAE/RMSE/ACC: Current Valid: 4.06/5.30/8.98 Ep. 6 | Best Valid: 4.06/5.30/8.98 | Ep. 6
Time elapsed: 3.54 min
Epoch: 007/200 | Batch 0000/0080 | Loss: 2.6480
Epoch: 007/200 | Batch 0050/0080 | Loss: 2.6576
MAE/RMSE/ACC: Current Valid: 4.54/5.87/8.98 Ep. 7 | Best Valid: 4.06/5.30/8.98 | Ep. 6
Time elapsed: 4.14 min
Epoch: 008/200 | Batch 0000/0080 | Loss: 2.6959
Epoch: 008/200 | Batch 0050/0080 | Loss: 2.6367
MAE/RMSE/ACC: Current Valid: 3.74/5.04/11.05 Ep. 8 | Best Valid: 3.74/5.04/11.05 | Ep. 8
Time elapsed: 4.74 min
Epoch: 009/200 | Batch 0000/0080 | Loss: 2.6384
Epoch: 009/200 | Batch 0050/0080 | Loss: 2.5533
MAE/RMSE/ACC: Current Valid: 4.65/6.20/11.05 Ep. 9 | Best Valid: 3.74/5.04/11.05 | Ep. 8
Time elapsed: 5.34 min
Epoch: 010/200 | Batch 0000/0080 | Loss: 2.4394
Epoch: 010/200 | Batch 0050/0080 | Loss: 2.4904
MAE/RMSE/ACC: Current Valid: 3.69/4.87/10.29 Ep. 10 | Best Valid: 3.69/4.87/10.29 | Ep. 10
Time elapsed: 5.94 min
Epoch: 011/200 | Batch 0000/0080 | Loss: 2.4626
Epoch: 011/200 | Batch 0050/0080 | Loss: 2.5296
MAE/RMSE/ACC: Current Valid: 3.59/4.78/10.91 Ep. 11 | Best Valid: 3.59/4.78/10.91 | Ep. 11
Time elapsed: 6.55 min
Epoch: 012/200 | Batch 0000/0080 | Loss: 2.3420
Epoch: 012/200 | Batch 0050/0080 | Loss: 2.5503
MAE/RMSE/ACC: Current Valid: 4.03/5.37/10.91 Ep. 12 | Best Valid: 3.59/4.78/10.91 | Ep. 11
Time elapsed: 7.15 min
Epoch: 013/200 | Batch 0000/0080 | Loss: 2.2634
Epoch: 013/200 | Batch 0050/0080 | Loss: 2.3797
MAE/RMSE/ACC: Current Valid: 4.86/6.64/10.91 Ep. 13 | Best Valid: 3.59/4.78/10.91 | Ep. 11
Time elapsed: 7.75 min
Epoch: 014/200 | Batch 0000/0080 | Loss: 2.2021
Epoch: 014/200 | Batch 0050/0080 | Loss: 2.2502
MAE/RMSE/ACC: Current Valid: 5.26/6.90/10.91 Ep. 14 | Best Valid: 3.59/4.78/10.91 | Ep. 11
Time elapsed: 8.35 min
Epoch: 015/200 | Batch 0000/0080 | Loss: 2.1102
Epoch: 015/200 | Batch 0050/0080 | Loss: 2.3627
MAE/RMSE/ACC: Current Valid: 5.50/7.15/10.91 Ep. 15 | Best Valid: 3.59/4.78/10.91 | Ep. 11
Time elapsed: 8.95 min
Epoch: 016/200 | Batch 0000/0080 | Loss: 2.0121
Epoch: 016/200 | Batch 0050/0080 | Loss: 2.0843
MAE/RMSE/ACC: Current Valid: 3.77/5.06/10.91 Ep. 16 | Best Valid: 3.59/4.78/10.91 | Ep. 11
Time elapsed: 9.55 min
Epoch: 017/200 | Batch 0000/0080 | Loss: 1.9554
Epoch: 017/200 | Batch 0050/0080 | Loss: 2.0603
MAE/RMSE/ACC: Current Valid: 3.89/5.21/10.91 Ep. 17 | Best Valid: 3.59/4.78/10.91 | Ep. 11
Time elapsed: 10.15 min
Epoch: 018/200 | Batch 0000/0080 | Loss: 1.8850
Epoch: 018/200 | Batch 0050/0080 | Loss: 2.0287
MAE/RMSE/ACC: Current Valid: 4.19/5.54/10.91 Ep. 18 | Best Valid: 3.59/4.78/10.91 | Ep. 11
Time elapsed: 10.75 min
Epoch: 019/200 | Batch 0000/0080 | Loss: 1.5745
Epoch: 019/200 | Batch 0050/0080 | Loss: 1.9244
MAE/RMSE/ACC: Current Valid: 3.75/5.07/10.91 Ep. 19 | Best Valid: 3.59/4.78/10.91 | Ep. 11
Time elapsed: 11.35 min
Epoch: 020/200 | Batch 0000/0080 | Loss: 1.5435
Epoch: 020/200 | Batch 0050/0080 | Loss: 1.7008
MAE/RMSE/ACC: Current Valid: 6.23/8.10/10.91 Ep. 20 | Best Valid: 3.59/4.78/10.91 | Ep. 11
Time elapsed: 11.95 min
Epoch: 021/200 | Batch 0000/0080 | Loss: 1.2178
Epoch: 021/200 | Batch 0050/0080 | Loss: 1.4311
MAE/RMSE/ACC: Current Valid: 3.67/4.92/10.91 Ep. 21 | Best Valid: 3.59/4.78/10.91 | Ep. 11
Time elapsed: 12.55 min
Epoch: 022/200 | Batch 0000/0080 | Loss: 1.1708
Epoch: 022/200 | Batch 0050/0080 | Loss: 1.3904
MAE/RMSE/ACC: Current Valid: 3.73/5.12/10.91 Ep. 22 | Best Valid: 3.59/4.78/10.91 | Ep. 11
Time elapsed: 13.15 min
Epoch: 023/200 | Batch 0000/0080 | Loss: 0.9554
Epoch: 023/200 | Batch 0050/0080 | Loss: 1.1167
MAE/RMSE/ACC: Current Valid: 3.69/5.01/10.91 Ep. 23 | Best Valid: 3.59/4.78/10.91 | Ep. 11
Time elapsed: 13.75 min
Epoch: 024/200 | Batch 0000/0080 | Loss: 0.7273
Epoch: 024/200 | Batch 0050/0080 | Loss: 1.0215
MAE/RMSE/ACC: Current Valid: 3.68/5.01/10.91 Ep. 24 | Best Valid: 3.59/4.78/10.91 | Ep. 11
Time elapsed: 14.35 min
Epoch: 025/200 | Batch 0000/0080 | Loss: 0.5826
Epoch: 025/200 | Batch 0050/0080 | Loss: 0.6986
MAE/RMSE/ACC: Current Valid: 4.38/5.94/10.91 Ep. 25 | Best Valid: 3.59/4.78/10.91 | Ep. 11
Time elapsed: 14.95 min
Epoch: 026/200 | Batch 0000/0080 | Loss: 0.6655
Epoch: 026/200 | Batch 0050/0080 | Loss: 0.6072
MAE/RMSE/ACC: Current Valid: 3.67/5.08/10.91 Ep. 26 | Best Valid: 3.59/4.78/10.91 | Ep. 11
Time elapsed: 15.55 min
Epoch: 027/200 | Batch 0000/0080 | Loss: 0.4605
Epoch: 027/200 | Batch 0050/0080 | Loss: 0.4953
MAE/RMSE/ACC: Current Valid: 3.80/5.17/10.91 Ep. 27 | Best Valid: 3.59/4.78/10.91 | Ep. 11
Time elapsed: 16.15 min
Epoch: 028/200 | Batch 0000/0080 | Loss: 0.4536
Epoch: 028/200 | Batch 0050/0080 | Loss: 0.4787
MAE/RMSE/ACC: Current Valid: 5.01/6.61/10.91 Ep. 28 | Best Valid: 3.59/4.78/10.91 | Ep. 11
Time elapsed: 16.75 min
Epoch: 029/200 | Batch 0000/0080 | Loss: 0.3778
Epoch: 029/200 | Batch 0050/0080 | Loss: 0.4391
MAE/RMSE/ACC: Current Valid: 3.80/5.18/10.91 Ep. 29 | Best Valid: 3.59/4.78/10.91 | Ep. 11
Time elapsed: 17.35 min
Epoch: 030/200 | Batch 0000/0080 | Loss: 0.3819
Epoch: 030/200 | Batch 0050/0080 | Loss: 0.4083
MAE/RMSE/ACC: Current Valid: 3.66/5.02/10.91 Ep. 30 | Best Valid: 3.59/4.78/10.91 | Ep. 11
Time elapsed: 17.95 min
Epoch: 031/200 | Batch 0000/0080 | Loss: 0.3416
Epoch: 031/200 | Batch 0050/0080 | Loss: 0.3492
MAE/RMSE/ACC: Current Valid: 3.67/5.03/10.91 Ep. 31 | Best Valid: 3.59/4.78/10.91 | Ep. 11
Time elapsed: 18.55 min
Epoch: 032/200 | Batch 0000/0080 | Loss: 0.2569
Epoch: 032/200 | Batch 0050/0080 | Loss: 0.2971
MAE/RMSE/ACC: Current Valid: 4.36/5.91/10.91 Ep. 32 | Best Valid: 3.59/4.78/10.91 | Ep. 11
Time elapsed: 19.15 min
Epoch: 033/200 | Batch 0000/0080 | Loss: 0.2296
Epoch: 033/200 | Batch 0050/0080 | Loss: 0.2322
MAE/RMSE/ACC: Current Valid: 5.12/6.91/10.91 Ep. 33 | Best Valid: 3.59/4.78/10.91 | Ep. 11
Time elapsed: 19.75 min
Epoch: 034/200 | Batch 0000/0080 | Loss: 0.2118
Epoch: 034/200 | Batch 0050/0080 | Loss: 0.3896
MAE/RMSE/ACC: Current Valid: 3.73/5.13/10.91 Ep. 34 | Best Valid: 3.59/4.78/10.91 | Ep. 11
Time elapsed: 20.35 min
Epoch: 035/200 | Batch 0000/0080 | Loss: 0.2266
Epoch: 035/200 | Batch 0050/0080 | Loss: 0.2762
MAE/RMSE/ACC: Current Valid: 7.17/9.18/10.91 Ep. 35 | Best Valid: 3.59/4.78/10.91 | Ep. 11
Time elapsed: 20.94 min
Epoch: 036/200 | Batch 0000/0080 | Loss: 0.1725
Epoch: 036/200 | Batch 0050/0080 | Loss: 0.3194
MAE/RMSE/ACC: Current Valid: 3.77/5.18/10.91 Ep. 36 | Best Valid: 3.59/4.78/10.91 | Ep. 11
Time elapsed: 21.54 min
Epoch: 037/200 | Batch 0000/0080 | Loss: 0.1890
Epoch: 037/200 | Batch 0050/0080 | Loss: 0.2556
MAE/RMSE/ACC: Current Valid: 3.82/5.28/10.91 Ep. 37 | Best Valid: 3.59/4.78/10.91 | Ep. 11
Time elapsed: 22.14 min
Epoch: 038/200 | Batch 0000/0080 | Loss: 0.2127
Epoch: 038/200 | Batch 0050/0080 | Loss: 0.2587
MAE/RMSE/ACC: Current Valid: 4.11/5.67/10.91 Ep. 38 | Best Valid: 3.59/4.78/10.91 | Ep. 11
Time elapsed: 22.74 min
Epoch: 039/200 | Batch 0000/0080 | Loss: 0.1377
Epoch: 039/200 | Batch 0050/0080 | Loss: 0.2116
MAE/RMSE/ACC: Current Valid: 3.90/5.40/10.91 Ep. 39 | Best Valid: 3.59/4.78/10.91 | Ep. 11
Time elapsed: 23.34 min
Epoch: 040/200 | Batch 0000/0080 | Loss: 0.1409
Epoch: 040/200 | Batch 0050/0080 | Loss: 0.1405
MAE/RMSE/ACC: Current Valid: 4.55/6.15/10.91 Ep. 40 | Best Valid: 3.59/4.78/10.91 | Ep. 11
Time elapsed: 23.94 min
Epoch: 041/200 | Batch 0000/0080 | Loss: 0.1759
Epoch: 041/200 | Batch 0050/0080 | Loss: 0.2031
MAE/RMSE/ACC: Current Valid: 3.78/5.13/10.91 Ep. 41 | Best Valid: 3.59/4.78/10.91 | Ep. 11
Time elapsed: 24.54 min
Epoch: 042/200 | Batch 0000/0080 | Loss: 0.1973
Epoch: 042/200 | Batch 0050/0080 | Loss: 0.1698
MAE/RMSE/ACC: Current Valid: 4.40/6.10/10.91 Ep. 42 | Best Valid: 3.59/4.78/10.91 | Ep. 11
Time elapsed: 25.14 min
Epoch: 043/200 | Batch 0000/0080 | Loss: 0.1503
Epoch: 043/200 | Batch 0050/0080 | Loss: 0.1411
MAE/RMSE/ACC: Current Valid: 3.94/5.42/10.91 Ep. 43 | Best Valid: 3.59/4.78/10.91 | Ep. 11
Time elapsed: 25.74 min
Epoch: 044/200 | Batch 0000/0080 | Loss: 0.1250
Epoch: 044/200 | Batch 0050/0080 | Loss: 0.2006
MAE/RMSE/ACC: Current Valid: 3.82/5.23/10.91 Ep. 44 | Best Valid: 3.59/4.78/10.91 | Ep. 11
Time elapsed: 26.34 min
Epoch: 045/200 | Batch 0000/0080 | Loss: 0.1830
Epoch: 045/200 | Batch 0050/0080 | Loss: 0.2039
MAE/RMSE/ACC: Current Valid: 4.05/5.51/10.91 Ep. 45 | Best Valid: 3.59/4.78/10.91 | Ep. 11
Time elapsed: 26.94 min
Epoch: 046/200 | Batch 0000/0080 | Loss: 0.1228
Epoch: 046/200 | Batch 0050/0080 | Loss: 0.0962
MAE/RMSE/ACC: Current Valid: 3.77/5.18/10.91 Ep. 46 | Best Valid: 3.59/4.78/10.91 | Ep. 11
Time elapsed: 27.54 min
Epoch: 047/200 | Batch 0000/0080 | Loss: 0.1297
Epoch: 047/200 | Batch 0050/0080 | Loss: 0.0887
MAE/RMSE/ACC: Current Valid: 4.00/5.49/10.91 Ep. 47 | Best Valid: 3.59/4.78/10.91 | Ep. 11
Time elapsed: 28.13 min
Epoch: 048/200 | Batch 0000/0080 | Loss: 0.1273
Epoch: 048/200 | Batch 0050/0080 | Loss: 0.1161
MAE/RMSE/ACC: Current Valid: 3.90/5.34/10.91 Ep. 48 | Best Valid: 3.59/4.78/10.91 | Ep. 11
Time elapsed: 28.73 min
Epoch: 049/200 | Batch 0000/0080 | Loss: 0.1111
Epoch: 049/200 | Batch 0050/0080 | Loss: 0.1325
MAE/RMSE/ACC: Current Valid: 3.78/5.24/10.91 Ep. 49 | Best Valid: 3.59/4.78/10.91 | Ep. 11
Time elapsed: 29.33 min
Epoch: 050/200 | Batch 0000/0080 | Loss: 0.1129
Epoch: 050/200 | Batch 0050/0080 | Loss: 0.1625
MAE/RMSE/ACC: Current Valid: 3.76/5.17/10.91 Ep. 50 | Best Valid: 3.59/4.78/10.91 | Ep. 11
Time elapsed: 29.93 min
Epoch: 051/200 | Batch 0000/0080 | Loss: 0.0981
Epoch: 051/200 | Batch 0050/0080 | Loss: 0.1221
MAE/RMSE/ACC: Current Valid: 3.78/5.25/10.91 Ep. 51 | Best Valid: 3.59/4.78/10.91 | Ep. 11
Time elapsed: 30.53 min
Epoch: 052/200 | Batch 0000/0080 | Loss: 0.0825
Epoch: 052/200 | Batch 0050/0080 | Loss: 0.1464
MAE/RMSE/ACC: Current Valid: 4.23/5.88/10.91 Ep. 52 | Best Valid: 3.59/4.78/10.91 | Ep. 11
Time elapsed: 31.13 min
Epoch: 053/200 | Batch 0000/0080 | Loss: 0.1207
Epoch: 053/200 | Batch 0050/0080 | Loss: 0.1086
MAE/RMSE/ACC: Current Valid: 6.06/7.98/10.91 Ep. 53 | Best Valid: 3.59/4.78/10.91 | Ep. 11
Time elapsed: 31.73 min
Epoch: 054/200 | Batch 0000/0080 | Loss: 0.0612
Epoch: 054/200 | Batch 0050/0080 | Loss: 0.0856
MAE/RMSE/ACC: Current Valid: 3.81/5.27/10.91 Ep. 54 | Best Valid: 3.59/4.78/10.91 | Ep. 11
Time elapsed: 32.33 min
Epoch: 055/200 | Batch 0000/0080 | Loss: 0.1516
Epoch: 055/200 | Batch 0050/0080 | Loss: 0.1804
MAE/RMSE/ACC: Current Valid: 4.97/6.75/10.91 Ep. 55 | Best Valid: 3.59/4.78/10.91 | Ep. 11
Time elapsed: 32.93 min
Epoch: 056/200 | Batch 0000/0080 | Loss: 0.1221
Epoch: 056/200 | Batch 0050/0080 | Loss: 0.2279
MAE/RMSE/ACC: Current Valid: 4.06/5.57/10.91 Ep. 56 | Best Valid: 3.59/4.78/10.91 | Ep. 11
Time elapsed: 33.53 min
Epoch: 057/200 | Batch 0000/0080 | Loss: 0.1917
Epoch: 057/200 | Batch 0050/0080 | Loss: 0.1045
MAE/RMSE/ACC: Current Valid: 4.31/5.90/10.91 Ep. 57 | Best Valid: 3.59/4.78/10.91 | Ep. 11
Time elapsed: 34.13 min
Epoch: 058/200 | Batch 0000/0080 | Loss: 0.0679
Epoch: 058/200 | Batch 0050/0080 | Loss: 0.1329
MAE/RMSE/ACC: Current Valid: 3.82/5.32/10.91 Ep. 58 | Best Valid: 3.59/4.78/10.91 | Ep. 11
Time elapsed: 34.74 min
Epoch: 059/200 | Batch 0000/0080 | Loss: 0.1151
Epoch: 059/200 | Batch 0050/0080 | Loss: 0.0820
MAE/RMSE/ACC: Current Valid: 3.83/5.30/10.91 Ep. 59 | Best Valid: 3.59/4.78/10.91 | Ep. 11
Time elapsed: 35.34 min
Epoch: 060/200 | Batch 0000/0080 | Loss: 0.0565
Epoch: 060/200 | Batch 0050/0080 | Loss: 0.1513
MAE/RMSE/ACC: Current Valid: 4.05/5.52/10.91 Ep. 60 | Best Valid: 3.59/4.78/10.91 | Ep. 11
Time elapsed: 35.93 min
Epoch: 061/200 | Batch 0000/0080 | Loss: 0.1108
Epoch: 061/200 | Batch 0050/0080 | Loss: 0.1289
MAE/RMSE/ACC: Current Valid: 3.77/5.16/10.91 Ep. 61 | Best Valid: 3.59/4.78/10.91 | Ep. 11
Time elapsed: 36.53 min
Epoch: 062/200 | Batch 0000/0080 | Loss: 0.0761
Epoch: 062/200 | Batch 0050/0080 | Loss: 0.0980
MAE/RMSE/ACC: Current Valid: 4.33/6.01/10.91 Ep. 62 | Best Valid: 3.59/4.78/10.91 | Ep. 11
Time elapsed: 37.13 min
Epoch: 063/200 | Batch 0000/0080 | Loss: 0.0860
Epoch: 063/200 | Batch 0050/0080 | Loss: 0.1160
MAE/RMSE/ACC: Current Valid: 3.74/5.17/10.91 Ep. 63 | Best Valid: 3.59/4.78/10.91 | Ep. 11
Time elapsed: 37.73 min
Epoch: 064/200 | Batch 0000/0080 | Loss: 0.0996
Epoch: 064/200 | Batch 0050/0080 | Loss: 0.1322
MAE/RMSE/ACC: Current Valid: 4.04/5.53/10.91 Ep. 64 | Best Valid: 3.59/4.78/10.91 | Ep. 11
Time elapsed: 38.33 min
Epoch: 065/200 | Batch 0000/0080 | Loss: 0.1154
Epoch: 065/200 | Batch 0050/0080 | Loss: 0.1339
MAE/RMSE/ACC: Current Valid: 3.84/5.30/10.91 Ep. 65 | Best Valid: 3.59/4.78/10.91 | Ep. 11
Time elapsed: 38.93 min
Epoch: 066/200 | Batch 0000/0080 | Loss: 0.0771
Epoch: 066/200 | Batch 0050/0080 | Loss: 0.0713
MAE/RMSE/ACC: Current Valid: 3.78/5.33/10.91 Ep. 66 | Best Valid: 3.59/4.78/10.91 | Ep. 11
Time elapsed: 39.53 min
Epoch: 067/200 | Batch 0000/0080 | Loss: 0.0745
Epoch: 067/200 | Batch 0050/0080 | Loss: 0.0923
MAE/RMSE/ACC: Current Valid: 3.75/5.16/10.91 Ep. 67 | Best Valid: 3.59/4.78/10.91 | Ep. 11
Time elapsed: 40.13 min
Epoch: 068/200 | Batch 0000/0080 | Loss: 0.0628
Epoch: 068/200 | Batch 0050/0080 | Loss: 0.0526
MAE/RMSE/ACC: Current Valid: 3.95/5.46/10.91 Ep. 68 | Best Valid: 3.59/4.78/10.91 | Ep. 11
Time elapsed: 40.73 min
Epoch: 069/200 | Batch 0000/0080 | Loss: 0.0933
Epoch: 069/200 | Batch 0050/0080 | Loss: 0.1618
MAE/RMSE/ACC: Current Valid: 3.95/5.43/10.91 Ep. 69 | Best Valid: 3.59/4.78/10.91 | Ep. 11
Time elapsed: 41.33 min
Epoch: 070/200 | Batch 0000/0080 | Loss: 0.0931
Epoch: 070/200 | Batch 0050/0080 | Loss: 0.1088
MAE/RMSE/ACC: Current Valid: 3.88/5.43/10.91 Ep. 70 | Best Valid: 3.59/4.78/10.91 | Ep. 11
Time elapsed: 41.93 min
Epoch: 071/200 | Batch 0000/0080 | Loss: 0.0492
Epoch: 071/200 | Batch 0050/0080 | Loss: 0.0385
MAE/RMSE/ACC: Current Valid: 3.84/5.32/10.91 Ep. 71 | Best Valid: 3.59/4.78/10.91 | Ep. 11
Time elapsed: 42.53 min
Epoch: 072/200 | Batch 0000/0080 | Loss: 0.0768
Epoch: 072/200 | Batch 0050/0080 | Loss: 0.0564
MAE/RMSE/ACC: Current Valid: 4.85/6.61/10.91 Ep. 72 | Best Valid: 3.59/4.78/10.91 | Ep. 11
Time elapsed: 43.14 min
Epoch: 073/200 | Batch 0000/0080 | Loss: 0.0816
Epoch: 073/200 | Batch 0050/0080 | Loss: 0.1100
MAE/RMSE/ACC: Current Valid: 4.07/5.58/10.91 Ep. 73 | Best Valid: 3.59/4.78/10.91 | Ep. 11
Time elapsed: 43.74 min
Epoch: 074/200 | Batch 0000/0080 | Loss: 0.0844
Epoch: 074/200 | Batch 0050/0080 | Loss: 0.0973
MAE/RMSE/ACC: Current Valid: 3.91/5.32/10.91 Ep. 74 | Best Valid: 3.59/4.78/10.91 | Ep. 11
Time elapsed: 44.34 min
Epoch: 075/200 | Batch 0000/0080 | Loss: 0.1001
Epoch: 075/200 | Batch 0050/0080 | Loss: 0.1209
MAE/RMSE/ACC: Current Valid: 3.77/5.28/10.91 Ep. 75 | Best Valid: 3.59/4.78/10.91 | Ep. 11
Time elapsed: 44.94 min
Epoch: 076/200 | Batch 0000/0080 | Loss: 0.0927
Epoch: 076/200 | Batch 0050/0080 | Loss: 0.0714
MAE/RMSE/ACC: Current Valid: 3.99/5.49/10.91 Ep. 76 | Best Valid: 3.59/4.78/10.91 | Ep. 11
Time elapsed: 45.54 min
Epoch: 077/200 | Batch 0000/0080 | Loss: 0.1000
Epoch: 077/200 | Batch 0050/0080 | Loss: 0.1286
MAE/RMSE/ACC: Current Valid: 3.93/5.40/10.91 Ep. 77 | Best Valid: 3.59/4.78/10.91 | Ep. 11
Time elapsed: 46.14 min
Epoch: 078/200 | Batch 0000/0080 | Loss: 0.0631
Epoch: 078/200 | Batch 0050/0080 | Loss: 0.1204
MAE/RMSE/ACC: Current Valid: 4.00/5.55/10.91 Ep. 78 | Best Valid: 3.59/4.78/10.91 | Ep. 11
Time elapsed: 46.73 min
Epoch: 079/200 | Batch 0000/0080 | Loss: 0.0812
Epoch: 079/200 | Batch 0050/0080 | Loss: 0.0844
MAE/RMSE/ACC: Current Valid: 3.76/5.22/10.91 Ep. 79 | Best Valid: 3.59/4.78/10.91 | Ep. 11
Time elapsed: 47.33 min
Epoch: 080/200 | Batch 0000/0080 | Loss: 0.0642
Epoch: 080/200 | Batch 0050/0080 | Loss: 0.0361
MAE/RMSE/ACC: Current Valid: 4.04/5.51/10.91 Ep. 80 | Best Valid: 3.59/4.78/10.91 | Ep. 11
Time elapsed: 47.93 min
Epoch: 081/200 | Batch 0000/0080 | Loss: 0.0736
Epoch: 081/200 | Batch 0050/0080 | Loss: 0.1024
MAE/RMSE/ACC: Current Valid: 4.05/5.60/10.91 Ep. 81 | Best Valid: 3.59/4.78/10.91 | Ep. 11
Time elapsed: 48.53 min
Epoch: 082/200 | Batch 0000/0080 | Loss: 0.0352
Epoch: 082/200 | Batch 0050/0080 | Loss: 0.1022
MAE/RMSE/ACC: Current Valid: 4.28/5.98/10.91 Ep. 82 | Best Valid: 3.59/4.78/10.91 | Ep. 11
Time elapsed: 49.13 min
Epoch: 083/200 | Batch 0000/0080 | Loss: 0.0759
Epoch: 083/200 | Batch 0050/0080 | Loss: 0.0906
MAE/RMSE/ACC: Current Valid: 4.05/5.59/10.91 Ep. 83 | Best Valid: 3.59/4.78/10.91 | Ep. 11
Time elapsed: 49.73 min
Epoch: 084/200 | Batch 0000/0080 | Loss: 0.0988
Epoch: 084/200 | Batch 0050/0080 | Loss: 0.1407
MAE/RMSE/ACC: Current Valid: 4.23/5.80/10.91 Ep. 84 | Best Valid: 3.59/4.78/10.91 | Ep. 11
Time elapsed: 50.33 min
Epoch: 085/200 | Batch 0000/0080 | Loss: 0.0727
Epoch: 085/200 | Batch 0050/0080 | Loss: 0.0570
MAE/RMSE/ACC: Current Valid: 3.86/5.37/10.91 Ep. 85 | Best Valid: 3.59/4.78/10.91 | Ep. 11
Time elapsed: 50.94 min
Epoch: 086/200 | Batch 0000/0080 | Loss: 0.0603
Epoch: 086/200 | Batch 0050/0080 | Loss: 0.0468
MAE/RMSE/ACC: Current Valid: 3.81/5.26/10.91 Ep. 86 | Best Valid: 3.59/4.78/10.91 | Ep. 11
Time elapsed: 51.54 min
Epoch: 087/200 | Batch 0000/0080 | Loss: 0.0940
Epoch: 087/200 | Batch 0050/0080 | Loss: 0.0597
MAE/RMSE/ACC: Current Valid: 4.72/6.35/10.91 Ep. 87 | Best Valid: 3.59/4.78/10.91 | Ep. 11
Time elapsed: 52.14 min
Epoch: 088/200 | Batch 0000/0080 | Loss: 0.0948
Epoch: 088/200 | Batch 0050/0080 | Loss: 0.0608
MAE/RMSE/ACC: Current Valid: 3.78/5.22/10.91 Ep. 88 | Best Valid: 3.59/4.78/10.91 | Ep. 11
Time elapsed: 52.74 min
Epoch: 089/200 | Batch 0000/0080 | Loss: 0.0884
Epoch: 089/200 | Batch 0050/0080 | Loss: 0.0483
MAE/RMSE/ACC: Current Valid: 5.00/6.78/10.91 Ep. 89 | Best Valid: 3.59/4.78/10.91 | Ep. 11
Time elapsed: 53.34 min
Epoch: 090/200 | Batch 0000/0080 | Loss: 0.0590
Epoch: 090/200 | Batch 0050/0080 | Loss: 0.1004
MAE/RMSE/ACC: Current Valid: 3.99/5.46/10.91 Ep. 90 | Best Valid: 3.59/4.78/10.91 | Ep. 11
Time elapsed: 53.94 min
Epoch: 091/200 | Batch 0000/0080 | Loss: 0.1055
Epoch: 091/200 | Batch 0050/0080 | Loss: 0.0489
MAE/RMSE/ACC: Current Valid: 4.36/6.08/10.91 Ep. 91 | Best Valid: 3.59/4.78/10.91 | Ep. 11
Time elapsed: 54.53 min
Epoch: 092/200 | Batch 0000/0080 | Loss: 0.0426
Epoch: 092/200 | Batch 0050/0080 | Loss: 0.1377
MAE/RMSE/ACC: Current Valid: 4.71/6.51/10.91 Ep. 92 | Best Valid: 3.59/4.78/10.91 | Ep. 11
Time elapsed: 55.13 min
Epoch: 093/200 | Batch 0000/0080 | Loss: 0.0454
Epoch: 093/200 | Batch 0050/0080 | Loss: 0.0738
MAE/RMSE/ACC: Current Valid: 3.93/5.44/10.91 Ep. 93 | Best Valid: 3.59/4.78/10.91 | Ep. 11
Time elapsed: 55.73 min
Epoch: 094/200 | Batch 0000/0080 | Loss: 0.0772
Epoch: 094/200 | Batch 0050/0080 | Loss: 0.0812
MAE/RMSE/ACC: Current Valid: 4.41/6.07/10.91 Ep. 94 | Best Valid: 3.59/4.78/10.91 | Ep. 11
Time elapsed: 56.33 min
Epoch: 095/200 | Batch 0000/0080 | Loss: 0.0529
Epoch: 095/200 | Batch 0050/0080 | Loss: 0.1087
MAE/RMSE/ACC: Current Valid: 3.77/5.21/10.91 Ep. 95 | Best Valid: 3.59/4.78/10.91 | Ep. 11
Time elapsed: 56.93 min
Epoch: 096/200 | Batch 0000/0080 | Loss: 0.0396
Epoch: 096/200 | Batch 0050/0080 | Loss: 0.1178
MAE/RMSE/ACC: Current Valid: 3.97/5.50/10.91 Ep. 96 | Best Valid: 3.59/4.78/10.91 | Ep. 11
Time elapsed: 57.53 min
Epoch: 097/200 | Batch 0000/0080 | Loss: 0.0528
Epoch: 097/200 | Batch 0050/0080 | Loss: 0.0685
MAE/RMSE/ACC: Current Valid: 4.25/5.94/10.91 Ep. 97 | Best Valid: 3.59/4.78/10.91 | Ep. 11
Time elapsed: 58.13 min
Epoch: 098/200 | Batch 0000/0080 | Loss: 0.0717
Epoch: 098/200 | Batch 0050/0080 | Loss: 0.0784
MAE/RMSE/ACC: Current Valid: 4.06/5.64/10.91 Ep. 98 | Best Valid: 3.59/4.78/10.91 | Ep. 11
Time elapsed: 58.73 min
Epoch: 099/200 | Batch 0000/0080 | Loss: 0.0957
Epoch: 099/200 | Batch 0050/0080 | Loss: 0.0814
MAE/RMSE/ACC: Current Valid: 3.72/5.22/10.91 Ep. 99 | Best Valid: 3.59/4.78/10.91 | Ep. 11
Time elapsed: 59.33 min
Epoch: 100/200 | Batch 0000/0080 | Loss: 0.0869
Epoch: 100/200 | Batch 0050/0080 | Loss: 0.0477
MAE/RMSE/ACC: Current Valid: 4.13/5.69/10.91 Ep. 100 | Best Valid: 3.59/4.78/10.91 | Ep. 11
Time elapsed: 59.93 min
Epoch: 101/200 | Batch 0000/0080 | Loss: 0.0579
Epoch: 101/200 | Batch 0050/0080 | Loss: 0.0636
MAE/RMSE/ACC: Current Valid: 4.18/5.74/10.91 Ep. 101 | Best Valid: 3.59/4.78/10.91 | Ep. 11
Time elapsed: 60.53 min
Epoch: 102/200 | Batch 0000/0080 | Loss: 0.0844
Epoch: 102/200 | Batch 0050/0080 | Loss: 0.0392
MAE/RMSE/ACC: Current Valid: 3.97/5.49/10.91 Ep. 102 | Best Valid: 3.59/4.78/10.91 | Ep. 11
Time elapsed: 61.13 min
Epoch: 103/200 | Batch 0000/0080 | Loss: 0.0331
Epoch: 103/200 | Batch 0050/0080 | Loss: 0.0417
MAE/RMSE/ACC: Current Valid: 4.35/5.96/10.91 Ep. 103 | Best Valid: 3.59/4.78/10.91 | Ep. 11
Time elapsed: 61.73 min
Epoch: 104/200 | Batch 0000/0080 | Loss: 0.0985
Epoch: 104/200 | Batch 0050/0080 | Loss: 0.0990
MAE/RMSE/ACC: Current Valid: 3.99/5.54/10.91 Ep. 104 | Best Valid: 3.59/4.78/10.91 | Ep. 11
Time elapsed: 62.33 min
Epoch: 105/200 | Batch 0000/0080 | Loss: 0.0259
Epoch: 105/200 | Batch 0050/0080 | Loss: 0.0329
MAE/RMSE/ACC: Current Valid: 3.90/5.36/10.91 Ep. 105 | Best Valid: 3.59/4.78/10.91 | Ep. 11
Time elapsed: 62.93 min
Epoch: 106/200 | Batch 0000/0080 | Loss: 0.0488
Epoch: 106/200 | Batch 0050/0080 | Loss: 0.0717
MAE/RMSE/ACC: Current Valid: 4.20/5.92/10.91 Ep. 106 | Best Valid: 3.59/4.78/10.91 | Ep. 11
Time elapsed: 63.53 min
Epoch: 107/200 | Batch 0000/0080 | Loss: 0.0163
Epoch: 107/200 | Batch 0050/0080 | Loss: 0.0548
MAE/RMSE/ACC: Current Valid: 3.90/5.38/10.91 Ep. 107 | Best Valid: 3.59/4.78/10.91 | Ep. 11
Time elapsed: 64.13 min
Epoch: 108/200 | Batch 0000/0080 | Loss: 0.0497
Epoch: 108/200 | Batch 0050/0080 | Loss: 0.0722
MAE/RMSE/ACC: Current Valid: 3.93/5.42/10.91 Ep. 108 | Best Valid: 3.59/4.78/10.91 | Ep. 11
Time elapsed: 64.73 min
Epoch: 109/200 | Batch 0000/0080 | Loss: 0.0333
Epoch: 109/200 | Batch 0050/0080 | Loss: 0.0652
MAE/RMSE/ACC: Current Valid: 4.00/5.56/10.91 Ep. 109 | Best Valid: 3.59/4.78/10.91 | Ep. 11
Time elapsed: 65.33 min
Epoch: 110/200 | Batch 0000/0080 | Loss: 0.0366
Epoch: 110/200 | Batch 0050/0080 | Loss: 0.0450
MAE/RMSE/ACC: Current Valid: 4.02/5.54/10.91 Ep. 110 | Best Valid: 3.59/4.78/10.91 | Ep. 11
Time elapsed: 65.93 min
Epoch: 111/200 | Batch 0000/0080 | Loss: 0.0340
Epoch: 111/200 | Batch 0050/0080 | Loss: 0.0737
MAE/RMSE/ACC: Current Valid: 4.04/5.56/10.91 Ep. 111 | Best Valid: 3.59/4.78/10.91 | Ep. 11
Time elapsed: 66.53 min
Epoch: 112/200 | Batch 0000/0080 | Loss: 0.0796
Epoch: 112/200 | Batch 0050/0080 | Loss: 0.0988
MAE/RMSE/ACC: Current Valid: 4.25/5.94/10.91 Ep. 112 | Best Valid: 3.59/4.78/10.91 | Ep. 11
Time elapsed: 67.13 min
Epoch: 113/200 | Batch 0000/0080 | Loss: 0.0318
Epoch: 113/200 | Batch 0050/0080 | Loss: 0.0502
MAE/RMSE/ACC: Current Valid: 4.24/5.80/10.91 Ep. 113 | Best Valid: 3.59/4.78/10.91 | Ep. 11
Time elapsed: 67.73 min
Epoch: 114/200 | Batch 0000/0080 | Loss: 0.0874
Epoch: 114/200 | Batch 0050/0080 | Loss: 0.0740
MAE/RMSE/ACC: Current Valid: 3.93/5.40/10.91 Ep. 114 | Best Valid: 3.59/4.78/10.91 | Ep. 11
Time elapsed: 68.33 min
Epoch: 115/200 | Batch 0000/0080 | Loss: 0.0272
Epoch: 115/200 | Batch 0050/0080 | Loss: 0.0410
MAE/RMSE/ACC: Current Valid: 7.04/9.03/10.91 Ep. 115 | Best Valid: 3.59/4.78/10.91 | Ep. 11
Time elapsed: 68.93 min
Epoch: 116/200 | Batch 0000/0080 | Loss: 0.0935
Epoch: 116/200 | Batch 0050/0080 | Loss: 0.0483
MAE/RMSE/ACC: Current Valid: 4.03/5.58/10.91 Ep. 116 | Best Valid: 3.59/4.78/10.91 | Ep. 11
Time elapsed: 69.53 min
Epoch: 117/200 | Batch 0000/0080 | Loss: 0.0394
Epoch: 117/200 | Batch 0050/0080 | Loss: 0.0617
MAE/RMSE/ACC: Current Valid: 3.92/5.45/10.91 Ep. 117 | Best Valid: 3.59/4.78/10.91 | Ep. 11
Time elapsed: 70.13 min
Epoch: 118/200 | Batch 0000/0080 | Loss: 0.0230
Epoch: 118/200 | Batch 0050/0080 | Loss: 0.0402
MAE/RMSE/ACC: Current Valid: 3.80/5.26/10.91 Ep. 118 | Best Valid: 3.59/4.78/10.91 | Ep. 11
Time elapsed: 70.73 min
Epoch: 119/200 | Batch 0000/0080 | Loss: 0.0221
Epoch: 119/200 | Batch 0050/0080 | Loss: 0.0372
MAE/RMSE/ACC: Current Valid: 3.96/5.48/10.91 Ep. 119 | Best Valid: 3.59/4.78/10.91 | Ep. 11
Time elapsed: 71.33 min
Epoch: 120/200 | Batch 0000/0080 | Loss: 0.0268
Epoch: 120/200 | Batch 0050/0080 | Loss: 0.0793
MAE/RMSE/ACC: Current Valid: 3.91/5.37/10.91 Ep. 120 | Best Valid: 3.59/4.78/10.91 | Ep. 11
Time elapsed: 71.93 min
Epoch: 121/200 | Batch 0000/0080 | Loss: 0.0651
Epoch: 121/200 | Batch 0050/0080 | Loss: 0.0583
MAE/RMSE/ACC: Current Valid: 3.95/5.49/10.91 Ep. 121 | Best Valid: 3.59/4.78/10.91 | Ep. 11
Time elapsed: 72.54 min
Epoch: 122/200 | Batch 0000/0080 | Loss: 0.0686
Epoch: 122/200 | Batch 0050/0080 | Loss: 0.0643
MAE/RMSE/ACC: Current Valid: 4.69/6.42/10.91 Ep. 122 | Best Valid: 3.59/4.78/10.91 | Ep. 11
Time elapsed: 73.14 min
Epoch: 123/200 | Batch 0000/0080 | Loss: 0.0416
Epoch: 123/200 | Batch 0050/0080 | Loss: 0.0945
MAE/RMSE/ACC: Current Valid: 3.99/5.59/10.91 Ep. 123 | Best Valid: 3.59/4.78/10.91 | Ep. 11
Time elapsed: 73.74 min
Epoch: 124/200 | Batch 0000/0080 | Loss: 0.0584
Epoch: 124/200 | Batch 0050/0080 | Loss: 0.0262
MAE/RMSE/ACC: Current Valid: 4.39/6.15/10.91 Ep. 124 | Best Valid: 3.59/4.78/10.91 | Ep. 11
Time elapsed: 74.33 min
Epoch: 125/200 | Batch 0000/0080 | Loss: 0.0805
Epoch: 125/200 | Batch 0050/0080 | Loss: 0.0361
MAE/RMSE/ACC: Current Valid: 4.85/6.60/10.91 Ep. 125 | Best Valid: 3.59/4.78/10.91 | Ep. 11
Time elapsed: 74.94 min
Epoch: 126/200 | Batch 0000/0080 | Loss: 0.0946
Epoch: 126/200 | Batch 0050/0080 | Loss: 0.0391
MAE/RMSE/ACC: Current Valid: 3.91/5.36/10.91 Ep. 126 | Best Valid: 3.59/4.78/10.91 | Ep. 11
Time elapsed: 75.54 min
Epoch: 127/200 | Batch 0000/0080 | Loss: 0.0842
Epoch: 127/200 | Batch 0050/0080 | Loss: 0.0900
MAE/RMSE/ACC: Current Valid: 4.85/6.69/10.91 Ep. 127 | Best Valid: 3.59/4.78/10.91 | Ep. 11
Time elapsed: 76.14 min
Epoch: 128/200 | Batch 0000/0080 | Loss: 0.0675
Epoch: 128/200 | Batch 0050/0080 | Loss: 0.0314
MAE/RMSE/ACC: Current Valid: 4.03/5.61/10.91 Ep. 128 | Best Valid: 3.59/4.78/10.91 | Ep. 11
Time elapsed: 76.74 min
Epoch: 129/200 | Batch 0000/0080 | Loss: 0.0342
Epoch: 129/200 | Batch 0050/0080 | Loss: 0.0266
MAE/RMSE/ACC: Current Valid: 3.97/5.56/10.91 Ep. 129 | Best Valid: 3.59/4.78/10.91 | Ep. 11
Time elapsed: 77.34 min
Epoch: 130/200 | Batch 0000/0080 | Loss: 0.0497
Epoch: 130/200 | Batch 0050/0080 | Loss: 0.0849
MAE/RMSE/ACC: Current Valid: 3.99/5.55/10.91 Ep. 130 | Best Valid: 3.59/4.78/10.91 | Ep. 11
Time elapsed: 77.93 min
Epoch: 131/200 | Batch 0000/0080 | Loss: 0.0603
Epoch: 131/200 | Batch 0050/0080 | Loss: 0.0897
MAE/RMSE/ACC: Current Valid: 4.00/5.57/10.91 Ep. 131 | Best Valid: 3.59/4.78/10.91 | Ep. 11
Time elapsed: 78.53 min
Epoch: 132/200 | Batch 0000/0080 | Loss: 0.0278
Epoch: 132/200 | Batch 0050/0080 | Loss: 0.1403
MAE/RMSE/ACC: Current Valid: 4.45/6.28/10.91 Ep. 132 | Best Valid: 3.59/4.78/10.91 | Ep. 11
Time elapsed: 79.13 min
Epoch: 133/200 | Batch 0000/0080 | Loss: 0.0108
Epoch: 133/200 | Batch 0050/0080 | Loss: 0.0782
MAE/RMSE/ACC: Current Valid: 3.93/5.40/10.91 Ep. 133 | Best Valid: 3.59/4.78/10.91 | Ep. 11
Time elapsed: 79.73 min
Epoch: 134/200 | Batch 0000/0080 | Loss: 0.0282
Epoch: 134/200 | Batch 0050/0080 | Loss: 0.0462
MAE/RMSE/ACC: Current Valid: 3.94/5.45/10.91 Ep. 134 | Best Valid: 3.59/4.78/10.91 | Ep. 11
Time elapsed: 80.33 min
Epoch: 135/200 | Batch 0000/0080 | Loss: 0.0418
Epoch: 135/200 | Batch 0050/0080 | Loss: 0.0295
MAE/RMSE/ACC: Current Valid: 4.24/5.86/10.91 Ep. 135 | Best Valid: 3.59/4.78/10.91 | Ep. 11
Time elapsed: 80.93 min
Epoch: 136/200 | Batch 0000/0080 | Loss: 0.0169
Epoch: 136/200 | Batch 0050/0080 | Loss: 0.0753
MAE/RMSE/ACC: Current Valid: 4.63/6.40/10.91 Ep. 136 | Best Valid: 3.59/4.78/10.91 | Ep. 11
Time elapsed: 81.53 min
Epoch: 137/200 | Batch 0000/0080 | Loss: 0.0366
Epoch: 137/200 | Batch 0050/0080 | Loss: 0.0493
MAE/RMSE/ACC: Current Valid: 4.83/6.60/10.91 Ep. 137 | Best Valid: 3.59/4.78/10.91 | Ep. 11
Time elapsed: 82.13 min
Epoch: 138/200 | Batch 0000/0080 | Loss: 0.0318
Epoch: 138/200 | Batch 0050/0080 | Loss: 0.0966
MAE/RMSE/ACC: Current Valid: 4.21/5.83/10.91 Ep. 138 | Best Valid: 3.59/4.78/10.91 | Ep. 11
Time elapsed: 82.73 min
Epoch: 139/200 | Batch 0000/0080 | Loss: 0.0318
Epoch: 139/200 | Batch 0050/0080 | Loss: 0.0678
MAE/RMSE/ACC: Current Valid: 3.94/5.43/10.91 Ep. 139 | Best Valid: 3.59/4.78/10.91 | Ep. 11
Time elapsed: 83.33 min
Epoch: 140/200 | Batch 0000/0080 | Loss: 0.0367
Epoch: 140/200 | Batch 0050/0080 | Loss: 0.1119
MAE/RMSE/ACC: Current Valid: 4.09/5.68/10.91 Ep. 140 | Best Valid: 3.59/4.78/10.91 | Ep. 11
Time elapsed: 83.93 min
Epoch: 141/200 | Batch 0000/0080 | Loss: 0.0537
Epoch: 141/200 | Batch 0050/0080 | Loss: 0.0403
MAE/RMSE/ACC: Current Valid: 4.54/6.29/10.91 Ep. 141 | Best Valid: 3.59/4.78/10.91 | Ep. 11
Time elapsed: 84.53 min
Epoch: 142/200 | Batch 0000/0080 | Loss: 0.0702
Epoch: 142/200 | Batch 0050/0080 | Loss: 0.0441
MAE/RMSE/ACC: Current Valid: 4.04/5.67/10.91 Ep. 142 | Best Valid: 3.59/4.78/10.91 | Ep. 11
Time elapsed: 85.13 min
Epoch: 143/200 | Batch 0000/0080 | Loss: 0.0292
Epoch: 143/200 | Batch 0050/0080 | Loss: 0.0542
MAE/RMSE/ACC: Current Valid: 3.93/5.44/10.91 Ep. 143 | Best Valid: 3.59/4.78/10.91 | Ep. 11
Time elapsed: 85.73 min
Epoch: 144/200 | Batch 0000/0080 | Loss: 0.0236
Epoch: 144/200 | Batch 0050/0080 | Loss: 0.0693
MAE/RMSE/ACC: Current Valid: 3.96/5.53/10.91 Ep. 144 | Best Valid: 3.59/4.78/10.91 | Ep. 11
Time elapsed: 86.33 min
Epoch: 145/200 | Batch 0000/0080 | Loss: 0.0564
Epoch: 145/200 | Batch 0050/0080 | Loss: 0.0730
MAE/RMSE/ACC: Current Valid: 4.11/5.69/10.91 Ep. 145 | Best Valid: 3.59/4.78/10.91 | Ep. 11
Time elapsed: 86.93 min
Epoch: 146/200 | Batch 0000/0080 | Loss: 0.0287
Epoch: 146/200 | Batch 0050/0080 | Loss: 0.0770
MAE/RMSE/ACC: Current Valid: 4.30/5.91/10.91 Ep. 146 | Best Valid: 3.59/4.78/10.91 | Ep. 11
Time elapsed: 87.53 min
Epoch: 147/200 | Batch 0000/0080 | Loss: 0.0541
Epoch: 147/200 | Batch 0050/0080 | Loss: 0.0321
MAE/RMSE/ACC: Current Valid: 3.90/5.41/10.91 Ep. 147 | Best Valid: 3.59/4.78/10.91 | Ep. 11
Time elapsed: 88.13 min
Epoch: 148/200 | Batch 0000/0080 | Loss: 0.0576
Epoch: 148/200 | Batch 0050/0080 | Loss: 0.0160
MAE/RMSE/ACC: Current Valid: 3.93/5.46/10.91 Ep. 148 | Best Valid: 3.59/4.78/10.91 | Ep. 11
Time elapsed: 88.73 min
Epoch: 149/200 | Batch 0000/0080 | Loss: 0.0203
Epoch: 149/200 | Batch 0050/0080 | Loss: 0.0263
MAE/RMSE/ACC: Current Valid: 3.94/5.48/10.91 Ep. 149 | Best Valid: 3.59/4.78/10.91 | Ep. 11
Time elapsed: 89.34 min
Epoch: 150/200 | Batch 0000/0080 | Loss: 0.0475
Epoch: 150/200 | Batch 0050/0080 | Loss: 0.0293
MAE/RMSE/ACC: Current Valid: 4.34/5.98/10.91 Ep. 150 | Best Valid: 3.59/4.78/10.91 | Ep. 11
Time elapsed: 89.94 min
Epoch: 151/200 | Batch 0000/0080 | Loss: 0.0644
Epoch: 151/200 | Batch 0050/0080 | Loss: 0.0639
MAE/RMSE/ACC: Current Valid: 3.98/5.50/10.91 Ep. 151 | Best Valid: 3.59/4.78/10.91 | Ep. 11
Time elapsed: 90.54 min
Epoch: 152/200 | Batch 0000/0080 | Loss: 0.0173
Epoch: 152/200 | Batch 0050/0080 | Loss: 0.0615
MAE/RMSE/ACC: Current Valid: 4.15/5.71/10.91 Ep. 152 | Best Valid: 3.59/4.78/10.91 | Ep. 11
Time elapsed: 91.14 min
Epoch: 153/200 | Batch 0000/0080 | Loss: 0.0204
Epoch: 153/200 | Batch 0050/0080 | Loss: 0.0906
MAE/RMSE/ACC: Current Valid: 4.42/6.13/10.91 Ep. 153 | Best Valid: 3.59/4.78/10.91 | Ep. 11
Time elapsed: 91.74 min
Epoch: 154/200 | Batch 0000/0080 | Loss: 0.0686
Epoch: 154/200 | Batch 0050/0080 | Loss: 0.0560
MAE/RMSE/ACC: Current Valid: 3.90/5.43/10.91 Ep. 154 | Best Valid: 3.59/4.78/10.91 | Ep. 11
Time elapsed: 92.33 min
Epoch: 155/200 | Batch 0000/0080 | Loss: 0.0758
Epoch: 155/200 | Batch 0050/0080 | Loss: 0.0323
MAE/RMSE/ACC: Current Valid: 3.94/5.50/10.91 Ep. 155 | Best Valid: 3.59/4.78/10.91 | Ep. 11
Time elapsed: 92.94 min
Epoch: 156/200 | Batch 0000/0080 | Loss: 0.0604
Epoch: 156/200 | Batch 0050/0080 | Loss: 0.0442
MAE/RMSE/ACC: Current Valid: 4.03/5.67/10.91 Ep. 156 | Best Valid: 3.59/4.78/10.91 | Ep. 11
Time elapsed: 93.54 min
Epoch: 157/200 | Batch 0000/0080 | Loss: 0.0703
Epoch: 157/200 | Batch 0050/0080 | Loss: 0.0392
MAE/RMSE/ACC: Current Valid: 6.98/9.19/10.91 Ep. 157 | Best Valid: 3.59/4.78/10.91 | Ep. 11
Time elapsed: 94.14 min
Epoch: 158/200 | Batch 0000/0080 | Loss: 0.0974
Epoch: 158/200 | Batch 0050/0080 | Loss: 0.0658
MAE/RMSE/ACC: Current Valid: 4.02/5.63/10.91 Ep. 158 | Best Valid: 3.59/4.78/10.91 | Ep. 11
Time elapsed: 94.74 min
Epoch: 159/200 | Batch 0000/0080 | Loss: 0.0334
Epoch: 159/200 | Batch 0050/0080 | Loss: 0.0536
MAE/RMSE/ACC: Current Valid: 3.93/5.48/10.91 Ep. 159 | Best Valid: 3.59/4.78/10.91 | Ep. 11
Time elapsed: 95.34 min
Epoch: 160/200 | Batch 0000/0080 | Loss: 0.0221
Epoch: 160/200 | Batch 0050/0080 | Loss: 0.0710
MAE/RMSE/ACC: Current Valid: 4.01/5.51/10.91 Ep. 160 | Best Valid: 3.59/4.78/10.91 | Ep. 11
Time elapsed: 95.94 min
Epoch: 161/200 | Batch 0000/0080 | Loss: 0.0194
Epoch: 161/200 | Batch 0050/0080 | Loss: 0.0307
MAE/RMSE/ACC: Current Valid: 4.74/6.40/10.91 Ep. 161 | Best Valid: 3.59/4.78/10.91 | Ep. 11
Time elapsed: 96.54 min
Epoch: 162/200 | Batch 0000/0080 | Loss: 0.0144
Epoch: 162/200 | Batch 0050/0080 | Loss: 0.0485
MAE/RMSE/ACC: Current Valid: 4.09/5.58/10.91 Ep. 162 | Best Valid: 3.59/4.78/10.91 | Ep. 11
Time elapsed: 97.14 min
Epoch: 163/200 | Batch 0000/0080 | Loss: 0.0394
Epoch: 163/200 | Batch 0050/0080 | Loss: 0.0444
MAE/RMSE/ACC: Current Valid: 5.98/7.95/10.91 Ep. 163 | Best Valid: 3.59/4.78/10.91 | Ep. 11
Time elapsed: 97.74 min
Epoch: 164/200 | Batch 0000/0080 | Loss: 0.0471
Epoch: 164/200 | Batch 0050/0080 | Loss: 0.0226
MAE/RMSE/ACC: Current Valid: 3.91/5.43/10.91 Ep. 164 | Best Valid: 3.59/4.78/10.91 | Ep. 11
Time elapsed: 98.34 min
Epoch: 165/200 | Batch 0000/0080 | Loss: 0.0265
Epoch: 165/200 | Batch 0050/0080 | Loss: 0.0112
MAE/RMSE/ACC: Current Valid: 5.09/6.88/10.91 Ep. 165 | Best Valid: 3.59/4.78/10.91 | Ep. 11
Time elapsed: 98.94 min
Epoch: 166/200 | Batch 0000/0080 | Loss: 0.0157
Epoch: 166/200 | Batch 0050/0080 | Loss: 0.0792
MAE/RMSE/ACC: Current Valid: 4.00/5.58/10.91 Ep. 166 | Best Valid: 3.59/4.78/10.91 | Ep. 11
Time elapsed: 99.54 min
Epoch: 167/200 | Batch 0000/0080 | Loss: 0.0364
Epoch: 167/200 | Batch 0050/0080 | Loss: 0.0319
MAE/RMSE/ACC: Current Valid: 3.84/5.29/10.91 Ep. 167 | Best Valid: 3.59/4.78/10.91 | Ep. 11
Time elapsed: 100.14 min
Epoch: 168/200 | Batch 0000/0080 | Loss: 0.0406
Epoch: 168/200 | Batch 0050/0080 | Loss: 0.0549
MAE/RMSE/ACC: Current Valid: 3.91/5.43/10.91 Ep. 168 | Best Valid: 3.59/4.78/10.91 | Ep. 11
Time elapsed: 100.74 min
Epoch: 169/200 | Batch 0000/0080 | Loss: 0.0065
Epoch: 169/200 | Batch 0050/0080 | Loss: 0.0389
MAE/RMSE/ACC: Current Valid: 3.95/5.51/10.91 Ep. 169 | Best Valid: 3.59/4.78/10.91 | Ep. 11
Time elapsed: 101.34 min
Epoch: 170/200 | Batch 0000/0080 | Loss: 0.0618
Epoch: 170/200 | Batch 0050/0080 | Loss: 0.0554
MAE/RMSE/ACC: Current Valid: 4.26/5.86/10.91 Ep. 170 | Best Valid: 3.59/4.78/10.91 | Ep. 11
Time elapsed: 101.94 min
Epoch: 171/200 | Batch 0000/0080 | Loss: 0.0137
Epoch: 171/200 | Batch 0050/0080 | Loss: 0.0543
MAE/RMSE/ACC: Current Valid: 3.94/5.49/10.91 Ep. 171 | Best Valid: 3.59/4.78/10.91 | Ep. 11
Time elapsed: 102.54 min
Epoch: 172/200 | Batch 0000/0080 | Loss: 0.0533
Epoch: 172/200 | Batch 0050/0080 | Loss: 0.0349
MAE/RMSE/ACC: Current Valid: 3.97/5.45/10.91 Ep. 172 | Best Valid: 3.59/4.78/10.91 | Ep. 11
Time elapsed: 103.14 min
Epoch: 173/200 | Batch 0000/0080 | Loss: 0.0263
Epoch: 173/200 | Batch 0050/0080 | Loss: 0.0478
MAE/RMSE/ACC: Current Valid: 4.15/5.75/10.91 Ep. 173 | Best Valid: 3.59/4.78/10.91 | Ep. 11
Time elapsed: 103.74 min
Epoch: 174/200 | Batch 0000/0080 | Loss: 0.0513
Epoch: 174/200 | Batch 0050/0080 | Loss: 0.0447
MAE/RMSE/ACC: Current Valid: 5.23/7.12/10.91 Ep. 174 | Best Valid: 3.59/4.78/10.91 | Ep. 11
Time elapsed: 104.34 min
Epoch: 175/200 | Batch 0000/0080 | Loss: 0.0751
Epoch: 175/200 | Batch 0050/0080 | Loss: 0.0329
MAE/RMSE/ACC: Current Valid: 3.84/5.35/10.91 Ep. 175 | Best Valid: 3.59/4.78/10.91 | Ep. 11
Time elapsed: 104.94 min
Epoch: 176/200 | Batch 0000/0080 | Loss: 0.0316
Epoch: 176/200 | Batch 0050/0080 | Loss: 0.0212
MAE/RMSE/ACC: Current Valid: 4.37/6.06/10.91 Ep. 176 | Best Valid: 3.59/4.78/10.91 | Ep. 11
Time elapsed: 105.54 min
Epoch: 177/200 | Batch 0000/0080 | Loss: 0.0220
Epoch: 177/200 | Batch 0050/0080 | Loss: 0.0436
MAE/RMSE/ACC: Current Valid: 3.88/5.41/10.91 Ep. 177 | Best Valid: 3.59/4.78/10.91 | Ep. 11
Time elapsed: 106.14 min
Epoch: 178/200 | Batch 0000/0080 | Loss: 0.0432
Epoch: 178/200 | Batch 0050/0080 | Loss: 0.0283
MAE/RMSE/ACC: Current Valid: 4.49/6.23/10.91 Ep. 178 | Best Valid: 3.59/4.78/10.91 | Ep. 11
Time elapsed: 106.74 min
Epoch: 179/200 | Batch 0000/0080 | Loss: 0.0227
Epoch: 179/200 | Batch 0050/0080 | Loss: 0.0179
MAE/RMSE/ACC: Current Valid: 3.91/5.46/10.91 Ep. 179 | Best Valid: 3.59/4.78/10.91 | Ep. 11
Time elapsed: 107.34 min
Epoch: 180/200 | Batch 0000/0080 | Loss: 0.0592
Epoch: 180/200 | Batch 0050/0080 | Loss: 0.0640
MAE/RMSE/ACC: Current Valid: 3.99/5.51/10.91 Ep. 180 | Best Valid: 3.59/4.78/10.91 | Ep. 11
Time elapsed: 107.94 min
Epoch: 181/200 | Batch 0000/0080 | Loss: 0.1041
Epoch: 181/200 | Batch 0050/0080 | Loss: 0.0463
MAE/RMSE/ACC: Current Valid: 4.93/6.71/10.91 Ep. 181 | Best Valid: 3.59/4.78/10.91 | Ep. 11
Time elapsed: 108.54 min
Epoch: 182/200 | Batch 0000/0080 | Loss: 0.1046
Epoch: 182/200 | Batch 0050/0080 | Loss: 0.0213
MAE/RMSE/ACC: Current Valid: 3.94/5.50/10.91 Ep. 182 | Best Valid: 3.59/4.78/10.91 | Ep. 11
Time elapsed: 109.14 min
Epoch: 183/200 | Batch 0000/0080 | Loss: 0.0442
Epoch: 183/200 | Batch 0050/0080 | Loss: 0.0680
MAE/RMSE/ACC: Current Valid: 4.00/5.56/10.91 Ep. 183 | Best Valid: 3.59/4.78/10.91 | Ep. 11
Time elapsed: 109.74 min
Epoch: 184/200 | Batch 0000/0080 | Loss: 0.0355
Epoch: 184/200 | Batch 0050/0080 | Loss: 0.0422
MAE/RMSE/ACC: Current Valid: 3.94/5.49/10.91 Ep. 184 | Best Valid: 3.59/4.78/10.91 | Ep. 11
Time elapsed: 110.34 min
Epoch: 185/200 | Batch 0000/0080 | Loss: 0.0058
Epoch: 185/200 | Batch 0050/0080 | Loss: 0.0533
MAE/RMSE/ACC: Current Valid: 4.35/6.05/10.91 Ep. 185 | Best Valid: 3.59/4.78/10.91 | Ep. 11
Time elapsed: 110.94 min
Epoch: 186/200 | Batch 0000/0080 | Loss: 0.0149
Epoch: 186/200 | Batch 0050/0080 | Loss: 0.0326
MAE/RMSE/ACC: Current Valid: 4.27/6.02/10.91 Ep. 186 | Best Valid: 3.59/4.78/10.91 | Ep. 11
Time elapsed: 111.54 min
Epoch: 187/200 | Batch 0000/0080 | Loss: 0.0069
Epoch: 187/200 | Batch 0050/0080 | Loss: 0.0467
MAE/RMSE/ACC: Current Valid: 4.80/6.58/10.91 Ep. 187 | Best Valid: 3.59/4.78/10.91 | Ep. 11
Time elapsed: 112.14 min
Epoch: 188/200 | Batch 0000/0080 | Loss: 0.0343
Epoch: 188/200 | Batch 0050/0080 | Loss: 0.0162
MAE/RMSE/ACC: Current Valid: 3.96/5.49/10.91 Ep. 188 | Best Valid: 3.59/4.78/10.91 | Ep. 11
Time elapsed: 112.74 min
Epoch: 189/200 | Batch 0000/0080 | Loss: 0.0283
Epoch: 189/200 | Batch 0050/0080 | Loss: 0.0443
MAE/RMSE/ACC: Current Valid: 3.92/5.44/10.91 Ep. 189 | Best Valid: 3.59/4.78/10.91 | Ep. 11
Time elapsed: 113.34 min
Epoch: 190/200 | Batch 0000/0080 | Loss: 0.0512
Epoch: 190/200 | Batch 0050/0080 | Loss: 0.0645
MAE/RMSE/ACC: Current Valid: 3.91/5.49/10.91 Ep. 190 | Best Valid: 3.59/4.78/10.91 | Ep. 11
Time elapsed: 113.94 min
Epoch: 191/200 | Batch 0000/0080 | Loss: 0.0165
Epoch: 191/200 | Batch 0050/0080 | Loss: 0.0199
MAE/RMSE/ACC: Current Valid: 3.98/5.50/10.91 Ep. 191 | Best Valid: 3.59/4.78/10.91 | Ep. 11
Time elapsed: 114.54 min
Epoch: 192/200 | Batch 0000/0080 | Loss: 0.0259
Epoch: 192/200 | Batch 0050/0080 | Loss: 0.0173
MAE/RMSE/ACC: Current Valid: 4.05/5.68/10.91 Ep. 192 | Best Valid: 3.59/4.78/10.91 | Ep. 11
Time elapsed: 115.14 min
Epoch: 193/200 | Batch 0000/0080 | Loss: 0.0350
Epoch: 193/200 | Batch 0050/0080 | Loss: 0.0420
MAE/RMSE/ACC: Current Valid: 4.31/5.96/10.91 Ep. 193 | Best Valid: 3.59/4.78/10.91 | Ep. 11
Time elapsed: 115.75 min
Epoch: 194/200 | Batch 0000/0080 | Loss: 0.0310
Epoch: 194/200 | Batch 0050/0080 | Loss: 0.0615
MAE/RMSE/ACC: Current Valid: 4.10/5.78/10.91 Ep. 194 | Best Valid: 3.59/4.78/10.91 | Ep. 11
Time elapsed: 116.35 min
Epoch: 195/200 | Batch 0000/0080 | Loss: 0.0551
Epoch: 195/200 | Batch 0050/0080 | Loss: 0.0461
MAE/RMSE/ACC: Current Valid: 4.76/6.62/10.91 Ep. 195 | Best Valid: 3.59/4.78/10.91 | Ep. 11
Time elapsed: 116.95 min
Epoch: 196/200 | Batch 0000/0080 | Loss: 0.0882
Epoch: 196/200 | Batch 0050/0080 | Loss: 0.0649
MAE/RMSE/ACC: Current Valid: 4.07/5.63/10.91 Ep. 196 | Best Valid: 3.59/4.78/10.91 | Ep. 11
Time elapsed: 117.55 min
Epoch: 197/200 | Batch 0000/0080 | Loss: 0.0267
Epoch: 197/200 | Batch 0050/0080 | Loss: 0.0119
MAE/RMSE/ACC: Current Valid: 4.00/5.55/10.91 Ep. 197 | Best Valid: 3.59/4.78/10.91 | Ep. 11
Time elapsed: 118.15 min
Epoch: 198/200 | Batch 0000/0080 | Loss: 0.0098
Epoch: 198/200 | Batch 0050/0080 | Loss: 0.0227
MAE/RMSE/ACC: Current Valid: 3.86/5.34/10.91 Ep. 198 | Best Valid: 3.59/4.78/10.91 | Ep. 11
Time elapsed: 118.75 min
Epoch: 199/200 | Batch 0000/0080 | Loss: 0.0392
Epoch: 199/200 | Batch 0050/0080 | Loss: 0.0233
MAE/RMSE/ACC: Current Valid: 3.95/5.49/10.91 Ep. 199 | Best Valid: 3.59/4.78/10.91 | Ep. 11
Time elapsed: 119.35 min
Epoch: 200/200 | Batch 0000/0080 | Loss: 0.0245
Epoch: 200/200 | Batch 0050/0080 | Loss: 0.0090
MAE/RMSE/ACC: Current Valid: 5.58/7.47/10.91 Ep. 200 | Best Valid: 3.59/4.78/10.91 | Ep. 11
Time elapsed: 119.95 min
MAE/RMSE: | Train: 1.58/4.36 | Valid: 5.58/7.47 | Test: 5.51/7.56
ACC: | Train: 81.16 | Valid: 9.71 | Test: 11.13
Total Running Time: 120.89 min
MAE/RMSE: | Best Train: 2.79/3.92 | Best Valid: 3.59/4.78 | Best Test: 3.61/4.84
ACC: | Best Train: 18.91 | Best Valid: 10.91 | Best Test: 11.02
Total Running Time: 121.83 min
