This script: resnet34_xentr.py
PyTorch Version: 1.8.1
CUDA device: cuda:3
CUDA version: 11.1
Random seed: 3
Learning rate: 0.0005
Epochs: 200
Batch size: 256
Output path: runs/aes/resnet34_xentr-imp0-seed3-epochs200_best-rmse
Epoch: 001/200 | Batch 0000/0043 | Loss: 1.5975
MAE/RMSE/ACC: Current Valid: 0.43/0.69/58.63 Ep. 1 | Best Valid: 0.43/0.69/58.63 | Ep. 1
Time elapsed: 0.34 min
Epoch: 002/200 | Batch 0000/0043 | Loss: 0.9817
MAE/RMSE/ACC: Current Valid: 0.44/0.70/58.63 Ep. 2 | Best Valid: 0.43/0.69/58.63 | Ep. 1
Time elapsed: 0.67 min
Epoch: 003/200 | Batch 0000/0043 | Loss: 0.8601
MAE/RMSE/ACC: Current Valid: 0.51/0.75/58.63 Ep. 3 | Best Valid: 0.43/0.69/58.63 | Ep. 1
Time elapsed: 1.00 min
Epoch: 004/200 | Batch 0000/0043 | Loss: 0.8890
MAE/RMSE/ACC: Current Valid: 0.45/0.70/58.63 Ep. 4 | Best Valid: 0.43/0.69/58.63 | Ep. 1
Time elapsed: 1.33 min
Epoch: 005/200 | Batch 0000/0043 | Loss: 0.8170
MAE/RMSE/ACC: Current Valid: 0.42/0.67/60.02 Ep. 5 | Best Valid: 0.42/0.67/60.02 | Ep. 5
Time elapsed: 1.67 min
Epoch: 006/200 | Batch 0000/0043 | Loss: 0.8404
MAE/RMSE/ACC: Current Valid: 0.45/0.70/60.02 Ep. 6 | Best Valid: 0.42/0.67/60.02 | Ep. 5
Time elapsed: 2.01 min
Epoch: 007/200 | Batch 0000/0043 | Loss: 0.7153
MAE/RMSE/ACC: Current Valid: 0.43/0.69/60.02 Ep. 7 | Best Valid: 0.42/0.67/60.02 | Ep. 5
Time elapsed: 2.36 min
Epoch: 008/200 | Batch 0000/0043 | Loss: 0.6968
MAE/RMSE/ACC: Current Valid: 0.45/0.71/60.02 Ep. 8 | Best Valid: 0.42/0.67/60.02 | Ep. 5
Time elapsed: 2.70 min
Epoch: 009/200 | Batch 0000/0043 | Loss: 0.6746
MAE/RMSE/ACC: Current Valid: 0.44/0.70/60.02 Ep. 9 | Best Valid: 0.42/0.67/60.02 | Ep. 5
Time elapsed: 3.05 min
Epoch: 010/200 | Batch 0000/0043 | Loss: 0.7211
MAE/RMSE/ACC: Current Valid: 0.46/0.72/60.02 Ep. 10 | Best Valid: 0.42/0.67/60.02 | Ep. 5
Time elapsed: 3.40 min
Epoch: 011/200 | Batch 0000/0043 | Loss: 0.6262
MAE/RMSE/ACC: Current Valid: 0.44/0.70/60.02 Ep. 11 | Best Valid: 0.42/0.67/60.02 | Ep. 5
Time elapsed: 3.76 min
Epoch: 012/200 | Batch 0000/0043 | Loss: 0.5154
MAE/RMSE/ACC: Current Valid: 0.48/0.74/60.02 Ep. 12 | Best Valid: 0.42/0.67/60.02 | Ep. 5
Time elapsed: 4.11 min
Epoch: 013/200 | Batch 0000/0043 | Loss: 0.4623
MAE/RMSE/ACC: Current Valid: 0.47/0.73/60.02 Ep. 13 | Best Valid: 0.42/0.67/60.02 | Ep. 5
Time elapsed: 4.46 min
Epoch: 014/200 | Batch 0000/0043 | Loss: 0.4537
MAE/RMSE/ACC: Current Valid: 0.46/0.72/60.02 Ep. 14 | Best Valid: 0.42/0.67/60.02 | Ep. 5
Time elapsed: 4.82 min
Epoch: 015/200 | Batch 0000/0043 | Loss: 0.3561
MAE/RMSE/ACC: Current Valid: 0.46/0.73/60.02 Ep. 15 | Best Valid: 0.42/0.67/60.02 | Ep. 5
Time elapsed: 5.17 min
Epoch: 016/200 | Batch 0000/0043 | Loss: 0.2673
MAE/RMSE/ACC: Current Valid: 0.49/0.75/60.02 Ep. 16 | Best Valid: 0.42/0.67/60.02 | Ep. 5
Time elapsed: 5.53 min
Epoch: 017/200 | Batch 0000/0043 | Loss: 0.2574
MAE/RMSE/ACC: Current Valid: 0.51/0.77/60.02 Ep. 17 | Best Valid: 0.42/0.67/60.02 | Ep. 5
Time elapsed: 5.88 min
Epoch: 018/200 | Batch 0000/0043 | Loss: 0.2984
MAE/RMSE/ACC: Current Valid: 0.49/0.74/60.02 Ep. 18 | Best Valid: 0.42/0.67/60.02 | Ep. 5
Time elapsed: 6.24 min
Epoch: 019/200 | Batch 0000/0043 | Loss: 0.1979
MAE/RMSE/ACC: Current Valid: 0.48/0.75/60.02 Ep. 19 | Best Valid: 0.42/0.67/60.02 | Ep. 5
Time elapsed: 6.60 min
Epoch: 020/200 | Batch 0000/0043 | Loss: 0.1416
MAE/RMSE/ACC: Current Valid: 0.50/0.76/60.02 Ep. 20 | Best Valid: 0.42/0.67/60.02 | Ep. 5
Time elapsed: 6.95 min
Epoch: 021/200 | Batch 0000/0043 | Loss: 0.1511
MAE/RMSE/ACC: Current Valid: 0.51/0.76/60.02 Ep. 21 | Best Valid: 0.42/0.67/60.02 | Ep. 5
Time elapsed: 7.31 min
Epoch: 022/200 | Batch 0000/0043 | Loss: 0.1104
MAE/RMSE/ACC: Current Valid: 0.46/0.72/60.02 Ep. 22 | Best Valid: 0.42/0.67/60.02 | Ep. 5
Time elapsed: 7.67 min
Epoch: 023/200 | Batch 0000/0043 | Loss: 0.0888
MAE/RMSE/ACC: Current Valid: 0.48/0.73/60.02 Ep. 23 | Best Valid: 0.42/0.67/60.02 | Ep. 5
Time elapsed: 8.02 min
Epoch: 024/200 | Batch 0000/0043 | Loss: 0.1267
MAE/RMSE/ACC: Current Valid: 0.52/0.78/60.02 Ep. 24 | Best Valid: 0.42/0.67/60.02 | Ep. 5
Time elapsed: 8.38 min
Epoch: 025/200 | Batch 0000/0043 | Loss: 0.0795
MAE/RMSE/ACC: Current Valid: 0.45/0.72/60.02 Ep. 25 | Best Valid: 0.42/0.67/60.02 | Ep. 5
Time elapsed: 8.73 min
Epoch: 026/200 | Batch 0000/0043 | Loss: 0.0982
MAE/RMSE/ACC: Current Valid: 0.50/0.77/60.02 Ep. 26 | Best Valid: 0.42/0.67/60.02 | Ep. 5
Time elapsed: 9.09 min
Epoch: 027/200 | Batch 0000/0043 | Loss: 0.1353
MAE/RMSE/ACC: Current Valid: 0.49/0.76/60.02 Ep. 27 | Best Valid: 0.42/0.67/60.02 | Ep. 5
Time elapsed: 9.44 min
Epoch: 028/200 | Batch 0000/0043 | Loss: 0.0547
MAE/RMSE/ACC: Current Valid: 0.49/0.75/60.02 Ep. 28 | Best Valid: 0.42/0.67/60.02 | Ep. 5
Time elapsed: 9.80 min
Epoch: 029/200 | Batch 0000/0043 | Loss: 0.1051
MAE/RMSE/ACC: Current Valid: 0.50/0.77/60.02 Ep. 29 | Best Valid: 0.42/0.67/60.02 | Ep. 5
Time elapsed: 10.16 min
Epoch: 030/200 | Batch 0000/0043 | Loss: 0.0934
MAE/RMSE/ACC: Current Valid: 0.50/0.76/60.02 Ep. 30 | Best Valid: 0.42/0.67/60.02 | Ep. 5
Time elapsed: 10.51 min
Epoch: 031/200 | Batch 0000/0043 | Loss: 0.0444
MAE/RMSE/ACC: Current Valid: 0.46/0.72/60.02 Ep. 31 | Best Valid: 0.42/0.67/60.02 | Ep. 5
Time elapsed: 10.87 min
Epoch: 032/200 | Batch 0000/0043 | Loss: 0.0578
MAE/RMSE/ACC: Current Valid: 0.48/0.74/60.02 Ep. 32 | Best Valid: 0.42/0.67/60.02 | Ep. 5
Time elapsed: 11.22 min
Epoch: 033/200 | Batch 0000/0043 | Loss: 0.1105
MAE/RMSE/ACC: Current Valid: 0.48/0.75/60.02 Ep. 33 | Best Valid: 0.42/0.67/60.02 | Ep. 5
Time elapsed: 11.58 min
Epoch: 034/200 | Batch 0000/0043 | Loss: 0.0958
MAE/RMSE/ACC: Current Valid: 0.49/0.76/60.02 Ep. 34 | Best Valid: 0.42/0.67/60.02 | Ep. 5
Time elapsed: 11.93 min
Epoch: 035/200 | Batch 0000/0043 | Loss: 0.0354
MAE/RMSE/ACC: Current Valid: 0.50/0.76/60.02 Ep. 35 | Best Valid: 0.42/0.67/60.02 | Ep. 5
Time elapsed: 12.29 min
Epoch: 036/200 | Batch 0000/0043 | Loss: 0.0796
MAE/RMSE/ACC: Current Valid: 0.50/0.76/60.02 Ep. 36 | Best Valid: 0.42/0.67/60.02 | Ep. 5
Time elapsed: 12.64 min
Epoch: 037/200 | Batch 0000/0043 | Loss: 0.0604
MAE/RMSE/ACC: Current Valid: 0.49/0.74/60.02 Ep. 37 | Best Valid: 0.42/0.67/60.02 | Ep. 5
Time elapsed: 13.00 min
Epoch: 038/200 | Batch 0000/0043 | Loss: 0.0208
MAE/RMSE/ACC: Current Valid: 0.52/0.80/60.02 Ep. 38 | Best Valid: 0.42/0.67/60.02 | Ep. 5
Time elapsed: 13.35 min
Epoch: 039/200 | Batch 0000/0043 | Loss: 0.1102
MAE/RMSE/ACC: Current Valid: 0.49/0.76/60.02 Ep. 39 | Best Valid: 0.42/0.67/60.02 | Ep. 5
Time elapsed: 13.71 min
Epoch: 040/200 | Batch 0000/0043 | Loss: 0.0746
MAE/RMSE/ACC: Current Valid: 0.49/0.76/60.02 Ep. 40 | Best Valid: 0.42/0.67/60.02 | Ep. 5
Time elapsed: 14.06 min
Epoch: 041/200 | Batch 0000/0043 | Loss: 0.0320
MAE/RMSE/ACC: Current Valid: 0.47/0.73/60.02 Ep. 41 | Best Valid: 0.42/0.67/60.02 | Ep. 5
Time elapsed: 14.42 min
Epoch: 042/200 | Batch 0000/0043 | Loss: 0.0689
MAE/RMSE/ACC: Current Valid: 0.48/0.74/60.02 Ep. 42 | Best Valid: 0.42/0.67/60.02 | Ep. 5
Time elapsed: 14.77 min
Epoch: 043/200 | Batch 0000/0043 | Loss: 0.0716
MAE/RMSE/ACC: Current Valid: 0.49/0.75/60.02 Ep. 43 | Best Valid: 0.42/0.67/60.02 | Ep. 5
Time elapsed: 15.13 min
Epoch: 044/200 | Batch 0000/0043 | Loss: 0.0283
MAE/RMSE/ACC: Current Valid: 0.48/0.74/60.02 Ep. 44 | Best Valid: 0.42/0.67/60.02 | Ep. 5
Time elapsed: 15.48 min
Epoch: 045/200 | Batch 0000/0043 | Loss: 0.0418
MAE/RMSE/ACC: Current Valid: 0.48/0.74/60.02 Ep. 45 | Best Valid: 0.42/0.67/60.02 | Ep. 5
Time elapsed: 15.83 min
Epoch: 046/200 | Batch 0000/0043 | Loss: 0.0269
MAE/RMSE/ACC: Current Valid: 0.49/0.76/60.02 Ep. 46 | Best Valid: 0.42/0.67/60.02 | Ep. 5
Time elapsed: 16.19 min
Epoch: 047/200 | Batch 0000/0043 | Loss: 0.0347
MAE/RMSE/ACC: Current Valid: 0.50/0.77/60.02 Ep. 47 | Best Valid: 0.42/0.67/60.02 | Ep. 5
Time elapsed: 16.54 min
Epoch: 048/200 | Batch 0000/0043 | Loss: 0.0134
MAE/RMSE/ACC: Current Valid: 0.47/0.73/60.02 Ep. 48 | Best Valid: 0.42/0.67/60.02 | Ep. 5
Time elapsed: 16.90 min
Epoch: 049/200 | Batch 0000/0043 | Loss: 0.0255
MAE/RMSE/ACC: Current Valid: 0.48/0.74/60.02 Ep. 49 | Best Valid: 0.42/0.67/60.02 | Ep. 5
Time elapsed: 17.25 min
Epoch: 050/200 | Batch 0000/0043 | Loss: 0.0780
MAE/RMSE/ACC: Current Valid: 0.49/0.75/60.02 Ep. 50 | Best Valid: 0.42/0.67/60.02 | Ep. 5
Time elapsed: 17.61 min
Epoch: 051/200 | Batch 0000/0043 | Loss: 0.0525
MAE/RMSE/ACC: Current Valid: 0.48/0.74/60.02 Ep. 51 | Best Valid: 0.42/0.67/60.02 | Ep. 5
Time elapsed: 17.96 min
Epoch: 052/200 | Batch 0000/0043 | Loss: 0.0227
MAE/RMSE/ACC: Current Valid: 0.47/0.74/60.02 Ep. 52 | Best Valid: 0.42/0.67/60.02 | Ep. 5
Time elapsed: 18.32 min
Epoch: 053/200 | Batch 0000/0043 | Loss: 0.0355
MAE/RMSE/ACC: Current Valid: 0.49/0.76/60.02 Ep. 53 | Best Valid: 0.42/0.67/60.02 | Ep. 5
Time elapsed: 18.67 min
Epoch: 054/200 | Batch 0000/0043 | Loss: 0.0771
MAE/RMSE/ACC: Current Valid: 0.49/0.74/60.02 Ep. 54 | Best Valid: 0.42/0.67/60.02 | Ep. 5
Time elapsed: 19.03 min
Epoch: 055/200 | Batch 0000/0043 | Loss: 0.0364
MAE/RMSE/ACC: Current Valid: 0.48/0.75/60.02 Ep. 55 | Best Valid: 0.42/0.67/60.02 | Ep. 5
Time elapsed: 19.38 min
Epoch: 056/200 | Batch 0000/0043 | Loss: 0.0542
MAE/RMSE/ACC: Current Valid: 0.47/0.74/60.02 Ep. 56 | Best Valid: 0.42/0.67/60.02 | Ep. 5
Time elapsed: 19.74 min
Epoch: 057/200 | Batch 0000/0043 | Loss: 0.0353
MAE/RMSE/ACC: Current Valid: 0.47/0.73/60.02 Ep. 57 | Best Valid: 0.42/0.67/60.02 | Ep. 5
Time elapsed: 20.09 min
Epoch: 058/200 | Batch 0000/0043 | Loss: 0.0396
MAE/RMSE/ACC: Current Valid: 0.53/0.79/60.02 Ep. 58 | Best Valid: 0.42/0.67/60.02 | Ep. 5
Time elapsed: 20.44 min
Epoch: 059/200 | Batch 0000/0043 | Loss: 0.0435
MAE/RMSE/ACC: Current Valid: 0.48/0.74/60.02 Ep. 59 | Best Valid: 0.42/0.67/60.02 | Ep. 5
Time elapsed: 20.80 min
Epoch: 060/200 | Batch 0000/0043 | Loss: 0.0119
MAE/RMSE/ACC: Current Valid: 0.47/0.73/60.02 Ep. 60 | Best Valid: 0.42/0.67/60.02 | Ep. 5
Time elapsed: 21.15 min
Epoch: 061/200 | Batch 0000/0043 | Loss: 0.0125
MAE/RMSE/ACC: Current Valid: 0.45/0.72/60.02 Ep. 61 | Best Valid: 0.42/0.67/60.02 | Ep. 5
Time elapsed: 21.51 min
Epoch: 062/200 | Batch 0000/0043 | Loss: 0.0543
MAE/RMSE/ACC: Current Valid: 0.48/0.75/60.02 Ep. 62 | Best Valid: 0.42/0.67/60.02 | Ep. 5
Time elapsed: 21.86 min
Epoch: 063/200 | Batch 0000/0043 | Loss: 0.0550
MAE/RMSE/ACC: Current Valid: 0.50/0.76/60.02 Ep. 63 | Best Valid: 0.42/0.67/60.02 | Ep. 5
Time elapsed: 22.22 min
Epoch: 064/200 | Batch 0000/0043 | Loss: 0.0389
MAE/RMSE/ACC: Current Valid: 0.47/0.74/60.02 Ep. 64 | Best Valid: 0.42/0.67/60.02 | Ep. 5
Time elapsed: 22.57 min
Epoch: 065/200 | Batch 0000/0043 | Loss: 0.0245
MAE/RMSE/ACC: Current Valid: 0.47/0.74/60.02 Ep. 65 | Best Valid: 0.42/0.67/60.02 | Ep. 5
Time elapsed: 22.93 min
Epoch: 066/200 | Batch 0000/0043 | Loss: 0.0259
MAE/RMSE/ACC: Current Valid: 0.47/0.74/60.02 Ep. 66 | Best Valid: 0.42/0.67/60.02 | Ep. 5
Time elapsed: 23.28 min
Epoch: 067/200 | Batch 0000/0043 | Loss: 0.0463
MAE/RMSE/ACC: Current Valid: 0.48/0.74/60.02 Ep. 67 | Best Valid: 0.42/0.67/60.02 | Ep. 5
Time elapsed: 23.64 min
Epoch: 068/200 | Batch 0000/0043 | Loss: 0.0387
MAE/RMSE/ACC: Current Valid: 0.47/0.73/60.02 Ep. 68 | Best Valid: 0.42/0.67/60.02 | Ep. 5
Time elapsed: 23.99 min
Epoch: 069/200 | Batch 0000/0043 | Loss: 0.0276
MAE/RMSE/ACC: Current Valid: 0.50/0.76/60.02 Ep. 69 | Best Valid: 0.42/0.67/60.02 | Ep. 5
Time elapsed: 24.35 min
Epoch: 070/200 | Batch 0000/0043 | Loss: 0.0412
MAE/RMSE/ACC: Current Valid: 0.47/0.74/60.02 Ep. 70 | Best Valid: 0.42/0.67/60.02 | Ep. 5
Time elapsed: 24.70 min
Epoch: 071/200 | Batch 0000/0043 | Loss: 0.0226
MAE/RMSE/ACC: Current Valid: 0.49/0.76/60.02 Ep. 71 | Best Valid: 0.42/0.67/60.02 | Ep. 5
Time elapsed: 25.06 min
Epoch: 072/200 | Batch 0000/0043 | Loss: 0.0549
MAE/RMSE/ACC: Current Valid: 0.49/0.75/60.02 Ep. 72 | Best Valid: 0.42/0.67/60.02 | Ep. 5
Time elapsed: 25.41 min
Epoch: 073/200 | Batch 0000/0043 | Loss: 0.0166
MAE/RMSE/ACC: Current Valid: 0.46/0.73/60.02 Ep. 73 | Best Valid: 0.42/0.67/60.02 | Ep. 5
Time elapsed: 25.77 min
Epoch: 074/200 | Batch 0000/0043 | Loss: 0.0208
MAE/RMSE/ACC: Current Valid: 0.50/0.76/60.02 Ep. 74 | Best Valid: 0.42/0.67/60.02 | Ep. 5
Time elapsed: 26.13 min
Epoch: 075/200 | Batch 0000/0043 | Loss: 0.0099
MAE/RMSE/ACC: Current Valid: 0.47/0.74/60.02 Ep. 75 | Best Valid: 0.42/0.67/60.02 | Ep. 5
Time elapsed: 26.48 min
Epoch: 076/200 | Batch 0000/0043 | Loss: 0.0313
MAE/RMSE/ACC: Current Valid: 0.48/0.74/60.02 Ep. 76 | Best Valid: 0.42/0.67/60.02 | Ep. 5
Time elapsed: 26.84 min
Epoch: 077/200 | Batch 0000/0043 | Loss: 0.0455
MAE/RMSE/ACC: Current Valid: 0.46/0.72/60.02 Ep. 77 | Best Valid: 0.42/0.67/60.02 | Ep. 5
Time elapsed: 27.19 min
Epoch: 078/200 | Batch 0000/0043 | Loss: 0.0089
MAE/RMSE/ACC: Current Valid: 0.49/0.75/60.02 Ep. 78 | Best Valid: 0.42/0.67/60.02 | Ep. 5
Time elapsed: 27.55 min
Epoch: 079/200 | Batch 0000/0043 | Loss: 0.0170
MAE/RMSE/ACC: Current Valid: 0.48/0.75/60.02 Ep. 79 | Best Valid: 0.42/0.67/60.02 | Ep. 5
Time elapsed: 27.90 min
Epoch: 080/200 | Batch 0000/0043 | Loss: 0.0162
MAE/RMSE/ACC: Current Valid: 0.46/0.73/60.02 Ep. 80 | Best Valid: 0.42/0.67/60.02 | Ep. 5
Time elapsed: 28.25 min
Epoch: 081/200 | Batch 0000/0043 | Loss: 0.0209
MAE/RMSE/ACC: Current Valid: 0.46/0.73/60.02 Ep. 81 | Best Valid: 0.42/0.67/60.02 | Ep. 5
Time elapsed: 28.60 min
Epoch: 082/200 | Batch 0000/0043 | Loss: 0.0227
MAE/RMSE/ACC: Current Valid: 0.45/0.71/60.02 Ep. 82 | Best Valid: 0.42/0.67/60.02 | Ep. 5
Time elapsed: 28.96 min
Epoch: 083/200 | Batch 0000/0043 | Loss: 0.0272
MAE/RMSE/ACC: Current Valid: 0.49/0.76/60.02 Ep. 83 | Best Valid: 0.42/0.67/60.02 | Ep. 5
Time elapsed: 29.31 min
Epoch: 084/200 | Batch 0000/0043 | Loss: 0.0417
MAE/RMSE/ACC: Current Valid: 0.48/0.74/60.02 Ep. 84 | Best Valid: 0.42/0.67/60.02 | Ep. 5
Time elapsed: 29.67 min
Epoch: 085/200 | Batch 0000/0043 | Loss: 0.0313
MAE/RMSE/ACC: Current Valid: 0.48/0.74/60.02 Ep. 85 | Best Valid: 0.42/0.67/60.02 | Ep. 5
Time elapsed: 30.02 min
Epoch: 086/200 | Batch 0000/0043 | Loss: 0.0079
MAE/RMSE/ACC: Current Valid: 0.47/0.74/60.02 Ep. 86 | Best Valid: 0.42/0.67/60.02 | Ep. 5
Time elapsed: 30.38 min
Epoch: 087/200 | Batch 0000/0043 | Loss: 0.0292
MAE/RMSE/ACC: Current Valid: 0.50/0.76/60.02 Ep. 87 | Best Valid: 0.42/0.67/60.02 | Ep. 5
Time elapsed: 30.73 min
Epoch: 088/200 | Batch 0000/0043 | Loss: 0.0196
MAE/RMSE/ACC: Current Valid: 0.48/0.75/60.02 Ep. 88 | Best Valid: 0.42/0.67/60.02 | Ep. 5
Time elapsed: 31.08 min
Epoch: 089/200 | Batch 0000/0043 | Loss: 0.0106
MAE/RMSE/ACC: Current Valid: 0.48/0.74/60.02 Ep. 89 | Best Valid: 0.42/0.67/60.02 | Ep. 5
Time elapsed: 31.44 min
Epoch: 090/200 | Batch 0000/0043 | Loss: 0.0352
MAE/RMSE/ACC: Current Valid: 0.48/0.75/60.02 Ep. 90 | Best Valid: 0.42/0.67/60.02 | Ep. 5
Time elapsed: 31.79 min
Epoch: 091/200 | Batch 0000/0043 | Loss: 0.0510
MAE/RMSE/ACC: Current Valid: 0.47/0.74/60.02 Ep. 91 | Best Valid: 0.42/0.67/60.02 | Ep. 5
Time elapsed: 32.15 min
Epoch: 092/200 | Batch 0000/0043 | Loss: 0.0508
MAE/RMSE/ACC: Current Valid: 0.47/0.74/60.02 Ep. 92 | Best Valid: 0.42/0.67/60.02 | Ep. 5
Time elapsed: 32.50 min
Epoch: 093/200 | Batch 0000/0043 | Loss: 0.0213
MAE/RMSE/ACC: Current Valid: 0.48/0.74/60.02 Ep. 93 | Best Valid: 0.42/0.67/60.02 | Ep. 5
Time elapsed: 32.85 min
Epoch: 094/200 | Batch 0000/0043 | Loss: 0.0109
MAE/RMSE/ACC: Current Valid: 0.49/0.75/60.02 Ep. 94 | Best Valid: 0.42/0.67/60.02 | Ep. 5
Time elapsed: 33.21 min
Epoch: 095/200 | Batch 0000/0043 | Loss: 0.0349
MAE/RMSE/ACC: Current Valid: 0.48/0.75/60.02 Ep. 95 | Best Valid: 0.42/0.67/60.02 | Ep. 5
Time elapsed: 33.57 min
Epoch: 096/200 | Batch 0000/0043 | Loss: 0.0388
MAE/RMSE/ACC: Current Valid: 0.48/0.74/60.02 Ep. 96 | Best Valid: 0.42/0.67/60.02 | Ep. 5
Time elapsed: 33.92 min
Epoch: 097/200 | Batch 0000/0043 | Loss: 0.0227
MAE/RMSE/ACC: Current Valid: 0.47/0.74/60.02 Ep. 97 | Best Valid: 0.42/0.67/60.02 | Ep. 5
Time elapsed: 34.27 min
Epoch: 098/200 | Batch 0000/0043 | Loss: 0.0261
MAE/RMSE/ACC: Current Valid: 0.48/0.74/60.02 Ep. 98 | Best Valid: 0.42/0.67/60.02 | Ep. 5
Time elapsed: 34.63 min
Epoch: 099/200 | Batch 0000/0043 | Loss: 0.0355
MAE/RMSE/ACC: Current Valid: 0.50/0.76/60.02 Ep. 99 | Best Valid: 0.42/0.67/60.02 | Ep. 5
Time elapsed: 34.98 min
Epoch: 100/200 | Batch 0000/0043 | Loss: 0.0137
MAE/RMSE/ACC: Current Valid: 0.48/0.75/60.02 Ep. 100 | Best Valid: 0.42/0.67/60.02 | Ep. 5
Time elapsed: 35.34 min
Epoch: 101/200 | Batch 0000/0043 | Loss: 0.0308
MAE/RMSE/ACC: Current Valid: 0.48/0.74/60.02 Ep. 101 | Best Valid: 0.42/0.67/60.02 | Ep. 5
Time elapsed: 35.69 min
Epoch: 102/200 | Batch 0000/0043 | Loss: 0.0270
MAE/RMSE/ACC: Current Valid: 0.48/0.75/60.02 Ep. 102 | Best Valid: 0.42/0.67/60.02 | Ep. 5
Time elapsed: 36.04 min
Epoch: 103/200 | Batch 0000/0043 | Loss: 0.0151
MAE/RMSE/ACC: Current Valid: 0.47/0.74/60.02 Ep. 103 | Best Valid: 0.42/0.67/60.02 | Ep. 5
Time elapsed: 36.40 min
Epoch: 104/200 | Batch 0000/0043 | Loss: 0.0078
MAE/RMSE/ACC: Current Valid: 0.50/0.76/60.02 Ep. 104 | Best Valid: 0.42/0.67/60.02 | Ep. 5
Time elapsed: 36.76 min
Epoch: 105/200 | Batch 0000/0043 | Loss: 0.0415
MAE/RMSE/ACC: Current Valid: 0.51/0.77/60.02 Ep. 105 | Best Valid: 0.42/0.67/60.02 | Ep. 5
Time elapsed: 37.11 min
Epoch: 106/200 | Batch 0000/0043 | Loss: 0.0209
MAE/RMSE/ACC: Current Valid: 0.50/0.75/60.02 Ep. 106 | Best Valid: 0.42/0.67/60.02 | Ep. 5
Time elapsed: 37.47 min
Epoch: 107/200 | Batch 0000/0043 | Loss: 0.0126
MAE/RMSE/ACC: Current Valid: 0.47/0.73/60.02 Ep. 107 | Best Valid: 0.42/0.67/60.02 | Ep. 5
Time elapsed: 37.82 min
Epoch: 108/200 | Batch 0000/0043 | Loss: 0.0121
MAE/RMSE/ACC: Current Valid: 0.47/0.73/60.02 Ep. 108 | Best Valid: 0.42/0.67/60.02 | Ep. 5
Time elapsed: 38.17 min
Epoch: 109/200 | Batch 0000/0043 | Loss: 0.0033
MAE/RMSE/ACC: Current Valid: 0.50/0.77/60.02 Ep. 109 | Best Valid: 0.42/0.67/60.02 | Ep. 5
Time elapsed: 38.53 min
Epoch: 110/200 | Batch 0000/0043 | Loss: 0.0414
MAE/RMSE/ACC: Current Valid: 0.48/0.74/60.02 Ep. 110 | Best Valid: 0.42/0.67/60.02 | Ep. 5
Time elapsed: 38.88 min
Epoch: 111/200 | Batch 0000/0043 | Loss: 0.0197
MAE/RMSE/ACC: Current Valid: 0.48/0.75/60.02 Ep. 111 | Best Valid: 0.42/0.67/60.02 | Ep. 5
Time elapsed: 39.24 min
Epoch: 112/200 | Batch 0000/0043 | Loss: 0.0314
MAE/RMSE/ACC: Current Valid: 0.48/0.75/60.02 Ep. 112 | Best Valid: 0.42/0.67/60.02 | Ep. 5
Time elapsed: 39.59 min
Epoch: 113/200 | Batch 0000/0043 | Loss: 0.0220
MAE/RMSE/ACC: Current Valid: 0.49/0.75/60.02 Ep. 113 | Best Valid: 0.42/0.67/60.02 | Ep. 5
Time elapsed: 39.95 min
Epoch: 114/200 | Batch 0000/0043 | Loss: 0.0377
MAE/RMSE/ACC: Current Valid: 0.47/0.73/60.02 Ep. 114 | Best Valid: 0.42/0.67/60.02 | Ep. 5
Time elapsed: 40.30 min
Epoch: 115/200 | Batch 0000/0043 | Loss: 0.0288
MAE/RMSE/ACC: Current Valid: 0.50/0.76/60.02 Ep. 115 | Best Valid: 0.42/0.67/60.02 | Ep. 5
Time elapsed: 40.65 min
Epoch: 116/200 | Batch 0000/0043 | Loss: 0.0122
MAE/RMSE/ACC: Current Valid: 0.47/0.74/60.02 Ep. 116 | Best Valid: 0.42/0.67/60.02 | Ep. 5
Time elapsed: 41.01 min
Epoch: 117/200 | Batch 0000/0043 | Loss: 0.0108
MAE/RMSE/ACC: Current Valid: 0.48/0.74/60.02 Ep. 117 | Best Valid: 0.42/0.67/60.02 | Ep. 5
Time elapsed: 41.36 min
Epoch: 118/200 | Batch 0000/0043 | Loss: 0.0501
MAE/RMSE/ACC: Current Valid: 0.48/0.75/60.02 Ep. 118 | Best Valid: 0.42/0.67/60.02 | Ep. 5
Time elapsed: 41.72 min
Epoch: 119/200 | Batch 0000/0043 | Loss: 0.0141
MAE/RMSE/ACC: Current Valid: 0.48/0.74/60.02 Ep. 119 | Best Valid: 0.42/0.67/60.02 | Ep. 5
Time elapsed: 42.07 min
Epoch: 120/200 | Batch 0000/0043 | Loss: 0.0264
MAE/RMSE/ACC: Current Valid: 0.51/0.78/60.02 Ep. 120 | Best Valid: 0.42/0.67/60.02 | Ep. 5
Time elapsed: 42.43 min
Epoch: 121/200 | Batch 0000/0043 | Loss: 0.0125
MAE/RMSE/ACC: Current Valid: 0.49/0.75/60.02 Ep. 121 | Best Valid: 0.42/0.67/60.02 | Ep. 5
Time elapsed: 42.78 min
Epoch: 122/200 | Batch 0000/0043 | Loss: 0.0353
MAE/RMSE/ACC: Current Valid: 0.46/0.73/60.02 Ep. 122 | Best Valid: 0.42/0.67/60.02 | Ep. 5
Time elapsed: 43.14 min
Epoch: 123/200 | Batch 0000/0043 | Loss: 0.0204
MAE/RMSE/ACC: Current Valid: 0.50/0.76/60.02 Ep. 123 | Best Valid: 0.42/0.67/60.02 | Ep. 5
Time elapsed: 43.49 min
Epoch: 124/200 | Batch 0000/0043 | Loss: 0.0206
MAE/RMSE/ACC: Current Valid: 0.48/0.75/60.02 Ep. 124 | Best Valid: 0.42/0.67/60.02 | Ep. 5
Time elapsed: 43.85 min
Epoch: 125/200 | Batch 0000/0043 | Loss: 0.0294
MAE/RMSE/ACC: Current Valid: 0.49/0.76/60.02 Ep. 125 | Best Valid: 0.42/0.67/60.02 | Ep. 5
Time elapsed: 44.20 min
Epoch: 126/200 | Batch 0000/0043 | Loss: 0.0160
MAE/RMSE/ACC: Current Valid: 0.48/0.75/60.02 Ep. 126 | Best Valid: 0.42/0.67/60.02 | Ep. 5
Time elapsed: 44.56 min
Epoch: 127/200 | Batch 0000/0043 | Loss: 0.0103
MAE/RMSE/ACC: Current Valid: 0.48/0.74/60.02 Ep. 127 | Best Valid: 0.42/0.67/60.02 | Ep. 5
Time elapsed: 44.92 min
Epoch: 128/200 | Batch 0000/0043 | Loss: 0.0306
MAE/RMSE/ACC: Current Valid: 0.49/0.75/60.02 Ep. 128 | Best Valid: 0.42/0.67/60.02 | Ep. 5
Time elapsed: 45.27 min
Epoch: 129/200 | Batch 0000/0043 | Loss: 0.0098
MAE/RMSE/ACC: Current Valid: 0.50/0.76/60.02 Ep. 129 | Best Valid: 0.42/0.67/60.02 | Ep. 5
Time elapsed: 45.63 min
Epoch: 130/200 | Batch 0000/0043 | Loss: 0.0099
MAE/RMSE/ACC: Current Valid: 0.50/0.76/60.02 Ep. 130 | Best Valid: 0.42/0.67/60.02 | Ep. 5
Time elapsed: 45.98 min
Epoch: 131/200 | Batch 0000/0043 | Loss: 0.0166
MAE/RMSE/ACC: Current Valid: 0.49/0.76/60.02 Ep. 131 | Best Valid: 0.42/0.67/60.02 | Ep. 5
Time elapsed: 46.33 min
Epoch: 132/200 | Batch 0000/0043 | Loss: 0.0301
MAE/RMSE/ACC: Current Valid: 0.48/0.74/60.02 Ep. 132 | Best Valid: 0.42/0.67/60.02 | Ep. 5
Time elapsed: 46.69 min
Epoch: 133/200 | Batch 0000/0043 | Loss: 0.0382
MAE/RMSE/ACC: Current Valid: 0.49/0.75/60.02 Ep. 133 | Best Valid: 0.42/0.67/60.02 | Ep. 5
Time elapsed: 47.05 min
Epoch: 134/200 | Batch 0000/0043 | Loss: 0.0079
MAE/RMSE/ACC: Current Valid: 0.49/0.76/60.02 Ep. 134 | Best Valid: 0.42/0.67/60.02 | Ep. 5
Time elapsed: 47.40 min
Epoch: 135/200 | Batch 0000/0043 | Loss: 0.0305
MAE/RMSE/ACC: Current Valid: 0.50/0.76/60.02 Ep. 135 | Best Valid: 0.42/0.67/60.02 | Ep. 5
Time elapsed: 47.76 min
Epoch: 136/200 | Batch 0000/0043 | Loss: 0.0255
MAE/RMSE/ACC: Current Valid: 0.49/0.76/60.02 Ep. 136 | Best Valid: 0.42/0.67/60.02 | Ep. 5
Time elapsed: 48.11 min
Epoch: 137/200 | Batch 0000/0043 | Loss: 0.0057
MAE/RMSE/ACC: Current Valid: 0.49/0.76/60.02 Ep. 137 | Best Valid: 0.42/0.67/60.02 | Ep. 5
Time elapsed: 48.47 min
Epoch: 138/200 | Batch 0000/0043 | Loss: 0.0352
MAE/RMSE/ACC: Current Valid: 0.48/0.75/60.02 Ep. 138 | Best Valid: 0.42/0.67/60.02 | Ep. 5
Time elapsed: 48.83 min
Epoch: 139/200 | Batch 0000/0043 | Loss: 0.0414
MAE/RMSE/ACC: Current Valid: 0.50/0.76/60.02 Ep. 139 | Best Valid: 0.42/0.67/60.02 | Ep. 5
Time elapsed: 49.18 min
Epoch: 140/200 | Batch 0000/0043 | Loss: 0.0175
MAE/RMSE/ACC: Current Valid: 0.49/0.75/60.02 Ep. 140 | Best Valid: 0.42/0.67/60.02 | Ep. 5
Time elapsed: 49.54 min
Epoch: 141/200 | Batch 0000/0043 | Loss: 0.0164
MAE/RMSE/ACC: Current Valid: 0.49/0.76/60.02 Ep. 141 | Best Valid: 0.42/0.67/60.02 | Ep. 5
Time elapsed: 49.89 min
Epoch: 142/200 | Batch 0000/0043 | Loss: 0.0126
MAE/RMSE/ACC: Current Valid: 0.48/0.75/60.02 Ep. 142 | Best Valid: 0.42/0.67/60.02 | Ep. 5
Time elapsed: 50.25 min
Epoch: 143/200 | Batch 0000/0043 | Loss: 0.0151
MAE/RMSE/ACC: Current Valid: 0.50/0.76/60.02 Ep. 143 | Best Valid: 0.42/0.67/60.02 | Ep. 5
Time elapsed: 50.60 min
Epoch: 144/200 | Batch 0000/0043 | Loss: 0.0438
MAE/RMSE/ACC: Current Valid: 0.51/0.76/60.02 Ep. 144 | Best Valid: 0.42/0.67/60.02 | Ep. 5
Time elapsed: 50.95 min
Epoch: 145/200 | Batch 0000/0043 | Loss: 0.0426
MAE/RMSE/ACC: Current Valid: 0.49/0.75/60.02 Ep. 145 | Best Valid: 0.42/0.67/60.02 | Ep. 5
Time elapsed: 51.31 min
Epoch: 146/200 | Batch 0000/0043 | Loss: 0.0025
MAE/RMSE/ACC: Current Valid: 0.48/0.74/60.02 Ep. 146 | Best Valid: 0.42/0.67/60.02 | Ep. 5
Time elapsed: 51.67 min
Epoch: 147/200 | Batch 0000/0043 | Loss: 0.0191
MAE/RMSE/ACC: Current Valid: 0.48/0.74/60.02 Ep. 147 | Best Valid: 0.42/0.67/60.02 | Ep. 5
Time elapsed: 52.02 min
Epoch: 148/200 | Batch 0000/0043 | Loss: 0.0133
MAE/RMSE/ACC: Current Valid: 0.48/0.75/60.02 Ep. 148 | Best Valid: 0.42/0.67/60.02 | Ep. 5
Time elapsed: 52.38 min
Epoch: 149/200 | Batch 0000/0043 | Loss: 0.0019
MAE/RMSE/ACC: Current Valid: 0.49/0.76/60.02 Ep. 149 | Best Valid: 0.42/0.67/60.02 | Ep. 5
Time elapsed: 52.73 min
Epoch: 150/200 | Batch 0000/0043 | Loss: 0.0309
MAE/RMSE/ACC: Current Valid: 0.48/0.74/60.02 Ep. 150 | Best Valid: 0.42/0.67/60.02 | Ep. 5
Time elapsed: 53.09 min
Epoch: 151/200 | Batch 0000/0043 | Loss: 0.0156
MAE/RMSE/ACC: Current Valid: 0.47/0.73/60.02 Ep. 151 | Best Valid: 0.42/0.67/60.02 | Ep. 5
Time elapsed: 53.44 min
Epoch: 152/200 | Batch 0000/0043 | Loss: 0.0276
MAE/RMSE/ACC: Current Valid: 0.48/0.74/60.02 Ep. 152 | Best Valid: 0.42/0.67/60.02 | Ep. 5
Time elapsed: 53.80 min
Epoch: 153/200 | Batch 0000/0043 | Loss: 0.0018
MAE/RMSE/ACC: Current Valid: 0.45/0.72/60.02 Ep. 153 | Best Valid: 0.42/0.67/60.02 | Ep. 5
Time elapsed: 54.16 min
Epoch: 154/200 | Batch 0000/0043 | Loss: 0.0063
MAE/RMSE/ACC: Current Valid: 0.49/0.75/60.02 Ep. 154 | Best Valid: 0.42/0.67/60.02 | Ep. 5
Time elapsed: 54.51 min
Epoch: 155/200 | Batch 0000/0043 | Loss: 0.0442
MAE/RMSE/ACC: Current Valid: 0.48/0.75/60.02 Ep. 155 | Best Valid: 0.42/0.67/60.02 | Ep. 5
Time elapsed: 54.86 min
Epoch: 156/200 | Batch 0000/0043 | Loss: 0.0197
MAE/RMSE/ACC: Current Valid: 0.49/0.76/60.02 Ep. 156 | Best Valid: 0.42/0.67/60.02 | Ep. 5
Time elapsed: 55.22 min
Epoch: 157/200 | Batch 0000/0043 | Loss: 0.0075
MAE/RMSE/ACC: Current Valid: 0.49/0.76/60.02 Ep. 157 | Best Valid: 0.42/0.67/60.02 | Ep. 5
Time elapsed: 55.57 min
Epoch: 158/200 | Batch 0000/0043 | Loss: 0.0339
MAE/RMSE/ACC: Current Valid: 0.46/0.73/60.02 Ep. 158 | Best Valid: 0.42/0.67/60.02 | Ep. 5
Time elapsed: 55.93 min
Epoch: 159/200 | Batch 0000/0043 | Loss: 0.0165
MAE/RMSE/ACC: Current Valid: 0.47/0.74/60.02 Ep. 159 | Best Valid: 0.42/0.67/60.02 | Ep. 5
Time elapsed: 56.28 min
Epoch: 160/200 | Batch 0000/0043 | Loss: 0.0225
MAE/RMSE/ACC: Current Valid: 0.48/0.75/60.02 Ep. 160 | Best Valid: 0.42/0.67/60.02 | Ep. 5
Time elapsed: 56.64 min
Epoch: 161/200 | Batch 0000/0043 | Loss: 0.0304
MAE/RMSE/ACC: Current Valid: 0.50/0.77/60.02 Ep. 161 | Best Valid: 0.42/0.67/60.02 | Ep. 5
Time elapsed: 56.99 min
Epoch: 162/200 | Batch 0000/0043 | Loss: 0.0103
MAE/RMSE/ACC: Current Valid: 0.51/0.78/60.02 Ep. 162 | Best Valid: 0.42/0.67/60.02 | Ep. 5
Time elapsed: 57.34 min
Epoch: 163/200 | Batch 0000/0043 | Loss: 0.0267
MAE/RMSE/ACC: Current Valid: 0.50/0.77/60.02 Ep. 163 | Best Valid: 0.42/0.67/60.02 | Ep. 5
Time elapsed: 57.70 min
Epoch: 164/200 | Batch 0000/0043 | Loss: 0.0064
MAE/RMSE/ACC: Current Valid: 0.49/0.76/60.02 Ep. 164 | Best Valid: 0.42/0.67/60.02 | Ep. 5
Time elapsed: 58.05 min
Epoch: 165/200 | Batch 0000/0043 | Loss: 0.0080
MAE/RMSE/ACC: Current Valid: 0.48/0.75/60.02 Ep. 165 | Best Valid: 0.42/0.67/60.02 | Ep. 5
Time elapsed: 58.41 min
Epoch: 166/200 | Batch 0000/0043 | Loss: 0.0031
MAE/RMSE/ACC: Current Valid: 0.50/0.77/60.02 Ep. 166 | Best Valid: 0.42/0.67/60.02 | Ep. 5
Time elapsed: 58.76 min
Epoch: 167/200 | Batch 0000/0043 | Loss: 0.0401
MAE/RMSE/ACC: Current Valid: 0.48/0.75/60.02 Ep. 167 | Best Valid: 0.42/0.67/60.02 | Ep. 5
Time elapsed: 59.11 min
Epoch: 168/200 | Batch 0000/0043 | Loss: 0.0157
MAE/RMSE/ACC: Current Valid: 0.49/0.76/60.02 Ep. 168 | Best Valid: 0.42/0.67/60.02 | Ep. 5
Time elapsed: 59.47 min
Epoch: 169/200 | Batch 0000/0043 | Loss: 0.0035
MAE/RMSE/ACC: Current Valid: 0.49/0.76/60.02 Ep. 169 | Best Valid: 0.42/0.67/60.02 | Ep. 5
Time elapsed: 59.83 min
Epoch: 170/200 | Batch 0000/0043 | Loss: 0.0130
MAE/RMSE/ACC: Current Valid: 0.49/0.75/60.02 Ep. 170 | Best Valid: 0.42/0.67/60.02 | Ep. 5
Time elapsed: 60.18 min
Epoch: 171/200 | Batch 0000/0043 | Loss: 0.0139
MAE/RMSE/ACC: Current Valid: 0.49/0.75/60.02 Ep. 171 | Best Valid: 0.42/0.67/60.02 | Ep. 5
Time elapsed: 60.54 min
Epoch: 172/200 | Batch 0000/0043 | Loss: 0.0190
MAE/RMSE/ACC: Current Valid: 0.47/0.74/60.02 Ep. 172 | Best Valid: 0.42/0.67/60.02 | Ep. 5
Time elapsed: 60.89 min
Epoch: 173/200 | Batch 0000/0043 | Loss: 0.0040
MAE/RMSE/ACC: Current Valid: 0.50/0.76/60.02 Ep. 173 | Best Valid: 0.42/0.67/60.02 | Ep. 5
Time elapsed: 61.25 min
Epoch: 174/200 | Batch 0000/0043 | Loss: 0.0147
MAE/RMSE/ACC: Current Valid: 0.48/0.75/60.02 Ep. 174 | Best Valid: 0.42/0.67/60.02 | Ep. 5
Time elapsed: 61.60 min
Epoch: 175/200 | Batch 0000/0043 | Loss: 0.0498
MAE/RMSE/ACC: Current Valid: 0.50/0.76/60.02 Ep. 175 | Best Valid: 0.42/0.67/60.02 | Ep. 5
Time elapsed: 61.96 min
Epoch: 176/200 | Batch 0000/0043 | Loss: 0.0114
MAE/RMSE/ACC: Current Valid: 0.49/0.76/60.02 Ep. 176 | Best Valid: 0.42/0.67/60.02 | Ep. 5
Time elapsed: 62.31 min
Epoch: 177/200 | Batch 0000/0043 | Loss: 0.0811
MAE/RMSE/ACC: Current Valid: 0.50/0.76/60.02 Ep. 177 | Best Valid: 0.42/0.67/60.02 | Ep. 5
Time elapsed: 62.66 min
Epoch: 178/200 | Batch 0000/0043 | Loss: 0.0127
MAE/RMSE/ACC: Current Valid: 0.49/0.76/60.02 Ep. 178 | Best Valid: 0.42/0.67/60.02 | Ep. 5
Time elapsed: 63.02 min
Epoch: 179/200 | Batch 0000/0043 | Loss: 0.0042
MAE/RMSE/ACC: Current Valid: 0.52/0.79/60.02 Ep. 179 | Best Valid: 0.42/0.67/60.02 | Ep. 5
Time elapsed: 63.37 min
Epoch: 180/200 | Batch 0000/0043 | Loss: 0.0024
MAE/RMSE/ACC: Current Valid: 0.49/0.75/60.02 Ep. 180 | Best Valid: 0.42/0.67/60.02 | Ep. 5
Time elapsed: 63.73 min
Epoch: 181/200 | Batch 0000/0043 | Loss: 0.0081
MAE/RMSE/ACC: Current Valid: 0.49/0.75/60.02 Ep. 181 | Best Valid: 0.42/0.67/60.02 | Ep. 5
Time elapsed: 64.08 min
Epoch: 182/200 | Batch 0000/0043 | Loss: 0.0098
MAE/RMSE/ACC: Current Valid: 0.48/0.74/60.02 Ep. 182 | Best Valid: 0.42/0.67/60.02 | Ep. 5
Time elapsed: 64.44 min
Epoch: 183/200 | Batch 0000/0043 | Loss: 0.0169
MAE/RMSE/ACC: Current Valid: 0.49/0.76/60.02 Ep. 183 | Best Valid: 0.42/0.67/60.02 | Ep. 5
Time elapsed: 64.79 min
Epoch: 184/200 | Batch 0000/0043 | Loss: 0.0115
MAE/RMSE/ACC: Current Valid: 0.50/0.76/60.02 Ep. 184 | Best Valid: 0.42/0.67/60.02 | Ep. 5
Time elapsed: 65.14 min
Epoch: 185/200 | Batch 0000/0043 | Loss: 0.0121
MAE/RMSE/ACC: Current Valid: 0.49/0.76/60.02 Ep. 185 | Best Valid: 0.42/0.67/60.02 | Ep. 5
Time elapsed: 65.50 min
Epoch: 186/200 | Batch 0000/0043 | Loss: 0.0014
MAE/RMSE/ACC: Current Valid: 0.50/0.76/60.02 Ep. 186 | Best Valid: 0.42/0.67/60.02 | Ep. 5
Time elapsed: 65.85 min
Epoch: 187/200 | Batch 0000/0043 | Loss: 0.0102
MAE/RMSE/ACC: Current Valid: 0.49/0.75/60.02 Ep. 187 | Best Valid: 0.42/0.67/60.02 | Ep. 5
Time elapsed: 66.21 min
Epoch: 188/200 | Batch 0000/0043 | Loss: 0.0111
MAE/RMSE/ACC: Current Valid: 0.51/0.77/60.02 Ep. 188 | Best Valid: 0.42/0.67/60.02 | Ep. 5
Time elapsed: 66.57 min
Epoch: 189/200 | Batch 0000/0043 | Loss: 0.0124
MAE/RMSE/ACC: Current Valid: 0.48/0.73/60.02 Ep. 189 | Best Valid: 0.42/0.67/60.02 | Ep. 5
Time elapsed: 66.92 min
Epoch: 190/200 | Batch 0000/0043 | Loss: 0.0270
MAE/RMSE/ACC: Current Valid: 0.49/0.75/60.02 Ep. 190 | Best Valid: 0.42/0.67/60.02 | Ep. 5
Time elapsed: 67.28 min
Epoch: 191/200 | Batch 0000/0043 | Loss: 0.0030
MAE/RMSE/ACC: Current Valid: 0.47/0.73/60.02 Ep. 191 | Best Valid: 0.42/0.67/60.02 | Ep. 5
Time elapsed: 67.63 min
Epoch: 192/200 | Batch 0000/0043 | Loss: 0.0062
MAE/RMSE/ACC: Current Valid: 0.46/0.72/60.02 Ep. 192 | Best Valid: 0.42/0.67/60.02 | Ep. 5
Time elapsed: 67.98 min
Epoch: 193/200 | Batch 0000/0043 | Loss: 0.0177
MAE/RMSE/ACC: Current Valid: 0.51/0.77/60.02 Ep. 193 | Best Valid: 0.42/0.67/60.02 | Ep. 5
Time elapsed: 68.34 min
Epoch: 194/200 | Batch 0000/0043 | Loss: 0.0118
MAE/RMSE/ACC: Current Valid: 0.47/0.73/60.02 Ep. 194 | Best Valid: 0.42/0.67/60.02 | Ep. 5
Time elapsed: 68.69 min
Epoch: 195/200 | Batch 0000/0043 | Loss: 0.0131
MAE/RMSE/ACC: Current Valid: 0.49/0.75/60.02 Ep. 195 | Best Valid: 0.42/0.67/60.02 | Ep. 5
Time elapsed: 69.04 min
Epoch: 196/200 | Batch 0000/0043 | Loss: 0.0177
MAE/RMSE/ACC: Current Valid: 0.48/0.74/60.02 Ep. 196 | Best Valid: 0.42/0.67/60.02 | Ep. 5
Time elapsed: 69.39 min
Epoch: 197/200 | Batch 0000/0043 | Loss: 0.0048
MAE/RMSE/ACC: Current Valid: 0.49/0.75/60.02 Ep. 197 | Best Valid: 0.42/0.67/60.02 | Ep. 5
Time elapsed: 69.74 min
Epoch: 198/200 | Batch 0000/0043 | Loss: 0.0103
MAE/RMSE/ACC: Current Valid: 0.48/0.74/60.02 Ep. 198 | Best Valid: 0.42/0.67/60.02 | Ep. 5
Time elapsed: 70.09 min
Epoch: 199/200 | Batch 0000/0043 | Loss: 0.0199
MAE/RMSE/ACC: Current Valid: 0.49/0.75/60.02 Ep. 199 | Best Valid: 0.42/0.67/60.02 | Ep. 5
Time elapsed: 70.43 min
Epoch: 200/200 | Batch 0000/0043 | Loss: 0.0052
MAE/RMSE/ACC: Current Valid: 0.50/0.76/60.02 Ep. 200 | Best Valid: 0.42/0.67/60.02 | Ep. 5
Time elapsed: 70.78 min
MAE/RMSE: | Train: 0.01/0.11 | Valid: 0.50/0.76 | Test: 0.47/0.73
ACC: | Train: 99.19 | Valid: 53.53 | Test: 55.70
Total Running Time: 71.41 min
MAE/RMSE: | Best Train: 0.38/0.64 | Best Valid: 0.42/0.67 | Best Test: 0.43/0.70
ACC: | Best Train: 63.95 | Best Valid: 60.02 | Best Test: 59.74
Total Running Time: 72.04 min
