This script: rnn_coral.py
PyTorch Version: 1.10.1
CUDA device: cuda:2
CUDA version: 11.3
Random seed: 2
Learning rate: 0.005
Epochs: 200
Batch size: 32
Output path: runs/coursera/rnn_coral-imp0-seed2-epochs200-learningrate0.005-batchsize32_best-rmse
Epoch: 001/200 | Batch 0000/0251 | Loss: 2.7419
Epoch: 001/200 | Batch 0050/0251 | Loss: 2.5788
Epoch: 001/200 | Batch 0100/0251 | Loss: 2.5104
Epoch: 001/200 | Batch 0150/0251 | Loss: 2.3215
Epoch: 001/200 | Batch 0200/0251 | Loss: 2.3450
Epoch: 001/200 | Batch 0250/0251 | Loss: 2.3070
MAE/RMSE/ACC: Current Valid: 1.18/1.40/21.03 Ep. 1 | Best Valid: 1.18/1.40/21.03 | Ep. 1
Time elapsed: 0.11 min
Epoch: 002/200 | Batch 0000/0251 | Loss: 2.4221
Epoch: 002/200 | Batch 0050/0251 | Loss: 2.0621
Epoch: 002/200 | Batch 0100/0251 | Loss: 2.1032
Epoch: 002/200 | Batch 0150/0251 | Loss: 2.3027
Epoch: 002/200 | Batch 0200/0251 | Loss: 1.9106
Epoch: 002/200 | Batch 0250/0251 | Loss: 1.9648
MAE/RMSE/ACC: Current Valid: 1.16/1.42/20.89 Ep. 2 | Best Valid: 1.16/1.42/20.89 | Ep. 2
Time elapsed: 0.14 min
Epoch: 003/200 | Batch 0000/0251 | Loss: 1.7869
Epoch: 003/200 | Batch 0050/0251 | Loss: 1.5956
Epoch: 003/200 | Batch 0100/0251 | Loss: 1.8142
Epoch: 003/200 | Batch 0150/0251 | Loss: 1.9114
Epoch: 003/200 | Batch 0200/0251 | Loss: 1.6905
Epoch: 003/200 | Batch 0250/0251 | Loss: 2.2122
MAE/RMSE/ACC: Current Valid: 1.18/1.47/20.89 Ep. 3 | Best Valid: 1.16/1.42/20.89 | Ep. 2
Time elapsed: 0.18 min
Epoch: 004/200 | Batch 0000/0251 | Loss: 1.7013
Epoch: 004/200 | Batch 0050/0251 | Loss: 1.2769
Epoch: 004/200 | Batch 0100/0251 | Loss: 1.5270
Epoch: 004/200 | Batch 0150/0251 | Loss: 1.4035
Epoch: 004/200 | Batch 0200/0251 | Loss: 1.5847
Epoch: 004/200 | Batch 0250/0251 | Loss: 1.6063
MAE/RMSE/ACC: Current Valid: 1.26/1.59/20.89 Ep. 4 | Best Valid: 1.16/1.42/20.89 | Ep. 2
Time elapsed: 0.21 min
Epoch: 005/200 | Batch 0000/0251 | Loss: 1.1177
Epoch: 005/200 | Batch 0050/0251 | Loss: 1.4181
Epoch: 005/200 | Batch 0100/0251 | Loss: 1.3616
Epoch: 005/200 | Batch 0150/0251 | Loss: 2.2322
Epoch: 005/200 | Batch 0200/0251 | Loss: 1.3176
Epoch: 005/200 | Batch 0250/0251 | Loss: 1.5088
MAE/RMSE/ACC: Current Valid: 1.22/1.57/20.89 Ep. 5 | Best Valid: 1.16/1.42/20.89 | Ep. 2
Time elapsed: 0.25 min
Epoch: 006/200 | Batch 0000/0251 | Loss: 1.0163
Epoch: 006/200 | Batch 0050/0251 | Loss: 1.2524
Epoch: 006/200 | Batch 0100/0251 | Loss: 1.0645
Epoch: 006/200 | Batch 0150/0251 | Loss: 1.0904
Epoch: 006/200 | Batch 0200/0251 | Loss: 1.1444
Epoch: 006/200 | Batch 0250/0251 | Loss: 1.4595
MAE/RMSE/ACC: Current Valid: 1.21/1.56/20.89 Ep. 6 | Best Valid: 1.16/1.42/20.89 | Ep. 2
Time elapsed: 0.28 min
Epoch: 007/200 | Batch 0000/0251 | Loss: 0.8837
Epoch: 007/200 | Batch 0050/0251 | Loss: 0.7709
Epoch: 007/200 | Batch 0100/0251 | Loss: 0.9617
Epoch: 007/200 | Batch 0150/0251 | Loss: 1.9722
Epoch: 007/200 | Batch 0200/0251 | Loss: 0.7056
Epoch: 007/200 | Batch 0250/0251 | Loss: 0.9303
MAE/RMSE/ACC: Current Valid: 1.23/1.59/20.89 Ep. 7 | Best Valid: 1.16/1.42/20.89 | Ep. 2
Time elapsed: 0.31 min
Epoch: 008/200 | Batch 0000/0251 | Loss: 0.7038
Epoch: 008/200 | Batch 0050/0251 | Loss: 0.7946
Epoch: 008/200 | Batch 0100/0251 | Loss: 0.7179
Epoch: 008/200 | Batch 0150/0251 | Loss: 0.6748
Epoch: 008/200 | Batch 0200/0251 | Loss: 0.7363
Epoch: 008/200 | Batch 0250/0251 | Loss: 0.9617
MAE/RMSE/ACC: Current Valid: 1.24/1.59/20.89 Ep. 8 | Best Valid: 1.16/1.42/20.89 | Ep. 2
Time elapsed: 0.34 min
Epoch: 009/200 | Batch 0000/0251 | Loss: 0.6176
Epoch: 009/200 | Batch 0050/0251 | Loss: 0.6341
Epoch: 009/200 | Batch 0100/0251 | Loss: 0.5205
Epoch: 009/200 | Batch 0150/0251 | Loss: 0.8448
Epoch: 009/200 | Batch 0200/0251 | Loss: 0.5587
Epoch: 009/200 | Batch 0250/0251 | Loss: 0.6238
MAE/RMSE/ACC: Current Valid: 1.23/1.61/20.89 Ep. 9 | Best Valid: 1.16/1.42/20.89 | Ep. 2
Time elapsed: 0.37 min
Epoch: 010/200 | Batch 0000/0251 | Loss: 0.6462
Epoch: 010/200 | Batch 0050/0251 | Loss: 0.4845
Epoch: 010/200 | Batch 0100/0251 | Loss: 0.5880
Epoch: 010/200 | Batch 0150/0251 | Loss: 0.5954
Epoch: 010/200 | Batch 0200/0251 | Loss: 0.4554
Epoch: 010/200 | Batch 0250/0251 | Loss: 0.5897
MAE/RMSE/ACC: Current Valid: 1.23/1.59/20.89 Ep. 10 | Best Valid: 1.16/1.42/20.89 | Ep. 2
Time elapsed: 0.40 min
Epoch: 011/200 | Batch 0000/0251 | Loss: 0.4889
Epoch: 011/200 | Batch 0050/0251 | Loss: 0.4124
Epoch: 011/200 | Batch 0100/0251 | Loss: 0.4095
Epoch: 011/200 | Batch 0150/0251 | Loss: 0.7316
Epoch: 011/200 | Batch 0200/0251 | Loss: 0.6409
Epoch: 011/200 | Batch 0250/0251 | Loss: 0.5180
MAE/RMSE/ACC: Current Valid: 1.24/1.61/20.89 Ep. 11 | Best Valid: 1.16/1.42/20.89 | Ep. 2
Time elapsed: 0.43 min
Epoch: 012/200 | Batch 0000/0251 | Loss: 0.3125
Epoch: 012/200 | Batch 0050/0251 | Loss: 0.4041
Epoch: 012/200 | Batch 0100/0251 | Loss: 0.4433
Epoch: 012/200 | Batch 0150/0251 | Loss: 0.5708
Epoch: 012/200 | Batch 0200/0251 | Loss: 0.8750
Epoch: 012/200 | Batch 0250/0251 | Loss: 0.8850
MAE/RMSE/ACC: Current Valid: 1.22/1.58/20.89 Ep. 12 | Best Valid: 1.16/1.42/20.89 | Ep. 2
Time elapsed: 0.46 min
Epoch: 013/200 | Batch 0000/0251 | Loss: 0.5167
Epoch: 013/200 | Batch 0050/0251 | Loss: 0.4188
Epoch: 013/200 | Batch 0100/0251 | Loss: 0.3588
Epoch: 013/200 | Batch 0150/0251 | Loss: 0.6098
Epoch: 013/200 | Batch 0200/0251 | Loss: 0.3276
Epoch: 013/200 | Batch 0250/0251 | Loss: 1.3242
MAE/RMSE/ACC: Current Valid: 1.24/1.60/20.89 Ep. 13 | Best Valid: 1.16/1.42/20.89 | Ep. 2
Time elapsed: 0.50 min
Epoch: 014/200 | Batch 0000/0251 | Loss: 0.4258
Epoch: 014/200 | Batch 0050/0251 | Loss: 0.3077
Epoch: 014/200 | Batch 0100/0251 | Loss: 0.5080
Epoch: 014/200 | Batch 0150/0251 | Loss: 0.3712
Epoch: 014/200 | Batch 0200/0251 | Loss: 0.2857
Epoch: 014/200 | Batch 0250/0251 | Loss: 0.4607
MAE/RMSE/ACC: Current Valid: 1.27/1.63/20.89 Ep. 14 | Best Valid: 1.16/1.42/20.89 | Ep. 2
Time elapsed: 0.53 min
Epoch: 015/200 | Batch 0000/0251 | Loss: 0.4069
Epoch: 015/200 | Batch 0050/0251 | Loss: 0.3567
Epoch: 015/200 | Batch 0100/0251 | Loss: 0.3681
Epoch: 015/200 | Batch 0150/0251 | Loss: 0.3035
Epoch: 015/200 | Batch 0200/0251 | Loss: 0.4251
Epoch: 015/200 | Batch 0250/0251 | Loss: 0.5219
MAE/RMSE/ACC: Current Valid: 1.26/1.60/20.89 Ep. 15 | Best Valid: 1.16/1.42/20.89 | Ep. 2
Time elapsed: 0.56 min
Epoch: 016/200 | Batch 0000/0251 | Loss: 0.3263
Epoch: 016/200 | Batch 0050/0251 | Loss: 0.3162
Epoch: 016/200 | Batch 0100/0251 | Loss: 0.3027
Epoch: 016/200 | Batch 0150/0251 | Loss: 0.5153
Epoch: 016/200 | Batch 0200/0251 | Loss: 0.4015
Epoch: 016/200 | Batch 0250/0251 | Loss: 0.4796
MAE/RMSE/ACC: Current Valid: 1.25/1.61/20.89 Ep. 16 | Best Valid: 1.16/1.42/20.89 | Ep. 2
Time elapsed: 0.59 min
Epoch: 017/200 | Batch 0000/0251 | Loss: 0.4216
Epoch: 017/200 | Batch 0050/0251 | Loss: 0.4648
Epoch: 017/200 | Batch 0100/0251 | Loss: 0.3320
Epoch: 017/200 | Batch 0150/0251 | Loss: 0.2681
Epoch: 017/200 | Batch 0200/0251 | Loss: 0.6253
Epoch: 017/200 | Batch 0250/0251 | Loss: 0.5210
MAE/RMSE/ACC: Current Valid: 1.22/1.57/20.89 Ep. 17 | Best Valid: 1.16/1.42/20.89 | Ep. 2
Time elapsed: 0.63 min
Epoch: 018/200 | Batch 0000/0251 | Loss: 0.3392
Epoch: 018/200 | Batch 0050/0251 | Loss: 0.3411
Epoch: 018/200 | Batch 0100/0251 | Loss: 0.4767
Epoch: 018/200 | Batch 0150/0251 | Loss: 0.2583
Epoch: 018/200 | Batch 0200/0251 | Loss: 0.5329
Epoch: 018/200 | Batch 0250/0251 | Loss: 0.4041
MAE/RMSE/ACC: Current Valid: 1.23/1.59/20.89 Ep. 18 | Best Valid: 1.16/1.42/20.89 | Ep. 2
Time elapsed: 0.66 min
Epoch: 019/200 | Batch 0000/0251 | Loss: 0.3501
Epoch: 019/200 | Batch 0050/0251 | Loss: 0.3204
Epoch: 019/200 | Batch 0100/0251 | Loss: 0.3639
Epoch: 019/200 | Batch 0150/0251 | Loss: 0.3975
Epoch: 019/200 | Batch 0200/0251 | Loss: 0.4795
Epoch: 019/200 | Batch 0250/0251 | Loss: 0.2537
MAE/RMSE/ACC: Current Valid: 1.26/1.61/20.89 Ep. 19 | Best Valid: 1.16/1.42/20.89 | Ep. 2
Time elapsed: 0.69 min
Epoch: 020/200 | Batch 0000/0251 | Loss: 0.3570
Epoch: 020/200 | Batch 0050/0251 | Loss: 0.2725
Epoch: 020/200 | Batch 0100/0251 | Loss: 0.4113
Epoch: 020/200 | Batch 0150/0251 | Loss: 0.3405
Epoch: 020/200 | Batch 0200/0251 | Loss: 0.2739
Epoch: 020/200 | Batch 0250/0251 | Loss: 0.3507
MAE/RMSE/ACC: Current Valid: 1.23/1.61/20.89 Ep. 20 | Best Valid: 1.16/1.42/20.89 | Ep. 2
Time elapsed: 0.72 min
Epoch: 021/200 | Batch 0000/0251 | Loss: 0.2051
Epoch: 021/200 | Batch 0050/0251 | Loss: 0.2873
Epoch: 021/200 | Batch 0100/0251 | Loss: 0.5862
Epoch: 021/200 | Batch 0150/0251 | Loss: 0.3922
Epoch: 021/200 | Batch 0200/0251 | Loss: 0.2688
Epoch: 021/200 | Batch 0250/0251 | Loss: 0.4945
MAE/RMSE/ACC: Current Valid: 1.26/1.60/20.89 Ep. 21 | Best Valid: 1.16/1.42/20.89 | Ep. 2
Time elapsed: 0.75 min
Epoch: 022/200 | Batch 0000/0251 | Loss: 0.2479
Epoch: 022/200 | Batch 0050/0251 | Loss: 0.2332
Epoch: 022/200 | Batch 0100/0251 | Loss: 0.3671
Epoch: 022/200 | Batch 0150/0251 | Loss: 0.3941
Epoch: 022/200 | Batch 0200/0251 | Loss: 0.2827
Epoch: 022/200 | Batch 0250/0251 | Loss: 0.2518
MAE/RMSE/ACC: Current Valid: 1.26/1.61/20.89 Ep. 22 | Best Valid: 1.16/1.42/20.89 | Ep. 2
Time elapsed: 0.78 min
Epoch: 023/200 | Batch 0000/0251 | Loss: 0.2214
Epoch: 023/200 | Batch 0050/0251 | Loss: 0.3143
Epoch: 023/200 | Batch 0100/0251 | Loss: 0.3005
Epoch: 023/200 | Batch 0150/0251 | Loss: 0.1981
Epoch: 023/200 | Batch 0200/0251 | Loss: 1.5633
Epoch: 023/200 | Batch 0250/0251 | Loss: 0.2530
MAE/RMSE/ACC: Current Valid: 1.25/1.61/20.89 Ep. 23 | Best Valid: 1.16/1.42/20.89 | Ep. 2
Time elapsed: 0.81 min
Epoch: 024/200 | Batch 0000/0251 | Loss: 0.2921
Epoch: 024/200 | Batch 0050/0251 | Loss: 0.2757
Epoch: 024/200 | Batch 0100/0251 | Loss: 0.3300
Epoch: 024/200 | Batch 0150/0251 | Loss: 0.2288
Epoch: 024/200 | Batch 0200/0251 | Loss: 0.2856
Epoch: 024/200 | Batch 0250/0251 | Loss: 0.3429
MAE/RMSE/ACC: Current Valid: 1.25/1.60/20.89 Ep. 24 | Best Valid: 1.16/1.42/20.89 | Ep. 2
Time elapsed: 0.85 min
Epoch: 025/200 | Batch 0000/0251 | Loss: 0.1797
Epoch: 025/200 | Batch 0050/0251 | Loss: 0.2075
Epoch: 025/200 | Batch 0100/0251 | Loss: 0.2516
Epoch: 025/200 | Batch 0150/0251 | Loss: 0.2069
Epoch: 025/200 | Batch 0200/0251 | Loss: 0.1874
Epoch: 025/200 | Batch 0250/0251 | Loss: 0.5069
MAE/RMSE/ACC: Current Valid: 1.25/1.58/20.89 Ep. 25 | Best Valid: 1.16/1.42/20.89 | Ep. 2
Time elapsed: 0.88 min
Epoch: 026/200 | Batch 0000/0251 | Loss: 0.1937
Epoch: 026/200 | Batch 0050/0251 | Loss: 0.2263
Epoch: 026/200 | Batch 0100/0251 | Loss: 0.2282
Epoch: 026/200 | Batch 0150/0251 | Loss: 0.1626
Epoch: 026/200 | Batch 0200/0251 | Loss: 0.2712
Epoch: 026/200 | Batch 0250/0251 | Loss: 0.2709
MAE/RMSE/ACC: Current Valid: 1.26/1.61/20.89 Ep. 26 | Best Valid: 1.16/1.42/20.89 | Ep. 2
Time elapsed: 0.91 min
Epoch: 027/200 | Batch 0000/0251 | Loss: 0.2230
Epoch: 027/200 | Batch 0050/0251 | Loss: 0.1818
Epoch: 027/200 | Batch 0100/0251 | Loss: 0.1495
Epoch: 027/200 | Batch 0150/0251 | Loss: 0.2992
Epoch: 027/200 | Batch 0200/0251 | Loss: 0.1668
Epoch: 027/200 | Batch 0250/0251 | Loss: 0.2536
MAE/RMSE/ACC: Current Valid: 1.25/1.62/20.89 Ep. 27 | Best Valid: 1.16/1.42/20.89 | Ep. 2
Time elapsed: 0.94 min
Epoch: 028/200 | Batch 0000/0251 | Loss: 0.1870
Epoch: 028/200 | Batch 0050/0251 | Loss: 0.2292
Epoch: 028/200 | Batch 0100/0251 | Loss: 0.2131
Epoch: 028/200 | Batch 0150/0251 | Loss: 0.4532
Epoch: 028/200 | Batch 0200/0251 | Loss: 0.2924
Epoch: 028/200 | Batch 0250/0251 | Loss: 2.9937
MAE/RMSE/ACC: Current Valid: 1.25/1.59/20.89 Ep. 28 | Best Valid: 1.16/1.42/20.89 | Ep. 2
Time elapsed: 0.97 min
Epoch: 029/200 | Batch 0000/0251 | Loss: 0.3938
Epoch: 029/200 | Batch 0050/0251 | Loss: 0.1713
Epoch: 029/200 | Batch 0100/0251 | Loss: 0.2257
Epoch: 029/200 | Batch 0150/0251 | Loss: 0.2879
Epoch: 029/200 | Batch 0200/0251 | Loss: 0.3879
Epoch: 029/200 | Batch 0250/0251 | Loss: 0.3446
MAE/RMSE/ACC: Current Valid: 1.27/1.62/20.89 Ep. 29 | Best Valid: 1.16/1.42/20.89 | Ep. 2
Time elapsed: 1.00 min
Epoch: 030/200 | Batch 0000/0251 | Loss: 0.3071
Epoch: 030/200 | Batch 0050/0251 | Loss: 0.2398
Epoch: 030/200 | Batch 0100/0251 | Loss: 0.1837
Epoch: 030/200 | Batch 0150/0251 | Loss: 0.3770
Epoch: 030/200 | Batch 0200/0251 | Loss: 0.1731
Epoch: 030/200 | Batch 0250/0251 | Loss: 0.3663
MAE/RMSE/ACC: Current Valid: 1.24/1.60/20.89 Ep. 30 | Best Valid: 1.16/1.42/20.89 | Ep. 2
Time elapsed: 1.03 min
Epoch: 031/200 | Batch 0000/0251 | Loss: 0.1975
Epoch: 031/200 | Batch 0050/0251 | Loss: 0.5846
Epoch: 031/200 | Batch 0100/0251 | Loss: 2.0901
Epoch: 031/200 | Batch 0150/0251 | Loss: 0.2106
Epoch: 031/200 | Batch 0200/0251 | Loss: 0.3980
Epoch: 031/200 | Batch 0250/0251 | Loss: 0.1426
MAE/RMSE/ACC: Current Valid: 1.24/1.59/20.89 Ep. 31 | Best Valid: 1.16/1.42/20.89 | Ep. 2
Time elapsed: 1.06 min
Epoch: 032/200 | Batch 0000/0251 | Loss: 0.2830
Epoch: 032/200 | Batch 0050/0251 | Loss: 0.4734
Epoch: 032/200 | Batch 0100/0251 | Loss: 0.3483
Epoch: 032/200 | Batch 0150/0251 | Loss: 0.3676
Epoch: 032/200 | Batch 0200/0251 | Loss: 0.2699
Epoch: 032/200 | Batch 0250/0251 | Loss: 0.4448
MAE/RMSE/ACC: Current Valid: 1.25/1.61/20.89 Ep. 32 | Best Valid: 1.16/1.42/20.89 | Ep. 2
Time elapsed: 1.09 min
Epoch: 033/200 | Batch 0000/0251 | Loss: 0.2025
Epoch: 033/200 | Batch 0050/0251 | Loss: 0.2030
Epoch: 033/200 | Batch 0100/0251 | Loss: 0.3041
Epoch: 033/200 | Batch 0150/0251 | Loss: 1.3886
Epoch: 033/200 | Batch 0200/0251 | Loss: 0.6350
Epoch: 033/200 | Batch 0250/0251 | Loss: 0.6726
MAE/RMSE/ACC: Current Valid: 1.25/1.62/20.89 Ep. 33 | Best Valid: 1.16/1.42/20.89 | Ep. 2
Time elapsed: 1.12 min
Epoch: 034/200 | Batch 0000/0251 | Loss: 0.2945
Epoch: 034/200 | Batch 0050/0251 | Loss: 0.1279
Epoch: 034/200 | Batch 0100/0251 | Loss: 0.4300
Epoch: 034/200 | Batch 0150/0251 | Loss: 0.8420
Epoch: 034/200 | Batch 0200/0251 | Loss: 0.2091
Epoch: 034/200 | Batch 0250/0251 | Loss: 0.3846
MAE/RMSE/ACC: Current Valid: 1.26/1.62/20.89 Ep. 34 | Best Valid: 1.16/1.42/20.89 | Ep. 2
Time elapsed: 1.16 min
Epoch: 035/200 | Batch 0000/0251 | Loss: 0.3082
Epoch: 035/200 | Batch 0050/0251 | Loss: 0.3248
Epoch: 035/200 | Batch 0100/0251 | Loss: 0.2206
Epoch: 035/200 | Batch 0150/0251 | Loss: 0.3217
Epoch: 035/200 | Batch 0200/0251 | Loss: 0.3079
Epoch: 035/200 | Batch 0250/0251 | Loss: 0.2502
MAE/RMSE/ACC: Current Valid: 1.23/1.61/20.89 Ep. 35 | Best Valid: 1.16/1.42/20.89 | Ep. 2
Time elapsed: 1.19 min
Epoch: 036/200 | Batch 0000/0251 | Loss: 0.2493
Epoch: 036/200 | Batch 0050/0251 | Loss: 0.4165
Epoch: 036/200 | Batch 0100/0251 | Loss: 0.4536
Epoch: 036/200 | Batch 0150/0251 | Loss: 0.1953
Epoch: 036/200 | Batch 0200/0251 | Loss: 0.3015
Epoch: 036/200 | Batch 0250/0251 | Loss: 0.5179
MAE/RMSE/ACC: Current Valid: 1.25/1.61/20.89 Ep. 36 | Best Valid: 1.16/1.42/20.89 | Ep. 2
Time elapsed: 1.22 min
Epoch: 037/200 | Batch 0000/0251 | Loss: 0.2512
Epoch: 037/200 | Batch 0050/0251 | Loss: 0.1756
Epoch: 037/200 | Batch 0100/0251 | Loss: 0.3456
Epoch: 037/200 | Batch 0150/0251 | Loss: 0.5168
Epoch: 037/200 | Batch 0200/0251 | Loss: 0.4073
Epoch: 037/200 | Batch 0250/0251 | Loss: 0.4305
MAE/RMSE/ACC: Current Valid: 1.29/1.67/20.89 Ep. 37 | Best Valid: 1.16/1.42/20.89 | Ep. 2
Time elapsed: 1.25 min
Epoch: 038/200 | Batch 0000/0251 | Loss: 0.2269
Epoch: 038/200 | Batch 0050/0251 | Loss: 0.4289
Epoch: 038/200 | Batch 0100/0251 | Loss: 0.3032
Epoch: 038/200 | Batch 0150/0251 | Loss: 0.2011
Epoch: 038/200 | Batch 0200/0251 | Loss: 0.1978
Epoch: 038/200 | Batch 0250/0251 | Loss: 0.3824
MAE/RMSE/ACC: Current Valid: 1.23/1.60/20.89 Ep. 38 | Best Valid: 1.16/1.42/20.89 | Ep. 2
Time elapsed: 1.28 min
Epoch: 039/200 | Batch 0000/0251 | Loss: 0.3723
Epoch: 039/200 | Batch 0050/0251 | Loss: 0.1384
Epoch: 039/200 | Batch 0100/0251 | Loss: 0.2091
Epoch: 039/200 | Batch 0150/0251 | Loss: 0.1981
Epoch: 039/200 | Batch 0200/0251 | Loss: 0.1795
Epoch: 039/200 | Batch 0250/0251 | Loss: 0.2118
MAE/RMSE/ACC: Current Valid: 1.23/1.61/20.89 Ep. 39 | Best Valid: 1.16/1.42/20.89 | Ep. 2
Time elapsed: 1.31 min
Epoch: 040/200 | Batch 0000/0251 | Loss: 0.1483
Epoch: 040/200 | Batch 0050/0251 | Loss: 0.1704
Epoch: 040/200 | Batch 0100/0251 | Loss: 0.1358
Epoch: 040/200 | Batch 0150/0251 | Loss: 0.1551
Epoch: 040/200 | Batch 0200/0251 | Loss: 0.1538
Epoch: 040/200 | Batch 0250/0251 | Loss: 2.3173
MAE/RMSE/ACC: Current Valid: 1.24/1.61/20.89 Ep. 40 | Best Valid: 1.16/1.42/20.89 | Ep. 2
Time elapsed: 1.34 min
Epoch: 041/200 | Batch 0000/0251 | Loss: 0.2452
Epoch: 041/200 | Batch 0050/0251 | Loss: 0.1847
Epoch: 041/200 | Batch 0100/0251 | Loss: 0.2758
Epoch: 041/200 | Batch 0150/0251 | Loss: 0.1716
Epoch: 041/200 | Batch 0200/0251 | Loss: 0.1856
Epoch: 041/200 | Batch 0250/0251 | Loss: 0.1916
MAE/RMSE/ACC: Current Valid: 1.25/1.61/20.89 Ep. 41 | Best Valid: 1.16/1.42/20.89 | Ep. 2
Time elapsed: 1.37 min
Epoch: 042/200 | Batch 0000/0251 | Loss: 0.2798
Epoch: 042/200 | Batch 0050/0251 | Loss: 2.2804
Epoch: 042/200 | Batch 0100/0251 | Loss: 0.1381
Epoch: 042/200 | Batch 0150/0251 | Loss: 0.2294
Epoch: 042/200 | Batch 0200/0251 | Loss: 0.5589
Epoch: 042/200 | Batch 0250/0251 | Loss: 0.5321
MAE/RMSE/ACC: Current Valid: 1.25/1.61/20.89 Ep. 42 | Best Valid: 1.16/1.42/20.89 | Ep. 2
Time elapsed: 1.40 min
Epoch: 043/200 | Batch 0000/0251 | Loss: 0.1226
Epoch: 043/200 | Batch 0050/0251 | Loss: 0.7740
Epoch: 043/200 | Batch 0100/0251 | Loss: 0.1882
Epoch: 043/200 | Batch 0150/0251 | Loss: 0.3096
Epoch: 043/200 | Batch 0200/0251 | Loss: 0.3132
Epoch: 043/200 | Batch 0250/0251 | Loss: 0.3432
MAE/RMSE/ACC: Current Valid: 1.25/1.62/20.89 Ep. 43 | Best Valid: 1.16/1.42/20.89 | Ep. 2
Time elapsed: 1.43 min
Epoch: 044/200 | Batch 0000/0251 | Loss: 0.4844
Epoch: 044/200 | Batch 0050/0251 | Loss: 0.1274
Epoch: 044/200 | Batch 0100/0251 | Loss: 0.1465
Epoch: 044/200 | Batch 0150/0251 | Loss: 0.3122
Epoch: 044/200 | Batch 0200/0251 | Loss: 0.5126
Epoch: 044/200 | Batch 0250/0251 | Loss: 1.0387
MAE/RMSE/ACC: Current Valid: 1.29/1.64/20.89 Ep. 44 | Best Valid: 1.16/1.42/20.89 | Ep. 2
Time elapsed: 1.47 min
Epoch: 045/200 | Batch 0000/0251 | Loss: 0.2360
Epoch: 045/200 | Batch 0050/0251 | Loss: 0.5472
Epoch: 045/200 | Batch 0100/0251 | Loss: 0.2988
Epoch: 045/200 | Batch 0150/0251 | Loss: 0.2301
Epoch: 045/200 | Batch 0200/0251 | Loss: 0.3705
Epoch: 045/200 | Batch 0250/0251 | Loss: 0.3572
MAE/RMSE/ACC: Current Valid: 1.26/1.62/20.89 Ep. 45 | Best Valid: 1.16/1.42/20.89 | Ep. 2
Time elapsed: 1.50 min
Epoch: 046/200 | Batch 0000/0251 | Loss: 0.2263
Epoch: 046/200 | Batch 0050/0251 | Loss: 0.1771
Epoch: 046/200 | Batch 0100/0251 | Loss: 0.3264
Epoch: 046/200 | Batch 0150/0251 | Loss: 0.1710
Epoch: 046/200 | Batch 0200/0251 | Loss: 0.5823
Epoch: 046/200 | Batch 0250/0251 | Loss: 0.6073
MAE/RMSE/ACC: Current Valid: 1.28/1.65/20.89 Ep. 46 | Best Valid: 1.16/1.42/20.89 | Ep. 2
Time elapsed: 1.53 min
Epoch: 047/200 | Batch 0000/0251 | Loss: 0.1035
Epoch: 047/200 | Batch 0050/0251 | Loss: 0.5677
Epoch: 047/200 | Batch 0100/0251 | Loss: 0.3225
Epoch: 047/200 | Batch 0150/0251 | Loss: 0.1718
Epoch: 047/200 | Batch 0200/0251 | Loss: 0.2485
Epoch: 047/200 | Batch 0250/0251 | Loss: 0.2952
MAE/RMSE/ACC: Current Valid: 1.30/1.66/20.89 Ep. 47 | Best Valid: 1.16/1.42/20.89 | Ep. 2
Time elapsed: 1.56 min
Epoch: 048/200 | Batch 0000/0251 | Loss: 0.3961
Epoch: 048/200 | Batch 0050/0251 | Loss: 0.2080
Epoch: 048/200 | Batch 0100/0251 | Loss: 0.3352
Epoch: 048/200 | Batch 0150/0251 | Loss: 0.2997
Epoch: 048/200 | Batch 0200/0251 | Loss: 0.1964
Epoch: 048/200 | Batch 0250/0251 | Loss: 0.2417
MAE/RMSE/ACC: Current Valid: 1.28/1.65/20.89 Ep. 48 | Best Valid: 1.16/1.42/20.89 | Ep. 2
Time elapsed: 1.59 min
Epoch: 049/200 | Batch 0000/0251 | Loss: 0.1692
Epoch: 049/200 | Batch 0050/0251 | Loss: 0.1695
Epoch: 049/200 | Batch 0100/0251 | Loss: 0.1851
Epoch: 049/200 | Batch 0150/0251 | Loss: 0.2116
Epoch: 049/200 | Batch 0200/0251 | Loss: 0.1208
Epoch: 049/200 | Batch 0250/0251 | Loss: 0.3959
MAE/RMSE/ACC: Current Valid: 1.28/1.65/20.89 Ep. 49 | Best Valid: 1.16/1.42/20.89 | Ep. 2
Time elapsed: 1.62 min
Epoch: 050/200 | Batch 0000/0251 | Loss: 0.1010
Epoch: 050/200 | Batch 0050/0251 | Loss: 0.3689
Epoch: 050/200 | Batch 0100/0251 | Loss: 0.2667
Epoch: 050/200 | Batch 0150/0251 | Loss: 0.1136
Epoch: 050/200 | Batch 0200/0251 | Loss: 0.1871
Epoch: 050/200 | Batch 0250/0251 | Loss: 0.1184
MAE/RMSE/ACC: Current Valid: 1.27/1.64/20.89 Ep. 50 | Best Valid: 1.16/1.42/20.89 | Ep. 2
Time elapsed: 1.66 min
Epoch: 051/200 | Batch 0000/0251 | Loss: 0.2424
Epoch: 051/200 | Batch 0050/0251 | Loss: 0.1801
Epoch: 051/200 | Batch 0100/0251 | Loss: 0.1903
Epoch: 051/200 | Batch 0150/0251 | Loss: 0.1979
Epoch: 051/200 | Batch 0200/0251 | Loss: 3.5423
Epoch: 051/200 | Batch 0250/0251 | Loss: 0.1707
MAE/RMSE/ACC: Current Valid: 1.29/1.66/20.89 Ep. 51 | Best Valid: 1.16/1.42/20.89 | Ep. 2
Time elapsed: 1.69 min
Epoch: 052/200 | Batch 0000/0251 | Loss: 0.1137
Epoch: 052/200 | Batch 0050/0251 | Loss: 0.1395
Epoch: 052/200 | Batch 0100/0251 | Loss: 0.0937
Epoch: 052/200 | Batch 0150/0251 | Loss: 0.2859
Epoch: 052/200 | Batch 0200/0251 | Loss: 0.3048
Epoch: 052/200 | Batch 0250/0251 | Loss: 0.2343
MAE/RMSE/ACC: Current Valid: 1.27/1.63/20.89 Ep. 52 | Best Valid: 1.16/1.42/20.89 | Ep. 2
Time elapsed: 1.72 min
Epoch: 053/200 | Batch 0000/0251 | Loss: 0.1590
Epoch: 053/200 | Batch 0050/0251 | Loss: 0.0703
Epoch: 053/200 | Batch 0100/0251 | Loss: 0.1613
Epoch: 053/200 | Batch 0150/0251 | Loss: 0.2049
Epoch: 053/200 | Batch 0200/0251 | Loss: 0.2181
Epoch: 053/200 | Batch 0250/0251 | Loss: 0.5595
MAE/RMSE/ACC: Current Valid: 1.28/1.65/20.89 Ep. 53 | Best Valid: 1.16/1.42/20.89 | Ep. 2
Time elapsed: 1.75 min
Epoch: 054/200 | Batch 0000/0251 | Loss: 0.5807
Epoch: 054/200 | Batch 0050/0251 | Loss: 0.2618
Epoch: 054/200 | Batch 0100/0251 | Loss: 0.5064
Epoch: 054/200 | Batch 0150/0251 | Loss: 0.3670
Epoch: 054/200 | Batch 0200/0251 | Loss: 0.3640
Epoch: 054/200 | Batch 0250/0251 | Loss: 0.5043
MAE/RMSE/ACC: Current Valid: 1.29/1.65/20.89 Ep. 54 | Best Valid: 1.16/1.42/20.89 | Ep. 2
Time elapsed: 1.78 min
Epoch: 055/200 | Batch 0000/0251 | Loss: 0.1078
Epoch: 055/200 | Batch 0050/0251 | Loss: 0.2648
Epoch: 055/200 | Batch 0100/0251 | Loss: 0.6112
Epoch: 055/200 | Batch 0150/0251 | Loss: 0.3575
Epoch: 055/200 | Batch 0200/0251 | Loss: 0.6336
Epoch: 055/200 | Batch 0250/0251 | Loss: 0.3536
MAE/RMSE/ACC: Current Valid: 1.25/1.62/20.89 Ep. 55 | Best Valid: 1.16/1.42/20.89 | Ep. 2
Time elapsed: 1.81 min
Epoch: 056/200 | Batch 0000/0251 | Loss: 0.4230
Epoch: 056/200 | Batch 0050/0251 | Loss: 0.4691
Epoch: 056/200 | Batch 0100/0251 | Loss: 0.1770
Epoch: 056/200 | Batch 0150/0251 | Loss: 0.2790
Epoch: 056/200 | Batch 0200/0251 | Loss: 0.4064
Epoch: 056/200 | Batch 0250/0251 | Loss: 0.3183
MAE/RMSE/ACC: Current Valid: 1.29/1.65/20.89 Ep. 56 | Best Valid: 1.16/1.42/20.89 | Ep. 2
Time elapsed: 1.85 min
Epoch: 057/200 | Batch 0000/0251 | Loss: 0.3242
Epoch: 057/200 | Batch 0050/0251 | Loss: 0.2273
Epoch: 057/200 | Batch 0100/0251 | Loss: 0.2009
Epoch: 057/200 | Batch 0150/0251 | Loss: 0.2372
Epoch: 057/200 | Batch 0200/0251 | Loss: 0.3332
Epoch: 057/200 | Batch 0250/0251 | Loss: 0.4086
MAE/RMSE/ACC: Current Valid: 1.26/1.62/20.89 Ep. 57 | Best Valid: 1.16/1.42/20.89 | Ep. 2
Time elapsed: 1.88 min
Epoch: 058/200 | Batch 0000/0251 | Loss: 0.3031
Epoch: 058/200 | Batch 0050/0251 | Loss: 0.1912
Epoch: 058/200 | Batch 0100/0251 | Loss: 0.2413
Epoch: 058/200 | Batch 0150/0251 | Loss: 0.1639
Epoch: 058/200 | Batch 0200/0251 | Loss: 0.3443
Epoch: 058/200 | Batch 0250/0251 | Loss: 0.2449
MAE/RMSE/ACC: Current Valid: 1.27/1.63/20.89 Ep. 58 | Best Valid: 1.16/1.42/20.89 | Ep. 2
Time elapsed: 1.91 min
Epoch: 059/200 | Batch 0000/0251 | Loss: 0.2526
Epoch: 059/200 | Batch 0050/0251 | Loss: 0.1723
Epoch: 059/200 | Batch 0100/0251 | Loss: 0.3376
Epoch: 059/200 | Batch 0150/0251 | Loss: 0.2521
Epoch: 059/200 | Batch 0200/0251 | Loss: 0.2673
Epoch: 059/200 | Batch 0250/0251 | Loss: 0.2933
MAE/RMSE/ACC: Current Valid: 1.28/1.63/20.89 Ep. 59 | Best Valid: 1.16/1.42/20.89 | Ep. 2
Time elapsed: 1.94 min
Epoch: 060/200 | Batch 0000/0251 | Loss: 0.1996
Epoch: 060/200 | Batch 0050/0251 | Loss: 0.1804
Epoch: 060/200 | Batch 0100/0251 | Loss: 2.1077
Epoch: 060/200 | Batch 0150/0251 | Loss: 0.3286
Epoch: 060/200 | Batch 0200/0251 | Loss: 0.2089
Epoch: 060/200 | Batch 0250/0251 | Loss: 0.2877
MAE/RMSE/ACC: Current Valid: 1.27/1.64/20.89 Ep. 60 | Best Valid: 1.16/1.42/20.89 | Ep. 2
Time elapsed: 1.97 min
Epoch: 061/200 | Batch 0000/0251 | Loss: 1.6047
Epoch: 061/200 | Batch 0050/0251 | Loss: 0.1494
Epoch: 061/200 | Batch 0100/0251 | Loss: 0.1181
Epoch: 061/200 | Batch 0150/0251 | Loss: 0.1704
Epoch: 061/200 | Batch 0200/0251 | Loss: 0.1656
Epoch: 061/200 | Batch 0250/0251 | Loss: 0.2160
MAE/RMSE/ACC: Current Valid: 1.28/1.64/20.89 Ep. 61 | Best Valid: 1.16/1.42/20.89 | Ep. 2
Time elapsed: 2.00 min
Epoch: 062/200 | Batch 0000/0251 | Loss: 0.1063
Epoch: 062/200 | Batch 0050/0251 | Loss: 0.1287
Epoch: 062/200 | Batch 0100/0251 | Loss: 0.2417
Epoch: 062/200 | Batch 0150/0251 | Loss: 0.2413
Epoch: 062/200 | Batch 0200/0251 | Loss: 0.2397
Epoch: 062/200 | Batch 0250/0251 | Loss: 0.1913
MAE/RMSE/ACC: Current Valid: 1.26/1.61/20.89 Ep. 62 | Best Valid: 1.16/1.42/20.89 | Ep. 2
Time elapsed: 2.04 min
Epoch: 063/200 | Batch 0000/0251 | Loss: 0.1289
Epoch: 063/200 | Batch 0050/0251 | Loss: 0.1165
Epoch: 063/200 | Batch 0100/0251 | Loss: 0.0886
Epoch: 063/200 | Batch 0150/0251 | Loss: 0.2119
Epoch: 063/200 | Batch 0200/0251 | Loss: 0.1913
Epoch: 063/200 | Batch 0250/0251 | Loss: 0.1996
MAE/RMSE/ACC: Current Valid: 1.27/1.64/20.89 Ep. 63 | Best Valid: 1.16/1.42/20.89 | Ep. 2
Time elapsed: 2.07 min
Epoch: 064/200 | Batch 0000/0251 | Loss: 0.1673
Epoch: 064/200 | Batch 0050/0251 | Loss: 0.2485
Epoch: 064/200 | Batch 0100/0251 | Loss: 0.1413
Epoch: 064/200 | Batch 0150/0251 | Loss: 0.0930
Epoch: 064/200 | Batch 0200/0251 | Loss: 0.1965
Epoch: 064/200 | Batch 0250/0251 | Loss: 0.5617
MAE/RMSE/ACC: Current Valid: 1.26/1.63/20.89 Ep. 64 | Best Valid: 1.16/1.42/20.89 | Ep. 2
Time elapsed: 2.10 min
Epoch: 065/200 | Batch 0000/0251 | Loss: 0.2713
Epoch: 065/200 | Batch 0050/0251 | Loss: 0.5088
Epoch: 065/200 | Batch 0100/0251 | Loss: 0.3913
Epoch: 065/200 | Batch 0150/0251 | Loss: 0.3380
Epoch: 065/200 | Batch 0200/0251 | Loss: 0.4011
Epoch: 065/200 | Batch 0250/0251 | Loss: 0.2719
MAE/RMSE/ACC: Current Valid: 1.25/1.63/20.89 Ep. 65 | Best Valid: 1.16/1.42/20.89 | Ep. 2
Time elapsed: 2.13 min
Epoch: 066/200 | Batch 0000/0251 | Loss: 0.3101
Epoch: 066/200 | Batch 0050/0251 | Loss: 0.3170
Epoch: 066/200 | Batch 0100/0251 | Loss: 0.3169
Epoch: 066/200 | Batch 0150/0251 | Loss: 0.2506
Epoch: 066/200 | Batch 0200/0251 | Loss: 0.4594
Epoch: 066/200 | Batch 0250/0251 | Loss: 0.5371
MAE/RMSE/ACC: Current Valid: 1.28/1.64/20.89 Ep. 66 | Best Valid: 1.16/1.42/20.89 | Ep. 2
Time elapsed: 2.16 min
Epoch: 067/200 | Batch 0000/0251 | Loss: 0.2401
Epoch: 067/200 | Batch 0050/0251 | Loss: 0.4748
Epoch: 067/200 | Batch 0100/0251 | Loss: 0.7923
Epoch: 067/200 | Batch 0150/0251 | Loss: 0.3380
Epoch: 067/200 | Batch 0200/0251 | Loss: 0.9341
Epoch: 067/200 | Batch 0250/0251 | Loss: 0.9448
MAE/RMSE/ACC: Current Valid: 1.28/1.66/20.89 Ep. 67 | Best Valid: 1.16/1.42/20.89 | Ep. 2
Time elapsed: 2.19 min
Epoch: 068/200 | Batch 0000/0251 | Loss: 1.6222
Epoch: 068/200 | Batch 0050/0251 | Loss: 0.3447
Epoch: 068/200 | Batch 0100/0251 | Loss: 0.8135
Epoch: 068/200 | Batch 0150/0251 | Loss: 1.0590
Epoch: 068/200 | Batch 0200/0251 | Loss: 0.5691
Epoch: 068/200 | Batch 0250/0251 | Loss: 0.4915
MAE/RMSE/ACC: Current Valid: 1.27/1.63/20.89 Ep. 68 | Best Valid: 1.16/1.42/20.89 | Ep. 2
Time elapsed: 2.22 min
Epoch: 069/200 | Batch 0000/0251 | Loss: 0.5911
Epoch: 069/200 | Batch 0050/0251 | Loss: 0.6396
Epoch: 069/200 | Batch 0100/0251 | Loss: 0.4409
Epoch: 069/200 | Batch 0150/0251 | Loss: 0.7802
Epoch: 069/200 | Batch 0200/0251 | Loss: 0.6566
Epoch: 069/200 | Batch 0250/0251 | Loss: 0.6652
MAE/RMSE/ACC: Current Valid: 1.29/1.64/20.89 Ep. 69 | Best Valid: 1.16/1.42/20.89 | Ep. 2
Time elapsed: 2.25 min
Epoch: 070/200 | Batch 0000/0251 | Loss: 0.4650
Epoch: 070/200 | Batch 0050/0251 | Loss: 1.1733
Epoch: 070/200 | Batch 0100/0251 | Loss: 0.4516
Epoch: 070/200 | Batch 0150/0251 | Loss: 0.6093
Epoch: 070/200 | Batch 0200/0251 | Loss: 0.8996
Epoch: 070/200 | Batch 0250/0251 | Loss: 0.7640
MAE/RMSE/ACC: Current Valid: 1.29/1.67/20.89 Ep. 70 | Best Valid: 1.16/1.42/20.89 | Ep. 2
Time elapsed: 2.29 min
Epoch: 071/200 | Batch 0000/0251 | Loss: 0.4086
Epoch: 071/200 | Batch 0050/0251 | Loss: 0.6403
Epoch: 071/200 | Batch 0100/0251 | Loss: 0.3825
Epoch: 071/200 | Batch 0150/0251 | Loss: 0.4747
Epoch: 071/200 | Batch 0200/0251 | Loss: 0.6956
Epoch: 071/200 | Batch 0250/0251 | Loss: 1.5108
MAE/RMSE/ACC: Current Valid: 1.31/1.68/20.89 Ep. 71 | Best Valid: 1.16/1.42/20.89 | Ep. 2
Time elapsed: 2.32 min
Epoch: 072/200 | Batch 0000/0251 | Loss: 0.5290
Epoch: 072/200 | Batch 0050/0251 | Loss: 0.4794
Epoch: 072/200 | Batch 0100/0251 | Loss: 0.4743
Epoch: 072/200 | Batch 0150/0251 | Loss: 1.5144
Epoch: 072/200 | Batch 0200/0251 | Loss: 0.6309
Epoch: 072/200 | Batch 0250/0251 | Loss: 0.5995
MAE/RMSE/ACC: Current Valid: 1.29/1.68/20.89 Ep. 72 | Best Valid: 1.16/1.42/20.89 | Ep. 2
Time elapsed: 2.35 min
Epoch: 073/200 | Batch 0000/0251 | Loss: 0.6447
Epoch: 073/200 | Batch 0050/0251 | Loss: 0.4031
Epoch: 073/200 | Batch 0100/0251 | Loss: 0.6197
Epoch: 073/200 | Batch 0150/0251 | Loss: 0.6755
Epoch: 073/200 | Batch 0200/0251 | Loss: 0.6284
Epoch: 073/200 | Batch 0250/0251 | Loss: 0.7057
MAE/RMSE/ACC: Current Valid: 1.30/1.67/20.89 Ep. 73 | Best Valid: 1.16/1.42/20.89 | Ep. 2
Time elapsed: 2.38 min
Epoch: 074/200 | Batch 0000/0251 | Loss: 0.2685
Epoch: 074/200 | Batch 0050/0251 | Loss: 0.5968
Epoch: 074/200 | Batch 0100/0251 | Loss: 0.5080
Epoch: 074/200 | Batch 0150/0251 | Loss: 0.7873
Epoch: 074/200 | Batch 0200/0251 | Loss: 0.5410
Epoch: 074/200 | Batch 0250/0251 | Loss: 0.4979
MAE/RMSE/ACC: Current Valid: 1.28/1.66/20.89 Ep. 74 | Best Valid: 1.16/1.42/20.89 | Ep. 2
Time elapsed: 2.41 min
Epoch: 075/200 | Batch 0000/0251 | Loss: 0.4437
Epoch: 075/200 | Batch 0050/0251 | Loss: 0.6824
Epoch: 075/200 | Batch 0100/0251 | Loss: 0.3905
Epoch: 075/200 | Batch 0150/0251 | Loss: 0.5956
Epoch: 075/200 | Batch 0200/0251 | Loss: 0.5585
Epoch: 075/200 | Batch 0250/0251 | Loss: 0.6482
MAE/RMSE/ACC: Current Valid: 1.31/1.70/20.89 Ep. 75 | Best Valid: 1.16/1.42/20.89 | Ep. 2
Time elapsed: 2.44 min
Epoch: 076/200 | Batch 0000/0251 | Loss: 0.4444
Epoch: 076/200 | Batch 0050/0251 | Loss: 0.5083
Epoch: 076/200 | Batch 0100/0251 | Loss: 0.3393
Epoch: 076/200 | Batch 0150/0251 | Loss: 0.6158
Epoch: 076/200 | Batch 0200/0251 | Loss: 0.4176
Epoch: 076/200 | Batch 0250/0251 | Loss: 0.3776
MAE/RMSE/ACC: Current Valid: 1.30/1.68/20.89 Ep. 76 | Best Valid: 1.16/1.42/20.89 | Ep. 2
Time elapsed: 2.47 min
Epoch: 077/200 | Batch 0000/0251 | Loss: 0.6499
Epoch: 077/200 | Batch 0050/0251 | Loss: 0.4730
Epoch: 077/200 | Batch 0100/0251 | Loss: 0.4023
Epoch: 077/200 | Batch 0150/0251 | Loss: 0.5186
Epoch: 077/200 | Batch 0200/0251 | Loss: 0.4864
Epoch: 077/200 | Batch 0250/0251 | Loss: 0.4946
MAE/RMSE/ACC: Current Valid: 1.29/1.66/20.89 Ep. 77 | Best Valid: 1.16/1.42/20.89 | Ep. 2
Time elapsed: 2.50 min
Epoch: 078/200 | Batch 0000/0251 | Loss: 0.4393
Epoch: 078/200 | Batch 0050/0251 | Loss: 0.5766
Epoch: 078/200 | Batch 0100/0251 | Loss: 0.8886
Epoch: 078/200 | Batch 0150/0251 | Loss: 0.7637
Epoch: 078/200 | Batch 0200/0251 | Loss: 0.8447
Epoch: 078/200 | Batch 0250/0251 | Loss: 0.7610
MAE/RMSE/ACC: Current Valid: 1.32/1.68/20.89 Ep. 78 | Best Valid: 1.16/1.42/20.89 | Ep. 2
Time elapsed: 2.54 min
Epoch: 079/200 | Batch 0000/0251 | Loss: 0.4826
Epoch: 079/200 | Batch 0050/0251 | Loss: 0.7104
Epoch: 079/200 | Batch 0100/0251 | Loss: 0.4852
Epoch: 079/200 | Batch 0150/0251 | Loss: 0.5171
Epoch: 079/200 | Batch 0200/0251 | Loss: 0.5180
Epoch: 079/200 | Batch 0250/0251 | Loss: 0.4274
MAE/RMSE/ACC: Current Valid: 1.29/1.67/20.89 Ep. 79 | Best Valid: 1.16/1.42/20.89 | Ep. 2
Time elapsed: 2.57 min
Epoch: 080/200 | Batch 0000/0251 | Loss: 0.5513
Epoch: 080/200 | Batch 0050/0251 | Loss: 0.8389
Epoch: 080/200 | Batch 0100/0251 | Loss: 1.7592
Epoch: 080/200 | Batch 0150/0251 | Loss: 0.7772
Epoch: 080/200 | Batch 0200/0251 | Loss: 0.6192
Epoch: 080/200 | Batch 0250/0251 | Loss: 0.9455
MAE/RMSE/ACC: Current Valid: 1.31/1.66/20.89 Ep. 80 | Best Valid: 1.16/1.42/20.89 | Ep. 2
Time elapsed: 2.60 min
Epoch: 081/200 | Batch 0000/0251 | Loss: 0.7655
Epoch: 081/200 | Batch 0050/0251 | Loss: 0.7238
Epoch: 081/200 | Batch 0100/0251 | Loss: 1.3499
Epoch: 081/200 | Batch 0150/0251 | Loss: 1.3108
Epoch: 081/200 | Batch 0200/0251 | Loss: 1.1611
Epoch: 081/200 | Batch 0250/0251 | Loss: 1.6445
MAE/RMSE/ACC: Current Valid: 1.30/1.66/20.89 Ep. 81 | Best Valid: 1.16/1.42/20.89 | Ep. 2
Time elapsed: 2.63 min
Epoch: 082/200 | Batch 0000/0251 | Loss: 1.2666
Epoch: 082/200 | Batch 0050/0251 | Loss: 0.9140
Epoch: 082/200 | Batch 0100/0251 | Loss: 1.3055
Epoch: 082/200 | Batch 0150/0251 | Loss: 1.0642
Epoch: 082/200 | Batch 0200/0251 | Loss: 0.7207
Epoch: 082/200 | Batch 0250/0251 | Loss: 1.1702
MAE/RMSE/ACC: Current Valid: 1.29/1.64/20.89 Ep. 82 | Best Valid: 1.16/1.42/20.89 | Ep. 2
Time elapsed: 2.66 min
Epoch: 083/200 | Batch 0000/0251 | Loss: 1.1048
Epoch: 083/200 | Batch 0050/0251 | Loss: 1.3809
Epoch: 083/200 | Batch 0100/0251 | Loss: 1.1656
Epoch: 083/200 | Batch 0150/0251 | Loss: 1.5658
Epoch: 083/200 | Batch 0200/0251 | Loss: 1.0691
Epoch: 083/200 | Batch 0250/0251 | Loss: 1.6873
MAE/RMSE/ACC: Current Valid: 1.33/1.69/20.89 Ep. 83 | Best Valid: 1.16/1.42/20.89 | Ep. 2
Time elapsed: 2.69 min
Epoch: 084/200 | Batch 0000/0251 | Loss: 1.9546
Epoch: 084/200 | Batch 0050/0251 | Loss: 1.4589
Epoch: 084/200 | Batch 0100/0251 | Loss: 2.3376
Epoch: 084/200 | Batch 0150/0251 | Loss: 1.1919
Epoch: 084/200 | Batch 0200/0251 | Loss: 1.0901
Epoch: 084/200 | Batch 0250/0251 | Loss: 1.2043
MAE/RMSE/ACC: Current Valid: 1.30/1.66/20.89 Ep. 84 | Best Valid: 1.16/1.42/20.89 | Ep. 2
Time elapsed: 2.72 min
Epoch: 085/200 | Batch 0000/0251 | Loss: 1.4586
Epoch: 085/200 | Batch 0050/0251 | Loss: 1.5541
Epoch: 085/200 | Batch 0100/0251 | Loss: 0.8168
Epoch: 085/200 | Batch 0150/0251 | Loss: 1.3350
Epoch: 085/200 | Batch 0200/0251 | Loss: 1.3674
Epoch: 085/200 | Batch 0250/0251 | Loss: 1.7835
MAE/RMSE/ACC: Current Valid: 1.34/1.68/20.89 Ep. 85 | Best Valid: 1.16/1.42/20.89 | Ep. 2
Time elapsed: 2.75 min
Epoch: 086/200 | Batch 0000/0251 | Loss: 1.3260
Epoch: 086/200 | Batch 0050/0251 | Loss: 1.2759
Epoch: 086/200 | Batch 0100/0251 | Loss: 1.4241
Epoch: 086/200 | Batch 0150/0251 | Loss: 1.7973
Epoch: 086/200 | Batch 0200/0251 | Loss: 1.5023
Epoch: 086/200 | Batch 0250/0251 | Loss: 2.0957
MAE/RMSE/ACC: Current Valid: 1.37/1.70/20.89 Ep. 86 | Best Valid: 1.16/1.42/20.89 | Ep. 2
Time elapsed: 2.78 min
Epoch: 087/200 | Batch 0000/0251 | Loss: 1.7451
Epoch: 087/200 | Batch 0050/0251 | Loss: 1.7076
Epoch: 087/200 | Batch 0100/0251 | Loss: 1.7038
Epoch: 087/200 | Batch 0150/0251 | Loss: 1.4844
Epoch: 087/200 | Batch 0200/0251 | Loss: 1.7549
Epoch: 087/200 | Batch 0250/0251 | Loss: 1.3448
MAE/RMSE/ACC: Current Valid: 1.32/1.65/20.89 Ep. 87 | Best Valid: 1.16/1.42/20.89 | Ep. 2
Time elapsed: 2.81 min
Epoch: 088/200 | Batch 0000/0251 | Loss: 1.6361
Epoch: 088/200 | Batch 0050/0251 | Loss: 1.2518
Epoch: 088/200 | Batch 0100/0251 | Loss: 1.6380
Epoch: 088/200 | Batch 0150/0251 | Loss: 2.0123
Epoch: 088/200 | Batch 0200/0251 | Loss: 1.6315
Epoch: 088/200 | Batch 0250/0251 | Loss: 1.6496
MAE/RMSE/ACC: Current Valid: 1.31/1.64/20.89 Ep. 88 | Best Valid: 1.16/1.42/20.89 | Ep. 2
Time elapsed: 2.85 min
Epoch: 089/200 | Batch 0000/0251 | Loss: 1.8035
Epoch: 089/200 | Batch 0050/0251 | Loss: 1.8774
Epoch: 089/200 | Batch 0100/0251 | Loss: 1.5840
Epoch: 089/200 | Batch 0150/0251 | Loss: 1.5120
Epoch: 089/200 | Batch 0200/0251 | Loss: 1.5536
Epoch: 089/200 | Batch 0250/0251 | Loss: 2.0152
MAE/RMSE/ACC: Current Valid: 1.33/1.67/20.89 Ep. 89 | Best Valid: 1.16/1.42/20.89 | Ep. 2
Time elapsed: 2.88 min
Epoch: 090/200 | Batch 0000/0251 | Loss: 1.3374
Epoch: 090/200 | Batch 0050/0251 | Loss: 1.9989
Epoch: 090/200 | Batch 0100/0251 | Loss: 2.1667
Epoch: 090/200 | Batch 0150/0251 | Loss: 1.6615
Epoch: 090/200 | Batch 0200/0251 | Loss: 2.1179
Epoch: 090/200 | Batch 0250/0251 | Loss: 1.5525
MAE/RMSE/ACC: Current Valid: 1.33/1.66/20.89 Ep. 90 | Best Valid: 1.16/1.42/20.89 | Ep. 2
Time elapsed: 2.91 min
Epoch: 091/200 | Batch 0000/0251 | Loss: 1.5646
Epoch: 091/200 | Batch 0050/0251 | Loss: 1.8031
Epoch: 091/200 | Batch 0100/0251 | Loss: 1.5752
Epoch: 091/200 | Batch 0150/0251 | Loss: 1.5583
Epoch: 091/200 | Batch 0200/0251 | Loss: 1.6386
Epoch: 091/200 | Batch 0250/0251 | Loss: 1.4451
MAE/RMSE/ACC: Current Valid: 1.33/1.67/20.89 Ep. 91 | Best Valid: 1.16/1.42/20.89 | Ep. 2
Time elapsed: 2.94 min
Epoch: 092/200 | Batch 0000/0251 | Loss: 1.2863
Epoch: 092/200 | Batch 0050/0251 | Loss: 1.6590
Epoch: 092/200 | Batch 0100/0251 | Loss: 1.6793
Epoch: 092/200 | Batch 0150/0251 | Loss: 1.6824
Epoch: 092/200 | Batch 0200/0251 | Loss: 1.8381
Epoch: 092/200 | Batch 0250/0251 | Loss: 1.8389
MAE/RMSE/ACC: Current Valid: 1.33/1.67/20.89 Ep. 92 | Best Valid: 1.16/1.42/20.89 | Ep. 2
Time elapsed: 2.97 min
Epoch: 093/200 | Batch 0000/0251 | Loss: 1.1439
Epoch: 093/200 | Batch 0050/0251 | Loss: 1.4244
Epoch: 093/200 | Batch 0100/0251 | Loss: 1.2883
Epoch: 093/200 | Batch 0150/0251 | Loss: 1.7197
Epoch: 093/200 | Batch 0200/0251 | Loss: 1.2395
Epoch: 093/200 | Batch 0250/0251 | Loss: 1.6459
MAE/RMSE/ACC: Current Valid: 1.33/1.66/20.89 Ep. 93 | Best Valid: 1.16/1.42/20.89 | Ep. 2
Time elapsed: 3.00 min
Epoch: 094/200 | Batch 0000/0251 | Loss: 1.6064
Epoch: 094/200 | Batch 0050/0251 | Loss: 1.2418
Epoch: 094/200 | Batch 0100/0251 | Loss: 1.4180
Epoch: 094/200 | Batch 0150/0251 | Loss: 1.5095
Epoch: 094/200 | Batch 0200/0251 | Loss: 1.5211
Epoch: 094/200 | Batch 0250/0251 | Loss: 1.0526
MAE/RMSE/ACC: Current Valid: 1.33/1.67/20.89 Ep. 94 | Best Valid: 1.16/1.42/20.89 | Ep. 2
Time elapsed: 3.03 min
Epoch: 095/200 | Batch 0000/0251 | Loss: 1.5494
Epoch: 095/200 | Batch 0050/0251 | Loss: 1.5479
Epoch: 095/200 | Batch 0100/0251 | Loss: 1.6125
Epoch: 095/200 | Batch 0150/0251 | Loss: 2.1971
Epoch: 095/200 | Batch 0200/0251 | Loss: 1.2483
Epoch: 095/200 | Batch 0250/0251 | Loss: 1.8776
MAE/RMSE/ACC: Current Valid: 1.34/1.67/20.89 Ep. 95 | Best Valid: 1.16/1.42/20.89 | Ep. 2
Time elapsed: 3.06 min
Epoch: 096/200 | Batch 0000/0251 | Loss: 1.4870
Epoch: 096/200 | Batch 0050/0251 | Loss: 1.4533
Epoch: 096/200 | Batch 0100/0251 | Loss: 1.3534
Epoch: 096/200 | Batch 0150/0251 | Loss: 1.8389
Epoch: 096/200 | Batch 0200/0251 | Loss: 1.6730
Epoch: 096/200 | Batch 0250/0251 | Loss: 1.6009
MAE/RMSE/ACC: Current Valid: 1.34/1.69/20.89 Ep. 96 | Best Valid: 1.16/1.42/20.89 | Ep. 2
Time elapsed: 3.09 min
Epoch: 097/200 | Batch 0000/0251 | Loss: 1.3924
Epoch: 097/200 | Batch 0050/0251 | Loss: 1.1904
Epoch: 097/200 | Batch 0100/0251 | Loss: 1.4056
Epoch: 097/200 | Batch 0150/0251 | Loss: 1.1737
Epoch: 097/200 | Batch 0200/0251 | Loss: 1.1761
Epoch: 097/200 | Batch 0250/0251 | Loss: 1.1700
MAE/RMSE/ACC: Current Valid: 1.33/1.67/20.89 Ep. 97 | Best Valid: 1.16/1.42/20.89 | Ep. 2
Time elapsed: 3.12 min
Epoch: 098/200 | Batch 0000/0251 | Loss: 1.2512
Epoch: 098/200 | Batch 0050/0251 | Loss: 1.5673
Epoch: 098/200 | Batch 0100/0251 | Loss: 1.4572
Epoch: 098/200 | Batch 0150/0251 | Loss: 1.5567
Epoch: 098/200 | Batch 0200/0251 | Loss: 2.0244
Epoch: 098/200 | Batch 0250/0251 | Loss: 1.8691
MAE/RMSE/ACC: Current Valid: 1.34/1.68/20.89 Ep. 98 | Best Valid: 1.16/1.42/20.89 | Ep. 2
Time elapsed: 3.15 min
Epoch: 099/200 | Batch 0000/0251 | Loss: 1.3697
Epoch: 099/200 | Batch 0050/0251 | Loss: 1.3415
Epoch: 099/200 | Batch 0100/0251 | Loss: 1.6250
Epoch: 099/200 | Batch 0150/0251 | Loss: 1.3690
Epoch: 099/200 | Batch 0200/0251 | Loss: 1.3136
Epoch: 099/200 | Batch 0250/0251 | Loss: 1.7315
MAE/RMSE/ACC: Current Valid: 1.34/1.68/20.89 Ep. 99 | Best Valid: 1.16/1.42/20.89 | Ep. 2
Time elapsed: 3.19 min
Epoch: 100/200 | Batch 0000/0251 | Loss: 1.5314
Epoch: 100/200 | Batch 0050/0251 | Loss: 1.4214
Epoch: 100/200 | Batch 0100/0251 | Loss: 1.2598
Epoch: 100/200 | Batch 0150/0251 | Loss: 1.3639
Epoch: 100/200 | Batch 0200/0251 | Loss: 1.2362
Epoch: 100/200 | Batch 0250/0251 | Loss: 1.4508
MAE/RMSE/ACC: Current Valid: 1.32/1.66/20.89 Ep. 100 | Best Valid: 1.16/1.42/20.89 | Ep. 2
Time elapsed: 3.22 min
Epoch: 101/200 | Batch 0000/0251 | Loss: 1.3495
Epoch: 101/200 | Batch 0050/0251 | Loss: 1.6874
Epoch: 101/200 | Batch 0100/0251 | Loss: 1.5621
Epoch: 101/200 | Batch 0150/0251 | Loss: 1.7479
Epoch: 101/200 | Batch 0200/0251 | Loss: 1.1886
Epoch: 101/200 | Batch 0250/0251 | Loss: 1.1956
MAE/RMSE/ACC: Current Valid: 1.33/1.67/20.89 Ep. 101 | Best Valid: 1.16/1.42/20.89 | Ep. 2
Time elapsed: 3.25 min
Epoch: 102/200 | Batch 0000/0251 | Loss: 1.3734
Epoch: 102/200 | Batch 0050/0251 | Loss: 1.3415
Epoch: 102/200 | Batch 0100/0251 | Loss: 2.1015
Epoch: 102/200 | Batch 0150/0251 | Loss: 2.0164
Epoch: 102/200 | Batch 0200/0251 | Loss: 1.4738
Epoch: 102/200 | Batch 0250/0251 | Loss: 1.7898
MAE/RMSE/ACC: Current Valid: 1.34/1.68/20.89 Ep. 102 | Best Valid: 1.16/1.42/20.89 | Ep. 2
Time elapsed: 3.28 min
Epoch: 103/200 | Batch 0000/0251 | Loss: 1.2585
Epoch: 103/200 | Batch 0050/0251 | Loss: 1.3984
Epoch: 103/200 | Batch 0100/0251 | Loss: 1.3168
Epoch: 103/200 | Batch 0150/0251 | Loss: 1.4967
Epoch: 103/200 | Batch 0200/0251 | Loss: 1.4798
Epoch: 103/200 | Batch 0250/0251 | Loss: 1.9001
MAE/RMSE/ACC: Current Valid: 1.33/1.68/20.89 Ep. 103 | Best Valid: 1.16/1.42/20.89 | Ep. 2
Time elapsed: 3.31 min
Epoch: 104/200 | Batch 0000/0251 | Loss: 1.1779
Epoch: 104/200 | Batch 0050/0251 | Loss: 1.4147
Epoch: 104/200 | Batch 0100/0251 | Loss: 1.3461
Epoch: 104/200 | Batch 0150/0251 | Loss: 1.0243
Epoch: 104/200 | Batch 0200/0251 | Loss: 1.3415
Epoch: 104/200 | Batch 0250/0251 | Loss: 1.1274
MAE/RMSE/ACC: Current Valid: 1.34/1.68/20.89 Ep. 104 | Best Valid: 1.16/1.42/20.89 | Ep. 2
Time elapsed: 3.34 min
Epoch: 105/200 | Batch 0000/0251 | Loss: 1.5553
Epoch: 105/200 | Batch 0050/0251 | Loss: 1.2690
Epoch: 105/200 | Batch 0100/0251 | Loss: 1.4704
Epoch: 105/200 | Batch 0150/0251 | Loss: 1.8706
Epoch: 105/200 | Batch 0200/0251 | Loss: 1.3727
Epoch: 105/200 | Batch 0250/0251 | Loss: 1.1754
MAE/RMSE/ACC: Current Valid: 1.35/1.68/20.89 Ep. 105 | Best Valid: 1.16/1.42/20.89 | Ep. 2
Time elapsed: 3.37 min
Epoch: 106/200 | Batch 0000/0251 | Loss: 1.2086
Epoch: 106/200 | Batch 0050/0251 | Loss: 1.7335
Epoch: 106/200 | Batch 0100/0251 | Loss: 1.4019
Epoch: 106/200 | Batch 0150/0251 | Loss: 1.4352
Epoch: 106/200 | Batch 0200/0251 | Loss: 1.5095
Epoch: 106/200 | Batch 0250/0251 | Loss: 1.7782
MAE/RMSE/ACC: Current Valid: 1.35/1.68/20.89 Ep. 106 | Best Valid: 1.16/1.42/20.89 | Ep. 2
Time elapsed: 3.40 min
Epoch: 107/200 | Batch 0000/0251 | Loss: 1.2595
Epoch: 107/200 | Batch 0050/0251 | Loss: 1.3393
Epoch: 107/200 | Batch 0100/0251 | Loss: 1.4614
Epoch: 107/200 | Batch 0150/0251 | Loss: 1.7012
Epoch: 107/200 | Batch 0200/0251 | Loss: 1.4958
Epoch: 107/200 | Batch 0250/0251 | Loss: 1.8791
MAE/RMSE/ACC: Current Valid: 1.33/1.67/20.89 Ep. 107 | Best Valid: 1.16/1.42/20.89 | Ep. 2
Time elapsed: 3.43 min
Epoch: 108/200 | Batch 0000/0251 | Loss: 1.4524
Epoch: 108/200 | Batch 0050/0251 | Loss: 0.9418
Epoch: 108/200 | Batch 0100/0251 | Loss: 1.2411
Epoch: 108/200 | Batch 0150/0251 | Loss: 1.4699
Epoch: 108/200 | Batch 0200/0251 | Loss: 1.5893
Epoch: 108/200 | Batch 0250/0251 | Loss: 1.3969
MAE/RMSE/ACC: Current Valid: 1.36/1.70/20.89 Ep. 108 | Best Valid: 1.16/1.42/20.89 | Ep. 2
Time elapsed: 3.46 min
Epoch: 109/200 | Batch 0000/0251 | Loss: 1.3254
Epoch: 109/200 | Batch 0050/0251 | Loss: 1.2949
Epoch: 109/200 | Batch 0100/0251 | Loss: 1.2193
Epoch: 109/200 | Batch 0150/0251 | Loss: 1.8125
Epoch: 109/200 | Batch 0200/0251 | Loss: 1.5886
Epoch: 109/200 | Batch 0250/0251 | Loss: 1.4446
MAE/RMSE/ACC: Current Valid: 1.35/1.70/20.89 Ep. 109 | Best Valid: 1.16/1.42/20.89 | Ep. 2
Time elapsed: 3.50 min
Epoch: 110/200 | Batch 0000/0251 | Loss: 1.5534
Epoch: 110/200 | Batch 0050/0251 | Loss: 1.2329
Epoch: 110/200 | Batch 0100/0251 | Loss: 1.5001
Epoch: 110/200 | Batch 0150/0251 | Loss: 1.8358
Epoch: 110/200 | Batch 0200/0251 | Loss: 1.1935
Epoch: 110/200 | Batch 0250/0251 | Loss: 1.4612
MAE/RMSE/ACC: Current Valid: 1.34/1.69/20.89 Ep. 110 | Best Valid: 1.16/1.42/20.89 | Ep. 2
Time elapsed: 3.53 min
Epoch: 111/200 | Batch 0000/0251 | Loss: 1.6187
Epoch: 111/200 | Batch 0050/0251 | Loss: 1.5651
Epoch: 111/200 | Batch 0100/0251 | Loss: 1.3042
Epoch: 111/200 | Batch 0150/0251 | Loss: 1.5887
Epoch: 111/200 | Batch 0200/0251 | Loss: 1.2647
Epoch: 111/200 | Batch 0250/0251 | Loss: 1.3236
MAE/RMSE/ACC: Current Valid: 1.34/1.68/20.89 Ep. 111 | Best Valid: 1.16/1.42/20.89 | Ep. 2
Time elapsed: 3.56 min
Epoch: 112/200 | Batch 0000/0251 | Loss: 1.3211
Epoch: 112/200 | Batch 0050/0251 | Loss: 1.8398
Epoch: 112/200 | Batch 0100/0251 | Loss: 1.4618
Epoch: 112/200 | Batch 0150/0251 | Loss: 1.3137
Epoch: 112/200 | Batch 0200/0251 | Loss: 1.0679
Epoch: 112/200 | Batch 0250/0251 | Loss: 1.6430
MAE/RMSE/ACC: Current Valid: 1.34/1.67/20.89 Ep. 112 | Best Valid: 1.16/1.42/20.89 | Ep. 2
Time elapsed: 3.59 min
Epoch: 113/200 | Batch 0000/0251 | Loss: 1.4424
Epoch: 113/200 | Batch 0050/0251 | Loss: 1.7828
Epoch: 113/200 | Batch 0100/0251 | Loss: 1.4532
Epoch: 113/200 | Batch 0150/0251 | Loss: 1.3599
Epoch: 113/200 | Batch 0200/0251 | Loss: 1.4203
Epoch: 113/200 | Batch 0250/0251 | Loss: 1.5987
MAE/RMSE/ACC: Current Valid: 1.34/1.67/20.89 Ep. 113 | Best Valid: 1.16/1.42/20.89 | Ep. 2
Time elapsed: 3.62 min
Epoch: 114/200 | Batch 0000/0251 | Loss: 1.1113
Epoch: 114/200 | Batch 0050/0251 | Loss: 1.3967
Epoch: 114/200 | Batch 0100/0251 | Loss: 1.3551
Epoch: 114/200 | Batch 0150/0251 | Loss: 1.4741
Epoch: 114/200 | Batch 0200/0251 | Loss: 1.5551
Epoch: 114/200 | Batch 0250/0251 | Loss: 1.2373
MAE/RMSE/ACC: Current Valid: 1.36/1.69/20.89 Ep. 114 | Best Valid: 1.16/1.42/20.89 | Ep. 2
Time elapsed: 3.65 min
Epoch: 115/200 | Batch 0000/0251 | Loss: 0.8035
Epoch: 115/200 | Batch 0050/0251 | Loss: 1.7125
Epoch: 115/200 | Batch 0100/0251 | Loss: 1.7085
Epoch: 115/200 | Batch 0150/0251 | Loss: 1.1661
Epoch: 115/200 | Batch 0200/0251 | Loss: 1.4071
Epoch: 115/200 | Batch 0250/0251 | Loss: 1.6024
MAE/RMSE/ACC: Current Valid: 1.35/1.69/20.89 Ep. 115 | Best Valid: 1.16/1.42/20.89 | Ep. 2
Time elapsed: 3.68 min
Epoch: 116/200 | Batch 0000/0251 | Loss: 2.0009
Epoch: 116/200 | Batch 0050/0251 | Loss: 1.1902
Epoch: 116/200 | Batch 0100/0251 | Loss: 1.4082
Epoch: 116/200 | Batch 0150/0251 | Loss: 1.7506
Epoch: 116/200 | Batch 0200/0251 | Loss: 1.6469
Epoch: 116/200 | Batch 0250/0251 | Loss: 1.3989
MAE/RMSE/ACC: Current Valid: 1.34/1.67/20.89 Ep. 116 | Best Valid: 1.16/1.42/20.89 | Ep. 2
Time elapsed: 3.71 min
Epoch: 117/200 | Batch 0000/0251 | Loss: 1.2823
Epoch: 117/200 | Batch 0050/0251 | Loss: 1.7081
Epoch: 117/200 | Batch 0100/0251 | Loss: 0.9358
Epoch: 117/200 | Batch 0150/0251 | Loss: 1.2783
Epoch: 117/200 | Batch 0200/0251 | Loss: 1.4459
Epoch: 117/200 | Batch 0250/0251 | Loss: 2.0866
MAE/RMSE/ACC: Current Valid: 1.33/1.67/20.89 Ep. 117 | Best Valid: 1.16/1.42/20.89 | Ep. 2
Time elapsed: 3.75 min
Epoch: 118/200 | Batch 0000/0251 | Loss: 1.1679
Epoch: 118/200 | Batch 0050/0251 | Loss: 1.2296
Epoch: 118/200 | Batch 0100/0251 | Loss: 1.4133
Epoch: 118/200 | Batch 0150/0251 | Loss: 1.2476
Epoch: 118/200 | Batch 0200/0251 | Loss: 1.5273
Epoch: 118/200 | Batch 0250/0251 | Loss: 1.3542
MAE/RMSE/ACC: Current Valid: 1.35/1.69/20.89 Ep. 118 | Best Valid: 1.16/1.42/20.89 | Ep. 2
Time elapsed: 3.78 min
Epoch: 119/200 | Batch 0000/0251 | Loss: 1.8570
Epoch: 119/200 | Batch 0050/0251 | Loss: 1.3812
Epoch: 119/200 | Batch 0100/0251 | Loss: 1.5496
Epoch: 119/200 | Batch 0150/0251 | Loss: 1.6331
Epoch: 119/200 | Batch 0200/0251 | Loss: 1.7272
Epoch: 119/200 | Batch 0250/0251 | Loss: 1.3684
MAE/RMSE/ACC: Current Valid: 1.36/1.68/20.89 Ep. 119 | Best Valid: 1.16/1.42/20.89 | Ep. 2
Time elapsed: 3.81 min
Epoch: 120/200 | Batch 0000/0251 | Loss: 1.3643
Epoch: 120/200 | Batch 0050/0251 | Loss: 1.3508
Epoch: 120/200 | Batch 0100/0251 | Loss: 1.0385
Epoch: 120/200 | Batch 0150/0251 | Loss: 2.0402
Epoch: 120/200 | Batch 0200/0251 | Loss: 1.3104
Epoch: 120/200 | Batch 0250/0251 | Loss: 1.5258
MAE/RMSE/ACC: Current Valid: 1.35/1.68/20.89 Ep. 120 | Best Valid: 1.16/1.42/20.89 | Ep. 2
Time elapsed: 3.84 min
Epoch: 121/200 | Batch 0000/0251 | Loss: 1.4191
Epoch: 121/200 | Batch 0050/0251 | Loss: 2.1233
Epoch: 121/200 | Batch 0100/0251 | Loss: 1.3260
Epoch: 121/200 | Batch 0150/0251 | Loss: 1.1450
Epoch: 121/200 | Batch 0200/0251 | Loss: 1.1292
Epoch: 121/200 | Batch 0250/0251 | Loss: 1.3024
MAE/RMSE/ACC: Current Valid: 1.34/1.68/20.89 Ep. 121 | Best Valid: 1.16/1.42/20.89 | Ep. 2
Time elapsed: 3.87 min
Epoch: 122/200 | Batch 0000/0251 | Loss: 1.2673
Epoch: 122/200 | Batch 0050/0251 | Loss: 1.2601
Epoch: 122/200 | Batch 0100/0251 | Loss: 1.4658
Epoch: 122/200 | Batch 0150/0251 | Loss: 1.3964
Epoch: 122/200 | Batch 0200/0251 | Loss: 1.0918
Epoch: 122/200 | Batch 0250/0251 | Loss: 1.5610
MAE/RMSE/ACC: Current Valid: 1.33/1.66/20.89 Ep. 122 | Best Valid: 1.16/1.42/20.89 | Ep. 2
Time elapsed: 3.90 min
Epoch: 123/200 | Batch 0000/0251 | Loss: 1.1818
Epoch: 123/200 | Batch 0050/0251 | Loss: 1.4291
Epoch: 123/200 | Batch 0100/0251 | Loss: 1.6506
Epoch: 123/200 | Batch 0150/0251 | Loss: 1.3864
Epoch: 123/200 | Batch 0200/0251 | Loss: 1.2966
Epoch: 123/200 | Batch 0250/0251 | Loss: 1.2180
MAE/RMSE/ACC: Current Valid: 1.34/1.67/20.89 Ep. 123 | Best Valid: 1.16/1.42/20.89 | Ep. 2
Time elapsed: 3.93 min
Epoch: 124/200 | Batch 0000/0251 | Loss: 1.0273
Epoch: 124/200 | Batch 0050/0251 | Loss: 1.2331
Epoch: 124/200 | Batch 0100/0251 | Loss: 1.1689
Epoch: 124/200 | Batch 0150/0251 | Loss: 1.1467
Epoch: 124/200 | Batch 0200/0251 | Loss: 1.2550
Epoch: 124/200 | Batch 0250/0251 | Loss: 1.0521
MAE/RMSE/ACC: Current Valid: 1.34/1.69/20.89 Ep. 124 | Best Valid: 1.16/1.42/20.89 | Ep. 2
Time elapsed: 3.97 min
Epoch: 125/200 | Batch 0000/0251 | Loss: 1.3317
Epoch: 125/200 | Batch 0050/0251 | Loss: 1.1439
Epoch: 125/200 | Batch 0100/0251 | Loss: 1.9474
Epoch: 125/200 | Batch 0150/0251 | Loss: 1.8716
Epoch: 125/200 | Batch 0200/0251 | Loss: 1.0074
Epoch: 125/200 | Batch 0250/0251 | Loss: 1.3517
MAE/RMSE/ACC: Current Valid: 1.38/1.71/20.89 Ep. 125 | Best Valid: 1.16/1.42/20.89 | Ep. 2
Time elapsed: 4.00 min
Epoch: 126/200 | Batch 0000/0251 | Loss: 1.3495
Epoch: 126/200 | Batch 0050/0251 | Loss: 1.6124
Epoch: 126/200 | Batch 0100/0251 | Loss: 1.4415
Epoch: 126/200 | Batch 0150/0251 | Loss: 1.5341
Epoch: 126/200 | Batch 0200/0251 | Loss: 1.4223
Epoch: 126/200 | Batch 0250/0251 | Loss: 1.4810
MAE/RMSE/ACC: Current Valid: 1.34/1.67/20.89 Ep. 126 | Best Valid: 1.16/1.42/20.89 | Ep. 2
Time elapsed: 4.03 min
Epoch: 127/200 | Batch 0000/0251 | Loss: 1.2761
Epoch: 127/200 | Batch 0050/0251 | Loss: 1.4866
Epoch: 127/200 | Batch 0100/0251 | Loss: 1.7588
Epoch: 127/200 | Batch 0150/0251 | Loss: 1.4860
Epoch: 127/200 | Batch 0200/0251 | Loss: 1.9296
Epoch: 127/200 | Batch 0250/0251 | Loss: 1.4729
MAE/RMSE/ACC: Current Valid: 1.34/1.69/20.89 Ep. 127 | Best Valid: 1.16/1.42/20.89 | Ep. 2
Time elapsed: 4.06 min
Epoch: 128/200 | Batch 0000/0251 | Loss: 1.4147
Epoch: 128/200 | Batch 0050/0251 | Loss: 1.3841
Epoch: 128/200 | Batch 0100/0251 | Loss: 1.5942
Epoch: 128/200 | Batch 0150/0251 | Loss: 1.2271
Epoch: 128/200 | Batch 0200/0251 | Loss: 1.3985
Epoch: 128/200 | Batch 0250/0251 | Loss: 1.1968
MAE/RMSE/ACC: Current Valid: 1.38/1.70/20.89 Ep. 128 | Best Valid: 1.16/1.42/20.89 | Ep. 2
Time elapsed: 4.09 min
Epoch: 129/200 | Batch 0000/0251 | Loss: 1.8768
Epoch: 129/200 | Batch 0050/0251 | Loss: 1.6303
Epoch: 129/200 | Batch 0100/0251 | Loss: 1.6938
Epoch: 129/200 | Batch 0150/0251 | Loss: 1.2807
Epoch: 129/200 | Batch 0200/0251 | Loss: 1.1828
Epoch: 129/200 | Batch 0250/0251 | Loss: 1.4405
MAE/RMSE/ACC: Current Valid: 1.34/1.68/20.89 Ep. 129 | Best Valid: 1.16/1.42/20.89 | Ep. 2
Time elapsed: 4.12 min
Epoch: 130/200 | Batch 0000/0251 | Loss: 0.9641
Epoch: 130/200 | Batch 0050/0251 | Loss: 1.2277
Epoch: 130/200 | Batch 0100/0251 | Loss: 1.5644
Epoch: 130/200 | Batch 0150/0251 | Loss: 1.0192
Epoch: 130/200 | Batch 0200/0251 | Loss: 1.2249
Epoch: 130/200 | Batch 0250/0251 | Loss: 1.3067
MAE/RMSE/ACC: Current Valid: 1.35/1.68/20.89 Ep. 130 | Best Valid: 1.16/1.42/20.89 | Ep. 2
Time elapsed: 4.15 min
Epoch: 131/200 | Batch 0000/0251 | Loss: 0.9969
Epoch: 131/200 | Batch 0050/0251 | Loss: 1.6085
Epoch: 131/200 | Batch 0100/0251 | Loss: 1.5323
Epoch: 131/200 | Batch 0150/0251 | Loss: 1.3900
Epoch: 131/200 | Batch 0200/0251 | Loss: 1.2563
Epoch: 131/200 | Batch 0250/0251 | Loss: 1.3875
MAE/RMSE/ACC: Current Valid: 1.33/1.68/20.89 Ep. 131 | Best Valid: 1.16/1.42/20.89 | Ep. 2
Time elapsed: 4.18 min
Epoch: 132/200 | Batch 0000/0251 | Loss: 1.2639
Epoch: 132/200 | Batch 0050/0251 | Loss: 1.2911
Epoch: 132/200 | Batch 0100/0251 | Loss: 1.0897
Epoch: 132/200 | Batch 0150/0251 | Loss: 1.2137
Epoch: 132/200 | Batch 0200/0251 | Loss: 1.7691
Epoch: 132/200 | Batch 0250/0251 | Loss: 1.7138
MAE/RMSE/ACC: Current Valid: 1.33/1.66/20.89 Ep. 132 | Best Valid: 1.16/1.42/20.89 | Ep. 2
Time elapsed: 4.21 min
Epoch: 133/200 | Batch 0000/0251 | Loss: 1.2391
Epoch: 133/200 | Batch 0050/0251 | Loss: 1.6809
Epoch: 133/200 | Batch 0100/0251 | Loss: 1.0596
Epoch: 133/200 | Batch 0150/0251 | Loss: 1.5769
Epoch: 133/200 | Batch 0200/0251 | Loss: 2.1717
Epoch: 133/200 | Batch 0250/0251 | Loss: 1.3068
MAE/RMSE/ACC: Current Valid: 1.33/1.67/20.89 Ep. 133 | Best Valid: 1.16/1.42/20.89 | Ep. 2
Time elapsed: 4.25 min
Epoch: 134/200 | Batch 0000/0251 | Loss: 1.4252
Epoch: 134/200 | Batch 0050/0251 | Loss: 1.6586
Epoch: 134/200 | Batch 0100/0251 | Loss: 1.3629
Epoch: 134/200 | Batch 0150/0251 | Loss: 1.2183
Epoch: 134/200 | Batch 0200/0251 | Loss: 1.4345
Epoch: 134/200 | Batch 0250/0251 | Loss: 1.5565
MAE/RMSE/ACC: Current Valid: 1.34/1.67/20.89 Ep. 134 | Best Valid: 1.16/1.42/20.89 | Ep. 2
Time elapsed: 4.28 min
Epoch: 135/200 | Batch 0000/0251 | Loss: 1.5689
Epoch: 135/200 | Batch 0050/0251 | Loss: 1.1554
Epoch: 135/200 | Batch 0100/0251 | Loss: 1.6945
Epoch: 135/200 | Batch 0150/0251 | Loss: 1.5469
Epoch: 135/200 | Batch 0200/0251 | Loss: 1.5013
Epoch: 135/200 | Batch 0250/0251 | Loss: 1.1494
MAE/RMSE/ACC: Current Valid: 1.35/1.68/20.89 Ep. 135 | Best Valid: 1.16/1.42/20.89 | Ep. 2
Time elapsed: 4.31 min
Epoch: 136/200 | Batch 0000/0251 | Loss: 1.4219
Epoch: 136/200 | Batch 0050/0251 | Loss: 1.4495
Epoch: 136/200 | Batch 0100/0251 | Loss: 1.4146
Epoch: 136/200 | Batch 0150/0251 | Loss: 2.2560
Epoch: 136/200 | Batch 0200/0251 | Loss: 1.5647
Epoch: 136/200 | Batch 0250/0251 | Loss: 1.1325
MAE/RMSE/ACC: Current Valid: 1.32/1.65/20.89 Ep. 136 | Best Valid: 1.16/1.42/20.89 | Ep. 2
Time elapsed: 4.34 min
Epoch: 137/200 | Batch 0000/0251 | Loss: 1.2256
Epoch: 137/200 | Batch 0050/0251 | Loss: 1.2695
Epoch: 137/200 | Batch 0100/0251 | Loss: 1.4513
Epoch: 137/200 | Batch 0150/0251 | Loss: 1.8590
Epoch: 137/200 | Batch 0200/0251 | Loss: 1.2372
Epoch: 137/200 | Batch 0250/0251 | Loss: 1.4684
MAE/RMSE/ACC: Current Valid: 1.33/1.67/20.89 Ep. 137 | Best Valid: 1.16/1.42/20.89 | Ep. 2
Time elapsed: 4.37 min
Epoch: 138/200 | Batch 0000/0251 | Loss: 1.3115
Epoch: 138/200 | Batch 0050/0251 | Loss: 1.3552
Epoch: 138/200 | Batch 0100/0251 | Loss: 1.0612
Epoch: 138/200 | Batch 0150/0251 | Loss: 1.4708
Epoch: 138/200 | Batch 0200/0251 | Loss: 1.1441
Epoch: 138/200 | Batch 0250/0251 | Loss: 1.2017
MAE/RMSE/ACC: Current Valid: 1.33/1.68/20.89 Ep. 138 | Best Valid: 1.16/1.42/20.89 | Ep. 2
Time elapsed: 4.40 min
Epoch: 139/200 | Batch 0000/0251 | Loss: 0.7528
Epoch: 139/200 | Batch 0050/0251 | Loss: 1.1746
Epoch: 139/200 | Batch 0100/0251 | Loss: 1.1176
Epoch: 139/200 | Batch 0150/0251 | Loss: 1.7609
Epoch: 139/200 | Batch 0200/0251 | Loss: 1.4178
Epoch: 139/200 | Batch 0250/0251 | Loss: 1.0965
MAE/RMSE/ACC: Current Valid: 1.31/1.65/20.89 Ep. 139 | Best Valid: 1.16/1.42/20.89 | Ep. 2
Time elapsed: 4.43 min
Epoch: 140/200 | Batch 0000/0251 | Loss: 1.5794
Epoch: 140/200 | Batch 0050/0251 | Loss: 1.3104
Epoch: 140/200 | Batch 0100/0251 | Loss: 2.1066
Epoch: 140/200 | Batch 0150/0251 | Loss: 1.6091
Epoch: 140/200 | Batch 0200/0251 | Loss: 1.1686
Epoch: 140/200 | Batch 0250/0251 | Loss: 1.6869
MAE/RMSE/ACC: Current Valid: 1.34/1.68/20.89 Ep. 140 | Best Valid: 1.16/1.42/20.89 | Ep. 2
Time elapsed: 4.46 min
Epoch: 141/200 | Batch 0000/0251 | Loss: 1.5713
Epoch: 141/200 | Batch 0050/0251 | Loss: 1.3773
Epoch: 141/200 | Batch 0100/0251 | Loss: 1.3510
Epoch: 141/200 | Batch 0150/0251 | Loss: 1.1384
Epoch: 141/200 | Batch 0200/0251 | Loss: 1.3567
Epoch: 141/200 | Batch 0250/0251 | Loss: 1.4041
MAE/RMSE/ACC: Current Valid: 1.34/1.67/20.89 Ep. 141 | Best Valid: 1.16/1.42/20.89 | Ep. 2
Time elapsed: 4.49 min
Epoch: 142/200 | Batch 0000/0251 | Loss: 1.3110
Epoch: 142/200 | Batch 0050/0251 | Loss: 1.6179
Epoch: 142/200 | Batch 0100/0251 | Loss: 1.7273
Epoch: 142/200 | Batch 0150/0251 | Loss: 1.2143
Epoch: 142/200 | Batch 0200/0251 | Loss: 1.0346
Epoch: 142/200 | Batch 0250/0251 | Loss: 2.1302
MAE/RMSE/ACC: Current Valid: 1.34/1.68/20.89 Ep. 142 | Best Valid: 1.16/1.42/20.89 | Ep. 2
Time elapsed: 4.53 min
Epoch: 143/200 | Batch 0000/0251 | Loss: 1.3179
Epoch: 143/200 | Batch 0050/0251 | Loss: 1.3849
Epoch: 143/200 | Batch 0100/0251 | Loss: 1.6678
Epoch: 143/200 | Batch 0150/0251 | Loss: 1.7275
Epoch: 143/200 | Batch 0200/0251 | Loss: 1.3166
Epoch: 143/200 | Batch 0250/0251 | Loss: 1.7387
MAE/RMSE/ACC: Current Valid: 1.34/1.68/20.89 Ep. 143 | Best Valid: 1.16/1.42/20.89 | Ep. 2
Time elapsed: 4.56 min
Epoch: 144/200 | Batch 0000/0251 | Loss: 1.2844
Epoch: 144/200 | Batch 0050/0251 | Loss: 1.4837
Epoch: 144/200 | Batch 0100/0251 | Loss: 1.1672
Epoch: 144/200 | Batch 0150/0251 | Loss: 1.5593
Epoch: 144/200 | Batch 0200/0251 | Loss: 1.5434
Epoch: 144/200 | Batch 0250/0251 | Loss: 1.2949
MAE/RMSE/ACC: Current Valid: 1.34/1.67/20.89 Ep. 144 | Best Valid: 1.16/1.42/20.89 | Ep. 2
Time elapsed: 4.59 min
Epoch: 145/200 | Batch 0000/0251 | Loss: 1.6139
Epoch: 145/200 | Batch 0050/0251 | Loss: 1.3136
Epoch: 145/200 | Batch 0100/0251 | Loss: 1.4623
Epoch: 145/200 | Batch 0150/0251 | Loss: 1.1408
Epoch: 145/200 | Batch 0200/0251 | Loss: 1.6737
Epoch: 145/200 | Batch 0250/0251 | Loss: 1.2247
MAE/RMSE/ACC: Current Valid: 1.33/1.68/20.89 Ep. 145 | Best Valid: 1.16/1.42/20.89 | Ep. 2
Time elapsed: 4.62 min
Epoch: 146/200 | Batch 0000/0251 | Loss: 1.4630
Epoch: 146/200 | Batch 0050/0251 | Loss: 1.7204
Epoch: 146/200 | Batch 0100/0251 | Loss: 0.9711
Epoch: 146/200 | Batch 0150/0251 | Loss: 2.0319
Epoch: 146/200 | Batch 0200/0251 | Loss: 1.2054
Epoch: 146/200 | Batch 0250/0251 | Loss: 1.2811
MAE/RMSE/ACC: Current Valid: 1.32/1.67/20.89 Ep. 146 | Best Valid: 1.16/1.42/20.89 | Ep. 2
Time elapsed: 4.65 min
Epoch: 147/200 | Batch 0000/0251 | Loss: 0.9818
Epoch: 147/200 | Batch 0050/0251 | Loss: 1.4125
Epoch: 147/200 | Batch 0100/0251 | Loss: 1.0816
Epoch: 147/200 | Batch 0150/0251 | Loss: 1.2741
Epoch: 147/200 | Batch 0200/0251 | Loss: 1.6451
Epoch: 147/200 | Batch 0250/0251 | Loss: 1.5123
MAE/RMSE/ACC: Current Valid: 1.33/1.66/20.89 Ep. 147 | Best Valid: 1.16/1.42/20.89 | Ep. 2
Time elapsed: 4.68 min
Epoch: 148/200 | Batch 0000/0251 | Loss: 1.4541
Epoch: 148/200 | Batch 0050/0251 | Loss: 1.3011
Epoch: 148/200 | Batch 0100/0251 | Loss: 1.6590
Epoch: 148/200 | Batch 0150/0251 | Loss: 1.4298
Epoch: 148/200 | Batch 0200/0251 | Loss: 1.3758
Epoch: 148/200 | Batch 0250/0251 | Loss: 1.4921
MAE/RMSE/ACC: Current Valid: 1.35/1.69/20.89 Ep. 148 | Best Valid: 1.16/1.42/20.89 | Ep. 2
Time elapsed: 4.71 min
Epoch: 149/200 | Batch 0000/0251 | Loss: 1.5228
Epoch: 149/200 | Batch 0050/0251 | Loss: 1.5613
Epoch: 149/200 | Batch 0100/0251 | Loss: 2.0048
Epoch: 149/200 | Batch 0150/0251 | Loss: 1.4200
Epoch: 149/200 | Batch 0200/0251 | Loss: 1.6691
Epoch: 149/200 | Batch 0250/0251 | Loss: 1.7650
MAE/RMSE/ACC: Current Valid: 1.34/1.67/20.89 Ep. 149 | Best Valid: 1.16/1.42/20.89 | Ep. 2
Time elapsed: 4.74 min
Epoch: 150/200 | Batch 0000/0251 | Loss: 1.7583
Epoch: 150/200 | Batch 0050/0251 | Loss: 1.0906
Epoch: 150/200 | Batch 0100/0251 | Loss: 1.4843
Epoch: 150/200 | Batch 0150/0251 | Loss: 1.5026
Epoch: 150/200 | Batch 0200/0251 | Loss: 1.8326
Epoch: 150/200 | Batch 0250/0251 | Loss: 0.8133
MAE/RMSE/ACC: Current Valid: 1.35/1.69/20.89 Ep. 150 | Best Valid: 1.16/1.42/20.89 | Ep. 2
Time elapsed: 4.77 min
Epoch: 151/200 | Batch 0000/0251 | Loss: 1.2336
Epoch: 151/200 | Batch 0050/0251 | Loss: 1.0975
Epoch: 151/200 | Batch 0100/0251 | Loss: 1.7047
Epoch: 151/200 | Batch 0150/0251 | Loss: 0.9899
Epoch: 151/200 | Batch 0200/0251 | Loss: 1.4306
Epoch: 151/200 | Batch 0250/0251 | Loss: 1.2176
MAE/RMSE/ACC: Current Valid: 1.35/1.70/20.89 Ep. 151 | Best Valid: 1.16/1.42/20.89 | Ep. 2
Time elapsed: 4.80 min
Epoch: 152/200 | Batch 0000/0251 | Loss: 1.4246
Epoch: 152/200 | Batch 0050/0251 | Loss: 1.6985
Epoch: 152/200 | Batch 0100/0251 | Loss: 1.5831
Epoch: 152/200 | Batch 0150/0251 | Loss: 1.5586
Epoch: 152/200 | Batch 0200/0251 | Loss: 1.6910
Epoch: 152/200 | Batch 0250/0251 | Loss: 1.1116
MAE/RMSE/ACC: Current Valid: 1.34/1.67/20.89 Ep. 152 | Best Valid: 1.16/1.42/20.89 | Ep. 2
Time elapsed: 4.84 min
Epoch: 153/200 | Batch 0000/0251 | Loss: 1.1493
Epoch: 153/200 | Batch 0050/0251 | Loss: 1.1045
Epoch: 153/200 | Batch 0100/0251 | Loss: 1.3484
Epoch: 153/200 | Batch 0150/0251 | Loss: 1.3934
Epoch: 153/200 | Batch 0200/0251 | Loss: 1.7228
Epoch: 153/200 | Batch 0250/0251 | Loss: 1.4244
MAE/RMSE/ACC: Current Valid: 1.34/1.67/20.89 Ep. 153 | Best Valid: 1.16/1.42/20.89 | Ep. 2
Time elapsed: 4.87 min
Epoch: 154/200 | Batch 0000/0251 | Loss: 1.0781
Epoch: 154/200 | Batch 0050/0251 | Loss: 1.5445
Epoch: 154/200 | Batch 0100/0251 | Loss: 2.1015
Epoch: 154/200 | Batch 0150/0251 | Loss: 1.1646
Epoch: 154/200 | Batch 0200/0251 | Loss: 1.1029
Epoch: 154/200 | Batch 0250/0251 | Loss: 1.6229
MAE/RMSE/ACC: Current Valid: 1.32/1.66/20.89 Ep. 154 | Best Valid: 1.16/1.42/20.89 | Ep. 2
Time elapsed: 4.90 min
Epoch: 155/200 | Batch 0000/0251 | Loss: 1.2048
Epoch: 155/200 | Batch 0050/0251 | Loss: 1.1555
Epoch: 155/200 | Batch 0100/0251 | Loss: 1.3721
Epoch: 155/200 | Batch 0150/0251 | Loss: 1.1245
Epoch: 155/200 | Batch 0200/0251 | Loss: 1.3156
Epoch: 155/200 | Batch 0250/0251 | Loss: 1.6529
MAE/RMSE/ACC: Current Valid: 1.33/1.67/20.89 Ep. 155 | Best Valid: 1.16/1.42/20.89 | Ep. 2
Time elapsed: 4.93 min
Epoch: 156/200 | Batch 0000/0251 | Loss: 1.6199
Epoch: 156/200 | Batch 0050/0251 | Loss: 0.9624
Epoch: 156/200 | Batch 0100/0251 | Loss: 1.3819
Epoch: 156/200 | Batch 0150/0251 | Loss: 1.2217
Epoch: 156/200 | Batch 0200/0251 | Loss: 1.4200
Epoch: 156/200 | Batch 0250/0251 | Loss: 1.8593
MAE/RMSE/ACC: Current Valid: 1.35/1.68/20.89 Ep. 156 | Best Valid: 1.16/1.42/20.89 | Ep. 2
Time elapsed: 4.96 min
Epoch: 157/200 | Batch 0000/0251 | Loss: 1.7233
Epoch: 157/200 | Batch 0050/0251 | Loss: 1.2969
Epoch: 157/200 | Batch 0100/0251 | Loss: 1.7585
Epoch: 157/200 | Batch 0150/0251 | Loss: 1.4716
Epoch: 157/200 | Batch 0200/0251 | Loss: 1.2055
Epoch: 157/200 | Batch 0250/0251 | Loss: 1.6021
MAE/RMSE/ACC: Current Valid: 1.34/1.67/20.89 Ep. 157 | Best Valid: 1.16/1.42/20.89 | Ep. 2
Time elapsed: 4.99 min
Epoch: 158/200 | Batch 0000/0251 | Loss: 1.5527
Epoch: 158/200 | Batch 0050/0251 | Loss: 1.1727
Epoch: 158/200 | Batch 0100/0251 | Loss: 1.4509
Epoch: 158/200 | Batch 0150/0251 | Loss: 1.2086
Epoch: 158/200 | Batch 0200/0251 | Loss: 1.0932
Epoch: 158/200 | Batch 0250/0251 | Loss: 1.1952
MAE/RMSE/ACC: Current Valid: 1.34/1.67/20.89 Ep. 158 | Best Valid: 1.16/1.42/20.89 | Ep. 2
Time elapsed: 5.02 min
Epoch: 159/200 | Batch 0000/0251 | Loss: 1.1354
Epoch: 159/200 | Batch 0050/0251 | Loss: 1.2787
Epoch: 159/200 | Batch 0100/0251 | Loss: 1.6343
Epoch: 159/200 | Batch 0150/0251 | Loss: 1.2886
Epoch: 159/200 | Batch 0200/0251 | Loss: 1.3250
Epoch: 159/200 | Batch 0250/0251 | Loss: 1.4706
MAE/RMSE/ACC: Current Valid: 1.35/1.68/20.89 Ep. 159 | Best Valid: 1.16/1.42/20.89 | Ep. 2
Time elapsed: 5.05 min
Epoch: 160/200 | Batch 0000/0251 | Loss: 1.4688
Epoch: 160/200 | Batch 0050/0251 | Loss: 1.3295
Epoch: 160/200 | Batch 0100/0251 | Loss: 1.4122
Epoch: 160/200 | Batch 0150/0251 | Loss: 1.4128
Epoch: 160/200 | Batch 0200/0251 | Loss: 1.3259
Epoch: 160/200 | Batch 0250/0251 | Loss: 1.3479
MAE/RMSE/ACC: Current Valid: 1.33/1.67/20.89 Ep. 160 | Best Valid: 1.16/1.42/20.89 | Ep. 2
Time elapsed: 5.08 min
Epoch: 161/200 | Batch 0000/0251 | Loss: 1.5015
Epoch: 161/200 | Batch 0050/0251 | Loss: 1.7751
Epoch: 161/200 | Batch 0100/0251 | Loss: 1.3450
Epoch: 161/200 | Batch 0150/0251 | Loss: 1.4914
Epoch: 161/200 | Batch 0200/0251 | Loss: 1.7837
Epoch: 161/200 | Batch 0250/0251 | Loss: 1.3485
MAE/RMSE/ACC: Current Valid: 1.35/1.67/20.89 Ep. 161 | Best Valid: 1.16/1.42/20.89 | Ep. 2
Time elapsed: 5.11 min
Epoch: 162/200 | Batch 0000/0251 | Loss: 1.6635
Epoch: 162/200 | Batch 0050/0251 | Loss: 1.1520
Epoch: 162/200 | Batch 0100/0251 | Loss: 1.2026
Epoch: 162/200 | Batch 0150/0251 | Loss: 1.1411
Epoch: 162/200 | Batch 0200/0251 | Loss: 1.4394
Epoch: 162/200 | Batch 0250/0251 | Loss: 1.2602
MAE/RMSE/ACC: Current Valid: 1.36/1.70/20.89 Ep. 162 | Best Valid: 1.16/1.42/20.89 | Ep. 2
Time elapsed: 5.15 min
Epoch: 163/200 | Batch 0000/0251 | Loss: 1.4659
Epoch: 163/200 | Batch 0050/0251 | Loss: 1.3681
Epoch: 163/200 | Batch 0100/0251 | Loss: 1.8345
Epoch: 163/200 | Batch 0150/0251 | Loss: 1.0192
Epoch: 163/200 | Batch 0200/0251 | Loss: 1.6233
Epoch: 163/200 | Batch 0250/0251 | Loss: 1.6561
MAE/RMSE/ACC: Current Valid: 1.35/1.69/20.89 Ep. 163 | Best Valid: 1.16/1.42/20.89 | Ep. 2
Time elapsed: 5.18 min
Epoch: 164/200 | Batch 0000/0251 | Loss: 1.4415
Epoch: 164/200 | Batch 0050/0251 | Loss: 1.3118
Epoch: 164/200 | Batch 0100/0251 | Loss: 1.4139
Epoch: 164/200 | Batch 0150/0251 | Loss: 1.4217
Epoch: 164/200 | Batch 0200/0251 | Loss: 1.2931
Epoch: 164/200 | Batch 0250/0251 | Loss: 1.4901
MAE/RMSE/ACC: Current Valid: 1.35/1.69/20.89 Ep. 164 | Best Valid: 1.16/1.42/20.89 | Ep. 2
Time elapsed: 5.21 min
Epoch: 165/200 | Batch 0000/0251 | Loss: 1.8242
Epoch: 165/200 | Batch 0050/0251 | Loss: 1.2465
Epoch: 165/200 | Batch 0100/0251 | Loss: 1.4202
Epoch: 165/200 | Batch 0150/0251 | Loss: 1.5378
Epoch: 165/200 | Batch 0200/0251 | Loss: 1.4654
Epoch: 165/200 | Batch 0250/0251 | Loss: 1.5158
MAE/RMSE/ACC: Current Valid: 1.34/1.68/20.89 Ep. 165 | Best Valid: 1.16/1.42/20.89 | Ep. 2
Time elapsed: 5.24 min
Epoch: 166/200 | Batch 0000/0251 | Loss: 1.2428
Epoch: 166/200 | Batch 0050/0251 | Loss: 1.9036
Epoch: 166/200 | Batch 0100/0251 | Loss: 1.2464
Epoch: 166/200 | Batch 0150/0251 | Loss: 1.6173
Epoch: 166/200 | Batch 0200/0251 | Loss: 1.1930
Epoch: 166/200 | Batch 0250/0251 | Loss: 1.9876
MAE/RMSE/ACC: Current Valid: 1.36/1.69/20.89 Ep. 166 | Best Valid: 1.16/1.42/20.89 | Ep. 2
Time elapsed: 5.27 min
Epoch: 167/200 | Batch 0000/0251 | Loss: 1.6671
Epoch: 167/200 | Batch 0050/0251 | Loss: 1.5868
Epoch: 167/200 | Batch 0100/0251 | Loss: 1.2961
Epoch: 167/200 | Batch 0150/0251 | Loss: 1.1203
Epoch: 167/200 | Batch 0200/0251 | Loss: 2.0529
Epoch: 167/200 | Batch 0250/0251 | Loss: 1.9261
MAE/RMSE/ACC: Current Valid: 1.34/1.68/20.89 Ep. 167 | Best Valid: 1.16/1.42/20.89 | Ep. 2
Time elapsed: 5.30 min
Epoch: 168/200 | Batch 0000/0251 | Loss: 1.5489
Epoch: 168/200 | Batch 0050/0251 | Loss: 1.1199
Epoch: 168/200 | Batch 0100/0251 | Loss: 1.3621
Epoch: 168/200 | Batch 0150/0251 | Loss: 1.4656
Epoch: 168/200 | Batch 0200/0251 | Loss: 1.1896
Epoch: 168/200 | Batch 0250/0251 | Loss: 1.6209
MAE/RMSE/ACC: Current Valid: 1.35/1.69/20.89 Ep. 168 | Best Valid: 1.16/1.42/20.89 | Ep. 2
Time elapsed: 5.33 min
Epoch: 169/200 | Batch 0000/0251 | Loss: 1.7146
Epoch: 169/200 | Batch 0050/0251 | Loss: 1.3524
Epoch: 169/200 | Batch 0100/0251 | Loss: 1.5272
Epoch: 169/200 | Batch 0150/0251 | Loss: 1.1919
Epoch: 169/200 | Batch 0200/0251 | Loss: 1.5676
Epoch: 169/200 | Batch 0250/0251 | Loss: 1.3666
MAE/RMSE/ACC: Current Valid: 1.33/1.67/20.89 Ep. 169 | Best Valid: 1.16/1.42/20.89 | Ep. 2
Time elapsed: 5.37 min
Epoch: 170/200 | Batch 0000/0251 | Loss: 1.5519
Epoch: 170/200 | Batch 0050/0251 | Loss: 1.1396
Epoch: 170/200 | Batch 0100/0251 | Loss: 1.5208
Epoch: 170/200 | Batch 0150/0251 | Loss: 1.8990
Epoch: 170/200 | Batch 0200/0251 | Loss: 1.3686
Epoch: 170/200 | Batch 0250/0251 | Loss: 1.4754
MAE/RMSE/ACC: Current Valid: 1.34/1.68/20.89 Ep. 170 | Best Valid: 1.16/1.42/20.89 | Ep. 2
Time elapsed: 5.40 min
Epoch: 171/200 | Batch 0000/0251 | Loss: 1.1361
Epoch: 171/200 | Batch 0050/0251 | Loss: 1.2113
Epoch: 171/200 | Batch 0100/0251 | Loss: 1.4188
Epoch: 171/200 | Batch 0150/0251 | Loss: 1.1879
Epoch: 171/200 | Batch 0200/0251 | Loss: 1.2615
Epoch: 171/200 | Batch 0250/0251 | Loss: 1.1947
MAE/RMSE/ACC: Current Valid: 1.33/1.67/20.89 Ep. 171 | Best Valid: 1.16/1.42/20.89 | Ep. 2
Time elapsed: 5.43 min
Epoch: 172/200 | Batch 0000/0251 | Loss: 1.7831
Epoch: 172/200 | Batch 0050/0251 | Loss: 1.6604
Epoch: 172/200 | Batch 0100/0251 | Loss: 1.3147
Epoch: 172/200 | Batch 0150/0251 | Loss: 1.3298
Epoch: 172/200 | Batch 0200/0251 | Loss: 1.2611
Epoch: 172/200 | Batch 0250/0251 | Loss: 0.8942
MAE/RMSE/ACC: Current Valid: 1.34/1.69/20.89 Ep. 172 | Best Valid: 1.16/1.42/20.89 | Ep. 2
Time elapsed: 5.46 min
Epoch: 173/200 | Batch 0000/0251 | Loss: 1.3474
Epoch: 173/200 | Batch 0050/0251 | Loss: 1.2305
Epoch: 173/200 | Batch 0100/0251 | Loss: 1.3323
Epoch: 173/200 | Batch 0150/0251 | Loss: 1.2505
Epoch: 173/200 | Batch 0200/0251 | Loss: 1.3456
Epoch: 173/200 | Batch 0250/0251 | Loss: 1.3933
MAE/RMSE/ACC: Current Valid: 1.33/1.66/20.89 Ep. 173 | Best Valid: 1.16/1.42/20.89 | Ep. 2
Time elapsed: 5.50 min
Epoch: 174/200 | Batch 0000/0251 | Loss: 1.4512
Epoch: 174/200 | Batch 0050/0251 | Loss: 1.5854
Epoch: 174/200 | Batch 0100/0251 | Loss: 1.4545
Epoch: 174/200 | Batch 0150/0251 | Loss: 1.3644
Epoch: 174/200 | Batch 0200/0251 | Loss: 1.2046
Epoch: 174/200 | Batch 0250/0251 | Loss: 1.4982
MAE/RMSE/ACC: Current Valid: 1.34/1.68/20.89 Ep. 174 | Best Valid: 1.16/1.42/20.89 | Ep. 2
Time elapsed: 5.53 min
Epoch: 175/200 | Batch 0000/0251 | Loss: 1.2350
Epoch: 175/200 | Batch 0050/0251 | Loss: 1.7166
Epoch: 175/200 | Batch 0100/0251 | Loss: 1.3317
Epoch: 175/200 | Batch 0150/0251 | Loss: 0.9949
Epoch: 175/200 | Batch 0200/0251 | Loss: 1.7285
Epoch: 175/200 | Batch 0250/0251 | Loss: 1.7296
MAE/RMSE/ACC: Current Valid: 1.33/1.68/20.89 Ep. 175 | Best Valid: 1.16/1.42/20.89 | Ep. 2
Time elapsed: 5.56 min
Epoch: 176/200 | Batch 0000/0251 | Loss: 1.6133
Epoch: 176/200 | Batch 0050/0251 | Loss: 1.4866
Epoch: 176/200 | Batch 0100/0251 | Loss: 1.7323
Epoch: 176/200 | Batch 0150/0251 | Loss: 1.3195
Epoch: 176/200 | Batch 0200/0251 | Loss: 1.9124
Epoch: 176/200 | Batch 0250/0251 | Loss: 1.4463
MAE/RMSE/ACC: Current Valid: 1.33/1.67/20.89 Ep. 176 | Best Valid: 1.16/1.42/20.89 | Ep. 2
Time elapsed: 5.59 min
Epoch: 177/200 | Batch 0000/0251 | Loss: 1.0931
Epoch: 177/200 | Batch 0050/0251 | Loss: 1.0502
Epoch: 177/200 | Batch 0100/0251 | Loss: 1.3129
Epoch: 177/200 | Batch 0150/0251 | Loss: 2.1885
Epoch: 177/200 | Batch 0200/0251 | Loss: 1.6112
Epoch: 177/200 | Batch 0250/0251 | Loss: 1.6136
MAE/RMSE/ACC: Current Valid: 1.34/1.68/20.89 Ep. 177 | Best Valid: 1.16/1.42/20.89 | Ep. 2
Time elapsed: 5.62 min
Epoch: 178/200 | Batch 0000/0251 | Loss: 1.3668
Epoch: 178/200 | Batch 0050/0251 | Loss: 1.7726
Epoch: 178/200 | Batch 0100/0251 | Loss: 1.5328
Epoch: 178/200 | Batch 0150/0251 | Loss: 1.4745
Epoch: 178/200 | Batch 0200/0251 | Loss: 1.4141
Epoch: 178/200 | Batch 0250/0251 | Loss: 0.9836
MAE/RMSE/ACC: Current Valid: 1.35/1.69/20.89 Ep. 178 | Best Valid: 1.16/1.42/20.89 | Ep. 2
Time elapsed: 5.65 min
Epoch: 179/200 | Batch 0000/0251 | Loss: 1.6561
Epoch: 179/200 | Batch 0050/0251 | Loss: 1.0260
Epoch: 179/200 | Batch 0100/0251 | Loss: 1.6080
Epoch: 179/200 | Batch 0150/0251 | Loss: 1.1541
Epoch: 179/200 | Batch 0200/0251 | Loss: 1.5961
Epoch: 179/200 | Batch 0250/0251 | Loss: 1.4843
MAE/RMSE/ACC: Current Valid: 1.35/1.68/20.89 Ep. 179 | Best Valid: 1.16/1.42/20.89 | Ep. 2
Time elapsed: 5.68 min
Epoch: 180/200 | Batch 0000/0251 | Loss: 1.0967
Epoch: 180/200 | Batch 0050/0251 | Loss: 1.5991
Epoch: 180/200 | Batch 0100/0251 | Loss: 1.1026
Epoch: 180/200 | Batch 0150/0251 | Loss: 1.0710
Epoch: 180/200 | Batch 0200/0251 | Loss: 1.8215
Epoch: 180/200 | Batch 0250/0251 | Loss: 1.4576
MAE/RMSE/ACC: Current Valid: 1.34/1.67/20.89 Ep. 180 | Best Valid: 1.16/1.42/20.89 | Ep. 2
Time elapsed: 5.71 min
Epoch: 181/200 | Batch 0000/0251 | Loss: 1.2218
Epoch: 181/200 | Batch 0050/0251 | Loss: 1.0577
Epoch: 181/200 | Batch 0100/0251 | Loss: 1.0500
Epoch: 181/200 | Batch 0150/0251 | Loss: 1.2716
Epoch: 181/200 | Batch 0200/0251 | Loss: 1.3055
Epoch: 181/200 | Batch 0250/0251 | Loss: 1.1760
MAE/RMSE/ACC: Current Valid: 1.33/1.67/20.89 Ep. 181 | Best Valid: 1.16/1.42/20.89 | Ep. 2
Time elapsed: 5.74 min
Epoch: 182/200 | Batch 0000/0251 | Loss: 1.5431
Epoch: 182/200 | Batch 0050/0251 | Loss: 1.4365
Epoch: 182/200 | Batch 0100/0251 | Loss: 1.1214
Epoch: 182/200 | Batch 0150/0251 | Loss: 1.3453
Epoch: 182/200 | Batch 0200/0251 | Loss: 1.7060
Epoch: 182/200 | Batch 0250/0251 | Loss: 1.2584
MAE/RMSE/ACC: Current Valid: 1.33/1.66/20.89 Ep. 182 | Best Valid: 1.16/1.42/20.89 | Ep. 2
Time elapsed: 5.78 min
Epoch: 183/200 | Batch 0000/0251 | Loss: 1.3869
Epoch: 183/200 | Batch 0050/0251 | Loss: 1.4652
Epoch: 183/200 | Batch 0100/0251 | Loss: 1.1715
Epoch: 183/200 | Batch 0150/0251 | Loss: 1.5748
Epoch: 183/200 | Batch 0200/0251 | Loss: 1.1046
Epoch: 183/200 | Batch 0250/0251 | Loss: 1.2727
MAE/RMSE/ACC: Current Valid: 1.32/1.65/20.89 Ep. 183 | Best Valid: 1.16/1.42/20.89 | Ep. 2
Time elapsed: 5.81 min
Epoch: 184/200 | Batch 0000/0251 | Loss: 1.3771
Epoch: 184/200 | Batch 0050/0251 | Loss: 1.0886
Epoch: 184/200 | Batch 0100/0251 | Loss: 1.2381
Epoch: 184/200 | Batch 0150/0251 | Loss: 1.3016
Epoch: 184/200 | Batch 0200/0251 | Loss: 1.2879
Epoch: 184/200 | Batch 0250/0251 | Loss: 1.0052
MAE/RMSE/ACC: Current Valid: 1.33/1.66/20.89 Ep. 184 | Best Valid: 1.16/1.42/20.89 | Ep. 2
Time elapsed: 5.84 min
Epoch: 185/200 | Batch 0000/0251 | Loss: 1.2626
Epoch: 185/200 | Batch 0050/0251 | Loss: 1.4021
Epoch: 185/200 | Batch 0100/0251 | Loss: 1.4653
Epoch: 185/200 | Batch 0150/0251 | Loss: 2.0869
Epoch: 185/200 | Batch 0200/0251 | Loss: 1.1642
Epoch: 185/200 | Batch 0250/0251 | Loss: 1.8132
MAE/RMSE/ACC: Current Valid: 1.32/1.65/20.89 Ep. 185 | Best Valid: 1.16/1.42/20.89 | Ep. 2
Time elapsed: 5.87 min
Epoch: 186/200 | Batch 0000/0251 | Loss: 1.5400
Epoch: 186/200 | Batch 0050/0251 | Loss: 1.1370
Epoch: 186/200 | Batch 0100/0251 | Loss: 1.2810
Epoch: 186/200 | Batch 0150/0251 | Loss: 1.4480
Epoch: 186/200 | Batch 0200/0251 | Loss: 1.5018
Epoch: 186/200 | Batch 0250/0251 | Loss: 1.5802
MAE/RMSE/ACC: Current Valid: 1.33/1.65/20.89 Ep. 186 | Best Valid: 1.16/1.42/20.89 | Ep. 2
Time elapsed: 5.90 min
Epoch: 187/200 | Batch 0000/0251 | Loss: 1.3386
Epoch: 187/200 | Batch 0050/0251 | Loss: 1.4211
Epoch: 187/200 | Batch 0100/0251 | Loss: 1.0504
Epoch: 187/200 | Batch 0150/0251 | Loss: 1.2201
Epoch: 187/200 | Batch 0200/0251 | Loss: 1.7186
Epoch: 187/200 | Batch 0250/0251 | Loss: 1.3858
MAE/RMSE/ACC: Current Valid: 1.32/1.66/20.89 Ep. 187 | Best Valid: 1.16/1.42/20.89 | Ep. 2
Time elapsed: 5.93 min
Epoch: 188/200 | Batch 0000/0251 | Loss: 1.3165
Epoch: 188/200 | Batch 0050/0251 | Loss: 1.3972
Epoch: 188/200 | Batch 0100/0251 | Loss: 1.1416
Epoch: 188/200 | Batch 0150/0251 | Loss: 1.2324
Epoch: 188/200 | Batch 0200/0251 | Loss: 1.1686
Epoch: 188/200 | Batch 0250/0251 | Loss: 1.4258
MAE/RMSE/ACC: Current Valid: 1.32/1.65/20.89 Ep. 188 | Best Valid: 1.16/1.42/20.89 | Ep. 2
Time elapsed: 5.96 min
Epoch: 189/200 | Batch 0000/0251 | Loss: 1.0148
Epoch: 189/200 | Batch 0050/0251 | Loss: 1.7120
Epoch: 189/200 | Batch 0100/0251 | Loss: 1.2030
Epoch: 189/200 | Batch 0150/0251 | Loss: 1.0828
Epoch: 189/200 | Batch 0200/0251 | Loss: 1.6848
Epoch: 189/200 | Batch 0250/0251 | Loss: 1.3500
MAE/RMSE/ACC: Current Valid: 1.33/1.66/20.89 Ep. 189 | Best Valid: 1.16/1.42/20.89 | Ep. 2
Time elapsed: 5.99 min
Epoch: 190/200 | Batch 0000/0251 | Loss: 1.5689
Epoch: 190/200 | Batch 0050/0251 | Loss: 1.3502
Epoch: 190/200 | Batch 0100/0251 | Loss: 1.7024
Epoch: 190/200 | Batch 0150/0251 | Loss: 1.6885
Epoch: 190/200 | Batch 0200/0251 | Loss: 1.9052
Epoch: 190/200 | Batch 0250/0251 | Loss: 1.7481
MAE/RMSE/ACC: Current Valid: 1.34/1.67/20.89 Ep. 190 | Best Valid: 1.16/1.42/20.89 | Ep. 2
Time elapsed: 6.02 min
Epoch: 191/200 | Batch 0000/0251 | Loss: 1.0074
Epoch: 191/200 | Batch 0050/0251 | Loss: 1.1594
Epoch: 191/200 | Batch 0100/0251 | Loss: 1.3528
Epoch: 191/200 | Batch 0150/0251 | Loss: 1.7048
Epoch: 191/200 | Batch 0200/0251 | Loss: 1.1316
Epoch: 191/200 | Batch 0250/0251 | Loss: 1.2138
MAE/RMSE/ACC: Current Valid: 1.33/1.66/20.89 Ep. 191 | Best Valid: 1.16/1.42/20.89 | Ep. 2
Time elapsed: 6.05 min
Epoch: 192/200 | Batch 0000/0251 | Loss: 1.3739
Epoch: 192/200 | Batch 0050/0251 | Loss: 1.4269
Epoch: 192/200 | Batch 0100/0251 | Loss: 1.5245
Epoch: 192/200 | Batch 0150/0251 | Loss: 1.3684
Epoch: 192/200 | Batch 0200/0251 | Loss: 1.5334
Epoch: 192/200 | Batch 0250/0251 | Loss: 1.4081
MAE/RMSE/ACC: Current Valid: 1.34/1.68/20.89 Ep. 192 | Best Valid: 1.16/1.42/20.89 | Ep. 2
Time elapsed: 6.09 min
Epoch: 193/200 | Batch 0000/0251 | Loss: 1.0804
Epoch: 193/200 | Batch 0050/0251 | Loss: 1.4783
Epoch: 193/200 | Batch 0100/0251 | Loss: 1.2627
Epoch: 193/200 | Batch 0150/0251 | Loss: 1.6033
Epoch: 193/200 | Batch 0200/0251 | Loss: 1.1969
Epoch: 193/200 | Batch 0250/0251 | Loss: 1.2417
MAE/RMSE/ACC: Current Valid: 1.34/1.66/20.89 Ep. 193 | Best Valid: 1.16/1.42/20.89 | Ep. 2
Time elapsed: 6.12 min
Epoch: 194/200 | Batch 0000/0251 | Loss: 1.0344
Epoch: 194/200 | Batch 0050/0251 | Loss: 1.2641
Epoch: 194/200 | Batch 0100/0251 | Loss: 1.5262
Epoch: 194/200 | Batch 0150/0251 | Loss: 1.2024
Epoch: 194/200 | Batch 0200/0251 | Loss: 1.0981
Epoch: 194/200 | Batch 0250/0251 | Loss: 1.9374
MAE/RMSE/ACC: Current Valid: 1.33/1.67/20.89 Ep. 194 | Best Valid: 1.16/1.42/20.89 | Ep. 2
Time elapsed: 6.15 min
Epoch: 195/200 | Batch 0000/0251 | Loss: 1.0903
Epoch: 195/200 | Batch 0050/0251 | Loss: 1.6838
Epoch: 195/200 | Batch 0100/0251 | Loss: 1.4865
Epoch: 195/200 | Batch 0150/0251 | Loss: 1.3810
Epoch: 195/200 | Batch 0200/0251 | Loss: 1.1714
Epoch: 195/200 | Batch 0250/0251 | Loss: 1.3542
MAE/RMSE/ACC: Current Valid: 1.33/1.67/20.89 Ep. 195 | Best Valid: 1.16/1.42/20.89 | Ep. 2
Time elapsed: 6.18 min
Epoch: 196/200 | Batch 0000/0251 | Loss: 1.7997
Epoch: 196/200 | Batch 0050/0251 | Loss: 1.1439
Epoch: 196/200 | Batch 0100/0251 | Loss: 1.9745
Epoch: 196/200 | Batch 0150/0251 | Loss: 1.0447
Epoch: 196/200 | Batch 0200/0251 | Loss: 1.6064
Epoch: 196/200 | Batch 0250/0251 | Loss: 1.2496
MAE/RMSE/ACC: Current Valid: 1.33/1.67/20.89 Ep. 196 | Best Valid: 1.16/1.42/20.89 | Ep. 2
Time elapsed: 6.21 min
Epoch: 197/200 | Batch 0000/0251 | Loss: 1.4710
Epoch: 197/200 | Batch 0050/0251 | Loss: 1.3972
Epoch: 197/200 | Batch 0100/0251 | Loss: 1.0722
Epoch: 197/200 | Batch 0150/0251 | Loss: 1.4209
Epoch: 197/200 | Batch 0200/0251 | Loss: 1.5262
Epoch: 197/200 | Batch 0250/0251 | Loss: 1.4182
MAE/RMSE/ACC: Current Valid: 1.32/1.66/20.89 Ep. 197 | Best Valid: 1.16/1.42/20.89 | Ep. 2
Time elapsed: 6.24 min
Epoch: 198/200 | Batch 0000/0251 | Loss: 1.0150
Epoch: 198/200 | Batch 0050/0251 | Loss: 1.5520
Epoch: 198/200 | Batch 0100/0251 | Loss: 1.3853
Epoch: 198/200 | Batch 0150/0251 | Loss: 1.3480
Epoch: 198/200 | Batch 0200/0251 | Loss: 0.9457
Epoch: 198/200 | Batch 0250/0251 | Loss: 1.7254
MAE/RMSE/ACC: Current Valid: 1.32/1.67/20.89 Ep. 198 | Best Valid: 1.16/1.42/20.89 | Ep. 2
Time elapsed: 6.27 min
Epoch: 199/200 | Batch 0000/0251 | Loss: 1.3132
Epoch: 199/200 | Batch 0050/0251 | Loss: 1.0311
Epoch: 199/200 | Batch 0100/0251 | Loss: 1.2791
Epoch: 199/200 | Batch 0150/0251 | Loss: 1.1717
Epoch: 199/200 | Batch 0200/0251 | Loss: 1.5762
Epoch: 199/200 | Batch 0250/0251 | Loss: 1.1846
MAE/RMSE/ACC: Current Valid: 1.33/1.67/20.89 Ep. 199 | Best Valid: 1.16/1.42/20.89 | Ep. 2
Time elapsed: 6.30 min
Epoch: 200/200 | Batch 0000/0251 | Loss: 2.1275
Epoch: 200/200 | Batch 0050/0251 | Loss: 1.3226
Epoch: 200/200 | Batch 0100/0251 | Loss: 1.7392
Epoch: 200/200 | Batch 0150/0251 | Loss: 1.6335
Epoch: 200/200 | Batch 0200/0251 | Loss: 1.6586
Epoch: 200/200 | Batch 0250/0251 | Loss: 1.4136
MAE/RMSE/ACC: Current Valid: 1.34/1.68/20.89 Ep. 200 | Best Valid: 1.16/1.42/20.89 | Ep. 2
Time elapsed: 6.33 min
MAE/RMSE: | Train: 0.57/0.93 | Valid: 1.34/1.68 | Test: 1.31/1.66
ACC: | Train: 56.20 | Valid: 21.31 | Test: 23.00
Total Running Time: 6.36 min
MAE/RMSE: | Best Train: 0.91/1.17 | Best Valid: 1.16/1.42 | Best Test: 1.14/1.40
ACC: | Best Train: 30.55 | Best Valid: 20.89 | Best Test: 22.07
Total Running Time: 6.38 min
