This script: vgg16_niu.py
PyTorch Version: 1.10.0
CUDA device: cuda:0
CUDA version: 10.2
Random seed: 0
Learning rate: 0.0001
Epochs: 200
Batch size: 16
Output path: ../vgg16-results/aes-urban/aes-niu-lr0.0001-bs16
Epoch: 001/200 | Batch 0000/0163 | Loss: 2.9199
Epoch: 001/200 | Batch 0050/0163 | Loss: 0.6685
Epoch: 001/200 | Batch 0100/0163 | Loss: 1.2329
Epoch: 001/200 | Batch 0150/0163 | Loss: 1.5012
MAE/RMSE/ACC: Current Valid: 0.30/0.54/70.43 Ep. 1 | Best Valid: 0.30/0.54/70.43 | Ep. 1
Time elapsed: 0.69 min
Epoch: 002/200 | Batch 0000/0163 | Loss: 0.7315
Epoch: 002/200 | Batch 0050/0163 | Loss: 0.4791
Epoch: 002/200 | Batch 0100/0163 | Loss: 0.7100
Epoch: 002/200 | Batch 0150/0163 | Loss: 0.4381
MAE/RMSE/ACC: Current Valid: 0.26/0.51/74.19 Ep. 2 | Best Valid: 0.26/0.51/74.19 | Ep. 2
Time elapsed: 1.41 min
Epoch: 003/200 | Batch 0000/0163 | Loss: 0.3939
Epoch: 003/200 | Batch 0050/0163 | Loss: 0.3767
Epoch: 003/200 | Batch 0100/0163 | Loss: 0.7456
Epoch: 003/200 | Batch 0150/0163 | Loss: 0.6762
MAE/RMSE/ACC: Current Valid: 0.30/0.56/74.19 Ep. 3 | Best Valid: 0.26/0.51/74.19 | Ep. 2
Time elapsed: 2.09 min
Epoch: 004/200 | Batch 0000/0163 | Loss: 0.4627
Epoch: 004/200 | Batch 0050/0163 | Loss: 0.3851
Epoch: 004/200 | Batch 0100/0163 | Loss: 0.4487
Epoch: 004/200 | Batch 0150/0163 | Loss: 0.3679
MAE/RMSE/ACC: Current Valid: 0.28/0.55/74.19 Ep. 4 | Best Valid: 0.26/0.51/74.19 | Ep. 2
Time elapsed: 2.78 min
Epoch: 005/200 | Batch 0000/0163 | Loss: 0.2394
Epoch: 005/200 | Batch 0050/0163 | Loss: 0.5975
Epoch: 005/200 | Batch 0100/0163 | Loss: 0.2413
Epoch: 005/200 | Batch 0150/0163 | Loss: 0.2264
MAE/RMSE/ACC: Current Valid: 0.32/0.56/74.19 Ep. 5 | Best Valid: 0.26/0.51/74.19 | Ep. 2
Time elapsed: 3.47 min
Epoch: 006/200 | Batch 0000/0163 | Loss: 0.2283
Epoch: 006/200 | Batch 0050/0163 | Loss: 0.1359
Epoch: 006/200 | Batch 0100/0163 | Loss: 1.0258
Epoch: 006/200 | Batch 0150/0163 | Loss: 0.1382
MAE/RMSE/ACC: Current Valid: 0.33/0.59/74.19 Ep. 6 | Best Valid: 0.26/0.51/74.19 | Ep. 2
Time elapsed: 4.15 min
Epoch: 007/200 | Batch 0000/0163 | Loss: 0.0863
Epoch: 007/200 | Batch 0050/0163 | Loss: 0.0711
Epoch: 007/200 | Batch 0100/0163 | Loss: 0.0946
Epoch: 007/200 | Batch 0150/0163 | Loss: 0.0779
MAE/RMSE/ACC: Current Valid: 0.35/0.59/74.19 Ep. 7 | Best Valid: 0.26/0.51/74.19 | Ep. 2
Time elapsed: 4.83 min
Epoch: 008/200 | Batch 0000/0163 | Loss: 0.1748
Epoch: 008/200 | Batch 0050/0163 | Loss: 0.0958
Epoch: 008/200 | Batch 0100/0163 | Loss: 0.4486
Epoch: 008/200 | Batch 0150/0163 | Loss: 0.2224
MAE/RMSE/ACC: Current Valid: 0.25/0.50/74.73 Ep. 8 | Best Valid: 0.25/0.50/74.73 | Ep. 8
Time elapsed: 5.55 min
Epoch: 009/200 | Batch 0000/0163 | Loss: 0.0152
Epoch: 009/200 | Batch 0050/0163 | Loss: 0.0652
Epoch: 009/200 | Batch 0100/0163 | Loss: 0.3231
Epoch: 009/200 | Batch 0150/0163 | Loss: 0.2528
MAE/RMSE/ACC: Current Valid: 0.27/0.52/74.73 Ep. 9 | Best Valid: 0.25/0.50/74.73 | Ep. 8
Time elapsed: 6.24 min
Epoch: 010/200 | Batch 0000/0163 | Loss: 0.0574
Epoch: 010/200 | Batch 0050/0163 | Loss: 0.0681
Epoch: 010/200 | Batch 0100/0163 | Loss: 0.0356
Epoch: 010/200 | Batch 0150/0163 | Loss: 0.0398
MAE/RMSE/ACC: Current Valid: 0.35/0.59/74.73 Ep. 10 | Best Valid: 0.25/0.50/74.73 | Ep. 8
Time elapsed: 6.92 min
Epoch: 011/200 | Batch 0000/0163 | Loss: 0.0148
Epoch: 011/200 | Batch 0050/0163 | Loss: 0.0058
Epoch: 011/200 | Batch 0100/0163 | Loss: 0.1954
Epoch: 011/200 | Batch 0150/0163 | Loss: 0.0326
MAE/RMSE/ACC: Current Valid: 0.31/0.55/74.73 Ep. 11 | Best Valid: 0.25/0.50/74.73 | Ep. 8
Time elapsed: 7.60 min
Epoch: 012/200 | Batch 0000/0163 | Loss: 0.0162
Epoch: 012/200 | Batch 0050/0163 | Loss: 0.0060
Epoch: 012/200 | Batch 0100/0163 | Loss: 0.0208
Epoch: 012/200 | Batch 0150/0163 | Loss: 0.0530
MAE/RMSE/ACC: Current Valid: 0.32/0.56/74.73 Ep. 12 | Best Valid: 0.25/0.50/74.73 | Ep. 8
Time elapsed: 8.29 min
Epoch: 013/200 | Batch 0000/0163 | Loss: 0.0303
Epoch: 013/200 | Batch 0050/0163 | Loss: 0.0843
Epoch: 013/200 | Batch 0100/0163 | Loss: 0.0490
Epoch: 013/200 | Batch 0150/0163 | Loss: 0.1570
MAE/RMSE/ACC: Current Valid: 0.30/0.55/74.73 Ep. 13 | Best Valid: 0.25/0.50/74.73 | Ep. 8
Time elapsed: 8.97 min
Epoch: 014/200 | Batch 0000/0163 | Loss: 0.0006
Epoch: 014/200 | Batch 0050/0163 | Loss: 0.0446
Epoch: 014/200 | Batch 0100/0163 | Loss: 0.0017
Epoch: 014/200 | Batch 0150/0163 | Loss: 0.0728
MAE/RMSE/ACC: Current Valid: 0.28/0.54/74.73 Ep. 14 | Best Valid: 0.25/0.50/74.73 | Ep. 8
Time elapsed: 9.65 min
Epoch: 015/200 | Batch 0000/0163 | Loss: 0.0340
Epoch: 015/200 | Batch 0050/0163 | Loss: 0.0161
Epoch: 015/200 | Batch 0100/0163 | Loss: 0.1520
Epoch: 015/200 | Batch 0150/0163 | Loss: 0.1570
MAE/RMSE/ACC: Current Valid: 0.27/0.52/74.73 Ep. 15 | Best Valid: 0.25/0.50/74.73 | Ep. 8
Time elapsed: 10.34 min
Epoch: 016/200 | Batch 0000/0163 | Loss: 0.0779
Epoch: 016/200 | Batch 0050/0163 | Loss: 0.0454
Epoch: 016/200 | Batch 0100/0163 | Loss: 0.1302
Epoch: 016/200 | Batch 0150/0163 | Loss: 0.0466
MAE/RMSE/ACC: Current Valid: 0.25/0.50/74.73 Ep. 16 | Best Valid: 0.25/0.50/74.73 | Ep. 8
Time elapsed: 11.02 min
Epoch: 017/200 | Batch 0000/0163 | Loss: 0.0148
Epoch: 017/200 | Batch 0050/0163 | Loss: 0.0033
Epoch: 017/200 | Batch 0100/0163 | Loss: 0.0776
Epoch: 017/200 | Batch 0150/0163 | Loss: 0.0011
MAE/RMSE/ACC: Current Valid: 0.30/0.56/74.73 Ep. 17 | Best Valid: 0.25/0.50/74.73 | Ep. 8
Time elapsed: 11.70 min
Epoch: 018/200 | Batch 0000/0163 | Loss: 0.0158
Epoch: 018/200 | Batch 0050/0163 | Loss: 0.0523
Epoch: 018/200 | Batch 0100/0163 | Loss: 0.0200
Epoch: 018/200 | Batch 0150/0163 | Loss: 0.1094
MAE/RMSE/ACC: Current Valid: 0.29/0.54/74.73 Ep. 18 | Best Valid: 0.25/0.50/74.73 | Ep. 8
Time elapsed: 12.39 min
Epoch: 019/200 | Batch 0000/0163 | Loss: 0.0549
Epoch: 019/200 | Batch 0050/0163 | Loss: 0.0072
Epoch: 019/200 | Batch 0100/0163 | Loss: 0.0774
Epoch: 019/200 | Batch 0150/0163 | Loss: 0.1738
MAE/RMSE/ACC: Current Valid: 0.29/0.55/74.73 Ep. 19 | Best Valid: 0.25/0.50/74.73 | Ep. 8
Time elapsed: 13.07 min
Epoch: 020/200 | Batch 0000/0163 | Loss: 0.0214
Epoch: 020/200 | Batch 0050/0163 | Loss: 0.0005
Epoch: 020/200 | Batch 0100/0163 | Loss: 0.0107
Epoch: 020/200 | Batch 0150/0163 | Loss: 0.0027
MAE/RMSE/ACC: Current Valid: 0.30/0.55/74.73 Ep. 20 | Best Valid: 0.25/0.50/74.73 | Ep. 8
Time elapsed: 13.75 min
Epoch: 021/200 | Batch 0000/0163 | Loss: 0.1971
Epoch: 021/200 | Batch 0050/0163 | Loss: 0.0865
Epoch: 021/200 | Batch 0100/0163 | Loss: 0.0027
Epoch: 021/200 | Batch 0150/0163 | Loss: 0.0138
MAE/RMSE/ACC: Current Valid: 0.27/0.52/74.73 Ep. 21 | Best Valid: 0.25/0.50/74.73 | Ep. 8
Time elapsed: 14.43 min
Epoch: 022/200 | Batch 0000/0163 | Loss: 0.0097
Epoch: 022/200 | Batch 0050/0163 | Loss: 0.0262
Epoch: 022/200 | Batch 0100/0163 | Loss: 0.0590
Epoch: 022/200 | Batch 0150/0163 | Loss: 0.0097
MAE/RMSE/ACC: Current Valid: 0.27/0.52/74.73 Ep. 22 | Best Valid: 0.25/0.50/74.73 | Ep. 8
Time elapsed: 15.12 min
Epoch: 023/200 | Batch 0000/0163 | Loss: 0.0121
Epoch: 023/200 | Batch 0050/0163 | Loss: 0.0011
Epoch: 023/200 | Batch 0100/0163 | Loss: 0.1197
Epoch: 023/200 | Batch 0150/0163 | Loss: 0.0020
MAE/RMSE/ACC: Current Valid: 0.28/0.53/74.73 Ep. 23 | Best Valid: 0.25/0.50/74.73 | Ep. 8
Time elapsed: 15.80 min
Epoch: 024/200 | Batch 0000/0163 | Loss: 0.0022
Epoch: 024/200 | Batch 0050/0163 | Loss: 0.0036
Epoch: 024/200 | Batch 0100/0163 | Loss: 0.0262
Epoch: 024/200 | Batch 0150/0163 | Loss: 0.0368
MAE/RMSE/ACC: Current Valid: 0.25/0.50/75.27 Ep. 24 | Best Valid: 0.25/0.50/75.27 | Ep. 24
Time elapsed: 16.52 min
Epoch: 025/200 | Batch 0000/0163 | Loss: 0.0121
Epoch: 025/200 | Batch 0050/0163 | Loss: 0.0054
Epoch: 025/200 | Batch 0100/0163 | Loss: 0.0139
Epoch: 025/200 | Batch 0150/0163 | Loss: 0.0545
MAE/RMSE/ACC: Current Valid: 0.29/0.54/75.27 Ep. 25 | Best Valid: 0.25/0.50/75.27 | Ep. 24
Time elapsed: 17.21 min
Epoch: 026/200 | Batch 0000/0163 | Loss: 0.0281
Epoch: 026/200 | Batch 0050/0163 | Loss: 0.0035
Epoch: 026/200 | Batch 0100/0163 | Loss: 0.0179
Epoch: 026/200 | Batch 0150/0163 | Loss: 0.0677
MAE/RMSE/ACC: Current Valid: 0.29/0.54/75.27 Ep. 26 | Best Valid: 0.25/0.50/75.27 | Ep. 24
Time elapsed: 17.89 min
Epoch: 027/200 | Batch 0000/0163 | Loss: 0.2951
Epoch: 027/200 | Batch 0050/0163 | Loss: 0.0015
Epoch: 027/200 | Batch 0100/0163 | Loss: 0.2737
Epoch: 027/200 | Batch 0150/0163 | Loss: 0.2721
MAE/RMSE/ACC: Current Valid: 0.29/0.55/75.27 Ep. 27 | Best Valid: 0.25/0.50/75.27 | Ep. 24
Time elapsed: 18.57 min
Epoch: 028/200 | Batch 0000/0163 | Loss: 0.0026
Epoch: 028/200 | Batch 0050/0163 | Loss: 0.0036
Epoch: 028/200 | Batch 0100/0163 | Loss: 0.0020
Epoch: 028/200 | Batch 0150/0163 | Loss: 0.0103
MAE/RMSE/ACC: Current Valid: 0.34/0.60/75.27 Ep. 28 | Best Valid: 0.25/0.50/75.27 | Ep. 24
Time elapsed: 19.26 min
Epoch: 029/200 | Batch 0000/0163 | Loss: 0.0003
Epoch: 029/200 | Batch 0050/0163 | Loss: 0.1884
Epoch: 029/200 | Batch 0100/0163 | Loss: 0.0097
Epoch: 029/200 | Batch 0150/0163 | Loss: 0.2854
MAE/RMSE/ACC: Current Valid: 0.33/0.58/75.27 Ep. 29 | Best Valid: 0.25/0.50/75.27 | Ep. 24
Time elapsed: 19.94 min
Epoch: 030/200 | Batch 0000/0163 | Loss: 0.0024
Epoch: 030/200 | Batch 0050/0163 | Loss: 0.0078
Epoch: 030/200 | Batch 0100/0163 | Loss: 0.0446
Epoch: 030/200 | Batch 0150/0163 | Loss: 0.0323
MAE/RMSE/ACC: Current Valid: 0.27/0.52/75.27 Ep. 30 | Best Valid: 0.25/0.50/75.27 | Ep. 24
Time elapsed: 20.63 min
Epoch: 031/200 | Batch 0000/0163 | Loss: 0.0036
Epoch: 031/200 | Batch 0050/0163 | Loss: 0.0041
Epoch: 031/200 | Batch 0100/0163 | Loss: 0.0029
Epoch: 031/200 | Batch 0150/0163 | Loss: 0.0193
MAE/RMSE/ACC: Current Valid: 0.28/0.53/75.27 Ep. 31 | Best Valid: 0.25/0.50/75.27 | Ep. 24
Time elapsed: 21.31 min
Epoch: 032/200 | Batch 0000/0163 | Loss: 0.0014
Epoch: 032/200 | Batch 0050/0163 | Loss: 0.0113
Epoch: 032/200 | Batch 0100/0163 | Loss: 0.0041
Epoch: 032/200 | Batch 0150/0163 | Loss: 0.0023
MAE/RMSE/ACC: Current Valid: 0.26/0.51/75.27 Ep. 32 | Best Valid: 0.25/0.50/75.27 | Ep. 24
Time elapsed: 22.00 min
Epoch: 033/200 | Batch 0000/0163 | Loss: 0.0140
Epoch: 033/200 | Batch 0050/0163 | Loss: 0.0058
Epoch: 033/200 | Batch 0100/0163 | Loss: 0.0015
Epoch: 033/200 | Batch 0150/0163 | Loss: 0.0102
MAE/RMSE/ACC: Current Valid: 0.24/0.49/75.81 Ep. 33 | Best Valid: 0.24/0.49/75.81 | Ep. 33
Time elapsed: 22.71 min
Epoch: 034/200 | Batch 0000/0163 | Loss: 0.0039
Epoch: 034/200 | Batch 0050/0163 | Loss: 0.0051
Epoch: 034/200 | Batch 0100/0163 | Loss: 0.0075
Epoch: 034/200 | Batch 0150/0163 | Loss: 0.1036
MAE/RMSE/ACC: Current Valid: 0.30/0.55/75.81 Ep. 34 | Best Valid: 0.24/0.49/75.81 | Ep. 33
Time elapsed: 23.40 min
Epoch: 035/200 | Batch 0000/0163 | Loss: 0.0034
Epoch: 035/200 | Batch 0050/0163 | Loss: 0.0126
Epoch: 035/200 | Batch 0100/0163 | Loss: 0.1356
Epoch: 035/200 | Batch 0150/0163 | Loss: 0.0922
MAE/RMSE/ACC: Current Valid: 0.27/0.54/75.81 Ep. 35 | Best Valid: 0.24/0.49/75.81 | Ep. 33
Time elapsed: 24.08 min
Epoch: 036/200 | Batch 0000/0163 | Loss: 0.0228
Epoch: 036/200 | Batch 0050/0163 | Loss: 0.0003
Epoch: 036/200 | Batch 0100/0163 | Loss: 0.0167
Epoch: 036/200 | Batch 0150/0163 | Loss: 0.3932
MAE/RMSE/ACC: Current Valid: 0.37/0.60/75.81 Ep. 36 | Best Valid: 0.24/0.49/75.81 | Ep. 33
Time elapsed: 24.76 min
Epoch: 037/200 | Batch 0000/0163 | Loss: 0.0693
Epoch: 037/200 | Batch 0050/0163 | Loss: 0.0023
Epoch: 037/200 | Batch 0100/0163 | Loss: 0.0670
Epoch: 037/200 | Batch 0150/0163 | Loss: 0.0089
MAE/RMSE/ACC: Current Valid: 0.30/0.54/75.81 Ep. 37 | Best Valid: 0.24/0.49/75.81 | Ep. 33
Time elapsed: 25.44 min
Epoch: 038/200 | Batch 0000/0163 | Loss: 0.0090
Epoch: 038/200 | Batch 0050/0163 | Loss: 0.0002
Epoch: 038/200 | Batch 0100/0163 | Loss: 0.0009
Epoch: 038/200 | Batch 0150/0163 | Loss: 0.0051
MAE/RMSE/ACC: Current Valid: 0.26/0.51/75.81 Ep. 38 | Best Valid: 0.24/0.49/75.81 | Ep. 33
Time elapsed: 26.13 min
Epoch: 039/200 | Batch 0000/0163 | Loss: 0.0002
Epoch: 039/200 | Batch 0050/0163 | Loss: 0.0012
Epoch: 039/200 | Batch 0100/0163 | Loss: 0.1514
Epoch: 039/200 | Batch 0150/0163 | Loss: 0.0086
MAE/RMSE/ACC: Current Valid: 0.26/0.51/75.81 Ep. 39 | Best Valid: 0.24/0.49/75.81 | Ep. 33
Time elapsed: 26.81 min
Epoch: 040/200 | Batch 0000/0163 | Loss: 0.7638
Epoch: 040/200 | Batch 0050/0163 | Loss: 0.0195
Epoch: 040/200 | Batch 0100/0163 | Loss: 0.0079
Epoch: 040/200 | Batch 0150/0163 | Loss: 0.0591
MAE/RMSE/ACC: Current Valid: 0.28/0.53/75.81 Ep. 40 | Best Valid: 0.24/0.49/75.81 | Ep. 33
Time elapsed: 27.49 min
Epoch: 041/200 | Batch 0000/0163 | Loss: 0.0483
Epoch: 041/200 | Batch 0050/0163 | Loss: 0.0032
Epoch: 041/200 | Batch 0100/0163 | Loss: 0.0189
Epoch: 041/200 | Batch 0150/0163 | Loss: 0.1679
MAE/RMSE/ACC: Current Valid: 0.33/0.61/75.81 Ep. 41 | Best Valid: 0.24/0.49/75.81 | Ep. 33
Time elapsed: 28.17 min
Epoch: 042/200 | Batch 0000/0163 | Loss: 0.0273
Epoch: 042/200 | Batch 0050/0163 | Loss: 0.0551
Epoch: 042/200 | Batch 0100/0163 | Loss: 0.0483
Epoch: 042/200 | Batch 0150/0163 | Loss: 0.0906
MAE/RMSE/ACC: Current Valid: 0.25/0.50/75.81 Ep. 42 | Best Valid: 0.24/0.49/75.81 | Ep. 33
Time elapsed: 28.85 min
Epoch: 043/200 | Batch 0000/0163 | Loss: 0.1396
Epoch: 043/200 | Batch 0050/0163 | Loss: 0.0118
Epoch: 043/200 | Batch 0100/0163 | Loss: 0.3444
Epoch: 043/200 | Batch 0150/0163 | Loss: 0.0184
MAE/RMSE/ACC: Current Valid: 0.34/0.60/75.81 Ep. 43 | Best Valid: 0.24/0.49/75.81 | Ep. 33
Time elapsed: 29.53 min
Epoch: 044/200 | Batch 0000/0163 | Loss: 0.0110
Epoch: 044/200 | Batch 0050/0163 | Loss: 0.0033
Epoch: 044/200 | Batch 0100/0163 | Loss: 0.0665
Epoch: 044/200 | Batch 0150/0163 | Loss: 0.1125
MAE/RMSE/ACC: Current Valid: 0.26/0.53/75.81 Ep. 44 | Best Valid: 0.24/0.49/75.81 | Ep. 33
Time elapsed: 30.22 min
Epoch: 045/200 | Batch 0000/0163 | Loss: 0.0293
Epoch: 045/200 | Batch 0050/0163 | Loss: 0.0015
Epoch: 045/200 | Batch 0100/0163 | Loss: 0.1176
Epoch: 045/200 | Batch 0150/0163 | Loss: 0.5623
MAE/RMSE/ACC: Current Valid: 0.33/0.58/75.81 Ep. 45 | Best Valid: 0.24/0.49/75.81 | Ep. 33
Time elapsed: 30.90 min
Epoch: 046/200 | Batch 0000/0163 | Loss: 0.0949
Epoch: 046/200 | Batch 0050/0163 | Loss: 0.0055
Epoch: 046/200 | Batch 0100/0163 | Loss: 0.0301
Epoch: 046/200 | Batch 0150/0163 | Loss: 0.0068
MAE/RMSE/ACC: Current Valid: 0.29/0.54/75.81 Ep. 46 | Best Valid: 0.24/0.49/75.81 | Ep. 33
Time elapsed: 31.58 min
Epoch: 047/200 | Batch 0000/0163 | Loss: 0.0128
Epoch: 047/200 | Batch 0050/0163 | Loss: 0.0039
Epoch: 047/200 | Batch 0100/0163 | Loss: 0.0009
Epoch: 047/200 | Batch 0150/0163 | Loss: 0.0045
MAE/RMSE/ACC: Current Valid: 0.32/0.59/75.81 Ep. 47 | Best Valid: 0.24/0.49/75.81 | Ep. 33
Time elapsed: 32.27 min
Epoch: 048/200 | Batch 0000/0163 | Loss: 0.0073
Epoch: 048/200 | Batch 0050/0163 | Loss: 0.0177
Epoch: 048/200 | Batch 0100/0163 | Loss: 0.0211
Epoch: 048/200 | Batch 0150/0163 | Loss: 0.0805
MAE/RMSE/ACC: Current Valid: 0.30/0.57/75.81 Ep. 48 | Best Valid: 0.24/0.49/75.81 | Ep. 33
Time elapsed: 32.95 min
Epoch: 049/200 | Batch 0000/0163 | Loss: 0.0006
Epoch: 049/200 | Batch 0050/0163 | Loss: 0.0083
Epoch: 049/200 | Batch 0100/0163 | Loss: 0.0071
Epoch: 049/200 | Batch 0150/0163 | Loss: 0.0082
MAE/RMSE/ACC: Current Valid: 0.26/0.51/75.81 Ep. 49 | Best Valid: 0.24/0.49/75.81 | Ep. 33
Time elapsed: 33.63 min
Epoch: 050/200 | Batch 0000/0163 | Loss: 0.0072
Epoch: 050/200 | Batch 0050/0163 | Loss: 0.2669
Epoch: 050/200 | Batch 0100/0163 | Loss: 0.0730
Epoch: 050/200 | Batch 0150/0163 | Loss: 0.0081
MAE/RMSE/ACC: Current Valid: 0.26/0.51/75.81 Ep. 50 | Best Valid: 0.24/0.49/75.81 | Ep. 33
Time elapsed: 34.32 min
Epoch: 051/200 | Batch 0000/0163 | Loss: 0.0023
Epoch: 051/200 | Batch 0050/0163 | Loss: 0.0626
Epoch: 051/200 | Batch 0100/0163 | Loss: 0.0004
Epoch: 051/200 | Batch 0150/0163 | Loss: 0.0142
MAE/RMSE/ACC: Current Valid: 0.31/0.56/75.81 Ep. 51 | Best Valid: 0.24/0.49/75.81 | Ep. 33
Time elapsed: 35.00 min
Epoch: 052/200 | Batch 0000/0163 | Loss: 0.0377
Epoch: 052/200 | Batch 0050/0163 | Loss: 0.0058
Epoch: 052/200 | Batch 0100/0163 | Loss: 0.0564
Epoch: 052/200 | Batch 0150/0163 | Loss: 0.0018
MAE/RMSE/ACC: Current Valid: 0.27/0.52/75.81 Ep. 52 | Best Valid: 0.24/0.49/75.81 | Ep. 33
Time elapsed: 35.68 min
Epoch: 053/200 | Batch 0000/0163 | Loss: 0.3476
Epoch: 053/200 | Batch 0050/0163 | Loss: 0.2209
Epoch: 053/200 | Batch 0100/0163 | Loss: 0.0202
Epoch: 053/200 | Batch 0150/0163 | Loss: 0.2186
MAE/RMSE/ACC: Current Valid: 0.26/0.51/75.81 Ep. 53 | Best Valid: 0.24/0.49/75.81 | Ep. 33
Time elapsed: 36.36 min
Epoch: 054/200 | Batch 0000/0163 | Loss: 0.0050
Epoch: 054/200 | Batch 0050/0163 | Loss: 0.0079
Epoch: 054/200 | Batch 0100/0163 | Loss: 0.0072
Epoch: 054/200 | Batch 0150/0163 | Loss: 0.0001
MAE/RMSE/ACC: Current Valid: 0.27/0.52/75.81 Ep. 54 | Best Valid: 0.24/0.49/75.81 | Ep. 33
Time elapsed: 37.05 min
Epoch: 055/200 | Batch 0000/0163 | Loss: 0.0003
Epoch: 055/200 | Batch 0050/0163 | Loss: 0.0004
Epoch: 055/200 | Batch 0100/0163 | Loss: 0.0006
Epoch: 055/200 | Batch 0150/0163 | Loss: 0.0063
MAE/RMSE/ACC: Current Valid: 0.28/0.53/75.81 Ep. 55 | Best Valid: 0.24/0.49/75.81 | Ep. 33
Time elapsed: 37.73 min
Epoch: 056/200 | Batch 0000/0163 | Loss: 0.0019
Epoch: 056/200 | Batch 0050/0163 | Loss: 0.0026
Epoch: 056/200 | Batch 0100/0163 | Loss: 0.0026
Epoch: 056/200 | Batch 0150/0163 | Loss: 0.1586
MAE/RMSE/ACC: Current Valid: 0.30/0.55/75.81 Ep. 56 | Best Valid: 0.24/0.49/75.81 | Ep. 33
Time elapsed: 38.42 min
Epoch: 057/200 | Batch 0000/0163 | Loss: 0.0135
Epoch: 057/200 | Batch 0050/0163 | Loss: 0.0073
Epoch: 057/200 | Batch 0100/0163 | Loss: 0.0085
Epoch: 057/200 | Batch 0150/0163 | Loss: 0.0591
MAE/RMSE/ACC: Current Valid: 0.27/0.53/75.81 Ep. 57 | Best Valid: 0.24/0.49/75.81 | Ep. 33
Time elapsed: 39.10 min
Epoch: 058/200 | Batch 0000/0163 | Loss: 0.0112
Epoch: 058/200 | Batch 0050/0163 | Loss: 0.1405
Epoch: 058/200 | Batch 0100/0163 | Loss: 0.0284
Epoch: 058/200 | Batch 0150/0163 | Loss: 0.0299
MAE/RMSE/ACC: Current Valid: 0.32/0.58/75.81 Ep. 58 | Best Valid: 0.24/0.49/75.81 | Ep. 33
Time elapsed: 39.78 min
Epoch: 059/200 | Batch 0000/0163 | Loss: 0.3222
Epoch: 059/200 | Batch 0050/0163 | Loss: 0.0090
Epoch: 059/200 | Batch 0100/0163 | Loss: 0.0001
Epoch: 059/200 | Batch 0150/0163 | Loss: 0.0304
MAE/RMSE/ACC: Current Valid: 0.28/0.54/75.81 Ep. 59 | Best Valid: 0.24/0.49/75.81 | Ep. 33
Time elapsed: 40.46 min
Epoch: 060/200 | Batch 0000/0163 | Loss: 0.0116
Epoch: 060/200 | Batch 0050/0163 | Loss: 0.0015
Epoch: 060/200 | Batch 0100/0163 | Loss: 0.0001
Epoch: 060/200 | Batch 0150/0163 | Loss: 0.0193
MAE/RMSE/ACC: Current Valid: 0.25/0.50/75.81 Ep. 60 | Best Valid: 0.24/0.49/75.81 | Ep. 33
Time elapsed: 41.14 min
Epoch: 061/200 | Batch 0000/0163 | Loss: 0.0267
Epoch: 061/200 | Batch 0050/0163 | Loss: 0.5786
Epoch: 061/200 | Batch 0100/0163 | Loss: 0.0048
Epoch: 061/200 | Batch 0150/0163 | Loss: 0.0053
MAE/RMSE/ACC: Current Valid: 0.29/0.55/75.81 Ep. 61 | Best Valid: 0.24/0.49/75.81 | Ep. 33
Time elapsed: 41.83 min
Epoch: 062/200 | Batch 0000/0163 | Loss: 0.0029
Epoch: 062/200 | Batch 0050/0163 | Loss: 0.0017
Epoch: 062/200 | Batch 0100/0163 | Loss: 0.0466
Epoch: 062/200 | Batch 0150/0163 | Loss: 0.4456
MAE/RMSE/ACC: Current Valid: 0.31/0.59/75.81 Ep. 62 | Best Valid: 0.24/0.49/75.81 | Ep. 33
Time elapsed: 42.51 min
Epoch: 063/200 | Batch 0000/0163 | Loss: 0.0138
Epoch: 063/200 | Batch 0050/0163 | Loss: 0.0030
Epoch: 063/200 | Batch 0100/0163 | Loss: 0.0005
Epoch: 063/200 | Batch 0150/0163 | Loss: 0.0014
MAE/RMSE/ACC: Current Valid: 0.31/0.56/75.81 Ep. 63 | Best Valid: 0.24/0.49/75.81 | Ep. 33
Time elapsed: 43.19 min
Epoch: 064/200 | Batch 0000/0163 | Loss: 0.0008
Epoch: 064/200 | Batch 0050/0163 | Loss: 0.0002
Epoch: 064/200 | Batch 0100/0163 | Loss: 0.0391
Epoch: 064/200 | Batch 0150/0163 | Loss: 0.1172
MAE/RMSE/ACC: Current Valid: 0.33/0.60/75.81 Ep. 64 | Best Valid: 0.24/0.49/75.81 | Ep. 33
Time elapsed: 43.87 min
Epoch: 065/200 | Batch 0000/0163 | Loss: 0.0043
Epoch: 065/200 | Batch 0050/0163 | Loss: 0.0258
Epoch: 065/200 | Batch 0100/0163 | Loss: 0.1656
Epoch: 065/200 | Batch 0150/0163 | Loss: 0.0035
MAE/RMSE/ACC: Current Valid: 0.30/0.57/75.81 Ep. 65 | Best Valid: 0.24/0.49/75.81 | Ep. 33
Time elapsed: 44.55 min
Epoch: 066/200 | Batch 0000/0163 | Loss: 0.0018
Epoch: 066/200 | Batch 0050/0163 | Loss: 0.0013
Epoch: 066/200 | Batch 0100/0163 | Loss: 0.0002
Epoch: 066/200 | Batch 0150/0163 | Loss: 0.0200
MAE/RMSE/ACC: Current Valid: 0.33/0.57/75.81 Ep. 66 | Best Valid: 0.24/0.49/75.81 | Ep. 33
Time elapsed: 45.23 min
Epoch: 067/200 | Batch 0000/0163 | Loss: 0.0027
Epoch: 067/200 | Batch 0050/0163 | Loss: 0.0032
Epoch: 067/200 | Batch 0100/0163 | Loss: 0.0081
Epoch: 067/200 | Batch 0150/0163 | Loss: 0.0071
MAE/RMSE/ACC: Current Valid: 0.26/0.51/75.81 Ep. 67 | Best Valid: 0.24/0.49/75.81 | Ep. 33
Time elapsed: 45.91 min
Epoch: 068/200 | Batch 0000/0163 | Loss: 0.0053
Epoch: 068/200 | Batch 0050/0163 | Loss: 0.0124
Epoch: 068/200 | Batch 0100/0163 | Loss: 0.0000
Epoch: 068/200 | Batch 0150/0163 | Loss: 0.0247
MAE/RMSE/ACC: Current Valid: 0.28/0.53/75.81 Ep. 68 | Best Valid: 0.24/0.49/75.81 | Ep. 33
Time elapsed: 46.59 min
Epoch: 069/200 | Batch 0000/0163 | Loss: 0.0007
Epoch: 069/200 | Batch 0050/0163 | Loss: 0.0027
Epoch: 069/200 | Batch 0100/0163 | Loss: 0.0013
Epoch: 069/200 | Batch 0150/0163 | Loss: 0.0028
MAE/RMSE/ACC: Current Valid: 0.27/0.52/75.81 Ep. 69 | Best Valid: 0.24/0.49/75.81 | Ep. 33
Time elapsed: 47.27 min
Epoch: 070/200 | Batch 0000/0163 | Loss: 0.0000
Epoch: 070/200 | Batch 0050/0163 | Loss: 0.0272
Epoch: 070/200 | Batch 0100/0163 | Loss: 0.0185
Epoch: 070/200 | Batch 0150/0163 | Loss: 0.0307
MAE/RMSE/ACC: Current Valid: 0.25/0.50/75.81 Ep. 70 | Best Valid: 0.24/0.49/75.81 | Ep. 33
Time elapsed: 47.95 min
Epoch: 071/200 | Batch 0000/0163 | Loss: 0.0366
Epoch: 071/200 | Batch 0050/0163 | Loss: 0.0043
Epoch: 071/200 | Batch 0100/0163 | Loss: 0.0003
Epoch: 071/200 | Batch 0150/0163 | Loss: 0.1136
MAE/RMSE/ACC: Current Valid: 0.33/0.58/75.81 Ep. 71 | Best Valid: 0.24/0.49/75.81 | Ep. 33
Time elapsed: 48.63 min
Epoch: 072/200 | Batch 0000/0163 | Loss: 0.0036
Epoch: 072/200 | Batch 0050/0163 | Loss: 0.0795
Epoch: 072/200 | Batch 0100/0163 | Loss: 0.0193
Epoch: 072/200 | Batch 0150/0163 | Loss: 0.0107
MAE/RMSE/ACC: Current Valid: 0.28/0.53/75.81 Ep. 72 | Best Valid: 0.24/0.49/75.81 | Ep. 33
Time elapsed: 49.31 min
Epoch: 073/200 | Batch 0000/0163 | Loss: 0.0001
Epoch: 073/200 | Batch 0050/0163 | Loss: 0.0144
Epoch: 073/200 | Batch 0100/0163 | Loss: 0.4290
Epoch: 073/200 | Batch 0150/0163 | Loss: 0.0143
MAE/RMSE/ACC: Current Valid: 0.27/0.53/75.81 Ep. 73 | Best Valid: 0.24/0.49/75.81 | Ep. 33
Time elapsed: 49.99 min
Epoch: 074/200 | Batch 0000/0163 | Loss: 0.0034
Epoch: 074/200 | Batch 0050/0163 | Loss: 0.0000
Epoch: 074/200 | Batch 0100/0163 | Loss: 0.0008
Epoch: 074/200 | Batch 0150/0163 | Loss: 0.0098
MAE/RMSE/ACC: Current Valid: 0.37/0.60/75.81 Ep. 74 | Best Valid: 0.24/0.49/75.81 | Ep. 33
Time elapsed: 50.68 min
Epoch: 075/200 | Batch 0000/0163 | Loss: 0.0058
Epoch: 075/200 | Batch 0050/0163 | Loss: 0.0369
Epoch: 075/200 | Batch 0100/0163 | Loss: 0.0001
Epoch: 075/200 | Batch 0150/0163 | Loss: 0.0017
MAE/RMSE/ACC: Current Valid: 0.26/0.51/75.81 Ep. 75 | Best Valid: 0.24/0.49/75.81 | Ep. 33
Time elapsed: 51.35 min
Epoch: 076/200 | Batch 0000/0163 | Loss: 0.0003
Epoch: 076/200 | Batch 0050/0163 | Loss: 0.0627
Epoch: 076/200 | Batch 0100/0163 | Loss: 0.0025
Epoch: 076/200 | Batch 0150/0163 | Loss: 0.1129
MAE/RMSE/ACC: Current Valid: 0.30/0.54/75.81 Ep. 76 | Best Valid: 0.24/0.49/75.81 | Ep. 33
Time elapsed: 52.04 min
Epoch: 077/200 | Batch 0000/0163 | Loss: 0.0002
Epoch: 077/200 | Batch 0050/0163 | Loss: 0.0471
Epoch: 077/200 | Batch 0100/0163 | Loss: 0.0118
Epoch: 077/200 | Batch 0150/0163 | Loss: 0.0108
MAE/RMSE/ACC: Current Valid: 0.35/0.61/75.81 Ep. 77 | Best Valid: 0.24/0.49/75.81 | Ep. 33
Time elapsed: 52.72 min
Epoch: 078/200 | Batch 0000/0163 | Loss: 0.0056
Epoch: 078/200 | Batch 0050/0163 | Loss: 0.0017
Epoch: 078/200 | Batch 0100/0163 | Loss: 0.0132
Epoch: 078/200 | Batch 0150/0163 | Loss: 0.0044
MAE/RMSE/ACC: Current Valid: 0.35/0.59/75.81 Ep. 78 | Best Valid: 0.24/0.49/75.81 | Ep. 33
Time elapsed: 53.40 min
Epoch: 079/200 | Batch 0000/0163 | Loss: 0.0085
Epoch: 079/200 | Batch 0050/0163 | Loss: 0.0083
Epoch: 079/200 | Batch 0100/0163 | Loss: 0.0217
Epoch: 079/200 | Batch 0150/0163 | Loss: 0.0009
MAE/RMSE/ACC: Current Valid: 0.30/0.55/75.81 Ep. 79 | Best Valid: 0.24/0.49/75.81 | Ep. 33
Time elapsed: 54.08 min
Epoch: 080/200 | Batch 0000/0163 | Loss: 0.0045
Epoch: 080/200 | Batch 0050/0163 | Loss: 0.0003
Epoch: 080/200 | Batch 0100/0163 | Loss: 0.0047
Epoch: 080/200 | Batch 0150/0163 | Loss: 0.0008
MAE/RMSE/ACC: Current Valid: 0.27/0.53/75.81 Ep. 80 | Best Valid: 0.24/0.49/75.81 | Ep. 33
Time elapsed: 54.76 min
Epoch: 081/200 | Batch 0000/0163 | Loss: 0.0044
Epoch: 081/200 | Batch 0050/0163 | Loss: 0.0008
Epoch: 081/200 | Batch 0100/0163 | Loss: 0.0105
Epoch: 081/200 | Batch 0150/0163 | Loss: 0.0079
MAE/RMSE/ACC: Current Valid: 0.29/0.54/75.81 Ep. 81 | Best Valid: 0.24/0.49/75.81 | Ep. 33
Time elapsed: 55.44 min
Epoch: 082/200 | Batch 0000/0163 | Loss: 0.0002
Epoch: 082/200 | Batch 0050/0163 | Loss: 0.0401
Epoch: 082/200 | Batch 0100/0163 | Loss: 0.0044
Epoch: 082/200 | Batch 0150/0163 | Loss: 0.2404
MAE/RMSE/ACC: Current Valid: 0.26/0.51/75.81 Ep. 82 | Best Valid: 0.24/0.49/75.81 | Ep. 33
Time elapsed: 56.12 min
Epoch: 083/200 | Batch 0000/0163 | Loss: 0.0044
Epoch: 083/200 | Batch 0050/0163 | Loss: 0.1676
Epoch: 083/200 | Batch 0100/0163 | Loss: 0.0095
Epoch: 083/200 | Batch 0150/0163 | Loss: 0.0184
MAE/RMSE/ACC: Current Valid: 0.26/0.51/75.81 Ep. 83 | Best Valid: 0.24/0.49/75.81 | Ep. 33
Time elapsed: 56.81 min
Epoch: 084/200 | Batch 0000/0163 | Loss: 0.0078
Epoch: 084/200 | Batch 0050/0163 | Loss: 0.0172
Epoch: 084/200 | Batch 0100/0163 | Loss: 0.0685
Epoch: 084/200 | Batch 0150/0163 | Loss: 0.0030
MAE/RMSE/ACC: Current Valid: 0.23/0.48/76.88 Ep. 84 | Best Valid: 0.23/0.48/76.88 | Ep. 84
Time elapsed: 57.52 min
Epoch: 085/200 | Batch 0000/0163 | Loss: 0.0105
Epoch: 085/200 | Batch 0050/0163 | Loss: 0.0249
Epoch: 085/200 | Batch 0100/0163 | Loss: 0.0040
Epoch: 085/200 | Batch 0150/0163 | Loss: 0.0078
MAE/RMSE/ACC: Current Valid: 0.28/0.54/76.88 Ep. 85 | Best Valid: 0.23/0.48/76.88 | Ep. 84
Time elapsed: 58.21 min
Epoch: 086/200 | Batch 0000/0163 | Loss: 0.0000
Epoch: 086/200 | Batch 0050/0163 | Loss: 0.0142
Epoch: 086/200 | Batch 0100/0163 | Loss: 0.0002
Epoch: 086/200 | Batch 0150/0163 | Loss: 0.0116
MAE/RMSE/ACC: Current Valid: 0.31/0.56/76.88 Ep. 86 | Best Valid: 0.23/0.48/76.88 | Ep. 84
Time elapsed: 58.89 min
Epoch: 087/200 | Batch 0000/0163 | Loss: 0.0004
Epoch: 087/200 | Batch 0050/0163 | Loss: 0.0017
Epoch: 087/200 | Batch 0100/0163 | Loss: 0.3142
Epoch: 087/200 | Batch 0150/0163 | Loss: 0.0006
MAE/RMSE/ACC: Current Valid: 0.28/0.53/76.88 Ep. 87 | Best Valid: 0.23/0.48/76.88 | Ep. 84
Time elapsed: 59.56 min
Epoch: 088/200 | Batch 0000/0163 | Loss: 0.0039
Epoch: 088/200 | Batch 0050/0163 | Loss: 0.0014
Epoch: 088/200 | Batch 0100/0163 | Loss: 0.2068
Epoch: 088/200 | Batch 0150/0163 | Loss: 0.0000
MAE/RMSE/ACC: Current Valid: 0.27/0.52/76.88 Ep. 88 | Best Valid: 0.23/0.48/76.88 | Ep. 84
Time elapsed: 60.24 min
Epoch: 089/200 | Batch 0000/0163 | Loss: 0.0003
Epoch: 089/200 | Batch 0050/0163 | Loss: 0.0027
Epoch: 089/200 | Batch 0100/0163 | Loss: 0.0006
Epoch: 089/200 | Batch 0150/0163 | Loss: 0.0251
MAE/RMSE/ACC: Current Valid: 0.28/0.53/76.88 Ep. 89 | Best Valid: 0.23/0.48/76.88 | Ep. 84
Time elapsed: 60.93 min
Epoch: 090/200 | Batch 0000/0163 | Loss: 0.0772
Epoch: 090/200 | Batch 0050/0163 | Loss: 0.0782
Epoch: 090/200 | Batch 0100/0163 | Loss: 0.0065
Epoch: 090/200 | Batch 0150/0163 | Loss: 0.0675
MAE/RMSE/ACC: Current Valid: 0.26/0.51/76.88 Ep. 90 | Best Valid: 0.23/0.48/76.88 | Ep. 84
Time elapsed: 61.61 min
Epoch: 091/200 | Batch 0000/0163 | Loss: 0.0030
Epoch: 091/200 | Batch 0050/0163 | Loss: 0.0017
Epoch: 091/200 | Batch 0100/0163 | Loss: 0.0007
Epoch: 091/200 | Batch 0150/0163 | Loss: 0.0035
MAE/RMSE/ACC: Current Valid: 0.31/0.57/76.88 Ep. 91 | Best Valid: 0.23/0.48/76.88 | Ep. 84
Time elapsed: 62.29 min
Epoch: 092/200 | Batch 0000/0163 | Loss: 0.0004
Epoch: 092/200 | Batch 0050/0163 | Loss: 0.4063
Epoch: 092/200 | Batch 0100/0163 | Loss: 0.0065
Epoch: 092/200 | Batch 0150/0163 | Loss: 0.0670
MAE/RMSE/ACC: Current Valid: 0.28/0.53/76.88 Ep. 92 | Best Valid: 0.23/0.48/76.88 | Ep. 84
Time elapsed: 62.97 min
Epoch: 093/200 | Batch 0000/0163 | Loss: 0.0111
Epoch: 093/200 | Batch 0050/0163 | Loss: 0.0024
Epoch: 093/200 | Batch 0100/0163 | Loss: 0.0000
Epoch: 093/200 | Batch 0150/0163 | Loss: 0.0223
MAE/RMSE/ACC: Current Valid: 0.31/0.55/76.88 Ep. 93 | Best Valid: 0.23/0.48/76.88 | Ep. 84
Time elapsed: 63.65 min
Epoch: 094/200 | Batch 0000/0163 | Loss: 0.0024
Epoch: 094/200 | Batch 0050/0163 | Loss: 0.0002
Epoch: 094/200 | Batch 0100/0163 | Loss: 0.2729
Epoch: 094/200 | Batch 0150/0163 | Loss: 0.2019
MAE/RMSE/ACC: Current Valid: 0.32/0.58/76.88 Ep. 94 | Best Valid: 0.23/0.48/76.88 | Ep. 84
Time elapsed: 64.33 min
Epoch: 095/200 | Batch 0000/0163 | Loss: 0.0027
Epoch: 095/200 | Batch 0050/0163 | Loss: 0.0007
Epoch: 095/200 | Batch 0100/0163 | Loss: 0.0470
Epoch: 095/200 | Batch 0150/0163 | Loss: 0.0017
MAE/RMSE/ACC: Current Valid: 0.28/0.53/76.88 Ep. 95 | Best Valid: 0.23/0.48/76.88 | Ep. 84
Time elapsed: 65.02 min
Epoch: 096/200 | Batch 0000/0163 | Loss: 0.0522
Epoch: 096/200 | Batch 0050/0163 | Loss: 0.0073
Epoch: 096/200 | Batch 0100/0163 | Loss: 0.0017
Epoch: 096/200 | Batch 0150/0163 | Loss: 0.1063
MAE/RMSE/ACC: Current Valid: 0.31/0.55/76.88 Ep. 96 | Best Valid: 0.23/0.48/76.88 | Ep. 84
Time elapsed: 65.70 min
Epoch: 097/200 | Batch 0000/0163 | Loss: 0.0438
Epoch: 097/200 | Batch 0050/0163 | Loss: 0.0016
Epoch: 097/200 | Batch 0100/0163 | Loss: 0.0004
Epoch: 097/200 | Batch 0150/0163 | Loss: 0.0001
MAE/RMSE/ACC: Current Valid: 0.27/0.52/76.88 Ep. 97 | Best Valid: 0.23/0.48/76.88 | Ep. 84
Time elapsed: 66.38 min
Epoch: 098/200 | Batch 0000/0163 | Loss: 0.0010
Epoch: 098/200 | Batch 0050/0163 | Loss: 0.0006
Epoch: 098/200 | Batch 0100/0163 | Loss: 0.0049
Epoch: 098/200 | Batch 0150/0163 | Loss: 0.0224
MAE/RMSE/ACC: Current Valid: 0.23/0.48/76.88 Ep. 98 | Best Valid: 0.23/0.48/76.88 | Ep. 84
Time elapsed: 67.06 min
Epoch: 099/200 | Batch 0000/0163 | Loss: 0.0007
Epoch: 099/200 | Batch 0050/0163 | Loss: 0.0000
Epoch: 099/200 | Batch 0100/0163 | Loss: 0.2204
Epoch: 099/200 | Batch 0150/0163 | Loss: 0.0005
MAE/RMSE/ACC: Current Valid: 0.28/0.53/76.88 Ep. 99 | Best Valid: 0.23/0.48/76.88 | Ep. 84
Time elapsed: 67.74 min
Epoch: 100/200 | Batch 0000/0163 | Loss: 0.0321
Epoch: 100/200 | Batch 0050/0163 | Loss: 0.0116
Epoch: 100/200 | Batch 0100/0163 | Loss: 0.0137
Epoch: 100/200 | Batch 0150/0163 | Loss: 0.0007
MAE/RMSE/ACC: Current Valid: 0.28/0.54/76.88 Ep. 100 | Best Valid: 0.23/0.48/76.88 | Ep. 84
Time elapsed: 68.42 min
Epoch: 101/200 | Batch 0000/0163 | Loss: 0.0003
Epoch: 101/200 | Batch 0050/0163 | Loss: 0.4698
Epoch: 101/200 | Batch 0100/0163 | Loss: 0.0215
Epoch: 101/200 | Batch 0150/0163 | Loss: 0.0006
MAE/RMSE/ACC: Current Valid: 0.29/0.54/76.88 Ep. 101 | Best Valid: 0.23/0.48/76.88 | Ep. 84
Time elapsed: 69.10 min
Epoch: 102/200 | Batch 0000/0163 | Loss: 0.0092
Epoch: 102/200 | Batch 0050/0163 | Loss: 0.1210
Epoch: 102/200 | Batch 0100/0163 | Loss: 0.0000
Epoch: 102/200 | Batch 0150/0163 | Loss: 0.0014
MAE/RMSE/ACC: Current Valid: 0.28/0.53/76.88 Ep. 102 | Best Valid: 0.23/0.48/76.88 | Ep. 84
Time elapsed: 69.78 min
Epoch: 103/200 | Batch 0000/0163 | Loss: 0.0014
Epoch: 103/200 | Batch 0050/0163 | Loss: 0.0007
Epoch: 103/200 | Batch 0100/0163 | Loss: 0.0001
Epoch: 103/200 | Batch 0150/0163 | Loss: 0.0010
MAE/RMSE/ACC: Current Valid: 0.29/0.54/76.88 Ep. 103 | Best Valid: 0.23/0.48/76.88 | Ep. 84
Time elapsed: 70.46 min
Epoch: 104/200 | Batch 0000/0163 | Loss: 0.0060
Epoch: 104/200 | Batch 0050/0163 | Loss: 0.0004
Epoch: 104/200 | Batch 0100/0163 | Loss: 0.0001
Epoch: 104/200 | Batch 0150/0163 | Loss: 0.0003
MAE/RMSE/ACC: Current Valid: 0.24/0.49/76.88 Ep. 104 | Best Valid: 0.23/0.48/76.88 | Ep. 84
Time elapsed: 71.14 min
Epoch: 105/200 | Batch 0000/0163 | Loss: 0.1257
Epoch: 105/200 | Batch 0050/0163 | Loss: 0.0003
Epoch: 105/200 | Batch 0100/0163 | Loss: 0.3884
Epoch: 105/200 | Batch 0150/0163 | Loss: 0.0334
MAE/RMSE/ACC: Current Valid: 0.28/0.54/76.88 Ep. 105 | Best Valid: 0.23/0.48/76.88 | Ep. 84
Time elapsed: 71.82 min
Epoch: 106/200 | Batch 0000/0163 | Loss: 0.2265
Epoch: 106/200 | Batch 0050/0163 | Loss: 0.0250
Epoch: 106/200 | Batch 0100/0163 | Loss: 0.0016
Epoch: 106/200 | Batch 0150/0163 | Loss: 0.0004
MAE/RMSE/ACC: Current Valid: 0.28/0.53/76.88 Ep. 106 | Best Valid: 0.23/0.48/76.88 | Ep. 84
Time elapsed: 72.50 min
Epoch: 107/200 | Batch 0000/0163 | Loss: 0.0032
Epoch: 107/200 | Batch 0050/0163 | Loss: 0.0050
Epoch: 107/200 | Batch 0100/0163 | Loss: 0.0027
Epoch: 107/200 | Batch 0150/0163 | Loss: 0.0218
MAE/RMSE/ACC: Current Valid: 0.26/0.51/76.88 Ep. 107 | Best Valid: 0.23/0.48/76.88 | Ep. 84
Time elapsed: 73.18 min
Epoch: 108/200 | Batch 0000/0163 | Loss: 0.0034
Epoch: 108/200 | Batch 0050/0163 | Loss: 0.0107
Epoch: 108/200 | Batch 0100/0163 | Loss: 0.0013
Epoch: 108/200 | Batch 0150/0163 | Loss: 0.0036
MAE/RMSE/ACC: Current Valid: 0.26/0.51/76.88 Ep. 108 | Best Valid: 0.23/0.48/76.88 | Ep. 84
Time elapsed: 73.86 min
Epoch: 109/200 | Batch 0000/0163 | Loss: 0.0017
Epoch: 109/200 | Batch 0050/0163 | Loss: 0.0016
Epoch: 109/200 | Batch 0100/0163 | Loss: 0.0001
Epoch: 109/200 | Batch 0150/0163 | Loss: 0.0000
MAE/RMSE/ACC: Current Valid: 0.27/0.53/76.88 Ep. 109 | Best Valid: 0.23/0.48/76.88 | Ep. 84
Time elapsed: 74.54 min
Epoch: 110/200 | Batch 0000/0163 | Loss: 0.0000
Epoch: 110/200 | Batch 0050/0163 | Loss: 0.0001
Epoch: 110/200 | Batch 0100/0163 | Loss: 0.4179
Epoch: 110/200 | Batch 0150/0163 | Loss: 0.1211
MAE/RMSE/ACC: Current Valid: 0.39/0.62/76.88 Ep. 110 | Best Valid: 0.23/0.48/76.88 | Ep. 84
Time elapsed: 75.22 min
Epoch: 111/200 | Batch 0000/0163 | Loss: 0.0359
Epoch: 111/200 | Batch 0050/0163 | Loss: 0.0205
Epoch: 111/200 | Batch 0100/0163 | Loss: 0.1240
Epoch: 111/200 | Batch 0150/0163 | Loss: 0.0000
MAE/RMSE/ACC: Current Valid: 0.28/0.55/76.88 Ep. 111 | Best Valid: 0.23/0.48/76.88 | Ep. 84
Time elapsed: 75.91 min
Epoch: 112/200 | Batch 0000/0163 | Loss: 0.0017
Epoch: 112/200 | Batch 0050/0163 | Loss: 0.0015
Epoch: 112/200 | Batch 0100/0163 | Loss: 0.0035
Epoch: 112/200 | Batch 0150/0163 | Loss: 0.0151
MAE/RMSE/ACC: Current Valid: 0.31/0.56/76.88 Ep. 112 | Best Valid: 0.23/0.48/76.88 | Ep. 84
Time elapsed: 76.59 min
Epoch: 113/200 | Batch 0000/0163 | Loss: 0.0009
Epoch: 113/200 | Batch 0050/0163 | Loss: 0.0001
Epoch: 113/200 | Batch 0100/0163 | Loss: 0.1496
Epoch: 113/200 | Batch 0150/0163 | Loss: 0.0005
MAE/RMSE/ACC: Current Valid: 0.29/0.55/76.88 Ep. 113 | Best Valid: 0.23/0.48/76.88 | Ep. 84
Time elapsed: 77.27 min
Epoch: 114/200 | Batch 0000/0163 | Loss: 0.0005
Epoch: 114/200 | Batch 0050/0163 | Loss: 0.0018
Epoch: 114/200 | Batch 0100/0163 | Loss: 0.0005
Epoch: 114/200 | Batch 0150/0163 | Loss: 0.0000
MAE/RMSE/ACC: Current Valid: 0.28/0.53/76.88 Ep. 114 | Best Valid: 0.23/0.48/76.88 | Ep. 84
Time elapsed: 77.95 min
Epoch: 115/200 | Batch 0000/0163 | Loss: 0.0000
Epoch: 115/200 | Batch 0050/0163 | Loss: 0.0000
Epoch: 115/200 | Batch 0100/0163 | Loss: 0.0001
Epoch: 115/200 | Batch 0150/0163 | Loss: 0.0010
MAE/RMSE/ACC: Current Valid: 0.27/0.52/76.88 Ep. 115 | Best Valid: 0.23/0.48/76.88 | Ep. 84
Time elapsed: 78.63 min
Epoch: 116/200 | Batch 0000/0163 | Loss: 0.0001
Epoch: 116/200 | Batch 0050/0163 | Loss: 0.1934
Epoch: 116/200 | Batch 0100/0163 | Loss: 0.0001
Epoch: 116/200 | Batch 0150/0163 | Loss: 0.0000
MAE/RMSE/ACC: Current Valid: 0.25/0.50/76.88 Ep. 116 | Best Valid: 0.23/0.48/76.88 | Ep. 84
Time elapsed: 79.32 min
Epoch: 117/200 | Batch 0000/0163 | Loss: 0.0000
Epoch: 117/200 | Batch 0050/0163 | Loss: 0.0116
Epoch: 117/200 | Batch 0100/0163 | Loss: 0.0044
Epoch: 117/200 | Batch 0150/0163 | Loss: 0.0030
MAE/RMSE/ACC: Current Valid: 0.24/0.49/76.88 Ep. 117 | Best Valid: 0.23/0.48/76.88 | Ep. 84
Time elapsed: 80.00 min
Epoch: 118/200 | Batch 0000/0163 | Loss: 0.0004
Epoch: 118/200 | Batch 0050/0163 | Loss: 0.0096
Epoch: 118/200 | Batch 0100/0163 | Loss: 0.0163
Epoch: 118/200 | Batch 0150/0163 | Loss: 0.2109
MAE/RMSE/ACC: Current Valid: 0.28/0.55/76.88 Ep. 118 | Best Valid: 0.23/0.48/76.88 | Ep. 84
Time elapsed: 80.68 min
Epoch: 119/200 | Batch 0000/0163 | Loss: 0.0103
Epoch: 119/200 | Batch 0050/0163 | Loss: 0.0001
Epoch: 119/200 | Batch 0100/0163 | Loss: 0.0366
Epoch: 119/200 | Batch 0150/0163 | Loss: 0.0112
MAE/RMSE/ACC: Current Valid: 0.25/0.50/76.88 Ep. 119 | Best Valid: 0.23/0.48/76.88 | Ep. 84
Time elapsed: 81.36 min
Epoch: 120/200 | Batch 0000/0163 | Loss: 0.0017
Epoch: 120/200 | Batch 0050/0163 | Loss: 0.0026
Epoch: 120/200 | Batch 0100/0163 | Loss: 0.0006
Epoch: 120/200 | Batch 0150/0163 | Loss: 0.0003
MAE/RMSE/ACC: Current Valid: 0.25/0.50/76.88 Ep. 120 | Best Valid: 0.23/0.48/76.88 | Ep. 84
Time elapsed: 82.04 min
Epoch: 121/200 | Batch 0000/0163 | Loss: 0.0774
Epoch: 121/200 | Batch 0050/0163 | Loss: 0.0000
Epoch: 121/200 | Batch 0100/0163 | Loss: 0.0000
Epoch: 121/200 | Batch 0150/0163 | Loss: 0.0020
MAE/RMSE/ACC: Current Valid: 0.25/0.50/76.88 Ep. 121 | Best Valid: 0.23/0.48/76.88 | Ep. 84
Time elapsed: 82.72 min
Epoch: 122/200 | Batch 0000/0163 | Loss: 0.0126
Epoch: 122/200 | Batch 0050/0163 | Loss: 0.0002
Epoch: 122/200 | Batch 0100/0163 | Loss: 0.0815
Epoch: 122/200 | Batch 0150/0163 | Loss: 0.0084
MAE/RMSE/ACC: Current Valid: 0.28/0.53/76.88 Ep. 122 | Best Valid: 0.23/0.48/76.88 | Ep. 84
Time elapsed: 83.40 min
Epoch: 123/200 | Batch 0000/0163 | Loss: 0.0250
Epoch: 123/200 | Batch 0050/0163 | Loss: 0.1360
Epoch: 123/200 | Batch 0100/0163 | Loss: 0.0550
Epoch: 123/200 | Batch 0150/0163 | Loss: 0.0585
MAE/RMSE/ACC: Current Valid: 0.26/0.51/76.88 Ep. 123 | Best Valid: 0.23/0.48/76.88 | Ep. 84
Time elapsed: 84.08 min
Epoch: 124/200 | Batch 0000/0163 | Loss: 0.0035
Epoch: 124/200 | Batch 0050/0163 | Loss: 0.0050
Epoch: 124/200 | Batch 0100/0163 | Loss: 0.1881
Epoch: 124/200 | Batch 0150/0163 | Loss: 0.2861
MAE/RMSE/ACC: Current Valid: 0.26/0.51/76.88 Ep. 124 | Best Valid: 0.23/0.48/76.88 | Ep. 84
Time elapsed: 84.76 min
Epoch: 125/200 | Batch 0000/0163 | Loss: 0.0067
Epoch: 125/200 | Batch 0050/0163 | Loss: 0.0000
Epoch: 125/200 | Batch 0100/0163 | Loss: 0.0833
Epoch: 125/200 | Batch 0150/0163 | Loss: 0.0461
MAE/RMSE/ACC: Current Valid: 0.30/0.54/76.88 Ep. 125 | Best Valid: 0.23/0.48/76.88 | Ep. 84
Time elapsed: 85.44 min
Epoch: 126/200 | Batch 0000/0163 | Loss: 0.5979
Epoch: 126/200 | Batch 0050/0163 | Loss: 0.0729
Epoch: 126/200 | Batch 0100/0163 | Loss: 0.0071
Epoch: 126/200 | Batch 0150/0163 | Loss: 0.2767
MAE/RMSE/ACC: Current Valid: 0.33/0.59/76.88 Ep. 126 | Best Valid: 0.23/0.48/76.88 | Ep. 84
Time elapsed: 86.13 min
Epoch: 127/200 | Batch 0000/0163 | Loss: 0.0130
Epoch: 127/200 | Batch 0050/0163 | Loss: 0.0186
Epoch: 127/200 | Batch 0100/0163 | Loss: 0.0147
Epoch: 127/200 | Batch 0150/0163 | Loss: 0.0938
MAE/RMSE/ACC: Current Valid: 0.33/0.60/76.88 Ep. 127 | Best Valid: 0.23/0.48/76.88 | Ep. 84
Time elapsed: 86.81 min
Epoch: 128/200 | Batch 0000/0163 | Loss: 0.0094
Epoch: 128/200 | Batch 0050/0163 | Loss: 0.0063
Epoch: 128/200 | Batch 0100/0163 | Loss: 0.0010
Epoch: 128/200 | Batch 0150/0163 | Loss: 0.0179
MAE/RMSE/ACC: Current Valid: 0.31/0.56/76.88 Ep. 128 | Best Valid: 0.23/0.48/76.88 | Ep. 84
Time elapsed: 87.49 min
Epoch: 129/200 | Batch 0000/0163 | Loss: 0.0020
Epoch: 129/200 | Batch 0050/0163 | Loss: 0.3700
Epoch: 129/200 | Batch 0100/0163 | Loss: 0.0014
Epoch: 129/200 | Batch 0150/0163 | Loss: 0.0002
MAE/RMSE/ACC: Current Valid: 0.27/0.52/76.88 Ep. 129 | Best Valid: 0.23/0.48/76.88 | Ep. 84
Time elapsed: 88.17 min
Epoch: 130/200 | Batch 0000/0163 | Loss: 0.0050
Epoch: 130/200 | Batch 0050/0163 | Loss: 0.0007
Epoch: 130/200 | Batch 0100/0163 | Loss: 0.0038
Epoch: 130/200 | Batch 0150/0163 | Loss: 0.0069
MAE/RMSE/ACC: Current Valid: 0.28/0.53/76.88 Ep. 130 | Best Valid: 0.23/0.48/76.88 | Ep. 84
Time elapsed: 88.85 min
Epoch: 131/200 | Batch 0000/0163 | Loss: 0.0003
Epoch: 131/200 | Batch 0050/0163 | Loss: 0.0017
Epoch: 131/200 | Batch 0100/0163 | Loss: 0.0049
Epoch: 131/200 | Batch 0150/0163 | Loss: 0.0038
MAE/RMSE/ACC: Current Valid: 0.27/0.52/76.88 Ep. 131 | Best Valid: 0.23/0.48/76.88 | Ep. 84
Time elapsed: 89.54 min
Epoch: 132/200 | Batch 0000/0163 | Loss: 0.0199
Epoch: 132/200 | Batch 0050/0163 | Loss: 0.0002
Epoch: 132/200 | Batch 0100/0163 | Loss: 0.0351
Epoch: 132/200 | Batch 0150/0163 | Loss: 0.0005
MAE/RMSE/ACC: Current Valid: 0.31/0.56/76.88 Ep. 132 | Best Valid: 0.23/0.48/76.88 | Ep. 84
Time elapsed: 90.22 min
Epoch: 133/200 | Batch 0000/0163 | Loss: 0.0001
Epoch: 133/200 | Batch 0050/0163 | Loss: 0.0039
Epoch: 133/200 | Batch 0100/0163 | Loss: 0.0089
Epoch: 133/200 | Batch 0150/0163 | Loss: 0.0105
MAE/RMSE/ACC: Current Valid: 0.32/0.57/76.88 Ep. 133 | Best Valid: 0.23/0.48/76.88 | Ep. 84
Time elapsed: 90.90 min
Epoch: 134/200 | Batch 0000/0163 | Loss: 0.0005
Epoch: 134/200 | Batch 0050/0163 | Loss: 0.0001
Epoch: 134/200 | Batch 0100/0163 | Loss: 0.0000
Epoch: 134/200 | Batch 0150/0163 | Loss: 0.0000
MAE/RMSE/ACC: Current Valid: 0.25/0.50/76.88 Ep. 134 | Best Valid: 0.23/0.48/76.88 | Ep. 84
Time elapsed: 91.58 min
Epoch: 135/200 | Batch 0000/0163 | Loss: 0.0000
Epoch: 135/200 | Batch 0050/0163 | Loss: 0.0000
Epoch: 135/200 | Batch 0100/0163 | Loss: 0.0000
Epoch: 135/200 | Batch 0150/0163 | Loss: 0.0061
MAE/RMSE/ACC: Current Valid: 0.26/0.51/76.88 Ep. 135 | Best Valid: 0.23/0.48/76.88 | Ep. 84
Time elapsed: 92.26 min
Epoch: 136/200 | Batch 0000/0163 | Loss: 0.0000
Epoch: 136/200 | Batch 0050/0163 | Loss: 0.1535
Epoch: 136/200 | Batch 0100/0163 | Loss: 0.0241
Epoch: 136/200 | Batch 0150/0163 | Loss: 0.0021
MAE/RMSE/ACC: Current Valid: 0.25/0.50/76.88 Ep. 136 | Best Valid: 0.23/0.48/76.88 | Ep. 84
Time elapsed: 92.94 min
Epoch: 137/200 | Batch 0000/0163 | Loss: 0.0002
Epoch: 137/200 | Batch 0050/0163 | Loss: 0.0006
Epoch: 137/200 | Batch 0100/0163 | Loss: 0.0000
Epoch: 137/200 | Batch 0150/0163 | Loss: 0.0020
MAE/RMSE/ACC: Current Valid: 0.30/0.55/76.88 Ep. 137 | Best Valid: 0.23/0.48/76.88 | Ep. 84
Time elapsed: 93.63 min
Epoch: 138/200 | Batch 0000/0163 | Loss: 0.0039
Epoch: 138/200 | Batch 0050/0163 | Loss: 0.0007
Epoch: 138/200 | Batch 0100/0163 | Loss: 0.0001
Epoch: 138/200 | Batch 0150/0163 | Loss: 0.0000
MAE/RMSE/ACC: Current Valid: 0.30/0.55/76.88 Ep. 138 | Best Valid: 0.23/0.48/76.88 | Ep. 84
Time elapsed: 94.30 min
Epoch: 139/200 | Batch 0000/0163 | Loss: 0.0033
Epoch: 139/200 | Batch 0050/0163 | Loss: 0.0016
Epoch: 139/200 | Batch 0100/0163 | Loss: 0.0073
Epoch: 139/200 | Batch 0150/0163 | Loss: 0.0003
MAE/RMSE/ACC: Current Valid: 0.32/0.57/76.88 Ep. 139 | Best Valid: 0.23/0.48/76.88 | Ep. 84
Time elapsed: 94.99 min
Epoch: 140/200 | Batch 0000/0163 | Loss: 0.0080
Epoch: 140/200 | Batch 0050/0163 | Loss: 0.0001
Epoch: 140/200 | Batch 0100/0163 | Loss: 0.0056
Epoch: 140/200 | Batch 0150/0163 | Loss: 0.0036
MAE/RMSE/ACC: Current Valid: 0.31/0.55/76.88 Ep. 140 | Best Valid: 0.23/0.48/76.88 | Ep. 84
Time elapsed: 95.67 min
Epoch: 141/200 | Batch 0000/0163 | Loss: 0.0146
Epoch: 141/200 | Batch 0050/0163 | Loss: 0.0150
Epoch: 141/200 | Batch 0100/0163 | Loss: 0.0302
Epoch: 141/200 | Batch 0150/0163 | Loss: 0.0126
MAE/RMSE/ACC: Current Valid: 0.35/0.61/76.88 Ep. 141 | Best Valid: 0.23/0.48/76.88 | Ep. 84
Time elapsed: 96.35 min
Epoch: 142/200 | Batch 0000/0163 | Loss: 0.0036
Epoch: 142/200 | Batch 0050/0163 | Loss: 0.0001
Epoch: 142/200 | Batch 0100/0163 | Loss: 0.0000
Epoch: 142/200 | Batch 0150/0163 | Loss: 0.0948
MAE/RMSE/ACC: Current Valid: 0.30/0.54/76.88 Ep. 142 | Best Valid: 0.23/0.48/76.88 | Ep. 84
Time elapsed: 97.03 min
Epoch: 143/200 | Batch 0000/0163 | Loss: 0.0008
Epoch: 143/200 | Batch 0050/0163 | Loss: 0.0048
Epoch: 143/200 | Batch 0100/0163 | Loss: 0.0003
Epoch: 143/200 | Batch 0150/0163 | Loss: 0.0046
MAE/RMSE/ACC: Current Valid: 0.27/0.52/76.88 Ep. 143 | Best Valid: 0.23/0.48/76.88 | Ep. 84
Time elapsed: 97.71 min
Epoch: 144/200 | Batch 0000/0163 | Loss: 0.0001
Epoch: 144/200 | Batch 0050/0163 | Loss: 0.0218
Epoch: 144/200 | Batch 0100/0163 | Loss: 0.0026
Epoch: 144/200 | Batch 0150/0163 | Loss: 0.0004
MAE/RMSE/ACC: Current Valid: 0.30/0.55/76.88 Ep. 144 | Best Valid: 0.23/0.48/76.88 | Ep. 84
Time elapsed: 98.39 min
Epoch: 145/200 | Batch 0000/0163 | Loss: 0.2192
Epoch: 145/200 | Batch 0050/0163 | Loss: 0.0039
Epoch: 145/200 | Batch 0100/0163 | Loss: 0.0391
Epoch: 145/200 | Batch 0150/0163 | Loss: 0.1266
MAE/RMSE/ACC: Current Valid: 0.27/0.52/76.88 Ep. 145 | Best Valid: 0.23/0.48/76.88 | Ep. 84
Time elapsed: 99.07 min
Epoch: 146/200 | Batch 0000/0163 | Loss: 0.0010
Epoch: 146/200 | Batch 0050/0163 | Loss: 0.0012
Epoch: 146/200 | Batch 0100/0163 | Loss: 0.0000
Epoch: 146/200 | Batch 0150/0163 | Loss: 0.0000
MAE/RMSE/ACC: Current Valid: 0.28/0.54/76.88 Ep. 146 | Best Valid: 0.23/0.48/76.88 | Ep. 84
Time elapsed: 99.75 min
Epoch: 147/200 | Batch 0000/0163 | Loss: 0.0002
Epoch: 147/200 | Batch 0050/0163 | Loss: 0.0000
Epoch: 147/200 | Batch 0100/0163 | Loss: 0.0007
Epoch: 147/200 | Batch 0150/0163 | Loss: 0.0238
MAE/RMSE/ACC: Current Valid: 0.26/0.51/76.88 Ep. 147 | Best Valid: 0.23/0.48/76.88 | Ep. 84
Time elapsed: 100.43 min
Epoch: 148/200 | Batch 0000/0163 | Loss: 0.1006
Epoch: 148/200 | Batch 0050/0163 | Loss: 0.0016
Epoch: 148/200 | Batch 0100/0163 | Loss: 0.0046
Epoch: 148/200 | Batch 0150/0163 | Loss: 0.0011
MAE/RMSE/ACC: Current Valid: 0.27/0.53/76.88 Ep. 148 | Best Valid: 0.23/0.48/76.88 | Ep. 84
Time elapsed: 101.11 min
Epoch: 149/200 | Batch 0000/0163 | Loss: 0.0208
Epoch: 149/200 | Batch 0050/0163 | Loss: 0.0007
Epoch: 149/200 | Batch 0100/0163 | Loss: 0.0008
Epoch: 149/200 | Batch 0150/0163 | Loss: 0.0122
MAE/RMSE/ACC: Current Valid: 0.29/0.55/76.88 Ep. 149 | Best Valid: 0.23/0.48/76.88 | Ep. 84
Time elapsed: 101.80 min
Epoch: 150/200 | Batch 0000/0163 | Loss: 0.0441
Epoch: 150/200 | Batch 0050/0163 | Loss: 0.0001
Epoch: 150/200 | Batch 0100/0163 | Loss: 0.0008
Epoch: 150/200 | Batch 0150/0163 | Loss: 0.0006
MAE/RMSE/ACC: Current Valid: 0.30/0.55/76.88 Ep. 150 | Best Valid: 0.23/0.48/76.88 | Ep. 84
Time elapsed: 102.48 min
Epoch: 151/200 | Batch 0000/0163 | Loss: 0.0001
Epoch: 151/200 | Batch 0050/0163 | Loss: 0.0000
Epoch: 151/200 | Batch 0100/0163 | Loss: 0.0198
Epoch: 151/200 | Batch 0150/0163 | Loss: 0.0341
MAE/RMSE/ACC: Current Valid: 0.34/0.60/76.88 Ep. 151 | Best Valid: 0.23/0.48/76.88 | Ep. 84
Time elapsed: 103.16 min
Epoch: 152/200 | Batch 0000/0163 | Loss: 0.0001
Epoch: 152/200 | Batch 0050/0163 | Loss: 0.0009
Epoch: 152/200 | Batch 0100/0163 | Loss: 0.0610
Epoch: 152/200 | Batch 0150/0163 | Loss: 0.0056
MAE/RMSE/ACC: Current Valid: 0.28/0.53/76.88 Ep. 152 | Best Valid: 0.23/0.48/76.88 | Ep. 84
Time elapsed: 103.83 min
Epoch: 153/200 | Batch 0000/0163 | Loss: 0.0569
Epoch: 153/200 | Batch 0050/0163 | Loss: 0.3674
Epoch: 153/200 | Batch 0100/0163 | Loss: 0.0040
Epoch: 153/200 | Batch 0150/0163 | Loss: 0.0535
MAE/RMSE/ACC: Current Valid: 0.34/0.62/76.88 Ep. 153 | Best Valid: 0.23/0.48/76.88 | Ep. 84
Time elapsed: 104.52 min
Epoch: 154/200 | Batch 0000/0163 | Loss: 0.0268
Epoch: 154/200 | Batch 0050/0163 | Loss: 0.0381
Epoch: 154/200 | Batch 0100/0163 | Loss: 0.0272
Epoch: 154/200 | Batch 0150/0163 | Loss: 0.0017
MAE/RMSE/ACC: Current Valid: 0.30/0.56/76.88 Ep. 154 | Best Valid: 0.23/0.48/76.88 | Ep. 84
Time elapsed: 105.20 min
Epoch: 155/200 | Batch 0000/0163 | Loss: 0.0000
Epoch: 155/200 | Batch 0050/0163 | Loss: 0.0000
Epoch: 155/200 | Batch 0100/0163 | Loss: 0.0252
Epoch: 155/200 | Batch 0150/0163 | Loss: 0.0014
MAE/RMSE/ACC: Current Valid: 0.28/0.53/76.88 Ep. 155 | Best Valid: 0.23/0.48/76.88 | Ep. 84
Time elapsed: 105.88 min
Epoch: 156/200 | Batch 0000/0163 | Loss: 0.0019
Epoch: 156/200 | Batch 0050/0163 | Loss: 0.0523
Epoch: 156/200 | Batch 0100/0163 | Loss: 0.0001
Epoch: 156/200 | Batch 0150/0163 | Loss: 0.0012
MAE/RMSE/ACC: Current Valid: 0.30/0.56/76.88 Ep. 156 | Best Valid: 0.23/0.48/76.88 | Ep. 84
Time elapsed: 106.56 min
Epoch: 157/200 | Batch 0000/0163 | Loss: 0.0021
Epoch: 157/200 | Batch 0050/0163 | Loss: 0.0052
Epoch: 157/200 | Batch 0100/0163 | Loss: 0.0008
Epoch: 157/200 | Batch 0150/0163 | Loss: 0.0002
MAE/RMSE/ACC: Current Valid: 0.26/0.53/76.88 Ep. 157 | Best Valid: 0.23/0.48/76.88 | Ep. 84
Time elapsed: 107.24 min
Epoch: 158/200 | Batch 0000/0163 | Loss: 0.0000
Epoch: 158/200 | Batch 0050/0163 | Loss: 0.0000
Epoch: 158/200 | Batch 0100/0163 | Loss: 0.0000
Epoch: 158/200 | Batch 0150/0163 | Loss: 0.0002
MAE/RMSE/ACC: Current Valid: 0.31/0.56/76.88 Ep. 158 | Best Valid: 0.23/0.48/76.88 | Ep. 84
Time elapsed: 107.92 min
Epoch: 159/200 | Batch 0000/0163 | Loss: 0.1005
Epoch: 159/200 | Batch 0050/0163 | Loss: 0.0001
Epoch: 159/200 | Batch 0100/0163 | Loss: 0.0025
Epoch: 159/200 | Batch 0150/0163 | Loss: 0.0584
MAE/RMSE/ACC: Current Valid: 0.31/0.57/76.88 Ep. 159 | Best Valid: 0.23/0.48/76.88 | Ep. 84
Time elapsed: 108.60 min
Epoch: 160/200 | Batch 0000/0163 | Loss: 0.0013
Epoch: 160/200 | Batch 0050/0163 | Loss: 0.0006
Epoch: 160/200 | Batch 0100/0163 | Loss: 0.0630
Epoch: 160/200 | Batch 0150/0163 | Loss: 0.0250
MAE/RMSE/ACC: Current Valid: 0.27/0.53/76.88 Ep. 160 | Best Valid: 0.23/0.48/76.88 | Ep. 84
Time elapsed: 109.28 min
Epoch: 161/200 | Batch 0000/0163 | Loss: 0.0006
Epoch: 161/200 | Batch 0050/0163 | Loss: 0.0001
Epoch: 161/200 | Batch 0100/0163 | Loss: 0.0005
Epoch: 161/200 | Batch 0150/0163 | Loss: 0.4259
MAE/RMSE/ACC: Current Valid: 0.32/0.59/76.88 Ep. 161 | Best Valid: 0.23/0.48/76.88 | Ep. 84
Time elapsed: 109.97 min
Epoch: 162/200 | Batch 0000/0163 | Loss: 0.0537
Epoch: 162/200 | Batch 0050/0163 | Loss: 0.0004
Epoch: 162/200 | Batch 0100/0163 | Loss: 0.0004
Epoch: 162/200 | Batch 0150/0163 | Loss: 0.0011
MAE/RMSE/ACC: Current Valid: 0.26/0.51/76.88 Ep. 162 | Best Valid: 0.23/0.48/76.88 | Ep. 84
Time elapsed: 110.65 min
Epoch: 163/200 | Batch 0000/0163 | Loss: 0.0006
Epoch: 163/200 | Batch 0050/0163 | Loss: 0.0183
Epoch: 163/200 | Batch 0100/0163 | Loss: 0.0117
Epoch: 163/200 | Batch 0150/0163 | Loss: 0.0001
MAE/RMSE/ACC: Current Valid: 0.30/0.56/76.88 Ep. 163 | Best Valid: 0.23/0.48/76.88 | Ep. 84
Time elapsed: 111.33 min
Epoch: 164/200 | Batch 0000/0163 | Loss: 0.0054
Epoch: 164/200 | Batch 0050/0163 | Loss: 0.0127
Epoch: 164/200 | Batch 0100/0163 | Loss: 0.0013
Epoch: 164/200 | Batch 0150/0163 | Loss: 0.0000
MAE/RMSE/ACC: Current Valid: 0.35/0.63/76.88 Ep. 164 | Best Valid: 0.23/0.48/76.88 | Ep. 84
Time elapsed: 112.02 min
Epoch: 165/200 | Batch 0000/0163 | Loss: 0.6877
Epoch: 165/200 | Batch 0050/0163 | Loss: 0.5167
Epoch: 165/200 | Batch 0100/0163 | Loss: 0.0778
Epoch: 165/200 | Batch 0150/0163 | Loss: 0.0042
MAE/RMSE/ACC: Current Valid: 0.30/0.54/76.88 Ep. 165 | Best Valid: 0.23/0.48/76.88 | Ep. 84
Time elapsed: 112.70 min
Epoch: 166/200 | Batch 0000/0163 | Loss: 0.0642
Epoch: 166/200 | Batch 0050/0163 | Loss: 0.1724
Epoch: 166/200 | Batch 0100/0163 | Loss: 0.0002
Epoch: 166/200 | Batch 0150/0163 | Loss: 0.0012
MAE/RMSE/ACC: Current Valid: 0.25/0.51/76.88 Ep. 166 | Best Valid: 0.23/0.48/76.88 | Ep. 84
Time elapsed: 113.38 min
Epoch: 167/200 | Batch 0000/0163 | Loss: 0.0985
Epoch: 167/200 | Batch 0050/0163 | Loss: 0.0024
Epoch: 167/200 | Batch 0100/0163 | Loss: 0.0001
Epoch: 167/200 | Batch 0150/0163 | Loss: 0.0002
MAE/RMSE/ACC: Current Valid: 0.28/0.54/76.88 Ep. 167 | Best Valid: 0.23/0.48/76.88 | Ep. 84
Time elapsed: 114.06 min
Epoch: 168/200 | Batch 0000/0163 | Loss: 0.0036
Epoch: 168/200 | Batch 0050/0163 | Loss: 0.0252
Epoch: 168/200 | Batch 0100/0163 | Loss: 0.0308
Epoch: 168/200 | Batch 0150/0163 | Loss: 0.0106
MAE/RMSE/ACC: Current Valid: 0.24/0.49/76.88 Ep. 168 | Best Valid: 0.23/0.48/76.88 | Ep. 84
Time elapsed: 114.74 min
Epoch: 169/200 | Batch 0000/0163 | Loss: 0.0009
Epoch: 169/200 | Batch 0050/0163 | Loss: 0.0003
Epoch: 169/200 | Batch 0100/0163 | Loss: 0.0023
Epoch: 169/200 | Batch 0150/0163 | Loss: 0.0003
MAE/RMSE/ACC: Current Valid: 0.31/0.55/76.88 Ep. 169 | Best Valid: 0.23/0.48/76.88 | Ep. 84
Time elapsed: 115.43 min
Epoch: 170/200 | Batch 0000/0163 | Loss: 0.0099
Epoch: 170/200 | Batch 0050/0163 | Loss: 0.0023
Epoch: 170/200 | Batch 0100/0163 | Loss: 0.0008
Epoch: 170/200 | Batch 0150/0163 | Loss: 0.0039
MAE/RMSE/ACC: Current Valid: 0.28/0.53/76.88 Ep. 170 | Best Valid: 0.23/0.48/76.88 | Ep. 84
Time elapsed: 116.11 min
Epoch: 171/200 | Batch 0000/0163 | Loss: 0.0021
Epoch: 171/200 | Batch 0050/0163 | Loss: 0.0037
Epoch: 171/200 | Batch 0100/0163 | Loss: 0.0042
Epoch: 171/200 | Batch 0150/0163 | Loss: 0.1123
MAE/RMSE/ACC: Current Valid: 0.27/0.53/76.88 Ep. 171 | Best Valid: 0.23/0.48/76.88 | Ep. 84
Time elapsed: 116.79 min
Epoch: 172/200 | Batch 0000/0163 | Loss: 0.0016
Epoch: 172/200 | Batch 0050/0163 | Loss: 0.0001
Epoch: 172/200 | Batch 0100/0163 | Loss: 0.0044
Epoch: 172/200 | Batch 0150/0163 | Loss: 0.0001
MAE/RMSE/ACC: Current Valid: 0.27/0.52/76.88 Ep. 172 | Best Valid: 0.23/0.48/76.88 | Ep. 84
Time elapsed: 117.46 min
Epoch: 173/200 | Batch 0000/0163 | Loss: 0.0011
Epoch: 173/200 | Batch 0050/0163 | Loss: 0.0021
Epoch: 173/200 | Batch 0100/0163 | Loss: 0.0000
Epoch: 173/200 | Batch 0150/0163 | Loss: 0.0002
MAE/RMSE/ACC: Current Valid: 0.27/0.52/76.88 Ep. 173 | Best Valid: 0.23/0.48/76.88 | Ep. 84
Time elapsed: 118.15 min
Epoch: 174/200 | Batch 0000/0163 | Loss: 0.0007
Epoch: 174/200 | Batch 0050/0163 | Loss: 0.0062
Epoch: 174/200 | Batch 0100/0163 | Loss: 0.0001
Epoch: 174/200 | Batch 0150/0163 | Loss: 0.0003
MAE/RMSE/ACC: Current Valid: 0.25/0.50/76.88 Ep. 174 | Best Valid: 0.23/0.48/76.88 | Ep. 84
Time elapsed: 118.83 min
Epoch: 175/200 | Batch 0000/0163 | Loss: 0.0008
Epoch: 175/200 | Batch 0050/0163 | Loss: 0.0022
Epoch: 175/200 | Batch 0100/0163 | Loss: 0.0006
Epoch: 175/200 | Batch 0150/0163 | Loss: 0.0010
MAE/RMSE/ACC: Current Valid: 0.28/0.53/76.88 Ep. 175 | Best Valid: 0.23/0.48/76.88 | Ep. 84
Time elapsed: 119.51 min
Epoch: 176/200 | Batch 0000/0163 | Loss: 0.0002
Epoch: 176/200 | Batch 0050/0163 | Loss: 0.0002
Epoch: 176/200 | Batch 0100/0163 | Loss: 0.0002
Epoch: 176/200 | Batch 0150/0163 | Loss: 0.1283
MAE/RMSE/ACC: Current Valid: 0.25/0.50/76.88 Ep. 176 | Best Valid: 0.23/0.48/76.88 | Ep. 84
Time elapsed: 120.19 min
Epoch: 177/200 | Batch 0000/0163 | Loss: 0.0013
Epoch: 177/200 | Batch 0050/0163 | Loss: 0.0019
Epoch: 177/200 | Batch 0100/0163 | Loss: 0.0063
Epoch: 177/200 | Batch 0150/0163 | Loss: 0.0006
MAE/RMSE/ACC: Current Valid: 0.30/0.54/76.88 Ep. 177 | Best Valid: 0.23/0.48/76.88 | Ep. 84
Time elapsed: 120.87 min
Epoch: 178/200 | Batch 0000/0163 | Loss: 0.0000
Epoch: 178/200 | Batch 0050/0163 | Loss: 0.0070
Epoch: 178/200 | Batch 0100/0163 | Loss: 0.0044
Epoch: 178/200 | Batch 0150/0163 | Loss: 0.0000
MAE/RMSE/ACC: Current Valid: 0.27/0.52/76.88 Ep. 178 | Best Valid: 0.23/0.48/76.88 | Ep. 84
Time elapsed: 121.56 min
Epoch: 179/200 | Batch 0000/0163 | Loss: 0.0292
Epoch: 179/200 | Batch 0050/0163 | Loss: 0.0076
Epoch: 179/200 | Batch 0100/0163 | Loss: 0.0014
Epoch: 179/200 | Batch 0150/0163 | Loss: 0.0018
MAE/RMSE/ACC: Current Valid: 0.37/0.61/76.88 Ep. 179 | Best Valid: 0.23/0.48/76.88 | Ep. 84
Time elapsed: 122.24 min
Epoch: 180/200 | Batch 0000/0163 | Loss: 0.0003
Epoch: 180/200 | Batch 0050/0163 | Loss: 0.0184
Epoch: 180/200 | Batch 0100/0163 | Loss: 0.0436
Epoch: 180/200 | Batch 0150/0163 | Loss: 0.0010
MAE/RMSE/ACC: Current Valid: 0.30/0.55/76.88 Ep. 180 | Best Valid: 0.23/0.48/76.88 | Ep. 84
Time elapsed: 122.92 min
Epoch: 181/200 | Batch 0000/0163 | Loss: 0.0002
Epoch: 181/200 | Batch 0050/0163 | Loss: 0.0001
Epoch: 181/200 | Batch 0100/0163 | Loss: 0.0136
Epoch: 181/200 | Batch 0150/0163 | Loss: 0.0000
MAE/RMSE/ACC: Current Valid: 0.32/0.57/76.88 Ep. 181 | Best Valid: 0.23/0.48/76.88 | Ep. 84
Time elapsed: 123.60 min
Epoch: 182/200 | Batch 0000/0163 | Loss: 0.0006
Epoch: 182/200 | Batch 0050/0163 | Loss: 0.0192
Epoch: 182/200 | Batch 0100/0163 | Loss: 0.0012
Epoch: 182/200 | Batch 0150/0163 | Loss: 0.0692
MAE/RMSE/ACC: Current Valid: 0.31/0.55/76.88 Ep. 182 | Best Valid: 0.23/0.48/76.88 | Ep. 84
Time elapsed: 124.29 min
Epoch: 183/200 | Batch 0000/0163 | Loss: 0.2457
Epoch: 183/200 | Batch 0050/0163 | Loss: 0.0001
Epoch: 183/200 | Batch 0100/0163 | Loss: 0.0006
Epoch: 183/200 | Batch 0150/0163 | Loss: 0.0014
MAE/RMSE/ACC: Current Valid: 0.32/0.57/76.88 Ep. 183 | Best Valid: 0.23/0.48/76.88 | Ep. 84
Time elapsed: 124.98 min
Epoch: 184/200 | Batch 0000/0163 | Loss: 0.0001
Epoch: 184/200 | Batch 0050/0163 | Loss: 0.0003
Epoch: 184/200 | Batch 0100/0163 | Loss: 0.0000
Epoch: 184/200 | Batch 0150/0163 | Loss: 0.0036
MAE/RMSE/ACC: Current Valid: 0.31/0.55/76.88 Ep. 184 | Best Valid: 0.23/0.48/76.88 | Ep. 84
Time elapsed: 125.67 min
Epoch: 185/200 | Batch 0000/0163 | Loss: 0.0001
Epoch: 185/200 | Batch 0050/0163 | Loss: 0.0001
Epoch: 185/200 | Batch 0100/0163 | Loss: 0.1659
Epoch: 185/200 | Batch 0150/0163 | Loss: 0.0141
MAE/RMSE/ACC: Current Valid: 0.30/0.54/76.88 Ep. 185 | Best Valid: 0.23/0.48/76.88 | Ep. 84
Time elapsed: 126.35 min
Epoch: 186/200 | Batch 0000/0163 | Loss: 0.0026
Epoch: 186/200 | Batch 0050/0163 | Loss: 0.0000
Epoch: 186/200 | Batch 0100/0163 | Loss: 0.0016
Epoch: 186/200 | Batch 0150/0163 | Loss: 0.0003
MAE/RMSE/ACC: Current Valid: 0.27/0.52/76.88 Ep. 186 | Best Valid: 0.23/0.48/76.88 | Ep. 84
Time elapsed: 127.04 min
Epoch: 187/200 | Batch 0000/0163 | Loss: 0.0001
Epoch: 187/200 | Batch 0050/0163 | Loss: 0.0000
Epoch: 187/200 | Batch 0100/0163 | Loss: 0.0006
Epoch: 187/200 | Batch 0150/0163 | Loss: 0.0004
MAE/RMSE/ACC: Current Valid: 0.28/0.53/76.88 Ep. 187 | Best Valid: 0.23/0.48/76.88 | Ep. 84
Time elapsed: 127.73 min
Epoch: 188/200 | Batch 0000/0163 | Loss: 0.0000
Epoch: 188/200 | Batch 0050/0163 | Loss: 0.0189
Epoch: 188/200 | Batch 0100/0163 | Loss: 0.0000
Epoch: 188/200 | Batch 0150/0163 | Loss: 0.0001
MAE/RMSE/ACC: Current Valid: 0.30/0.55/76.88 Ep. 188 | Best Valid: 0.23/0.48/76.88 | Ep. 84
Time elapsed: 128.42 min
Epoch: 189/200 | Batch 0000/0163 | Loss: 0.0000
Epoch: 189/200 | Batch 0050/0163 | Loss: 0.0953
Epoch: 189/200 | Batch 0100/0163 | Loss: 0.0273
Epoch: 189/200 | Batch 0150/0163 | Loss: 0.0003
MAE/RMSE/ACC: Current Valid: 0.29/0.55/76.88 Ep. 189 | Best Valid: 0.23/0.48/76.88 | Ep. 84
Time elapsed: 129.11 min
Epoch: 190/200 | Batch 0000/0163 | Loss: 0.0034
Epoch: 190/200 | Batch 0050/0163 | Loss: 0.5886
Epoch: 190/200 | Batch 0100/0163 | Loss: 0.0009
Epoch: 190/200 | Batch 0150/0163 | Loss: 0.0567
MAE/RMSE/ACC: Current Valid: 0.25/0.50/76.88 Ep. 190 | Best Valid: 0.23/0.48/76.88 | Ep. 84
Time elapsed: 129.80 min
Epoch: 191/200 | Batch 0000/0163 | Loss: 0.0043
Epoch: 191/200 | Batch 0050/0163 | Loss: 0.0012
Epoch: 191/200 | Batch 0100/0163 | Loss: 0.0016
Epoch: 191/200 | Batch 0150/0163 | Loss: 0.0001
MAE/RMSE/ACC: Current Valid: 0.35/0.62/76.88 Ep. 191 | Best Valid: 0.23/0.48/76.88 | Ep. 84
Time elapsed: 130.49 min
Epoch: 192/200 | Batch 0000/0163 | Loss: 0.0055
Epoch: 192/200 | Batch 0050/0163 | Loss: 0.0002
Epoch: 192/200 | Batch 0100/0163 | Loss: 0.0023
Epoch: 192/200 | Batch 0150/0163 | Loss: 0.0000
MAE/RMSE/ACC: Current Valid: 0.29/0.55/76.88 Ep. 192 | Best Valid: 0.23/0.48/76.88 | Ep. 84
Time elapsed: 131.18 min
Epoch: 193/200 | Batch 0000/0163 | Loss: 0.0128
Epoch: 193/200 | Batch 0050/0163 | Loss: 0.0095
Epoch: 193/200 | Batch 0100/0163 | Loss: 0.0001
Epoch: 193/200 | Batch 0150/0163 | Loss: 0.0128
MAE/RMSE/ACC: Current Valid: 0.30/0.54/76.88 Ep. 193 | Best Valid: 0.23/0.48/76.88 | Ep. 84
Time elapsed: 131.87 min
Epoch: 194/200 | Batch 0000/0163 | Loss: 0.0067
Epoch: 194/200 | Batch 0050/0163 | Loss: 0.0000
Epoch: 194/200 | Batch 0100/0163 | Loss: 0.0001
Epoch: 194/200 | Batch 0150/0163 | Loss: 0.0002
MAE/RMSE/ACC: Current Valid: 0.30/0.55/76.88 Ep. 194 | Best Valid: 0.23/0.48/76.88 | Ep. 84
Time elapsed: 132.56 min
Epoch: 195/200 | Batch 0000/0163 | Loss: 0.1007
Epoch: 195/200 | Batch 0050/0163 | Loss: 0.0005
Epoch: 195/200 | Batch 0100/0163 | Loss: 0.0003
Epoch: 195/200 | Batch 0150/0163 | Loss: 0.0001
MAE/RMSE/ACC: Current Valid: 0.28/0.54/76.88 Ep. 195 | Best Valid: 0.23/0.48/76.88 | Ep. 84
Time elapsed: 133.25 min
Epoch: 196/200 | Batch 0000/0163 | Loss: 0.0391
Epoch: 196/200 | Batch 0050/0163 | Loss: 0.0001
Epoch: 196/200 | Batch 0100/0163 | Loss: 0.0003
Epoch: 196/200 | Batch 0150/0163 | Loss: 0.0000
MAE/RMSE/ACC: Current Valid: 0.28/0.53/76.88 Ep. 196 | Best Valid: 0.23/0.48/76.88 | Ep. 84
Time elapsed: 133.94 min
Epoch: 197/200 | Batch 0000/0163 | Loss: 0.0005
Epoch: 197/200 | Batch 0050/0163 | Loss: 0.0004
Epoch: 197/200 | Batch 0100/0163 | Loss: 0.0000
Epoch: 197/200 | Batch 0150/0163 | Loss: 0.0004
MAE/RMSE/ACC: Current Valid: 0.31/0.55/76.88 Ep. 197 | Best Valid: 0.23/0.48/76.88 | Ep. 84
Time elapsed: 134.63 min
Epoch: 198/200 | Batch 0000/0163 | Loss: 0.1237
Epoch: 198/200 | Batch 0050/0163 | Loss: 0.0021
Epoch: 198/200 | Batch 0100/0163 | Loss: 0.0058
Epoch: 198/200 | Batch 0150/0163 | Loss: 0.0007
MAE/RMSE/ACC: Current Valid: 0.27/0.53/76.88 Ep. 198 | Best Valid: 0.23/0.48/76.88 | Ep. 84
Time elapsed: 135.33 min
Epoch: 199/200 | Batch 0000/0163 | Loss: 0.0318
Epoch: 199/200 | Batch 0050/0163 | Loss: 0.0002
Epoch: 199/200 | Batch 0100/0163 | Loss: 0.0000
Epoch: 199/200 | Batch 0150/0163 | Loss: 0.0011
MAE/RMSE/ACC: Current Valid: 0.29/0.54/76.88 Ep. 199 | Best Valid: 0.23/0.48/76.88 | Ep. 84
Time elapsed: 136.03 min
Epoch: 200/200 | Batch 0000/0163 | Loss: 0.0118
Epoch: 200/200 | Batch 0050/0163 | Loss: 0.0001
Epoch: 200/200 | Batch 0100/0163 | Loss: 0.0001
Epoch: 200/200 | Batch 0150/0163 | Loss: 1.1029
MAE/RMSE/ACC: Current Valid: 0.34/0.60/76.88 Ep. 200 | Best Valid: 0.23/0.48/76.88 | Ep. 84
Time elapsed: 136.72 min
MAE/RMSE: | Train: 0.01/0.12 | Valid: 0.34/0.60 | Test: 0.33/0.59
ACC: | Train: 98.93 | Valid: 66.67 | Test: 68.16
Total Running Time: 137.12 min
MAE/RMSE: | Best Train: 0.00/0.06 | Best Valid: 0.23/0.48 | Best Test: 0.27/0.55
ACC: | Best Train: 99.65 | Best Valid: 76.88 | Best Test: 74.56
Total Running Time: 137.53 min
