This script: resnet34_coral.py
PyTorch Version: 1.8.1
CUDA device: cuda:1
CUDA version: 11.1
Random seed: 1
Learning rate: 0.0005
Epochs: 200
Batch size: 256
Output path: runs/aes/resnet34_coral-imp0-seed1-epochs200_best-rmse
Epoch: 001/200 | Batch 0000/0043 | Loss: 2.7665
MAE/RMSE/ACC: Current Valid: 1.63/1.81/8.84 Ep. 1 | Best Valid: 1.63/1.81/8.84 | Ep. 1
Time elapsed: 0.34 min
Epoch: 002/200 | Batch 0000/0043 | Loss: 2.6761
MAE/RMSE/ACC: Current Valid: 1.60/1.73/4.66 Ep. 2 | Best Valid: 1.60/1.73/4.66 | Ep. 2
Time elapsed: 0.67 min
Epoch: 003/200 | Batch 0000/0043 | Loss: 2.6428
MAE/RMSE/ACC: Current Valid: 1.67/1.77/4.66 Ep. 3 | Best Valid: 1.60/1.73/4.66 | Ep. 2
Time elapsed: 0.99 min
Epoch: 004/200 | Batch 0000/0043 | Loss: 2.6038
MAE/RMSE/ACC: Current Valid: 1.59/1.73/4.66 Ep. 4 | Best Valid: 1.60/1.73/4.66 | Ep. 2
Time elapsed: 1.33 min
Epoch: 005/200 | Batch 0000/0043 | Loss: 2.5485
MAE/RMSE/ACC: Current Valid: 1.30/1.54/19.13 Ep. 5 | Best Valid: 1.30/1.54/19.13 | Ep. 5
Time elapsed: 1.67 min
Epoch: 006/200 | Batch 0000/0043 | Loss: 2.5253
MAE/RMSE/ACC: Current Valid: 1.39/1.59/19.13 Ep. 6 | Best Valid: 1.30/1.54/19.13 | Ep. 5
Time elapsed: 2.01 min
Epoch: 007/200 | Batch 0000/0043 | Loss: 2.4805
MAE/RMSE/ACC: Current Valid: 1.63/1.75/19.13 Ep. 7 | Best Valid: 1.30/1.54/19.13 | Ep. 5
Time elapsed: 2.35 min
Epoch: 008/200 | Batch 0000/0043 | Loss: 2.4423
MAE/RMSE/ACC: Current Valid: 1.58/1.71/19.13 Ep. 8 | Best Valid: 1.30/1.54/19.13 | Ep. 5
Time elapsed: 2.68 min
Epoch: 009/200 | Batch 0000/0043 | Loss: 2.4831
MAE/RMSE/ACC: Current Valid: 1.31/1.54/18.40 Ep. 9 | Best Valid: 1.31/1.54/18.40 | Ep. 9
Time elapsed: 3.03 min
Epoch: 010/200 | Batch 0000/0043 | Loss: 2.3801
MAE/RMSE/ACC: Current Valid: 1.29/1.52/18.79 Ep. 10 | Best Valid: 1.29/1.52/18.79 | Ep. 10
Time elapsed: 3.37 min
Epoch: 011/200 | Batch 0000/0043 | Loss: 2.3166
MAE/RMSE/ACC: Current Valid: 1.36/1.57/18.79 Ep. 11 | Best Valid: 1.29/1.52/18.79 | Ep. 10
Time elapsed: 3.72 min
Epoch: 012/200 | Batch 0000/0043 | Loss: 2.2768
MAE/RMSE/ACC: Current Valid: 1.38/1.59/18.79 Ep. 12 | Best Valid: 1.29/1.52/18.79 | Ep. 10
Time elapsed: 4.06 min
Epoch: 013/200 | Batch 0000/0043 | Loss: 2.2511
MAE/RMSE/ACC: Current Valid: 1.09/1.38/28.30 Ep. 13 | Best Valid: 1.09/1.38/28.30 | Ep. 13
Time elapsed: 4.40 min
Epoch: 014/200 | Batch 0000/0043 | Loss: 2.1852
MAE/RMSE/ACC: Current Valid: 1.15/1.43/28.30 Ep. 14 | Best Valid: 1.09/1.38/28.30 | Ep. 13
Time elapsed: 4.75 min
Epoch: 015/200 | Batch 0000/0043 | Loss: 2.1248
MAE/RMSE/ACC: Current Valid: 1.10/1.38/27.78 Ep. 15 | Best Valid: 1.10/1.38/27.78 | Ep. 15
Time elapsed: 5.09 min
Epoch: 016/200 | Batch 0000/0043 | Loss: 2.1266
MAE/RMSE/ACC: Current Valid: 1.15/1.41/27.78 Ep. 16 | Best Valid: 1.10/1.38/27.78 | Ep. 15
Time elapsed: 5.44 min
Epoch: 017/200 | Batch 0000/0043 | Loss: 2.1329
MAE/RMSE/ACC: Current Valid: 0.95/1.27/34.84 Ep. 17 | Best Valid: 0.95/1.27/34.84 | Ep. 17
Time elapsed: 5.79 min
Epoch: 018/200 | Batch 0000/0043 | Loss: 2.0871
MAE/RMSE/ACC: Current Valid: 1.00/1.31/34.84 Ep. 18 | Best Valid: 0.95/1.27/34.84 | Ep. 17
Time elapsed: 6.13 min
Epoch: 019/200 | Batch 0000/0043 | Loss: 2.0334
MAE/RMSE/ACC: Current Valid: 1.04/1.33/34.84 Ep. 19 | Best Valid: 0.95/1.27/34.84 | Ep. 17
Time elapsed: 6.47 min
Epoch: 020/200 | Batch 0000/0043 | Loss: 2.0362
MAE/RMSE/ACC: Current Valid: 0.99/1.29/34.84 Ep. 20 | Best Valid: 0.95/1.27/34.84 | Ep. 17
Time elapsed: 6.82 min
Epoch: 021/200 | Batch 0000/0043 | Loss: 1.9692
MAE/RMSE/ACC: Current Valid: 1.02/1.32/34.84 Ep. 21 | Best Valid: 0.95/1.27/34.84 | Ep. 17
Time elapsed: 7.16 min
Epoch: 022/200 | Batch 0000/0043 | Loss: 1.9701
MAE/RMSE/ACC: Current Valid: 0.80/1.11/41.09 Ep. 22 | Best Valid: 0.80/1.11/41.09 | Ep. 22
Time elapsed: 7.51 min
Epoch: 023/200 | Batch 0000/0043 | Loss: 1.8976
MAE/RMSE/ACC: Current Valid: 1.03/1.31/41.09 Ep. 23 | Best Valid: 0.80/1.11/41.09 | Ep. 22
Time elapsed: 7.86 min
Epoch: 024/200 | Batch 0000/0043 | Loss: 1.9147
MAE/RMSE/ACC: Current Valid: 0.89/1.19/41.09 Ep. 24 | Best Valid: 0.80/1.11/41.09 | Ep. 22
Time elapsed: 8.20 min
Epoch: 025/200 | Batch 0000/0043 | Loss: 1.8978
MAE/RMSE/ACC: Current Valid: 0.91/1.21/41.09 Ep. 25 | Best Valid: 0.80/1.11/41.09 | Ep. 22
Time elapsed: 8.55 min
Epoch: 026/200 | Batch 0000/0043 | Loss: 1.8944
MAE/RMSE/ACC: Current Valid: 0.92/1.22/41.09 Ep. 26 | Best Valid: 0.80/1.11/41.09 | Ep. 22
Time elapsed: 8.89 min
Epoch: 027/200 | Batch 0000/0043 | Loss: 1.8785
MAE/RMSE/ACC: Current Valid: 0.86/1.17/41.09 Ep. 27 | Best Valid: 0.80/1.11/41.09 | Ep. 22
Time elapsed: 9.24 min
Epoch: 028/200 | Batch 0000/0043 | Loss: 1.8429
MAE/RMSE/ACC: Current Valid: 0.89/1.20/41.09 Ep. 28 | Best Valid: 0.80/1.11/41.09 | Ep. 22
Time elapsed: 9.59 min
Epoch: 029/200 | Batch 0000/0043 | Loss: 1.8235
MAE/RMSE/ACC: Current Valid: 0.79/1.12/41.09 Ep. 29 | Best Valid: 0.80/1.11/41.09 | Ep. 22
Time elapsed: 9.93 min
Epoch: 030/200 | Batch 0000/0043 | Loss: 1.8018
MAE/RMSE/ACC: Current Valid: 0.78/1.09/41.85 Ep. 30 | Best Valid: 0.78/1.09/41.85 | Ep. 30
Time elapsed: 10.28 min
Epoch: 031/200 | Batch 0000/0043 | Loss: 1.7846
MAE/RMSE/ACC: Current Valid: 0.89/1.20/41.85 Ep. 31 | Best Valid: 0.78/1.09/41.85 | Ep. 30
Time elapsed: 10.64 min
Epoch: 032/200 | Batch 0000/0043 | Loss: 1.7736
MAE/RMSE/ACC: Current Valid: 0.90/1.21/41.85 Ep. 32 | Best Valid: 0.78/1.09/41.85 | Ep. 30
Time elapsed: 10.98 min
Epoch: 033/200 | Batch 0000/0043 | Loss: 1.7448
MAE/RMSE/ACC: Current Valid: 0.81/1.13/41.85 Ep. 33 | Best Valid: 0.78/1.09/41.85 | Ep. 30
Time elapsed: 11.33 min
Epoch: 034/200 | Batch 0000/0043 | Loss: 1.7149
MAE/RMSE/ACC: Current Valid: 0.73/1.04/44.83 Ep. 34 | Best Valid: 0.73/1.04/44.83 | Ep. 34
Time elapsed: 11.69 min
Epoch: 035/200 | Batch 0000/0043 | Loss: 1.6727
MAE/RMSE/ACC: Current Valid: 0.75/1.07/44.83 Ep. 35 | Best Valid: 0.73/1.04/44.83 | Ep. 34
Time elapsed: 12.04 min
Epoch: 036/200 | Batch 0000/0043 | Loss: 1.6699
MAE/RMSE/ACC: Current Valid: 0.73/1.05/44.83 Ep. 36 | Best Valid: 0.73/1.04/44.83 | Ep. 34
Time elapsed: 12.38 min
Epoch: 037/200 | Batch 0000/0043 | Loss: 1.6732
MAE/RMSE/ACC: Current Valid: 0.62/0.94/49.74 Ep. 37 | Best Valid: 0.62/0.94/49.74 | Ep. 37
Time elapsed: 12.74 min
Epoch: 038/200 | Batch 0000/0043 | Loss: 1.6497
MAE/RMSE/ACC: Current Valid: 0.69/1.01/49.74 Ep. 38 | Best Valid: 0.62/0.94/49.74 | Ep. 37
Time elapsed: 13.09 min
Epoch: 039/200 | Batch 0000/0043 | Loss: 1.6174
MAE/RMSE/ACC: Current Valid: 0.73/1.05/49.74 Ep. 39 | Best Valid: 0.62/0.94/49.74 | Ep. 37
Time elapsed: 13.44 min
Epoch: 040/200 | Batch 0000/0043 | Loss: 1.5915
MAE/RMSE/ACC: Current Valid: 0.74/1.07/49.74 Ep. 40 | Best Valid: 0.62/0.94/49.74 | Ep. 37
Time elapsed: 13.78 min
Epoch: 041/200 | Batch 0000/0043 | Loss: 1.6045
MAE/RMSE/ACC: Current Valid: 0.72/1.04/49.74 Ep. 41 | Best Valid: 0.62/0.94/49.74 | Ep. 37
Time elapsed: 14.14 min
Epoch: 042/200 | Batch 0000/0043 | Loss: 1.5804
MAE/RMSE/ACC: Current Valid: 0.69/1.01/49.74 Ep. 42 | Best Valid: 0.62/0.94/49.74 | Ep. 37
Time elapsed: 14.49 min
Epoch: 043/200 | Batch 0000/0043 | Loss: 1.5527
MAE/RMSE/ACC: Current Valid: 0.77/1.09/49.74 Ep. 43 | Best Valid: 0.62/0.94/49.74 | Ep. 37
Time elapsed: 14.84 min
Epoch: 044/200 | Batch 0000/0043 | Loss: 1.5135
MAE/RMSE/ACC: Current Valid: 0.69/1.00/49.74 Ep. 44 | Best Valid: 0.62/0.94/49.74 | Ep. 37
Time elapsed: 15.19 min
Epoch: 045/200 | Batch 0000/0043 | Loss: 1.5241
MAE/RMSE/ACC: Current Valid: 0.61/0.93/50.17 Ep. 45 | Best Valid: 0.61/0.93/50.17 | Ep. 45
Time elapsed: 15.55 min
Epoch: 046/200 | Batch 0000/0043 | Loss: 1.5147
MAE/RMSE/ACC: Current Valid: 0.71/1.03/50.17 Ep. 46 | Best Valid: 0.61/0.93/50.17 | Ep. 45
Time elapsed: 15.90 min
Epoch: 047/200 | Batch 0000/0043 | Loss: 1.5016
MAE/RMSE/ACC: Current Valid: 0.68/1.00/50.17 Ep. 47 | Best Valid: 0.61/0.93/50.17 | Ep. 45
Time elapsed: 16.25 min
Epoch: 048/200 | Batch 0000/0043 | Loss: 1.4772
MAE/RMSE/ACC: Current Valid: 0.69/1.01/50.17 Ep. 48 | Best Valid: 0.61/0.93/50.17 | Ep. 45
Time elapsed: 16.61 min
Epoch: 049/200 | Batch 0000/0043 | Loss: 1.4348
MAE/RMSE/ACC: Current Valid: 0.64/0.95/50.17 Ep. 49 | Best Valid: 0.61/0.93/50.17 | Ep. 45
Time elapsed: 16.98 min
Epoch: 050/200 | Batch 0000/0043 | Loss: 1.4321
MAE/RMSE/ACC: Current Valid: 0.70/1.02/50.17 Ep. 50 | Best Valid: 0.61/0.93/50.17 | Ep. 45
Time elapsed: 17.35 min
Epoch: 051/200 | Batch 0000/0043 | Loss: 1.4220
MAE/RMSE/ACC: Current Valid: 0.66/0.98/50.17 Ep. 51 | Best Valid: 0.61/0.93/50.17 | Ep. 45
Time elapsed: 17.70 min
Epoch: 052/200 | Batch 0000/0043 | Loss: 1.4325
MAE/RMSE/ACC: Current Valid: 0.72/1.04/50.17 Ep. 52 | Best Valid: 0.61/0.93/50.17 | Ep. 45
Time elapsed: 18.06 min
Epoch: 053/200 | Batch 0000/0043 | Loss: 1.4114
MAE/RMSE/ACC: Current Valid: 0.62/0.92/49.59 Ep. 53 | Best Valid: 0.62/0.92/49.59 | Ep. 53
Time elapsed: 18.42 min
Epoch: 054/200 | Batch 0000/0043 | Loss: 1.3725
MAE/RMSE/ACC: Current Valid: 0.59/0.90/50.26 Ep. 54 | Best Valid: 0.59/0.90/50.26 | Ep. 54
Time elapsed: 18.79 min
Epoch: 055/200 | Batch 0000/0043 | Loss: 1.3678
MAE/RMSE/ACC: Current Valid: 0.72/1.04/50.26 Ep. 55 | Best Valid: 0.59/0.90/50.26 | Ep. 54
Time elapsed: 19.16 min
Epoch: 056/200 | Batch 0000/0043 | Loss: 1.3546
MAE/RMSE/ACC: Current Valid: 0.65/0.96/50.26 Ep. 56 | Best Valid: 0.59/0.90/50.26 | Ep. 54
Time elapsed: 19.53 min
Epoch: 057/200 | Batch 0000/0043 | Loss: 1.3401
MAE/RMSE/ACC: Current Valid: 0.66/0.98/50.26 Ep. 57 | Best Valid: 0.59/0.90/50.26 | Ep. 54
Time elapsed: 19.89 min
Epoch: 058/200 | Batch 0000/0043 | Loss: 1.3285
MAE/RMSE/ACC: Current Valid: 0.69/1.00/50.26 Ep. 58 | Best Valid: 0.59/0.90/50.26 | Ep. 54
Time elapsed: 20.25 min
Epoch: 059/200 | Batch 0000/0043 | Loss: 1.3097
MAE/RMSE/ACC: Current Valid: 0.67/0.99/50.26 Ep. 59 | Best Valid: 0.59/0.90/50.26 | Ep. 54
Time elapsed: 20.61 min
Epoch: 060/200 | Batch 0000/0043 | Loss: 1.3008
MAE/RMSE/ACC: Current Valid: 0.66/0.98/50.26 Ep. 60 | Best Valid: 0.59/0.90/50.26 | Ep. 54
Time elapsed: 20.97 min
Epoch: 061/200 | Batch 0000/0043 | Loss: 1.2928
MAE/RMSE/ACC: Current Valid: 0.69/0.99/50.26 Ep. 61 | Best Valid: 0.59/0.90/50.26 | Ep. 54
Time elapsed: 21.33 min
Epoch: 062/200 | Batch 0000/0043 | Loss: 1.2807
MAE/RMSE/ACC: Current Valid: 0.70/1.01/50.26 Ep. 62 | Best Valid: 0.59/0.90/50.26 | Ep. 54
Time elapsed: 21.70 min
Epoch: 063/200 | Batch 0000/0043 | Loss: 1.2737
MAE/RMSE/ACC: Current Valid: 0.46/0.73/56.80 Ep. 63 | Best Valid: 0.46/0.73/56.80 | Ep. 63
Time elapsed: 22.07 min
Epoch: 064/200 | Batch 0000/0043 | Loss: 1.2679
MAE/RMSE/ACC: Current Valid: 0.70/1.01/56.80 Ep. 64 | Best Valid: 0.46/0.73/56.80 | Ep. 63
Time elapsed: 22.44 min
Epoch: 065/200 | Batch 0000/0043 | Loss: 1.2347
MAE/RMSE/ACC: Current Valid: 0.56/0.86/56.80 Ep. 65 | Best Valid: 0.46/0.73/56.80 | Ep. 63
Time elapsed: 22.80 min
Epoch: 066/200 | Batch 0000/0043 | Loss: 1.2259
MAE/RMSE/ACC: Current Valid: 0.66/0.97/56.80 Ep. 66 | Best Valid: 0.46/0.73/56.80 | Ep. 63
Time elapsed: 23.16 min
Epoch: 067/200 | Batch 0000/0043 | Loss: 1.2208
MAE/RMSE/ACC: Current Valid: 0.47/0.74/56.80 Ep. 67 | Best Valid: 0.46/0.73/56.80 | Ep. 63
Time elapsed: 23.52 min
Epoch: 068/200 | Batch 0000/0043 | Loss: 1.2240
MAE/RMSE/ACC: Current Valid: 0.51/0.79/56.80 Ep. 68 | Best Valid: 0.46/0.73/56.80 | Ep. 63
Time elapsed: 23.88 min
Epoch: 069/200 | Batch 0000/0043 | Loss: 1.1888
MAE/RMSE/ACC: Current Valid: 0.57/0.86/56.80 Ep. 69 | Best Valid: 0.46/0.73/56.80 | Ep. 63
Time elapsed: 24.25 min
Epoch: 070/200 | Batch 0000/0043 | Loss: 1.1913
MAE/RMSE/ACC: Current Valid: 0.63/0.93/56.80 Ep. 70 | Best Valid: 0.46/0.73/56.80 | Ep. 63
Time elapsed: 24.60 min
Epoch: 071/200 | Batch 0000/0043 | Loss: 1.1529
MAE/RMSE/ACC: Current Valid: 0.47/0.73/56.80 Ep. 71 | Best Valid: 0.46/0.73/56.80 | Ep. 63
Time elapsed: 24.96 min
Epoch: 072/200 | Batch 0000/0043 | Loss: 1.1698
MAE/RMSE/ACC: Current Valid: 0.64/0.95/56.80 Ep. 72 | Best Valid: 0.46/0.73/56.80 | Ep. 63
Time elapsed: 25.33 min
Epoch: 073/200 | Batch 0000/0043 | Loss: 1.1726
MAE/RMSE/ACC: Current Valid: 0.61/0.91/56.80 Ep. 73 | Best Valid: 0.46/0.73/56.80 | Ep. 63
Time elapsed: 25.70 min
Epoch: 074/200 | Batch 0000/0043 | Loss: 1.1547
MAE/RMSE/ACC: Current Valid: 0.46/0.71/56.75 Ep. 74 | Best Valid: 0.46/0.71/56.75 | Ep. 74
Time elapsed: 26.06 min
Epoch: 075/200 | Batch 0000/0043 | Loss: 1.1507
MAE/RMSE/ACC: Current Valid: 0.47/0.72/56.75 Ep. 75 | Best Valid: 0.46/0.71/56.75 | Ep. 74
Time elapsed: 26.42 min
Epoch: 076/200 | Batch 0000/0043 | Loss: 1.1306
MAE/RMSE/ACC: Current Valid: 0.46/0.71/56.75 Ep. 76 | Best Valid: 0.46/0.71/56.75 | Ep. 74
Time elapsed: 26.79 min
Epoch: 077/200 | Batch 0000/0043 | Loss: 1.1371
MAE/RMSE/ACC: Current Valid: 0.60/0.90/56.75 Ep. 77 | Best Valid: 0.46/0.71/56.75 | Ep. 74
Time elapsed: 27.15 min
Epoch: 078/200 | Batch 0000/0043 | Loss: 1.0996
MAE/RMSE/ACC: Current Valid: 0.45/0.71/57.09 Ep. 78 | Best Valid: 0.45/0.71/57.09 | Ep. 78
Time elapsed: 27.52 min
Epoch: 079/200 | Batch 0000/0043 | Loss: 1.1158
MAE/RMSE/ACC: Current Valid: 0.50/0.76/57.09 Ep. 79 | Best Valid: 0.45/0.71/57.09 | Ep. 78
Time elapsed: 27.89 min
Epoch: 080/200 | Batch 0000/0043 | Loss: 1.1078
MAE/RMSE/ACC: Current Valid: 0.47/0.73/57.09 Ep. 80 | Best Valid: 0.45/0.71/57.09 | Ep. 78
Time elapsed: 28.26 min
Epoch: 081/200 | Batch 0000/0043 | Loss: 1.0815
MAE/RMSE/ACC: Current Valid: 0.47/0.73/57.09 Ep. 81 | Best Valid: 0.45/0.71/57.09 | Ep. 78
Time elapsed: 28.62 min
Epoch: 082/200 | Batch 0000/0043 | Loss: 1.0694
MAE/RMSE/ACC: Current Valid: 0.48/0.74/57.09 Ep. 82 | Best Valid: 0.45/0.71/57.09 | Ep. 78
Time elapsed: 28.99 min
Epoch: 083/200 | Batch 0000/0043 | Loss: 1.0807
MAE/RMSE/ACC: Current Valid: 0.49/0.76/57.09 Ep. 83 | Best Valid: 0.45/0.71/57.09 | Ep. 78
Time elapsed: 29.36 min
Epoch: 084/200 | Batch 0000/0043 | Loss: 1.0736
MAE/RMSE/ACC: Current Valid: 0.47/0.73/57.09 Ep. 84 | Best Valid: 0.45/0.71/57.09 | Ep. 78
Time elapsed: 29.73 min
Epoch: 085/200 | Batch 0000/0043 | Loss: 1.0355
MAE/RMSE/ACC: Current Valid: 0.49/0.75/57.09 Ep. 85 | Best Valid: 0.45/0.71/57.09 | Ep. 78
Time elapsed: 30.09 min
Epoch: 086/200 | Batch 0000/0043 | Loss: 1.0238
MAE/RMSE/ACC: Current Valid: 0.46/0.72/57.09 Ep. 86 | Best Valid: 0.45/0.71/57.09 | Ep. 78
Time elapsed: 30.46 min
Epoch: 087/200 | Batch 0000/0043 | Loss: 1.0428
MAE/RMSE/ACC: Current Valid: 0.61/0.91/57.09 Ep. 87 | Best Valid: 0.45/0.71/57.09 | Ep. 78
Time elapsed: 30.83 min
Epoch: 088/200 | Batch 0000/0043 | Loss: 1.0453
MAE/RMSE/ACC: Current Valid: 0.48/0.74/57.09 Ep. 88 | Best Valid: 0.45/0.71/57.09 | Ep. 78
Time elapsed: 31.32 min
Epoch: 089/200 | Batch 0000/0043 | Loss: 1.0203
MAE/RMSE/ACC: Current Valid: 0.45/0.70/57.71 Ep. 89 | Best Valid: 0.45/0.70/57.71 | Ep. 89
Time elapsed: 31.84 min
Epoch: 090/200 | Batch 0000/0043 | Loss: 1.0161
MAE/RMSE/ACC: Current Valid: 0.46/0.71/57.71 Ep. 90 | Best Valid: 0.45/0.70/57.71 | Ep. 89
Time elapsed: 32.36 min
Epoch: 091/200 | Batch 0000/0043 | Loss: 1.0092
MAE/RMSE/ACC: Current Valid: 0.49/0.76/57.71 Ep. 91 | Best Valid: 0.45/0.70/57.71 | Ep. 89
Time elapsed: 32.86 min
Epoch: 092/200 | Batch 0000/0043 | Loss: 0.9803
MAE/RMSE/ACC: Current Valid: 0.48/0.73/57.71 Ep. 92 | Best Valid: 0.45/0.70/57.71 | Ep. 89
Time elapsed: 33.35 min
Epoch: 093/200 | Batch 0000/0043 | Loss: 0.9403
MAE/RMSE/ACC: Current Valid: 0.48/0.74/57.71 Ep. 93 | Best Valid: 0.45/0.70/57.71 | Ep. 89
Time elapsed: 33.81 min
Epoch: 094/200 | Batch 0000/0043 | Loss: 0.9563
MAE/RMSE/ACC: Current Valid: 0.46/0.72/57.71 Ep. 94 | Best Valid: 0.45/0.70/57.71 | Ep. 89
Time elapsed: 34.30 min
Epoch: 095/200 | Batch 0000/0043 | Loss: 0.9598
MAE/RMSE/ACC: Current Valid: 0.46/0.72/57.71 Ep. 95 | Best Valid: 0.45/0.70/57.71 | Ep. 89
Time elapsed: 34.77 min
Epoch: 096/200 | Batch 0000/0043 | Loss: 0.9743
MAE/RMSE/ACC: Current Valid: 0.53/0.81/57.71 Ep. 96 | Best Valid: 0.45/0.70/57.71 | Ep. 89
Time elapsed: 35.25 min
Epoch: 097/200 | Batch 0000/0043 | Loss: 0.9470
MAE/RMSE/ACC: Current Valid: 0.45/0.71/57.71 Ep. 97 | Best Valid: 0.45/0.70/57.71 | Ep. 89
Time elapsed: 35.71 min
Epoch: 098/200 | Batch 0000/0043 | Loss: 0.9320
MAE/RMSE/ACC: Current Valid: 0.47/0.73/57.71 Ep. 98 | Best Valid: 0.45/0.70/57.71 | Ep. 89
Time elapsed: 36.18 min
Epoch: 099/200 | Batch 0000/0043 | Loss: 0.9638
MAE/RMSE/ACC: Current Valid: 0.47/0.72/57.71 Ep. 99 | Best Valid: 0.45/0.70/57.71 | Ep. 89
Time elapsed: 36.64 min
Epoch: 100/200 | Batch 0000/0043 | Loss: 0.9267
MAE/RMSE/ACC: Current Valid: 0.45/0.71/57.71 Ep. 100 | Best Valid: 0.45/0.70/57.71 | Ep. 89
Time elapsed: 37.13 min
Epoch: 101/200 | Batch 0000/0043 | Loss: 0.9167
MAE/RMSE/ACC: Current Valid: 0.45/0.71/57.71 Ep. 101 | Best Valid: 0.45/0.70/57.71 | Ep. 89
Time elapsed: 37.57 min
Epoch: 102/200 | Batch 0000/0043 | Loss: 0.9238
MAE/RMSE/ACC: Current Valid: 0.46/0.72/57.71 Ep. 102 | Best Valid: 0.45/0.70/57.71 | Ep. 89
Time elapsed: 38.04 min
Epoch: 103/200 | Batch 0000/0043 | Loss: 0.8824
MAE/RMSE/ACC: Current Valid: 0.46/0.73/57.71 Ep. 103 | Best Valid: 0.45/0.70/57.71 | Ep. 89
Time elapsed: 38.51 min
Epoch: 104/200 | Batch 0000/0043 | Loss: 0.8850
MAE/RMSE/ACC: Current Valid: 0.48/0.74/57.71 Ep. 104 | Best Valid: 0.45/0.70/57.71 | Ep. 89
Time elapsed: 38.97 min
Epoch: 105/200 | Batch 0000/0043 | Loss: 0.8651
MAE/RMSE/ACC: Current Valid: 0.47/0.72/57.71 Ep. 105 | Best Valid: 0.45/0.70/57.71 | Ep. 89
Time elapsed: 39.44 min
Epoch: 106/200 | Batch 0000/0043 | Loss: 0.8894
MAE/RMSE/ACC: Current Valid: 0.48/0.74/57.71 Ep. 106 | Best Valid: 0.45/0.70/57.71 | Ep. 89
Time elapsed: 39.89 min
Epoch: 107/200 | Batch 0000/0043 | Loss: 0.8839
MAE/RMSE/ACC: Current Valid: 0.48/0.73/57.71 Ep. 107 | Best Valid: 0.45/0.70/57.71 | Ep. 89
Time elapsed: 40.38 min
Epoch: 108/200 | Batch 0000/0043 | Loss: 0.8547
MAE/RMSE/ACC: Current Valid: 0.48/0.74/57.71 Ep. 108 | Best Valid: 0.45/0.70/57.71 | Ep. 89
Time elapsed: 40.83 min
Epoch: 109/200 | Batch 0000/0043 | Loss: 0.8425
MAE/RMSE/ACC: Current Valid: 0.46/0.72/57.71 Ep. 109 | Best Valid: 0.45/0.70/57.71 | Ep. 89
Time elapsed: 41.29 min
Epoch: 110/200 | Batch 0000/0043 | Loss: 0.8418
MAE/RMSE/ACC: Current Valid: 0.47/0.72/57.71 Ep. 110 | Best Valid: 0.45/0.70/57.71 | Ep. 89
Time elapsed: 41.76 min
Epoch: 111/200 | Batch 0000/0043 | Loss: 0.8490
MAE/RMSE/ACC: Current Valid: 0.48/0.73/57.71 Ep. 111 | Best Valid: 0.45/0.70/57.71 | Ep. 89
Time elapsed: 42.21 min
Epoch: 112/200 | Batch 0000/0043 | Loss: 0.8303
MAE/RMSE/ACC: Current Valid: 0.47/0.72/57.71 Ep. 112 | Best Valid: 0.45/0.70/57.71 | Ep. 89
Time elapsed: 42.67 min
Epoch: 113/200 | Batch 0000/0043 | Loss: 0.8419
MAE/RMSE/ACC: Current Valid: 0.47/0.73/57.71 Ep. 113 | Best Valid: 0.45/0.70/57.71 | Ep. 89
Time elapsed: 43.15 min
Epoch: 114/200 | Batch 0000/0043 | Loss: 0.8084
MAE/RMSE/ACC: Current Valid: 0.47/0.73/57.71 Ep. 114 | Best Valid: 0.45/0.70/57.71 | Ep. 89
Time elapsed: 43.59 min
Epoch: 115/200 | Batch 0000/0043 | Loss: 0.8277
MAE/RMSE/ACC: Current Valid: 0.48/0.73/57.71 Ep. 115 | Best Valid: 0.45/0.70/57.71 | Ep. 89
Time elapsed: 44.06 min
Epoch: 116/200 | Batch 0000/0043 | Loss: 0.7701
MAE/RMSE/ACC: Current Valid: 0.48/0.73/57.71 Ep. 116 | Best Valid: 0.45/0.70/57.71 | Ep. 89
Time elapsed: 44.51 min
Epoch: 117/200 | Batch 0000/0043 | Loss: 0.7906
MAE/RMSE/ACC: Current Valid: 0.47/0.73/57.71 Ep. 117 | Best Valid: 0.45/0.70/57.71 | Ep. 89
Time elapsed: 44.98 min
Epoch: 118/200 | Batch 0000/0043 | Loss: 0.7963
MAE/RMSE/ACC: Current Valid: 0.49/0.74/57.71 Ep. 118 | Best Valid: 0.45/0.70/57.71 | Ep. 89
Time elapsed: 45.44 min
Epoch: 119/200 | Batch 0000/0043 | Loss: 0.7815
MAE/RMSE/ACC: Current Valid: 0.48/0.74/57.71 Ep. 119 | Best Valid: 0.45/0.70/57.71 | Ep. 89
Time elapsed: 45.91 min
Epoch: 120/200 | Batch 0000/0043 | Loss: 0.7925
MAE/RMSE/ACC: Current Valid: 0.47/0.73/57.71 Ep. 120 | Best Valid: 0.45/0.70/57.71 | Ep. 89
Time elapsed: 46.39 min
Epoch: 121/200 | Batch 0000/0043 | Loss: 0.7874
MAE/RMSE/ACC: Current Valid: 0.49/0.74/57.71 Ep. 121 | Best Valid: 0.45/0.70/57.71 | Ep. 89
Time elapsed: 46.84 min
Epoch: 122/200 | Batch 0000/0043 | Loss: 0.7730
MAE/RMSE/ACC: Current Valid: 0.46/0.72/57.71 Ep. 122 | Best Valid: 0.45/0.70/57.71 | Ep. 89
Time elapsed: 47.31 min
Epoch: 123/200 | Batch 0000/0043 | Loss: 0.7513
MAE/RMSE/ACC: Current Valid: 0.47/0.72/57.71 Ep. 123 | Best Valid: 0.45/0.70/57.71 | Ep. 89
Time elapsed: 47.78 min
Epoch: 124/200 | Batch 0000/0043 | Loss: 0.7493
MAE/RMSE/ACC: Current Valid: 0.48/0.73/57.71 Ep. 124 | Best Valid: 0.45/0.70/57.71 | Ep. 89
Time elapsed: 48.25 min
Epoch: 125/200 | Batch 0000/0043 | Loss: 0.7699
MAE/RMSE/ACC: Current Valid: 0.47/0.72/57.71 Ep. 125 | Best Valid: 0.45/0.70/57.71 | Ep. 89
Time elapsed: 48.70 min
Epoch: 126/200 | Batch 0000/0043 | Loss: 0.7523
MAE/RMSE/ACC: Current Valid: 0.45/0.71/57.71 Ep. 126 | Best Valid: 0.45/0.70/57.71 | Ep. 89
Time elapsed: 49.17 min
Epoch: 127/200 | Batch 0000/0043 | Loss: 0.7636
MAE/RMSE/ACC: Current Valid: 0.47/0.72/57.71 Ep. 127 | Best Valid: 0.45/0.70/57.71 | Ep. 89
Time elapsed: 49.63 min
Epoch: 128/200 | Batch 0000/0043 | Loss: 0.7294
MAE/RMSE/ACC: Current Valid: 0.47/0.72/57.71 Ep. 128 | Best Valid: 0.45/0.70/57.71 | Ep. 89
Time elapsed: 50.08 min
Epoch: 129/200 | Batch 0000/0043 | Loss: 0.7284
MAE/RMSE/ACC: Current Valid: 0.49/0.75/57.71 Ep. 129 | Best Valid: 0.45/0.70/57.71 | Ep. 89
Time elapsed: 50.55 min
Epoch: 130/200 | Batch 0000/0043 | Loss: 0.7079
MAE/RMSE/ACC: Current Valid: 0.48/0.74/57.71 Ep. 130 | Best Valid: 0.45/0.70/57.71 | Ep. 89
Time elapsed: 51.01 min
Epoch: 131/200 | Batch 0000/0043 | Loss: 0.7137
MAE/RMSE/ACC: Current Valid: 0.48/0.74/57.71 Ep. 131 | Best Valid: 0.45/0.70/57.71 | Ep. 89
Time elapsed: 51.48 min
Epoch: 132/200 | Batch 0000/0043 | Loss: 0.7255
MAE/RMSE/ACC: Current Valid: 0.47/0.74/57.71 Ep. 132 | Best Valid: 0.45/0.70/57.71 | Ep. 89
Time elapsed: 51.93 min
Epoch: 133/200 | Batch 0000/0043 | Loss: 0.6953
MAE/RMSE/ACC: Current Valid: 0.47/0.73/57.71 Ep. 133 | Best Valid: 0.45/0.70/57.71 | Ep. 89
Time elapsed: 52.39 min
Epoch: 134/200 | Batch 0000/0043 | Loss: 0.7213
MAE/RMSE/ACC: Current Valid: 0.46/0.72/57.71 Ep. 134 | Best Valid: 0.45/0.70/57.71 | Ep. 89
Time elapsed: 52.86 min
Epoch: 135/200 | Batch 0000/0043 | Loss: 0.6806
MAE/RMSE/ACC: Current Valid: 0.47/0.73/57.71 Ep. 135 | Best Valid: 0.45/0.70/57.71 | Ep. 89
Time elapsed: 53.32 min
Epoch: 136/200 | Batch 0000/0043 | Loss: 0.6820
MAE/RMSE/ACC: Current Valid: 0.48/0.73/57.71 Ep. 136 | Best Valid: 0.45/0.70/57.71 | Ep. 89
Time elapsed: 53.78 min
Epoch: 137/200 | Batch 0000/0043 | Loss: 0.7003
MAE/RMSE/ACC: Current Valid: 0.44/0.70/57.90 Ep. 137 | Best Valid: 0.44/0.70/57.90 | Ep. 137
Time elapsed: 54.24 min
Epoch: 138/200 | Batch 0000/0043 | Loss: 0.6568
MAE/RMSE/ACC: Current Valid: 0.47/0.73/57.90 Ep. 138 | Best Valid: 0.44/0.70/57.90 | Ep. 137
Time elapsed: 54.69 min
Epoch: 139/200 | Batch 0000/0043 | Loss: 0.6973
MAE/RMSE/ACC: Current Valid: 0.45/0.71/57.90 Ep. 139 | Best Valid: 0.44/0.70/57.90 | Ep. 137
Time elapsed: 55.15 min
Epoch: 140/200 | Batch 0000/0043 | Loss: 0.7155
MAE/RMSE/ACC: Current Valid: 0.47/0.72/57.90 Ep. 140 | Best Valid: 0.44/0.70/57.90 | Ep. 137
Time elapsed: 55.62 min
Epoch: 141/200 | Batch 0000/0043 | Loss: 0.6840
MAE/RMSE/ACC: Current Valid: 0.49/0.74/57.90 Ep. 141 | Best Valid: 0.44/0.70/57.90 | Ep. 137
Time elapsed: 56.07 min
Epoch: 142/200 | Batch 0000/0043 | Loss: 0.6639
MAE/RMSE/ACC: Current Valid: 0.48/0.74/57.90 Ep. 142 | Best Valid: 0.44/0.70/57.90 | Ep. 137
Time elapsed: 56.53 min
Epoch: 143/200 | Batch 0000/0043 | Loss: 0.6609
MAE/RMSE/ACC: Current Valid: 0.47/0.72/57.90 Ep. 143 | Best Valid: 0.44/0.70/57.90 | Ep. 137
Time elapsed: 56.98 min
Epoch: 144/200 | Batch 0000/0043 | Loss: 0.6536
MAE/RMSE/ACC: Current Valid: 0.47/0.72/57.90 Ep. 144 | Best Valid: 0.44/0.70/57.90 | Ep. 137
Time elapsed: 57.45 min
Epoch: 145/200 | Batch 0000/0043 | Loss: 0.6926
MAE/RMSE/ACC: Current Valid: 0.46/0.72/57.90 Ep. 145 | Best Valid: 0.44/0.70/57.90 | Ep. 137
Time elapsed: 57.90 min
Epoch: 146/200 | Batch 0000/0043 | Loss: 0.6520
MAE/RMSE/ACC: Current Valid: 0.47/0.72/57.90 Ep. 146 | Best Valid: 0.44/0.70/57.90 | Ep. 137
Time elapsed: 58.37 min
Epoch: 147/200 | Batch 0000/0043 | Loss: 0.6440
MAE/RMSE/ACC: Current Valid: 0.48/0.74/57.90 Ep. 147 | Best Valid: 0.44/0.70/57.90 | Ep. 137
Time elapsed: 58.82 min
Epoch: 148/200 | Batch 0000/0043 | Loss: 0.5959
MAE/RMSE/ACC: Current Valid: 0.47/0.73/57.90 Ep. 148 | Best Valid: 0.44/0.70/57.90 | Ep. 137
Time elapsed: 59.29 min
Epoch: 149/200 | Batch 0000/0043 | Loss: 0.6096
MAE/RMSE/ACC: Current Valid: 0.47/0.72/57.90 Ep. 149 | Best Valid: 0.44/0.70/57.90 | Ep. 137
Time elapsed: 59.74 min
Epoch: 150/200 | Batch 0000/0043 | Loss: 0.6097
MAE/RMSE/ACC: Current Valid: 0.48/0.73/57.90 Ep. 150 | Best Valid: 0.44/0.70/57.90 | Ep. 137
Time elapsed: 60.22 min
Epoch: 151/200 | Batch 0000/0043 | Loss: 0.6204
MAE/RMSE/ACC: Current Valid: 0.48/0.73/57.90 Ep. 151 | Best Valid: 0.44/0.70/57.90 | Ep. 137
Time elapsed: 60.69 min
Epoch: 152/200 | Batch 0000/0043 | Loss: 0.6207
MAE/RMSE/ACC: Current Valid: 0.47/0.72/57.90 Ep. 152 | Best Valid: 0.44/0.70/57.90 | Ep. 137
Time elapsed: 61.15 min
Epoch: 153/200 | Batch 0000/0043 | Loss: 0.6034
MAE/RMSE/ACC: Current Valid: 0.47/0.73/57.90 Ep. 153 | Best Valid: 0.44/0.70/57.90 | Ep. 137
Time elapsed: 61.61 min
Epoch: 154/200 | Batch 0000/0043 | Loss: 0.6193
MAE/RMSE/ACC: Current Valid: 0.50/0.75/57.90 Ep. 154 | Best Valid: 0.44/0.70/57.90 | Ep. 137
Time elapsed: 62.07 min
Epoch: 155/200 | Batch 0000/0043 | Loss: 0.6171
MAE/RMSE/ACC: Current Valid: 0.50/0.74/57.90 Ep. 155 | Best Valid: 0.44/0.70/57.90 | Ep. 137
Time elapsed: 62.52 min
Epoch: 156/200 | Batch 0000/0043 | Loss: 0.5886
MAE/RMSE/ACC: Current Valid: 0.49/0.74/57.90 Ep. 156 | Best Valid: 0.44/0.70/57.90 | Ep. 137
Time elapsed: 62.99 min
Epoch: 157/200 | Batch 0000/0043 | Loss: 0.5927
MAE/RMSE/ACC: Current Valid: 0.48/0.73/57.90 Ep. 157 | Best Valid: 0.44/0.70/57.90 | Ep. 137
Time elapsed: 63.44 min
Epoch: 158/200 | Batch 0000/0043 | Loss: 0.5966
MAE/RMSE/ACC: Current Valid: 0.48/0.73/57.90 Ep. 158 | Best Valid: 0.44/0.70/57.90 | Ep. 137
Time elapsed: 63.90 min
Epoch: 159/200 | Batch 0000/0043 | Loss: 0.5942
MAE/RMSE/ACC: Current Valid: 0.48/0.74/57.90 Ep. 159 | Best Valid: 0.44/0.70/57.90 | Ep. 137
Time elapsed: 64.36 min
Epoch: 160/200 | Batch 0000/0043 | Loss: 0.5981
MAE/RMSE/ACC: Current Valid: 0.48/0.73/57.90 Ep. 160 | Best Valid: 0.44/0.70/57.90 | Ep. 137
Time elapsed: 64.81 min
Epoch: 161/200 | Batch 0000/0043 | Loss: 0.5866
MAE/RMSE/ACC: Current Valid: 0.50/0.74/57.90 Ep. 161 | Best Valid: 0.44/0.70/57.90 | Ep. 137
Time elapsed: 65.28 min
Epoch: 162/200 | Batch 0000/0043 | Loss: 0.5795
MAE/RMSE/ACC: Current Valid: 0.49/0.75/57.90 Ep. 162 | Best Valid: 0.44/0.70/57.90 | Ep. 137
Time elapsed: 65.73 min
Epoch: 163/200 | Batch 0000/0043 | Loss: 0.5772
MAE/RMSE/ACC: Current Valid: 0.48/0.73/57.90 Ep. 163 | Best Valid: 0.44/0.70/57.90 | Ep. 137
Time elapsed: 66.20 min
Epoch: 164/200 | Batch 0000/0043 | Loss: 0.5680
MAE/RMSE/ACC: Current Valid: 0.50/0.75/57.90 Ep. 164 | Best Valid: 0.44/0.70/57.90 | Ep. 137
Time elapsed: 66.65 min
Epoch: 165/200 | Batch 0000/0043 | Loss: 0.5684
MAE/RMSE/ACC: Current Valid: 0.50/0.75/57.90 Ep. 165 | Best Valid: 0.44/0.70/57.90 | Ep. 137
Time elapsed: 67.11 min
Epoch: 166/200 | Batch 0000/0043 | Loss: 0.6058
MAE/RMSE/ACC: Current Valid: 0.50/0.75/57.90 Ep. 166 | Best Valid: 0.44/0.70/57.90 | Ep. 137
Time elapsed: 67.58 min
Epoch: 167/200 | Batch 0000/0043 | Loss: 0.5645
MAE/RMSE/ACC: Current Valid: 0.48/0.73/57.90 Ep. 167 | Best Valid: 0.44/0.70/57.90 | Ep. 137
Time elapsed: 68.03 min
Epoch: 168/200 | Batch 0000/0043 | Loss: 0.5505
MAE/RMSE/ACC: Current Valid: 0.47/0.74/57.90 Ep. 168 | Best Valid: 0.44/0.70/57.90 | Ep. 137
Time elapsed: 68.51 min
Epoch: 169/200 | Batch 0000/0043 | Loss: 0.5658
MAE/RMSE/ACC: Current Valid: 0.48/0.73/57.90 Ep. 169 | Best Valid: 0.44/0.70/57.90 | Ep. 137
Time elapsed: 68.96 min
Epoch: 170/200 | Batch 0000/0043 | Loss: 0.5626
MAE/RMSE/ACC: Current Valid: 0.47/0.73/57.90 Ep. 170 | Best Valid: 0.44/0.70/57.90 | Ep. 137
Time elapsed: 69.41 min
Epoch: 171/200 | Batch 0000/0043 | Loss: 0.5483
MAE/RMSE/ACC: Current Valid: 0.48/0.74/57.90 Ep. 171 | Best Valid: 0.44/0.70/57.90 | Ep. 137
Time elapsed: 69.88 min
Epoch: 172/200 | Batch 0000/0043 | Loss: 0.5429
MAE/RMSE/ACC: Current Valid: 0.47/0.73/57.90 Ep. 172 | Best Valid: 0.44/0.70/57.90 | Ep. 137
Time elapsed: 70.33 min
Epoch: 173/200 | Batch 0000/0043 | Loss: 0.5192
MAE/RMSE/ACC: Current Valid: 0.45/0.72/57.90 Ep. 173 | Best Valid: 0.44/0.70/57.90 | Ep. 137
Time elapsed: 70.79 min
Epoch: 174/200 | Batch 0000/0043 | Loss: 0.5199
MAE/RMSE/ACC: Current Valid: 0.47/0.73/57.90 Ep. 174 | Best Valid: 0.44/0.70/57.90 | Ep. 137
Time elapsed: 71.24 min
Epoch: 175/200 | Batch 0000/0043 | Loss: 0.5160
MAE/RMSE/ACC: Current Valid: 0.47/0.73/57.90 Ep. 175 | Best Valid: 0.44/0.70/57.90 | Ep. 137
Time elapsed: 71.70 min
Epoch: 176/200 | Batch 0000/0043 | Loss: 0.5148
MAE/RMSE/ACC: Current Valid: 0.48/0.73/57.90 Ep. 176 | Best Valid: 0.44/0.70/57.90 | Ep. 137
Time elapsed: 72.16 min
Epoch: 177/200 | Batch 0000/0043 | Loss: 0.5144
MAE/RMSE/ACC: Current Valid: 0.48/0.73/57.90 Ep. 177 | Best Valid: 0.44/0.70/57.90 | Ep. 137
Time elapsed: 72.62 min
Epoch: 178/200 | Batch 0000/0043 | Loss: 0.4975
MAE/RMSE/ACC: Current Valid: 0.47/0.73/57.90 Ep. 178 | Best Valid: 0.44/0.70/57.90 | Ep. 137
Time elapsed: 73.08 min
Epoch: 179/200 | Batch 0000/0043 | Loss: 0.5068
MAE/RMSE/ACC: Current Valid: 0.47/0.73/57.90 Ep. 179 | Best Valid: 0.44/0.70/57.90 | Ep. 137
Time elapsed: 73.53 min
Epoch: 180/200 | Batch 0000/0043 | Loss: 0.4885
MAE/RMSE/ACC: Current Valid: 0.45/0.71/57.90 Ep. 180 | Best Valid: 0.44/0.70/57.90 | Ep. 137
Time elapsed: 73.99 min
Epoch: 181/200 | Batch 0000/0043 | Loss: 0.4976
MAE/RMSE/ACC: Current Valid: 0.48/0.73/57.90 Ep. 181 | Best Valid: 0.44/0.70/57.90 | Ep. 137
Time elapsed: 74.43 min
Epoch: 182/200 | Batch 0000/0043 | Loss: 0.5156
MAE/RMSE/ACC: Current Valid: 0.48/0.73/57.90 Ep. 182 | Best Valid: 0.44/0.70/57.90 | Ep. 137
Time elapsed: 74.89 min
Epoch: 183/200 | Batch 0000/0043 | Loss: 0.5096
MAE/RMSE/ACC: Current Valid: 0.47/0.73/57.90 Ep. 183 | Best Valid: 0.44/0.70/57.90 | Ep. 137
Time elapsed: 75.33 min
Epoch: 184/200 | Batch 0000/0043 | Loss: 0.4796
MAE/RMSE/ACC: Current Valid: 0.47/0.73/57.90 Ep. 184 | Best Valid: 0.44/0.70/57.90 | Ep. 137
Time elapsed: 75.79 min
Epoch: 185/200 | Batch 0000/0043 | Loss: 0.4899
MAE/RMSE/ACC: Current Valid: 0.47/0.72/57.90 Ep. 185 | Best Valid: 0.44/0.70/57.90 | Ep. 137
Time elapsed: 76.22 min
Epoch: 186/200 | Batch 0000/0043 | Loss: 0.5129
MAE/RMSE/ACC: Current Valid: 0.47/0.72/57.90 Ep. 186 | Best Valid: 0.44/0.70/57.90 | Ep. 137
Time elapsed: 76.66 min
Epoch: 187/200 | Batch 0000/0043 | Loss: 0.4721
MAE/RMSE/ACC: Current Valid: 0.46/0.72/57.90 Ep. 187 | Best Valid: 0.44/0.70/57.90 | Ep. 137
Time elapsed: 77.08 min
Epoch: 188/200 | Batch 0000/0043 | Loss: 0.5002
MAE/RMSE/ACC: Current Valid: 0.48/0.73/57.90 Ep. 188 | Best Valid: 0.44/0.70/57.90 | Ep. 137
Time elapsed: 77.53 min
Epoch: 189/200 | Batch 0000/0043 | Loss: 0.4748
MAE/RMSE/ACC: Current Valid: 0.49/0.74/57.90 Ep. 189 | Best Valid: 0.44/0.70/57.90 | Ep. 137
Time elapsed: 77.97 min
Epoch: 190/200 | Batch 0000/0043 | Loss: 0.4622
MAE/RMSE/ACC: Current Valid: 0.48/0.73/57.90 Ep. 190 | Best Valid: 0.44/0.70/57.90 | Ep. 137
Time elapsed: 78.41 min
Epoch: 191/200 | Batch 0000/0043 | Loss: 0.4767
MAE/RMSE/ACC: Current Valid: 0.47/0.72/57.90 Ep. 191 | Best Valid: 0.44/0.70/57.90 | Ep. 137
Time elapsed: 78.85 min
Epoch: 192/200 | Batch 0000/0043 | Loss: 0.4480
MAE/RMSE/ACC: Current Valid: 0.48/0.73/57.90 Ep. 192 | Best Valid: 0.44/0.70/57.90 | Ep. 137
Time elapsed: 79.27 min
Epoch: 193/200 | Batch 0000/0043 | Loss: 0.4727
MAE/RMSE/ACC: Current Valid: 0.47/0.73/57.90 Ep. 193 | Best Valid: 0.44/0.70/57.90 | Ep. 137
Time elapsed: 79.72 min
Epoch: 194/200 | Batch 0000/0043 | Loss: 0.4719
MAE/RMSE/ACC: Current Valid: 0.47/0.73/57.90 Ep. 194 | Best Valid: 0.44/0.70/57.90 | Ep. 137
Time elapsed: 80.14 min
Epoch: 195/200 | Batch 0000/0043 | Loss: 0.4413
MAE/RMSE/ACC: Current Valid: 0.47/0.73/57.90 Ep. 195 | Best Valid: 0.44/0.70/57.90 | Ep. 137
Time elapsed: 80.57 min
Epoch: 196/200 | Batch 0000/0043 | Loss: 0.4248
MAE/RMSE/ACC: Current Valid: 0.48/0.74/57.90 Ep. 196 | Best Valid: 0.44/0.70/57.90 | Ep. 137
Time elapsed: 81.01 min
Epoch: 197/200 | Batch 0000/0043 | Loss: 0.4314
MAE/RMSE/ACC: Current Valid: 0.47/0.73/57.90 Ep. 197 | Best Valid: 0.44/0.70/57.90 | Ep. 137
Time elapsed: 81.43 min
Epoch: 198/200 | Batch 0000/0043 | Loss: 0.4410
MAE/RMSE/ACC: Current Valid: 0.48/0.73/57.90 Ep. 198 | Best Valid: 0.44/0.70/57.90 | Ep. 137
Time elapsed: 81.86 min
Epoch: 199/200 | Batch 0000/0043 | Loss: 0.4244
MAE/RMSE/ACC: Current Valid: 0.48/0.74/57.90 Ep. 199 | Best Valid: 0.44/0.70/57.90 | Ep. 137
Time elapsed: 82.28 min
Epoch: 200/200 | Batch 0000/0043 | Loss: 0.4437
MAE/RMSE/ACC: Current Valid: 0.49/0.75/57.90 Ep. 200 | Best Valid: 0.44/0.70/57.90 | Ep. 137
Time elapsed: 82.71 min
MAE/RMSE: | Train: 0.02/0.12 | Valid: 0.49/0.75 | Test: 0.47/0.72
ACC: | Train: 98.20 | Valid: 54.01 | Test: 56.13
Total Running Time: 83.37 min
MAE/RMSE: | Best Train: 0.04/0.21 | Best Valid: 0.44/0.70 | Best Test: 0.47/0.72
ACC: | Best Train: 95.63 | Best Valid: 57.90 | Best Test: 55.12
Total Running Time: 84.03 min
