This script: vgg16_conditional-v3.py
PyTorch Version: 1.8.1
CUDA device: cuda:2
CUDA version: 10.2
Random seed: 0
Learning rate: 5e-05
Epochs: 200
Batch size: 54
Output path: ../vgg16-results/aes-nature/aes-corn-lr0.00005-bs64
Epoch: 001/200 | Batch 0000/0063 | Loss: 0.7206
Epoch: 001/200 | Batch 0050/0063 | Loss: 0.2011
MAE/RMSE/ACC: Current Valid: 0.34/0.60/66.67 Ep. 1 | Best Valid: 0.34/0.60/66.67 | Ep. 1
Time elapsed: 0.62 min
Epoch: 002/200 | Batch 0000/0063 | Loss: 0.1771
Epoch: 002/200 | Batch 0050/0063 | Loss: 0.1800
MAE/RMSE/ACC: Current Valid: 0.30/0.56/70.71 Ep. 2 | Best Valid: 0.30/0.56/70.71 | Ep. 2
Time elapsed: 1.25 min
Epoch: 003/200 | Batch 0000/0063 | Loss: 0.1072
Epoch: 003/200 | Batch 0050/0063 | Loss: 0.1388
MAE/RMSE/ACC: Current Valid: 0.29/0.55/71.21 Ep. 3 | Best Valid: 0.29/0.55/71.21 | Ep. 3
Time elapsed: 1.88 min
Epoch: 004/200 | Batch 0000/0063 | Loss: 0.0719
Epoch: 004/200 | Batch 0050/0063 | Loss: 0.0998
MAE/RMSE/ACC: Current Valid: 0.30/0.56/71.21 Ep. 4 | Best Valid: 0.29/0.55/71.21 | Ep. 3
Time elapsed: 2.48 min
Epoch: 005/200 | Batch 0000/0063 | Loss: 0.0858
Epoch: 005/200 | Batch 0050/0063 | Loss: 0.0408
MAE/RMSE/ACC: Current Valid: 0.33/0.59/71.21 Ep. 5 | Best Valid: 0.29/0.55/71.21 | Ep. 3
Time elapsed: 3.08 min
Epoch: 006/200 | Batch 0000/0063 | Loss: 0.0245
Epoch: 006/200 | Batch 0050/0063 | Loss: 0.0478
MAE/RMSE/ACC: Current Valid: 0.31/0.58/71.21 Ep. 6 | Best Valid: 0.29/0.55/71.21 | Ep. 3
Time elapsed: 3.69 min
Epoch: 007/200 | Batch 0000/0063 | Loss: 0.0189
Epoch: 007/200 | Batch 0050/0063 | Loss: 0.0303
MAE/RMSE/ACC: Current Valid: 0.29/0.56/71.21 Ep. 7 | Best Valid: 0.29/0.55/71.21 | Ep. 3
Time elapsed: 4.29 min
Epoch: 008/200 | Batch 0000/0063 | Loss: 0.0334
Epoch: 008/200 | Batch 0050/0063 | Loss: 0.0200
MAE/RMSE/ACC: Current Valid: 0.31/0.57/71.21 Ep. 8 | Best Valid: 0.29/0.55/71.21 | Ep. 3
Time elapsed: 4.89 min
Epoch: 009/200 | Batch 0000/0063 | Loss: 0.0567
Epoch: 009/200 | Batch 0050/0063 | Loss: 0.0564
MAE/RMSE/ACC: Current Valid: 0.29/0.55/71.21 Ep. 9 | Best Valid: 0.29/0.55/71.21 | Ep. 3
Time elapsed: 5.50 min
Epoch: 010/200 | Batch 0000/0063 | Loss: 0.0106
Epoch: 010/200 | Batch 0050/0063 | Loss: 0.0084
MAE/RMSE/ACC: Current Valid: 0.35/0.60/71.21 Ep. 10 | Best Valid: 0.29/0.55/71.21 | Ep. 3
Time elapsed: 6.10 min
Epoch: 011/200 | Batch 0000/0063 | Loss: 0.0028
Epoch: 011/200 | Batch 0050/0063 | Loss: 0.0148
MAE/RMSE/ACC: Current Valid: 0.33/0.59/71.21 Ep. 11 | Best Valid: 0.29/0.55/71.21 | Ep. 3
Time elapsed: 6.71 min
Epoch: 012/200 | Batch 0000/0063 | Loss: 0.0141
Epoch: 012/200 | Batch 0050/0063 | Loss: 0.0096
MAE/RMSE/ACC: Current Valid: 0.31/0.57/71.21 Ep. 12 | Best Valid: 0.29/0.55/71.21 | Ep. 3
Time elapsed: 7.31 min
Epoch: 013/200 | Batch 0000/0063 | Loss: 0.0011
Epoch: 013/200 | Batch 0050/0063 | Loss: 0.0012
MAE/RMSE/ACC: Current Valid: 0.30/0.56/71.21 Ep. 13 | Best Valid: 0.29/0.55/71.21 | Ep. 3
Time elapsed: 7.91 min
Epoch: 014/200 | Batch 0000/0063 | Loss: 0.0042
Epoch: 014/200 | Batch 0050/0063 | Loss: 0.0021
MAE/RMSE/ACC: Current Valid: 0.33/0.59/71.21 Ep. 14 | Best Valid: 0.29/0.55/71.21 | Ep. 3
Time elapsed: 8.52 min
Epoch: 015/200 | Batch 0000/0063 | Loss: 0.0282
Epoch: 015/200 | Batch 0050/0063 | Loss: 0.0064
MAE/RMSE/ACC: Current Valid: 0.32/0.57/71.21 Ep. 15 | Best Valid: 0.29/0.55/71.21 | Ep. 3
Time elapsed: 9.12 min
Epoch: 016/200 | Batch 0000/0063 | Loss: 0.0026
Epoch: 016/200 | Batch 0050/0063 | Loss: 0.0009
MAE/RMSE/ACC: Current Valid: 0.30/0.56/71.21 Ep. 16 | Best Valid: 0.29/0.55/71.21 | Ep. 3
Time elapsed: 9.73 min
Epoch: 017/200 | Batch 0000/0063 | Loss: 0.0463
Epoch: 017/200 | Batch 0050/0063 | Loss: 0.0372
MAE/RMSE/ACC: Current Valid: 0.30/0.56/71.21 Ep. 17 | Best Valid: 0.29/0.55/71.21 | Ep. 3
Time elapsed: 10.33 min
Epoch: 018/200 | Batch 0000/0063 | Loss: 0.0032
Epoch: 018/200 | Batch 0050/0063 | Loss: 0.0133
MAE/RMSE/ACC: Current Valid: 0.27/0.54/74.24 Ep. 18 | Best Valid: 0.27/0.54/74.24 | Ep. 18
Time elapsed: 10.97 min
Epoch: 019/200 | Batch 0000/0063 | Loss: 0.0032
Epoch: 019/200 | Batch 0050/0063 | Loss: 0.0004
MAE/RMSE/ACC: Current Valid: 0.29/0.56/74.24 Ep. 19 | Best Valid: 0.27/0.54/74.24 | Ep. 18
Time elapsed: 11.57 min
Epoch: 020/200 | Batch 0000/0063 | Loss: 0.0014
Epoch: 020/200 | Batch 0050/0063 | Loss: 0.0009
MAE/RMSE/ACC: Current Valid: 0.31/0.58/74.24 Ep. 20 | Best Valid: 0.27/0.54/74.24 | Ep. 18
Time elapsed: 12.17 min
Epoch: 021/200 | Batch 0000/0063 | Loss: 0.0168
Epoch: 021/200 | Batch 0050/0063 | Loss: 0.0002
MAE/RMSE/ACC: Current Valid: 0.36/0.62/74.24 Ep. 21 | Best Valid: 0.27/0.54/74.24 | Ep. 18
Time elapsed: 12.77 min
Epoch: 022/200 | Batch 0000/0063 | Loss: 0.0010
Epoch: 022/200 | Batch 0050/0063 | Loss: 0.0035
MAE/RMSE/ACC: Current Valid: 0.29/0.56/74.24 Ep. 22 | Best Valid: 0.27/0.54/74.24 | Ep. 18
Time elapsed: 13.38 min
Epoch: 023/200 | Batch 0000/0063 | Loss: 0.0024
Epoch: 023/200 | Batch 0050/0063 | Loss: 0.0017
MAE/RMSE/ACC: Current Valid: 0.31/0.57/74.24 Ep. 23 | Best Valid: 0.27/0.54/74.24 | Ep. 18
Time elapsed: 13.98 min
Epoch: 024/200 | Batch 0000/0063 | Loss: 0.0066
Epoch: 024/200 | Batch 0050/0063 | Loss: 0.0013
MAE/RMSE/ACC: Current Valid: 0.35/0.60/74.24 Ep. 24 | Best Valid: 0.27/0.54/74.24 | Ep. 18
Time elapsed: 14.58 min
Epoch: 025/200 | Batch 0000/0063 | Loss: 0.0058
Epoch: 025/200 | Batch 0050/0063 | Loss: 0.0035
MAE/RMSE/ACC: Current Valid: 0.35/0.60/74.24 Ep. 25 | Best Valid: 0.27/0.54/74.24 | Ep. 18
Time elapsed: 15.19 min
Epoch: 026/200 | Batch 0000/0063 | Loss: 0.0019
Epoch: 026/200 | Batch 0050/0063 | Loss: 0.0012
MAE/RMSE/ACC: Current Valid: 0.32/0.57/74.24 Ep. 26 | Best Valid: 0.27/0.54/74.24 | Ep. 18
Time elapsed: 15.79 min
Epoch: 027/200 | Batch 0000/0063 | Loss: 0.0030
Epoch: 027/200 | Batch 0050/0063 | Loss: 0.0003
MAE/RMSE/ACC: Current Valid: 0.31/0.56/74.24 Ep. 27 | Best Valid: 0.27/0.54/74.24 | Ep. 18
Time elapsed: 16.39 min
Epoch: 028/200 | Batch 0000/0063 | Loss: 0.0017
Epoch: 028/200 | Batch 0050/0063 | Loss: 0.0074
MAE/RMSE/ACC: Current Valid: 0.32/0.58/74.24 Ep. 28 | Best Valid: 0.27/0.54/74.24 | Ep. 18
Time elapsed: 17.00 min
Epoch: 029/200 | Batch 0000/0063 | Loss: 0.0081
Epoch: 029/200 | Batch 0050/0063 | Loss: 0.0031
MAE/RMSE/ACC: Current Valid: 0.29/0.55/74.24 Ep. 29 | Best Valid: 0.27/0.54/74.24 | Ep. 18
Time elapsed: 17.60 min
Epoch: 030/200 | Batch 0000/0063 | Loss: 0.0019
Epoch: 030/200 | Batch 0050/0063 | Loss: 0.0044
MAE/RMSE/ACC: Current Valid: 0.31/0.56/74.24 Ep. 30 | Best Valid: 0.27/0.54/74.24 | Ep. 18
Time elapsed: 18.20 min
Epoch: 031/200 | Batch 0000/0063 | Loss: 0.0051
Epoch: 031/200 | Batch 0050/0063 | Loss: 0.0201
MAE/RMSE/ACC: Current Valid: 0.33/0.59/74.24 Ep. 31 | Best Valid: 0.27/0.54/74.24 | Ep. 18
Time elapsed: 18.81 min
Epoch: 032/200 | Batch 0000/0063 | Loss: 0.0005
Epoch: 032/200 | Batch 0050/0063 | Loss: 0.0264
MAE/RMSE/ACC: Current Valid: 0.28/0.55/74.24 Ep. 32 | Best Valid: 0.27/0.54/74.24 | Ep. 18
Time elapsed: 19.41 min
Epoch: 033/200 | Batch 0000/0063 | Loss: 0.0012
Epoch: 033/200 | Batch 0050/0063 | Loss: 0.0121
MAE/RMSE/ACC: Current Valid: 0.30/0.56/74.24 Ep. 33 | Best Valid: 0.27/0.54/74.24 | Ep. 18
Time elapsed: 20.01 min
Epoch: 034/200 | Batch 0000/0063 | Loss: 0.0021
Epoch: 034/200 | Batch 0050/0063 | Loss: 0.0037
MAE/RMSE/ACC: Current Valid: 0.30/0.56/74.24 Ep. 34 | Best Valid: 0.27/0.54/74.24 | Ep. 18
Time elapsed: 20.61 min
Epoch: 035/200 | Batch 0000/0063 | Loss: 0.0006
Epoch: 035/200 | Batch 0050/0063 | Loss: 0.0005
MAE/RMSE/ACC: Current Valid: 0.32/0.59/74.24 Ep. 35 | Best Valid: 0.27/0.54/74.24 | Ep. 18
Time elapsed: 21.21 min
Epoch: 036/200 | Batch 0000/0063 | Loss: 0.0012
Epoch: 036/200 | Batch 0050/0063 | Loss: 0.0002
MAE/RMSE/ACC: Current Valid: 0.27/0.54/74.24 Ep. 36 | Best Valid: 0.27/0.54/74.24 | Ep. 18
Time elapsed: 21.81 min
Epoch: 037/200 | Batch 0000/0063 | Loss: 0.0001
Epoch: 037/200 | Batch 0050/0063 | Loss: 0.0012
MAE/RMSE/ACC: Current Valid: 0.30/0.57/74.24 Ep. 37 | Best Valid: 0.27/0.54/74.24 | Ep. 18
Time elapsed: 22.42 min
Epoch: 038/200 | Batch 0000/0063 | Loss: 0.0334
Epoch: 038/200 | Batch 0050/0063 | Loss: 0.0003
MAE/RMSE/ACC: Current Valid: 0.28/0.54/74.24 Ep. 38 | Best Valid: 0.27/0.54/74.24 | Ep. 18
Time elapsed: 23.02 min
Epoch: 039/200 | Batch 0000/0063 | Loss: 0.0090
Epoch: 039/200 | Batch 0050/0063 | Loss: 0.0002
MAE/RMSE/ACC: Current Valid: 0.30/0.56/74.24 Ep. 39 | Best Valid: 0.27/0.54/74.24 | Ep. 18
Time elapsed: 23.62 min
Epoch: 040/200 | Batch 0000/0063 | Loss: 0.0004
Epoch: 040/200 | Batch 0050/0063 | Loss: 0.0030
MAE/RMSE/ACC: Current Valid: 0.31/0.57/74.24 Ep. 40 | Best Valid: 0.27/0.54/74.24 | Ep. 18
Time elapsed: 24.23 min
Epoch: 041/200 | Batch 0000/0063 | Loss: 0.0001
Epoch: 041/200 | Batch 0050/0063 | Loss: 0.0002
MAE/RMSE/ACC: Current Valid: 0.29/0.56/74.24 Ep. 41 | Best Valid: 0.27/0.54/74.24 | Ep. 18
Time elapsed: 24.83 min
Epoch: 042/200 | Batch 0000/0063 | Loss: 0.0005
Epoch: 042/200 | Batch 0050/0063 | Loss: 0.0000
MAE/RMSE/ACC: Current Valid: 0.28/0.55/74.24 Ep. 42 | Best Valid: 0.27/0.54/74.24 | Ep. 18
Time elapsed: 25.44 min
Epoch: 043/200 | Batch 0000/0063 | Loss: 0.0000
Epoch: 043/200 | Batch 0050/0063 | Loss: 0.0001
MAE/RMSE/ACC: Current Valid: 0.31/0.57/74.24 Ep. 43 | Best Valid: 0.27/0.54/74.24 | Ep. 18
Time elapsed: 26.04 min
Epoch: 044/200 | Batch 0000/0063 | Loss: 0.0006
Epoch: 044/200 | Batch 0050/0063 | Loss: 0.0001
MAE/RMSE/ACC: Current Valid: 0.31/0.57/74.24 Ep. 44 | Best Valid: 0.27/0.54/74.24 | Ep. 18
Time elapsed: 26.64 min
Epoch: 045/200 | Batch 0000/0063 | Loss: 0.0037
Epoch: 045/200 | Batch 0050/0063 | Loss: 0.0016
MAE/RMSE/ACC: Current Valid: 0.32/0.59/74.24 Ep. 45 | Best Valid: 0.27/0.54/74.24 | Ep. 18
Time elapsed: 27.24 min
Epoch: 046/200 | Batch 0000/0063 | Loss: 0.0084
Epoch: 046/200 | Batch 0050/0063 | Loss: 0.0049
MAE/RMSE/ACC: Current Valid: 0.33/0.60/74.24 Ep. 46 | Best Valid: 0.27/0.54/74.24 | Ep. 18
Time elapsed: 27.85 min
Epoch: 047/200 | Batch 0000/0063 | Loss: 0.0001
Epoch: 047/200 | Batch 0050/0063 | Loss: 0.0004
MAE/RMSE/ACC: Current Valid: 0.35/0.63/74.24 Ep. 47 | Best Valid: 0.27/0.54/74.24 | Ep. 18
Time elapsed: 28.45 min
Epoch: 048/200 | Batch 0000/0063 | Loss: 0.0061
Epoch: 048/200 | Batch 0050/0063 | Loss: 0.0039
MAE/RMSE/ACC: Current Valid: 0.31/0.58/74.24 Ep. 48 | Best Valid: 0.27/0.54/74.24 | Ep. 18
Time elapsed: 29.05 min
Epoch: 049/200 | Batch 0000/0063 | Loss: 0.0008
Epoch: 049/200 | Batch 0050/0063 | Loss: 0.0006
MAE/RMSE/ACC: Current Valid: 0.28/0.54/74.24 Ep. 49 | Best Valid: 0.27/0.54/74.24 | Ep. 18
Time elapsed: 29.65 min
Epoch: 050/200 | Batch 0000/0063 | Loss: 0.0039
Epoch: 050/200 | Batch 0050/0063 | Loss: 0.0030
MAE/RMSE/ACC: Current Valid: 0.33/0.59/74.24 Ep. 50 | Best Valid: 0.27/0.54/74.24 | Ep. 18
Time elapsed: 30.26 min
Epoch: 051/200 | Batch 0000/0063 | Loss: 0.0061
Epoch: 051/200 | Batch 0050/0063 | Loss: 0.0503
MAE/RMSE/ACC: Current Valid: 0.32/0.58/74.24 Ep. 51 | Best Valid: 0.27/0.54/74.24 | Ep. 18
Time elapsed: 30.86 min
Epoch: 052/200 | Batch 0000/0063 | Loss: 0.0044
Epoch: 052/200 | Batch 0050/0063 | Loss: 0.0001
MAE/RMSE/ACC: Current Valid: 0.32/0.59/74.24 Ep. 52 | Best Valid: 0.27/0.54/74.24 | Ep. 18
Time elapsed: 31.47 min
Epoch: 053/200 | Batch 0000/0063 | Loss: 0.0044
Epoch: 053/200 | Batch 0050/0063 | Loss: 0.0004
MAE/RMSE/ACC: Current Valid: 0.32/0.57/74.24 Ep. 53 | Best Valid: 0.27/0.54/74.24 | Ep. 18
Time elapsed: 32.07 min
Epoch: 054/200 | Batch 0000/0063 | Loss: 0.0251
Epoch: 054/200 | Batch 0050/0063 | Loss: 0.0082
MAE/RMSE/ACC: Current Valid: 0.31/0.57/74.24 Ep. 54 | Best Valid: 0.27/0.54/74.24 | Ep. 18
Time elapsed: 32.67 min
Epoch: 055/200 | Batch 0000/0063 | Loss: 0.0002
Epoch: 055/200 | Batch 0050/0063 | Loss: 0.0022
MAE/RMSE/ACC: Current Valid: 0.28/0.54/74.24 Ep. 55 | Best Valid: 0.27/0.54/74.24 | Ep. 18
Time elapsed: 33.27 min
Epoch: 056/200 | Batch 0000/0063 | Loss: 0.0003
Epoch: 056/200 | Batch 0050/0063 | Loss: 0.0001
MAE/RMSE/ACC: Current Valid: 0.29/0.55/74.24 Ep. 56 | Best Valid: 0.27/0.54/74.24 | Ep. 18
Time elapsed: 33.88 min
Epoch: 057/200 | Batch 0000/0063 | Loss: 0.0001
Epoch: 057/200 | Batch 0050/0063 | Loss: 0.0006
MAE/RMSE/ACC: Current Valid: 0.26/0.52/74.24 Ep. 57 | Best Valid: 0.26/0.52/74.24 | Ep. 57
Time elapsed: 34.51 min
Epoch: 058/200 | Batch 0000/0063 | Loss: 0.0003
Epoch: 058/200 | Batch 0050/0063 | Loss: 0.0413
MAE/RMSE/ACC: Current Valid: 0.29/0.55/74.24 Ep. 58 | Best Valid: 0.26/0.52/74.24 | Ep. 57
Time elapsed: 35.11 min
Epoch: 059/200 | Batch 0000/0063 | Loss: 0.0047
Epoch: 059/200 | Batch 0050/0063 | Loss: 0.0018
MAE/RMSE/ACC: Current Valid: 0.28/0.53/74.24 Ep. 59 | Best Valid: 0.26/0.52/74.24 | Ep. 57
Time elapsed: 35.72 min
Epoch: 060/200 | Batch 0000/0063 | Loss: 0.0002
Epoch: 060/200 | Batch 0050/0063 | Loss: 0.0177
MAE/RMSE/ACC: Current Valid: 0.29/0.55/74.24 Ep. 60 | Best Valid: 0.26/0.52/74.24 | Ep. 57
Time elapsed: 36.32 min
Epoch: 061/200 | Batch 0000/0063 | Loss: 0.0027
Epoch: 061/200 | Batch 0050/0063 | Loss: 0.0008
MAE/RMSE/ACC: Current Valid: 0.29/0.55/74.24 Ep. 61 | Best Valid: 0.26/0.52/74.24 | Ep. 57
Time elapsed: 36.92 min
Epoch: 062/200 | Batch 0000/0063 | Loss: 0.0004
Epoch: 062/200 | Batch 0050/0063 | Loss: 0.0001
MAE/RMSE/ACC: Current Valid: 0.31/0.57/74.24 Ep. 62 | Best Valid: 0.26/0.52/74.24 | Ep. 57
Time elapsed: 37.53 min
Epoch: 063/200 | Batch 0000/0063 | Loss: 0.0015
Epoch: 063/200 | Batch 0050/0063 | Loss: 0.0010
MAE/RMSE/ACC: Current Valid: 0.31/0.58/74.24 Ep. 63 | Best Valid: 0.26/0.52/74.24 | Ep. 57
Time elapsed: 38.13 min
Epoch: 064/200 | Batch 0000/0063 | Loss: 0.0016
Epoch: 064/200 | Batch 0050/0063 | Loss: 0.0112
MAE/RMSE/ACC: Current Valid: 0.31/0.57/74.24 Ep. 64 | Best Valid: 0.26/0.52/74.24 | Ep. 57
Time elapsed: 38.73 min
Epoch: 065/200 | Batch 0000/0063 | Loss: 0.0001
Epoch: 065/200 | Batch 0050/0063 | Loss: 0.0005
MAE/RMSE/ACC: Current Valid: 0.28/0.54/74.24 Ep. 65 | Best Valid: 0.26/0.52/74.24 | Ep. 57
Time elapsed: 39.33 min
Epoch: 066/200 | Batch 0000/0063 | Loss: 0.0004
Epoch: 066/200 | Batch 0050/0063 | Loss: 0.0002
MAE/RMSE/ACC: Current Valid: 0.29/0.55/74.24 Ep. 66 | Best Valid: 0.26/0.52/74.24 | Ep. 57
Time elapsed: 39.94 min
Epoch: 067/200 | Batch 0000/0063 | Loss: 0.0006
Epoch: 067/200 | Batch 0050/0063 | Loss: 0.0004
MAE/RMSE/ACC: Current Valid: 0.31/0.57/74.24 Ep. 67 | Best Valid: 0.26/0.52/74.24 | Ep. 57
Time elapsed: 40.54 min
Epoch: 068/200 | Batch 0000/0063 | Loss: 0.0255
Epoch: 068/200 | Batch 0050/0063 | Loss: 0.0004
MAE/RMSE/ACC: Current Valid: 0.32/0.59/74.24 Ep. 68 | Best Valid: 0.26/0.52/74.24 | Ep. 57
Time elapsed: 41.14 min
Epoch: 069/200 | Batch 0000/0063 | Loss: 0.0005
Epoch: 069/200 | Batch 0050/0063 | Loss: 0.0003
MAE/RMSE/ACC: Current Valid: 0.35/0.62/74.24 Ep. 69 | Best Valid: 0.26/0.52/74.24 | Ep. 57
Time elapsed: 41.74 min
Epoch: 070/200 | Batch 0000/0063 | Loss: 0.0090
Epoch: 070/200 | Batch 0050/0063 | Loss: 0.0003
MAE/RMSE/ACC: Current Valid: 0.29/0.56/74.24 Ep. 70 | Best Valid: 0.26/0.52/74.24 | Ep. 57
Time elapsed: 42.34 min
Epoch: 071/200 | Batch 0000/0063 | Loss: 0.0005
Epoch: 071/200 | Batch 0050/0063 | Loss: 0.0002
MAE/RMSE/ACC: Current Valid: 0.29/0.55/74.24 Ep. 71 | Best Valid: 0.26/0.52/74.24 | Ep. 57
Time elapsed: 42.94 min
Epoch: 072/200 | Batch 0000/0063 | Loss: 0.0001
Epoch: 072/200 | Batch 0050/0063 | Loss: 0.0002
MAE/RMSE/ACC: Current Valid: 0.29/0.56/74.24 Ep. 72 | Best Valid: 0.26/0.52/74.24 | Ep. 57
Time elapsed: 43.54 min
Epoch: 073/200 | Batch 0000/0063 | Loss: 0.0001
Epoch: 073/200 | Batch 0050/0063 | Loss: 0.0002
MAE/RMSE/ACC: Current Valid: 0.32/0.57/74.24 Ep. 73 | Best Valid: 0.26/0.52/74.24 | Ep. 57
Time elapsed: 44.14 min
Epoch: 074/200 | Batch 0000/0063 | Loss: 0.0434
Epoch: 074/200 | Batch 0050/0063 | Loss: 0.0034
MAE/RMSE/ACC: Current Valid: 0.28/0.54/74.24 Ep. 74 | Best Valid: 0.26/0.52/74.24 | Ep. 57
Time elapsed: 44.74 min
Epoch: 075/200 | Batch 0000/0063 | Loss: 0.0001
Epoch: 075/200 | Batch 0050/0063 | Loss: 0.0001
MAE/RMSE/ACC: Current Valid: 0.33/0.59/74.24 Ep. 75 | Best Valid: 0.26/0.52/74.24 | Ep. 57
Time elapsed: 45.34 min
Epoch: 076/200 | Batch 0000/0063 | Loss: 0.0001
Epoch: 076/200 | Batch 0050/0063 | Loss: 0.0001
MAE/RMSE/ACC: Current Valid: 0.31/0.58/74.24 Ep. 76 | Best Valid: 0.26/0.52/74.24 | Ep. 57
Time elapsed: 45.94 min
Epoch: 077/200 | Batch 0000/0063 | Loss: 0.0001
Epoch: 077/200 | Batch 0050/0063 | Loss: 0.0083
MAE/RMSE/ACC: Current Valid: 0.29/0.56/74.24 Ep. 77 | Best Valid: 0.26/0.52/74.24 | Ep. 57
Time elapsed: 46.54 min
Epoch: 078/200 | Batch 0000/0063 | Loss: 0.0004
Epoch: 078/200 | Batch 0050/0063 | Loss: 0.0014
MAE/RMSE/ACC: Current Valid: 0.30/0.57/74.24 Ep. 78 | Best Valid: 0.26/0.52/74.24 | Ep. 57
Time elapsed: 47.14 min
Epoch: 079/200 | Batch 0000/0063 | Loss: 0.0001
Epoch: 079/200 | Batch 0050/0063 | Loss: 0.0003
MAE/RMSE/ACC: Current Valid: 0.31/0.57/74.24 Ep. 79 | Best Valid: 0.26/0.52/74.24 | Ep. 57
Time elapsed: 47.74 min
Epoch: 080/200 | Batch 0000/0063 | Loss: 0.0011
Epoch: 080/200 | Batch 0050/0063 | Loss: 0.0003
MAE/RMSE/ACC: Current Valid: 0.28/0.55/74.24 Ep. 80 | Best Valid: 0.26/0.52/74.24 | Ep. 57
Time elapsed: 48.34 min
Epoch: 081/200 | Batch 0000/0063 | Loss: 0.0087
Epoch: 081/200 | Batch 0050/0063 | Loss: 0.0003
MAE/RMSE/ACC: Current Valid: 0.30/0.56/74.24 Ep. 81 | Best Valid: 0.26/0.52/74.24 | Ep. 57
Time elapsed: 48.94 min
Epoch: 082/200 | Batch 0000/0063 | Loss: 0.0023
Epoch: 082/200 | Batch 0050/0063 | Loss: 0.0009
MAE/RMSE/ACC: Current Valid: 0.28/0.55/74.24 Ep. 82 | Best Valid: 0.26/0.52/74.24 | Ep. 57
Time elapsed: 49.54 min
Epoch: 083/200 | Batch 0000/0063 | Loss: 0.0009
Epoch: 083/200 | Batch 0050/0063 | Loss: 0.0072
MAE/RMSE/ACC: Current Valid: 0.29/0.55/74.24 Ep. 83 | Best Valid: 0.26/0.52/74.24 | Ep. 57
Time elapsed: 50.15 min
Epoch: 084/200 | Batch 0000/0063 | Loss: 0.0011
Epoch: 084/200 | Batch 0050/0063 | Loss: 0.0002
MAE/RMSE/ACC: Current Valid: 0.35/0.62/74.24 Ep. 84 | Best Valid: 0.26/0.52/74.24 | Ep. 57
Time elapsed: 50.75 min
Epoch: 085/200 | Batch 0000/0063 | Loss: 0.0006
Epoch: 085/200 | Batch 0050/0063 | Loss: 0.0096
MAE/RMSE/ACC: Current Valid: 0.28/0.55/74.24 Ep. 85 | Best Valid: 0.26/0.52/74.24 | Ep. 57
Time elapsed: 51.35 min
Epoch: 086/200 | Batch 0000/0063 | Loss: 0.0060
Epoch: 086/200 | Batch 0050/0063 | Loss: 0.0009
MAE/RMSE/ACC: Current Valid: 0.31/0.57/74.24 Ep. 86 | Best Valid: 0.26/0.52/74.24 | Ep. 57
Time elapsed: 51.95 min
Epoch: 087/200 | Batch 0000/0063 | Loss: 0.0001
Epoch: 087/200 | Batch 0050/0063 | Loss: 0.0204
MAE/RMSE/ACC: Current Valid: 0.33/0.59/74.24 Ep. 87 | Best Valid: 0.26/0.52/74.24 | Ep. 57
Time elapsed: 52.54 min
Epoch: 088/200 | Batch 0000/0063 | Loss: 0.0026
Epoch: 088/200 | Batch 0050/0063 | Loss: 0.0003
MAE/RMSE/ACC: Current Valid: 0.35/0.61/74.24 Ep. 88 | Best Valid: 0.26/0.52/74.24 | Ep. 57
Time elapsed: 53.15 min
Epoch: 089/200 | Batch 0000/0063 | Loss: 0.0002
Epoch: 089/200 | Batch 0050/0063 | Loss: 0.0034
MAE/RMSE/ACC: Current Valid: 0.33/0.60/74.24 Ep. 89 | Best Valid: 0.26/0.52/74.24 | Ep. 57
Time elapsed: 53.75 min
Epoch: 090/200 | Batch 0000/0063 | Loss: 0.0084
Epoch: 090/200 | Batch 0050/0063 | Loss: 0.0002
MAE/RMSE/ACC: Current Valid: 0.29/0.55/74.24 Ep. 90 | Best Valid: 0.26/0.52/74.24 | Ep. 57
Time elapsed: 54.35 min
Epoch: 091/200 | Batch 0000/0063 | Loss: 0.0003
Epoch: 091/200 | Batch 0050/0063 | Loss: 0.0001
MAE/RMSE/ACC: Current Valid: 0.30/0.56/74.24 Ep. 91 | Best Valid: 0.26/0.52/74.24 | Ep. 57
Time elapsed: 54.95 min
Epoch: 092/200 | Batch 0000/0063 | Loss: 0.0001
Epoch: 092/200 | Batch 0050/0063 | Loss: 0.0003
MAE/RMSE/ACC: Current Valid: 0.32/0.58/74.24 Ep. 92 | Best Valid: 0.26/0.52/74.24 | Ep. 57
Time elapsed: 55.55 min
Epoch: 093/200 | Batch 0000/0063 | Loss: 0.0003
Epoch: 093/200 | Batch 0050/0063 | Loss: 0.0001
MAE/RMSE/ACC: Current Valid: 0.33/0.58/74.24 Ep. 93 | Best Valid: 0.26/0.52/74.24 | Ep. 57
Time elapsed: 56.15 min
Epoch: 094/200 | Batch 0000/0063 | Loss: 0.0000
Epoch: 094/200 | Batch 0050/0063 | Loss: 0.0017
MAE/RMSE/ACC: Current Valid: 0.30/0.56/74.24 Ep. 94 | Best Valid: 0.26/0.52/74.24 | Ep. 57
Time elapsed: 56.75 min
Epoch: 095/200 | Batch 0000/0063 | Loss: 0.0001
Epoch: 095/200 | Batch 0050/0063 | Loss: 0.0002
MAE/RMSE/ACC: Current Valid: 0.31/0.57/74.24 Ep. 95 | Best Valid: 0.26/0.52/74.24 | Ep. 57
Time elapsed: 57.35 min
Epoch: 096/200 | Batch 0000/0063 | Loss: 0.0001
Epoch: 096/200 | Batch 0050/0063 | Loss: 0.0005
MAE/RMSE/ACC: Current Valid: 0.30/0.56/74.24 Ep. 96 | Best Valid: 0.26/0.52/74.24 | Ep. 57
Time elapsed: 57.94 min
Epoch: 097/200 | Batch 0000/0063 | Loss: 0.0025
Epoch: 097/200 | Batch 0050/0063 | Loss: 0.0003
MAE/RMSE/ACC: Current Valid: 0.28/0.54/74.24 Ep. 97 | Best Valid: 0.26/0.52/74.24 | Ep. 57
Time elapsed: 58.54 min
Epoch: 098/200 | Batch 0000/0063 | Loss: 0.0048
Epoch: 098/200 | Batch 0050/0063 | Loss: 0.0001
MAE/RMSE/ACC: Current Valid: 0.31/0.57/74.24 Ep. 98 | Best Valid: 0.26/0.52/74.24 | Ep. 57
Time elapsed: 59.14 min
Epoch: 099/200 | Batch 0000/0063 | Loss: 0.0008
Epoch: 099/200 | Batch 0050/0063 | Loss: 0.0010
MAE/RMSE/ACC: Current Valid: 0.26/0.52/74.24 Ep. 99 | Best Valid: 0.26/0.52/74.24 | Ep. 57
Time elapsed: 59.74 min
Epoch: 100/200 | Batch 0000/0063 | Loss: 0.0003
Epoch: 100/200 | Batch 0050/0063 | Loss: 0.0008
MAE/RMSE/ACC: Current Valid: 0.28/0.54/74.24 Ep. 100 | Best Valid: 0.26/0.52/74.24 | Ep. 57
Time elapsed: 60.34 min
Epoch: 101/200 | Batch 0000/0063 | Loss: 0.0000
Epoch: 101/200 | Batch 0050/0063 | Loss: 0.0081
MAE/RMSE/ACC: Current Valid: 0.28/0.55/74.24 Ep. 101 | Best Valid: 0.26/0.52/74.24 | Ep. 57
Time elapsed: 60.94 min
Epoch: 102/200 | Batch 0000/0063 | Loss: 0.0003
Epoch: 102/200 | Batch 0050/0063 | Loss: 0.0002
MAE/RMSE/ACC: Current Valid: 0.25/0.51/75.25 Ep. 102 | Best Valid: 0.25/0.51/75.25 | Ep. 102
Time elapsed: 61.58 min
Epoch: 103/200 | Batch 0000/0063 | Loss: 0.0055
Epoch: 103/200 | Batch 0050/0063 | Loss: 0.0000
MAE/RMSE/ACC: Current Valid: 0.27/0.53/75.25 Ep. 103 | Best Valid: 0.25/0.51/75.25 | Ep. 102
Time elapsed: 62.18 min
Epoch: 104/200 | Batch 0000/0063 | Loss: 0.0000
Epoch: 104/200 | Batch 0050/0063 | Loss: 0.0000
MAE/RMSE/ACC: Current Valid: 0.28/0.54/75.25 Ep. 104 | Best Valid: 0.25/0.51/75.25 | Ep. 102
Time elapsed: 62.78 min
Epoch: 105/200 | Batch 0000/0063 | Loss: 0.0001
Epoch: 105/200 | Batch 0050/0063 | Loss: 0.0001
MAE/RMSE/ACC: Current Valid: 0.25/0.51/75.76 Ep. 105 | Best Valid: 0.25/0.51/75.76 | Ep. 105
Time elapsed: 63.41 min
Epoch: 106/200 | Batch 0000/0063 | Loss: 0.0002
Epoch: 106/200 | Batch 0050/0063 | Loss: 0.0001
MAE/RMSE/ACC: Current Valid: 0.27/0.53/75.76 Ep. 106 | Best Valid: 0.25/0.51/75.76 | Ep. 105
Time elapsed: 64.01 min
Epoch: 107/200 | Batch 0000/0063 | Loss: 0.0001
Epoch: 107/200 | Batch 0050/0063 | Loss: 0.0001
MAE/RMSE/ACC: Current Valid: 0.24/0.50/76.26 Ep. 107 | Best Valid: 0.24/0.50/76.26 | Ep. 107
Time elapsed: 64.65 min
Epoch: 108/200 | Batch 0000/0063 | Loss: 0.0000
Epoch: 108/200 | Batch 0050/0063 | Loss: 0.0001
MAE/RMSE/ACC: Current Valid: 0.25/0.52/76.26 Ep. 108 | Best Valid: 0.24/0.50/76.26 | Ep. 107
Time elapsed: 65.25 min
Epoch: 109/200 | Batch 0000/0063 | Loss: 0.0000
Epoch: 109/200 | Batch 0050/0063 | Loss: 0.0001
MAE/RMSE/ACC: Current Valid: 0.29/0.55/76.26 Ep. 109 | Best Valid: 0.24/0.50/76.26 | Ep. 107
Time elapsed: 65.84 min
Epoch: 110/200 | Batch 0000/0063 | Loss: 0.0005
Epoch: 110/200 | Batch 0050/0063 | Loss: 0.0017
MAE/RMSE/ACC: Current Valid: 0.27/0.53/76.26 Ep. 110 | Best Valid: 0.24/0.50/76.26 | Ep. 107
Time elapsed: 66.44 min
Epoch: 111/200 | Batch 0000/0063 | Loss: 0.0018
Epoch: 111/200 | Batch 0050/0063 | Loss: 0.0003
MAE/RMSE/ACC: Current Valid: 0.27/0.53/76.26 Ep. 111 | Best Valid: 0.24/0.50/76.26 | Ep. 107
Time elapsed: 67.04 min
Epoch: 112/200 | Batch 0000/0063 | Loss: 0.0000
Epoch: 112/200 | Batch 0050/0063 | Loss: 0.0002
MAE/RMSE/ACC: Current Valid: 0.25/0.51/76.26 Ep. 112 | Best Valid: 0.24/0.50/76.26 | Ep. 107
Time elapsed: 67.65 min
Epoch: 113/200 | Batch 0000/0063 | Loss: 0.0002
Epoch: 113/200 | Batch 0050/0063 | Loss: 0.0249
MAE/RMSE/ACC: Current Valid: 0.30/0.56/76.26 Ep. 113 | Best Valid: 0.24/0.50/76.26 | Ep. 107
Time elapsed: 68.25 min
Epoch: 114/200 | Batch 0000/0063 | Loss: 0.0003
Epoch: 114/200 | Batch 0050/0063 | Loss: 0.0015
MAE/RMSE/ACC: Current Valid: 0.30/0.56/76.26 Ep. 114 | Best Valid: 0.24/0.50/76.26 | Ep. 107
Time elapsed: 68.85 min
Epoch: 115/200 | Batch 0000/0063 | Loss: 0.0006
Epoch: 115/200 | Batch 0050/0063 | Loss: 0.0002
MAE/RMSE/ACC: Current Valid: 0.28/0.55/76.26 Ep. 115 | Best Valid: 0.24/0.50/76.26 | Ep. 107
Time elapsed: 69.45 min
Epoch: 116/200 | Batch 0000/0063 | Loss: 0.0140
Epoch: 116/200 | Batch 0050/0063 | Loss: 0.0037
MAE/RMSE/ACC: Current Valid: 0.27/0.53/76.26 Ep. 116 | Best Valid: 0.24/0.50/76.26 | Ep. 107
Time elapsed: 70.05 min
Epoch: 117/200 | Batch 0000/0063 | Loss: 0.0007
Epoch: 117/200 | Batch 0050/0063 | Loss: 0.0003
MAE/RMSE/ACC: Current Valid: 0.33/0.59/76.26 Ep. 117 | Best Valid: 0.24/0.50/76.26 | Ep. 107
Time elapsed: 70.66 min
Epoch: 118/200 | Batch 0000/0063 | Loss: 0.0002
Epoch: 118/200 | Batch 0050/0063 | Loss: 0.0001
MAE/RMSE/ACC: Current Valid: 0.29/0.56/76.26 Ep. 118 | Best Valid: 0.24/0.50/76.26 | Ep. 107
Time elapsed: 71.27 min
Epoch: 119/200 | Batch 0000/0063 | Loss: 0.0000
Epoch: 119/200 | Batch 0050/0063 | Loss: 0.0001
MAE/RMSE/ACC: Current Valid: 0.29/0.55/76.26 Ep. 119 | Best Valid: 0.24/0.50/76.26 | Ep. 107
Time elapsed: 71.87 min
Epoch: 120/200 | Batch 0000/0063 | Loss: 0.0003
Epoch: 120/200 | Batch 0050/0063 | Loss: 0.0003
MAE/RMSE/ACC: Current Valid: 0.30/0.56/76.26 Ep. 120 | Best Valid: 0.24/0.50/76.26 | Ep. 107
Time elapsed: 72.47 min
Epoch: 121/200 | Batch 0000/0063 | Loss: 0.0002
Epoch: 121/200 | Batch 0050/0063 | Loss: 0.0000
MAE/RMSE/ACC: Current Valid: 0.32/0.57/76.26 Ep. 121 | Best Valid: 0.24/0.50/76.26 | Ep. 107
Time elapsed: 73.08 min
Epoch: 122/200 | Batch 0000/0063 | Loss: 0.0000
Epoch: 122/200 | Batch 0050/0063 | Loss: 0.0000
MAE/RMSE/ACC: Current Valid: 0.30/0.56/76.26 Ep. 122 | Best Valid: 0.24/0.50/76.26 | Ep. 107
Time elapsed: 73.69 min
Epoch: 123/200 | Batch 0000/0063 | Loss: 0.0000
Epoch: 123/200 | Batch 0050/0063 | Loss: 0.0006
MAE/RMSE/ACC: Current Valid: 0.34/0.60/76.26 Ep. 123 | Best Valid: 0.24/0.50/76.26 | Ep. 107
Time elapsed: 74.30 min
Epoch: 124/200 | Batch 0000/0063 | Loss: 0.0005
Epoch: 124/200 | Batch 0050/0063 | Loss: 0.0007
MAE/RMSE/ACC: Current Valid: 0.31/0.58/76.26 Ep. 124 | Best Valid: 0.24/0.50/76.26 | Ep. 107
Time elapsed: 74.90 min
Epoch: 125/200 | Batch 0000/0063 | Loss: 0.0001
Epoch: 125/200 | Batch 0050/0063 | Loss: 0.0008
MAE/RMSE/ACC: Current Valid: 0.31/0.57/76.26 Ep. 125 | Best Valid: 0.24/0.50/76.26 | Ep. 107
Time elapsed: 75.51 min
Epoch: 126/200 | Batch 0000/0063 | Loss: 0.0001
Epoch: 126/200 | Batch 0050/0063 | Loss: 0.0004
MAE/RMSE/ACC: Current Valid: 0.28/0.54/76.26 Ep. 126 | Best Valid: 0.24/0.50/76.26 | Ep. 107
Time elapsed: 76.11 min
Epoch: 127/200 | Batch 0000/0063 | Loss: 0.0011
Epoch: 127/200 | Batch 0050/0063 | Loss: 0.0000
MAE/RMSE/ACC: Current Valid: 0.31/0.59/76.26 Ep. 127 | Best Valid: 0.24/0.50/76.26 | Ep. 107
Time elapsed: 76.71 min
Epoch: 128/200 | Batch 0000/0063 | Loss: 0.0004
Epoch: 128/200 | Batch 0050/0063 | Loss: 0.0001
MAE/RMSE/ACC: Current Valid: 0.32/0.59/76.26 Ep. 128 | Best Valid: 0.24/0.50/76.26 | Ep. 107
Time elapsed: 77.32 min
Epoch: 129/200 | Batch 0000/0063 | Loss: 0.0020
Epoch: 129/200 | Batch 0050/0063 | Loss: 0.0001
MAE/RMSE/ACC: Current Valid: 0.28/0.54/76.26 Ep. 129 | Best Valid: 0.24/0.50/76.26 | Ep. 107
Time elapsed: 77.92 min
Epoch: 130/200 | Batch 0000/0063 | Loss: 0.0000
Epoch: 130/200 | Batch 0050/0063 | Loss: 0.0332
MAE/RMSE/ACC: Current Valid: 0.28/0.55/76.26 Ep. 130 | Best Valid: 0.24/0.50/76.26 | Ep. 107
Time elapsed: 78.52 min
Epoch: 131/200 | Batch 0000/0063 | Loss: 0.0011
Epoch: 131/200 | Batch 0050/0063 | Loss: 0.0008
MAE/RMSE/ACC: Current Valid: 0.27/0.54/76.26 Ep. 131 | Best Valid: 0.24/0.50/76.26 | Ep. 107
Time elapsed: 79.13 min
Epoch: 132/200 | Batch 0000/0063 | Loss: 0.0004
Epoch: 132/200 | Batch 0050/0063 | Loss: 0.0001
MAE/RMSE/ACC: Current Valid: 0.30/0.56/76.26 Ep. 132 | Best Valid: 0.24/0.50/76.26 | Ep. 107
Time elapsed: 79.73 min
Epoch: 133/200 | Batch 0000/0063 | Loss: 0.0014
Epoch: 133/200 | Batch 0050/0063 | Loss: 0.0021
MAE/RMSE/ACC: Current Valid: 0.33/0.60/76.26 Ep. 133 | Best Valid: 0.24/0.50/76.26 | Ep. 107
Time elapsed: 80.33 min
Epoch: 134/200 | Batch 0000/0063 | Loss: 0.0009
Epoch: 134/200 | Batch 0050/0063 | Loss: 0.0013
MAE/RMSE/ACC: Current Valid: 0.33/0.58/76.26 Ep. 134 | Best Valid: 0.24/0.50/76.26 | Ep. 107
Time elapsed: 80.94 min
Epoch: 135/200 | Batch 0000/0063 | Loss: 0.0000
Epoch: 135/200 | Batch 0050/0063 | Loss: 0.0000
MAE/RMSE/ACC: Current Valid: 0.27/0.53/76.26 Ep. 135 | Best Valid: 0.24/0.50/76.26 | Ep. 107
Time elapsed: 81.54 min
Epoch: 136/200 | Batch 0000/0063 | Loss: 0.0048
Epoch: 136/200 | Batch 0050/0063 | Loss: 0.0001
MAE/RMSE/ACC: Current Valid: 0.30/0.56/76.26 Ep. 136 | Best Valid: 0.24/0.50/76.26 | Ep. 107
Time elapsed: 82.15 min
Epoch: 137/200 | Batch 0000/0063 | Loss: 0.0035
Epoch: 137/200 | Batch 0050/0063 | Loss: 0.0000
MAE/RMSE/ACC: Current Valid: 0.30/0.56/76.26 Ep. 137 | Best Valid: 0.24/0.50/76.26 | Ep. 107
Time elapsed: 82.75 min
Epoch: 138/200 | Batch 0000/0063 | Loss: 0.0000
Epoch: 138/200 | Batch 0050/0063 | Loss: 0.0023
MAE/RMSE/ACC: Current Valid: 0.30/0.56/76.26 Ep. 138 | Best Valid: 0.24/0.50/76.26 | Ep. 107
Time elapsed: 83.35 min
Epoch: 139/200 | Batch 0000/0063 | Loss: 0.0001
Epoch: 139/200 | Batch 0050/0063 | Loss: 0.0000
MAE/RMSE/ACC: Current Valid: 0.29/0.56/76.26 Ep. 139 | Best Valid: 0.24/0.50/76.26 | Ep. 107
Time elapsed: 83.96 min
Epoch: 140/200 | Batch 0000/0063 | Loss: 0.0000
Epoch: 140/200 | Batch 0050/0063 | Loss: 0.0004
MAE/RMSE/ACC: Current Valid: 0.31/0.57/76.26 Ep. 140 | Best Valid: 0.24/0.50/76.26 | Ep. 107
Time elapsed: 84.56 min
Epoch: 141/200 | Batch 0000/0063 | Loss: 0.0023
Epoch: 141/200 | Batch 0050/0063 | Loss: 0.0001
MAE/RMSE/ACC: Current Valid: 0.33/0.58/76.26 Ep. 141 | Best Valid: 0.24/0.50/76.26 | Ep. 107
Time elapsed: 85.16 min
Epoch: 142/200 | Batch 0000/0063 | Loss: 0.0002
Epoch: 142/200 | Batch 0050/0063 | Loss: 0.0000
MAE/RMSE/ACC: Current Valid: 0.29/0.55/76.26 Ep. 142 | Best Valid: 0.24/0.50/76.26 | Ep. 107
Time elapsed: 85.76 min
Epoch: 143/200 | Batch 0000/0063 | Loss: 0.0003
Epoch: 143/200 | Batch 0050/0063 | Loss: 0.0006
MAE/RMSE/ACC: Current Valid: 0.34/0.60/76.26 Ep. 143 | Best Valid: 0.24/0.50/76.26 | Ep. 107
Time elapsed: 86.37 min
Epoch: 144/200 | Batch 0000/0063 | Loss: 0.0006
Epoch: 144/200 | Batch 0050/0063 | Loss: 0.0009
MAE/RMSE/ACC: Current Valid: 0.30/0.56/76.26 Ep. 144 | Best Valid: 0.24/0.50/76.26 | Ep. 107
Time elapsed: 86.98 min
Epoch: 145/200 | Batch 0000/0063 | Loss: 0.0008
Epoch: 145/200 | Batch 0050/0063 | Loss: 0.0008
MAE/RMSE/ACC: Current Valid: 0.30/0.56/76.26 Ep. 145 | Best Valid: 0.24/0.50/76.26 | Ep. 107
Time elapsed: 87.58 min
Epoch: 146/200 | Batch 0000/0063 | Loss: 0.0001
Epoch: 146/200 | Batch 0050/0063 | Loss: 0.0006
MAE/RMSE/ACC: Current Valid: 0.30/0.57/76.26 Ep. 146 | Best Valid: 0.24/0.50/76.26 | Ep. 107
Time elapsed: 88.19 min
Epoch: 147/200 | Batch 0000/0063 | Loss: 0.0001
Epoch: 147/200 | Batch 0050/0063 | Loss: 0.0000
MAE/RMSE/ACC: Current Valid: 0.29/0.56/76.26 Ep. 147 | Best Valid: 0.24/0.50/76.26 | Ep. 107
Time elapsed: 88.79 min
Epoch: 148/200 | Batch 0000/0063 | Loss: 0.0000
Epoch: 148/200 | Batch 0050/0063 | Loss: 0.0002
MAE/RMSE/ACC: Current Valid: 0.28/0.54/76.26 Ep. 148 | Best Valid: 0.24/0.50/76.26 | Ep. 107
Time elapsed: 89.39 min
Epoch: 149/200 | Batch 0000/0063 | Loss: 0.0000
Epoch: 149/200 | Batch 0050/0063 | Loss: 0.0000
MAE/RMSE/ACC: Current Valid: 0.30/0.57/76.26 Ep. 149 | Best Valid: 0.24/0.50/76.26 | Ep. 107
Time elapsed: 90.00 min
Epoch: 150/200 | Batch 0000/0063 | Loss: 0.0028
Epoch: 150/200 | Batch 0050/0063 | Loss: 0.0010
MAE/RMSE/ACC: Current Valid: 0.28/0.55/76.26 Ep. 150 | Best Valid: 0.24/0.50/76.26 | Ep. 107
Time elapsed: 90.60 min
Epoch: 151/200 | Batch 0000/0063 | Loss: 0.0000
Epoch: 151/200 | Batch 0050/0063 | Loss: 0.0005
MAE/RMSE/ACC: Current Valid: 0.32/0.58/76.26 Ep. 151 | Best Valid: 0.24/0.50/76.26 | Ep. 107
Time elapsed: 91.20 min
Epoch: 152/200 | Batch 0000/0063 | Loss: 0.0001
Epoch: 152/200 | Batch 0050/0063 | Loss: 0.0001
MAE/RMSE/ACC: Current Valid: 0.29/0.56/76.26 Ep. 152 | Best Valid: 0.24/0.50/76.26 | Ep. 107
Time elapsed: 91.80 min
Epoch: 153/200 | Batch 0000/0063 | Loss: 0.0002
Epoch: 153/200 | Batch 0050/0063 | Loss: 0.0001
MAE/RMSE/ACC: Current Valid: 0.27/0.54/76.26 Ep. 153 | Best Valid: 0.24/0.50/76.26 | Ep. 107
Time elapsed: 92.41 min
Epoch: 154/200 | Batch 0000/0063 | Loss: 0.0002
Epoch: 154/200 | Batch 0050/0063 | Loss: 0.0030
MAE/RMSE/ACC: Current Valid: 0.33/0.60/76.26 Ep. 154 | Best Valid: 0.24/0.50/76.26 | Ep. 107
Time elapsed: 93.01 min
Epoch: 155/200 | Batch 0000/0063 | Loss: 0.0002
Epoch: 155/200 | Batch 0050/0063 | Loss: 0.0522
MAE/RMSE/ACC: Current Valid: 0.30/0.57/76.26 Ep. 155 | Best Valid: 0.24/0.50/76.26 | Ep. 107
Time elapsed: 93.62 min
Epoch: 156/200 | Batch 0000/0063 | Loss: 0.0177
Epoch: 156/200 | Batch 0050/0063 | Loss: 0.0106
MAE/RMSE/ACC: Current Valid: 0.33/0.59/76.26 Ep. 156 | Best Valid: 0.24/0.50/76.26 | Ep. 107
Time elapsed: 94.22 min
Epoch: 157/200 | Batch 0000/0063 | Loss: 0.0001
Epoch: 157/200 | Batch 0050/0063 | Loss: 0.0011
MAE/RMSE/ACC: Current Valid: 0.32/0.59/76.26 Ep. 157 | Best Valid: 0.24/0.50/76.26 | Ep. 107
Time elapsed: 94.82 min
Epoch: 158/200 | Batch 0000/0063 | Loss: 0.0049
Epoch: 158/200 | Batch 0050/0063 | Loss: 0.0005
MAE/RMSE/ACC: Current Valid: 0.24/0.51/76.26 Ep. 158 | Best Valid: 0.24/0.50/76.26 | Ep. 107
Time elapsed: 95.43 min
Epoch: 159/200 | Batch 0000/0063 | Loss: 0.0001
Epoch: 159/200 | Batch 0050/0063 | Loss: 0.0000
MAE/RMSE/ACC: Current Valid: 0.32/0.59/76.26 Ep. 159 | Best Valid: 0.24/0.50/76.26 | Ep. 107
Time elapsed: 96.03 min
Epoch: 160/200 | Batch 0000/0063 | Loss: 0.0002
Epoch: 160/200 | Batch 0050/0063 | Loss: 0.0001
MAE/RMSE/ACC: Current Valid: 0.32/0.58/76.26 Ep. 160 | Best Valid: 0.24/0.50/76.26 | Ep. 107
Time elapsed: 96.63 min
Epoch: 161/200 | Batch 0000/0063 | Loss: 0.0016
Epoch: 161/200 | Batch 0050/0063 | Loss: 0.0003
MAE/RMSE/ACC: Current Valid: 0.33/0.58/76.26 Ep. 161 | Best Valid: 0.24/0.50/76.26 | Ep. 107
Time elapsed: 97.24 min
Epoch: 162/200 | Batch 0000/0063 | Loss: 0.0000
Epoch: 162/200 | Batch 0050/0063 | Loss: 0.0000
MAE/RMSE/ACC: Current Valid: 0.32/0.58/76.26 Ep. 162 | Best Valid: 0.24/0.50/76.26 | Ep. 107
Time elapsed: 97.84 min
Epoch: 163/200 | Batch 0000/0063 | Loss: 0.0002
Epoch: 163/200 | Batch 0050/0063 | Loss: 0.0003
MAE/RMSE/ACC: Current Valid: 0.28/0.54/76.26 Ep. 163 | Best Valid: 0.24/0.50/76.26 | Ep. 107
Time elapsed: 98.44 min
Epoch: 164/200 | Batch 0000/0063 | Loss: 0.0001
Epoch: 164/200 | Batch 0050/0063 | Loss: 0.0001
MAE/RMSE/ACC: Current Valid: 0.26/0.52/76.26 Ep. 164 | Best Valid: 0.24/0.50/76.26 | Ep. 107
Time elapsed: 99.05 min
Epoch: 165/200 | Batch 0000/0063 | Loss: 0.0000
Epoch: 165/200 | Batch 0050/0063 | Loss: 0.0007
MAE/RMSE/ACC: Current Valid: 0.33/0.59/76.26 Ep. 165 | Best Valid: 0.24/0.50/76.26 | Ep. 107
Time elapsed: 99.65 min
Epoch: 166/200 | Batch 0000/0063 | Loss: 0.0006
Epoch: 166/200 | Batch 0050/0063 | Loss: 0.0014
MAE/RMSE/ACC: Current Valid: 0.34/0.60/76.26 Ep. 166 | Best Valid: 0.24/0.50/76.26 | Ep. 107
Time elapsed: 100.25 min
Epoch: 167/200 | Batch 0000/0063 | Loss: 0.0005
Epoch: 167/200 | Batch 0050/0063 | Loss: 0.0037
MAE/RMSE/ACC: Current Valid: 0.29/0.56/76.26 Ep. 167 | Best Valid: 0.24/0.50/76.26 | Ep. 107
Time elapsed: 100.86 min
Epoch: 168/200 | Batch 0000/0063 | Loss: 0.0000
Epoch: 168/200 | Batch 0050/0063 | Loss: 0.0043
MAE/RMSE/ACC: Current Valid: 0.30/0.56/76.26 Ep. 168 | Best Valid: 0.24/0.50/76.26 | Ep. 107
Time elapsed: 101.46 min
Epoch: 169/200 | Batch 0000/0063 | Loss: 0.0045
Epoch: 169/200 | Batch 0050/0063 | Loss: 0.0002
MAE/RMSE/ACC: Current Valid: 0.29/0.55/76.26 Ep. 169 | Best Valid: 0.24/0.50/76.26 | Ep. 107
Time elapsed: 102.06 min
Epoch: 170/200 | Batch 0000/0063 | Loss: 0.0012
Epoch: 170/200 | Batch 0050/0063 | Loss: 0.0007
MAE/RMSE/ACC: Current Valid: 0.30/0.56/76.26 Ep. 170 | Best Valid: 0.24/0.50/76.26 | Ep. 107
Time elapsed: 102.67 min
Epoch: 171/200 | Batch 0000/0063 | Loss: 0.0000
Epoch: 171/200 | Batch 0050/0063 | Loss: 0.0003
MAE/RMSE/ACC: Current Valid: 0.29/0.55/76.26 Ep. 171 | Best Valid: 0.24/0.50/76.26 | Ep. 107
Time elapsed: 103.28 min
Epoch: 172/200 | Batch 0000/0063 | Loss: 0.0040
Epoch: 172/200 | Batch 0050/0063 | Loss: 0.0011
MAE/RMSE/ACC: Current Valid: 0.27/0.53/76.26 Ep. 172 | Best Valid: 0.24/0.50/76.26 | Ep. 107
Time elapsed: 103.88 min
Epoch: 173/200 | Batch 0000/0063 | Loss: 0.0004
Epoch: 173/200 | Batch 0050/0063 | Loss: 0.0000
MAE/RMSE/ACC: Current Valid: 0.27/0.53/76.26 Ep. 173 | Best Valid: 0.24/0.50/76.26 | Ep. 107
Time elapsed: 104.47 min
Epoch: 174/200 | Batch 0000/0063 | Loss: 0.0009
Epoch: 174/200 | Batch 0050/0063 | Loss: 0.0001
MAE/RMSE/ACC: Current Valid: 0.27/0.53/76.26 Ep. 174 | Best Valid: 0.24/0.50/76.26 | Ep. 107
Time elapsed: 105.07 min
Epoch: 175/200 | Batch 0000/0063 | Loss: 0.0000
Epoch: 175/200 | Batch 0050/0063 | Loss: 0.0001
MAE/RMSE/ACC: Current Valid: 0.30/0.56/76.26 Ep. 175 | Best Valid: 0.24/0.50/76.26 | Ep. 107
Time elapsed: 105.67 min
Epoch: 176/200 | Batch 0000/0063 | Loss: 0.0011
Epoch: 176/200 | Batch 0050/0063 | Loss: 0.0000
MAE/RMSE/ACC: Current Valid: 0.28/0.54/76.26 Ep. 176 | Best Valid: 0.24/0.50/76.26 | Ep. 107
Time elapsed: 106.27 min
Epoch: 177/200 | Batch 0000/0063 | Loss: 0.0000
Epoch: 177/200 | Batch 0050/0063 | Loss: 0.0000
MAE/RMSE/ACC: Current Valid: 0.29/0.55/76.26 Ep. 177 | Best Valid: 0.24/0.50/76.26 | Ep. 107
Time elapsed: 106.86 min
Epoch: 178/200 | Batch 0000/0063 | Loss: 0.0000
Epoch: 178/200 | Batch 0050/0063 | Loss: 0.0003
MAE/RMSE/ACC: Current Valid: 0.28/0.55/76.26 Ep. 178 | Best Valid: 0.24/0.50/76.26 | Ep. 107
Time elapsed: 107.46 min
Epoch: 179/200 | Batch 0000/0063 | Loss: 0.0003
Epoch: 179/200 | Batch 0050/0063 | Loss: 0.0001
MAE/RMSE/ACC: Current Valid: 0.32/0.57/76.26 Ep. 179 | Best Valid: 0.24/0.50/76.26 | Ep. 107
Time elapsed: 108.06 min
Epoch: 180/200 | Batch 0000/0063 | Loss: 0.0003
Epoch: 180/200 | Batch 0050/0063 | Loss: 0.0484
MAE/RMSE/ACC: Current Valid: 0.28/0.54/76.26 Ep. 180 | Best Valid: 0.24/0.50/76.26 | Ep. 107
Time elapsed: 108.65 min
Epoch: 181/200 | Batch 0000/0063 | Loss: 0.0000
Epoch: 181/200 | Batch 0050/0063 | Loss: 0.0014
MAE/RMSE/ACC: Current Valid: 0.33/0.58/76.26 Ep. 181 | Best Valid: 0.24/0.50/76.26 | Ep. 107
Time elapsed: 109.25 min
Epoch: 182/200 | Batch 0000/0063 | Loss: 0.0001
Epoch: 182/200 | Batch 0050/0063 | Loss: 0.0016
MAE/RMSE/ACC: Current Valid: 0.28/0.54/76.26 Ep. 182 | Best Valid: 0.24/0.50/76.26 | Ep. 107
Time elapsed: 109.85 min
Epoch: 183/200 | Batch 0000/0063 | Loss: 0.0001
Epoch: 183/200 | Batch 0050/0063 | Loss: 0.0000
MAE/RMSE/ACC: Current Valid: 0.30/0.56/76.26 Ep. 183 | Best Valid: 0.24/0.50/76.26 | Ep. 107
Time elapsed: 110.45 min
Epoch: 184/200 | Batch 0000/0063 | Loss: 0.0000
Epoch: 184/200 | Batch 0050/0063 | Loss: 0.0089
MAE/RMSE/ACC: Current Valid: 0.32/0.57/76.26 Ep. 184 | Best Valid: 0.24/0.50/76.26 | Ep. 107
Time elapsed: 111.04 min
Epoch: 185/200 | Batch 0000/0063 | Loss: 0.0000
Epoch: 185/200 | Batch 0050/0063 | Loss: 0.0008
MAE/RMSE/ACC: Current Valid: 0.31/0.57/76.26 Ep. 185 | Best Valid: 0.24/0.50/76.26 | Ep. 107
Time elapsed: 111.64 min
Epoch: 186/200 | Batch 0000/0063 | Loss: 0.0135
Epoch: 186/200 | Batch 0050/0063 | Loss: 0.0002
MAE/RMSE/ACC: Current Valid: 0.29/0.55/76.26 Ep. 186 | Best Valid: 0.24/0.50/76.26 | Ep. 107
Time elapsed: 112.24 min
Epoch: 187/200 | Batch 0000/0063 | Loss: 0.0002
Epoch: 187/200 | Batch 0050/0063 | Loss: 0.0000
MAE/RMSE/ACC: Current Valid: 0.29/0.55/76.26 Ep. 187 | Best Valid: 0.24/0.50/76.26 | Ep. 107
Time elapsed: 112.84 min
Epoch: 188/200 | Batch 0000/0063 | Loss: 0.0000
Epoch: 188/200 | Batch 0050/0063 | Loss: 0.0001
MAE/RMSE/ACC: Current Valid: 0.28/0.54/76.26 Ep. 188 | Best Valid: 0.24/0.50/76.26 | Ep. 107
Time elapsed: 113.44 min
Epoch: 189/200 | Batch 0000/0063 | Loss: 0.0000
Epoch: 189/200 | Batch 0050/0063 | Loss: 0.0000
MAE/RMSE/ACC: Current Valid: 0.28/0.54/76.26 Ep. 189 | Best Valid: 0.24/0.50/76.26 | Ep. 107
Time elapsed: 114.04 min
Epoch: 190/200 | Batch 0000/0063 | Loss: 0.0001
Epoch: 190/200 | Batch 0050/0063 | Loss: 0.0000
MAE/RMSE/ACC: Current Valid: 0.30/0.56/76.26 Ep. 190 | Best Valid: 0.24/0.50/76.26 | Ep. 107
Time elapsed: 114.64 min
Epoch: 191/200 | Batch 0000/0063 | Loss: 0.0000
Epoch: 191/200 | Batch 0050/0063 | Loss: 0.0000
MAE/RMSE/ACC: Current Valid: 0.28/0.54/76.26 Ep. 191 | Best Valid: 0.24/0.50/76.26 | Ep. 107
Time elapsed: 115.23 min
Epoch: 192/200 | Batch 0000/0063 | Loss: 0.0004
Epoch: 192/200 | Batch 0050/0063 | Loss: 0.0002
MAE/RMSE/ACC: Current Valid: 0.31/0.56/76.26 Ep. 192 | Best Valid: 0.24/0.50/76.26 | Ep. 107
Time elapsed: 115.83 min
Epoch: 193/200 | Batch 0000/0063 | Loss: 0.0001
Epoch: 193/200 | Batch 0050/0063 | Loss: 0.0058
MAE/RMSE/ACC: Current Valid: 0.33/0.59/76.26 Ep. 193 | Best Valid: 0.24/0.50/76.26 | Ep. 107
Time elapsed: 116.43 min
Epoch: 194/200 | Batch 0000/0063 | Loss: 0.0003
Epoch: 194/200 | Batch 0050/0063 | Loss: 0.0067
MAE/RMSE/ACC: Current Valid: 0.30/0.57/76.26 Ep. 194 | Best Valid: 0.24/0.50/76.26 | Ep. 107
Time elapsed: 117.03 min
Epoch: 195/200 | Batch 0000/0063 | Loss: 0.0001
Epoch: 195/200 | Batch 0050/0063 | Loss: 0.0002
MAE/RMSE/ACC: Current Valid: 0.31/0.56/76.26 Ep. 195 | Best Valid: 0.24/0.50/76.26 | Ep. 107
Time elapsed: 117.63 min
Epoch: 196/200 | Batch 0000/0063 | Loss: 0.0001
Epoch: 196/200 | Batch 0050/0063 | Loss: 0.0001
MAE/RMSE/ACC: Current Valid: 0.28/0.54/76.26 Ep. 196 | Best Valid: 0.24/0.50/76.26 | Ep. 107
Time elapsed: 118.22 min
Epoch: 197/200 | Batch 0000/0063 | Loss: 0.0000
Epoch: 197/200 | Batch 0050/0063 | Loss: 0.0006
MAE/RMSE/ACC: Current Valid: 0.28/0.54/76.26 Ep. 197 | Best Valid: 0.24/0.50/76.26 | Ep. 107
Time elapsed: 118.82 min
Epoch: 198/200 | Batch 0000/0063 | Loss: 0.0052
Epoch: 198/200 | Batch 0050/0063 | Loss: 0.0000
MAE/RMSE/ACC: Current Valid: 0.32/0.57/76.26 Ep. 198 | Best Valid: 0.24/0.50/76.26 | Ep. 107
Time elapsed: 119.42 min
Epoch: 199/200 | Batch 0000/0063 | Loss: 0.0015
Epoch: 199/200 | Batch 0050/0063 | Loss: 0.0018
MAE/RMSE/ACC: Current Valid: 0.31/0.57/76.26 Ep. 199 | Best Valid: 0.24/0.50/76.26 | Ep. 107
Time elapsed: 120.02 min
Epoch: 200/200 | Batch 0000/0063 | Loss: 0.0019
Epoch: 200/200 | Batch 0050/0063 | Loss: 0.0008
MAE/RMSE/ACC: Current Valid: 0.29/0.55/76.26 Ep. 200 | Best Valid: 0.24/0.50/76.26 | Ep. 107
Time elapsed: 120.62 min
MAE/RMSE: | Train: 0.00/0.00 | Valid: 0.29/0.55 | Test: 0.30/0.57
ACC: | Train: 100.00 | Valid: 71.21 | Test: 70.72
Total Running Time: 121.02 min
MAE/RMSE: | Best Train: 0.00/0.00 | Best Valid: 0.24/0.50 | Best Test: 0.28/0.56
ACC: | Best Train: 100.00 | Best Valid: 76.26 | Best Test: 73.36
Total Running Time: 121.41 min
