This script: resnet34_conditional-v3.py
PyTorch Version: 1.8.1
CUDA device: cuda:3
CUDA version: 11.1
Random seed: 2
Learning rate: 0.0005
Epochs: 50
Batch size: 16
Output path: runs/morph2-balanced/resnet34_conditional-v3-imp0-seed2-epochs50-batchsize16_best-rmse
Epoch: 001/050 | Batch 0000/1289 | Loss: 0.6846
Epoch: 001/050 | Batch 0050/1289 | Loss: 0.2379
Epoch: 001/050 | Batch 0100/1289 | Loss: 0.2182
Epoch: 001/050 | Batch 0150/1289 | Loss: 0.2153
Epoch: 001/050 | Batch 0200/1289 | Loss: 0.2288
Epoch: 001/050 | Batch 0250/1289 | Loss: 0.1640
Epoch: 001/050 | Batch 0300/1289 | Loss: 0.1698
Epoch: 001/050 | Batch 0350/1289 | Loss: 0.1964
Epoch: 001/050 | Batch 0400/1289 | Loss: 0.1960
Epoch: 001/050 | Batch 0450/1289 | Loss: 0.1677
Epoch: 001/050 | Batch 0500/1289 | Loss: 0.2264
Epoch: 001/050 | Batch 0550/1289 | Loss: 0.1826
Epoch: 001/050 | Batch 0600/1289 | Loss: 0.2142
Epoch: 001/050 | Batch 0650/1289 | Loss: 0.1875
Epoch: 001/050 | Batch 0700/1289 | Loss: 0.1933
Epoch: 001/050 | Batch 0750/1289 | Loss: 0.1848
Epoch: 001/050 | Batch 0800/1289 | Loss: 0.1790
Epoch: 001/050 | Batch 0850/1289 | Loss: 0.1470
Epoch: 001/050 | Batch 0900/1289 | Loss: 0.2571
Epoch: 001/050 | Batch 0950/1289 | Loss: 0.1855
Epoch: 001/050 | Batch 1000/1289 | Loss: 0.2022
Epoch: 001/050 | Batch 1050/1289 | Loss: 0.1388
Epoch: 001/050 | Batch 1100/1289 | Loss: 0.1487
Epoch: 001/050 | Batch 1150/1289 | Loss: 0.2280
Epoch: 001/050 | Batch 1200/1289 | Loss: 0.1704
Epoch: 001/050 | Batch 1250/1289 | Loss: 0.1714
MAE/RMSE/ACC: Current Valid: 5.35/6.71/6.17 Ep. 1 | Best Valid: 5.35/6.71/6.17 | Ep. 1
Time elapsed: 2.19 min
Epoch: 002/050 | Batch 0000/1289 | Loss: 0.1940
Epoch: 002/050 | Batch 0050/1289 | Loss: 0.1652
Epoch: 002/050 | Batch 0100/1289 | Loss: 0.2707
Epoch: 002/050 | Batch 0150/1289 | Loss: 0.1599
Epoch: 002/050 | Batch 0200/1289 | Loss: 0.1465
Epoch: 002/050 | Batch 0250/1289 | Loss: 0.1858
Epoch: 002/050 | Batch 0300/1289 | Loss: 0.2435
Epoch: 002/050 | Batch 0350/1289 | Loss: 0.1707
Epoch: 002/050 | Batch 0400/1289 | Loss: 0.1979
Epoch: 002/050 | Batch 0450/1289 | Loss: 0.2120
Epoch: 002/050 | Batch 0500/1289 | Loss: 0.1906
Epoch: 002/050 | Batch 0550/1289 | Loss: 0.1610
Epoch: 002/050 | Batch 0600/1289 | Loss: 0.2260
Epoch: 002/050 | Batch 0650/1289 | Loss: 0.1653
Epoch: 002/050 | Batch 0700/1289 | Loss: 0.1823
Epoch: 002/050 | Batch 0750/1289 | Loss: 0.1708
Epoch: 002/050 | Batch 0800/1289 | Loss: 0.1955
Epoch: 002/050 | Batch 0850/1289 | Loss: 0.2024
Epoch: 002/050 | Batch 0900/1289 | Loss: 0.1573
Epoch: 002/050 | Batch 0950/1289 | Loss: 0.1832
Epoch: 002/050 | Batch 1000/1289 | Loss: 0.1487
Epoch: 002/050 | Batch 1050/1289 | Loss: 0.2300
Epoch: 002/050 | Batch 1100/1289 | Loss: 0.2088
Epoch: 002/050 | Batch 1150/1289 | Loss: 0.1833
Epoch: 002/050 | Batch 1200/1289 | Loss: 0.1579
Epoch: 002/050 | Batch 1250/1289 | Loss: 0.1630
MAE/RMSE/ACC: Current Valid: 5.31/6.93/6.17 Ep. 2 | Best Valid: 5.35/6.71/6.17 | Ep. 1
Time elapsed: 4.33 min
Epoch: 003/050 | Batch 0000/1289 | Loss: 0.2815
Epoch: 003/050 | Batch 0050/1289 | Loss: 0.1838
Epoch: 003/050 | Batch 0100/1289 | Loss: 0.2029
Epoch: 003/050 | Batch 0150/1289 | Loss: 0.1998
Epoch: 003/050 | Batch 0200/1289 | Loss: 0.1626
Epoch: 003/050 | Batch 0250/1289 | Loss: 0.1648
Epoch: 003/050 | Batch 0300/1289 | Loss: 0.1602
Epoch: 003/050 | Batch 0350/1289 | Loss: 0.1673
Epoch: 003/050 | Batch 0400/1289 | Loss: 0.2541
Epoch: 003/050 | Batch 0450/1289 | Loss: 0.1820
Epoch: 003/050 | Batch 0500/1289 | Loss: 0.1422
Epoch: 003/050 | Batch 0550/1289 | Loss: 0.1848
Epoch: 003/050 | Batch 0600/1289 | Loss: 0.1945
Epoch: 003/050 | Batch 0650/1289 | Loss: 0.1745
Epoch: 003/050 | Batch 0700/1289 | Loss: 0.2294
Epoch: 003/050 | Batch 0750/1289 | Loss: 0.1637
Epoch: 003/050 | Batch 0800/1289 | Loss: 0.1925
Epoch: 003/050 | Batch 0850/1289 | Loss: 0.1488
Epoch: 003/050 | Batch 0900/1289 | Loss: 0.1760
Epoch: 003/050 | Batch 0950/1289 | Loss: 0.1910
Epoch: 003/050 | Batch 1000/1289 | Loss: 0.3399
Epoch: 003/050 | Batch 1050/1289 | Loss: 0.1649
Epoch: 003/050 | Batch 1100/1289 | Loss: 0.1440
Epoch: 003/050 | Batch 1150/1289 | Loss: 0.1606
Epoch: 003/050 | Batch 1200/1289 | Loss: 0.1577
Epoch: 003/050 | Batch 1250/1289 | Loss: 0.2311
MAE/RMSE/ACC: Current Valid: 3.78/4.82/8.02 Ep. 3 | Best Valid: 3.78/4.82/8.02 | Ep. 3
Time elapsed: 6.48 min
Epoch: 004/050 | Batch 0000/1289 | Loss: 0.1916
Epoch: 004/050 | Batch 0050/1289 | Loss: 0.1937
Epoch: 004/050 | Batch 0100/1289 | Loss: 0.2138
Epoch: 004/050 | Batch 0150/1289 | Loss: 0.2055
Epoch: 004/050 | Batch 0200/1289 | Loss: 0.1865
Epoch: 004/050 | Batch 0250/1289 | Loss: 0.1670
Epoch: 004/050 | Batch 0300/1289 | Loss: 0.1960
Epoch: 004/050 | Batch 0350/1289 | Loss: 0.1581
Epoch: 004/050 | Batch 0400/1289 | Loss: 0.1461
Epoch: 004/050 | Batch 0450/1289 | Loss: 0.1770
Epoch: 004/050 | Batch 0500/1289 | Loss: 0.1411
Epoch: 004/050 | Batch 0550/1289 | Loss: 0.1407
Epoch: 004/050 | Batch 0600/1289 | Loss: 0.2213
Epoch: 004/050 | Batch 0650/1289 | Loss: 0.2030
Epoch: 004/050 | Batch 0700/1289 | Loss: 0.1387
Epoch: 004/050 | Batch 0750/1289 | Loss: 0.1757
Epoch: 004/050 | Batch 0800/1289 | Loss: 0.1923
Epoch: 004/050 | Batch 0850/1289 | Loss: 0.1654
Epoch: 004/050 | Batch 0900/1289 | Loss: 0.2027
Epoch: 004/050 | Batch 0950/1289 | Loss: 0.2217
Epoch: 004/050 | Batch 1000/1289 | Loss: 0.1463
Epoch: 004/050 | Batch 1050/1289 | Loss: 0.2271
Epoch: 004/050 | Batch 1100/1289 | Loss: 0.1728
Epoch: 004/050 | Batch 1150/1289 | Loss: 0.2076
Epoch: 004/050 | Batch 1200/1289 | Loss: 0.2113
Epoch: 004/050 | Batch 1250/1289 | Loss: 0.1927
MAE/RMSE/ACC: Current Valid: 3.71/4.91/8.02 Ep. 4 | Best Valid: 3.78/4.82/8.02 | Ep. 3
Time elapsed: 8.62 min
Epoch: 005/050 | Batch 0000/1289 | Loss: 0.1520
Epoch: 005/050 | Batch 0050/1289 | Loss: 0.1539
Epoch: 005/050 | Batch 0100/1289 | Loss: 0.2348
Epoch: 005/050 | Batch 0150/1289 | Loss: 0.1478
Epoch: 005/050 | Batch 0200/1289 | Loss: 0.1731
Epoch: 005/050 | Batch 0250/1289 | Loss: 0.1384
Epoch: 005/050 | Batch 0300/1289 | Loss: 0.1541
Epoch: 005/050 | Batch 0350/1289 | Loss: 0.1300
Epoch: 005/050 | Batch 0400/1289 | Loss: 0.1799
Epoch: 005/050 | Batch 0450/1289 | Loss: 0.1737
Epoch: 005/050 | Batch 0500/1289 | Loss: 0.2018
Epoch: 005/050 | Batch 0550/1289 | Loss: 0.1758
Epoch: 005/050 | Batch 0600/1289 | Loss: 0.1599
Epoch: 005/050 | Batch 0650/1289 | Loss: 0.1549
Epoch: 005/050 | Batch 0700/1289 | Loss: 0.1772
Epoch: 005/050 | Batch 0750/1289 | Loss: 0.1879
Epoch: 005/050 | Batch 0800/1289 | Loss: 0.1522
Epoch: 005/050 | Batch 0850/1289 | Loss: 0.1488
Epoch: 005/050 | Batch 0900/1289 | Loss: 0.1774
Epoch: 005/050 | Batch 0950/1289 | Loss: 0.1531
Epoch: 005/050 | Batch 1000/1289 | Loss: 0.1539
Epoch: 005/050 | Batch 1050/1289 | Loss: 0.1847
Epoch: 005/050 | Batch 1100/1289 | Loss: 0.1489
Epoch: 005/050 | Batch 1150/1289 | Loss: 0.1313
Epoch: 005/050 | Batch 1200/1289 | Loss: 0.1434
Epoch: 005/050 | Batch 1250/1289 | Loss: 0.1798
MAE/RMSE/ACC: Current Valid: 3.76/4.78/8.56 Ep. 5 | Best Valid: 3.76/4.78/8.56 | Ep. 5
Time elapsed: 10.75 min
Epoch: 006/050 | Batch 0000/1289 | Loss: 0.1556
Epoch: 006/050 | Batch 0050/1289 | Loss: 0.1265
Epoch: 006/050 | Batch 0100/1289 | Loss: 0.1245
Epoch: 006/050 | Batch 0150/1289 | Loss: 0.1533
Epoch: 006/050 | Batch 0200/1289 | Loss: 0.1701
Epoch: 006/050 | Batch 0250/1289 | Loss: 0.2072
Epoch: 006/050 | Batch 0300/1289 | Loss: 0.1626
Epoch: 006/050 | Batch 0350/1289 | Loss: 0.1424
Epoch: 006/050 | Batch 0400/1289 | Loss: 0.2201
Epoch: 006/050 | Batch 0450/1289 | Loss: 0.2395
Epoch: 006/050 | Batch 0500/1289 | Loss: 0.1547
Epoch: 006/050 | Batch 0550/1289 | Loss: 0.1535
Epoch: 006/050 | Batch 0600/1289 | Loss: 0.2464
Epoch: 006/050 | Batch 0650/1289 | Loss: 0.1851
Epoch: 006/050 | Batch 0700/1289 | Loss: 0.1884
Epoch: 006/050 | Batch 0750/1289 | Loss: 0.1654
Epoch: 006/050 | Batch 0800/1289 | Loss: 0.1547
Epoch: 006/050 | Batch 0850/1289 | Loss: 0.1497
Epoch: 006/050 | Batch 0900/1289 | Loss: 0.1548
Epoch: 006/050 | Batch 0950/1289 | Loss: 0.1534
Epoch: 006/050 | Batch 1000/1289 | Loss: 0.1286
Epoch: 006/050 | Batch 1050/1289 | Loss: 0.1787
Epoch: 006/050 | Batch 1100/1289 | Loss: 0.1502
Epoch: 006/050 | Batch 1150/1289 | Loss: 0.2046
Epoch: 006/050 | Batch 1200/1289 | Loss: 0.1770
Epoch: 006/050 | Batch 1250/1289 | Loss: 0.1912
MAE/RMSE/ACC: Current Valid: 3.61/4.72/9.06 Ep. 6 | Best Valid: 3.61/4.72/9.06 | Ep. 6
Time elapsed: 12.89 min
Epoch: 007/050 | Batch 0000/1289 | Loss: 0.1581
Epoch: 007/050 | Batch 0050/1289 | Loss: 0.1385
Epoch: 007/050 | Batch 0100/1289 | Loss: 0.1953
Epoch: 007/050 | Batch 0150/1289 | Loss: 0.1361
Epoch: 007/050 | Batch 0200/1289 | Loss: 0.2051
Epoch: 007/050 | Batch 0250/1289 | Loss: 0.1442
Epoch: 007/050 | Batch 0300/1289 | Loss: 0.1554
Epoch: 007/050 | Batch 0350/1289 | Loss: 0.1613
Epoch: 007/050 | Batch 0400/1289 | Loss: 0.1863
Epoch: 007/050 | Batch 0450/1289 | Loss: 0.1888
Epoch: 007/050 | Batch 0500/1289 | Loss: 0.1910
Epoch: 007/050 | Batch 0550/1289 | Loss: 0.1710
Epoch: 007/050 | Batch 0600/1289 | Loss: 0.1406
Epoch: 007/050 | Batch 0650/1289 | Loss: 0.2004
Epoch: 007/050 | Batch 0700/1289 | Loss: 0.2337
Epoch: 007/050 | Batch 0750/1289 | Loss: 0.1662
Epoch: 007/050 | Batch 0800/1289 | Loss: 0.2154
Epoch: 007/050 | Batch 0850/1289 | Loss: 0.2001
Epoch: 007/050 | Batch 0900/1289 | Loss: 0.1921
Epoch: 007/050 | Batch 0950/1289 | Loss: 0.1529
Epoch: 007/050 | Batch 1000/1289 | Loss: 0.1772
Epoch: 007/050 | Batch 1050/1289 | Loss: 0.1779
Epoch: 007/050 | Batch 1100/1289 | Loss: 0.1333
Epoch: 007/050 | Batch 1150/1289 | Loss: 0.1529
Epoch: 007/050 | Batch 1200/1289 | Loss: 0.1716
Epoch: 007/050 | Batch 1250/1289 | Loss: 0.1829
MAE/RMSE/ACC: Current Valid: 3.74/4.89/9.06 Ep. 7 | Best Valid: 3.61/4.72/9.06 | Ep. 6
Time elapsed: 15.04 min
Epoch: 008/050 | Batch 0000/1289 | Loss: 0.1456
Epoch: 008/050 | Batch 0050/1289 | Loss: 0.1563
Epoch: 008/050 | Batch 0100/1289 | Loss: 0.1461
Epoch: 008/050 | Batch 0150/1289 | Loss: 0.2125
Epoch: 008/050 | Batch 0200/1289 | Loss: 0.1216
Epoch: 008/050 | Batch 0250/1289 | Loss: 0.1702
Epoch: 008/050 | Batch 0300/1289 | Loss: 0.1624
Epoch: 008/050 | Batch 0350/1289 | Loss: 0.1476
Epoch: 008/050 | Batch 0400/1289 | Loss: 0.1719
Epoch: 008/050 | Batch 0450/1289 | Loss: 0.2381
Epoch: 008/050 | Batch 0500/1289 | Loss: 0.1310
Epoch: 008/050 | Batch 0550/1289 | Loss: 0.2379
Epoch: 008/050 | Batch 0600/1289 | Loss: 0.1954
Epoch: 008/050 | Batch 0650/1289 | Loss: 0.1306
Epoch: 008/050 | Batch 0700/1289 | Loss: 0.1664
Epoch: 008/050 | Batch 0750/1289 | Loss: 0.1659
Epoch: 008/050 | Batch 0800/1289 | Loss: 0.1616
Epoch: 008/050 | Batch 0850/1289 | Loss: 0.1677
Epoch: 008/050 | Batch 0900/1289 | Loss: 0.1384
Epoch: 008/050 | Batch 0950/1289 | Loss: 0.1723
Epoch: 008/050 | Batch 1000/1289 | Loss: 0.1604
Epoch: 008/050 | Batch 1050/1289 | Loss: 0.2075
Epoch: 008/050 | Batch 1100/1289 | Loss: 0.1535
Epoch: 008/050 | Batch 1150/1289 | Loss: 0.1397
Epoch: 008/050 | Batch 1200/1289 | Loss: 0.2116
Epoch: 008/050 | Batch 1250/1289 | Loss: 0.2019
MAE/RMSE/ACC: Current Valid: 7.75/9.69/9.06 Ep. 8 | Best Valid: 3.61/4.72/9.06 | Ep. 6
Time elapsed: 17.17 min
Epoch: 009/050 | Batch 0000/1289 | Loss: 0.1685
Epoch: 009/050 | Batch 0050/1289 | Loss: 0.1284
Epoch: 009/050 | Batch 0100/1289 | Loss: 0.1469
Epoch: 009/050 | Batch 0150/1289 | Loss: 0.1567
Epoch: 009/050 | Batch 0200/1289 | Loss: 0.1573
Epoch: 009/050 | Batch 0250/1289 | Loss: 0.1274
Epoch: 009/050 | Batch 0300/1289 | Loss: 0.1554
Epoch: 009/050 | Batch 0350/1289 | Loss: 0.1407
Epoch: 009/050 | Batch 0400/1289 | Loss: 0.1328
Epoch: 009/050 | Batch 0450/1289 | Loss: 0.1566
Epoch: 009/050 | Batch 0500/1289 | Loss: 0.1676
Epoch: 009/050 | Batch 0550/1289 | Loss: 0.1671
Epoch: 009/050 | Batch 0600/1289 | Loss: 0.1722
Epoch: 009/050 | Batch 0650/1289 | Loss: 0.1943
Epoch: 009/050 | Batch 0700/1289 | Loss: 0.2087
Epoch: 009/050 | Batch 0750/1289 | Loss: 0.1531
Epoch: 009/050 | Batch 0800/1289 | Loss: 0.1358
Epoch: 009/050 | Batch 0850/1289 | Loss: 0.1720
Epoch: 009/050 | Batch 0900/1289 | Loss: 0.1658
Epoch: 009/050 | Batch 0950/1289 | Loss: 0.1878
Epoch: 009/050 | Batch 1000/1289 | Loss: 0.1509
Epoch: 009/050 | Batch 1050/1289 | Loss: 0.1878
Epoch: 009/050 | Batch 1100/1289 | Loss: 0.1699
Epoch: 009/050 | Batch 1150/1289 | Loss: 0.1625
Epoch: 009/050 | Batch 1200/1289 | Loss: 0.1204
Epoch: 009/050 | Batch 1250/1289 | Loss: 0.1589
MAE/RMSE/ACC: Current Valid: 3.41/4.48/10.88 Ep. 9 | Best Valid: 3.41/4.48/10.88 | Ep. 9
Time elapsed: 19.30 min
Epoch: 010/050 | Batch 0000/1289 | Loss: 0.1668
Epoch: 010/050 | Batch 0050/1289 | Loss: 0.1862
Epoch: 010/050 | Batch 0100/1289 | Loss: 0.2669
Epoch: 010/050 | Batch 0150/1289 | Loss: 0.1657
Epoch: 010/050 | Batch 0200/1289 | Loss: 0.1560
Epoch: 010/050 | Batch 0250/1289 | Loss: 0.1296
Epoch: 010/050 | Batch 0300/1289 | Loss: 0.2071
Epoch: 010/050 | Batch 0350/1289 | Loss: 0.1931
Epoch: 010/050 | Batch 0400/1289 | Loss: 0.1420
Epoch: 010/050 | Batch 0450/1289 | Loss: 0.1018
Epoch: 010/050 | Batch 0500/1289 | Loss: 0.1307
Epoch: 010/050 | Batch 0550/1289 | Loss: 0.1711
Epoch: 010/050 | Batch 0600/1289 | Loss: 0.1380
Epoch: 010/050 | Batch 0650/1289 | Loss: 0.1699
Epoch: 010/050 | Batch 0700/1289 | Loss: 0.1745
Epoch: 010/050 | Batch 0750/1289 | Loss: 0.1287
Epoch: 010/050 | Batch 0800/1289 | Loss: 0.1431
Epoch: 010/050 | Batch 0850/1289 | Loss: 0.1304
Epoch: 010/050 | Batch 0900/1289 | Loss: 0.1478
Epoch: 010/050 | Batch 0950/1289 | Loss: 0.1177
Epoch: 010/050 | Batch 1000/1289 | Loss: 0.1551
Epoch: 010/050 | Batch 1050/1289 | Loss: 0.1622
Epoch: 010/050 | Batch 1100/1289 | Loss: 0.1827
Epoch: 010/050 | Batch 1150/1289 | Loss: 0.1801
Epoch: 010/050 | Batch 1200/1289 | Loss: 0.2247
Epoch: 010/050 | Batch 1250/1289 | Loss: 0.1594
MAE/RMSE/ACC: Current Valid: 3.75/4.87/10.88 Ep. 10 | Best Valid: 3.41/4.48/10.88 | Ep. 9
Time elapsed: 21.43 min
Epoch: 011/050 | Batch 0000/1289 | Loss: 0.1496
Epoch: 011/050 | Batch 0050/1289 | Loss: 0.1422
Epoch: 011/050 | Batch 0100/1289 | Loss: 0.1601
Epoch: 011/050 | Batch 0150/1289 | Loss: 0.1375
Epoch: 011/050 | Batch 0200/1289 | Loss: 0.1561
Epoch: 011/050 | Batch 0250/1289 | Loss: 0.1744
Epoch: 011/050 | Batch 0300/1289 | Loss: 0.1566
Epoch: 011/050 | Batch 0350/1289 | Loss: 0.2197
Epoch: 011/050 | Batch 0400/1289 | Loss: 0.1346
Epoch: 011/050 | Batch 0450/1289 | Loss: 0.1605
Epoch: 011/050 | Batch 0500/1289 | Loss: 0.1616
Epoch: 011/050 | Batch 0550/1289 | Loss: 0.1659
Epoch: 011/050 | Batch 0600/1289 | Loss: 0.1367
Epoch: 011/050 | Batch 0650/1289 | Loss: 0.1634
Epoch: 011/050 | Batch 0700/1289 | Loss: 0.1677
Epoch: 011/050 | Batch 0750/1289 | Loss: 0.1247
Epoch: 011/050 | Batch 0800/1289 | Loss: 0.1477
Epoch: 011/050 | Batch 0850/1289 | Loss: 0.1629
Epoch: 011/050 | Batch 0900/1289 | Loss: 0.2070
Epoch: 011/050 | Batch 0950/1289 | Loss: 0.1799
Epoch: 011/050 | Batch 1000/1289 | Loss: 0.1783
Epoch: 011/050 | Batch 1050/1289 | Loss: 0.2235
Epoch: 011/050 | Batch 1100/1289 | Loss: 0.1733
Epoch: 011/050 | Batch 1150/1289 | Loss: 0.1495
Epoch: 011/050 | Batch 1200/1289 | Loss: 0.1864
Epoch: 011/050 | Batch 1250/1289 | Loss: 0.1552
MAE/RMSE/ACC: Current Valid: 3.08/4.10/11.34 Ep. 11 | Best Valid: 3.08/4.10/11.34 | Ep. 11
Time elapsed: 23.55 min
Epoch: 012/050 | Batch 0000/1289 | Loss: 0.1744
Epoch: 012/050 | Batch 0050/1289 | Loss: 0.1380
Epoch: 012/050 | Batch 0100/1289 | Loss: 0.1407
Epoch: 012/050 | Batch 0150/1289 | Loss: 0.1527
Epoch: 012/050 | Batch 0200/1289 | Loss: 0.1348
Epoch: 012/050 | Batch 0250/1289 | Loss: 0.2127
Epoch: 012/050 | Batch 0300/1289 | Loss: 0.1879
Epoch: 012/050 | Batch 0350/1289 | Loss: 0.1716
Epoch: 012/050 | Batch 0400/1289 | Loss: 0.1536
Epoch: 012/050 | Batch 0450/1289 | Loss: 0.1246
Epoch: 012/050 | Batch 0500/1289 | Loss: 0.1631
Epoch: 012/050 | Batch 0550/1289 | Loss: 0.2552
Epoch: 012/050 | Batch 0600/1289 | Loss: 0.1296
Epoch: 012/050 | Batch 0650/1289 | Loss: 0.1507
Epoch: 012/050 | Batch 0700/1289 | Loss: 0.1905
Epoch: 012/050 | Batch 0750/1289 | Loss: 0.1078
Epoch: 012/050 | Batch 0800/1289 | Loss: 0.1469
Epoch: 012/050 | Batch 0850/1289 | Loss: 0.1318
Epoch: 012/050 | Batch 0900/1289 | Loss: 0.1379
Epoch: 012/050 | Batch 0950/1289 | Loss: 0.1421
Epoch: 012/050 | Batch 1000/1289 | Loss: 0.1435
Epoch: 012/050 | Batch 1050/1289 | Loss: 0.1502
Epoch: 012/050 | Batch 1100/1289 | Loss: 0.2035
Epoch: 012/050 | Batch 1150/1289 | Loss: 0.1753
Epoch: 012/050 | Batch 1200/1289 | Loss: 0.1656
Epoch: 012/050 | Batch 1250/1289 | Loss: 0.1602
MAE/RMSE/ACC: Current Valid: 3.40/4.48/11.34 Ep. 12 | Best Valid: 3.08/4.10/11.34 | Ep. 11
Time elapsed: 25.73 min
Epoch: 013/050 | Batch 0000/1289 | Loss: 0.1401
Epoch: 013/050 | Batch 0050/1289 | Loss: 0.1392
Epoch: 013/050 | Batch 0100/1289 | Loss: 0.1381
Epoch: 013/050 | Batch 0150/1289 | Loss: 0.1718
Epoch: 013/050 | Batch 0200/1289 | Loss: 0.1803
Epoch: 013/050 | Batch 0250/1289 | Loss: 0.1840
Epoch: 013/050 | Batch 0300/1289 | Loss: 0.1274
Epoch: 013/050 | Batch 0350/1289 | Loss: 0.1349
Epoch: 013/050 | Batch 0400/1289 | Loss: 0.1130
Epoch: 013/050 | Batch 0450/1289 | Loss: 0.1231
Epoch: 013/050 | Batch 0500/1289 | Loss: 0.1869
Epoch: 013/050 | Batch 0550/1289 | Loss: 0.1814
Epoch: 013/050 | Batch 0600/1289 | Loss: 0.1634
Epoch: 013/050 | Batch 0650/1289 | Loss: 0.1389
Epoch: 013/050 | Batch 0700/1289 | Loss: 0.1529
Epoch: 013/050 | Batch 0750/1289 | Loss: 0.1324
Epoch: 013/050 | Batch 0800/1289 | Loss: 0.1652
Epoch: 013/050 | Batch 0850/1289 | Loss: 0.1416
Epoch: 013/050 | Batch 0900/1289 | Loss: 0.1619
Epoch: 013/050 | Batch 0950/1289 | Loss: 0.1297
Epoch: 013/050 | Batch 1000/1289 | Loss: 0.1427
Epoch: 013/050 | Batch 1050/1289 | Loss: 0.1584
Epoch: 013/050 | Batch 1100/1289 | Loss: 0.1618
Epoch: 013/050 | Batch 1150/1289 | Loss: 0.1434
Epoch: 013/050 | Batch 1200/1289 | Loss: 0.2074
Epoch: 013/050 | Batch 1250/1289 | Loss: 0.1527
MAE/RMSE/ACC: Current Valid: 3.63/4.69/11.34 Ep. 13 | Best Valid: 3.08/4.10/11.34 | Ep. 11
Time elapsed: 27.84 min
Epoch: 014/050 | Batch 0000/1289 | Loss: 0.1354
Epoch: 014/050 | Batch 0050/1289 | Loss: 0.1747
Epoch: 014/050 | Batch 0100/1289 | Loss: 0.1724
Epoch: 014/050 | Batch 0150/1289 | Loss: 0.1582
Epoch: 014/050 | Batch 0200/1289 | Loss: 0.1711
Epoch: 014/050 | Batch 0250/1289 | Loss: 0.1354
Epoch: 014/050 | Batch 0300/1289 | Loss: 0.1385
Epoch: 014/050 | Batch 0350/1289 | Loss: 0.1504
Epoch: 014/050 | Batch 0400/1289 | Loss: 0.1354
Epoch: 014/050 | Batch 0450/1289 | Loss: 0.1127
Epoch: 014/050 | Batch 0500/1289 | Loss: 0.1182
Epoch: 014/050 | Batch 0550/1289 | Loss: 0.1683
Epoch: 014/050 | Batch 0600/1289 | Loss: 0.1310
Epoch: 014/050 | Batch 0650/1289 | Loss: 0.1841
Epoch: 014/050 | Batch 0700/1289 | Loss: 0.1089
Epoch: 014/050 | Batch 0750/1289 | Loss: 0.1449
Epoch: 014/050 | Batch 0800/1289 | Loss: 0.1543
Epoch: 014/050 | Batch 0850/1289 | Loss: 0.1602
Epoch: 014/050 | Batch 0900/1289 | Loss: 0.1281
Epoch: 014/050 | Batch 0950/1289 | Loss: 0.1769
Epoch: 014/050 | Batch 1000/1289 | Loss: 0.1399
Epoch: 014/050 | Batch 1050/1289 | Loss: 0.1439
Epoch: 014/050 | Batch 1100/1289 | Loss: 0.1651
Epoch: 014/050 | Batch 1150/1289 | Loss: 0.1722
Epoch: 014/050 | Batch 1200/1289 | Loss: 0.1544
Epoch: 014/050 | Batch 1250/1289 | Loss: 0.1626
MAE/RMSE/ACC: Current Valid: 3.30/4.33/11.34 Ep. 14 | Best Valid: 3.08/4.10/11.34 | Ep. 11
Time elapsed: 29.98 min
Epoch: 015/050 | Batch 0000/1289 | Loss: 0.1402
Epoch: 015/050 | Batch 0050/1289 | Loss: 0.1467
Epoch: 015/050 | Batch 0100/1289 | Loss: 0.1254
Epoch: 015/050 | Batch 0150/1289 | Loss: 0.1303
Epoch: 015/050 | Batch 0200/1289 | Loss: 0.1265
Epoch: 015/050 | Batch 0250/1289 | Loss: 0.1415
Epoch: 015/050 | Batch 0300/1289 | Loss: 0.1411
Epoch: 015/050 | Batch 0350/1289 | Loss: 0.1610
Epoch: 015/050 | Batch 0400/1289 | Loss: 0.1166
Epoch: 015/050 | Batch 0450/1289 | Loss: 0.1485
Epoch: 015/050 | Batch 0500/1289 | Loss: 0.1463
Epoch: 015/050 | Batch 0550/1289 | Loss: 0.1472
Epoch: 015/050 | Batch 0600/1289 | Loss: 0.1588
Epoch: 015/050 | Batch 0650/1289 | Loss: 0.1432
Epoch: 015/050 | Batch 0700/1289 | Loss: 0.1426
Epoch: 015/050 | Batch 0750/1289 | Loss: 0.1530
Epoch: 015/050 | Batch 0800/1289 | Loss: 0.1221
Epoch: 015/050 | Batch 0850/1289 | Loss: 0.1874
Epoch: 015/050 | Batch 0900/1289 | Loss: 0.1804
Epoch: 015/050 | Batch 0950/1289 | Loss: 0.1992
Epoch: 015/050 | Batch 1000/1289 | Loss: 0.1316
Epoch: 015/050 | Batch 1050/1289 | Loss: 0.1472
Epoch: 015/050 | Batch 1100/1289 | Loss: 0.1684
Epoch: 015/050 | Batch 1150/1289 | Loss: 0.1503
Epoch: 015/050 | Batch 1200/1289 | Loss: 0.1571
Epoch: 015/050 | Batch 1250/1289 | Loss: 0.1667
MAE/RMSE/ACC: Current Valid: 3.06/4.05/11.34 Ep. 15 | Best Valid: 3.06/4.05/11.34 | Ep. 15
Time elapsed: 32.10 min
Epoch: 016/050 | Batch 0000/1289 | Loss: 0.1630
Epoch: 016/050 | Batch 0050/1289 | Loss: 0.1239
Epoch: 016/050 | Batch 0100/1289 | Loss: 0.1232
Epoch: 016/050 | Batch 0150/1289 | Loss: 0.1302
Epoch: 016/050 | Batch 0200/1289 | Loss: 0.1538
Epoch: 016/050 | Batch 0250/1289 | Loss: 0.1736
Epoch: 016/050 | Batch 0300/1289 | Loss: 0.1746
Epoch: 016/050 | Batch 0350/1289 | Loss: 0.1472
Epoch: 016/050 | Batch 0400/1289 | Loss: 0.1347
Epoch: 016/050 | Batch 0450/1289 | Loss: 0.1660
Epoch: 016/050 | Batch 0500/1289 | Loss: 0.1519
Epoch: 016/050 | Batch 0550/1289 | Loss: 0.1502
Epoch: 016/050 | Batch 0600/1289 | Loss: 0.1331
Epoch: 016/050 | Batch 0650/1289 | Loss: 0.1425
Epoch: 016/050 | Batch 0700/1289 | Loss: 0.1629
Epoch: 016/050 | Batch 0750/1289 | Loss: 0.1690
Epoch: 016/050 | Batch 0800/1289 | Loss: 0.1195
Epoch: 016/050 | Batch 0850/1289 | Loss: 0.2127
Epoch: 016/050 | Batch 0900/1289 | Loss: 0.1362
Epoch: 016/050 | Batch 0950/1289 | Loss: 0.1735
Epoch: 016/050 | Batch 1000/1289 | Loss: 0.1227
Epoch: 016/050 | Batch 1050/1289 | Loss: 0.1235
Epoch: 016/050 | Batch 1100/1289 | Loss: 0.1320
Epoch: 016/050 | Batch 1150/1289 | Loss: 0.1722
Epoch: 016/050 | Batch 1200/1289 | Loss: 0.1719
Epoch: 016/050 | Batch 1250/1289 | Loss: 0.1729
MAE/RMSE/ACC: Current Valid: 3.07/4.12/11.34 Ep. 16 | Best Valid: 3.06/4.05/11.34 | Ep. 15
Time elapsed: 34.25 min
Epoch: 017/050 | Batch 0000/1289 | Loss: 0.1741
Epoch: 017/050 | Batch 0050/1289 | Loss: 0.1475
Epoch: 017/050 | Batch 0100/1289 | Loss: 0.1683
Epoch: 017/050 | Batch 0150/1289 | Loss: 0.1796
Epoch: 017/050 | Batch 0200/1289 | Loss: 0.1375
Epoch: 017/050 | Batch 0250/1289 | Loss: 0.1495
Epoch: 017/050 | Batch 0300/1289 | Loss: 0.1123
Epoch: 017/050 | Batch 0350/1289 | Loss: 0.1231
Epoch: 017/050 | Batch 0400/1289 | Loss: 0.1189
Epoch: 017/050 | Batch 0450/1289 | Loss: 0.1484
Epoch: 017/050 | Batch 0500/1289 | Loss: 0.1596
Epoch: 017/050 | Batch 0550/1289 | Loss: 0.1634
Epoch: 017/050 | Batch 0600/1289 | Loss: 0.1563
Epoch: 017/050 | Batch 0650/1289 | Loss: 0.1592
Epoch: 017/050 | Batch 0700/1289 | Loss: 0.1091
Epoch: 017/050 | Batch 0750/1289 | Loss: 0.2027
Epoch: 017/050 | Batch 0800/1289 | Loss: 0.1447
Epoch: 017/050 | Batch 0850/1289 | Loss: 0.1232
Epoch: 017/050 | Batch 0900/1289 | Loss: 0.1396
Epoch: 017/050 | Batch 0950/1289 | Loss: 0.1391
Epoch: 017/050 | Batch 1000/1289 | Loss: 0.1853
Epoch: 017/050 | Batch 1050/1289 | Loss: 0.1780
Epoch: 017/050 | Batch 1100/1289 | Loss: 0.1731
Epoch: 017/050 | Batch 1150/1289 | Loss: 0.1177
Epoch: 017/050 | Batch 1200/1289 | Loss: 0.1604
Epoch: 017/050 | Batch 1250/1289 | Loss: 0.1627
MAE/RMSE/ACC: Current Valid: 3.66/4.79/11.34 Ep. 17 | Best Valid: 3.06/4.05/11.34 | Ep. 15
Time elapsed: 36.37 min
Epoch: 018/050 | Batch 0000/1289 | Loss: 0.1494
Epoch: 018/050 | Batch 0050/1289 | Loss: 0.1330
Epoch: 018/050 | Batch 0100/1289 | Loss: 0.1538
Epoch: 018/050 | Batch 0150/1289 | Loss: 0.1450
Epoch: 018/050 | Batch 0200/1289 | Loss: 0.1257
Epoch: 018/050 | Batch 0250/1289 | Loss: 0.1523
Epoch: 018/050 | Batch 0300/1289 | Loss: 0.1150
Epoch: 018/050 | Batch 0350/1289 | Loss: 0.1904
Epoch: 018/050 | Batch 0400/1289 | Loss: 0.1301
Epoch: 018/050 | Batch 0450/1289 | Loss: 0.1398
Epoch: 018/050 | Batch 0500/1289 | Loss: 0.1531
Epoch: 018/050 | Batch 0550/1289 | Loss: 0.1477
Epoch: 018/050 | Batch 0600/1289 | Loss: 0.1345
Epoch: 018/050 | Batch 0650/1289 | Loss: 0.1371
Epoch: 018/050 | Batch 0700/1289 | Loss: 0.1325
Epoch: 018/050 | Batch 0750/1289 | Loss: 0.1375
Epoch: 018/050 | Batch 0800/1289 | Loss: 0.1188
Epoch: 018/050 | Batch 0850/1289 | Loss: 0.1568
Epoch: 018/050 | Batch 0900/1289 | Loss: 0.1322
Epoch: 018/050 | Batch 0950/1289 | Loss: 0.1527
Epoch: 018/050 | Batch 1000/1289 | Loss: 0.1395
Epoch: 018/050 | Batch 1050/1289 | Loss: 0.1602
Epoch: 018/050 | Batch 1100/1289 | Loss: 0.1489
Epoch: 018/050 | Batch 1150/1289 | Loss: 0.1308
Epoch: 018/050 | Batch 1200/1289 | Loss: 0.1687
Epoch: 018/050 | Batch 1250/1289 | Loss: 0.1471
MAE/RMSE/ACC: Current Valid: 2.99/3.98/11.67 Ep. 18 | Best Valid: 2.99/3.98/11.67 | Ep. 18
Time elapsed: 38.50 min
Epoch: 019/050 | Batch 0000/1289 | Loss: 0.1344
Epoch: 019/050 | Batch 0050/1289 | Loss: 0.1662
Epoch: 019/050 | Batch 0100/1289 | Loss: 0.1176
Epoch: 019/050 | Batch 0150/1289 | Loss: 0.1261
Epoch: 019/050 | Batch 0200/1289 | Loss: 0.1767
Epoch: 019/050 | Batch 0250/1289 | Loss: 0.1427
Epoch: 019/050 | Batch 0300/1289 | Loss: 0.1690
Epoch: 019/050 | Batch 0350/1289 | Loss: 0.1142
Epoch: 019/050 | Batch 0400/1289 | Loss: 0.1546
Epoch: 019/050 | Batch 0450/1289 | Loss: 0.1803
Epoch: 019/050 | Batch 0500/1289 | Loss: 0.1040
Epoch: 019/050 | Batch 0550/1289 | Loss: 0.1553
Epoch: 019/050 | Batch 0600/1289 | Loss: 0.1219
Epoch: 019/050 | Batch 0650/1289 | Loss: 0.1551
Epoch: 019/050 | Batch 0700/1289 | Loss: 0.1301
Epoch: 019/050 | Batch 0750/1289 | Loss: 0.1108
Epoch: 019/050 | Batch 0800/1289 | Loss: 0.1600
Epoch: 019/050 | Batch 0850/1289 | Loss: 0.1397
Epoch: 019/050 | Batch 0900/1289 | Loss: 0.1125
Epoch: 019/050 | Batch 0950/1289 | Loss: 0.1090
Epoch: 019/050 | Batch 1000/1289 | Loss: 0.1233
Epoch: 019/050 | Batch 1050/1289 | Loss: 0.1753
Epoch: 019/050 | Batch 1100/1289 | Loss: 0.1280
Epoch: 019/050 | Batch 1150/1289 | Loss: 0.1215
Epoch: 019/050 | Batch 1200/1289 | Loss: 0.1238
Epoch: 019/050 | Batch 1250/1289 | Loss: 0.1367
MAE/RMSE/ACC: Current Valid: 3.34/4.46/11.67 Ep. 19 | Best Valid: 2.99/3.98/11.67 | Ep. 18
Time elapsed: 40.61 min
Epoch: 020/050 | Batch 0000/1289 | Loss: 0.1306
Epoch: 020/050 | Batch 0050/1289 | Loss: 0.1312
Epoch: 020/050 | Batch 0100/1289 | Loss: 0.1457
Epoch: 020/050 | Batch 0150/1289 | Loss: 0.1142
Epoch: 020/050 | Batch 0200/1289 | Loss: 0.1130
Epoch: 020/050 | Batch 0250/1289 | Loss: 0.1140
Epoch: 020/050 | Batch 0300/1289 | Loss: 0.1175
Epoch: 020/050 | Batch 0350/1289 | Loss: 0.1054
Epoch: 020/050 | Batch 0400/1289 | Loss: 0.1423
Epoch: 020/050 | Batch 0450/1289 | Loss: 0.1364
Epoch: 020/050 | Batch 0500/1289 | Loss: 0.1467
Epoch: 020/050 | Batch 0550/1289 | Loss: 0.1319
Epoch: 020/050 | Batch 0600/1289 | Loss: 0.1344
Epoch: 020/050 | Batch 0650/1289 | Loss: 0.1401
Epoch: 020/050 | Batch 0700/1289 | Loss: 0.1172
Epoch: 020/050 | Batch 0750/1289 | Loss: 0.1250
Epoch: 020/050 | Batch 0800/1289 | Loss: 0.1203
Epoch: 020/050 | Batch 0850/1289 | Loss: 0.1570
Epoch: 020/050 | Batch 0900/1289 | Loss: 0.1050
Epoch: 020/050 | Batch 0950/1289 | Loss: 0.1228
Epoch: 020/050 | Batch 1000/1289 | Loss: 0.1326
Epoch: 020/050 | Batch 1050/1289 | Loss: 0.2809
Epoch: 020/050 | Batch 1100/1289 | Loss: 0.1509
Epoch: 020/050 | Batch 1150/1289 | Loss: 0.1124
Epoch: 020/050 | Batch 1200/1289 | Loss: 0.1505
Epoch: 020/050 | Batch 1250/1289 | Loss: 0.1545
MAE/RMSE/ACC: Current Valid: 3.18/4.27/11.67 Ep. 20 | Best Valid: 2.99/3.98/11.67 | Ep. 18
Time elapsed: 42.75 min
Epoch: 021/050 | Batch 0000/1289 | Loss: 0.1170
Epoch: 021/050 | Batch 0050/1289 | Loss: 0.1205
Epoch: 021/050 | Batch 0100/1289 | Loss: 0.1660
Epoch: 021/050 | Batch 0150/1289 | Loss: 0.1090
Epoch: 021/050 | Batch 0200/1289 | Loss: 0.1309
Epoch: 021/050 | Batch 0250/1289 | Loss: 0.1106
Epoch: 021/050 | Batch 0300/1289 | Loss: 0.1364
Epoch: 021/050 | Batch 0350/1289 | Loss: 0.1197
Epoch: 021/050 | Batch 0400/1289 | Loss: 0.1528
Epoch: 021/050 | Batch 0450/1289 | Loss: 0.1535
Epoch: 021/050 | Batch 0500/1289 | Loss: 0.1596
Epoch: 021/050 | Batch 0550/1289 | Loss: 0.1381
Epoch: 021/050 | Batch 0600/1289 | Loss: 0.1289
Epoch: 021/050 | Batch 0650/1289 | Loss: 0.1187
Epoch: 021/050 | Batch 0700/1289 | Loss: 0.1194
Epoch: 021/050 | Batch 0750/1289 | Loss: 0.1123
Epoch: 021/050 | Batch 0800/1289 | Loss: 0.1667
Epoch: 021/050 | Batch 0850/1289 | Loss: 0.1830
Epoch: 021/050 | Batch 0900/1289 | Loss: 0.1430
Epoch: 021/050 | Batch 0950/1289 | Loss: 0.1093
Epoch: 021/050 | Batch 1000/1289 | Loss: 0.1451
Epoch: 021/050 | Batch 1050/1289 | Loss: 0.1381
Epoch: 021/050 | Batch 1100/1289 | Loss: 0.1049
Epoch: 021/050 | Batch 1150/1289 | Loss: 0.1352
Epoch: 021/050 | Batch 1200/1289 | Loss: 0.1502
Epoch: 021/050 | Batch 1250/1289 | Loss: 0.1468
MAE/RMSE/ACC: Current Valid: 3.09/4.12/11.67 Ep. 21 | Best Valid: 2.99/3.98/11.67 | Ep. 18
Time elapsed: 44.87 min
Epoch: 022/050 | Batch 0000/1289 | Loss: 0.1679
Epoch: 022/050 | Batch 0050/1289 | Loss: 0.1659
Epoch: 022/050 | Batch 0100/1289 | Loss: 0.1349
Epoch: 022/050 | Batch 0150/1289 | Loss: 0.1194
Epoch: 022/050 | Batch 0200/1289 | Loss: 0.1325
Epoch: 022/050 | Batch 0250/1289 | Loss: 0.1284
Epoch: 022/050 | Batch 0300/1289 | Loss: 0.1751
Epoch: 022/050 | Batch 0350/1289 | Loss: 0.1208
Epoch: 022/050 | Batch 0400/1289 | Loss: 0.1166
Epoch: 022/050 | Batch 0450/1289 | Loss: 0.1199
Epoch: 022/050 | Batch 0500/1289 | Loss: 0.1339
Epoch: 022/050 | Batch 0550/1289 | Loss: 0.1419
Epoch: 022/050 | Batch 0600/1289 | Loss: 0.1242
Epoch: 022/050 | Batch 0650/1289 | Loss: 0.1609
Epoch: 022/050 | Batch 0700/1289 | Loss: 0.1255
Epoch: 022/050 | Batch 0750/1289 | Loss: 0.1645
Epoch: 022/050 | Batch 0800/1289 | Loss: 0.1228
Epoch: 022/050 | Batch 0850/1289 | Loss: 0.1489
Epoch: 022/050 | Batch 0900/1289 | Loss: 0.1505
Epoch: 022/050 | Batch 0950/1289 | Loss: 0.1091
Epoch: 022/050 | Batch 1000/1289 | Loss: 0.1312
Epoch: 022/050 | Batch 1050/1289 | Loss: 0.1655
Epoch: 022/050 | Batch 1100/1289 | Loss: 0.1383
Epoch: 022/050 | Batch 1150/1289 | Loss: 0.1025
Epoch: 022/050 | Batch 1200/1289 | Loss: 0.1084
Epoch: 022/050 | Batch 1250/1289 | Loss: 0.1613
MAE/RMSE/ACC: Current Valid: 3.37/4.50/11.67 Ep. 22 | Best Valid: 2.99/3.98/11.67 | Ep. 18
Time elapsed: 47.00 min
Epoch: 023/050 | Batch 0000/1289 | Loss: 0.1440
Epoch: 023/050 | Batch 0050/1289 | Loss: 0.1257
Epoch: 023/050 | Batch 0100/1289 | Loss: 0.1096
Epoch: 023/050 | Batch 0150/1289 | Loss: 0.1127
Epoch: 023/050 | Batch 0200/1289 | Loss: 0.1662
Epoch: 023/050 | Batch 0250/1289 | Loss: 0.1145
Epoch: 023/050 | Batch 0300/1289 | Loss: 0.0928
Epoch: 023/050 | Batch 0350/1289 | Loss: 0.1591
Epoch: 023/050 | Batch 0400/1289 | Loss: 0.1066
Epoch: 023/050 | Batch 0450/1289 | Loss: 0.1016
Epoch: 023/050 | Batch 0500/1289 | Loss: 0.1222
Epoch: 023/050 | Batch 0550/1289 | Loss: 0.1182
Epoch: 023/050 | Batch 0600/1289 | Loss: 0.1177
Epoch: 023/050 | Batch 0650/1289 | Loss: 0.1225
Epoch: 023/050 | Batch 0700/1289 | Loss: 0.1140
Epoch: 023/050 | Batch 0750/1289 | Loss: 0.1528
Epoch: 023/050 | Batch 0800/1289 | Loss: 0.1605
Epoch: 023/050 | Batch 0850/1289 | Loss: 0.1262
Epoch: 023/050 | Batch 0900/1289 | Loss: 0.1071
Epoch: 023/050 | Batch 0950/1289 | Loss: 0.1213
Epoch: 023/050 | Batch 1000/1289 | Loss: 0.1393
Epoch: 023/050 | Batch 1050/1289 | Loss: 0.1210
Epoch: 023/050 | Batch 1100/1289 | Loss: 0.1415
Epoch: 023/050 | Batch 1150/1289 | Loss: 0.1094
Epoch: 023/050 | Batch 1200/1289 | Loss: 0.1779
Epoch: 023/050 | Batch 1250/1289 | Loss: 0.1185
MAE/RMSE/ACC: Current Valid: 3.18/4.19/11.67 Ep. 23 | Best Valid: 2.99/3.98/11.67 | Ep. 18
Time elapsed: 49.10 min
Epoch: 024/050 | Batch 0000/1289 | Loss: 0.1009
Epoch: 024/050 | Batch 0050/1289 | Loss: 0.1162
Epoch: 024/050 | Batch 0100/1289 | Loss: 0.1553
Epoch: 024/050 | Batch 0150/1289 | Loss: 0.1775
Epoch: 024/050 | Batch 0200/1289 | Loss: 0.1418
Epoch: 024/050 | Batch 0250/1289 | Loss: 0.1040
Epoch: 024/050 | Batch 0300/1289 | Loss: 0.1499
Epoch: 024/050 | Batch 0350/1289 | Loss: 0.1133
Epoch: 024/050 | Batch 0400/1289 | Loss: 0.0999
Epoch: 024/050 | Batch 0450/1289 | Loss: 0.1245
Epoch: 024/050 | Batch 0500/1289 | Loss: 0.1057
Epoch: 024/050 | Batch 0550/1289 | Loss: 0.1343
Epoch: 024/050 | Batch 0600/1289 | Loss: 0.1588
Epoch: 024/050 | Batch 0650/1289 | Loss: 0.1064
Epoch: 024/050 | Batch 0700/1289 | Loss: 0.1231
Epoch: 024/050 | Batch 0750/1289 | Loss: 0.1482
Epoch: 024/050 | Batch 0800/1289 | Loss: 0.1174
Epoch: 024/050 | Batch 0850/1289 | Loss: 0.1558
Epoch: 024/050 | Batch 0900/1289 | Loss: 0.1343
Epoch: 024/050 | Batch 0950/1289 | Loss: 0.0964
Epoch: 024/050 | Batch 1000/1289 | Loss: 0.1130
Epoch: 024/050 | Batch 1050/1289 | Loss: 0.1257
Epoch: 024/050 | Batch 1100/1289 | Loss: 0.1390
Epoch: 024/050 | Batch 1150/1289 | Loss: 0.1264
Epoch: 024/050 | Batch 1200/1289 | Loss: 0.0960
Epoch: 024/050 | Batch 1250/1289 | Loss: 0.1107
MAE/RMSE/ACC: Current Valid: 2.95/3.94/12.65 Ep. 24 | Best Valid: 2.95/3.94/12.65 | Ep. 24
Time elapsed: 51.24 min
Epoch: 025/050 | Batch 0000/1289 | Loss: 0.1020
Epoch: 025/050 | Batch 0050/1289 | Loss: 0.1430
Epoch: 025/050 | Batch 0100/1289 | Loss: 0.1149
Epoch: 025/050 | Batch 0150/1289 | Loss: 0.1368
Epoch: 025/050 | Batch 0200/1289 | Loss: 0.1116
Epoch: 025/050 | Batch 0250/1289 | Loss: 0.0979
Epoch: 025/050 | Batch 0300/1289 | Loss: 0.1149
Epoch: 025/050 | Batch 0350/1289 | Loss: 0.1626
Epoch: 025/050 | Batch 0400/1289 | Loss: 0.1137
Epoch: 025/050 | Batch 0450/1289 | Loss: 0.1402
Epoch: 025/050 | Batch 0500/1289 | Loss: 0.1254
Epoch: 025/050 | Batch 0550/1289 | Loss: 0.1032
Epoch: 025/050 | Batch 0600/1289 | Loss: 0.0878
Epoch: 025/050 | Batch 0650/1289 | Loss: 0.1164
Epoch: 025/050 | Batch 0700/1289 | Loss: 0.1420
Epoch: 025/050 | Batch 0750/1289 | Loss: 0.1409
Epoch: 025/050 | Batch 0800/1289 | Loss: 0.1212
Epoch: 025/050 | Batch 0850/1289 | Loss: 0.1360
Epoch: 025/050 | Batch 0900/1289 | Loss: 0.1164
Epoch: 025/050 | Batch 0950/1289 | Loss: 0.1221
Epoch: 025/050 | Batch 1000/1289 | Loss: 0.1049
Epoch: 025/050 | Batch 1050/1289 | Loss: 0.1549
Epoch: 025/050 | Batch 1100/1289 | Loss: 0.0855
Epoch: 025/050 | Batch 1150/1289 | Loss: 0.1125
Epoch: 025/050 | Batch 1200/1289 | Loss: 0.1035
Epoch: 025/050 | Batch 1250/1289 | Loss: 0.1683
MAE/RMSE/ACC: Current Valid: 3.04/4.15/12.65 Ep. 25 | Best Valid: 2.95/3.94/12.65 | Ep. 24
Time elapsed: 53.40 min
Epoch: 026/050 | Batch 0000/1289 | Loss: 0.0867
Epoch: 026/050 | Batch 0050/1289 | Loss: 0.1144
Epoch: 026/050 | Batch 0100/1289 | Loss: 0.1711
Epoch: 026/050 | Batch 0150/1289 | Loss: 0.1197
Epoch: 026/050 | Batch 0200/1289 | Loss: 0.1518
Epoch: 026/050 | Batch 0250/1289 | Loss: 0.1091
Epoch: 026/050 | Batch 0300/1289 | Loss: 0.1056
Epoch: 026/050 | Batch 0350/1289 | Loss: 0.1449
Epoch: 026/050 | Batch 0400/1289 | Loss: 0.1224
Epoch: 026/050 | Batch 0450/1289 | Loss: 0.1368
Epoch: 026/050 | Batch 0500/1289 | Loss: 0.0941
Epoch: 026/050 | Batch 0550/1289 | Loss: 0.0876
Epoch: 026/050 | Batch 0600/1289 | Loss: 0.1467
Epoch: 026/050 | Batch 0650/1289 | Loss: 0.1226
Epoch: 026/050 | Batch 0700/1289 | Loss: 0.1084
Epoch: 026/050 | Batch 0750/1289 | Loss: 0.0941
Epoch: 026/050 | Batch 0800/1289 | Loss: 0.0981
Epoch: 026/050 | Batch 0850/1289 | Loss: 0.1217
Epoch: 026/050 | Batch 0900/1289 | Loss: 0.1348
Epoch: 026/050 | Batch 0950/1289 | Loss: 0.1091
Epoch: 026/050 | Batch 1000/1289 | Loss: 0.1246
Epoch: 026/050 | Batch 1050/1289 | Loss: 0.0999
Epoch: 026/050 | Batch 1100/1289 | Loss: 0.1214
Epoch: 026/050 | Batch 1150/1289 | Loss: 0.1060
Epoch: 026/050 | Batch 1200/1289 | Loss: 0.1224
Epoch: 026/050 | Batch 1250/1289 | Loss: 0.0934
MAE/RMSE/ACC: Current Valid: 3.07/4.16/12.65 Ep. 26 | Best Valid: 2.95/3.94/12.65 | Ep. 24
Time elapsed: 55.53 min
Epoch: 027/050 | Batch 0000/1289 | Loss: 0.0833
Epoch: 027/050 | Batch 0050/1289 | Loss: 0.1159
Epoch: 027/050 | Batch 0100/1289 | Loss: 0.1220
Epoch: 027/050 | Batch 0150/1289 | Loss: 0.1475
Epoch: 027/050 | Batch 0200/1289 | Loss: 0.1400
Epoch: 027/050 | Batch 0250/1289 | Loss: 0.1369
Epoch: 027/050 | Batch 0300/1289 | Loss: 0.1299
Epoch: 027/050 | Batch 0350/1289 | Loss: 0.1024
Epoch: 027/050 | Batch 0400/1289 | Loss: 0.0908
Epoch: 027/050 | Batch 0450/1289 | Loss: 0.1184
Epoch: 027/050 | Batch 0500/1289 | Loss: 0.1247
Epoch: 027/050 | Batch 0550/1289 | Loss: 0.1184
Epoch: 027/050 | Batch 0600/1289 | Loss: 0.1032
Epoch: 027/050 | Batch 0650/1289 | Loss: 0.1146
Epoch: 027/050 | Batch 0700/1289 | Loss: 0.1110
Epoch: 027/050 | Batch 0750/1289 | Loss: 0.1285
Epoch: 027/050 | Batch 0800/1289 | Loss: 0.1143
Epoch: 027/050 | Batch 0850/1289 | Loss: 0.0907
Epoch: 027/050 | Batch 0900/1289 | Loss: 0.1169
Epoch: 027/050 | Batch 0950/1289 | Loss: 0.0993
Epoch: 027/050 | Batch 1000/1289 | Loss: 0.1283
Epoch: 027/050 | Batch 1050/1289 | Loss: 0.1240
Epoch: 027/050 | Batch 1100/1289 | Loss: 0.1353
Epoch: 027/050 | Batch 1150/1289 | Loss: 0.1129
Epoch: 027/050 | Batch 1200/1289 | Loss: 0.1237
Epoch: 027/050 | Batch 1250/1289 | Loss: 0.1566
MAE/RMSE/ACC: Current Valid: 2.97/4.02/12.65 Ep. 27 | Best Valid: 2.95/3.94/12.65 | Ep. 24
Time elapsed: 57.64 min
Epoch: 028/050 | Batch 0000/1289 | Loss: 0.1026
Epoch: 028/050 | Batch 0050/1289 | Loss: 0.1163
Epoch: 028/050 | Batch 0100/1289 | Loss: 0.1159
Epoch: 028/050 | Batch 0150/1289 | Loss: 0.1143
Epoch: 028/050 | Batch 0200/1289 | Loss: 0.1083
Epoch: 028/050 | Batch 0250/1289 | Loss: 0.1042
Epoch: 028/050 | Batch 0300/1289 | Loss: 0.0814
Epoch: 028/050 | Batch 0350/1289 | Loss: 0.0992
Epoch: 028/050 | Batch 0400/1289 | Loss: 0.1236
Epoch: 028/050 | Batch 0450/1289 | Loss: 0.1070
Epoch: 028/050 | Batch 0500/1289 | Loss: 0.1092
Epoch: 028/050 | Batch 0550/1289 | Loss: 0.1171
Epoch: 028/050 | Batch 0600/1289 | Loss: 0.1270
Epoch: 028/050 | Batch 0650/1289 | Loss: 0.1119
Epoch: 028/050 | Batch 0700/1289 | Loss: 0.1055
Epoch: 028/050 | Batch 0750/1289 | Loss: 0.1348
Epoch: 028/050 | Batch 0800/1289 | Loss: 0.0799
Epoch: 028/050 | Batch 0850/1289 | Loss: 0.1083
Epoch: 028/050 | Batch 0900/1289 | Loss: 0.1159
Epoch: 028/050 | Batch 0950/1289 | Loss: 0.1367
Epoch: 028/050 | Batch 1000/1289 | Loss: 0.1351
Epoch: 028/050 | Batch 1050/1289 | Loss: 0.0937
Epoch: 028/050 | Batch 1100/1289 | Loss: 0.0990
Epoch: 028/050 | Batch 1150/1289 | Loss: 0.1356
Epoch: 028/050 | Batch 1200/1289 | Loss: 0.0793
Epoch: 028/050 | Batch 1250/1289 | Loss: 0.0940
MAE/RMSE/ACC: Current Valid: 3.06/4.14/12.65 Ep. 28 | Best Valid: 2.95/3.94/12.65 | Ep. 24
Time elapsed: 59.75 min
Epoch: 029/050 | Batch 0000/1289 | Loss: 0.1371
Epoch: 029/050 | Batch 0050/1289 | Loss: 0.0943
Epoch: 029/050 | Batch 0100/1289 | Loss: 0.1111
Epoch: 029/050 | Batch 0150/1289 | Loss: 0.1192
Epoch: 029/050 | Batch 0200/1289 | Loss: 0.1048
Epoch: 029/050 | Batch 0250/1289 | Loss: 0.0877
Epoch: 029/050 | Batch 0300/1289 | Loss: 0.1208
Epoch: 029/050 | Batch 0350/1289 | Loss: 0.0985
Epoch: 029/050 | Batch 0400/1289 | Loss: 0.1379
Epoch: 029/050 | Batch 0450/1289 | Loss: 0.1304
Epoch: 029/050 | Batch 0500/1289 | Loss: 0.1032
Epoch: 029/050 | Batch 0550/1289 | Loss: 0.1536
Epoch: 029/050 | Batch 0600/1289 | Loss: 0.1525
Epoch: 029/050 | Batch 0650/1289 | Loss: 0.1022
Epoch: 029/050 | Batch 0700/1289 | Loss: 0.0985
Epoch: 029/050 | Batch 0750/1289 | Loss: 0.1040
Epoch: 029/050 | Batch 0800/1289 | Loss: 0.0891
Epoch: 029/050 | Batch 0850/1289 | Loss: 0.1208
Epoch: 029/050 | Batch 0900/1289 | Loss: 0.0846
Epoch: 029/050 | Batch 0950/1289 | Loss: 0.1054
Epoch: 029/050 | Batch 1000/1289 | Loss: 0.1029
Epoch: 029/050 | Batch 1050/1289 | Loss: 0.1117
Epoch: 029/050 | Batch 1100/1289 | Loss: 0.1255
Epoch: 029/050 | Batch 1150/1289 | Loss: 0.1104
Epoch: 029/050 | Batch 1200/1289 | Loss: 0.1197
Epoch: 029/050 | Batch 1250/1289 | Loss: 0.0766
MAE/RMSE/ACC: Current Valid: 3.00/4.09/12.65 Ep. 29 | Best Valid: 2.95/3.94/12.65 | Ep. 24
Time elapsed: 61.87 min
Epoch: 030/050 | Batch 0000/1289 | Loss: 0.0855
Epoch: 030/050 | Batch 0050/1289 | Loss: 0.0755
Epoch: 030/050 | Batch 0100/1289 | Loss: 0.1149
Epoch: 030/050 | Batch 0150/1289 | Loss: 0.1163
Epoch: 030/050 | Batch 0200/1289 | Loss: 0.0815
Epoch: 030/050 | Batch 0250/1289 | Loss: 0.0985
Epoch: 030/050 | Batch 0300/1289 | Loss: 0.0761
Epoch: 030/050 | Batch 0350/1289 | Loss: 0.0909
Epoch: 030/050 | Batch 0400/1289 | Loss: 0.0834
Epoch: 030/050 | Batch 0450/1289 | Loss: 0.0933
Epoch: 030/050 | Batch 0500/1289 | Loss: 0.1006
Epoch: 030/050 | Batch 0550/1289 | Loss: 0.1160
Epoch: 030/050 | Batch 0600/1289 | Loss: 0.1118
Epoch: 030/050 | Batch 0650/1289 | Loss: 0.1187
Epoch: 030/050 | Batch 0700/1289 | Loss: 0.1083
Epoch: 030/050 | Batch 0750/1289 | Loss: 0.1181
Epoch: 030/050 | Batch 0800/1289 | Loss: 0.0847
Epoch: 030/050 | Batch 0850/1289 | Loss: 0.1110
Epoch: 030/050 | Batch 0900/1289 | Loss: 0.1047
Epoch: 030/050 | Batch 0950/1289 | Loss: 0.1308
Epoch: 030/050 | Batch 1000/1289 | Loss: 0.1099
Epoch: 030/050 | Batch 1050/1289 | Loss: 0.0968
Epoch: 030/050 | Batch 1100/1289 | Loss: 0.1078
Epoch: 030/050 | Batch 1150/1289 | Loss: 0.0963
Epoch: 030/050 | Batch 1200/1289 | Loss: 0.0899
Epoch: 030/050 | Batch 1250/1289 | Loss: 0.0906
MAE/RMSE/ACC: Current Valid: 3.04/4.11/12.65 Ep. 30 | Best Valid: 2.95/3.94/12.65 | Ep. 24
Time elapsed: 64.00 min
Epoch: 031/050 | Batch 0000/1289 | Loss: 0.1056
Epoch: 031/050 | Batch 0050/1289 | Loss: 0.0827
Epoch: 031/050 | Batch 0100/1289 | Loss: 0.0813
Epoch: 031/050 | Batch 0150/1289 | Loss: 0.0909
Epoch: 031/050 | Batch 0200/1289 | Loss: 0.0969
Epoch: 031/050 | Batch 0250/1289 | Loss: 0.0819
Epoch: 031/050 | Batch 0300/1289 | Loss: 0.0703
Epoch: 031/050 | Batch 0350/1289 | Loss: 0.0763
Epoch: 031/050 | Batch 0400/1289 | Loss: 0.1139
Epoch: 031/050 | Batch 0450/1289 | Loss: 0.0819
Epoch: 031/050 | Batch 0500/1289 | Loss: 0.0932
Epoch: 031/050 | Batch 0550/1289 | Loss: 0.0832
Epoch: 031/050 | Batch 0600/1289 | Loss: 0.0696
Epoch: 031/050 | Batch 0650/1289 | Loss: 0.0859
Epoch: 031/050 | Batch 0700/1289 | Loss: 0.0830
Epoch: 031/050 | Batch 0750/1289 | Loss: 0.1176
Epoch: 031/050 | Batch 0800/1289 | Loss: 0.1011
Epoch: 031/050 | Batch 0850/1289 | Loss: 0.0839
Epoch: 031/050 | Batch 0900/1289 | Loss: 0.1019
Epoch: 031/050 | Batch 0950/1289 | Loss: 0.1207
Epoch: 031/050 | Batch 1000/1289 | Loss: 0.0713
Epoch: 031/050 | Batch 1050/1289 | Loss: 0.1147
Epoch: 031/050 | Batch 1100/1289 | Loss: 0.0952
Epoch: 031/050 | Batch 1150/1289 | Loss: 0.0949
Epoch: 031/050 | Batch 1200/1289 | Loss: 0.1135
Epoch: 031/050 | Batch 1250/1289 | Loss: 0.1966
MAE/RMSE/ACC: Current Valid: 3.08/4.18/12.65 Ep. 31 | Best Valid: 2.95/3.94/12.65 | Ep. 24
Time elapsed: 66.11 min
Epoch: 032/050 | Batch 0000/1289 | Loss: 0.0878
Epoch: 032/050 | Batch 0050/1289 | Loss: 0.0784
Epoch: 032/050 | Batch 0100/1289 | Loss: 0.0730
Epoch: 032/050 | Batch 0150/1289 | Loss: 0.1027
Epoch: 032/050 | Batch 0200/1289 | Loss: 0.0787
Epoch: 032/050 | Batch 0250/1289 | Loss: 0.1605
Epoch: 032/050 | Batch 0300/1289 | Loss: 0.0979
Epoch: 032/050 | Batch 0350/1289 | Loss: 0.1267
Epoch: 032/050 | Batch 0400/1289 | Loss: 0.0790
Epoch: 032/050 | Batch 0450/1289 | Loss: 0.0985
Epoch: 032/050 | Batch 0500/1289 | Loss: 0.0890
Epoch: 032/050 | Batch 0550/1289 | Loss: 0.0981
Epoch: 032/050 | Batch 0600/1289 | Loss: 0.0840
Epoch: 032/050 | Batch 0650/1289 | Loss: 0.0657
Epoch: 032/050 | Batch 0700/1289 | Loss: 0.0809
Epoch: 032/050 | Batch 0750/1289 | Loss: 0.0746
Epoch: 032/050 | Batch 0800/1289 | Loss: 0.1105
Epoch: 032/050 | Batch 0850/1289 | Loss: 0.1195
Epoch: 032/050 | Batch 0900/1289 | Loss: 0.0854
Epoch: 032/050 | Batch 0950/1289 | Loss: 0.0961
Epoch: 032/050 | Batch 1000/1289 | Loss: 0.0893
Epoch: 032/050 | Batch 1050/1289 | Loss: 0.1096
Epoch: 032/050 | Batch 1100/1289 | Loss: 0.0822
Epoch: 032/050 | Batch 1150/1289 | Loss: 0.1184
Epoch: 032/050 | Batch 1200/1289 | Loss: 0.0793
Epoch: 032/050 | Batch 1250/1289 | Loss: 0.0975
MAE/RMSE/ACC: Current Valid: 2.99/4.07/12.65 Ep. 32 | Best Valid: 2.95/3.94/12.65 | Ep. 24
Time elapsed: 68.23 min
Epoch: 033/050 | Batch 0000/1289 | Loss: 0.0734
Epoch: 033/050 | Batch 0050/1289 | Loss: 0.0749
Epoch: 033/050 | Batch 0100/1289 | Loss: 0.0791
Epoch: 033/050 | Batch 0150/1289 | Loss: 0.0864
Epoch: 033/050 | Batch 0200/1289 | Loss: 0.1197
Epoch: 033/050 | Batch 0250/1289 | Loss: 0.1166
Epoch: 033/050 | Batch 0300/1289 | Loss: 0.0877
Epoch: 033/050 | Batch 0350/1289 | Loss: 0.0808
Epoch: 033/050 | Batch 0400/1289 | Loss: 0.0722
Epoch: 033/050 | Batch 0450/1289 | Loss: 0.0676
Epoch: 033/050 | Batch 0500/1289 | Loss: 0.0723
Epoch: 033/050 | Batch 0550/1289 | Loss: 0.0769
Epoch: 033/050 | Batch 0600/1289 | Loss: 0.1123
Epoch: 033/050 | Batch 0650/1289 | Loss: 0.0802
Epoch: 033/050 | Batch 0700/1289 | Loss: 0.0828
Epoch: 033/050 | Batch 0750/1289 | Loss: 0.0794
Epoch: 033/050 | Batch 0800/1289 | Loss: 0.0872
Epoch: 033/050 | Batch 0850/1289 | Loss: 0.0991
Epoch: 033/050 | Batch 0900/1289 | Loss: 0.0711
Epoch: 033/050 | Batch 0950/1289 | Loss: 0.0645
Epoch: 033/050 | Batch 1000/1289 | Loss: 0.0722
Epoch: 033/050 | Batch 1050/1289 | Loss: 0.0932
Epoch: 033/050 | Batch 1100/1289 | Loss: 0.1117
Epoch: 033/050 | Batch 1150/1289 | Loss: 0.0975
Epoch: 033/050 | Batch 1200/1289 | Loss: 0.1030
Epoch: 033/050 | Batch 1250/1289 | Loss: 0.1481
MAE/RMSE/ACC: Current Valid: 3.04/4.17/12.65 Ep. 33 | Best Valid: 2.95/3.94/12.65 | Ep. 24
Time elapsed: 70.35 min
Epoch: 034/050 | Batch 0000/1289 | Loss: 0.0955
Epoch: 034/050 | Batch 0050/1289 | Loss: 0.0735
Epoch: 034/050 | Batch 0100/1289 | Loss: 0.0908
Epoch: 034/050 | Batch 0150/1289 | Loss: 0.0593
Epoch: 034/050 | Batch 0200/1289 | Loss: 0.0978
Epoch: 034/050 | Batch 0250/1289 | Loss: 0.0801
Epoch: 034/050 | Batch 0300/1289 | Loss: 0.0737
Epoch: 034/050 | Batch 0350/1289 | Loss: 0.0819
Epoch: 034/050 | Batch 0400/1289 | Loss: 0.1007
Epoch: 034/050 | Batch 0450/1289 | Loss: 0.0947
Epoch: 034/050 | Batch 0500/1289 | Loss: 0.1188
Epoch: 034/050 | Batch 0550/1289 | Loss: 0.0874
Epoch: 034/050 | Batch 0600/1289 | Loss: 0.0630
Epoch: 034/050 | Batch 0650/1289 | Loss: 0.0639
Epoch: 034/050 | Batch 0700/1289 | Loss: 0.1046
Epoch: 034/050 | Batch 0750/1289 | Loss: 0.0665
Epoch: 034/050 | Batch 0800/1289 | Loss: 0.0763
Epoch: 034/050 | Batch 0850/1289 | Loss: 0.0909
Epoch: 034/050 | Batch 0900/1289 | Loss: 0.0798
Epoch: 034/050 | Batch 0950/1289 | Loss: 0.0644
Epoch: 034/050 | Batch 1000/1289 | Loss: 0.0647
Epoch: 034/050 | Batch 1050/1289 | Loss: 0.0594
Epoch: 034/050 | Batch 1100/1289 | Loss: 0.0782
Epoch: 034/050 | Batch 1150/1289 | Loss: 0.1080
Epoch: 034/050 | Batch 1200/1289 | Loss: 0.0813
Epoch: 034/050 | Batch 1250/1289 | Loss: 0.0949
MAE/RMSE/ACC: Current Valid: 3.06/4.17/12.65 Ep. 34 | Best Valid: 2.95/3.94/12.65 | Ep. 24
Time elapsed: 72.46 min
Epoch: 035/050 | Batch 0000/1289 | Loss: 0.0983
Epoch: 035/050 | Batch 0050/1289 | Loss: 0.1305
Epoch: 035/050 | Batch 0100/1289 | Loss: 0.0561
Epoch: 035/050 | Batch 0150/1289 | Loss: 0.0759
Epoch: 035/050 | Batch 0200/1289 | Loss: 0.0736
Epoch: 035/050 | Batch 0250/1289 | Loss: 0.0586
Epoch: 035/050 | Batch 0300/1289 | Loss: 0.1012
Epoch: 035/050 | Batch 0350/1289 | Loss: 0.0839
Epoch: 035/050 | Batch 0400/1289 | Loss: 0.0902
Epoch: 035/050 | Batch 0450/1289 | Loss: 0.1170
Epoch: 035/050 | Batch 0500/1289 | Loss: 0.0889
Epoch: 035/050 | Batch 0550/1289 | Loss: 0.0493
Epoch: 035/050 | Batch 0600/1289 | Loss: 0.0765
Epoch: 035/050 | Batch 0650/1289 | Loss: 0.0842
Epoch: 035/050 | Batch 0700/1289 | Loss: 0.0845
Epoch: 035/050 | Batch 0750/1289 | Loss: 0.0499
Epoch: 035/050 | Batch 0800/1289 | Loss: 0.0890
Epoch: 035/050 | Batch 0850/1289 | Loss: 0.0696
Epoch: 035/050 | Batch 0900/1289 | Loss: 0.0874
Epoch: 035/050 | Batch 0950/1289 | Loss: 0.0602
Epoch: 035/050 | Batch 1000/1289 | Loss: 0.0651
Epoch: 035/050 | Batch 1050/1289 | Loss: 0.0754
Epoch: 035/050 | Batch 1100/1289 | Loss: 0.0841
Epoch: 035/050 | Batch 1150/1289 | Loss: 0.0695
Epoch: 035/050 | Batch 1200/1289 | Loss: 0.0994
Epoch: 035/050 | Batch 1250/1289 | Loss: 0.0705
MAE/RMSE/ACC: Current Valid: 3.11/4.24/12.65 Ep. 35 | Best Valid: 2.95/3.94/12.65 | Ep. 24
Time elapsed: 74.59 min
Epoch: 036/050 | Batch 0000/1289 | Loss: 0.0507
Epoch: 036/050 | Batch 0050/1289 | Loss: 0.0573
Epoch: 036/050 | Batch 0100/1289 | Loss: 0.0378
Epoch: 036/050 | Batch 0150/1289 | Loss: 0.0647
Epoch: 036/050 | Batch 0200/1289 | Loss: 0.0432
Epoch: 036/050 | Batch 0250/1289 | Loss: 0.0693
Epoch: 036/050 | Batch 0300/1289 | Loss: 0.0462
Epoch: 036/050 | Batch 0350/1289 | Loss: 0.0664
Epoch: 036/050 | Batch 0400/1289 | Loss: 0.0556
Epoch: 036/050 | Batch 0450/1289 | Loss: 0.0510
Epoch: 036/050 | Batch 0500/1289 | Loss: 0.0602
Epoch: 036/050 | Batch 0550/1289 | Loss: 0.0672
Epoch: 036/050 | Batch 0600/1289 | Loss: 0.0744
Epoch: 036/050 | Batch 0650/1289 | Loss: 0.0618
Epoch: 036/050 | Batch 0700/1289 | Loss: 0.0470
Epoch: 036/050 | Batch 0750/1289 | Loss: 0.0495
Epoch: 036/050 | Batch 0800/1289 | Loss: 0.0381
Epoch: 036/050 | Batch 0850/1289 | Loss: 0.0583
Epoch: 036/050 | Batch 0900/1289 | Loss: 0.0407
Epoch: 036/050 | Batch 0950/1289 | Loss: 0.0629
Epoch: 036/050 | Batch 1000/1289 | Loss: 0.0775
Epoch: 036/050 | Batch 1050/1289 | Loss: 0.0767
Epoch: 036/050 | Batch 1100/1289 | Loss: 0.0593
Epoch: 036/050 | Batch 1150/1289 | Loss: 0.0617
Epoch: 036/050 | Batch 1200/1289 | Loss: 0.0538
Epoch: 036/050 | Batch 1250/1289 | Loss: 0.0596
MAE/RMSE/ACC: Current Valid: 3.10/4.21/12.65 Ep. 36 | Best Valid: 2.95/3.94/12.65 | Ep. 24
Time elapsed: 76.69 min
Epoch: 037/050 | Batch 0000/1289 | Loss: 0.0504
Epoch: 037/050 | Batch 0050/1289 | Loss: 0.0440
Epoch: 037/050 | Batch 0100/1289 | Loss: 0.0719
Epoch: 037/050 | Batch 0150/1289 | Loss: 0.0510
Epoch: 037/050 | Batch 0200/1289 | Loss: 0.0516
Epoch: 037/050 | Batch 0250/1289 | Loss: 0.0482
Epoch: 037/050 | Batch 0300/1289 | Loss: 0.0672
Epoch: 037/050 | Batch 0350/1289 | Loss: 0.0604
Epoch: 037/050 | Batch 0400/1289 | Loss: 0.0497
Epoch: 037/050 | Batch 0450/1289 | Loss: 0.0707
Epoch: 037/050 | Batch 0500/1289 | Loss: 0.0473
Epoch: 037/050 | Batch 0550/1289 | Loss: 0.0664
Epoch: 037/050 | Batch 0600/1289 | Loss: 0.0473
Epoch: 037/050 | Batch 0650/1289 | Loss: 0.0416
Epoch: 037/050 | Batch 0700/1289 | Loss: 0.0568
Epoch: 037/050 | Batch 0750/1289 | Loss: 0.0664
Epoch: 037/050 | Batch 0800/1289 | Loss: 0.0717
Epoch: 037/050 | Batch 0850/1289 | Loss: 0.0705
Epoch: 037/050 | Batch 0900/1289 | Loss: 0.0839
Epoch: 037/050 | Batch 0950/1289 | Loss: 0.0599
Epoch: 037/050 | Batch 1000/1289 | Loss: 0.0660
Epoch: 037/050 | Batch 1050/1289 | Loss: 0.0401
Epoch: 037/050 | Batch 1100/1289 | Loss: 0.0733
Epoch: 037/050 | Batch 1150/1289 | Loss: 0.0794
Epoch: 037/050 | Batch 1200/1289 | Loss: 0.0645
Epoch: 037/050 | Batch 1250/1289 | Loss: 0.0772
MAE/RMSE/ACC: Current Valid: 3.19/4.33/12.65 Ep. 37 | Best Valid: 2.95/3.94/12.65 | Ep. 24
Time elapsed: 78.82 min
Epoch: 038/050 | Batch 0000/1289 | Loss: 0.0393
Epoch: 038/050 | Batch 0050/1289 | Loss: 0.0672
Epoch: 038/050 | Batch 0100/1289 | Loss: 0.0296
Epoch: 038/050 | Batch 0150/1289 | Loss: 0.0456
Epoch: 038/050 | Batch 0200/1289 | Loss: 0.0505
Epoch: 038/050 | Batch 0250/1289 | Loss: 0.0398
Epoch: 038/050 | Batch 0300/1289 | Loss: 0.0659
Epoch: 038/050 | Batch 0350/1289 | Loss: 0.0469
Epoch: 038/050 | Batch 0400/1289 | Loss: 0.0790
Epoch: 038/050 | Batch 0450/1289 | Loss: 0.0583
Epoch: 038/050 | Batch 0500/1289 | Loss: 0.0408
Epoch: 038/050 | Batch 0550/1289 | Loss: 0.0836
Epoch: 038/050 | Batch 0600/1289 | Loss: 0.0731
Epoch: 038/050 | Batch 0650/1289 | Loss: 0.0603
Epoch: 038/050 | Batch 0700/1289 | Loss: 0.0686
Epoch: 038/050 | Batch 0750/1289 | Loss: 0.0548
Epoch: 038/050 | Batch 0800/1289 | Loss: 0.0501
Epoch: 038/050 | Batch 0850/1289 | Loss: 0.0705
Epoch: 038/050 | Batch 0900/1289 | Loss: 0.0397
Epoch: 038/050 | Batch 0950/1289 | Loss: 0.0305
Epoch: 038/050 | Batch 1000/1289 | Loss: 0.0480
Epoch: 038/050 | Batch 1050/1289 | Loss: 0.0600
Epoch: 038/050 | Batch 1100/1289 | Loss: 0.0521
Epoch: 038/050 | Batch 1150/1289 | Loss: 0.0827
Epoch: 038/050 | Batch 1200/1289 | Loss: 0.0676
Epoch: 038/050 | Batch 1250/1289 | Loss: 0.0834
MAE/RMSE/ACC: Current Valid: 3.16/4.27/12.65 Ep. 38 | Best Valid: 2.95/3.94/12.65 | Ep. 24
Time elapsed: 80.95 min
Epoch: 039/050 | Batch 0000/1289 | Loss: 0.0629
Epoch: 039/050 | Batch 0050/1289 | Loss: 0.0455
Epoch: 039/050 | Batch 0100/1289 | Loss: 0.0601
Epoch: 039/050 | Batch 0150/1289 | Loss: 0.0416
Epoch: 039/050 | Batch 0200/1289 | Loss: 0.0440
Epoch: 039/050 | Batch 0250/1289 | Loss: 0.0791
Epoch: 039/050 | Batch 0300/1289 | Loss: 0.0705
Epoch: 039/050 | Batch 0350/1289 | Loss: 0.0956
Epoch: 039/050 | Batch 0400/1289 | Loss: 0.0888
Epoch: 039/050 | Batch 0450/1289 | Loss: 0.0226
Epoch: 039/050 | Batch 0500/1289 | Loss: 0.0396
Epoch: 039/050 | Batch 0550/1289 | Loss: 0.0366
Epoch: 039/050 | Batch 0600/1289 | Loss: 0.0301
Epoch: 039/050 | Batch 0650/1289 | Loss: 0.0468
Epoch: 039/050 | Batch 0700/1289 | Loss: 0.0513
Epoch: 039/050 | Batch 0750/1289 | Loss: 0.0449
Epoch: 039/050 | Batch 0800/1289 | Loss: 0.0488
Epoch: 039/050 | Batch 0850/1289 | Loss: 0.0485
Epoch: 039/050 | Batch 0900/1289 | Loss: 0.0392
Epoch: 039/050 | Batch 0950/1289 | Loss: 0.0535
Epoch: 039/050 | Batch 1000/1289 | Loss: 0.0539
Epoch: 039/050 | Batch 1050/1289 | Loss: 0.0491
Epoch: 039/050 | Batch 1100/1289 | Loss: 0.0426
Epoch: 039/050 | Batch 1150/1289 | Loss: 0.0409
Epoch: 039/050 | Batch 1200/1289 | Loss: 0.0647
Epoch: 039/050 | Batch 1250/1289 | Loss: 0.0680
MAE/RMSE/ACC: Current Valid: 3.09/4.23/12.65 Ep. 39 | Best Valid: 2.95/3.94/12.65 | Ep. 24
Time elapsed: 83.04 min
Epoch: 040/050 | Batch 0000/1289 | Loss: 0.0359
Epoch: 040/050 | Batch 0050/1289 | Loss: 0.0592
Epoch: 040/050 | Batch 0100/1289 | Loss: 0.0439
Epoch: 040/050 | Batch 0150/1289 | Loss: 0.0588
Epoch: 040/050 | Batch 0200/1289 | Loss: 0.0483
Epoch: 040/050 | Batch 0250/1289 | Loss: 0.0642
Epoch: 040/050 | Batch 0300/1289 | Loss: 0.0315
Epoch: 040/050 | Batch 0350/1289 | Loss: 0.0457
Epoch: 040/050 | Batch 0400/1289 | Loss: 0.0494
Epoch: 040/050 | Batch 0450/1289 | Loss: 0.0499
Epoch: 040/050 | Batch 0500/1289 | Loss: 0.0413
Epoch: 040/050 | Batch 0550/1289 | Loss: 0.0378
Epoch: 040/050 | Batch 0600/1289 | Loss: 0.0621
Epoch: 040/050 | Batch 0650/1289 | Loss: 0.0325
Epoch: 040/050 | Batch 0700/1289 | Loss: 0.0590
Epoch: 040/050 | Batch 0750/1289 | Loss: 0.0379
Epoch: 040/050 | Batch 0800/1289 | Loss: 0.0396
Epoch: 040/050 | Batch 0850/1289 | Loss: 0.0344
Epoch: 040/050 | Batch 0900/1289 | Loss: 0.0241
Epoch: 040/050 | Batch 0950/1289 | Loss: 0.0477
Epoch: 040/050 | Batch 1000/1289 | Loss: 0.0356
Epoch: 040/050 | Batch 1050/1289 | Loss: 0.0404
Epoch: 040/050 | Batch 1100/1289 | Loss: 0.0416
Epoch: 040/050 | Batch 1150/1289 | Loss: 0.0620
Epoch: 040/050 | Batch 1200/1289 | Loss: 0.0741
Epoch: 040/050 | Batch 1250/1289 | Loss: 0.0528
MAE/RMSE/ACC: Current Valid: 3.29/4.47/12.65 Ep. 40 | Best Valid: 2.95/3.94/12.65 | Ep. 24
Time elapsed: 85.17 min
Epoch: 041/050 | Batch 0000/1289 | Loss: 0.0294
Epoch: 041/050 | Batch 0050/1289 | Loss: 0.0601
Epoch: 041/050 | Batch 0100/1289 | Loss: 0.0503
Epoch: 041/050 | Batch 0150/1289 | Loss: 0.0411
Epoch: 041/050 | Batch 0200/1289 | Loss: 0.0287
Epoch: 041/050 | Batch 0250/1289 | Loss: 0.0483
Epoch: 041/050 | Batch 0300/1289 | Loss: 0.0270
Epoch: 041/050 | Batch 0350/1289 | Loss: 0.0331
Epoch: 041/050 | Batch 0400/1289 | Loss: 0.1142
Epoch: 041/050 | Batch 0450/1289 | Loss: 0.0286
Epoch: 041/050 | Batch 0500/1289 | Loss: 0.0279
Epoch: 041/050 | Batch 0550/1289 | Loss: 0.0906
Epoch: 041/050 | Batch 0600/1289 | Loss: 0.0256
Epoch: 041/050 | Batch 0650/1289 | Loss: 0.0371
Epoch: 041/050 | Batch 0700/1289 | Loss: 0.0312
Epoch: 041/050 | Batch 0750/1289 | Loss: 0.0431
Epoch: 041/050 | Batch 0800/1289 | Loss: 0.0412
Epoch: 041/050 | Batch 0850/1289 | Loss: 0.0412
Epoch: 041/050 | Batch 0900/1289 | Loss: 0.0501
Epoch: 041/050 | Batch 0950/1289 | Loss: 0.0253
Epoch: 041/050 | Batch 1000/1289 | Loss: 0.0441
Epoch: 041/050 | Batch 1050/1289 | Loss: 0.0351
Epoch: 041/050 | Batch 1100/1289 | Loss: 0.0665
Epoch: 041/050 | Batch 1150/1289 | Loss: 0.0634
Epoch: 041/050 | Batch 1200/1289 | Loss: 0.0384
Epoch: 041/050 | Batch 1250/1289 | Loss: 0.0386
MAE/RMSE/ACC: Current Valid: 3.26/4.45/12.65 Ep. 41 | Best Valid: 2.95/3.94/12.65 | Ep. 24
Time elapsed: 87.29 min
Epoch: 042/050 | Batch 0000/1289 | Loss: 0.0637
Epoch: 042/050 | Batch 0050/1289 | Loss: 0.0397
Epoch: 042/050 | Batch 0100/1289 | Loss: 0.0426
Epoch: 042/050 | Batch 0150/1289 | Loss: 0.0264
Epoch: 042/050 | Batch 0200/1289 | Loss: 0.0230
Epoch: 042/050 | Batch 0250/1289 | Loss: 0.0467
Epoch: 042/050 | Batch 0300/1289 | Loss: 0.0238
Epoch: 042/050 | Batch 0350/1289 | Loss: 0.0293
Epoch: 042/050 | Batch 0400/1289 | Loss: 0.0506
Epoch: 042/050 | Batch 0450/1289 | Loss: 0.0403
Epoch: 042/050 | Batch 0500/1289 | Loss: 0.0275
Epoch: 042/050 | Batch 0550/1289 | Loss: 0.0544
Epoch: 042/050 | Batch 0600/1289 | Loss: 0.0356
Epoch: 042/050 | Batch 0650/1289 | Loss: 0.0328
Epoch: 042/050 | Batch 0700/1289 | Loss: 0.0289
Epoch: 042/050 | Batch 0750/1289 | Loss: 0.0445
Epoch: 042/050 | Batch 0800/1289 | Loss: 0.0605
Epoch: 042/050 | Batch 0850/1289 | Loss: 0.0343
Epoch: 042/050 | Batch 0900/1289 | Loss: 0.0470
Epoch: 042/050 | Batch 0950/1289 | Loss: 0.0581
Epoch: 042/050 | Batch 1000/1289 | Loss: 0.0274
Epoch: 042/050 | Batch 1050/1289 | Loss: 0.0463
Epoch: 042/050 | Batch 1100/1289 | Loss: 0.0308
Epoch: 042/050 | Batch 1150/1289 | Loss: 0.0308
Epoch: 042/050 | Batch 1200/1289 | Loss: 0.0320
Epoch: 042/050 | Batch 1250/1289 | Loss: 0.0523
MAE/RMSE/ACC: Current Valid: 3.22/4.36/12.65 Ep. 42 | Best Valid: 2.95/3.94/12.65 | Ep. 24
Time elapsed: 89.41 min
Epoch: 043/050 | Batch 0000/1289 | Loss: 0.0206
Epoch: 043/050 | Batch 0050/1289 | Loss: 0.0193
Epoch: 043/050 | Batch 0100/1289 | Loss: 0.0496
Epoch: 043/050 | Batch 0150/1289 | Loss: 0.0605
Epoch: 043/050 | Batch 0200/1289 | Loss: 0.0155
Epoch: 043/050 | Batch 0250/1289 | Loss: 0.0271
Epoch: 043/050 | Batch 0300/1289 | Loss: 0.0377
Epoch: 043/050 | Batch 0350/1289 | Loss: 0.0240
Epoch: 043/050 | Batch 0400/1289 | Loss: 0.0237
Epoch: 043/050 | Batch 0450/1289 | Loss: 0.0243
Epoch: 043/050 | Batch 0500/1289 | Loss: 0.0265
Epoch: 043/050 | Batch 0550/1289 | Loss: 0.0510
Epoch: 043/050 | Batch 0600/1289 | Loss: 0.0301
Epoch: 043/050 | Batch 0650/1289 | Loss: 0.0323
Epoch: 043/050 | Batch 0700/1289 | Loss: 0.0412
Epoch: 043/050 | Batch 0750/1289 | Loss: 0.0302
Epoch: 043/050 | Batch 0800/1289 | Loss: 0.0241
Epoch: 043/050 | Batch 0850/1289 | Loss: 0.0511
Epoch: 043/050 | Batch 0900/1289 | Loss: 0.0300
Epoch: 043/050 | Batch 0950/1289 | Loss: 0.0307
Epoch: 043/050 | Batch 1000/1289 | Loss: 0.0435
Epoch: 043/050 | Batch 1050/1289 | Loss: 0.0441
Epoch: 043/050 | Batch 1100/1289 | Loss: 0.0389
Epoch: 043/050 | Batch 1150/1289 | Loss: 0.0378
Epoch: 043/050 | Batch 1200/1289 | Loss: 0.0274
Epoch: 043/050 | Batch 1250/1289 | Loss: 0.0339
MAE/RMSE/ACC: Current Valid: 3.16/4.30/12.65 Ep. 43 | Best Valid: 2.95/3.94/12.65 | Ep. 24
Time elapsed: 91.52 min
Epoch: 044/050 | Batch 0000/1289 | Loss: 0.0360
Epoch: 044/050 | Batch 0050/1289 | Loss: 0.0125
Epoch: 044/050 | Batch 0100/1289 | Loss: 0.0367
Epoch: 044/050 | Batch 0150/1289 | Loss: 0.0354
Epoch: 044/050 | Batch 0200/1289 | Loss: 0.0253
Epoch: 044/050 | Batch 0250/1289 | Loss: 0.0189
Epoch: 044/050 | Batch 0300/1289 | Loss: 0.0454
Epoch: 044/050 | Batch 0350/1289 | Loss: 0.0402
Epoch: 044/050 | Batch 0400/1289 | Loss: 0.0524
Epoch: 044/050 | Batch 0450/1289 | Loss: 0.0289
Epoch: 044/050 | Batch 0500/1289 | Loss: 0.0412
Epoch: 044/050 | Batch 0550/1289 | Loss: 0.0371
Epoch: 044/050 | Batch 0600/1289 | Loss: 0.0253
Epoch: 044/050 | Batch 0650/1289 | Loss: 0.0183
Epoch: 044/050 | Batch 0700/1289 | Loss: 0.0368
Epoch: 044/050 | Batch 0750/1289 | Loss: 0.0594
Epoch: 044/050 | Batch 0800/1289 | Loss: 0.0207
Epoch: 044/050 | Batch 0850/1289 | Loss: 0.0345
Epoch: 044/050 | Batch 0900/1289 | Loss: 0.0392
Epoch: 044/050 | Batch 0950/1289 | Loss: 0.0148
Epoch: 044/050 | Batch 1000/1289 | Loss: 0.0562
Epoch: 044/050 | Batch 1050/1289 | Loss: 0.0198
Epoch: 044/050 | Batch 1100/1289 | Loss: 0.0496
Epoch: 044/050 | Batch 1150/1289 | Loss: 0.0287
Epoch: 044/050 | Batch 1200/1289 | Loss: 0.0501
Epoch: 044/050 | Batch 1250/1289 | Loss: 0.0234
MAE/RMSE/ACC: Current Valid: 3.15/4.34/12.65 Ep. 44 | Best Valid: 2.95/3.94/12.65 | Ep. 24
Time elapsed: 93.63 min
Epoch: 045/050 | Batch 0000/1289 | Loss: 0.0220
Epoch: 045/050 | Batch 0050/1289 | Loss: 0.0505
Epoch: 045/050 | Batch 0100/1289 | Loss: 0.0289
Epoch: 045/050 | Batch 0150/1289 | Loss: 0.0253
Epoch: 045/050 | Batch 0200/1289 | Loss: 0.0178
Epoch: 045/050 | Batch 0250/1289 | Loss: 0.0235
Epoch: 045/050 | Batch 0300/1289 | Loss: 0.0212
Epoch: 045/050 | Batch 0350/1289 | Loss: 0.0365
Epoch: 045/050 | Batch 0400/1289 | Loss: 0.0477
Epoch: 045/050 | Batch 0450/1289 | Loss: 0.0142
Epoch: 045/050 | Batch 0500/1289 | Loss: 0.0506
Epoch: 045/050 | Batch 0550/1289 | Loss: 0.0407
Epoch: 045/050 | Batch 0600/1289 | Loss: 0.0401
Epoch: 045/050 | Batch 0650/1289 | Loss: 0.0503
Epoch: 045/050 | Batch 0700/1289 | Loss: 0.0367
Epoch: 045/050 | Batch 0750/1289 | Loss: 0.0356
Epoch: 045/050 | Batch 0800/1289 | Loss: 0.0506
Epoch: 045/050 | Batch 0850/1289 | Loss: 0.0279
Epoch: 045/050 | Batch 0900/1289 | Loss: 0.0274
Epoch: 045/050 | Batch 0950/1289 | Loss: 0.0225
Epoch: 045/050 | Batch 1000/1289 | Loss: 0.0092
Epoch: 045/050 | Batch 1050/1289 | Loss: 0.0158
Epoch: 045/050 | Batch 1100/1289 | Loss: 0.0160
Epoch: 045/050 | Batch 1150/1289 | Loss: 0.0302
Epoch: 045/050 | Batch 1200/1289 | Loss: 0.0547
Epoch: 045/050 | Batch 1250/1289 | Loss: 0.0570
MAE/RMSE/ACC: Current Valid: 3.11/4.27/12.65 Ep. 45 | Best Valid: 2.95/3.94/12.65 | Ep. 24
Time elapsed: 95.89 min
Epoch: 046/050 | Batch 0000/1289 | Loss: 0.0222
Epoch: 046/050 | Batch 0050/1289 | Loss: 0.0122
Epoch: 046/050 | Batch 0100/1289 | Loss: 0.0078
Epoch: 046/050 | Batch 0150/1289 | Loss: 0.0274
Epoch: 046/050 | Batch 0200/1289 | Loss: 0.0186
Epoch: 046/050 | Batch 0250/1289 | Loss: 0.0109
Epoch: 046/050 | Batch 0300/1289 | Loss: 0.0380
Epoch: 046/050 | Batch 0350/1289 | Loss: 0.0501
Epoch: 046/050 | Batch 0400/1289 | Loss: 0.0132
Epoch: 046/050 | Batch 0450/1289 | Loss: 0.0480
Epoch: 046/050 | Batch 0500/1289 | Loss: 0.0263
Epoch: 046/050 | Batch 0550/1289 | Loss: 0.0608
Epoch: 046/050 | Batch 0600/1289 | Loss: 0.0365
Epoch: 046/050 | Batch 0650/1289 | Loss: 0.0311
Epoch: 046/050 | Batch 0700/1289 | Loss: 0.0273
Epoch: 046/050 | Batch 0750/1289 | Loss: 0.0356
Epoch: 046/050 | Batch 0800/1289 | Loss: 0.0241
Epoch: 046/050 | Batch 0850/1289 | Loss: 0.0248
Epoch: 046/050 | Batch 0900/1289 | Loss: 0.0087
Epoch: 046/050 | Batch 0950/1289 | Loss: 0.0204
Epoch: 046/050 | Batch 1000/1289 | Loss: 0.0173
Epoch: 046/050 | Batch 1050/1289 | Loss: 0.0433
Epoch: 046/050 | Batch 1100/1289 | Loss: 0.0121
Epoch: 046/050 | Batch 1150/1289 | Loss: 0.0399
Epoch: 046/050 | Batch 1200/1289 | Loss: 0.0294
Epoch: 046/050 | Batch 1250/1289 | Loss: 0.0512
MAE/RMSE/ACC: Current Valid: 3.29/4.49/12.65 Ep. 46 | Best Valid: 2.95/3.94/12.65 | Ep. 24
Time elapsed: 98.04 min
Epoch: 047/050 | Batch 0000/1289 | Loss: 0.0338
Epoch: 047/050 | Batch 0050/1289 | Loss: 0.0472
Epoch: 047/050 | Batch 0100/1289 | Loss: 0.0147
Epoch: 047/050 | Batch 0150/1289 | Loss: 0.0270
Epoch: 047/050 | Batch 0200/1289 | Loss: 0.0634
Epoch: 047/050 | Batch 0250/1289 | Loss: 0.0323
Epoch: 047/050 | Batch 0300/1289 | Loss: 0.0173
Epoch: 047/050 | Batch 0350/1289 | Loss: 0.0263
Epoch: 047/050 | Batch 0400/1289 | Loss: 0.0206
Epoch: 047/050 | Batch 0450/1289 | Loss: 0.0203
Epoch: 047/050 | Batch 0500/1289 | Loss: 0.0124
Epoch: 047/050 | Batch 0550/1289 | Loss: 0.0512
Epoch: 047/050 | Batch 0600/1289 | Loss: 0.0131
Epoch: 047/050 | Batch 0650/1289 | Loss: 0.0239
Epoch: 047/050 | Batch 0700/1289 | Loss: 0.0209
Epoch: 047/050 | Batch 0750/1289 | Loss: 0.0184
Epoch: 047/050 | Batch 0800/1289 | Loss: 0.0144
Epoch: 047/050 | Batch 0850/1289 | Loss: 0.0338
Epoch: 047/050 | Batch 0900/1289 | Loss: 0.0301
Epoch: 047/050 | Batch 0950/1289 | Loss: 0.0501
Epoch: 047/050 | Batch 1000/1289 | Loss: 0.0270
Epoch: 047/050 | Batch 1050/1289 | Loss: 0.0378
Epoch: 047/050 | Batch 1100/1289 | Loss: 0.0078
Epoch: 047/050 | Batch 1150/1289 | Loss: 0.0117
Epoch: 047/050 | Batch 1200/1289 | Loss: 0.0201
Epoch: 047/050 | Batch 1250/1289 | Loss: 0.0165
MAE/RMSE/ACC: Current Valid: 3.24/4.45/12.65 Ep. 47 | Best Valid: 2.95/3.94/12.65 | Ep. 24
Time elapsed: 100.14 min
Epoch: 048/050 | Batch 0000/1289 | Loss: 0.0156
Epoch: 048/050 | Batch 0050/1289 | Loss: 0.0243
Epoch: 048/050 | Batch 0100/1289 | Loss: 0.0423
Epoch: 048/050 | Batch 0150/1289 | Loss: 0.0136
Epoch: 048/050 | Batch 0200/1289 | Loss: 0.0143
Epoch: 048/050 | Batch 0250/1289 | Loss: 0.0199
Epoch: 048/050 | Batch 0300/1289 | Loss: 0.0147
Epoch: 048/050 | Batch 0350/1289 | Loss: 0.0317
Epoch: 048/050 | Batch 0400/1289 | Loss: 0.0173
Epoch: 048/050 | Batch 0450/1289 | Loss: 0.0173
Epoch: 048/050 | Batch 0500/1289 | Loss: 0.0196
Epoch: 048/050 | Batch 0550/1289 | Loss: 0.0518
Epoch: 048/050 | Batch 0600/1289 | Loss: 0.0239
Epoch: 048/050 | Batch 0650/1289 | Loss: 0.0320
Epoch: 048/050 | Batch 0700/1289 | Loss: 0.0311
Epoch: 048/050 | Batch 0750/1289 | Loss: 0.0211
Epoch: 048/050 | Batch 0800/1289 | Loss: 0.0079
Epoch: 048/050 | Batch 0850/1289 | Loss: 0.0152
Epoch: 048/050 | Batch 0900/1289 | Loss: 0.0343
Epoch: 048/050 | Batch 0950/1289 | Loss: 0.0151
Epoch: 048/050 | Batch 1000/1289 | Loss: 0.0451
Epoch: 048/050 | Batch 1050/1289 | Loss: 0.0371
Epoch: 048/050 | Batch 1100/1289 | Loss: 0.0311
Epoch: 048/050 | Batch 1150/1289 | Loss: 0.0297
Epoch: 048/050 | Batch 1200/1289 | Loss: 0.0175
Epoch: 048/050 | Batch 1250/1289 | Loss: 0.0368
MAE/RMSE/ACC: Current Valid: 3.20/4.44/12.65 Ep. 48 | Best Valid: 2.95/3.94/12.65 | Ep. 24
Time elapsed: 102.25 min
Epoch: 049/050 | Batch 0000/1289 | Loss: 0.0133
Epoch: 049/050 | Batch 0050/1289 | Loss: 0.0197
Epoch: 049/050 | Batch 0100/1289 | Loss: 0.0327
Epoch: 049/050 | Batch 0150/1289 | Loss: 0.0254
Epoch: 049/050 | Batch 0200/1289 | Loss: 0.0233
Epoch: 049/050 | Batch 0250/1289 | Loss: 0.0141
Epoch: 049/050 | Batch 0300/1289 | Loss: 0.0360
Epoch: 049/050 | Batch 0350/1289 | Loss: 0.0311
Epoch: 049/050 | Batch 0400/1289 | Loss: 0.0308
Epoch: 049/050 | Batch 0450/1289 | Loss: 0.0180
Epoch: 049/050 | Batch 0500/1289 | Loss: 0.0153
Epoch: 049/050 | Batch 0550/1289 | Loss: 0.0481
Epoch: 049/050 | Batch 0600/1289 | Loss: 0.0315
Epoch: 049/050 | Batch 0650/1289 | Loss: 0.0313
Epoch: 049/050 | Batch 0700/1289 | Loss: 0.0415
Epoch: 049/050 | Batch 0750/1289 | Loss: 0.0157
Epoch: 049/050 | Batch 0800/1289 | Loss: 0.0312
Epoch: 049/050 | Batch 0850/1289 | Loss: 0.0153
Epoch: 049/050 | Batch 0900/1289 | Loss: 0.0150
Epoch: 049/050 | Batch 0950/1289 | Loss: 0.0237
Epoch: 049/050 | Batch 1000/1289 | Loss: 0.0112
Epoch: 049/050 | Batch 1050/1289 | Loss: 0.0254
Epoch: 049/050 | Batch 1100/1289 | Loss: 0.0147
Epoch: 049/050 | Batch 1150/1289 | Loss: 0.0151
Epoch: 049/050 | Batch 1200/1289 | Loss: 0.0207
Epoch: 049/050 | Batch 1250/1289 | Loss: 0.0075
MAE/RMSE/ACC: Current Valid: 3.23/4.43/12.65 Ep. 49 | Best Valid: 2.95/3.94/12.65 | Ep. 24
Time elapsed: 104.37 min
Epoch: 050/050 | Batch 0000/1289 | Loss: 0.0298
Epoch: 050/050 | Batch 0050/1289 | Loss: 0.0413
Epoch: 050/050 | Batch 0100/1289 | Loss: 0.0211
Epoch: 050/050 | Batch 0150/1289 | Loss: 0.0100
Epoch: 050/050 | Batch 0200/1289 | Loss: 0.0323
Epoch: 050/050 | Batch 0250/1289 | Loss: 0.0541
Epoch: 050/050 | Batch 0300/1289 | Loss: 0.0247
Epoch: 050/050 | Batch 0350/1289 | Loss: 0.0289
Epoch: 050/050 | Batch 0400/1289 | Loss: 0.0177
Epoch: 050/050 | Batch 0450/1289 | Loss: 0.0272
Epoch: 050/050 | Batch 0500/1289 | Loss: 0.0097
Epoch: 050/050 | Batch 0550/1289 | Loss: 0.0056
Epoch: 050/050 | Batch 0600/1289 | Loss: 0.0188
Epoch: 050/050 | Batch 0650/1289 | Loss: 0.0173
Epoch: 050/050 | Batch 0700/1289 | Loss: 0.0112
Epoch: 050/050 | Batch 0750/1289 | Loss: 0.0228
Epoch: 050/050 | Batch 0800/1289 | Loss: 0.0207
Epoch: 050/050 | Batch 0850/1289 | Loss: 0.0315
Epoch: 050/050 | Batch 0900/1289 | Loss: 0.0246
Epoch: 050/050 | Batch 0950/1289 | Loss: 0.0269
Epoch: 050/050 | Batch 1000/1289 | Loss: 0.0208
Epoch: 050/050 | Batch 1050/1289 | Loss: 0.0593
Epoch: 050/050 | Batch 1100/1289 | Loss: 0.0220
Epoch: 050/050 | Batch 1150/1289 | Loss: 0.0217
Epoch: 050/050 | Batch 1200/1289 | Loss: 0.0406
Epoch: 050/050 | Batch 1250/1289 | Loss: 0.0133
MAE/RMSE/ACC: Current Valid: 3.19/4.35/12.65 Ep. 50 | Best Valid: 2.95/3.94/12.65 | Ep. 24
Time elapsed: 106.49 min
MAE/RMSE: | Train: 0.26/1.05 | Valid: 3.19/4.35 | Test: 3.14/4.30
ACC: | Train: 90.05 | Valid: 13.54 | Test: 13.22
Total Running Time: 108.08 min
MAE/RMSE: | Best Train: 1.63/2.29 | Best Valid: 2.95/3.94 | Best Test: 2.97/3.97
ACC: | Best Train: 25.44 | Best Valid: 12.65 | Best Test: 12.45
Total Running Time: 109.66 min
