This script: resnet34_coral.py
PyTorch Version: 1.8.1
CUDA device: cuda:4
CUDA version: 11.1
Random seed: 4
Learning rate: 0.0005
Epochs: 200
Batch size: 256
Output path: runs/aes/resnet34_coral-imp0-seed4-epochs200_best-rmse
Epoch: 001/200 | Batch 0000/0043 | Loss: 2.8709
MAE/RMSE/ACC: Current Valid: 1.67/1.78/1.63 Ep. 1 | Best Valid: 1.67/1.78/1.63 | Ep. 1
Time elapsed: 0.34 min
Epoch: 002/200 | Batch 0000/0043 | Loss: 2.6653
MAE/RMSE/ACC: Current Valid: 1.58/1.72/5.57 Ep. 2 | Best Valid: 1.58/1.72/5.57 | Ep. 2
Time elapsed: 0.66 min
Epoch: 003/200 | Batch 0000/0043 | Loss: 2.6630
MAE/RMSE/ACC: Current Valid: 1.46/1.65/12.16 Ep. 3 | Best Valid: 1.46/1.65/12.16 | Ep. 3
Time elapsed: 0.99 min
Epoch: 004/200 | Batch 0000/0043 | Loss: 2.5933
MAE/RMSE/ACC: Current Valid: 1.27/1.61/27.68 Ep. 4 | Best Valid: 1.27/1.61/27.68 | Ep. 4
Time elapsed: 1.33 min
Epoch: 005/200 | Batch 0000/0043 | Loss: 2.5495
MAE/RMSE/ACC: Current Valid: 1.36/1.62/27.68 Ep. 5 | Best Valid: 1.27/1.61/27.68 | Ep. 4
Time elapsed: 1.65 min
Epoch: 006/200 | Batch 0000/0043 | Loss: 2.5343
MAE/RMSE/ACC: Current Valid: 1.58/1.72/27.68 Ep. 6 | Best Valid: 1.27/1.61/27.68 | Ep. 4
Time elapsed: 1.98 min
Epoch: 007/200 | Batch 0000/0043 | Loss: 2.4752
MAE/RMSE/ACC: Current Valid: 1.24/1.50/22.39 Ep. 7 | Best Valid: 1.24/1.50/22.39 | Ep. 7
Time elapsed: 2.32 min
Epoch: 008/200 | Batch 0000/0043 | Loss: 2.4161
MAE/RMSE/ACC: Current Valid: 1.26/1.52/22.39 Ep. 8 | Best Valid: 1.24/1.50/22.39 | Ep. 7
Time elapsed: 2.67 min
Epoch: 009/200 | Batch 0000/0043 | Loss: 2.3882
MAE/RMSE/ACC: Current Valid: 1.21/1.48/24.07 Ep. 9 | Best Valid: 1.21/1.48/24.07 | Ep. 9
Time elapsed: 3.01 min
Epoch: 010/200 | Batch 0000/0043 | Loss: 2.3663
MAE/RMSE/ACC: Current Valid: 1.31/1.55/24.07 Ep. 10 | Best Valid: 1.21/1.48/24.07 | Ep. 9
Time elapsed: 3.36 min
Epoch: 011/200 | Batch 0000/0043 | Loss: 2.3131
MAE/RMSE/ACC: Current Valid: 1.20/1.47/24.07 Ep. 11 | Best Valid: 1.20/1.47/24.07 | Ep. 11
Time elapsed: 3.71 min
Epoch: 012/200 | Batch 0000/0043 | Loss: 2.2553
MAE/RMSE/ACC: Current Valid: 1.19/1.46/24.51 Ep. 12 | Best Valid: 1.19/1.46/24.51 | Ep. 12
Time elapsed: 4.06 min
Epoch: 013/200 | Batch 0000/0043 | Loss: 2.2333
MAE/RMSE/ACC: Current Valid: 1.12/1.42/28.11 Ep. 13 | Best Valid: 1.12/1.42/28.11 | Ep. 13
Time elapsed: 4.41 min
Epoch: 014/200 | Batch 0000/0043 | Loss: 2.2118
MAE/RMSE/ACC: Current Valid: 1.04/1.33/30.42 Ep. 14 | Best Valid: 1.04/1.33/30.42 | Ep. 14
Time elapsed: 4.76 min
Epoch: 015/200 | Batch 0000/0043 | Loss: 2.1395
MAE/RMSE/ACC: Current Valid: 1.08/1.37/30.42 Ep. 15 | Best Valid: 1.04/1.33/30.42 | Ep. 14
Time elapsed: 5.11 min
Epoch: 016/200 | Batch 0000/0043 | Loss: 2.1154
MAE/RMSE/ACC: Current Valid: 1.05/1.35/30.42 Ep. 16 | Best Valid: 1.04/1.33/30.42 | Ep. 14
Time elapsed: 5.46 min
Epoch: 017/200 | Batch 0000/0043 | Loss: 2.0973
MAE/RMSE/ACC: Current Valid: 0.95/1.27/34.89 Ep. 17 | Best Valid: 0.95/1.27/34.89 | Ep. 17
Time elapsed: 5.81 min
Epoch: 018/200 | Batch 0000/0043 | Loss: 2.0830
MAE/RMSE/ACC: Current Valid: 0.92/1.24/36.38 Ep. 18 | Best Valid: 0.92/1.24/36.38 | Ep. 18
Time elapsed: 6.17 min
Epoch: 019/200 | Batch 0000/0043 | Loss: 2.0509
MAE/RMSE/ACC: Current Valid: 1.17/1.44/36.38 Ep. 19 | Best Valid: 0.92/1.24/36.38 | Ep. 18
Time elapsed: 6.51 min
Epoch: 020/200 | Batch 0000/0043 | Loss: 2.0540
MAE/RMSE/ACC: Current Valid: 0.99/1.30/36.38 Ep. 20 | Best Valid: 0.92/1.24/36.38 | Ep. 18
Time elapsed: 6.86 min
Epoch: 021/200 | Batch 0000/0043 | Loss: 1.9856
MAE/RMSE/ACC: Current Valid: 0.93/1.24/36.38 Ep. 21 | Best Valid: 0.92/1.24/36.38 | Ep. 18
Time elapsed: 7.21 min
Epoch: 022/200 | Batch 0000/0043 | Loss: 1.9634
MAE/RMSE/ACC: Current Valid: 0.86/1.17/38.11 Ep. 22 | Best Valid: 0.86/1.17/38.11 | Ep. 22
Time elapsed: 7.56 min
Epoch: 023/200 | Batch 0000/0043 | Loss: 1.9253
MAE/RMSE/ACC: Current Valid: 0.79/1.11/42.00 Ep. 23 | Best Valid: 0.79/1.11/42.00 | Ep. 23
Time elapsed: 7.91 min
Epoch: 024/200 | Batch 0000/0043 | Loss: 1.9067
MAE/RMSE/ACC: Current Valid: 0.83/1.14/42.00 Ep. 24 | Best Valid: 0.79/1.11/42.00 | Ep. 23
Time elapsed: 8.26 min
Epoch: 025/200 | Batch 0000/0043 | Loss: 1.8955
MAE/RMSE/ACC: Current Valid: 0.74/1.06/44.07 Ep. 25 | Best Valid: 0.74/1.06/44.07 | Ep. 25
Time elapsed: 8.62 min
Epoch: 026/200 | Batch 0000/0043 | Loss: 1.8408
MAE/RMSE/ACC: Current Valid: 0.99/1.29/44.07 Ep. 26 | Best Valid: 0.74/1.06/44.07 | Ep. 25
Time elapsed: 8.97 min
Epoch: 027/200 | Batch 0000/0043 | Loss: 1.8416
MAE/RMSE/ACC: Current Valid: 0.78/1.11/44.07 Ep. 27 | Best Valid: 0.74/1.06/44.07 | Ep. 25
Time elapsed: 9.32 min
Epoch: 028/200 | Batch 0000/0043 | Loss: 1.8869
MAE/RMSE/ACC: Current Valid: 0.75/1.08/44.07 Ep. 28 | Best Valid: 0.74/1.06/44.07 | Ep. 25
Time elapsed: 9.67 min
Epoch: 029/200 | Batch 0000/0043 | Loss: 1.8291
MAE/RMSE/ACC: Current Valid: 0.78/1.10/44.07 Ep. 29 | Best Valid: 0.74/1.06/44.07 | Ep. 25
Time elapsed: 10.01 min
Epoch: 030/200 | Batch 0000/0043 | Loss: 1.7958
MAE/RMSE/ACC: Current Valid: 0.78/1.10/44.07 Ep. 30 | Best Valid: 0.74/1.06/44.07 | Ep. 25
Time elapsed: 10.36 min
Epoch: 031/200 | Batch 0000/0043 | Loss: 1.7922
MAE/RMSE/ACC: Current Valid: 0.75/1.08/44.07 Ep. 31 | Best Valid: 0.74/1.06/44.07 | Ep. 25
Time elapsed: 10.71 min
Epoch: 032/200 | Batch 0000/0043 | Loss: 1.7500
MAE/RMSE/ACC: Current Valid: 0.83/1.14/44.07 Ep. 32 | Best Valid: 0.74/1.06/44.07 | Ep. 25
Time elapsed: 11.06 min
Epoch: 033/200 | Batch 0000/0043 | Loss: 1.7525
MAE/RMSE/ACC: Current Valid: 0.71/1.04/45.56 Ep. 33 | Best Valid: 0.71/1.04/45.56 | Ep. 33
Time elapsed: 11.41 min
Epoch: 034/200 | Batch 0000/0043 | Loss: 1.7408
MAE/RMSE/ACC: Current Valid: 0.86/1.17/45.56 Ep. 34 | Best Valid: 0.71/1.04/45.56 | Ep. 33
Time elapsed: 11.75 min
Epoch: 035/200 | Batch 0000/0043 | Loss: 1.7133
MAE/RMSE/ACC: Current Valid: 0.63/0.95/49.59 Ep. 35 | Best Valid: 0.63/0.95/49.59 | Ep. 35
Time elapsed: 12.11 min
Epoch: 036/200 | Batch 0000/0043 | Loss: 1.6788
MAE/RMSE/ACC: Current Valid: 0.67/0.98/49.59 Ep. 36 | Best Valid: 0.63/0.95/49.59 | Ep. 35
Time elapsed: 12.46 min
Epoch: 037/200 | Batch 0000/0043 | Loss: 1.6556
MAE/RMSE/ACC: Current Valid: 0.74/1.06/49.59 Ep. 37 | Best Valid: 0.63/0.95/49.59 | Ep. 35
Time elapsed: 12.83 min
Epoch: 038/200 | Batch 0000/0043 | Loss: 1.6404
MAE/RMSE/ACC: Current Valid: 0.81/1.12/49.59 Ep. 38 | Best Valid: 0.63/0.95/49.59 | Ep. 35
Time elapsed: 13.20 min
Epoch: 039/200 | Batch 0000/0043 | Loss: 1.6079
MAE/RMSE/ACC: Current Valid: 0.74/1.06/49.59 Ep. 39 | Best Valid: 0.63/0.95/49.59 | Ep. 35
Time elapsed: 13.58 min
Epoch: 040/200 | Batch 0000/0043 | Loss: 1.5852
MAE/RMSE/ACC: Current Valid: 0.73/1.05/49.59 Ep. 40 | Best Valid: 0.63/0.95/49.59 | Ep. 35
Time elapsed: 13.96 min
Epoch: 041/200 | Batch 0000/0043 | Loss: 1.5898
MAE/RMSE/ACC: Current Valid: 0.77/1.08/49.59 Ep. 41 | Best Valid: 0.63/0.95/49.59 | Ep. 35
Time elapsed: 14.33 min
Epoch: 042/200 | Batch 0000/0043 | Loss: 1.5574
MAE/RMSE/ACC: Current Valid: 0.64/0.97/49.59 Ep. 42 | Best Valid: 0.63/0.95/49.59 | Ep. 35
Time elapsed: 14.71 min
Epoch: 043/200 | Batch 0000/0043 | Loss: 1.5677
MAE/RMSE/ACC: Current Valid: 0.74/1.06/49.59 Ep. 43 | Best Valid: 0.63/0.95/49.59 | Ep. 35
Time elapsed: 15.08 min
Epoch: 044/200 | Batch 0000/0043 | Loss: 1.5476
MAE/RMSE/ACC: Current Valid: 0.71/1.03/49.59 Ep. 44 | Best Valid: 0.63/0.95/49.59 | Ep. 35
Time elapsed: 15.46 min
Epoch: 045/200 | Batch 0000/0043 | Loss: 1.5062
MAE/RMSE/ACC: Current Valid: 0.69/1.02/49.59 Ep. 45 | Best Valid: 0.63/0.95/49.59 | Ep. 35
Time elapsed: 15.84 min
Epoch: 046/200 | Batch 0000/0043 | Loss: 1.5045
MAE/RMSE/ACC: Current Valid: 0.68/1.00/49.59 Ep. 46 | Best Valid: 0.63/0.95/49.59 | Ep. 35
Time elapsed: 16.21 min
Epoch: 047/200 | Batch 0000/0043 | Loss: 1.4908
MAE/RMSE/ACC: Current Valid: 0.68/1.00/49.59 Ep. 47 | Best Valid: 0.63/0.95/49.59 | Ep. 35
Time elapsed: 16.59 min
Epoch: 048/200 | Batch 0000/0043 | Loss: 1.4662
MAE/RMSE/ACC: Current Valid: 0.76/1.08/49.59 Ep. 48 | Best Valid: 0.63/0.95/49.59 | Ep. 35
Time elapsed: 16.96 min
Epoch: 049/200 | Batch 0000/0043 | Loss: 1.4738
MAE/RMSE/ACC: Current Valid: 0.74/1.06/49.59 Ep. 49 | Best Valid: 0.63/0.95/49.59 | Ep. 35
Time elapsed: 17.34 min
Epoch: 050/200 | Batch 0000/0043 | Loss: 1.4347
MAE/RMSE/ACC: Current Valid: 0.59/0.89/51.13 Ep. 50 | Best Valid: 0.59/0.89/51.13 | Ep. 50
Time elapsed: 17.72 min
Epoch: 051/200 | Batch 0000/0043 | Loss: 1.4131
MAE/RMSE/ACC: Current Valid: 0.67/0.99/51.13 Ep. 51 | Best Valid: 0.59/0.89/51.13 | Ep. 50
Time elapsed: 18.09 min
Epoch: 052/200 | Batch 0000/0043 | Loss: 1.4117
MAE/RMSE/ACC: Current Valid: 0.76/1.08/51.13 Ep. 52 | Best Valid: 0.59/0.89/51.13 | Ep. 50
Time elapsed: 18.46 min
Epoch: 053/200 | Batch 0000/0043 | Loss: 1.4137
MAE/RMSE/ACC: Current Valid: 0.69/1.00/51.13 Ep. 53 | Best Valid: 0.59/0.89/51.13 | Ep. 50
Time elapsed: 18.84 min
Epoch: 054/200 | Batch 0000/0043 | Loss: 1.3736
MAE/RMSE/ACC: Current Valid: 0.61/0.91/51.13 Ep. 54 | Best Valid: 0.59/0.89/51.13 | Ep. 50
Time elapsed: 19.21 min
Epoch: 055/200 | Batch 0000/0043 | Loss: 1.3884
MAE/RMSE/ACC: Current Valid: 0.76/1.08/51.13 Ep. 55 | Best Valid: 0.59/0.89/51.13 | Ep. 50
Time elapsed: 19.58 min
Epoch: 056/200 | Batch 0000/0043 | Loss: 1.3459
MAE/RMSE/ACC: Current Valid: 0.64/0.95/51.13 Ep. 56 | Best Valid: 0.59/0.89/51.13 | Ep. 50
Time elapsed: 19.96 min
Epoch: 057/200 | Batch 0000/0043 | Loss: 1.3287
MAE/RMSE/ACC: Current Valid: 0.64/0.96/51.13 Ep. 57 | Best Valid: 0.59/0.89/51.13 | Ep. 50
Time elapsed: 20.33 min
Epoch: 058/200 | Batch 0000/0043 | Loss: 1.3504
MAE/RMSE/ACC: Current Valid: 0.65/0.96/51.13 Ep. 58 | Best Valid: 0.59/0.89/51.13 | Ep. 50
Time elapsed: 20.71 min
Epoch: 059/200 | Batch 0000/0043 | Loss: 1.2993
MAE/RMSE/ACC: Current Valid: 0.61/0.92/51.13 Ep. 59 | Best Valid: 0.59/0.89/51.13 | Ep. 50
Time elapsed: 21.08 min
Epoch: 060/200 | Batch 0000/0043 | Loss: 1.2908
MAE/RMSE/ACC: Current Valid: 0.77/1.09/51.13 Ep. 60 | Best Valid: 0.59/0.89/51.13 | Ep. 50
Time elapsed: 21.45 min
Epoch: 061/200 | Batch 0000/0043 | Loss: 1.2822
MAE/RMSE/ACC: Current Valid: 0.59/0.89/51.13 Ep. 61 | Best Valid: 0.59/0.89/51.13 | Ep. 50
Time elapsed: 21.82 min
Epoch: 062/200 | Batch 0000/0043 | Loss: 1.2659
MAE/RMSE/ACC: Current Valid: 0.59/0.90/51.13 Ep. 62 | Best Valid: 0.59/0.89/51.13 | Ep. 50
Time elapsed: 22.20 min
Epoch: 063/200 | Batch 0000/0043 | Loss: 1.2491
MAE/RMSE/ACC: Current Valid: 0.47/0.72/56.03 Ep. 63 | Best Valid: 0.47/0.72/56.03 | Ep. 63
Time elapsed: 22.57 min
Epoch: 064/200 | Batch 0000/0043 | Loss: 1.2542
MAE/RMSE/ACC: Current Valid: 0.63/0.94/56.03 Ep. 64 | Best Valid: 0.47/0.72/56.03 | Ep. 63
Time elapsed: 22.95 min
Epoch: 065/200 | Batch 0000/0043 | Loss: 1.2502
MAE/RMSE/ACC: Current Valid: 0.61/0.93/56.03 Ep. 65 | Best Valid: 0.47/0.72/56.03 | Ep. 63
Time elapsed: 23.32 min
Epoch: 066/200 | Batch 0000/0043 | Loss: 1.2259
MAE/RMSE/ACC: Current Valid: 0.67/0.98/56.03 Ep. 66 | Best Valid: 0.47/0.72/56.03 | Ep. 63
Time elapsed: 23.69 min
Epoch: 067/200 | Batch 0000/0043 | Loss: 1.2271
MAE/RMSE/ACC: Current Valid: 0.52/0.82/56.03 Ep. 67 | Best Valid: 0.47/0.72/56.03 | Ep. 63
Time elapsed: 24.07 min
Epoch: 068/200 | Batch 0000/0043 | Loss: 1.1982
MAE/RMSE/ACC: Current Valid: 0.60/0.91/56.03 Ep. 68 | Best Valid: 0.47/0.72/56.03 | Ep. 63
Time elapsed: 24.44 min
Epoch: 069/200 | Batch 0000/0043 | Loss: 1.1921
MAE/RMSE/ACC: Current Valid: 0.46/0.72/56.56 Ep. 69 | Best Valid: 0.46/0.72/56.56 | Ep. 69
Time elapsed: 24.82 min
Epoch: 070/200 | Batch 0000/0043 | Loss: 1.1776
MAE/RMSE/ACC: Current Valid: 0.50/0.77/56.56 Ep. 70 | Best Valid: 0.46/0.72/56.56 | Ep. 69
Time elapsed: 25.19 min
Epoch: 071/200 | Batch 0000/0043 | Loss: 1.1858
MAE/RMSE/ACC: Current Valid: 0.50/0.77/56.56 Ep. 71 | Best Valid: 0.46/0.72/56.56 | Ep. 69
Time elapsed: 25.56 min
Epoch: 072/200 | Batch 0000/0043 | Loss: 1.1772
MAE/RMSE/ACC: Current Valid: 0.59/0.90/56.56 Ep. 72 | Best Valid: 0.46/0.72/56.56 | Ep. 69
Time elapsed: 25.94 min
Epoch: 073/200 | Batch 0000/0043 | Loss: 1.1483
MAE/RMSE/ACC: Current Valid: 0.54/0.82/56.56 Ep. 73 | Best Valid: 0.46/0.72/56.56 | Ep. 69
Time elapsed: 26.31 min
Epoch: 074/200 | Batch 0000/0043 | Loss: 1.1492
MAE/RMSE/ACC: Current Valid: 0.51/0.78/56.56 Ep. 74 | Best Valid: 0.46/0.72/56.56 | Ep. 69
Time elapsed: 26.68 min
Epoch: 075/200 | Batch 0000/0043 | Loss: 1.1415
MAE/RMSE/ACC: Current Valid: 0.48/0.75/56.56 Ep. 75 | Best Valid: 0.46/0.72/56.56 | Ep. 69
Time elapsed: 27.06 min
Epoch: 076/200 | Batch 0000/0043 | Loss: 1.1222
MAE/RMSE/ACC: Current Valid: 0.49/0.77/56.56 Ep. 76 | Best Valid: 0.46/0.72/56.56 | Ep. 69
Time elapsed: 27.43 min
Epoch: 077/200 | Batch 0000/0043 | Loss: 1.0915
MAE/RMSE/ACC: Current Valid: 0.49/0.75/56.56 Ep. 77 | Best Valid: 0.46/0.72/56.56 | Ep. 69
Time elapsed: 27.80 min
Epoch: 078/200 | Batch 0000/0043 | Loss: 1.1140
MAE/RMSE/ACC: Current Valid: 0.52/0.80/56.56 Ep. 78 | Best Valid: 0.46/0.72/56.56 | Ep. 69
Time elapsed: 28.18 min
Epoch: 079/200 | Batch 0000/0043 | Loss: 1.1304
MAE/RMSE/ACC: Current Valid: 0.45/0.70/56.80 Ep. 79 | Best Valid: 0.45/0.70/56.80 | Ep. 79
Time elapsed: 28.56 min
Epoch: 080/200 | Batch 0000/0043 | Loss: 1.0879
MAE/RMSE/ACC: Current Valid: 0.47/0.72/56.80 Ep. 80 | Best Valid: 0.45/0.70/56.80 | Ep. 79
Time elapsed: 28.93 min
Epoch: 081/200 | Batch 0000/0043 | Loss: 1.0482
MAE/RMSE/ACC: Current Valid: 0.49/0.76/56.80 Ep. 81 | Best Valid: 0.45/0.70/56.80 | Ep. 79
Time elapsed: 29.30 min
Epoch: 082/200 | Batch 0000/0043 | Loss: 1.0579
MAE/RMSE/ACC: Current Valid: 0.46/0.71/56.80 Ep. 82 | Best Valid: 0.45/0.70/56.80 | Ep. 79
Time elapsed: 29.67 min
Epoch: 083/200 | Batch 0000/0043 | Loss: 1.0511
MAE/RMSE/ACC: Current Valid: 0.52/0.81/56.80 Ep. 83 | Best Valid: 0.45/0.70/56.80 | Ep. 79
Time elapsed: 30.05 min
Epoch: 084/200 | Batch 0000/0043 | Loss: 1.0777
MAE/RMSE/ACC: Current Valid: 0.46/0.72/56.80 Ep. 84 | Best Valid: 0.45/0.70/56.80 | Ep. 79
Time elapsed: 30.42 min
Epoch: 085/200 | Batch 0000/0043 | Loss: 1.0742
MAE/RMSE/ACC: Current Valid: 0.46/0.72/56.80 Ep. 85 | Best Valid: 0.45/0.70/56.80 | Ep. 79
Time elapsed: 30.79 min
Epoch: 086/200 | Batch 0000/0043 | Loss: 1.0351
MAE/RMSE/ACC: Current Valid: 0.46/0.72/56.80 Ep. 86 | Best Valid: 0.45/0.70/56.80 | Ep. 79
Time elapsed: 31.17 min
Epoch: 087/200 | Batch 0000/0043 | Loss: 1.0232
MAE/RMSE/ACC: Current Valid: 0.47/0.72/56.80 Ep. 87 | Best Valid: 0.45/0.70/56.80 | Ep. 79
Time elapsed: 31.54 min
Epoch: 088/200 | Batch 0000/0043 | Loss: 1.0005
MAE/RMSE/ACC: Current Valid: 0.48/0.75/56.80 Ep. 88 | Best Valid: 0.45/0.70/56.80 | Ep. 79
Time elapsed: 31.92 min
Epoch: 089/200 | Batch 0000/0043 | Loss: 1.0345
MAE/RMSE/ACC: Current Valid: 0.47/0.73/56.80 Ep. 89 | Best Valid: 0.45/0.70/56.80 | Ep. 79
Time elapsed: 32.29 min
Epoch: 090/200 | Batch 0000/0043 | Loss: 0.9746
MAE/RMSE/ACC: Current Valid: 0.45/0.72/56.80 Ep. 90 | Best Valid: 0.45/0.70/56.80 | Ep. 79
Time elapsed: 32.67 min
Epoch: 091/200 | Batch 0000/0043 | Loss: 1.0109
MAE/RMSE/ACC: Current Valid: 0.46/0.72/56.80 Ep. 91 | Best Valid: 0.45/0.70/56.80 | Ep. 79
Time elapsed: 33.04 min
Epoch: 092/200 | Batch 0000/0043 | Loss: 0.9811
MAE/RMSE/ACC: Current Valid: 0.47/0.73/56.80 Ep. 92 | Best Valid: 0.45/0.70/56.80 | Ep. 79
Time elapsed: 33.41 min
Epoch: 093/200 | Batch 0000/0043 | Loss: 0.9725
MAE/RMSE/ACC: Current Valid: 0.46/0.73/56.80 Ep. 93 | Best Valid: 0.45/0.70/56.80 | Ep. 79
Time elapsed: 33.78 min
Epoch: 094/200 | Batch 0000/0043 | Loss: 0.9817
MAE/RMSE/ACC: Current Valid: 0.46/0.72/56.80 Ep. 94 | Best Valid: 0.45/0.70/56.80 | Ep. 79
Time elapsed: 34.16 min
Epoch: 095/200 | Batch 0000/0043 | Loss: 0.9520
MAE/RMSE/ACC: Current Valid: 0.47/0.72/56.80 Ep. 95 | Best Valid: 0.45/0.70/56.80 | Ep. 79
Time elapsed: 34.53 min
Epoch: 096/200 | Batch 0000/0043 | Loss: 0.9442
MAE/RMSE/ACC: Current Valid: 0.47/0.73/56.80 Ep. 96 | Best Valid: 0.45/0.70/56.80 | Ep. 79
Time elapsed: 34.90 min
Epoch: 097/200 | Batch 0000/0043 | Loss: 0.9640
MAE/RMSE/ACC: Current Valid: 0.47/0.73/56.80 Ep. 97 | Best Valid: 0.45/0.70/56.80 | Ep. 79
Time elapsed: 35.27 min
Epoch: 098/200 | Batch 0000/0043 | Loss: 0.9336
MAE/RMSE/ACC: Current Valid: 0.48/0.74/56.80 Ep. 98 | Best Valid: 0.45/0.70/56.80 | Ep. 79
Time elapsed: 35.65 min
Epoch: 099/200 | Batch 0000/0043 | Loss: 0.9435
MAE/RMSE/ACC: Current Valid: 0.46/0.72/56.80 Ep. 99 | Best Valid: 0.45/0.70/56.80 | Ep. 79
Time elapsed: 36.02 min
Epoch: 100/200 | Batch 0000/0043 | Loss: 0.9075
MAE/RMSE/ACC: Current Valid: 0.47/0.73/56.80 Ep. 100 | Best Valid: 0.45/0.70/56.80 | Ep. 79
Time elapsed: 36.37 min
Epoch: 101/200 | Batch 0000/0043 | Loss: 0.9016
MAE/RMSE/ACC: Current Valid: 0.46/0.72/56.80 Ep. 101 | Best Valid: 0.45/0.70/56.80 | Ep. 79
Time elapsed: 36.72 min
Epoch: 102/200 | Batch 0000/0043 | Loss: 0.9081
MAE/RMSE/ACC: Current Valid: 0.46/0.71/56.80 Ep. 102 | Best Valid: 0.45/0.70/56.80 | Ep. 79
Time elapsed: 37.07 min
Epoch: 103/200 | Batch 0000/0043 | Loss: 0.9179
MAE/RMSE/ACC: Current Valid: 0.47/0.73/56.80 Ep. 103 | Best Valid: 0.45/0.70/56.80 | Ep. 79
Time elapsed: 37.41 min
Epoch: 104/200 | Batch 0000/0043 | Loss: 0.8755
MAE/RMSE/ACC: Current Valid: 0.48/0.73/56.80 Ep. 104 | Best Valid: 0.45/0.70/56.80 | Ep. 79
Time elapsed: 37.76 min
Epoch: 105/200 | Batch 0000/0043 | Loss: 0.9080
MAE/RMSE/ACC: Current Valid: 0.46/0.72/56.80 Ep. 105 | Best Valid: 0.45/0.70/56.80 | Ep. 79
Time elapsed: 38.10 min
Epoch: 106/200 | Batch 0000/0043 | Loss: 0.8908
MAE/RMSE/ACC: Current Valid: 0.46/0.71/56.80 Ep. 106 | Best Valid: 0.45/0.70/56.80 | Ep. 79
Time elapsed: 38.45 min
Epoch: 107/200 | Batch 0000/0043 | Loss: 0.8917
MAE/RMSE/ACC: Current Valid: 0.48/0.73/56.80 Ep. 107 | Best Valid: 0.45/0.70/56.80 | Ep. 79
Time elapsed: 38.80 min
Epoch: 108/200 | Batch 0000/0043 | Loss: 0.8517
MAE/RMSE/ACC: Current Valid: 0.47/0.72/56.80 Ep. 108 | Best Valid: 0.45/0.70/56.80 | Ep. 79
Time elapsed: 39.15 min
Epoch: 109/200 | Batch 0000/0043 | Loss: 0.8768
MAE/RMSE/ACC: Current Valid: 0.46/0.71/56.80 Ep. 109 | Best Valid: 0.45/0.70/56.80 | Ep. 79
Time elapsed: 39.49 min
Epoch: 110/200 | Batch 0000/0043 | Loss: 0.8575
MAE/RMSE/ACC: Current Valid: 0.48/0.73/56.80 Ep. 110 | Best Valid: 0.45/0.70/56.80 | Ep. 79
Time elapsed: 39.84 min
Epoch: 111/200 | Batch 0000/0043 | Loss: 0.8652
MAE/RMSE/ACC: Current Valid: 0.47/0.72/56.80 Ep. 111 | Best Valid: 0.45/0.70/56.80 | Ep. 79
Time elapsed: 40.19 min
Epoch: 112/200 | Batch 0000/0043 | Loss: 0.8089
MAE/RMSE/ACC: Current Valid: 0.46/0.71/56.80 Ep. 112 | Best Valid: 0.45/0.70/56.80 | Ep. 79
Time elapsed: 40.54 min
Epoch: 113/200 | Batch 0000/0043 | Loss: 0.8265
MAE/RMSE/ACC: Current Valid: 0.47/0.73/56.80 Ep. 113 | Best Valid: 0.45/0.70/56.80 | Ep. 79
Time elapsed: 40.88 min
Epoch: 114/200 | Batch 0000/0043 | Loss: 0.8090
MAE/RMSE/ACC: Current Valid: 0.47/0.73/56.80 Ep. 114 | Best Valid: 0.45/0.70/56.80 | Ep. 79
Time elapsed: 41.23 min
Epoch: 115/200 | Batch 0000/0043 | Loss: 0.8169
MAE/RMSE/ACC: Current Valid: 0.47/0.72/56.80 Ep. 115 | Best Valid: 0.45/0.70/56.80 | Ep. 79
Time elapsed: 41.58 min
Epoch: 116/200 | Batch 0000/0043 | Loss: 0.7936
MAE/RMSE/ACC: Current Valid: 0.47/0.73/56.80 Ep. 116 | Best Valid: 0.45/0.70/56.80 | Ep. 79
Time elapsed: 41.93 min
Epoch: 117/200 | Batch 0000/0043 | Loss: 0.8151
MAE/RMSE/ACC: Current Valid: 0.45/0.71/56.80 Ep. 117 | Best Valid: 0.45/0.70/56.80 | Ep. 79
Time elapsed: 42.28 min
Epoch: 118/200 | Batch 0000/0043 | Loss: 0.8100
MAE/RMSE/ACC: Current Valid: 0.46/0.72/56.80 Ep. 118 | Best Valid: 0.45/0.70/56.80 | Ep. 79
Time elapsed: 42.63 min
Epoch: 119/200 | Batch 0000/0043 | Loss: 0.7951
MAE/RMSE/ACC: Current Valid: 0.46/0.72/56.80 Ep. 119 | Best Valid: 0.45/0.70/56.80 | Ep. 79
Time elapsed: 42.98 min
Epoch: 120/200 | Batch 0000/0043 | Loss: 0.7766
MAE/RMSE/ACC: Current Valid: 0.47/0.73/56.80 Ep. 120 | Best Valid: 0.45/0.70/56.80 | Ep. 79
Time elapsed: 43.33 min
Epoch: 121/200 | Batch 0000/0043 | Loss: 0.7538
MAE/RMSE/ACC: Current Valid: 0.47/0.72/56.80 Ep. 121 | Best Valid: 0.45/0.70/56.80 | Ep. 79
Time elapsed: 43.67 min
Epoch: 122/200 | Batch 0000/0043 | Loss: 0.7589
MAE/RMSE/ACC: Current Valid: 0.46/0.71/56.80 Ep. 122 | Best Valid: 0.45/0.70/56.80 | Ep. 79
Time elapsed: 44.02 min
Epoch: 123/200 | Batch 0000/0043 | Loss: 0.7655
MAE/RMSE/ACC: Current Valid: 0.47/0.72/56.80 Ep. 123 | Best Valid: 0.45/0.70/56.80 | Ep. 79
Time elapsed: 44.37 min
Epoch: 124/200 | Batch 0000/0043 | Loss: 0.7758
MAE/RMSE/ACC: Current Valid: 0.46/0.72/56.80 Ep. 124 | Best Valid: 0.45/0.70/56.80 | Ep. 79
Time elapsed: 44.72 min
Epoch: 125/200 | Batch 0000/0043 | Loss: 0.7224
MAE/RMSE/ACC: Current Valid: 0.47/0.73/56.80 Ep. 125 | Best Valid: 0.45/0.70/56.80 | Ep. 79
Time elapsed: 45.07 min
Epoch: 126/200 | Batch 0000/0043 | Loss: 0.7708
MAE/RMSE/ACC: Current Valid: 0.48/0.74/56.80 Ep. 126 | Best Valid: 0.45/0.70/56.80 | Ep. 79
Time elapsed: 45.44 min
Epoch: 127/200 | Batch 0000/0043 | Loss: 0.7437
MAE/RMSE/ACC: Current Valid: 0.48/0.73/56.80 Ep. 127 | Best Valid: 0.45/0.70/56.80 | Ep. 79
Time elapsed: 45.82 min
Epoch: 128/200 | Batch 0000/0043 | Loss: 0.7554
MAE/RMSE/ACC: Current Valid: 0.47/0.72/56.80 Ep. 128 | Best Valid: 0.45/0.70/56.80 | Ep. 79
Time elapsed: 46.20 min
Epoch: 129/200 | Batch 0000/0043 | Loss: 0.7425
MAE/RMSE/ACC: Current Valid: 0.46/0.72/56.80 Ep. 129 | Best Valid: 0.45/0.70/56.80 | Ep. 79
Time elapsed: 46.58 min
Epoch: 130/200 | Batch 0000/0043 | Loss: 0.7515
MAE/RMSE/ACC: Current Valid: 0.46/0.73/56.80 Ep. 130 | Best Valid: 0.45/0.70/56.80 | Ep. 79
Time elapsed: 46.95 min
Epoch: 131/200 | Batch 0000/0043 | Loss: 0.7507
MAE/RMSE/ACC: Current Valid: 0.47/0.73/56.80 Ep. 131 | Best Valid: 0.45/0.70/56.80 | Ep. 79
Time elapsed: 47.33 min
Epoch: 132/200 | Batch 0000/0043 | Loss: 0.6972
MAE/RMSE/ACC: Current Valid: 0.48/0.73/56.80 Ep. 132 | Best Valid: 0.45/0.70/56.80 | Ep. 79
Time elapsed: 47.70 min
Epoch: 133/200 | Batch 0000/0043 | Loss: 0.7268
MAE/RMSE/ACC: Current Valid: 0.47/0.72/56.80 Ep. 133 | Best Valid: 0.45/0.70/56.80 | Ep. 79
Time elapsed: 48.08 min
Epoch: 134/200 | Batch 0000/0043 | Loss: 0.7155
MAE/RMSE/ACC: Current Valid: 0.46/0.72/56.80 Ep. 134 | Best Valid: 0.45/0.70/56.80 | Ep. 79
Time elapsed: 48.46 min
Epoch: 135/200 | Batch 0000/0043 | Loss: 0.7067
MAE/RMSE/ACC: Current Valid: 0.47/0.72/56.80 Ep. 135 | Best Valid: 0.45/0.70/56.80 | Ep. 79
Time elapsed: 48.83 min
Epoch: 136/200 | Batch 0000/0043 | Loss: 0.7034
MAE/RMSE/ACC: Current Valid: 0.48/0.73/56.80 Ep. 136 | Best Valid: 0.45/0.70/56.80 | Ep. 79
Time elapsed: 49.20 min
Epoch: 137/200 | Batch 0000/0043 | Loss: 0.7004
MAE/RMSE/ACC: Current Valid: 0.48/0.73/56.80 Ep. 137 | Best Valid: 0.45/0.70/56.80 | Ep. 79
Time elapsed: 49.58 min
Epoch: 138/200 | Batch 0000/0043 | Loss: 0.6691
MAE/RMSE/ACC: Current Valid: 0.48/0.72/56.80 Ep. 138 | Best Valid: 0.45/0.70/56.80 | Ep. 79
Time elapsed: 49.96 min
Epoch: 139/200 | Batch 0000/0043 | Loss: 0.6782
MAE/RMSE/ACC: Current Valid: 0.46/0.72/56.80 Ep. 139 | Best Valid: 0.45/0.70/56.80 | Ep. 79
Time elapsed: 50.33 min
Epoch: 140/200 | Batch 0000/0043 | Loss: 0.6729
MAE/RMSE/ACC: Current Valid: 0.46/0.72/56.80 Ep. 140 | Best Valid: 0.45/0.70/56.80 | Ep. 79
Time elapsed: 50.70 min
Epoch: 141/200 | Batch 0000/0043 | Loss: 0.6669
MAE/RMSE/ACC: Current Valid: 0.48/0.73/56.80 Ep. 141 | Best Valid: 0.45/0.70/56.80 | Ep. 79
Time elapsed: 51.07 min
Epoch: 142/200 | Batch 0000/0043 | Loss: 0.6750
MAE/RMSE/ACC: Current Valid: 0.47/0.72/56.80 Ep. 142 | Best Valid: 0.45/0.70/56.80 | Ep. 79
Time elapsed: 51.45 min
Epoch: 143/200 | Batch 0000/0043 | Loss: 0.6562
MAE/RMSE/ACC: Current Valid: 0.48/0.74/56.80 Ep. 143 | Best Valid: 0.45/0.70/56.80 | Ep. 79
Time elapsed: 51.82 min
Epoch: 144/200 | Batch 0000/0043 | Loss: 0.6754
MAE/RMSE/ACC: Current Valid: 0.47/0.72/56.80 Ep. 144 | Best Valid: 0.45/0.70/56.80 | Ep. 79
Time elapsed: 52.18 min
Epoch: 145/200 | Batch 0000/0043 | Loss: 0.6592
MAE/RMSE/ACC: Current Valid: 0.48/0.73/56.80 Ep. 145 | Best Valid: 0.45/0.70/56.80 | Ep. 79
Time elapsed: 52.52 min
Epoch: 146/200 | Batch 0000/0043 | Loss: 0.6726
MAE/RMSE/ACC: Current Valid: 0.46/0.72/56.80 Ep. 146 | Best Valid: 0.45/0.70/56.80 | Ep. 79
Time elapsed: 52.87 min
Epoch: 147/200 | Batch 0000/0043 | Loss: 0.6248
MAE/RMSE/ACC: Current Valid: 0.48/0.74/56.80 Ep. 147 | Best Valid: 0.45/0.70/56.80 | Ep. 79
Time elapsed: 53.22 min
Epoch: 148/200 | Batch 0000/0043 | Loss: 0.6710
MAE/RMSE/ACC: Current Valid: 0.47/0.73/56.80 Ep. 148 | Best Valid: 0.45/0.70/56.80 | Ep. 79
Time elapsed: 53.57 min
Epoch: 149/200 | Batch 0000/0043 | Loss: 0.6330
MAE/RMSE/ACC: Current Valid: 0.47/0.72/56.80 Ep. 149 | Best Valid: 0.45/0.70/56.80 | Ep. 79
Time elapsed: 53.91 min
Epoch: 150/200 | Batch 0000/0043 | Loss: 0.6259
MAE/RMSE/ACC: Current Valid: 0.47/0.73/56.80 Ep. 150 | Best Valid: 0.45/0.70/56.80 | Ep. 79
Time elapsed: 54.26 min
Epoch: 151/200 | Batch 0000/0043 | Loss: 0.6221
MAE/RMSE/ACC: Current Valid: 0.46/0.72/56.80 Ep. 151 | Best Valid: 0.45/0.70/56.80 | Ep. 79
Time elapsed: 54.61 min
Epoch: 152/200 | Batch 0000/0043 | Loss: 0.6278
MAE/RMSE/ACC: Current Valid: 0.47/0.73/56.80 Ep. 152 | Best Valid: 0.45/0.70/56.80 | Ep. 79
Time elapsed: 54.95 min
Epoch: 153/200 | Batch 0000/0043 | Loss: 0.5924
MAE/RMSE/ACC: Current Valid: 0.45/0.71/56.80 Ep. 153 | Best Valid: 0.45/0.70/56.80 | Ep. 79
Time elapsed: 55.30 min
Epoch: 154/200 | Batch 0000/0043 | Loss: 0.6116
MAE/RMSE/ACC: Current Valid: 0.46/0.72/56.80 Ep. 154 | Best Valid: 0.45/0.70/56.80 | Ep. 79
Time elapsed: 55.65 min
Epoch: 155/200 | Batch 0000/0043 | Loss: 0.5972
MAE/RMSE/ACC: Current Valid: 0.47/0.73/56.80 Ep. 155 | Best Valid: 0.45/0.70/56.80 | Ep. 79
Time elapsed: 55.99 min
Epoch: 156/200 | Batch 0000/0043 | Loss: 0.5888
MAE/RMSE/ACC: Current Valid: 0.47/0.73/56.80 Ep. 156 | Best Valid: 0.45/0.70/56.80 | Ep. 79
Time elapsed: 56.34 min
Epoch: 157/200 | Batch 0000/0043 | Loss: 0.6087
MAE/RMSE/ACC: Current Valid: 0.47/0.72/56.80 Ep. 157 | Best Valid: 0.45/0.70/56.80 | Ep. 79
Time elapsed: 56.69 min
Epoch: 158/200 | Batch 0000/0043 | Loss: 0.5784
MAE/RMSE/ACC: Current Valid: 0.47/0.72/56.80 Ep. 158 | Best Valid: 0.45/0.70/56.80 | Ep. 79
Time elapsed: 57.04 min
Epoch: 159/200 | Batch 0000/0043 | Loss: 0.5721
MAE/RMSE/ACC: Current Valid: 0.48/0.73/56.80 Ep. 159 | Best Valid: 0.45/0.70/56.80 | Ep. 79
Time elapsed: 57.38 min
Epoch: 160/200 | Batch 0000/0043 | Loss: 0.6085
MAE/RMSE/ACC: Current Valid: 0.47/0.73/56.80 Ep. 160 | Best Valid: 0.45/0.70/56.80 | Ep. 79
Time elapsed: 57.73 min
Epoch: 161/200 | Batch 0000/0043 | Loss: 0.5720
MAE/RMSE/ACC: Current Valid: 0.47/0.72/56.80 Ep. 161 | Best Valid: 0.45/0.70/56.80 | Ep. 79
Time elapsed: 58.08 min
Epoch: 162/200 | Batch 0000/0043 | Loss: 0.5684
MAE/RMSE/ACC: Current Valid: 0.48/0.72/56.80 Ep. 162 | Best Valid: 0.45/0.70/56.80 | Ep. 79
Time elapsed: 58.43 min
Epoch: 163/200 | Batch 0000/0043 | Loss: 0.6029
MAE/RMSE/ACC: Current Valid: 0.46/0.72/56.80 Ep. 163 | Best Valid: 0.45/0.70/56.80 | Ep. 79
Time elapsed: 58.78 min
Epoch: 164/200 | Batch 0000/0043 | Loss: 0.5494
MAE/RMSE/ACC: Current Valid: 0.47/0.73/56.80 Ep. 164 | Best Valid: 0.45/0.70/56.80 | Ep. 79
Time elapsed: 59.13 min
Epoch: 165/200 | Batch 0000/0043 | Loss: 0.5613
MAE/RMSE/ACC: Current Valid: 0.45/0.71/56.80 Ep. 165 | Best Valid: 0.45/0.70/56.80 | Ep. 79
Time elapsed: 59.47 min
Epoch: 166/200 | Batch 0000/0043 | Loss: 0.5705
MAE/RMSE/ACC: Current Valid: 0.48/0.73/56.80 Ep. 166 | Best Valid: 0.45/0.70/56.80 | Ep. 79
Time elapsed: 59.82 min
Epoch: 167/200 | Batch 0000/0043 | Loss: 0.5912
MAE/RMSE/ACC: Current Valid: 0.46/0.71/56.80 Ep. 167 | Best Valid: 0.45/0.70/56.80 | Ep. 79
Time elapsed: 60.17 min
Epoch: 168/200 | Batch 0000/0043 | Loss: 0.5350
MAE/RMSE/ACC: Current Valid: 0.45/0.70/56.80 Ep. 168 | Best Valid: 0.45/0.70/56.80 | Ep. 79
Time elapsed: 60.52 min
Epoch: 169/200 | Batch 0000/0043 | Loss: 0.5455
MAE/RMSE/ACC: Current Valid: 0.45/0.70/56.80 Ep. 169 | Best Valid: 0.45/0.70/56.80 | Ep. 79
Time elapsed: 60.86 min
Epoch: 170/200 | Batch 0000/0043 | Loss: 0.5459
MAE/RMSE/ACC: Current Valid: 0.45/0.71/56.80 Ep. 170 | Best Valid: 0.45/0.70/56.80 | Ep. 79
Time elapsed: 61.21 min
Epoch: 171/200 | Batch 0000/0043 | Loss: 0.5321
MAE/RMSE/ACC: Current Valid: 0.46/0.71/56.80 Ep. 171 | Best Valid: 0.45/0.70/56.80 | Ep. 79
Time elapsed: 61.56 min
Epoch: 172/200 | Batch 0000/0043 | Loss: 0.5524
MAE/RMSE/ACC: Current Valid: 0.47/0.72/56.80 Ep. 172 | Best Valid: 0.45/0.70/56.80 | Ep. 79
Time elapsed: 61.91 min
Epoch: 173/200 | Batch 0000/0043 | Loss: 0.5600
MAE/RMSE/ACC: Current Valid: 0.47/0.73/56.80 Ep. 173 | Best Valid: 0.45/0.70/56.80 | Ep. 79
Time elapsed: 62.26 min
Epoch: 174/200 | Batch 0000/0043 | Loss: 0.4954
MAE/RMSE/ACC: Current Valid: 0.46/0.71/56.80 Ep. 174 | Best Valid: 0.45/0.70/56.80 | Ep. 79
Time elapsed: 62.61 min
Epoch: 175/200 | Batch 0000/0043 | Loss: 0.5452
MAE/RMSE/ACC: Current Valid: 0.47/0.73/56.80 Ep. 175 | Best Valid: 0.45/0.70/56.80 | Ep. 79
Time elapsed: 62.96 min
Epoch: 176/200 | Batch 0000/0043 | Loss: 0.5401
MAE/RMSE/ACC: Current Valid: 0.47/0.73/56.80 Ep. 176 | Best Valid: 0.45/0.70/56.80 | Ep. 79
Time elapsed: 63.30 min
Epoch: 177/200 | Batch 0000/0043 | Loss: 0.5201
MAE/RMSE/ACC: Current Valid: 0.49/0.74/56.80 Ep. 177 | Best Valid: 0.45/0.70/56.80 | Ep. 79
Time elapsed: 63.65 min
Epoch: 178/200 | Batch 0000/0043 | Loss: 0.5393
MAE/RMSE/ACC: Current Valid: 0.49/0.74/56.80 Ep. 178 | Best Valid: 0.45/0.70/56.80 | Ep. 79
Time elapsed: 64.00 min
Epoch: 179/200 | Batch 0000/0043 | Loss: 0.5111
MAE/RMSE/ACC: Current Valid: 0.47/0.72/56.80 Ep. 179 | Best Valid: 0.45/0.70/56.80 | Ep. 79
Time elapsed: 64.35 min
Epoch: 180/200 | Batch 0000/0043 | Loss: 0.5062
MAE/RMSE/ACC: Current Valid: 0.46/0.71/56.80 Ep. 180 | Best Valid: 0.45/0.70/56.80 | Ep. 79
Time elapsed: 64.70 min
Epoch: 181/200 | Batch 0000/0043 | Loss: 0.5036
MAE/RMSE/ACC: Current Valid: 0.47/0.72/56.80 Ep. 181 | Best Valid: 0.45/0.70/56.80 | Ep. 79
Time elapsed: 65.05 min
Epoch: 182/200 | Batch 0000/0043 | Loss: 0.4785
MAE/RMSE/ACC: Current Valid: 0.47/0.73/56.80 Ep. 182 | Best Valid: 0.45/0.70/56.80 | Ep. 79
Time elapsed: 65.40 min
Epoch: 183/200 | Batch 0000/0043 | Loss: 0.4912
MAE/RMSE/ACC: Current Valid: 0.49/0.73/56.80 Ep. 183 | Best Valid: 0.45/0.70/56.80 | Ep. 79
Time elapsed: 65.75 min
Epoch: 184/200 | Batch 0000/0043 | Loss: 0.5103
MAE/RMSE/ACC: Current Valid: 0.47/0.72/56.80 Ep. 184 | Best Valid: 0.45/0.70/56.80 | Ep. 79
Time elapsed: 66.09 min
Epoch: 185/200 | Batch 0000/0043 | Loss: 0.4742
MAE/RMSE/ACC: Current Valid: 0.47/0.73/56.80 Ep. 185 | Best Valid: 0.45/0.70/56.80 | Ep. 79
Time elapsed: 66.44 min
Epoch: 186/200 | Batch 0000/0043 | Loss: 0.4865
MAE/RMSE/ACC: Current Valid: 0.47/0.72/56.80 Ep. 186 | Best Valid: 0.45/0.70/56.80 | Ep. 79
Time elapsed: 66.79 min
Epoch: 187/200 | Batch 0000/0043 | Loss: 0.4774
MAE/RMSE/ACC: Current Valid: 0.47/0.72/56.80 Ep. 187 | Best Valid: 0.45/0.70/56.80 | Ep. 79
Time elapsed: 67.14 min
Epoch: 188/200 | Batch 0000/0043 | Loss: 0.4613
MAE/RMSE/ACC: Current Valid: 0.49/0.74/56.80 Ep. 188 | Best Valid: 0.45/0.70/56.80 | Ep. 79
Time elapsed: 67.49 min
Epoch: 189/200 | Batch 0000/0043 | Loss: 0.4992
MAE/RMSE/ACC: Current Valid: 0.47/0.72/56.80 Ep. 189 | Best Valid: 0.45/0.70/56.80 | Ep. 79
Time elapsed: 67.84 min
Epoch: 190/200 | Batch 0000/0043 | Loss: 0.4608
MAE/RMSE/ACC: Current Valid: 0.48/0.72/56.80 Ep. 190 | Best Valid: 0.45/0.70/56.80 | Ep. 79
Time elapsed: 68.19 min
Epoch: 191/200 | Batch 0000/0043 | Loss: 0.4685
MAE/RMSE/ACC: Current Valid: 0.48/0.73/56.80 Ep. 191 | Best Valid: 0.45/0.70/56.80 | Ep. 79
Time elapsed: 68.54 min
Epoch: 192/200 | Batch 0000/0043 | Loss: 0.4805
MAE/RMSE/ACC: Current Valid: 0.48/0.73/56.80 Ep. 192 | Best Valid: 0.45/0.70/56.80 | Ep. 79
Time elapsed: 68.89 min
Epoch: 193/200 | Batch 0000/0043 | Loss: 0.4680
MAE/RMSE/ACC: Current Valid: 0.48/0.73/56.80 Ep. 193 | Best Valid: 0.45/0.70/56.80 | Ep. 79
Time elapsed: 69.23 min
Epoch: 194/200 | Batch 0000/0043 | Loss: 0.4650
MAE/RMSE/ACC: Current Valid: 0.49/0.74/56.80 Ep. 194 | Best Valid: 0.45/0.70/56.80 | Ep. 79
Time elapsed: 69.58 min
Epoch: 195/200 | Batch 0000/0043 | Loss: 0.4788
MAE/RMSE/ACC: Current Valid: 0.48/0.74/56.80 Ep. 195 | Best Valid: 0.45/0.70/56.80 | Ep. 79
Time elapsed: 69.93 min
Epoch: 196/200 | Batch 0000/0043 | Loss: 0.4364
MAE/RMSE/ACC: Current Valid: 0.46/0.72/56.80 Ep. 196 | Best Valid: 0.45/0.70/56.80 | Ep. 79
Time elapsed: 70.30 min
Epoch: 197/200 | Batch 0000/0043 | Loss: 0.4450
MAE/RMSE/ACC: Current Valid: 0.48/0.73/56.80 Ep. 197 | Best Valid: 0.45/0.70/56.80 | Ep. 79
Time elapsed: 70.68 min
Epoch: 198/200 | Batch 0000/0043 | Loss: 0.4795
MAE/RMSE/ACC: Current Valid: 0.46/0.73/56.80 Ep. 198 | Best Valid: 0.45/0.70/56.80 | Ep. 79
Time elapsed: 71.05 min
Epoch: 199/200 | Batch 0000/0043 | Loss: 0.4096
MAE/RMSE/ACC: Current Valid: 0.46/0.72/56.80 Ep. 199 | Best Valid: 0.45/0.70/56.80 | Ep. 79
Time elapsed: 71.43 min
Epoch: 200/200 | Batch 0000/0043 | Loss: 0.4439
MAE/RMSE/ACC: Current Valid: 0.47/0.73/56.80 Ep. 200 | Best Valid: 0.45/0.70/56.80 | Ep. 79
Time elapsed: 71.80 min
MAE/RMSE: | Train: 0.01/0.10 | Valid: 0.47/0.73 | Test: 0.47/0.73
ACC: | Train: 99.03 | Valid: 55.45 | Test: 55.99
Total Running Time: 72.44 min
MAE/RMSE: | Best Train: 0.07/0.27 | Best Valid: 0.45/0.70 | Best Test: 0.46/0.72
ACC: | Best Train: 92.52 | Best Valid: 56.80 | Best Test: 56.85
Total Running Time: 73.06 min
