This script: resnet34_xentr.py
PyTorch Version: 1.8.1
CUDA device: cuda:4
CUDA version: 11.1
Random seed: 0
Learning rate: 0.0005
Epochs: 200
Batch size: 256
Output path: runs/aes/resnet34_xentr-imp0-seed0-epochs200_best-rmse
Epoch: 001/200 | Batch 0000/0043 | Loss: 1.9254
MAE/RMSE/ACC: Current Valid: 0.43/0.69/59.06 Ep. 1 | Best Valid: 0.43/0.69/59.06 | Ep. 1
Time elapsed: 0.33 min
Epoch: 002/200 | Batch 0000/0043 | Loss: 0.8903
MAE/RMSE/ACC: Current Valid: 0.45/0.71/59.06 Ep. 2 | Best Valid: 0.43/0.69/59.06 | Ep. 1
Time elapsed: 0.64 min
Epoch: 003/200 | Batch 0000/0043 | Loss: 0.8520
MAE/RMSE/ACC: Current Valid: 0.66/0.87/59.06 Ep. 3 | Best Valid: 0.43/0.69/59.06 | Ep. 1
Time elapsed: 0.96 min
Epoch: 004/200 | Batch 0000/0043 | Loss: 0.8420
MAE/RMSE/ACC: Current Valid: 0.47/0.72/59.06 Ep. 4 | Best Valid: 0.43/0.69/59.06 | Ep. 1
Time elapsed: 1.28 min
Epoch: 005/200 | Batch 0000/0043 | Loss: 0.8812
MAE/RMSE/ACC: Current Valid: 0.41/0.67/60.55 Ep. 5 | Best Valid: 0.41/0.67/60.55 | Ep. 5
Time elapsed: 1.61 min
Epoch: 006/200 | Batch 0000/0043 | Loss: 0.7260
MAE/RMSE/ACC: Current Valid: 0.55/0.78/60.55 Ep. 6 | Best Valid: 0.41/0.67/60.55 | Ep. 5
Time elapsed: 1.94 min
Epoch: 007/200 | Batch 0000/0043 | Loss: 0.7672
MAE/RMSE/ACC: Current Valid: 0.43/0.69/60.55 Ep. 7 | Best Valid: 0.41/0.67/60.55 | Ep. 5
Time elapsed: 2.29 min
Epoch: 008/200 | Batch 0000/0043 | Loss: 0.7051
MAE/RMSE/ACC: Current Valid: 0.61/0.84/60.55 Ep. 8 | Best Valid: 0.41/0.67/60.55 | Ep. 5
Time elapsed: 2.65 min
Epoch: 009/200 | Batch 0000/0043 | Loss: 0.7863
MAE/RMSE/ACC: Current Valid: 0.49/0.75/60.55 Ep. 9 | Best Valid: 0.41/0.67/60.55 | Ep. 5
Time elapsed: 3.01 min
Epoch: 010/200 | Batch 0000/0043 | Loss: 0.6044
MAE/RMSE/ACC: Current Valid: 0.59/0.83/60.55 Ep. 10 | Best Valid: 0.41/0.67/60.55 | Ep. 5
Time elapsed: 3.38 min
Epoch: 011/200 | Batch 0000/0043 | Loss: 0.6968
MAE/RMSE/ACC: Current Valid: 0.44/0.70/60.55 Ep. 11 | Best Valid: 0.41/0.67/60.55 | Ep. 5
Time elapsed: 3.75 min
Epoch: 012/200 | Batch 0000/0043 | Loss: 0.6711
MAE/RMSE/ACC: Current Valid: 0.44/0.70/60.55 Ep. 12 | Best Valid: 0.41/0.67/60.55 | Ep. 5
Time elapsed: 4.12 min
Epoch: 013/200 | Batch 0000/0043 | Loss: 0.5339
MAE/RMSE/ACC: Current Valid: 0.46/0.73/60.55 Ep. 13 | Best Valid: 0.41/0.67/60.55 | Ep. 5
Time elapsed: 4.48 min
Epoch: 014/200 | Batch 0000/0043 | Loss: 0.4371
MAE/RMSE/ACC: Current Valid: 0.48/0.74/60.55 Ep. 14 | Best Valid: 0.41/0.67/60.55 | Ep. 5
Time elapsed: 4.85 min
Epoch: 015/200 | Batch 0000/0043 | Loss: 0.3510
MAE/RMSE/ACC: Current Valid: 0.47/0.73/60.55 Ep. 15 | Best Valid: 0.41/0.67/60.55 | Ep. 5
Time elapsed: 5.22 min
Epoch: 016/200 | Batch 0000/0043 | Loss: 0.2935
MAE/RMSE/ACC: Current Valid: 0.45/0.71/60.55 Ep. 16 | Best Valid: 0.41/0.67/60.55 | Ep. 5
Time elapsed: 5.59 min
Epoch: 017/200 | Batch 0000/0043 | Loss: 0.2481
MAE/RMSE/ACC: Current Valid: 0.50/0.76/60.55 Ep. 17 | Best Valid: 0.41/0.67/60.55 | Ep. 5
Time elapsed: 5.96 min
Epoch: 018/200 | Batch 0000/0043 | Loss: 0.1667
MAE/RMSE/ACC: Current Valid: 0.47/0.73/60.55 Ep. 18 | Best Valid: 0.41/0.67/60.55 | Ep. 5
Time elapsed: 6.33 min
Epoch: 019/200 | Batch 0000/0043 | Loss: 0.1797
MAE/RMSE/ACC: Current Valid: 0.51/0.78/60.55 Ep. 19 | Best Valid: 0.41/0.67/60.55 | Ep. 5
Time elapsed: 6.69 min
Epoch: 020/200 | Batch 0000/0043 | Loss: 0.1093
MAE/RMSE/ACC: Current Valid: 0.51/0.77/60.55 Ep. 20 | Best Valid: 0.41/0.67/60.55 | Ep. 5
Time elapsed: 7.06 min
Epoch: 021/200 | Batch 0000/0043 | Loss: 0.1640
MAE/RMSE/ACC: Current Valid: 0.49/0.75/60.55 Ep. 21 | Best Valid: 0.41/0.67/60.55 | Ep. 5
Time elapsed: 7.43 min
Epoch: 022/200 | Batch 0000/0043 | Loss: 0.1495
MAE/RMSE/ACC: Current Valid: 0.48/0.74/60.55 Ep. 22 | Best Valid: 0.41/0.67/60.55 | Ep. 5
Time elapsed: 7.80 min
Epoch: 023/200 | Batch 0000/0043 | Loss: 0.1361
MAE/RMSE/ACC: Current Valid: 0.47/0.73/60.55 Ep. 23 | Best Valid: 0.41/0.67/60.55 | Ep. 5
Time elapsed: 8.17 min
Epoch: 024/200 | Batch 0000/0043 | Loss: 0.0716
MAE/RMSE/ACC: Current Valid: 0.47/0.73/60.55 Ep. 24 | Best Valid: 0.41/0.67/60.55 | Ep. 5
Time elapsed: 8.53 min
Epoch: 025/200 | Batch 0000/0043 | Loss: 0.0980
MAE/RMSE/ACC: Current Valid: 0.53/0.78/60.55 Ep. 25 | Best Valid: 0.41/0.67/60.55 | Ep. 5
Time elapsed: 8.90 min
Epoch: 026/200 | Batch 0000/0043 | Loss: 0.0633
MAE/RMSE/ACC: Current Valid: 0.48/0.75/60.55 Ep. 26 | Best Valid: 0.41/0.67/60.55 | Ep. 5
Time elapsed: 9.27 min
Epoch: 027/200 | Batch 0000/0043 | Loss: 0.1316
MAE/RMSE/ACC: Current Valid: 0.48/0.75/60.55 Ep. 27 | Best Valid: 0.41/0.67/60.55 | Ep. 5
Time elapsed: 9.62 min
Epoch: 028/200 | Batch 0000/0043 | Loss: 0.1423
MAE/RMSE/ACC: Current Valid: 0.50/0.77/60.55 Ep. 28 | Best Valid: 0.41/0.67/60.55 | Ep. 5
Time elapsed: 9.96 min
Epoch: 029/200 | Batch 0000/0043 | Loss: 0.0426
MAE/RMSE/ACC: Current Valid: 0.45/0.72/60.55 Ep. 29 | Best Valid: 0.41/0.67/60.55 | Ep. 5
Time elapsed: 10.30 min
Epoch: 030/200 | Batch 0000/0043 | Loss: 0.0952
MAE/RMSE/ACC: Current Valid: 0.51/0.77/60.55 Ep. 30 | Best Valid: 0.41/0.67/60.55 | Ep. 5
Time elapsed: 10.64 min
Epoch: 031/200 | Batch 0000/0043 | Loss: 0.0740
MAE/RMSE/ACC: Current Valid: 0.47/0.73/60.55 Ep. 31 | Best Valid: 0.41/0.67/60.55 | Ep. 5
Time elapsed: 10.98 min
Epoch: 032/200 | Batch 0000/0043 | Loss: 0.0371
MAE/RMSE/ACC: Current Valid: 0.48/0.74/60.55 Ep. 32 | Best Valid: 0.41/0.67/60.55 | Ep. 5
Time elapsed: 11.32 min
Epoch: 033/200 | Batch 0000/0043 | Loss: 0.0590
MAE/RMSE/ACC: Current Valid: 0.48/0.74/60.55 Ep. 33 | Best Valid: 0.41/0.67/60.55 | Ep. 5
Time elapsed: 11.66 min
Epoch: 034/200 | Batch 0000/0043 | Loss: 0.0515
MAE/RMSE/ACC: Current Valid: 0.49/0.76/60.55 Ep. 34 | Best Valid: 0.41/0.67/60.55 | Ep. 5
Time elapsed: 12.00 min
Epoch: 035/200 | Batch 0000/0043 | Loss: 0.0488
MAE/RMSE/ACC: Current Valid: 0.45/0.73/60.55 Ep. 35 | Best Valid: 0.41/0.67/60.55 | Ep. 5
Time elapsed: 12.34 min
Epoch: 036/200 | Batch 0000/0043 | Loss: 0.0839
MAE/RMSE/ACC: Current Valid: 0.50/0.77/60.55 Ep. 36 | Best Valid: 0.41/0.67/60.55 | Ep. 5
Time elapsed: 12.68 min
Epoch: 037/200 | Batch 0000/0043 | Loss: 0.0828
MAE/RMSE/ACC: Current Valid: 0.48/0.76/60.55 Ep. 37 | Best Valid: 0.41/0.67/60.55 | Ep. 5
Time elapsed: 13.02 min
Epoch: 038/200 | Batch 0000/0043 | Loss: 0.0536
MAE/RMSE/ACC: Current Valid: 0.46/0.73/60.55 Ep. 38 | Best Valid: 0.41/0.67/60.55 | Ep. 5
Time elapsed: 13.36 min
Epoch: 039/200 | Batch 0000/0043 | Loss: 0.0458
MAE/RMSE/ACC: Current Valid: 0.51/0.78/60.55 Ep. 39 | Best Valid: 0.41/0.67/60.55 | Ep. 5
Time elapsed: 13.70 min
Epoch: 040/200 | Batch 0000/0043 | Loss: 0.0274
MAE/RMSE/ACC: Current Valid: 0.48/0.74/60.55 Ep. 40 | Best Valid: 0.41/0.67/60.55 | Ep. 5
Time elapsed: 14.04 min
Epoch: 041/200 | Batch 0000/0043 | Loss: 0.0485
MAE/RMSE/ACC: Current Valid: 0.46/0.73/60.55 Ep. 41 | Best Valid: 0.41/0.67/60.55 | Ep. 5
Time elapsed: 14.39 min
Epoch: 042/200 | Batch 0000/0043 | Loss: 0.0158
MAE/RMSE/ACC: Current Valid: 0.49/0.76/60.55 Ep. 42 | Best Valid: 0.41/0.67/60.55 | Ep. 5
Time elapsed: 14.73 min
Epoch: 043/200 | Batch 0000/0043 | Loss: 0.0294
MAE/RMSE/ACC: Current Valid: 0.49/0.76/60.55 Ep. 43 | Best Valid: 0.41/0.67/60.55 | Ep. 5
Time elapsed: 15.07 min
Epoch: 044/200 | Batch 0000/0043 | Loss: 0.0493
MAE/RMSE/ACC: Current Valid: 0.50/0.77/60.55 Ep. 44 | Best Valid: 0.41/0.67/60.55 | Ep. 5
Time elapsed: 15.41 min
Epoch: 045/200 | Batch 0000/0043 | Loss: 0.0459
MAE/RMSE/ACC: Current Valid: 0.46/0.73/60.55 Ep. 45 | Best Valid: 0.41/0.67/60.55 | Ep. 5
Time elapsed: 15.75 min
Epoch: 046/200 | Batch 0000/0043 | Loss: 0.0443
MAE/RMSE/ACC: Current Valid: 0.48/0.74/60.55 Ep. 46 | Best Valid: 0.41/0.67/60.55 | Ep. 5
Time elapsed: 16.10 min
Epoch: 047/200 | Batch 0000/0043 | Loss: 0.0275
MAE/RMSE/ACC: Current Valid: 0.49/0.76/60.55 Ep. 47 | Best Valid: 0.41/0.67/60.55 | Ep. 5
Time elapsed: 16.47 min
Epoch: 048/200 | Batch 0000/0043 | Loss: 0.0629
MAE/RMSE/ACC: Current Valid: 0.48/0.74/60.55 Ep. 48 | Best Valid: 0.41/0.67/60.55 | Ep. 5
Time elapsed: 16.84 min
Epoch: 049/200 | Batch 0000/0043 | Loss: 0.0396
MAE/RMSE/ACC: Current Valid: 0.50/0.76/60.55 Ep. 49 | Best Valid: 0.41/0.67/60.55 | Ep. 5
Time elapsed: 17.21 min
Epoch: 050/200 | Batch 0000/0043 | Loss: 0.0224
MAE/RMSE/ACC: Current Valid: 0.46/0.73/60.55 Ep. 50 | Best Valid: 0.41/0.67/60.55 | Ep. 5
Time elapsed: 17.58 min
Epoch: 051/200 | Batch 0000/0043 | Loss: 0.0336
MAE/RMSE/ACC: Current Valid: 0.50/0.77/60.55 Ep. 51 | Best Valid: 0.41/0.67/60.55 | Ep. 5
Time elapsed: 17.95 min
Epoch: 052/200 | Batch 0000/0043 | Loss: 0.0308
MAE/RMSE/ACC: Current Valid: 0.47/0.73/60.55 Ep. 52 | Best Valid: 0.41/0.67/60.55 | Ep. 5
Time elapsed: 18.33 min
Epoch: 053/200 | Batch 0000/0043 | Loss: 0.0170
MAE/RMSE/ACC: Current Valid: 0.48/0.74/60.55 Ep. 53 | Best Valid: 0.41/0.67/60.55 | Ep. 5
Time elapsed: 18.69 min
Epoch: 054/200 | Batch 0000/0043 | Loss: 0.0322
MAE/RMSE/ACC: Current Valid: 0.46/0.72/60.55 Ep. 54 | Best Valid: 0.41/0.67/60.55 | Ep. 5
Time elapsed: 19.06 min
Epoch: 055/200 | Batch 0000/0043 | Loss: 0.0587
MAE/RMSE/ACC: Current Valid: 0.48/0.74/60.55 Ep. 55 | Best Valid: 0.41/0.67/60.55 | Ep. 5
Time elapsed: 19.43 min
Epoch: 056/200 | Batch 0000/0043 | Loss: 0.0433
MAE/RMSE/ACC: Current Valid: 0.47/0.73/60.55 Ep. 56 | Best Valid: 0.41/0.67/60.55 | Ep. 5
Time elapsed: 19.80 min
Epoch: 057/200 | Batch 0000/0043 | Loss: 0.0210
MAE/RMSE/ACC: Current Valid: 0.48/0.74/60.55 Ep. 57 | Best Valid: 0.41/0.67/60.55 | Ep. 5
Time elapsed: 20.17 min
Epoch: 058/200 | Batch 0000/0043 | Loss: 0.0314
MAE/RMSE/ACC: Current Valid: 0.47/0.73/60.55 Ep. 58 | Best Valid: 0.41/0.67/60.55 | Ep. 5
Time elapsed: 20.54 min
Epoch: 059/200 | Batch 0000/0043 | Loss: 0.0198
MAE/RMSE/ACC: Current Valid: 0.49/0.75/60.55 Ep. 59 | Best Valid: 0.41/0.67/60.55 | Ep. 5
Time elapsed: 20.90 min
Epoch: 060/200 | Batch 0000/0043 | Loss: 0.0184
MAE/RMSE/ACC: Current Valid: 0.46/0.72/60.55 Ep. 60 | Best Valid: 0.41/0.67/60.55 | Ep. 5
Time elapsed: 21.27 min
Epoch: 061/200 | Batch 0000/0043 | Loss: 0.0138
MAE/RMSE/ACC: Current Valid: 0.49/0.75/60.55 Ep. 61 | Best Valid: 0.41/0.67/60.55 | Ep. 5
Time elapsed: 21.64 min
Epoch: 062/200 | Batch 0000/0043 | Loss: 0.0487
MAE/RMSE/ACC: Current Valid: 0.50/0.77/60.55 Ep. 62 | Best Valid: 0.41/0.67/60.55 | Ep. 5
Time elapsed: 22.00 min
Epoch: 063/200 | Batch 0000/0043 | Loss: 0.0344
MAE/RMSE/ACC: Current Valid: 0.48/0.74/60.55 Ep. 63 | Best Valid: 0.41/0.67/60.55 | Ep. 5
Time elapsed: 22.37 min
Epoch: 064/200 | Batch 0000/0043 | Loss: 0.0253
MAE/RMSE/ACC: Current Valid: 0.46/0.73/60.55 Ep. 64 | Best Valid: 0.41/0.67/60.55 | Ep. 5
Time elapsed: 22.74 min
Epoch: 065/200 | Batch 0000/0043 | Loss: 0.0218
MAE/RMSE/ACC: Current Valid: 0.46/0.72/60.55 Ep. 65 | Best Valid: 0.41/0.67/60.55 | Ep. 5
Time elapsed: 23.11 min
Epoch: 066/200 | Batch 0000/0043 | Loss: 0.0139
MAE/RMSE/ACC: Current Valid: 0.49/0.75/60.55 Ep. 66 | Best Valid: 0.41/0.67/60.55 | Ep. 5
Time elapsed: 23.47 min
Epoch: 067/200 | Batch 0000/0043 | Loss: 0.0177
MAE/RMSE/ACC: Current Valid: 0.45/0.71/60.55 Ep. 67 | Best Valid: 0.41/0.67/60.55 | Ep. 5
Time elapsed: 23.84 min
Epoch: 068/200 | Batch 0000/0043 | Loss: 0.0618
MAE/RMSE/ACC: Current Valid: 0.49/0.75/60.55 Ep. 68 | Best Valid: 0.41/0.67/60.55 | Ep. 5
Time elapsed: 24.21 min
Epoch: 069/200 | Batch 0000/0043 | Loss: 0.0086
MAE/RMSE/ACC: Current Valid: 0.46/0.73/60.55 Ep. 69 | Best Valid: 0.41/0.67/60.55 | Ep. 5
Time elapsed: 24.58 min
Epoch: 070/200 | Batch 0000/0043 | Loss: 0.0340
MAE/RMSE/ACC: Current Valid: 0.46/0.73/60.55 Ep. 70 | Best Valid: 0.41/0.67/60.55 | Ep. 5
Time elapsed: 24.94 min
Epoch: 071/200 | Batch 0000/0043 | Loss: 0.0406
MAE/RMSE/ACC: Current Valid: 0.48/0.74/60.55 Ep. 71 | Best Valid: 0.41/0.67/60.55 | Ep. 5
Time elapsed: 25.31 min
Epoch: 072/200 | Batch 0000/0043 | Loss: 0.0200
MAE/RMSE/ACC: Current Valid: 0.51/0.77/60.55 Ep. 72 | Best Valid: 0.41/0.67/60.55 | Ep. 5
Time elapsed: 25.68 min
Epoch: 073/200 | Batch 0000/0043 | Loss: 0.0634
MAE/RMSE/ACC: Current Valid: 0.54/0.79/60.55 Ep. 73 | Best Valid: 0.41/0.67/60.55 | Ep. 5
Time elapsed: 26.04 min
Epoch: 074/200 | Batch 0000/0043 | Loss: 0.0561
MAE/RMSE/ACC: Current Valid: 0.50/0.75/60.55 Ep. 74 | Best Valid: 0.41/0.67/60.55 | Ep. 5
Time elapsed: 26.41 min
Epoch: 075/200 | Batch 0000/0043 | Loss: 0.0453
MAE/RMSE/ACC: Current Valid: 0.48/0.74/60.55 Ep. 75 | Best Valid: 0.41/0.67/60.55 | Ep. 5
Time elapsed: 26.78 min
Epoch: 076/200 | Batch 0000/0043 | Loss: 0.0417
MAE/RMSE/ACC: Current Valid: 0.47/0.73/60.55 Ep. 76 | Best Valid: 0.41/0.67/60.55 | Ep. 5
Time elapsed: 27.14 min
Epoch: 077/200 | Batch 0000/0043 | Loss: 0.0292
MAE/RMSE/ACC: Current Valid: 0.47/0.73/60.55 Ep. 77 | Best Valid: 0.41/0.67/60.55 | Ep. 5
Time elapsed: 27.51 min
Epoch: 078/200 | Batch 0000/0043 | Loss: 0.0342
MAE/RMSE/ACC: Current Valid: 0.50/0.76/60.55 Ep. 78 | Best Valid: 0.41/0.67/60.55 | Ep. 5
Time elapsed: 27.88 min
Epoch: 079/200 | Batch 0000/0043 | Loss: 0.0232
MAE/RMSE/ACC: Current Valid: 0.49/0.75/60.55 Ep. 79 | Best Valid: 0.41/0.67/60.55 | Ep. 5
Time elapsed: 28.24 min
Epoch: 080/200 | Batch 0000/0043 | Loss: 0.0103
MAE/RMSE/ACC: Current Valid: 0.47/0.73/60.55 Ep. 80 | Best Valid: 0.41/0.67/60.55 | Ep. 5
Time elapsed: 28.61 min
Epoch: 081/200 | Batch 0000/0043 | Loss: 0.0032
MAE/RMSE/ACC: Current Valid: 0.45/0.71/60.55 Ep. 81 | Best Valid: 0.41/0.67/60.55 | Ep. 5
Time elapsed: 28.98 min
Epoch: 082/200 | Batch 0000/0043 | Loss: 0.0101
MAE/RMSE/ACC: Current Valid: 0.51/0.76/60.55 Ep. 82 | Best Valid: 0.41/0.67/60.55 | Ep. 5
Time elapsed: 29.35 min
Epoch: 083/200 | Batch 0000/0043 | Loss: 0.0203
MAE/RMSE/ACC: Current Valid: 0.49/0.75/60.55 Ep. 83 | Best Valid: 0.41/0.67/60.55 | Ep. 5
Time elapsed: 29.71 min
Epoch: 084/200 | Batch 0000/0043 | Loss: 0.0386
MAE/RMSE/ACC: Current Valid: 0.49/0.74/60.55 Ep. 84 | Best Valid: 0.41/0.67/60.55 | Ep. 5
Time elapsed: 30.08 min
Epoch: 085/200 | Batch 0000/0043 | Loss: 0.0131
MAE/RMSE/ACC: Current Valid: 0.50/0.76/60.55 Ep. 85 | Best Valid: 0.41/0.67/60.55 | Ep. 5
Time elapsed: 30.45 min
Epoch: 086/200 | Batch 0000/0043 | Loss: 0.0179
MAE/RMSE/ACC: Current Valid: 0.49/0.76/60.55 Ep. 86 | Best Valid: 0.41/0.67/60.55 | Ep. 5
Time elapsed: 30.82 min
Epoch: 087/200 | Batch 0000/0043 | Loss: 0.0169
MAE/RMSE/ACC: Current Valid: 0.48/0.74/60.55 Ep. 87 | Best Valid: 0.41/0.67/60.55 | Ep. 5
Time elapsed: 31.18 min
Epoch: 088/200 | Batch 0000/0043 | Loss: 0.0111
MAE/RMSE/ACC: Current Valid: 0.48/0.75/60.55 Ep. 88 | Best Valid: 0.41/0.67/60.55 | Ep. 5
Time elapsed: 31.55 min
Epoch: 089/200 | Batch 0000/0043 | Loss: 0.0148
MAE/RMSE/ACC: Current Valid: 0.47/0.74/60.55 Ep. 89 | Best Valid: 0.41/0.67/60.55 | Ep. 5
Time elapsed: 31.92 min
Epoch: 090/200 | Batch 0000/0043 | Loss: 0.0334
MAE/RMSE/ACC: Current Valid: 0.45/0.71/60.55 Ep. 90 | Best Valid: 0.41/0.67/60.55 | Ep. 5
Time elapsed: 32.28 min
Epoch: 091/200 | Batch 0000/0043 | Loss: 0.0182
MAE/RMSE/ACC: Current Valid: 0.49/0.75/60.55 Ep. 91 | Best Valid: 0.41/0.67/60.55 | Ep. 5
Time elapsed: 32.65 min
Epoch: 092/200 | Batch 0000/0043 | Loss: 0.0584
MAE/RMSE/ACC: Current Valid: 0.48/0.73/60.55 Ep. 92 | Best Valid: 0.41/0.67/60.55 | Ep. 5
Time elapsed: 33.02 min
Epoch: 093/200 | Batch 0000/0043 | Loss: 0.0187
MAE/RMSE/ACC: Current Valid: 0.46/0.72/60.55 Ep. 93 | Best Valid: 0.41/0.67/60.55 | Ep. 5
Time elapsed: 33.38 min
Epoch: 094/200 | Batch 0000/0043 | Loss: 0.0118
MAE/RMSE/ACC: Current Valid: 0.46/0.73/60.55 Ep. 94 | Best Valid: 0.41/0.67/60.55 | Ep. 5
Time elapsed: 33.75 min
Epoch: 095/200 | Batch 0000/0043 | Loss: 0.0407
MAE/RMSE/ACC: Current Valid: 0.48/0.74/60.55 Ep. 95 | Best Valid: 0.41/0.67/60.55 | Ep. 5
Time elapsed: 34.12 min
Epoch: 096/200 | Batch 0000/0043 | Loss: 0.0252
MAE/RMSE/ACC: Current Valid: 0.47/0.73/60.55 Ep. 96 | Best Valid: 0.41/0.67/60.55 | Ep. 5
Time elapsed: 34.49 min
Epoch: 097/200 | Batch 0000/0043 | Loss: 0.0521
MAE/RMSE/ACC: Current Valid: 0.46/0.72/60.55 Ep. 97 | Best Valid: 0.41/0.67/60.55 | Ep. 5
Time elapsed: 34.85 min
Epoch: 098/200 | Batch 0000/0043 | Loss: 0.0085
MAE/RMSE/ACC: Current Valid: 0.49/0.75/60.55 Ep. 98 | Best Valid: 0.41/0.67/60.55 | Ep. 5
Time elapsed: 35.22 min
Epoch: 099/200 | Batch 0000/0043 | Loss: 0.0546
MAE/RMSE/ACC: Current Valid: 0.47/0.73/60.55 Ep. 99 | Best Valid: 0.41/0.67/60.55 | Ep. 5
Time elapsed: 35.59 min
Epoch: 100/200 | Batch 0000/0043 | Loss: 0.0340
MAE/RMSE/ACC: Current Valid: 0.48/0.75/60.55 Ep. 100 | Best Valid: 0.41/0.67/60.55 | Ep. 5
Time elapsed: 35.96 min
Epoch: 101/200 | Batch 0000/0043 | Loss: 0.0452
MAE/RMSE/ACC: Current Valid: 0.48/0.75/60.55 Ep. 101 | Best Valid: 0.41/0.67/60.55 | Ep. 5
Time elapsed: 36.33 min
Epoch: 102/200 | Batch 0000/0043 | Loss: 0.0330
MAE/RMSE/ACC: Current Valid: 0.48/0.74/60.55 Ep. 102 | Best Valid: 0.41/0.67/60.55 | Ep. 5
Time elapsed: 36.69 min
Epoch: 103/200 | Batch 0000/0043 | Loss: 0.0104
MAE/RMSE/ACC: Current Valid: 0.48/0.75/60.55 Ep. 103 | Best Valid: 0.41/0.67/60.55 | Ep. 5
Time elapsed: 37.06 min
Epoch: 104/200 | Batch 0000/0043 | Loss: 0.0127
MAE/RMSE/ACC: Current Valid: 0.46/0.74/60.55 Ep. 104 | Best Valid: 0.41/0.67/60.55 | Ep. 5
Time elapsed: 37.43 min
Epoch: 105/200 | Batch 0000/0043 | Loss: 0.0373
MAE/RMSE/ACC: Current Valid: 0.48/0.75/60.55 Ep. 105 | Best Valid: 0.41/0.67/60.55 | Ep. 5
Time elapsed: 37.79 min
Epoch: 106/200 | Batch 0000/0043 | Loss: 0.0167
MAE/RMSE/ACC: Current Valid: 0.48/0.74/60.55 Ep. 106 | Best Valid: 0.41/0.67/60.55 | Ep. 5
Time elapsed: 38.16 min
Epoch: 107/200 | Batch 0000/0043 | Loss: 0.0177
MAE/RMSE/ACC: Current Valid: 0.49/0.74/60.55 Ep. 107 | Best Valid: 0.41/0.67/60.55 | Ep. 5
Time elapsed: 38.53 min
Epoch: 108/200 | Batch 0000/0043 | Loss: 0.0170
MAE/RMSE/ACC: Current Valid: 0.47/0.73/60.55 Ep. 108 | Best Valid: 0.41/0.67/60.55 | Ep. 5
Time elapsed: 38.90 min
Epoch: 109/200 | Batch 0000/0043 | Loss: 0.0058
MAE/RMSE/ACC: Current Valid: 0.50/0.77/60.55 Ep. 109 | Best Valid: 0.41/0.67/60.55 | Ep. 5
Time elapsed: 39.26 min
Epoch: 110/200 | Batch 0000/0043 | Loss: 0.0285
MAE/RMSE/ACC: Current Valid: 0.48/0.74/60.55 Ep. 110 | Best Valid: 0.41/0.67/60.55 | Ep. 5
Time elapsed: 39.63 min
Epoch: 111/200 | Batch 0000/0043 | Loss: 0.0339
MAE/RMSE/ACC: Current Valid: 0.48/0.74/60.55 Ep. 111 | Best Valid: 0.41/0.67/60.55 | Ep. 5
Time elapsed: 40.00 min
Epoch: 112/200 | Batch 0000/0043 | Loss: 0.0153
MAE/RMSE/ACC: Current Valid: 0.48/0.74/60.55 Ep. 112 | Best Valid: 0.41/0.67/60.55 | Ep. 5
Time elapsed: 40.36 min
Epoch: 113/200 | Batch 0000/0043 | Loss: 0.0154
MAE/RMSE/ACC: Current Valid: 0.47/0.73/60.55 Ep. 113 | Best Valid: 0.41/0.67/60.55 | Ep. 5
Time elapsed: 40.73 min
Epoch: 114/200 | Batch 0000/0043 | Loss: 0.0164
MAE/RMSE/ACC: Current Valid: 0.48/0.74/60.55 Ep. 114 | Best Valid: 0.41/0.67/60.55 | Ep. 5
Time elapsed: 41.10 min
Epoch: 115/200 | Batch 0000/0043 | Loss: 0.0160
MAE/RMSE/ACC: Current Valid: 0.50/0.76/60.55 Ep. 115 | Best Valid: 0.41/0.67/60.55 | Ep. 5
Time elapsed: 41.47 min
Epoch: 116/200 | Batch 0000/0043 | Loss: 0.0187
MAE/RMSE/ACC: Current Valid: 0.47/0.74/60.55 Ep. 116 | Best Valid: 0.41/0.67/60.55 | Ep. 5
Time elapsed: 41.83 min
Epoch: 117/200 | Batch 0000/0043 | Loss: 0.0132
MAE/RMSE/ACC: Current Valid: 0.49/0.75/60.55 Ep. 117 | Best Valid: 0.41/0.67/60.55 | Ep. 5
Time elapsed: 42.20 min
Epoch: 118/200 | Batch 0000/0043 | Loss: 0.0434
MAE/RMSE/ACC: Current Valid: 0.48/0.75/60.55 Ep. 118 | Best Valid: 0.41/0.67/60.55 | Ep. 5
Time elapsed: 42.57 min
Epoch: 119/200 | Batch 0000/0043 | Loss: 0.0193
MAE/RMSE/ACC: Current Valid: 0.51/0.78/60.55 Ep. 119 | Best Valid: 0.41/0.67/60.55 | Ep. 5
Time elapsed: 42.94 min
Epoch: 120/200 | Batch 0000/0043 | Loss: 0.0212
MAE/RMSE/ACC: Current Valid: 0.47/0.73/60.55 Ep. 120 | Best Valid: 0.41/0.67/60.55 | Ep. 5
Time elapsed: 43.30 min
Epoch: 121/200 | Batch 0000/0043 | Loss: 0.0086
MAE/RMSE/ACC: Current Valid: 0.47/0.73/60.55 Ep. 121 | Best Valid: 0.41/0.67/60.55 | Ep. 5
Time elapsed: 43.67 min
Epoch: 122/200 | Batch 0000/0043 | Loss: 0.0427
MAE/RMSE/ACC: Current Valid: 0.47/0.73/60.55 Ep. 122 | Best Valid: 0.41/0.67/60.55 | Ep. 5
Time elapsed: 44.04 min
Epoch: 123/200 | Batch 0000/0043 | Loss: 0.0033
MAE/RMSE/ACC: Current Valid: 0.50/0.76/60.55 Ep. 123 | Best Valid: 0.41/0.67/60.55 | Ep. 5
Time elapsed: 44.41 min
Epoch: 124/200 | Batch 0000/0043 | Loss: 0.0118
MAE/RMSE/ACC: Current Valid: 0.46/0.73/60.55 Ep. 124 | Best Valid: 0.41/0.67/60.55 | Ep. 5
Time elapsed: 44.77 min
Epoch: 125/200 | Batch 0000/0043 | Loss: 0.0212
MAE/RMSE/ACC: Current Valid: 0.47/0.74/60.55 Ep. 125 | Best Valid: 0.41/0.67/60.55 | Ep. 5
Time elapsed: 45.14 min
Epoch: 126/200 | Batch 0000/0043 | Loss: 0.0153
MAE/RMSE/ACC: Current Valid: 0.45/0.72/60.55 Ep. 126 | Best Valid: 0.41/0.67/60.55 | Ep. 5
Time elapsed: 45.51 min
Epoch: 127/200 | Batch 0000/0043 | Loss: 0.0065
MAE/RMSE/ACC: Current Valid: 0.51/0.77/60.55 Ep. 127 | Best Valid: 0.41/0.67/60.55 | Ep. 5
Time elapsed: 45.88 min
Epoch: 128/200 | Batch 0000/0043 | Loss: 0.0167
MAE/RMSE/ACC: Current Valid: 0.47/0.74/60.55 Ep. 128 | Best Valid: 0.41/0.67/60.55 | Ep. 5
Time elapsed: 46.25 min
Epoch: 129/200 | Batch 0000/0043 | Loss: 0.0435
MAE/RMSE/ACC: Current Valid: 0.47/0.73/60.55 Ep. 129 | Best Valid: 0.41/0.67/60.55 | Ep. 5
Time elapsed: 46.61 min
Epoch: 130/200 | Batch 0000/0043 | Loss: 0.0028
MAE/RMSE/ACC: Current Valid: 0.48/0.74/60.55 Ep. 130 | Best Valid: 0.41/0.67/60.55 | Ep. 5
Time elapsed: 46.98 min
Epoch: 131/200 | Batch 0000/0043 | Loss: 0.0212
MAE/RMSE/ACC: Current Valid: 0.49/0.75/60.55 Ep. 131 | Best Valid: 0.41/0.67/60.55 | Ep. 5
Time elapsed: 47.35 min
Epoch: 132/200 | Batch 0000/0043 | Loss: 0.0070
MAE/RMSE/ACC: Current Valid: 0.50/0.75/60.55 Ep. 132 | Best Valid: 0.41/0.67/60.55 | Ep. 5
Time elapsed: 47.71 min
Epoch: 133/200 | Batch 0000/0043 | Loss: 0.0312
MAE/RMSE/ACC: Current Valid: 0.47/0.73/60.55 Ep. 133 | Best Valid: 0.41/0.67/60.55 | Ep. 5
Time elapsed: 48.08 min
Epoch: 134/200 | Batch 0000/0043 | Loss: 0.0040
MAE/RMSE/ACC: Current Valid: 0.47/0.74/60.55 Ep. 134 | Best Valid: 0.41/0.67/60.55 | Ep. 5
Time elapsed: 48.45 min
Epoch: 135/200 | Batch 0000/0043 | Loss: 0.0076
MAE/RMSE/ACC: Current Valid: 0.44/0.71/60.55 Ep. 135 | Best Valid: 0.41/0.67/60.55 | Ep. 5
Time elapsed: 48.82 min
Epoch: 136/200 | Batch 0000/0043 | Loss: 0.0201
MAE/RMSE/ACC: Current Valid: 0.47/0.73/60.55 Ep. 136 | Best Valid: 0.41/0.67/60.55 | Ep. 5
Time elapsed: 49.18 min
Epoch: 137/200 | Batch 0000/0043 | Loss: 0.0144
MAE/RMSE/ACC: Current Valid: 0.46/0.73/60.55 Ep. 137 | Best Valid: 0.41/0.67/60.55 | Ep. 5
Time elapsed: 49.55 min
Epoch: 138/200 | Batch 0000/0043 | Loss: 0.0064
MAE/RMSE/ACC: Current Valid: 0.47/0.73/60.55 Ep. 138 | Best Valid: 0.41/0.67/60.55 | Ep. 5
Time elapsed: 49.92 min
Epoch: 139/200 | Batch 0000/0043 | Loss: 0.0586
MAE/RMSE/ACC: Current Valid: 0.46/0.73/60.55 Ep. 139 | Best Valid: 0.41/0.67/60.55 | Ep. 5
Time elapsed: 50.28 min
Epoch: 140/200 | Batch 0000/0043 | Loss: 0.0090
MAE/RMSE/ACC: Current Valid: 0.48/0.75/60.55 Ep. 140 | Best Valid: 0.41/0.67/60.55 | Ep. 5
Time elapsed: 50.65 min
Epoch: 141/200 | Batch 0000/0043 | Loss: 0.0074
MAE/RMSE/ACC: Current Valid: 0.48/0.74/60.55 Ep. 141 | Best Valid: 0.41/0.67/60.55 | Ep. 5
Time elapsed: 51.02 min
Epoch: 142/200 | Batch 0000/0043 | Loss: 0.0171
MAE/RMSE/ACC: Current Valid: 0.46/0.72/60.55 Ep. 142 | Best Valid: 0.41/0.67/60.55 | Ep. 5
Time elapsed: 51.38 min
Epoch: 143/200 | Batch 0000/0043 | Loss: 0.0165
MAE/RMSE/ACC: Current Valid: 0.48/0.74/60.55 Ep. 143 | Best Valid: 0.41/0.67/60.55 | Ep. 5
Time elapsed: 51.75 min
Epoch: 144/200 | Batch 0000/0043 | Loss: 0.0223
MAE/RMSE/ACC: Current Valid: 0.49/0.75/60.55 Ep. 144 | Best Valid: 0.41/0.67/60.55 | Ep. 5
Time elapsed: 52.12 min
Epoch: 145/200 | Batch 0000/0043 | Loss: 0.0050
MAE/RMSE/ACC: Current Valid: 0.48/0.74/60.55 Ep. 145 | Best Valid: 0.41/0.67/60.55 | Ep. 5
Time elapsed: 52.48 min
Epoch: 146/200 | Batch 0000/0043 | Loss: 0.0096
MAE/RMSE/ACC: Current Valid: 0.48/0.75/60.55 Ep. 146 | Best Valid: 0.41/0.67/60.55 | Ep. 5
Time elapsed: 52.85 min
Epoch: 147/200 | Batch 0000/0043 | Loss: 0.0062
MAE/RMSE/ACC: Current Valid: 0.49/0.75/60.55 Ep. 147 | Best Valid: 0.41/0.67/60.55 | Ep. 5
Time elapsed: 53.22 min
Epoch: 148/200 | Batch 0000/0043 | Loss: 0.0046
MAE/RMSE/ACC: Current Valid: 0.46/0.73/60.55 Ep. 148 | Best Valid: 0.41/0.67/60.55 | Ep. 5
Time elapsed: 53.59 min
Epoch: 149/200 | Batch 0000/0043 | Loss: 0.0224
MAE/RMSE/ACC: Current Valid: 0.46/0.73/60.55 Ep. 149 | Best Valid: 0.41/0.67/60.55 | Ep. 5
Time elapsed: 53.95 min
Epoch: 150/200 | Batch 0000/0043 | Loss: 0.0178
MAE/RMSE/ACC: Current Valid: 0.50/0.76/60.55 Ep. 150 | Best Valid: 0.41/0.67/60.55 | Ep. 5
Time elapsed: 54.32 min
Epoch: 151/200 | Batch 0000/0043 | Loss: 0.0215
MAE/RMSE/ACC: Current Valid: 0.46/0.72/60.55 Ep. 151 | Best Valid: 0.41/0.67/60.55 | Ep. 5
Time elapsed: 54.69 min
Epoch: 152/200 | Batch 0000/0043 | Loss: 0.0277
MAE/RMSE/ACC: Current Valid: 0.45/0.72/60.55 Ep. 152 | Best Valid: 0.41/0.67/60.55 | Ep. 5
Time elapsed: 55.05 min
Epoch: 153/200 | Batch 0000/0043 | Loss: 0.0225
MAE/RMSE/ACC: Current Valid: 0.47/0.73/60.55 Ep. 153 | Best Valid: 0.41/0.67/60.55 | Ep. 5
Time elapsed: 55.42 min
Epoch: 154/200 | Batch 0000/0043 | Loss: 0.0029
MAE/RMSE/ACC: Current Valid: 0.48/0.74/60.55 Ep. 154 | Best Valid: 0.41/0.67/60.55 | Ep. 5
Time elapsed: 55.79 min
Epoch: 155/200 | Batch 0000/0043 | Loss: 0.0176
MAE/RMSE/ACC: Current Valid: 0.47/0.72/60.55 Ep. 155 | Best Valid: 0.41/0.67/60.55 | Ep. 5
Time elapsed: 56.15 min
Epoch: 156/200 | Batch 0000/0043 | Loss: 0.0278
MAE/RMSE/ACC: Current Valid: 0.48/0.74/60.55 Ep. 156 | Best Valid: 0.41/0.67/60.55 | Ep. 5
Time elapsed: 56.52 min
Epoch: 157/200 | Batch 0000/0043 | Loss: 0.0524
MAE/RMSE/ACC: Current Valid: 0.45/0.71/60.55 Ep. 157 | Best Valid: 0.41/0.67/60.55 | Ep. 5
Time elapsed: 56.89 min
Epoch: 158/200 | Batch 0000/0043 | Loss: 0.0164
MAE/RMSE/ACC: Current Valid: 0.46/0.73/60.55 Ep. 158 | Best Valid: 0.41/0.67/60.55 | Ep. 5
Time elapsed: 57.25 min
Epoch: 159/200 | Batch 0000/0043 | Loss: 0.0074
MAE/RMSE/ACC: Current Valid: 0.45/0.72/60.55 Ep. 159 | Best Valid: 0.41/0.67/60.55 | Ep. 5
Time elapsed: 57.62 min
Epoch: 160/200 | Batch 0000/0043 | Loss: 0.0101
MAE/RMSE/ACC: Current Valid: 0.48/0.74/60.55 Ep. 160 | Best Valid: 0.41/0.67/60.55 | Ep. 5
Time elapsed: 57.99 min
Epoch: 161/200 | Batch 0000/0043 | Loss: 0.0255
MAE/RMSE/ACC: Current Valid: 0.47/0.73/60.55 Ep. 161 | Best Valid: 0.41/0.67/60.55 | Ep. 5
Time elapsed: 58.35 min
Epoch: 162/200 | Batch 0000/0043 | Loss: 0.0452
MAE/RMSE/ACC: Current Valid: 0.48/0.74/60.55 Ep. 162 | Best Valid: 0.41/0.67/60.55 | Ep. 5
Time elapsed: 58.72 min
Epoch: 163/200 | Batch 0000/0043 | Loss: 0.0047
MAE/RMSE/ACC: Current Valid: 0.46/0.73/60.55 Ep. 163 | Best Valid: 0.41/0.67/60.55 | Ep. 5
Time elapsed: 59.09 min
Epoch: 164/200 | Batch 0000/0043 | Loss: 0.0098
MAE/RMSE/ACC: Current Valid: 0.47/0.74/60.55 Ep. 164 | Best Valid: 0.41/0.67/60.55 | Ep. 5
Time elapsed: 59.46 min
Epoch: 165/200 | Batch 0000/0043 | Loss: 0.0117
MAE/RMSE/ACC: Current Valid: 0.51/0.77/60.55 Ep. 165 | Best Valid: 0.41/0.67/60.55 | Ep. 5
Time elapsed: 59.82 min
Epoch: 166/200 | Batch 0000/0043 | Loss: 0.0046
MAE/RMSE/ACC: Current Valid: 0.48/0.73/60.55 Ep. 166 | Best Valid: 0.41/0.67/60.55 | Ep. 5
Time elapsed: 60.19 min
Epoch: 167/200 | Batch 0000/0043 | Loss: 0.0230
MAE/RMSE/ACC: Current Valid: 0.49/0.75/60.55 Ep. 167 | Best Valid: 0.41/0.67/60.55 | Ep. 5
Time elapsed: 60.56 min
Epoch: 168/200 | Batch 0000/0043 | Loss: 0.0329
MAE/RMSE/ACC: Current Valid: 0.47/0.73/60.55 Ep. 168 | Best Valid: 0.41/0.67/60.55 | Ep. 5
Time elapsed: 60.93 min
Epoch: 169/200 | Batch 0000/0043 | Loss: 0.0085
MAE/RMSE/ACC: Current Valid: 0.48/0.73/60.55 Ep. 169 | Best Valid: 0.41/0.67/60.55 | Ep. 5
Time elapsed: 61.29 min
Epoch: 170/200 | Batch 0000/0043 | Loss: 0.0100
MAE/RMSE/ACC: Current Valid: 0.49/0.75/60.55 Ep. 170 | Best Valid: 0.41/0.67/60.55 | Ep. 5
Time elapsed: 61.66 min
Epoch: 171/200 | Batch 0000/0043 | Loss: 0.0112
MAE/RMSE/ACC: Current Valid: 0.48/0.74/60.55 Ep. 171 | Best Valid: 0.41/0.67/60.55 | Ep. 5
Time elapsed: 62.03 min
Epoch: 172/200 | Batch 0000/0043 | Loss: 0.0034
MAE/RMSE/ACC: Current Valid: 0.47/0.73/60.55 Ep. 172 | Best Valid: 0.41/0.67/60.55 | Ep. 5
Time elapsed: 62.39 min
Epoch: 173/200 | Batch 0000/0043 | Loss: 0.0124
MAE/RMSE/ACC: Current Valid: 0.48/0.75/60.55 Ep. 173 | Best Valid: 0.41/0.67/60.55 | Ep. 5
Time elapsed: 62.76 min
Epoch: 174/200 | Batch 0000/0043 | Loss: 0.0301
MAE/RMSE/ACC: Current Valid: 0.46/0.73/60.55 Ep. 174 | Best Valid: 0.41/0.67/60.55 | Ep. 5
Time elapsed: 63.13 min
Epoch: 175/200 | Batch 0000/0043 | Loss: 0.0045
MAE/RMSE/ACC: Current Valid: 0.48/0.74/60.55 Ep. 175 | Best Valid: 0.41/0.67/60.55 | Ep. 5
Time elapsed: 63.50 min
Epoch: 176/200 | Batch 0000/0043 | Loss: 0.0056
MAE/RMSE/ACC: Current Valid: 0.47/0.73/60.55 Ep. 176 | Best Valid: 0.41/0.67/60.55 | Ep. 5
Time elapsed: 63.86 min
Epoch: 177/200 | Batch 0000/0043 | Loss: 0.0151
MAE/RMSE/ACC: Current Valid: 0.49/0.75/60.55 Ep. 177 | Best Valid: 0.41/0.67/60.55 | Ep. 5
Time elapsed: 64.23 min
Epoch: 178/200 | Batch 0000/0043 | Loss: 0.0156
MAE/RMSE/ACC: Current Valid: 0.50/0.75/60.55 Ep. 178 | Best Valid: 0.41/0.67/60.55 | Ep. 5
Time elapsed: 64.60 min
Epoch: 179/200 | Batch 0000/0043 | Loss: 0.0060
MAE/RMSE/ACC: Current Valid: 0.49/0.75/60.55 Ep. 179 | Best Valid: 0.41/0.67/60.55 | Ep. 5
Time elapsed: 64.96 min
Epoch: 180/200 | Batch 0000/0043 | Loss: 0.0196
MAE/RMSE/ACC: Current Valid: 0.46/0.72/60.55 Ep. 180 | Best Valid: 0.41/0.67/60.55 | Ep. 5
Time elapsed: 65.33 min
Epoch: 181/200 | Batch 0000/0043 | Loss: 0.0111
MAE/RMSE/ACC: Current Valid: 0.48/0.75/60.55 Ep. 181 | Best Valid: 0.41/0.67/60.55 | Ep. 5
Time elapsed: 65.70 min
Epoch: 182/200 | Batch 0000/0043 | Loss: 0.0330
MAE/RMSE/ACC: Current Valid: 0.48/0.74/60.55 Ep. 182 | Best Valid: 0.41/0.67/60.55 | Ep. 5
Time elapsed: 66.07 min
Epoch: 183/200 | Batch 0000/0043 | Loss: 0.0094
MAE/RMSE/ACC: Current Valid: 0.46/0.72/60.55 Ep. 183 | Best Valid: 0.41/0.67/60.55 | Ep. 5
Time elapsed: 66.44 min
Epoch: 184/200 | Batch 0000/0043 | Loss: 0.0200
MAE/RMSE/ACC: Current Valid: 0.50/0.76/60.55 Ep. 184 | Best Valid: 0.41/0.67/60.55 | Ep. 5
Time elapsed: 66.80 min
Epoch: 185/200 | Batch 0000/0043 | Loss: 0.0119
MAE/RMSE/ACC: Current Valid: 0.45/0.71/60.55 Ep. 185 | Best Valid: 0.41/0.67/60.55 | Ep. 5
Time elapsed: 67.17 min
Epoch: 186/200 | Batch 0000/0043 | Loss: 0.0355
MAE/RMSE/ACC: Current Valid: 0.48/0.74/60.55 Ep. 186 | Best Valid: 0.41/0.67/60.55 | Ep. 5
Time elapsed: 67.54 min
Epoch: 187/200 | Batch 0000/0043 | Loss: 0.0340
MAE/RMSE/ACC: Current Valid: 0.46/0.72/60.55 Ep. 187 | Best Valid: 0.41/0.67/60.55 | Ep. 5
Time elapsed: 67.91 min
Epoch: 188/200 | Batch 0000/0043 | Loss: 0.0108
MAE/RMSE/ACC: Current Valid: 0.45/0.71/60.55 Ep. 188 | Best Valid: 0.41/0.67/60.55 | Ep. 5
Time elapsed: 68.28 min
Epoch: 189/200 | Batch 0000/0043 | Loss: 0.0153
MAE/RMSE/ACC: Current Valid: 0.46/0.72/60.55 Ep. 189 | Best Valid: 0.41/0.67/60.55 | Ep. 5
Time elapsed: 68.65 min
Epoch: 190/200 | Batch 0000/0043 | Loss: 0.0037
MAE/RMSE/ACC: Current Valid: 0.46/0.72/60.55 Ep. 190 | Best Valid: 0.41/0.67/60.55 | Ep. 5
Time elapsed: 69.02 min
Epoch: 191/200 | Batch 0000/0043 | Loss: 0.0261
MAE/RMSE/ACC: Current Valid: 0.49/0.75/60.55 Ep. 191 | Best Valid: 0.41/0.67/60.55 | Ep. 5
Time elapsed: 69.38 min
Epoch: 192/200 | Batch 0000/0043 | Loss: 0.0272
MAE/RMSE/ACC: Current Valid: 0.46/0.72/60.55 Ep. 192 | Best Valid: 0.41/0.67/60.55 | Ep. 5
Time elapsed: 69.75 min
Epoch: 193/200 | Batch 0000/0043 | Loss: 0.0359
MAE/RMSE/ACC: Current Valid: 0.47/0.72/60.55 Ep. 193 | Best Valid: 0.41/0.67/60.55 | Ep. 5
Time elapsed: 70.12 min
Epoch: 194/200 | Batch 0000/0043 | Loss: 0.0125
MAE/RMSE/ACC: Current Valid: 0.48/0.73/60.55 Ep. 194 | Best Valid: 0.41/0.67/60.55 | Ep. 5
Time elapsed: 70.48 min
Epoch: 195/200 | Batch 0000/0043 | Loss: 0.0036
MAE/RMSE/ACC: Current Valid: 0.46/0.72/60.55 Ep. 195 | Best Valid: 0.41/0.67/60.55 | Ep. 5
Time elapsed: 70.85 min
Epoch: 196/200 | Batch 0000/0043 | Loss: 0.0314
MAE/RMSE/ACC: Current Valid: 0.48/0.74/60.55 Ep. 196 | Best Valid: 0.41/0.67/60.55 | Ep. 5
Time elapsed: 71.22 min
Epoch: 197/200 | Batch 0000/0043 | Loss: 0.0075
MAE/RMSE/ACC: Current Valid: 0.47/0.74/60.55 Ep. 197 | Best Valid: 0.41/0.67/60.55 | Ep. 5
Time elapsed: 71.59 min
Epoch: 198/200 | Batch 0000/0043 | Loss: 0.0149
MAE/RMSE/ACC: Current Valid: 0.51/0.77/60.55 Ep. 198 | Best Valid: 0.41/0.67/60.55 | Ep. 5
Time elapsed: 71.95 min
Epoch: 199/200 | Batch 0000/0043 | Loss: 0.0071
MAE/RMSE/ACC: Current Valid: 0.49/0.75/60.55 Ep. 199 | Best Valid: 0.41/0.67/60.55 | Ep. 5
Time elapsed: 72.32 min
Epoch: 200/200 | Batch 0000/0043 | Loss: 0.0098
MAE/RMSE/ACC: Current Valid: 0.49/0.75/60.55 Ep. 200 | Best Valid: 0.41/0.67/60.55 | Ep. 5
Time elapsed: 72.69 min
MAE/RMSE: | Train: 0.01/0.11 | Valid: 0.49/0.75 | Test: 0.49/0.75
ACC: | Train: 99.32 | Valid: 54.54 | Test: 54.98
Total Running Time: 73.29 min
MAE/RMSE: | Best Train: 0.38/0.64 | Best Valid: 0.41/0.67 | Best Test: 0.43/0.68
ACC: | Best Train: 63.81 | Best Valid: 60.55 | Best Test: 59.02
Total Running Time: 73.90 min
