This script: resnet34_coral.py
PyTorch Version: 1.8.1
CUDA device: cuda:3
CUDA version: 11.1
Random seed: 0
Learning rate: 0.0005
Epochs: 200
Batch size: 256
Output path: runs/morph2-balanced/resnet34_coral-imp0-seed0-epochs200_best-rmse
Epoch: 001/200 | Batch 0000/0080 | Loss: 22.6121
Epoch: 001/200 | Batch 0050/0080 | Loss: 19.4619
MAE/RMSE/ACC: Current Valid: 10.24/12.75/5.73 Ep. 1 | Best Valid: 10.24/12.75/5.73 | Ep. 1
Time elapsed: 0.60 min
Epoch: 002/200 | Batch 0000/0080 | Loss: 18.6623
Epoch: 002/200 | Batch 0050/0080 | Loss: 17.1342
MAE/RMSE/ACC: Current Valid: 8.75/10.84/6.11 Ep. 2 | Best Valid: 8.75/10.84/6.11 | Ep. 2
Time elapsed: 1.20 min
Epoch: 003/200 | Batch 0000/0080 | Loss: 17.5980
Epoch: 003/200 | Batch 0050/0080 | Loss: 16.9241
MAE/RMSE/ACC: Current Valid: 10.06/12.59/6.11 Ep. 3 | Best Valid: 8.75/10.84/6.11 | Ep. 2
Time elapsed: 1.82 min
Epoch: 004/200 | Batch 0000/0080 | Loss: 16.2852
Epoch: 004/200 | Batch 0050/0080 | Loss: 16.0153
MAE/RMSE/ACC: Current Valid: 9.58/12.01/6.11 Ep. 4 | Best Valid: 8.75/10.84/6.11 | Ep. 2
Time elapsed: 2.45 min
Epoch: 005/200 | Batch 0000/0080 | Loss: 16.3131
Epoch: 005/200 | Batch 0050/0080 | Loss: 15.7569
MAE/RMSE/ACC: Current Valid: 9.02/11.32/6.11 Ep. 5 | Best Valid: 8.75/10.84/6.11 | Ep. 2
Time elapsed: 3.11 min
Epoch: 006/200 | Batch 0000/0080 | Loss: 15.5640
Epoch: 006/200 | Batch 0050/0080 | Loss: 15.4181
MAE/RMSE/ACC: Current Valid: 7.58/9.45/6.65 Ep. 6 | Best Valid: 7.58/9.45/6.65 | Ep. 6
Time elapsed: 3.77 min
Epoch: 007/200 | Batch 0000/0080 | Loss: 15.5091
Epoch: 007/200 | Batch 0050/0080 | Loss: 14.6868
MAE/RMSE/ACC: Current Valid: 8.03/10.08/6.65 Ep. 7 | Best Valid: 7.58/9.45/6.65 | Ep. 6
Time elapsed: 4.43 min
Epoch: 008/200 | Batch 0000/0080 | Loss: 14.9327
Epoch: 008/200 | Batch 0050/0080 | Loss: 14.3567
MAE/RMSE/ACC: Current Valid: 8.52/10.73/6.65 Ep. 8 | Best Valid: 7.58/9.45/6.65 | Ep. 6
Time elapsed: 5.10 min
Epoch: 009/200 | Batch 0000/0080 | Loss: 14.4279
Epoch: 009/200 | Batch 0050/0080 | Loss: 14.8743
MAE/RMSE/ACC: Current Valid: 9.49/11.86/6.65 Ep. 9 | Best Valid: 7.58/9.45/6.65 | Ep. 6
Time elapsed: 5.76 min
Epoch: 010/200 | Batch 0000/0080 | Loss: 14.3374
Epoch: 010/200 | Batch 0050/0080 | Loss: 14.3422
MAE/RMSE/ACC: Current Valid: 6.75/8.51/7.51 Ep. 10 | Best Valid: 6.75/8.51/7.51 | Ep. 10
Time elapsed: 6.43 min
Epoch: 011/200 | Batch 0000/0080 | Loss: 14.1874
Epoch: 011/200 | Batch 0050/0080 | Loss: 14.3361
MAE/RMSE/ACC: Current Valid: 6.65/8.41/7.45 Ep. 11 | Best Valid: 6.65/8.41/7.45 | Ep. 11
Time elapsed: 7.09 min
Epoch: 012/200 | Batch 0000/0080 | Loss: 14.3487
Epoch: 012/200 | Batch 0050/0080 | Loss: 13.9731
MAE/RMSE/ACC: Current Valid: 9.16/11.42/7.45 Ep. 12 | Best Valid: 6.65/8.41/7.45 | Ep. 11
Time elapsed: 7.75 min
Epoch: 013/200 | Batch 0000/0080 | Loss: 13.3154
Epoch: 013/200 | Batch 0050/0080 | Loss: 13.3417
MAE/RMSE/ACC: Current Valid: 6.37/8.04/7.74 Ep. 13 | Best Valid: 6.37/8.04/7.74 | Ep. 13
Time elapsed: 8.42 min
Epoch: 014/200 | Batch 0000/0080 | Loss: 13.2488
Epoch: 014/200 | Batch 0050/0080 | Loss: 13.9501
MAE/RMSE/ACC: Current Valid: 6.23/7.88/7.75 Ep. 14 | Best Valid: 6.23/7.88/7.75 | Ep. 14
Time elapsed: 9.08 min
Epoch: 015/200 | Batch 0000/0080 | Loss: 13.2743
Epoch: 015/200 | Batch 0050/0080 | Loss: 12.7636
MAE/RMSE/ACC: Current Valid: 6.74/8.57/7.75 Ep. 15 | Best Valid: 6.23/7.88/7.75 | Ep. 14
Time elapsed: 9.74 min
Epoch: 016/200 | Batch 0000/0080 | Loss: 12.7576
Epoch: 016/200 | Batch 0050/0080 | Loss: 12.9779
MAE/RMSE/ACC: Current Valid: 5.85/7.45/8.25 Ep. 16 | Best Valid: 5.85/7.45/8.25 | Ep. 16
Time elapsed: 10.40 min
Epoch: 017/200 | Batch 0000/0080 | Loss: 12.6616
Epoch: 017/200 | Batch 0050/0080 | Loss: 12.5989
MAE/RMSE/ACC: Current Valid: 7.81/9.84/8.25 Ep. 17 | Best Valid: 5.85/7.45/8.25 | Ep. 16
Time elapsed: 11.06 min
Epoch: 018/200 | Batch 0000/0080 | Loss: 11.7777
Epoch: 018/200 | Batch 0050/0080 | Loss: 11.9792
MAE/RMSE/ACC: Current Valid: 5.80/7.42/8.39 Ep. 18 | Best Valid: 5.80/7.42/8.39 | Ep. 18
Time elapsed: 11.72 min
Epoch: 019/200 | Batch 0000/0080 | Loss: 11.6739
Epoch: 019/200 | Batch 0050/0080 | Loss: 11.4909
MAE/RMSE/ACC: Current Valid: 6.05/7.72/8.39 Ep. 19 | Best Valid: 5.80/7.42/8.39 | Ep. 18
Time elapsed: 12.38 min
Epoch: 020/200 | Batch 0000/0080 | Loss: 12.5601
Epoch: 020/200 | Batch 0050/0080 | Loss: 11.3800
MAE/RMSE/ACC: Current Valid: 7.06/8.87/8.39 Ep. 20 | Best Valid: 5.80/7.42/8.39 | Ep. 18
Time elapsed: 13.04 min
Epoch: 021/200 | Batch 0000/0080 | Loss: 11.6532
Epoch: 021/200 | Batch 0050/0080 | Loss: 11.3936
MAE/RMSE/ACC: Current Valid: 5.54/7.08/8.48 Ep. 21 | Best Valid: 5.54/7.08/8.48 | Ep. 21
Time elapsed: 13.71 min
Epoch: 022/200 | Batch 0000/0080 | Loss: 11.7764
Epoch: 022/200 | Batch 0050/0080 | Loss: 11.3670
MAE/RMSE/ACC: Current Valid: 5.58/7.15/8.48 Ep. 22 | Best Valid: 5.54/7.08/8.48 | Ep. 21
Time elapsed: 14.37 min
Epoch: 023/200 | Batch 0000/0080 | Loss: 11.5741
Epoch: 023/200 | Batch 0050/0080 | Loss: 10.7905
MAE/RMSE/ACC: Current Valid: 5.38/6.88/8.92 Ep. 23 | Best Valid: 5.38/6.88/8.92 | Ep. 23
Time elapsed: 15.03 min
Epoch: 024/200 | Batch 0000/0080 | Loss: 11.3736
Epoch: 024/200 | Batch 0050/0080 | Loss: 11.4529
MAE/RMSE/ACC: Current Valid: 4.91/6.34/9.00 Ep. 24 | Best Valid: 4.91/6.34/9.00 | Ep. 24
Time elapsed: 15.70 min
Epoch: 025/200 | Batch 0000/0080 | Loss: 10.9686
Epoch: 025/200 | Batch 0050/0080 | Loss: 11.4456
MAE/RMSE/ACC: Current Valid: 5.41/6.90/9.00 Ep. 25 | Best Valid: 4.91/6.34/9.00 | Ep. 24
Time elapsed: 16.35 min
Epoch: 026/200 | Batch 0000/0080 | Loss: 10.8221
Epoch: 026/200 | Batch 0050/0080 | Loss: 11.3030
MAE/RMSE/ACC: Current Valid: 5.18/6.65/9.00 Ep. 26 | Best Valid: 4.91/6.34/9.00 | Ep. 24
Time elapsed: 17.01 min
Epoch: 027/200 | Batch 0000/0080 | Loss: 11.5353
Epoch: 027/200 | Batch 0050/0080 | Loss: 10.5281
MAE/RMSE/ACC: Current Valid: 4.80/6.24/9.41 Ep. 27 | Best Valid: 4.80/6.24/9.41 | Ep. 27
Time elapsed: 17.67 min
Epoch: 028/200 | Batch 0000/0080 | Loss: 10.6875
Epoch: 028/200 | Batch 0050/0080 | Loss: 10.4877
MAE/RMSE/ACC: Current Valid: 5.68/7.23/9.41 Ep. 28 | Best Valid: 4.80/6.24/9.41 | Ep. 27
Time elapsed: 18.33 min
Epoch: 029/200 | Batch 0000/0080 | Loss: 10.5646
Epoch: 029/200 | Batch 0050/0080 | Loss: 10.4065
MAE/RMSE/ACC: Current Valid: 8.14/9.96/9.41 Ep. 29 | Best Valid: 4.80/6.24/9.41 | Ep. 27
Time elapsed: 18.99 min
Epoch: 030/200 | Batch 0000/0080 | Loss: 10.1347
Epoch: 030/200 | Batch 0050/0080 | Loss: 10.3909
MAE/RMSE/ACC: Current Valid: 4.76/6.18/9.22 Ep. 30 | Best Valid: 4.76/6.18/9.22 | Ep. 30
Time elapsed: 19.65 min
Epoch: 031/200 | Batch 0000/0080 | Loss: 10.8072
Epoch: 031/200 | Batch 0050/0080 | Loss: 10.1853
MAE/RMSE/ACC: Current Valid: 4.71/6.10/9.14 Ep. 31 | Best Valid: 4.71/6.10/9.14 | Ep. 31
Time elapsed: 20.31 min
Epoch: 032/200 | Batch 0000/0080 | Loss: 10.2202
Epoch: 032/200 | Batch 0050/0080 | Loss: 10.1130
MAE/RMSE/ACC: Current Valid: 4.69/6.07/9.74 Ep. 32 | Best Valid: 4.69/6.07/9.74 | Ep. 32
Time elapsed: 20.97 min
Epoch: 033/200 | Batch 0000/0080 | Loss: 10.2156
Epoch: 033/200 | Batch 0050/0080 | Loss: 10.3783
MAE/RMSE/ACC: Current Valid: 4.25/5.51/9.87 Ep. 33 | Best Valid: 4.25/5.51/9.87 | Ep. 33
Time elapsed: 21.64 min
Epoch: 034/200 | Batch 0000/0080 | Loss: 9.8711
Epoch: 034/200 | Batch 0050/0080 | Loss: 9.8958
MAE/RMSE/ACC: Current Valid: 4.64/6.03/9.87 Ep. 34 | Best Valid: 4.25/5.51/9.87 | Ep. 33
Time elapsed: 22.29 min
Epoch: 035/200 | Batch 0000/0080 | Loss: 10.0232
Epoch: 035/200 | Batch 0050/0080 | Loss: 9.4455
MAE/RMSE/ACC: Current Valid: 4.48/5.80/9.87 Ep. 35 | Best Valid: 4.25/5.51/9.87 | Ep. 33
Time elapsed: 22.95 min
Epoch: 036/200 | Batch 0000/0080 | Loss: 9.5586
Epoch: 036/200 | Batch 0050/0080 | Loss: 9.2947
MAE/RMSE/ACC: Current Valid: 4.40/5.69/9.87 Ep. 36 | Best Valid: 4.25/5.51/9.87 | Ep. 33
Time elapsed: 23.61 min
Epoch: 037/200 | Batch 0000/0080 | Loss: 9.3726
Epoch: 037/200 | Batch 0050/0080 | Loss: 9.6042
MAE/RMSE/ACC: Current Valid: 4.38/5.68/9.87 Ep. 37 | Best Valid: 4.25/5.51/9.87 | Ep. 33
Time elapsed: 24.27 min
Epoch: 038/200 | Batch 0000/0080 | Loss: 9.2420
Epoch: 038/200 | Batch 0050/0080 | Loss: 9.4512
MAE/RMSE/ACC: Current Valid: 4.27/5.57/9.87 Ep. 38 | Best Valid: 4.25/5.51/9.87 | Ep. 33
Time elapsed: 24.93 min
Epoch: 039/200 | Batch 0000/0080 | Loss: 9.1251
Epoch: 039/200 | Batch 0050/0080 | Loss: 9.3101
MAE/RMSE/ACC: Current Valid: 4.62/5.96/9.87 Ep. 39 | Best Valid: 4.25/5.51/9.87 | Ep. 33
Time elapsed: 25.58 min
Epoch: 040/200 | Batch 0000/0080 | Loss: 9.2324
Epoch: 040/200 | Batch 0050/0080 | Loss: 9.2058
MAE/RMSE/ACC: Current Valid: 4.10/5.35/10.57 Ep. 40 | Best Valid: 4.10/5.35/10.57 | Ep. 40
Time elapsed: 26.25 min
Epoch: 041/200 | Batch 0000/0080 | Loss: 9.0666
Epoch: 041/200 | Batch 0050/0080 | Loss: 9.1510
MAE/RMSE/ACC: Current Valid: 5.10/6.51/10.57 Ep. 41 | Best Valid: 4.10/5.35/10.57 | Ep. 40
Time elapsed: 26.91 min
Epoch: 042/200 | Batch 0000/0080 | Loss: 9.4398
Epoch: 042/200 | Batch 0050/0080 | Loss: 8.9511
MAE/RMSE/ACC: Current Valid: 5.04/6.39/10.57 Ep. 42 | Best Valid: 4.10/5.35/10.57 | Ep. 40
Time elapsed: 27.57 min
Epoch: 043/200 | Batch 0000/0080 | Loss: 9.0628
Epoch: 043/200 | Batch 0050/0080 | Loss: 8.8437
MAE/RMSE/ACC: Current Valid: 3.97/5.16/10.16 Ep. 43 | Best Valid: 3.97/5.16/10.16 | Ep. 43
Time elapsed: 28.23 min
Epoch: 044/200 | Batch 0000/0080 | Loss: 8.7306
Epoch: 044/200 | Batch 0050/0080 | Loss: 8.9796
MAE/RMSE/ACC: Current Valid: 4.84/6.20/10.16 Ep. 44 | Best Valid: 3.97/5.16/10.16 | Ep. 43
Time elapsed: 28.89 min
Epoch: 045/200 | Batch 0000/0080 | Loss: 8.6242
Epoch: 045/200 | Batch 0050/0080 | Loss: 8.4669
MAE/RMSE/ACC: Current Valid: 5.69/7.05/10.16 Ep. 45 | Best Valid: 3.97/5.16/10.16 | Ep. 43
Time elapsed: 29.54 min
Epoch: 046/200 | Batch 0000/0080 | Loss: 8.4624
Epoch: 046/200 | Batch 0050/0080 | Loss: 8.5518
MAE/RMSE/ACC: Current Valid: 4.30/5.49/10.16 Ep. 46 | Best Valid: 3.97/5.16/10.16 | Ep. 43
Time elapsed: 30.20 min
Epoch: 047/200 | Batch 0000/0080 | Loss: 8.4458
Epoch: 047/200 | Batch 0050/0080 | Loss: 8.4935
MAE/RMSE/ACC: Current Valid: 4.20/5.44/10.16 Ep. 47 | Best Valid: 3.97/5.16/10.16 | Ep. 43
Time elapsed: 30.86 min
Epoch: 048/200 | Batch 0000/0080 | Loss: 8.2773
Epoch: 048/200 | Batch 0050/0080 | Loss: 8.5659
MAE/RMSE/ACC: Current Valid: 4.22/5.50/10.16 Ep. 48 | Best Valid: 3.97/5.16/10.16 | Ep. 43
Time elapsed: 31.52 min
Epoch: 049/200 | Batch 0000/0080 | Loss: 8.4946
Epoch: 049/200 | Batch 0050/0080 | Loss: 8.2800
MAE/RMSE/ACC: Current Valid: 6.17/7.58/10.16 Ep. 49 | Best Valid: 3.97/5.16/10.16 | Ep. 43
Time elapsed: 32.18 min
Epoch: 050/200 | Batch 0000/0080 | Loss: 8.0183
Epoch: 050/200 | Batch 0050/0080 | Loss: 8.1841
MAE/RMSE/ACC: Current Valid: 4.53/5.83/10.16 Ep. 50 | Best Valid: 3.97/5.16/10.16 | Ep. 43
Time elapsed: 32.84 min
Epoch: 051/200 | Batch 0000/0080 | Loss: 8.0341
Epoch: 051/200 | Batch 0050/0080 | Loss: 8.0835
MAE/RMSE/ACC: Current Valid: 3.86/5.02/10.54 Ep. 51 | Best Valid: 3.86/5.02/10.54 | Ep. 51
Time elapsed: 33.50 min
Epoch: 052/200 | Batch 0000/0080 | Loss: 8.0894
Epoch: 052/200 | Batch 0050/0080 | Loss: 7.8880
MAE/RMSE/ACC: Current Valid: 3.72/4.86/11.12 Ep. 52 | Best Valid: 3.72/4.86/11.12 | Ep. 52
Time elapsed: 34.17 min
Epoch: 053/200 | Batch 0000/0080 | Loss: 8.2261
Epoch: 053/200 | Batch 0050/0080 | Loss: 7.9100
MAE/RMSE/ACC: Current Valid: 6.63/8.02/11.12 Ep. 53 | Best Valid: 3.72/4.86/11.12 | Ep. 52
Time elapsed: 34.83 min
Epoch: 054/200 | Batch 0000/0080 | Loss: 8.1624
Epoch: 054/200 | Batch 0050/0080 | Loss: 7.9886
MAE/RMSE/ACC: Current Valid: 4.54/5.86/11.12 Ep. 54 | Best Valid: 3.72/4.86/11.12 | Ep. 52
Time elapsed: 35.49 min
Epoch: 055/200 | Batch 0000/0080 | Loss: 8.0536
Epoch: 055/200 | Batch 0050/0080 | Loss: 7.2731
MAE/RMSE/ACC: Current Valid: 3.64/4.74/11.10 Ep. 55 | Best Valid: 3.64/4.74/11.10 | Ep. 55
Time elapsed: 36.16 min
Epoch: 056/200 | Batch 0000/0080 | Loss: 7.5874
Epoch: 056/200 | Batch 0050/0080 | Loss: 7.6388
MAE/RMSE/ACC: Current Valid: 3.70/4.81/11.10 Ep. 56 | Best Valid: 3.64/4.74/11.10 | Ep. 55
Time elapsed: 36.82 min
Epoch: 057/200 | Batch 0000/0080 | Loss: 7.5256
Epoch: 057/200 | Batch 0050/0080 | Loss: 7.5924
MAE/RMSE/ACC: Current Valid: 5.58/6.92/11.10 Ep. 57 | Best Valid: 3.64/4.74/11.10 | Ep. 55
Time elapsed: 37.48 min
Epoch: 058/200 | Batch 0000/0080 | Loss: 7.8305
Epoch: 058/200 | Batch 0050/0080 | Loss: 7.5556
MAE/RMSE/ACC: Current Valid: 3.80/4.95/11.10 Ep. 58 | Best Valid: 3.64/4.74/11.10 | Ep. 55
Time elapsed: 38.14 min
Epoch: 059/200 | Batch 0000/0080 | Loss: 7.6080
Epoch: 059/200 | Batch 0050/0080 | Loss: 7.6689
MAE/RMSE/ACC: Current Valid: 5.20/6.48/11.10 Ep. 59 | Best Valid: 3.64/4.74/11.10 | Ep. 55
Time elapsed: 38.80 min
Epoch: 060/200 | Batch 0000/0080 | Loss: 7.4024
Epoch: 060/200 | Batch 0050/0080 | Loss: 7.6269
MAE/RMSE/ACC: Current Valid: 3.85/4.98/11.10 Ep. 60 | Best Valid: 3.64/4.74/11.10 | Ep. 55
Time elapsed: 39.47 min
Epoch: 061/200 | Batch 0000/0080 | Loss: 7.4608
Epoch: 061/200 | Batch 0050/0080 | Loss: 7.5805
MAE/RMSE/ACC: Current Valid: 4.45/5.72/11.10 Ep. 61 | Best Valid: 3.64/4.74/11.10 | Ep. 55
Time elapsed: 40.13 min
Epoch: 062/200 | Batch 0000/0080 | Loss: 7.5365
Epoch: 062/200 | Batch 0050/0080 | Loss: 7.3184
MAE/RMSE/ACC: Current Valid: 5.54/6.88/11.10 Ep. 62 | Best Valid: 3.64/4.74/11.10 | Ep. 55
Time elapsed: 40.80 min
Epoch: 063/200 | Batch 0000/0080 | Loss: 7.2040
Epoch: 063/200 | Batch 0050/0080 | Loss: 7.3475
MAE/RMSE/ACC: Current Valid: 3.97/5.21/11.10 Ep. 63 | Best Valid: 3.64/4.74/11.10 | Ep. 55
Time elapsed: 41.46 min
Epoch: 064/200 | Batch 0000/0080 | Loss: 7.3247
Epoch: 064/200 | Batch 0050/0080 | Loss: 7.2394
MAE/RMSE/ACC: Current Valid: 3.86/4.99/11.10 Ep. 64 | Best Valid: 3.64/4.74/11.10 | Ep. 55
Time elapsed: 42.12 min
Epoch: 065/200 | Batch 0000/0080 | Loss: 6.9435
Epoch: 065/200 | Batch 0050/0080 | Loss: 7.2446
MAE/RMSE/ACC: Current Valid: 4.04/5.25/11.10 Ep. 65 | Best Valid: 3.64/4.74/11.10 | Ep. 55
Time elapsed: 42.79 min
Epoch: 066/200 | Batch 0000/0080 | Loss: 7.0656
Epoch: 066/200 | Batch 0050/0080 | Loss: 7.2568
MAE/RMSE/ACC: Current Valid: 3.80/4.92/11.10 Ep. 66 | Best Valid: 3.64/4.74/11.10 | Ep. 55
Time elapsed: 43.45 min
Epoch: 067/200 | Batch 0000/0080 | Loss: 7.1579
Epoch: 067/200 | Batch 0050/0080 | Loss: 7.1782
MAE/RMSE/ACC: Current Valid: 3.51/4.56/11.29 Ep. 67 | Best Valid: 3.51/4.56/11.29 | Ep. 67
Time elapsed: 44.12 min
Epoch: 068/200 | Batch 0000/0080 | Loss: 7.0382
Epoch: 068/200 | Batch 0050/0080 | Loss: 6.8321
MAE/RMSE/ACC: Current Valid: 3.69/4.78/11.29 Ep. 68 | Best Valid: 3.51/4.56/11.29 | Ep. 67
Time elapsed: 44.77 min
Epoch: 069/200 | Batch 0000/0080 | Loss: 6.9727
Epoch: 069/200 | Batch 0050/0080 | Loss: 6.9484
MAE/RMSE/ACC: Current Valid: 3.46/4.52/11.53 Ep. 69 | Best Valid: 3.46/4.52/11.53 | Ep. 69
Time elapsed: 45.44 min
Epoch: 070/200 | Batch 0000/0080 | Loss: 6.9453
Epoch: 070/200 | Batch 0050/0080 | Loss: 6.7750
MAE/RMSE/ACC: Current Valid: 4.22/5.48/11.53 Ep. 70 | Best Valid: 3.46/4.52/11.53 | Ep. 69
Time elapsed: 46.10 min
Epoch: 071/200 | Batch 0000/0080 | Loss: 6.9247
Epoch: 071/200 | Batch 0050/0080 | Loss: 6.8076
MAE/RMSE/ACC: Current Valid: 5.67/6.99/11.53 Ep. 71 | Best Valid: 3.46/4.52/11.53 | Ep. 69
Time elapsed: 46.76 min
Epoch: 072/200 | Batch 0000/0080 | Loss: 6.7707
Epoch: 072/200 | Batch 0050/0080 | Loss: 6.4596
MAE/RMSE/ACC: Current Valid: 4.03/5.20/11.53 Ep. 72 | Best Valid: 3.46/4.52/11.53 | Ep. 69
Time elapsed: 47.43 min
Epoch: 073/200 | Batch 0000/0080 | Loss: 6.7337
Epoch: 073/200 | Batch 0050/0080 | Loss: 6.8372
MAE/RMSE/ACC: Current Valid: 4.79/6.03/11.53 Ep. 73 | Best Valid: 3.46/4.52/11.53 | Ep. 69
Time elapsed: 48.09 min
Epoch: 074/200 | Batch 0000/0080 | Loss: 6.6878
Epoch: 074/200 | Batch 0050/0080 | Loss: 6.6066
MAE/RMSE/ACC: Current Valid: 3.37/4.40/11.63 Ep. 74 | Best Valid: 3.37/4.40/11.63 | Ep. 74
Time elapsed: 48.76 min
Epoch: 075/200 | Batch 0000/0080 | Loss: 6.3674
Epoch: 075/200 | Batch 0050/0080 | Loss: 6.5052
MAE/RMSE/ACC: Current Valid: 3.37/4.40/11.80 Ep. 75 | Best Valid: 3.37/4.40/11.80 | Ep. 75
Time elapsed: 49.42 min
Epoch: 076/200 | Batch 0000/0080 | Loss: 6.6331
Epoch: 076/200 | Batch 0050/0080 | Loss: 6.5560
MAE/RMSE/ACC: Current Valid: 3.34/4.35/11.56 Ep. 76 | Best Valid: 3.34/4.35/11.56 | Ep. 76
Time elapsed: 50.08 min
Epoch: 077/200 | Batch 0000/0080 | Loss: 6.4040
Epoch: 077/200 | Batch 0050/0080 | Loss: 6.5633
MAE/RMSE/ACC: Current Valid: 3.50/4.57/11.56 Ep. 77 | Best Valid: 3.34/4.35/11.56 | Ep. 76
Time elapsed: 50.74 min
Epoch: 078/200 | Batch 0000/0080 | Loss: 6.4876
Epoch: 078/200 | Batch 0050/0080 | Loss: 6.4393
MAE/RMSE/ACC: Current Valid: 3.50/4.56/11.56 Ep. 78 | Best Valid: 3.34/4.35/11.56 | Ep. 76
Time elapsed: 51.40 min
Epoch: 079/200 | Batch 0000/0080 | Loss: 6.4282
Epoch: 079/200 | Batch 0050/0080 | Loss: 6.3590
MAE/RMSE/ACC: Current Valid: 3.95/5.09/11.56 Ep. 79 | Best Valid: 3.34/4.35/11.56 | Ep. 76
Time elapsed: 52.05 min
Epoch: 080/200 | Batch 0000/0080 | Loss: 6.2016
Epoch: 080/200 | Batch 0050/0080 | Loss: 6.1746
MAE/RMSE/ACC: Current Valid: 3.35/4.39/11.56 Ep. 80 | Best Valid: 3.34/4.35/11.56 | Ep. 76
Time elapsed: 52.71 min
Epoch: 081/200 | Batch 0000/0080 | Loss: 6.1016
Epoch: 081/200 | Batch 0050/0080 | Loss: 6.7586
MAE/RMSE/ACC: Current Valid: 3.45/4.49/11.56 Ep. 81 | Best Valid: 3.34/4.35/11.56 | Ep. 76
Time elapsed: 53.37 min
Epoch: 082/200 | Batch 0000/0080 | Loss: 6.4192
Epoch: 082/200 | Batch 0050/0080 | Loss: 6.2378
MAE/RMSE/ACC: Current Valid: 3.73/4.85/11.56 Ep. 82 | Best Valid: 3.34/4.35/11.56 | Ep. 76
Time elapsed: 54.03 min
Epoch: 083/200 | Batch 0000/0080 | Loss: 6.2864
Epoch: 083/200 | Batch 0050/0080 | Loss: 6.2784
MAE/RMSE/ACC: Current Valid: 4.08/5.24/11.56 Ep. 83 | Best Valid: 3.34/4.35/11.56 | Ep. 76
Time elapsed: 54.69 min
Epoch: 084/200 | Batch 0000/0080 | Loss: 5.9692
Epoch: 084/200 | Batch 0050/0080 | Loss: 6.0426
MAE/RMSE/ACC: Current Valid: 3.52/4.57/11.56 Ep. 84 | Best Valid: 3.34/4.35/11.56 | Ep. 76
Time elapsed: 55.36 min
Epoch: 085/200 | Batch 0000/0080 | Loss: 5.9868
Epoch: 085/200 | Batch 0050/0080 | Loss: 6.1101
MAE/RMSE/ACC: Current Valid: 3.79/4.94/11.56 Ep. 85 | Best Valid: 3.34/4.35/11.56 | Ep. 76
Time elapsed: 56.02 min
Epoch: 086/200 | Batch 0000/0080 | Loss: 6.1701
Epoch: 086/200 | Batch 0050/0080 | Loss: 6.1479
MAE/RMSE/ACC: Current Valid: 3.68/4.76/11.56 Ep. 86 | Best Valid: 3.34/4.35/11.56 | Ep. 76
Time elapsed: 56.68 min
Epoch: 087/200 | Batch 0000/0080 | Loss: 6.0205
Epoch: 087/200 | Batch 0050/0080 | Loss: 6.0550
MAE/RMSE/ACC: Current Valid: 3.36/4.40/11.56 Ep. 87 | Best Valid: 3.34/4.35/11.56 | Ep. 76
Time elapsed: 57.34 min
Epoch: 088/200 | Batch 0000/0080 | Loss: 6.1083
Epoch: 088/200 | Batch 0050/0080 | Loss: 5.8787
MAE/RMSE/ACC: Current Valid: 3.36/4.40/11.56 Ep. 88 | Best Valid: 3.34/4.35/11.56 | Ep. 76
Time elapsed: 58.00 min
Epoch: 089/200 | Batch 0000/0080 | Loss: 5.8860
Epoch: 089/200 | Batch 0050/0080 | Loss: 5.7661
MAE/RMSE/ACC: Current Valid: 3.33/4.37/11.56 Ep. 89 | Best Valid: 3.34/4.35/11.56 | Ep. 76
Time elapsed: 58.66 min
Epoch: 090/200 | Batch 0000/0080 | Loss: 5.8811
Epoch: 090/200 | Batch 0050/0080 | Loss: 5.8484
MAE/RMSE/ACC: Current Valid: 4.14/5.37/11.56 Ep. 90 | Best Valid: 3.34/4.35/11.56 | Ep. 76
Time elapsed: 59.32 min
Epoch: 091/200 | Batch 0000/0080 | Loss: 5.7236
Epoch: 091/200 | Batch 0050/0080 | Loss: 5.8856
MAE/RMSE/ACC: Current Valid: 3.29/4.30/11.83 Ep. 91 | Best Valid: 3.29/4.30/11.83 | Ep. 91
Time elapsed: 59.98 min
Epoch: 092/200 | Batch 0000/0080 | Loss: 5.8037
Epoch: 092/200 | Batch 0050/0080 | Loss: 5.7642
MAE/RMSE/ACC: Current Valid: 3.29/4.29/11.56 Ep. 92 | Best Valid: 3.29/4.29/11.56 | Ep. 92
Time elapsed: 60.64 min
Epoch: 093/200 | Batch 0000/0080 | Loss: 5.6296
Epoch: 093/200 | Batch 0050/0080 | Loss: 5.7139
MAE/RMSE/ACC: Current Valid: 3.62/4.70/11.56 Ep. 93 | Best Valid: 3.29/4.29/11.56 | Ep. 92
Time elapsed: 61.30 min
Epoch: 094/200 | Batch 0000/0080 | Loss: 5.7824
Epoch: 094/200 | Batch 0050/0080 | Loss: 5.5839
MAE/RMSE/ACC: Current Valid: 3.89/5.06/11.56 Ep. 94 | Best Valid: 3.29/4.29/11.56 | Ep. 92
Time elapsed: 61.96 min
Epoch: 095/200 | Batch 0000/0080 | Loss: 5.6467
Epoch: 095/200 | Batch 0050/0080 | Loss: 5.4962
MAE/RMSE/ACC: Current Valid: 3.53/4.62/11.56 Ep. 95 | Best Valid: 3.29/4.29/11.56 | Ep. 92
Time elapsed: 62.62 min
Epoch: 096/200 | Batch 0000/0080 | Loss: 5.5401
Epoch: 096/200 | Batch 0050/0080 | Loss: 5.5489
MAE/RMSE/ACC: Current Valid: 5.15/6.37/11.56 Ep. 96 | Best Valid: 3.29/4.29/11.56 | Ep. 92
Time elapsed: 63.28 min
Epoch: 097/200 | Batch 0000/0080 | Loss: 5.7518
Epoch: 097/200 | Batch 0050/0080 | Loss: 5.4576
MAE/RMSE/ACC: Current Valid: 3.40/4.47/11.56 Ep. 97 | Best Valid: 3.29/4.29/11.56 | Ep. 92
Time elapsed: 63.94 min
Epoch: 098/200 | Batch 0000/0080 | Loss: 5.9369
Epoch: 098/200 | Batch 0050/0080 | Loss: 5.7345
MAE/RMSE/ACC: Current Valid: 3.38/4.43/11.56 Ep. 98 | Best Valid: 3.29/4.29/11.56 | Ep. 92
Time elapsed: 64.61 min
Epoch: 099/200 | Batch 0000/0080 | Loss: 5.3316
Epoch: 099/200 | Batch 0050/0080 | Loss: 5.4632
MAE/RMSE/ACC: Current Valid: 4.26/5.46/11.56 Ep. 99 | Best Valid: 3.29/4.29/11.56 | Ep. 92
Time elapsed: 65.26 min
Epoch: 100/200 | Batch 0000/0080 | Loss: 5.5334
Epoch: 100/200 | Batch 0050/0080 | Loss: 5.2283
MAE/RMSE/ACC: Current Valid: 4.85/6.05/11.56 Ep. 100 | Best Valid: 3.29/4.29/11.56 | Ep. 92
Time elapsed: 65.92 min
Epoch: 101/200 | Batch 0000/0080 | Loss: 5.4023
Epoch: 101/200 | Batch 0050/0080 | Loss: 5.2246
MAE/RMSE/ACC: Current Valid: 3.69/4.80/11.56 Ep. 101 | Best Valid: 3.29/4.29/11.56 | Ep. 92
Time elapsed: 66.58 min
Epoch: 102/200 | Batch 0000/0080 | Loss: 5.3348
Epoch: 102/200 | Batch 0050/0080 | Loss: 5.4962
MAE/RMSE/ACC: Current Valid: 3.28/4.34/11.56 Ep. 102 | Best Valid: 3.29/4.29/11.56 | Ep. 92
Time elapsed: 67.24 min
Epoch: 103/200 | Batch 0000/0080 | Loss: 5.3206
Epoch: 103/200 | Batch 0050/0080 | Loss: 5.2914
MAE/RMSE/ACC: Current Valid: 3.30/4.33/11.56 Ep. 103 | Best Valid: 3.29/4.29/11.56 | Ep. 92
Time elapsed: 67.90 min
Epoch: 104/200 | Batch 0000/0080 | Loss: 5.2973
Epoch: 104/200 | Batch 0050/0080 | Loss: 5.3816
MAE/RMSE/ACC: Current Valid: 3.38/4.47/11.56 Ep. 104 | Best Valid: 3.29/4.29/11.56 | Ep. 92
Time elapsed: 68.56 min
Epoch: 105/200 | Batch 0000/0080 | Loss: 5.2456
Epoch: 105/200 | Batch 0050/0080 | Loss: 5.2235
MAE/RMSE/ACC: Current Valid: 3.47/4.54/11.56 Ep. 105 | Best Valid: 3.29/4.29/11.56 | Ep. 92
Time elapsed: 69.22 min
Epoch: 106/200 | Batch 0000/0080 | Loss: 5.0389
Epoch: 106/200 | Batch 0050/0080 | Loss: 5.3974
MAE/RMSE/ACC: Current Valid: 3.78/5.01/11.56 Ep. 106 | Best Valid: 3.29/4.29/11.56 | Ep. 92
Time elapsed: 69.88 min
Epoch: 107/200 | Batch 0000/0080 | Loss: 5.1646
Epoch: 107/200 | Batch 0050/0080 | Loss: 5.1880
MAE/RMSE/ACC: Current Valid: 3.28/4.33/11.56 Ep. 107 | Best Valid: 3.29/4.29/11.56 | Ep. 92
Time elapsed: 70.54 min
Epoch: 108/200 | Batch 0000/0080 | Loss: 5.2476
Epoch: 108/200 | Batch 0050/0080 | Loss: 5.1196
MAE/RMSE/ACC: Current Valid: 3.11/4.10/13.29 Ep. 108 | Best Valid: 3.11/4.10/13.29 | Ep. 108
Time elapsed: 71.21 min
Epoch: 109/200 | Batch 0000/0080 | Loss: 4.9774
Epoch: 109/200 | Batch 0050/0080 | Loss: 5.0898
MAE/RMSE/ACC: Current Valid: 3.27/4.32/13.29 Ep. 109 | Best Valid: 3.11/4.10/13.29 | Ep. 108
Time elapsed: 71.87 min
Epoch: 110/200 | Batch 0000/0080 | Loss: 5.2203
Epoch: 110/200 | Batch 0050/0080 | Loss: 5.1345
MAE/RMSE/ACC: Current Valid: 3.15/4.18/13.29 Ep. 110 | Best Valid: 3.11/4.10/13.29 | Ep. 108
Time elapsed: 72.53 min
Epoch: 111/200 | Batch 0000/0080 | Loss: 4.9654
Epoch: 111/200 | Batch 0050/0080 | Loss: 5.0136
MAE/RMSE/ACC: Current Valid: 3.14/4.15/13.29 Ep. 111 | Best Valid: 3.11/4.10/13.29 | Ep. 108
Time elapsed: 73.19 min
Epoch: 112/200 | Batch 0000/0080 | Loss: 5.0022
Epoch: 112/200 | Batch 0050/0080 | Loss: 5.1525
MAE/RMSE/ACC: Current Valid: 3.55/4.64/13.29 Ep. 112 | Best Valid: 3.11/4.10/13.29 | Ep. 108
Time elapsed: 73.85 min
Epoch: 113/200 | Batch 0000/0080 | Loss: 4.8582
Epoch: 113/200 | Batch 0050/0080 | Loss: 4.9687
MAE/RMSE/ACC: Current Valid: 3.18/4.22/13.29 Ep. 113 | Best Valid: 3.11/4.10/13.29 | Ep. 108
Time elapsed: 74.51 min
Epoch: 114/200 | Batch 0000/0080 | Loss: 4.7639
Epoch: 114/200 | Batch 0050/0080 | Loss: 4.8410
MAE/RMSE/ACC: Current Valid: 3.80/5.01/13.29 Ep. 114 | Best Valid: 3.11/4.10/13.29 | Ep. 108
Time elapsed: 75.17 min
Epoch: 115/200 | Batch 0000/0080 | Loss: 4.9055
Epoch: 115/200 | Batch 0050/0080 | Loss: 4.9240
MAE/RMSE/ACC: Current Valid: 3.92/5.05/13.29 Ep. 115 | Best Valid: 3.11/4.10/13.29 | Ep. 108
Time elapsed: 75.83 min
Epoch: 116/200 | Batch 0000/0080 | Loss: 4.9526
Epoch: 116/200 | Batch 0050/0080 | Loss: 5.0672
MAE/RMSE/ACC: Current Valid: 3.35/4.43/13.29 Ep. 116 | Best Valid: 3.11/4.10/13.29 | Ep. 108
Time elapsed: 76.49 min
Epoch: 117/200 | Batch 0000/0080 | Loss: 4.8074
Epoch: 117/200 | Batch 0050/0080 | Loss: 4.8833
MAE/RMSE/ACC: Current Valid: 4.46/5.72/13.29 Ep. 117 | Best Valid: 3.11/4.10/13.29 | Ep. 108
Time elapsed: 77.15 min
Epoch: 118/200 | Batch 0000/0080 | Loss: 5.0115
Epoch: 118/200 | Batch 0050/0080 | Loss: 5.2753
MAE/RMSE/ACC: Current Valid: 7.79/9.50/13.29 Ep. 118 | Best Valid: 3.11/4.10/13.29 | Ep. 108
Time elapsed: 77.81 min
Epoch: 119/200 | Batch 0000/0080 | Loss: 5.2506
Epoch: 119/200 | Batch 0050/0080 | Loss: 5.2920
MAE/RMSE/ACC: Current Valid: 3.67/4.80/13.29 Ep. 119 | Best Valid: 3.11/4.10/13.29 | Ep. 108
Time elapsed: 78.47 min
Epoch: 120/200 | Batch 0000/0080 | Loss: 5.2348
Epoch: 120/200 | Batch 0050/0080 | Loss: 5.5038
MAE/RMSE/ACC: Current Valid: 3.86/5.07/13.29 Ep. 120 | Best Valid: 3.11/4.10/13.29 | Ep. 108
Time elapsed: 79.13 min
Epoch: 121/200 | Batch 0000/0080 | Loss: 5.1568
Epoch: 121/200 | Batch 0050/0080 | Loss: 4.7176
MAE/RMSE/ACC: Current Valid: 3.23/4.30/13.29 Ep. 121 | Best Valid: 3.11/4.10/13.29 | Ep. 108
Time elapsed: 79.79 min
Epoch: 122/200 | Batch 0000/0080 | Loss: 4.6697
Epoch: 122/200 | Batch 0050/0080 | Loss: 4.6606
MAE/RMSE/ACC: Current Valid: 3.15/4.18/13.29 Ep. 122 | Best Valid: 3.11/4.10/13.29 | Ep. 108
Time elapsed: 80.44 min
Epoch: 123/200 | Batch 0000/0080 | Loss: 4.5785
Epoch: 123/200 | Batch 0050/0080 | Loss: 4.7596
MAE/RMSE/ACC: Current Valid: 3.09/4.11/13.29 Ep. 123 | Best Valid: 3.11/4.10/13.29 | Ep. 108
Time elapsed: 81.10 min
Epoch: 124/200 | Batch 0000/0080 | Loss: 4.6728
Epoch: 124/200 | Batch 0050/0080 | Loss: 4.6567
MAE/RMSE/ACC: Current Valid: 3.30/4.40/13.29 Ep. 124 | Best Valid: 3.11/4.10/13.29 | Ep. 108
Time elapsed: 81.76 min
Epoch: 125/200 | Batch 0000/0080 | Loss: 4.7198
Epoch: 125/200 | Batch 0050/0080 | Loss: 4.4513
MAE/RMSE/ACC: Current Valid: 3.20/4.23/13.29 Ep. 125 | Best Valid: 3.11/4.10/13.29 | Ep. 108
Time elapsed: 82.43 min
Epoch: 126/200 | Batch 0000/0080 | Loss: 4.5728
Epoch: 126/200 | Batch 0050/0080 | Loss: 4.5203
MAE/RMSE/ACC: Current Valid: 3.04/4.04/12.57 Ep. 126 | Best Valid: 3.04/4.04/12.57 | Ep. 126
Time elapsed: 83.09 min
Epoch: 127/200 | Batch 0000/0080 | Loss: 4.4685
Epoch: 127/200 | Batch 0050/0080 | Loss: 4.5102
MAE/RMSE/ACC: Current Valid: 3.01/4.02/13.17 Ep. 127 | Best Valid: 3.01/4.02/13.17 | Ep. 127
Time elapsed: 83.75 min
Epoch: 128/200 | Batch 0000/0080 | Loss: 4.3226
Epoch: 128/200 | Batch 0050/0080 | Loss: 4.3823
MAE/RMSE/ACC: Current Valid: 3.11/4.11/13.17 Ep. 128 | Best Valid: 3.01/4.02/13.17 | Ep. 127
Time elapsed: 84.41 min
Epoch: 129/200 | Batch 0000/0080 | Loss: 4.3521
Epoch: 129/200 | Batch 0050/0080 | Loss: 4.3984
MAE/RMSE/ACC: Current Valid: 3.07/4.10/13.17 Ep. 129 | Best Valid: 3.01/4.02/13.17 | Ep. 127
Time elapsed: 85.07 min
Epoch: 130/200 | Batch 0000/0080 | Loss: 4.4214
Epoch: 130/200 | Batch 0050/0080 | Loss: 4.3931
MAE/RMSE/ACC: Current Valid: 3.00/3.98/12.92 Ep. 130 | Best Valid: 3.00/3.98/12.92 | Ep. 130
Time elapsed: 85.74 min
Epoch: 131/200 | Batch 0000/0080 | Loss: 4.4818
Epoch: 131/200 | Batch 0050/0080 | Loss: 4.3850
MAE/RMSE/ACC: Current Valid: 3.03/4.02/12.92 Ep. 131 | Best Valid: 3.00/3.98/12.92 | Ep. 130
Time elapsed: 86.40 min
Epoch: 132/200 | Batch 0000/0080 | Loss: 4.1861
Epoch: 132/200 | Batch 0050/0080 | Loss: 4.3521
MAE/RMSE/ACC: Current Valid: 3.11/4.12/12.92 Ep. 132 | Best Valid: 3.00/3.98/12.92 | Ep. 130
Time elapsed: 87.06 min
Epoch: 133/200 | Batch 0000/0080 | Loss: 4.1991
Epoch: 133/200 | Batch 0050/0080 | Loss: 4.5193
MAE/RMSE/ACC: Current Valid: 3.02/4.03/12.92 Ep. 133 | Best Valid: 3.00/3.98/12.92 | Ep. 130
Time elapsed: 87.73 min
Epoch: 134/200 | Batch 0000/0080 | Loss: 4.2129
Epoch: 134/200 | Batch 0050/0080 | Loss: 4.2030
MAE/RMSE/ACC: Current Valid: 3.06/4.08/12.92 Ep. 134 | Best Valid: 3.00/3.98/12.92 | Ep. 130
Time elapsed: 88.39 min
Epoch: 135/200 | Batch 0000/0080 | Loss: 4.2765
Epoch: 135/200 | Batch 0050/0080 | Loss: 4.1284
MAE/RMSE/ACC: Current Valid: 3.15/4.16/12.92 Ep. 135 | Best Valid: 3.00/3.98/12.92 | Ep. 130
Time elapsed: 89.05 min
Epoch: 136/200 | Batch 0000/0080 | Loss: 4.3195
Epoch: 136/200 | Batch 0050/0080 | Loss: 4.0925
MAE/RMSE/ACC: Current Valid: 3.04/4.05/12.92 Ep. 136 | Best Valid: 3.00/3.98/12.92 | Ep. 130
Time elapsed: 89.71 min
Epoch: 137/200 | Batch 0000/0080 | Loss: 4.1618
Epoch: 137/200 | Batch 0050/0080 | Loss: 4.2383
MAE/RMSE/ACC: Current Valid: 2.99/3.98/12.92 Ep. 137 | Best Valid: 3.00/3.98/12.92 | Ep. 130
Time elapsed: 90.37 min
Epoch: 138/200 | Batch 0000/0080 | Loss: 4.1430
Epoch: 138/200 | Batch 0050/0080 | Loss: 4.3002
MAE/RMSE/ACC: Current Valid: 2.97/3.96/12.89 Ep. 138 | Best Valid: 2.97/3.96/12.89 | Ep. 138
Time elapsed: 91.03 min
Epoch: 139/200 | Batch 0000/0080 | Loss: 4.2044
Epoch: 139/200 | Batch 0050/0080 | Loss: 4.0992
MAE/RMSE/ACC: Current Valid: 3.17/4.16/12.89 Ep. 139 | Best Valid: 2.97/3.96/12.89 | Ep. 138
Time elapsed: 91.69 min
Epoch: 140/200 | Batch 0000/0080 | Loss: 4.1316
Epoch: 140/200 | Batch 0050/0080 | Loss: 4.1882
MAE/RMSE/ACC: Current Valid: 3.38/4.54/12.89 Ep. 140 | Best Valid: 2.97/3.96/12.89 | Ep. 138
Time elapsed: 92.36 min
Epoch: 141/200 | Batch 0000/0080 | Loss: 4.3150
Epoch: 141/200 | Batch 0050/0080 | Loss: 4.1900
MAE/RMSE/ACC: Current Valid: 3.06/4.07/12.89 Ep. 141 | Best Valid: 2.97/3.96/12.89 | Ep. 138
Time elapsed: 93.02 min
Epoch: 142/200 | Batch 0000/0080 | Loss: 4.0718
Epoch: 142/200 | Batch 0050/0080 | Loss: 4.1111
MAE/RMSE/ACC: Current Valid: 3.18/4.24/12.89 Ep. 142 | Best Valid: 2.97/3.96/12.89 | Ep. 138
Time elapsed: 93.68 min
Epoch: 143/200 | Batch 0000/0080 | Loss: 4.2033
Epoch: 143/200 | Batch 0050/0080 | Loss: 4.0529
MAE/RMSE/ACC: Current Valid: 3.02/4.01/12.89 Ep. 143 | Best Valid: 2.97/3.96/12.89 | Ep. 138
Time elapsed: 94.34 min
Epoch: 144/200 | Batch 0000/0080 | Loss: 4.2073
Epoch: 144/200 | Batch 0050/0080 | Loss: 3.9683
MAE/RMSE/ACC: Current Valid: 3.16/4.19/12.89 Ep. 144 | Best Valid: 2.97/3.96/12.89 | Ep. 138
Time elapsed: 95.01 min
Epoch: 145/200 | Batch 0000/0080 | Loss: 4.0071
Epoch: 145/200 | Batch 0050/0080 | Loss: 3.9988
MAE/RMSE/ACC: Current Valid: 3.11/4.11/12.89 Ep. 145 | Best Valid: 2.97/3.96/12.89 | Ep. 138
Time elapsed: 95.66 min
Epoch: 146/200 | Batch 0000/0080 | Loss: 3.9860
Epoch: 146/200 | Batch 0050/0080 | Loss: 3.9639
MAE/RMSE/ACC: Current Valid: 3.00/4.00/12.89 Ep. 146 | Best Valid: 2.97/3.96/12.89 | Ep. 138
Time elapsed: 96.33 min
Epoch: 147/200 | Batch 0000/0080 | Loss: 3.9632
Epoch: 147/200 | Batch 0050/0080 | Loss: 4.1049
MAE/RMSE/ACC: Current Valid: 3.08/4.11/12.89 Ep. 147 | Best Valid: 2.97/3.96/12.89 | Ep. 138
Time elapsed: 96.99 min
Epoch: 148/200 | Batch 0000/0080 | Loss: 3.9012
Epoch: 148/200 | Batch 0050/0080 | Loss: 4.0165
MAE/RMSE/ACC: Current Valid: 3.02/4.02/12.89 Ep. 148 | Best Valid: 2.97/3.96/12.89 | Ep. 138
Time elapsed: 97.65 min
Epoch: 149/200 | Batch 0000/0080 | Loss: 4.0689
Epoch: 149/200 | Batch 0050/0080 | Loss: 3.8565
MAE/RMSE/ACC: Current Valid: 3.22/4.32/12.89 Ep. 149 | Best Valid: 2.97/3.96/12.89 | Ep. 138
Time elapsed: 98.31 min
Epoch: 150/200 | Batch 0000/0080 | Loss: 3.8508
Epoch: 150/200 | Batch 0050/0080 | Loss: 3.9447
MAE/RMSE/ACC: Current Valid: 3.16/4.21/12.89 Ep. 150 | Best Valid: 2.97/3.96/12.89 | Ep. 138
Time elapsed: 98.97 min
Epoch: 151/200 | Batch 0000/0080 | Loss: 3.8814
Epoch: 151/200 | Batch 0050/0080 | Loss: 4.0412
MAE/RMSE/ACC: Current Valid: 3.01/4.02/12.89 Ep. 151 | Best Valid: 2.97/3.96/12.89 | Ep. 138
Time elapsed: 99.63 min
Epoch: 152/200 | Batch 0000/0080 | Loss: 3.9083
Epoch: 152/200 | Batch 0050/0080 | Loss: 3.9668
MAE/RMSE/ACC: Current Valid: 3.07/4.09/12.89 Ep. 152 | Best Valid: 2.97/3.96/12.89 | Ep. 138
Time elapsed: 100.29 min
Epoch: 153/200 | Batch 0000/0080 | Loss: 3.9845
Epoch: 153/200 | Batch 0050/0080 | Loss: 3.8242
MAE/RMSE/ACC: Current Valid: 3.16/4.23/12.89 Ep. 153 | Best Valid: 2.97/3.96/12.89 | Ep. 138
Time elapsed: 100.96 min
Epoch: 154/200 | Batch 0000/0080 | Loss: 3.9526
Epoch: 154/200 | Batch 0050/0080 | Loss: 3.7751
MAE/RMSE/ACC: Current Valid: 4.28/5.55/12.89 Ep. 154 | Best Valid: 2.97/3.96/12.89 | Ep. 138
Time elapsed: 101.62 min
Epoch: 155/200 | Batch 0000/0080 | Loss: 3.8412
Epoch: 155/200 | Batch 0050/0080 | Loss: 3.9603
MAE/RMSE/ACC: Current Valid: 3.35/4.44/12.89 Ep. 155 | Best Valid: 2.97/3.96/12.89 | Ep. 138
Time elapsed: 102.28 min
Epoch: 156/200 | Batch 0000/0080 | Loss: 4.1202
Epoch: 156/200 | Batch 0050/0080 | Loss: 6.0781
MAE/RMSE/ACC: Current Valid: 4.63/5.94/12.89 Ep. 156 | Best Valid: 2.97/3.96/12.89 | Ep. 138
Time elapsed: 102.95 min
Epoch: 157/200 | Batch 0000/0080 | Loss: 5.3793
Epoch: 157/200 | Batch 0050/0080 | Loss: 4.5899
MAE/RMSE/ACC: Current Valid: 3.49/4.64/12.89 Ep. 157 | Best Valid: 2.97/3.96/12.89 | Ep. 138
Time elapsed: 103.61 min
Epoch: 158/200 | Batch 0000/0080 | Loss: 4.2822
Epoch: 158/200 | Batch 0050/0080 | Loss: 4.4245
MAE/RMSE/ACC: Current Valid: 3.61/4.76/12.89 Ep. 158 | Best Valid: 2.97/3.96/12.89 | Ep. 138
Time elapsed: 104.27 min
Epoch: 159/200 | Batch 0000/0080 | Loss: 4.1039
Epoch: 159/200 | Batch 0050/0080 | Loss: 4.0386
MAE/RMSE/ACC: Current Valid: 3.25/4.34/12.89 Ep. 159 | Best Valid: 2.97/3.96/12.89 | Ep. 138
Time elapsed: 104.93 min
Epoch: 160/200 | Batch 0000/0080 | Loss: 3.9320
Epoch: 160/200 | Batch 0050/0080 | Loss: 3.8398
MAE/RMSE/ACC: Current Valid: 3.02/4.05/12.89 Ep. 160 | Best Valid: 2.97/3.96/12.89 | Ep. 138
Time elapsed: 105.59 min
Epoch: 161/200 | Batch 0000/0080 | Loss: 3.8384
Epoch: 161/200 | Batch 0050/0080 | Loss: 3.8001
MAE/RMSE/ACC: Current Valid: 3.02/4.04/12.89 Ep. 161 | Best Valid: 2.97/3.96/12.89 | Ep. 138
Time elapsed: 106.25 min
Epoch: 162/200 | Batch 0000/0080 | Loss: 3.8337
Epoch: 162/200 | Batch 0050/0080 | Loss: 3.8294
MAE/RMSE/ACC: Current Valid: 3.00/4.00/12.89 Ep. 162 | Best Valid: 2.97/3.96/12.89 | Ep. 138
Time elapsed: 106.92 min
Epoch: 163/200 | Batch 0000/0080 | Loss: 3.6594
Epoch: 163/200 | Batch 0050/0080 | Loss: 3.6806
MAE/RMSE/ACC: Current Valid: 3.17/4.23/12.89 Ep. 163 | Best Valid: 2.97/3.96/12.89 | Ep. 138
Time elapsed: 107.58 min
Epoch: 164/200 | Batch 0000/0080 | Loss: 3.7875
Epoch: 164/200 | Batch 0050/0080 | Loss: 3.6100
MAE/RMSE/ACC: Current Valid: 3.01/4.03/12.89 Ep. 164 | Best Valid: 2.97/3.96/12.89 | Ep. 138
Time elapsed: 108.24 min
Epoch: 165/200 | Batch 0000/0080 | Loss: 3.7797
Epoch: 165/200 | Batch 0050/0080 | Loss: 3.7017
MAE/RMSE/ACC: Current Valid: 2.98/3.98/12.89 Ep. 165 | Best Valid: 2.97/3.96/12.89 | Ep. 138
Time elapsed: 108.90 min
Epoch: 166/200 | Batch 0000/0080 | Loss: 3.6046
Epoch: 166/200 | Batch 0050/0080 | Loss: 3.7403
MAE/RMSE/ACC: Current Valid: 2.96/3.97/12.89 Ep. 166 | Best Valid: 2.97/3.96/12.89 | Ep. 138
Time elapsed: 109.57 min
Epoch: 167/200 | Batch 0000/0080 | Loss: 3.5110
Epoch: 167/200 | Batch 0050/0080 | Loss: 3.6641
MAE/RMSE/ACC: Current Valid: 2.98/4.01/12.89 Ep. 167 | Best Valid: 2.97/3.96/12.89 | Ep. 138
Time elapsed: 110.23 min
Epoch: 168/200 | Batch 0000/0080 | Loss: 3.6597
Epoch: 168/200 | Batch 0050/0080 | Loss: 3.6980
MAE/RMSE/ACC: Current Valid: 2.96/3.97/12.89 Ep. 168 | Best Valid: 2.97/3.96/12.89 | Ep. 138
Time elapsed: 110.89 min
Epoch: 169/200 | Batch 0000/0080 | Loss: 3.5335
Epoch: 169/200 | Batch 0050/0080 | Loss: 3.5854
MAE/RMSE/ACC: Current Valid: 2.96/3.98/12.89 Ep. 169 | Best Valid: 2.97/3.96/12.89 | Ep. 138
Time elapsed: 111.55 min
Epoch: 170/200 | Batch 0000/0080 | Loss: 3.4919
Epoch: 170/200 | Batch 0050/0080 | Loss: 3.4777
MAE/RMSE/ACC: Current Valid: 2.95/3.97/12.89 Ep. 170 | Best Valid: 2.97/3.96/12.89 | Ep. 138
Time elapsed: 112.21 min
Epoch: 171/200 | Batch 0000/0080 | Loss: 3.4979
Epoch: 171/200 | Batch 0050/0080 | Loss: 3.4720
MAE/RMSE/ACC: Current Valid: 3.01/4.06/12.89 Ep. 171 | Best Valid: 2.97/3.96/12.89 | Ep. 138
Time elapsed: 112.88 min
Epoch: 172/200 | Batch 0000/0080 | Loss: 3.4707
Epoch: 172/200 | Batch 0050/0080 | Loss: 3.4299
MAE/RMSE/ACC: Current Valid: 2.99/4.01/12.89 Ep. 172 | Best Valid: 2.97/3.96/12.89 | Ep. 138
Time elapsed: 113.54 min
Epoch: 173/200 | Batch 0000/0080 | Loss: 3.4928
Epoch: 173/200 | Batch 0050/0080 | Loss: 3.5538
MAE/RMSE/ACC: Current Valid: 2.98/3.99/12.89 Ep. 173 | Best Valid: 2.97/3.96/12.89 | Ep. 138
Time elapsed: 114.21 min
Epoch: 174/200 | Batch 0000/0080 | Loss: 3.5142
Epoch: 174/200 | Batch 0050/0080 | Loss: 3.4472
MAE/RMSE/ACC: Current Valid: 3.03/4.09/12.89 Ep. 174 | Best Valid: 2.97/3.96/12.89 | Ep. 138
Time elapsed: 114.87 min
Epoch: 175/200 | Batch 0000/0080 | Loss: 3.3663
Epoch: 175/200 | Batch 0050/0080 | Loss: 3.4187
MAE/RMSE/ACC: Current Valid: 2.96/3.97/12.89 Ep. 175 | Best Valid: 2.97/3.96/12.89 | Ep. 138
Time elapsed: 115.53 min
Epoch: 176/200 | Batch 0000/0080 | Loss: 3.4859
Epoch: 176/200 | Batch 0050/0080 | Loss: 3.4007
MAE/RMSE/ACC: Current Valid: 2.95/3.95/13.13 Ep. 176 | Best Valid: 2.95/3.95/13.13 | Ep. 176
Time elapsed: 116.20 min
Epoch: 177/200 | Batch 0000/0080 | Loss: 3.3921
Epoch: 177/200 | Batch 0050/0080 | Loss: 3.4269
MAE/RMSE/ACC: Current Valid: 3.07/4.14/13.13 Ep. 177 | Best Valid: 2.95/3.95/13.13 | Ep. 176
Time elapsed: 116.86 min
Epoch: 178/200 | Batch 0000/0080 | Loss: 3.3944
Epoch: 178/200 | Batch 0050/0080 | Loss: 3.4885
MAE/RMSE/ACC: Current Valid: 2.99/3.99/13.13 Ep. 178 | Best Valid: 2.95/3.95/13.13 | Ep. 176
Time elapsed: 117.53 min
Epoch: 179/200 | Batch 0000/0080 | Loss: 3.3086
Epoch: 179/200 | Batch 0050/0080 | Loss: 3.3327
MAE/RMSE/ACC: Current Valid: 2.95/3.96/13.13 Ep. 179 | Best Valid: 2.95/3.95/13.13 | Ep. 176
Time elapsed: 118.19 min
Epoch: 180/200 | Batch 0000/0080 | Loss: 3.3262
Epoch: 180/200 | Batch 0050/0080 | Loss: 3.2564
MAE/RMSE/ACC: Current Valid: 2.97/4.01/13.13 Ep. 180 | Best Valid: 2.95/3.95/13.13 | Ep. 176
Time elapsed: 118.85 min
Epoch: 181/200 | Batch 0000/0080 | Loss: 3.3638
Epoch: 181/200 | Batch 0050/0080 | Loss: 3.3415
MAE/RMSE/ACC: Current Valid: 2.94/3.93/12.74 Ep. 181 | Best Valid: 2.94/3.93/12.74 | Ep. 181
Time elapsed: 119.51 min
Epoch: 182/200 | Batch 0000/0080 | Loss: 3.3497
Epoch: 182/200 | Batch 0050/0080 | Loss: 3.2828
MAE/RMSE/ACC: Current Valid: 3.00/4.02/12.74 Ep. 182 | Best Valid: 2.94/3.93/12.74 | Ep. 181
Time elapsed: 120.18 min
Epoch: 183/200 | Batch 0000/0080 | Loss: 3.4246
Epoch: 183/200 | Batch 0050/0080 | Loss: 3.3401
MAE/RMSE/ACC: Current Valid: 3.52/4.74/12.74 Ep. 183 | Best Valid: 2.94/3.93/12.74 | Ep. 181
Time elapsed: 120.84 min
Epoch: 184/200 | Batch 0000/0080 | Loss: 3.6325
Epoch: 184/200 | Batch 0050/0080 | Loss: 5.1446
MAE/RMSE/ACC: Current Valid: 4.03/5.21/12.74 Ep. 184 | Best Valid: 2.94/3.93/12.74 | Ep. 181
Time elapsed: 121.50 min
Epoch: 185/200 | Batch 0000/0080 | Loss: 4.8966
Epoch: 185/200 | Batch 0050/0080 | Loss: 4.4776
MAE/RMSE/ACC: Current Valid: 3.55/4.66/12.74 Ep. 185 | Best Valid: 2.94/3.93/12.74 | Ep. 181
Time elapsed: 122.16 min
Epoch: 186/200 | Batch 0000/0080 | Loss: 3.8261
Epoch: 186/200 | Batch 0050/0080 | Loss: 3.6068
MAE/RMSE/ACC: Current Valid: 3.59/4.76/12.74 Ep. 186 | Best Valid: 2.94/3.93/12.74 | Ep. 181
Time elapsed: 122.82 min
Epoch: 187/200 | Batch 0000/0080 | Loss: 3.5988
Epoch: 187/200 | Batch 0050/0080 | Loss: 3.4574
MAE/RMSE/ACC: Current Valid: 3.53/4.64/12.74 Ep. 187 | Best Valid: 2.94/3.93/12.74 | Ep. 181
Time elapsed: 123.48 min
Epoch: 188/200 | Batch 0000/0080 | Loss: 3.3596
Epoch: 188/200 | Batch 0050/0080 | Loss: 3.4309
MAE/RMSE/ACC: Current Valid: 3.04/4.10/12.74 Ep. 188 | Best Valid: 2.94/3.93/12.74 | Ep. 181
Time elapsed: 124.14 min
Epoch: 189/200 | Batch 0000/0080 | Loss: 3.4552
Epoch: 189/200 | Batch 0050/0080 | Loss: 3.2261
MAE/RMSE/ACC: Current Valid: 2.97/4.00/12.74 Ep. 189 | Best Valid: 2.94/3.93/12.74 | Ep. 181
Time elapsed: 124.79 min
Epoch: 190/200 | Batch 0000/0080 | Loss: 3.2916
Epoch: 190/200 | Batch 0050/0080 | Loss: 3.2033
MAE/RMSE/ACC: Current Valid: 3.07/4.15/12.74 Ep. 190 | Best Valid: 2.94/3.93/12.74 | Ep. 181
Time elapsed: 125.43 min
Epoch: 191/200 | Batch 0000/0080 | Loss: 3.2602
Epoch: 191/200 | Batch 0050/0080 | Loss: 3.3038
MAE/RMSE/ACC: Current Valid: 2.99/4.05/12.74 Ep. 191 | Best Valid: 2.94/3.93/12.74 | Ep. 181
Time elapsed: 126.08 min
Epoch: 192/200 | Batch 0000/0080 | Loss: 3.1578
Epoch: 192/200 | Batch 0050/0080 | Loss: 3.2752
MAE/RMSE/ACC: Current Valid: 2.98/4.00/12.74 Ep. 192 | Best Valid: 2.94/3.93/12.74 | Ep. 181
Time elapsed: 126.72 min
Epoch: 193/200 | Batch 0000/0080 | Loss: 3.2307
Epoch: 193/200 | Batch 0050/0080 | Loss: 3.2301
MAE/RMSE/ACC: Current Valid: 2.96/3.99/12.74 Ep. 193 | Best Valid: 2.94/3.93/12.74 | Ep. 181
Time elapsed: 127.36 min
Epoch: 194/200 | Batch 0000/0080 | Loss: 3.2365
Epoch: 194/200 | Batch 0050/0080 | Loss: 3.2189
MAE/RMSE/ACC: Current Valid: 3.10/4.13/12.74 Ep. 194 | Best Valid: 2.94/3.93/12.74 | Ep. 181
Time elapsed: 128.00 min
Epoch: 195/200 | Batch 0000/0080 | Loss: 3.1170
Epoch: 195/200 | Batch 0050/0080 | Loss: 3.1959
MAE/RMSE/ACC: Current Valid: 2.93/3.96/12.74 Ep. 195 | Best Valid: 2.94/3.93/12.74 | Ep. 181
Time elapsed: 128.64 min
Epoch: 196/200 | Batch 0000/0080 | Loss: 3.1904
Epoch: 196/200 | Batch 0050/0080 | Loss: 3.1851
MAE/RMSE/ACC: Current Valid: 2.93/3.98/12.74 Ep. 196 | Best Valid: 2.94/3.93/12.74 | Ep. 181
Time elapsed: 129.27 min
Epoch: 197/200 | Batch 0000/0080 | Loss: 3.1967
Epoch: 197/200 | Batch 0050/0080 | Loss: 3.0660
MAE/RMSE/ACC: Current Valid: 2.92/3.95/12.74 Ep. 197 | Best Valid: 2.94/3.93/12.74 | Ep. 181
Time elapsed: 129.91 min
Epoch: 198/200 | Batch 0000/0080 | Loss: 3.1608
Epoch: 198/200 | Batch 0050/0080 | Loss: 3.1055
MAE/RMSE/ACC: Current Valid: 2.90/3.91/13.06 Ep. 198 | Best Valid: 2.90/3.91/13.06 | Ep. 198
Time elapsed: 130.56 min
Epoch: 199/200 | Batch 0000/0080 | Loss: 3.0817
Epoch: 199/200 | Batch 0050/0080 | Loss: 3.0727
MAE/RMSE/ACC: Current Valid: 2.94/3.96/13.06 Ep. 199 | Best Valid: 2.90/3.91/13.06 | Ep. 198
Time elapsed: 131.19 min
Epoch: 200/200 | Batch 0000/0080 | Loss: 3.0612
Epoch: 200/200 | Batch 0050/0080 | Loss: 3.0945
MAE/RMSE/ACC: Current Valid: 2.92/3.94/13.06 Ep. 200 | Best Valid: 2.90/3.91/13.06 | Ep. 198
Time elapsed: 131.83 min
MAE/RMSE: | Train: 0.40/0.71 | Valid: 2.92/3.94 | Test: 2.92/3.96
ACC: | Train: 65.68 | Valid: 12.97 | Test: 14.71
Total Running Time: 132.84 min
MAE/RMSE: | Best Train: 0.38/0.69 | Best Valid: 2.90/3.91 | Best Test: 2.94/3.98
ACC: | Best Train: 65.45 | Best Valid: 13.06 | Best Test: 14.49
Total Running Time: 133.84 min
