This script: resnet34_conditional-v3.py
PyTorch Version: 1.8.1
CUDA device: cuda:1
CUDA version: 10.2
Random seed: 0
Learning rate: 0.0005
Epochs: 50
Batch size: 16
Output path: ../ablation-results/morph2-abl-standard-0
Epoch: 001/050 | Batch 0000/1289 | Loss: 0.7236
Epoch: 001/050 | Batch 0050/1289 | Loss: 0.1919
Epoch: 001/050 | Batch 0100/1289 | Loss: 0.1785
Epoch: 001/050 | Batch 0150/1289 | Loss: 0.2086
Epoch: 001/050 | Batch 0200/1289 | Loss: 0.1812
Epoch: 001/050 | Batch 0250/1289 | Loss: 0.1826
Epoch: 001/050 | Batch 0300/1289 | Loss: 0.1759
Epoch: 001/050 | Batch 0350/1289 | Loss: 0.1829
Epoch: 001/050 | Batch 0400/1289 | Loss: 0.1804
Epoch: 001/050 | Batch 0450/1289 | Loss: 0.1705
Epoch: 001/050 | Batch 0500/1289 | Loss: 0.1691
Epoch: 001/050 | Batch 0550/1289 | Loss: 0.2266
Epoch: 001/050 | Batch 0600/1289 | Loss: 0.2143
Epoch: 001/050 | Batch 0650/1289 | Loss: 0.1738
Epoch: 001/050 | Batch 0700/1289 | Loss: 0.2072
Epoch: 001/050 | Batch 0750/1289 | Loss: 0.2646
Epoch: 001/050 | Batch 0800/1289 | Loss: 0.1804
Epoch: 001/050 | Batch 0850/1289 | Loss: 0.1738
Epoch: 001/050 | Batch 0900/1289 | Loss: 0.1551
Epoch: 001/050 | Batch 0950/1289 | Loss: 0.1875
Epoch: 001/050 | Batch 1000/1289 | Loss: 0.1977
Epoch: 001/050 | Batch 1050/1289 | Loss: 0.2116
Epoch: 001/050 | Batch 1100/1289 | Loss: 0.2031
Epoch: 001/050 | Batch 1150/1289 | Loss: 0.1856
Epoch: 001/050 | Batch 1200/1289 | Loss: 0.1687
Epoch: 001/050 | Batch 1250/1289 | Loss: 0.2399
MAE/RMSE/ACC: Current Valid: 5.02/6.26/6.12 Ep. 1 | Best Valid: 5.02/6.26/6.12 | Ep. 1
Time elapsed: 1.83 min
Epoch: 002/050 | Batch 0000/1289 | Loss: 0.1817
Epoch: 002/050 | Batch 0050/1289 | Loss: 0.1688
Epoch: 002/050 | Batch 0100/1289 | Loss: 0.2166
Epoch: 002/050 | Batch 0150/1289 | Loss: 0.1534
Epoch: 002/050 | Batch 0200/1289 | Loss: 0.1565
Epoch: 002/050 | Batch 0250/1289 | Loss: 0.1497
Epoch: 002/050 | Batch 0300/1289 | Loss: 0.1776
Epoch: 002/050 | Batch 0350/1289 | Loss: 0.1935
Epoch: 002/050 | Batch 0400/1289 | Loss: 0.1968
Epoch: 002/050 | Batch 0450/1289 | Loss: 0.2018
Epoch: 002/050 | Batch 0500/1289 | Loss: 0.1626
Epoch: 002/050 | Batch 0550/1289 | Loss: 0.3146
Epoch: 002/050 | Batch 0600/1289 | Loss: 0.1505
Epoch: 002/050 | Batch 0650/1289 | Loss: 0.2215
Epoch: 002/050 | Batch 0700/1289 | Loss: 0.1371
Epoch: 002/050 | Batch 0750/1289 | Loss: 0.1449
Epoch: 002/050 | Batch 0800/1289 | Loss: 0.1456
Epoch: 002/050 | Batch 0850/1289 | Loss: 0.1512
Epoch: 002/050 | Batch 0900/1289 | Loss: 0.1470
Epoch: 002/050 | Batch 0950/1289 | Loss: 0.1488
Epoch: 002/050 | Batch 1000/1289 | Loss: 0.1706
Epoch: 002/050 | Batch 1050/1289 | Loss: 0.1662
Epoch: 002/050 | Batch 1100/1289 | Loss: 0.1691
Epoch: 002/050 | Batch 1150/1289 | Loss: 0.1810
Epoch: 002/050 | Batch 1200/1289 | Loss: 0.1862
Epoch: 002/050 | Batch 1250/1289 | Loss: 0.1860
MAE/RMSE/ACC: Current Valid: 4.56/5.91/8.10 Ep. 2 | Best Valid: 4.56/5.91/8.10 | Ep. 2
Time elapsed: 4.11 min
Epoch: 003/050 | Batch 0000/1289 | Loss: 0.2124
Epoch: 003/050 | Batch 0050/1289 | Loss: 0.2092
Epoch: 003/050 | Batch 0100/1289 | Loss: 0.1765
Epoch: 003/050 | Batch 0150/1289 | Loss: 0.1713
Epoch: 003/050 | Batch 0200/1289 | Loss: 0.1541
Epoch: 003/050 | Batch 0250/1289 | Loss: 0.1608
Epoch: 003/050 | Batch 0300/1289 | Loss: 0.1435
Epoch: 003/050 | Batch 0350/1289 | Loss: 0.1556
Epoch: 003/050 | Batch 0400/1289 | Loss: 0.1405
Epoch: 003/050 | Batch 0450/1289 | Loss: 0.1921
Epoch: 003/050 | Batch 0500/1289 | Loss: 0.1784
Epoch: 003/050 | Batch 0550/1289 | Loss: 0.1718
Epoch: 003/050 | Batch 0600/1289 | Loss: 0.1957
Epoch: 003/050 | Batch 0650/1289 | Loss: 0.1516
Epoch: 003/050 | Batch 0700/1289 | Loss: 0.1725
Epoch: 003/050 | Batch 0750/1289 | Loss: 0.1626
Epoch: 003/050 | Batch 0800/1289 | Loss: 0.1646
Epoch: 003/050 | Batch 0850/1289 | Loss: 0.1645
Epoch: 003/050 | Batch 0900/1289 | Loss: 0.1364
Epoch: 003/050 | Batch 0950/1289 | Loss: 0.1894
Epoch: 003/050 | Batch 1000/1289 | Loss: 0.1429
Epoch: 003/050 | Batch 1050/1289 | Loss: 0.1515
Epoch: 003/050 | Batch 1100/1289 | Loss: 0.1728
Epoch: 003/050 | Batch 1150/1289 | Loss: 0.1850
Epoch: 003/050 | Batch 1200/1289 | Loss: 0.1563
Epoch: 003/050 | Batch 1250/1289 | Loss: 0.2227
MAE/RMSE/ACC: Current Valid: 6.25/8.07/8.10 Ep. 3 | Best Valid: 4.56/5.91/8.10 | Ep. 2
Time elapsed: 6.49 min
Epoch: 004/050 | Batch 0000/1289 | Loss: 0.1894
Epoch: 004/050 | Batch 0050/1289 | Loss: 0.1766
Epoch: 004/050 | Batch 0100/1289 | Loss: 0.1418
Epoch: 004/050 | Batch 0150/1289 | Loss: 0.2013
Epoch: 004/050 | Batch 0200/1289 | Loss: 0.1936
Epoch: 004/050 | Batch 0250/1289 | Loss: 0.1602
Epoch: 004/050 | Batch 0300/1289 | Loss: 0.1897
Epoch: 004/050 | Batch 0350/1289 | Loss: 0.1528
Epoch: 004/050 | Batch 0400/1289 | Loss: 0.1827
Epoch: 004/050 | Batch 0450/1289 | Loss: 0.1580
Epoch: 004/050 | Batch 0500/1289 | Loss: 0.1616
Epoch: 004/050 | Batch 0550/1289 | Loss: 0.1646
Epoch: 004/050 | Batch 0600/1289 | Loss: 0.1565
Epoch: 004/050 | Batch 0650/1289 | Loss: 0.1806
Epoch: 004/050 | Batch 0700/1289 | Loss: 0.1832
Epoch: 004/050 | Batch 0750/1289 | Loss: 0.1778
Epoch: 004/050 | Batch 0800/1289 | Loss: 0.1540
Epoch: 004/050 | Batch 0850/1289 | Loss: 0.1769
Epoch: 004/050 | Batch 0900/1289 | Loss: 0.1545
Epoch: 004/050 | Batch 0950/1289 | Loss: 0.1854
Epoch: 004/050 | Batch 1000/1289 | Loss: 0.2516
Epoch: 004/050 | Batch 1050/1289 | Loss: 0.1405
Epoch: 004/050 | Batch 1100/1289 | Loss: 0.1302
Epoch: 004/050 | Batch 1150/1289 | Loss: 0.1639
Epoch: 004/050 | Batch 1200/1289 | Loss: 0.1750
Epoch: 004/050 | Batch 1250/1289 | Loss: 0.2008
MAE/RMSE/ACC: Current Valid: 4.80/6.27/8.10 Ep. 4 | Best Valid: 4.56/5.91/8.10 | Ep. 2
Time elapsed: 9.95 min
Epoch: 005/050 | Batch 0000/1289 | Loss: 0.1420
Epoch: 005/050 | Batch 0050/1289 | Loss: 0.1880
Epoch: 005/050 | Batch 0100/1289 | Loss: 0.1416
Epoch: 005/050 | Batch 0150/1289 | Loss: 0.1658
Epoch: 005/050 | Batch 0200/1289 | Loss: 0.1582
Epoch: 005/050 | Batch 0250/1289 | Loss: 0.1961
Epoch: 005/050 | Batch 0300/1289 | Loss: 0.1875
Epoch: 005/050 | Batch 0350/1289 | Loss: 0.1559
Epoch: 005/050 | Batch 0400/1289 | Loss: 0.1898
Epoch: 005/050 | Batch 0450/1289 | Loss: 0.1390
Epoch: 005/050 | Batch 0500/1289 | Loss: 0.1654
Epoch: 005/050 | Batch 0550/1289 | Loss: 0.1616
Epoch: 005/050 | Batch 0600/1289 | Loss: 0.1422
Epoch: 005/050 | Batch 0650/1289 | Loss: 0.1675
Epoch: 005/050 | Batch 0700/1289 | Loss: 0.1617
Epoch: 005/050 | Batch 0750/1289 | Loss: 0.1561
Epoch: 005/050 | Batch 0800/1289 | Loss: 0.1464
Epoch: 005/050 | Batch 0850/1289 | Loss: 0.1493
Epoch: 005/050 | Batch 0900/1289 | Loss: 0.1633
Epoch: 005/050 | Batch 0950/1289 | Loss: 0.1254
Epoch: 005/050 | Batch 1000/1289 | Loss: 0.1496
Epoch: 005/050 | Batch 1050/1289 | Loss: 0.2003
Epoch: 005/050 | Batch 1100/1289 | Loss: 0.1345
Epoch: 005/050 | Batch 1150/1289 | Loss: 0.1478
Epoch: 005/050 | Batch 1200/1289 | Loss: 0.1449
Epoch: 005/050 | Batch 1250/1289 | Loss: 0.1789
MAE/RMSE/ACC: Current Valid: 3.63/4.73/8.98 Ep. 5 | Best Valid: 3.63/4.73/8.98 | Ep. 5
Time elapsed: 18.05 min
Epoch: 006/050 | Batch 0000/1289 | Loss: 0.1453
Epoch: 006/050 | Batch 0050/1289 | Loss: 0.2314
Epoch: 006/050 | Batch 0100/1289 | Loss: 0.1580
Epoch: 006/050 | Batch 0150/1289 | Loss: 0.1859
Epoch: 006/050 | Batch 0200/1289 | Loss: 0.1370
Epoch: 006/050 | Batch 0250/1289 | Loss: 0.1841
Epoch: 006/050 | Batch 0300/1289 | Loss: 0.1501
Epoch: 006/050 | Batch 0350/1289 | Loss: 0.2045
Epoch: 006/050 | Batch 0400/1289 | Loss: 0.1553
Epoch: 006/050 | Batch 0450/1289 | Loss: 0.1452
Epoch: 006/050 | Batch 0500/1289 | Loss: 0.1423
Epoch: 006/050 | Batch 0550/1289 | Loss: 0.1853
Epoch: 006/050 | Batch 0600/1289 | Loss: 0.1671
Epoch: 006/050 | Batch 0650/1289 | Loss: 0.1525
Epoch: 006/050 | Batch 0700/1289 | Loss: 0.1624
Epoch: 006/050 | Batch 0750/1289 | Loss: 0.1632
Epoch: 006/050 | Batch 0800/1289 | Loss: 0.1294
Epoch: 006/050 | Batch 0850/1289 | Loss: 0.1493
Epoch: 006/050 | Batch 0900/1289 | Loss: 0.1576
Epoch: 006/050 | Batch 0950/1289 | Loss: 0.1360
Epoch: 006/050 | Batch 1000/1289 | Loss: 0.2795
Epoch: 006/050 | Batch 1050/1289 | Loss: 0.1726
Epoch: 006/050 | Batch 1100/1289 | Loss: 0.2077
Epoch: 006/050 | Batch 1150/1289 | Loss: 0.2016
Epoch: 006/050 | Batch 1200/1289 | Loss: 0.1633
Epoch: 006/050 | Batch 1250/1289 | Loss: 0.1765
MAE/RMSE/ACC: Current Valid: 3.40/4.41/9.59 Ep. 6 | Best Valid: 3.40/4.41/9.59 | Ep. 6
Time elapsed: 22.18 min
Epoch: 007/050 | Batch 0000/1289 | Loss: 0.1809
Epoch: 007/050 | Batch 0050/1289 | Loss: 0.1981
Epoch: 007/050 | Batch 0100/1289 | Loss: 0.1918
Epoch: 007/050 | Batch 0150/1289 | Loss: 0.1927
Epoch: 007/050 | Batch 0200/1289 | Loss: 0.1544
Epoch: 007/050 | Batch 0250/1289 | Loss: 0.1909
Epoch: 007/050 | Batch 0300/1289 | Loss: 0.1725
Epoch: 007/050 | Batch 0350/1289 | Loss: 0.1617
Epoch: 007/050 | Batch 0400/1289 | Loss: 0.1740
Epoch: 007/050 | Batch 0450/1289 | Loss: 0.1545
Epoch: 007/050 | Batch 0500/1289 | Loss: 0.1688
Epoch: 007/050 | Batch 0550/1289 | Loss: 0.1648
Epoch: 007/050 | Batch 0600/1289 | Loss: 0.1415
Epoch: 007/050 | Batch 0650/1289 | Loss: 0.1245
Epoch: 007/050 | Batch 0700/1289 | Loss: 0.1577
Epoch: 007/050 | Batch 0750/1289 | Loss: 0.2354
Epoch: 007/050 | Batch 0800/1289 | Loss: 0.1576
Epoch: 007/050 | Batch 0850/1289 | Loss: 0.1810
Epoch: 007/050 | Batch 0900/1289 | Loss: 0.1375
Epoch: 007/050 | Batch 0950/1289 | Loss: 0.2007
Epoch: 007/050 | Batch 1000/1289 | Loss: 0.1629
Epoch: 007/050 | Batch 1050/1289 | Loss: 0.1655
Epoch: 007/050 | Batch 1100/1289 | Loss: 0.1351
Epoch: 007/050 | Batch 1150/1289 | Loss: 0.1610
Epoch: 007/050 | Batch 1200/1289 | Loss: 0.2066
Epoch: 007/050 | Batch 1250/1289 | Loss: 0.1760
MAE/RMSE/ACC: Current Valid: 6.54/8.24/9.59 Ep. 7 | Best Valid: 3.40/4.41/9.59 | Ep. 6
Time elapsed: 26.24 min
Epoch: 008/050 | Batch 0000/1289 | Loss: 0.1652
Epoch: 008/050 | Batch 0050/1289 | Loss: 0.2041
Epoch: 008/050 | Batch 0100/1289 | Loss: 0.1658
Epoch: 008/050 | Batch 0150/1289 | Loss: 0.1614
Epoch: 008/050 | Batch 0200/1289 | Loss: 0.1346
Epoch: 008/050 | Batch 0250/1289 | Loss: 0.2013
Epoch: 008/050 | Batch 0300/1289 | Loss: 0.1351
Epoch: 008/050 | Batch 0350/1289 | Loss: 0.1612
Epoch: 008/050 | Batch 0400/1289 | Loss: 0.1579
Epoch: 008/050 | Batch 0450/1289 | Loss: 0.2124
Epoch: 008/050 | Batch 0500/1289 | Loss: 0.1576
Epoch: 008/050 | Batch 0550/1289 | Loss: 0.1763
Epoch: 008/050 | Batch 0600/1289 | Loss: 0.1588
Epoch: 008/050 | Batch 0650/1289 | Loss: 0.1724
Epoch: 008/050 | Batch 0700/1289 | Loss: 0.1410
Epoch: 008/050 | Batch 0750/1289 | Loss: 0.1352
Epoch: 008/050 | Batch 0800/1289 | Loss: 0.1623
Epoch: 008/050 | Batch 0850/1289 | Loss: 0.1204
Epoch: 008/050 | Batch 0900/1289 | Loss: 0.1412
Epoch: 008/050 | Batch 0950/1289 | Loss: 0.1350
Epoch: 008/050 | Batch 1000/1289 | Loss: 0.2299
Epoch: 008/050 | Batch 1050/1289 | Loss: 0.1249
Epoch: 008/050 | Batch 1100/1289 | Loss: 0.1235
Epoch: 008/050 | Batch 1150/1289 | Loss: 0.1640
Epoch: 008/050 | Batch 1200/1289 | Loss: 0.1798
Epoch: 008/050 | Batch 1250/1289 | Loss: 0.1494
MAE/RMSE/ACC: Current Valid: 3.58/4.59/9.59 Ep. 8 | Best Valid: 3.40/4.41/9.59 | Ep. 6
Time elapsed: 30.32 min
Epoch: 009/050 | Batch 0000/1289 | Loss: 0.1576
Epoch: 009/050 | Batch 0050/1289 | Loss: 0.1299
Epoch: 009/050 | Batch 0100/1289 | Loss: 0.1862
Epoch: 009/050 | Batch 0150/1289 | Loss: 0.1844
Epoch: 009/050 | Batch 0200/1289 | Loss: 0.1676
Epoch: 009/050 | Batch 0250/1289 | Loss: 0.2016
Epoch: 009/050 | Batch 0300/1289 | Loss: 0.1635
Epoch: 009/050 | Batch 0350/1289 | Loss: 0.1469
Epoch: 009/050 | Batch 0400/1289 | Loss: 0.1552
Epoch: 009/050 | Batch 0450/1289 | Loss: 0.1276
Epoch: 009/050 | Batch 0500/1289 | Loss: 0.1996
Epoch: 009/050 | Batch 0550/1289 | Loss: 0.1218
Epoch: 009/050 | Batch 0600/1289 | Loss: 0.1428
Epoch: 009/050 | Batch 0650/1289 | Loss: 0.1456
Epoch: 009/050 | Batch 0700/1289 | Loss: 0.1358
Epoch: 009/050 | Batch 0750/1289 | Loss: 0.2368
Epoch: 009/050 | Batch 0800/1289 | Loss: 0.1650
Epoch: 009/050 | Batch 0850/1289 | Loss: 0.1308
Epoch: 009/050 | Batch 0900/1289 | Loss: 0.1299
Epoch: 009/050 | Batch 0950/1289 | Loss: 0.1544
Epoch: 009/050 | Batch 1000/1289 | Loss: 0.1776
Epoch: 009/050 | Batch 1050/1289 | Loss: 0.1411
Epoch: 009/050 | Batch 1100/1289 | Loss: 0.1547
Epoch: 009/050 | Batch 1150/1289 | Loss: 0.2022
Epoch: 009/050 | Batch 1200/1289 | Loss: 0.1905
Epoch: 009/050 | Batch 1250/1289 | Loss: 0.1324
MAE/RMSE/ACC: Current Valid: 3.21/4.20/10.36 Ep. 9 | Best Valid: 3.21/4.20/10.36 | Ep. 9
Time elapsed: 34.41 min
Epoch: 010/050 | Batch 0000/1289 | Loss: 0.1354
Epoch: 010/050 | Batch 0050/1289 | Loss: 0.1225
Epoch: 010/050 | Batch 0100/1289 | Loss: 0.1612
Epoch: 010/050 | Batch 0150/1289 | Loss: 0.1165
Epoch: 010/050 | Batch 0200/1289 | Loss: 0.1375
Epoch: 010/050 | Batch 0250/1289 | Loss: 0.1493
Epoch: 010/050 | Batch 0300/1289 | Loss: 0.1379
Epoch: 010/050 | Batch 0350/1289 | Loss: 0.1827
Epoch: 010/050 | Batch 0400/1289 | Loss: 0.1376
Epoch: 010/050 | Batch 0450/1289 | Loss: 0.3032
Epoch: 010/050 | Batch 0500/1289 | Loss: 0.2167
Epoch: 010/050 | Batch 0550/1289 | Loss: 0.1546
Epoch: 010/050 | Batch 0600/1289 | Loss: 0.1532
Epoch: 010/050 | Batch 0650/1289 | Loss: 0.1388
Epoch: 010/050 | Batch 0700/1289 | Loss: 0.1639
Epoch: 010/050 | Batch 0750/1289 | Loss: 0.1347
Epoch: 010/050 | Batch 0800/1289 | Loss: 0.1840
Epoch: 010/050 | Batch 0850/1289 | Loss: 0.1921
Epoch: 010/050 | Batch 0900/1289 | Loss: 0.1688
Epoch: 010/050 | Batch 0950/1289 | Loss: 0.1431
Epoch: 010/050 | Batch 1000/1289 | Loss: 0.1555
Epoch: 010/050 | Batch 1050/1289 | Loss: 0.1829
Epoch: 010/050 | Batch 1100/1289 | Loss: 0.1599
Epoch: 010/050 | Batch 1150/1289 | Loss: 0.1613
Epoch: 010/050 | Batch 1200/1289 | Loss: 0.1259
Epoch: 010/050 | Batch 1250/1289 | Loss: 0.1575
MAE/RMSE/ACC: Current Valid: 3.39/4.43/10.36 Ep. 10 | Best Valid: 3.21/4.20/10.36 | Ep. 9
Time elapsed: 38.50 min
Epoch: 011/050 | Batch 0000/1289 | Loss: 0.1352
Epoch: 011/050 | Batch 0050/1289 | Loss: 0.1293
Epoch: 011/050 | Batch 0100/1289 | Loss: 0.1602
Epoch: 011/050 | Batch 0150/1289 | Loss: 0.1370
Epoch: 011/050 | Batch 0200/1289 | Loss: 0.1543
Epoch: 011/050 | Batch 0250/1289 | Loss: 0.1776
Epoch: 011/050 | Batch 0300/1289 | Loss: 0.1363
Epoch: 011/050 | Batch 0350/1289 | Loss: 0.1650
Epoch: 011/050 | Batch 0400/1289 | Loss: 0.1354
Epoch: 011/050 | Batch 0450/1289 | Loss: 0.1807
Epoch: 011/050 | Batch 0500/1289 | Loss: 0.1524
Epoch: 011/050 | Batch 0550/1289 | Loss: 0.1644
Epoch: 011/050 | Batch 0600/1289 | Loss: 0.1430
Epoch: 011/050 | Batch 0650/1289 | Loss: 0.1128
Epoch: 011/050 | Batch 0700/1289 | Loss: 0.1517
Epoch: 011/050 | Batch 0750/1289 | Loss: 0.1815
Epoch: 011/050 | Batch 0800/1289 | Loss: 0.1638
Epoch: 011/050 | Batch 0850/1289 | Loss: 0.1160
Epoch: 011/050 | Batch 0900/1289 | Loss: 0.1401
Epoch: 011/050 | Batch 0950/1289 | Loss: 0.1466
Epoch: 011/050 | Batch 1000/1289 | Loss: 0.1533
Epoch: 011/050 | Batch 1050/1289 | Loss: 0.1469
Epoch: 011/050 | Batch 1100/1289 | Loss: 0.1325
Epoch: 011/050 | Batch 1150/1289 | Loss: 0.1828
Epoch: 011/050 | Batch 1200/1289 | Loss: 0.1274
Epoch: 011/050 | Batch 1250/1289 | Loss: 0.1731
MAE/RMSE/ACC: Current Valid: 3.43/4.49/10.36 Ep. 11 | Best Valid: 3.21/4.20/10.36 | Ep. 9
Time elapsed: 42.57 min
Epoch: 012/050 | Batch 0000/1289 | Loss: 0.1610
Epoch: 012/050 | Batch 0050/1289 | Loss: 0.1155
Epoch: 012/050 | Batch 0100/1289 | Loss: 0.1276
Epoch: 012/050 | Batch 0150/1289 | Loss: 0.1591
Epoch: 012/050 | Batch 0200/1289 | Loss: 0.1554
Epoch: 012/050 | Batch 0250/1289 | Loss: 0.1814
Epoch: 012/050 | Batch 0300/1289 | Loss: 0.1440
Epoch: 012/050 | Batch 0350/1289 | Loss: 0.1387
Epoch: 012/050 | Batch 0400/1289 | Loss: 0.1864
Epoch: 012/050 | Batch 0450/1289 | Loss: 0.1329
Epoch: 012/050 | Batch 0500/1289 | Loss: 0.1407
Epoch: 012/050 | Batch 0550/1289 | Loss: 0.1417
Epoch: 012/050 | Batch 0600/1289 | Loss: 0.1745
Epoch: 012/050 | Batch 0650/1289 | Loss: 0.1208
Epoch: 012/050 | Batch 0700/1289 | Loss: 0.1835
Epoch: 012/050 | Batch 0750/1289 | Loss: 0.1359
Epoch: 012/050 | Batch 0800/1289 | Loss: 0.1697
Epoch: 012/050 | Batch 0850/1289 | Loss: 0.1467
Epoch: 012/050 | Batch 0900/1289 | Loss: 0.1717
Epoch: 012/050 | Batch 0950/1289 | Loss: 0.1252
Epoch: 012/050 | Batch 1000/1289 | Loss: 0.1875
Epoch: 012/050 | Batch 1050/1289 | Loss: 0.1525
Epoch: 012/050 | Batch 1100/1289 | Loss: 0.1507
Epoch: 012/050 | Batch 1150/1289 | Loss: 0.1409
Epoch: 012/050 | Batch 1200/1289 | Loss: 0.1212
Epoch: 012/050 | Batch 1250/1289 | Loss: 0.1650
MAE/RMSE/ACC: Current Valid: 3.12/4.20/12.29 Ep. 12 | Best Valid: 3.12/4.20/12.29 | Ep. 12
Time elapsed: 46.56 min
Epoch: 013/050 | Batch 0000/1289 | Loss: 0.1182
Epoch: 013/050 | Batch 0050/1289 | Loss: 0.1564
Epoch: 013/050 | Batch 0100/1289 | Loss: 0.1960
Epoch: 013/050 | Batch 0150/1289 | Loss: 0.1256
Epoch: 013/050 | Batch 0200/1289 | Loss: 0.1318
Epoch: 013/050 | Batch 0250/1289 | Loss: 0.1296
Epoch: 013/050 | Batch 0300/1289 | Loss: 0.1638
Epoch: 013/050 | Batch 0350/1289 | Loss: 0.1817
Epoch: 013/050 | Batch 0400/1289 | Loss: 0.1082
Epoch: 013/050 | Batch 0450/1289 | Loss: 0.1389
Epoch: 013/050 | Batch 0500/1289 | Loss: 0.1539
Epoch: 013/050 | Batch 0550/1289 | Loss: 0.1528
Epoch: 013/050 | Batch 0600/1289 | Loss: 0.1863
Epoch: 013/050 | Batch 0650/1289 | Loss: 0.1107
Epoch: 013/050 | Batch 0700/1289 | Loss: 0.1486
Epoch: 013/050 | Batch 0750/1289 | Loss: 0.1559
Epoch: 013/050 | Batch 0800/1289 | Loss: 0.1744
Epoch: 013/050 | Batch 0850/1289 | Loss: 0.1485
Epoch: 013/050 | Batch 0900/1289 | Loss: 0.1788
Epoch: 013/050 | Batch 0950/1289 | Loss: 0.1153
Epoch: 013/050 | Batch 1000/1289 | Loss: 0.1560
Epoch: 013/050 | Batch 1050/1289 | Loss: 0.1271
Epoch: 013/050 | Batch 1100/1289 | Loss: 0.1198
Epoch: 013/050 | Batch 1150/1289 | Loss: 0.1268
Epoch: 013/050 | Batch 1200/1289 | Loss: 0.1647
Epoch: 013/050 | Batch 1250/1289 | Loss: 0.1725
MAE/RMSE/ACC: Current Valid: 3.38/4.44/12.29 Ep. 13 | Best Valid: 3.12/4.20/12.29 | Ep. 12
Time elapsed: 50.45 min
Epoch: 014/050 | Batch 0000/1289 | Loss: 0.1294
Epoch: 014/050 | Batch 0050/1289 | Loss: 0.2000
Epoch: 014/050 | Batch 0100/1289 | Loss: 0.1358
Epoch: 014/050 | Batch 0150/1289 | Loss: 0.1114
Epoch: 014/050 | Batch 0200/1289 | Loss: 0.1253
Epoch: 014/050 | Batch 0250/1289 | Loss: 0.1238
Epoch: 014/050 | Batch 0300/1289 | Loss: 0.1542
Epoch: 014/050 | Batch 0350/1289 | Loss: 0.1506
Epoch: 014/050 | Batch 0400/1289 | Loss: 0.1642
Epoch: 014/050 | Batch 0450/1289 | Loss: 0.1597
Epoch: 014/050 | Batch 0500/1289 | Loss: 0.1408
Epoch: 014/050 | Batch 0550/1289 | Loss: 0.1726
Epoch: 014/050 | Batch 0600/1289 | Loss: 0.1339
Epoch: 014/050 | Batch 0650/1289 | Loss: 0.1423
Epoch: 014/050 | Batch 0700/1289 | Loss: 0.1684
Epoch: 014/050 | Batch 0750/1289 | Loss: 0.1202
Epoch: 014/050 | Batch 0800/1289 | Loss: 0.1230
Epoch: 014/050 | Batch 0850/1289 | Loss: 0.1513
Epoch: 014/050 | Batch 0900/1289 | Loss: 0.1393
Epoch: 014/050 | Batch 0950/1289 | Loss: 0.1557
Epoch: 014/050 | Batch 1000/1289 | Loss: 0.1216
Epoch: 014/050 | Batch 1050/1289 | Loss: 0.1156
Epoch: 014/050 | Batch 1100/1289 | Loss: 0.1134
Epoch: 014/050 | Batch 1150/1289 | Loss: 0.1894
Epoch: 014/050 | Batch 1200/1289 | Loss: 0.1346
Epoch: 014/050 | Batch 1250/1289 | Loss: 0.1406
MAE/RMSE/ACC: Current Valid: 3.07/4.12/13.94 Ep. 14 | Best Valid: 3.07/4.12/13.94 | Ep. 14
Time elapsed: 54.56 min
Epoch: 015/050 | Batch 0000/1289 | Loss: 0.1310
Epoch: 015/050 | Batch 0050/1289 | Loss: 0.1684
Epoch: 015/050 | Batch 0100/1289 | Loss: 0.1299
Epoch: 015/050 | Batch 0150/1289 | Loss: 0.2043
Epoch: 015/050 | Batch 0200/1289 | Loss: 0.1431
Epoch: 015/050 | Batch 0250/1289 | Loss: 0.1191
Epoch: 015/050 | Batch 0300/1289 | Loss: 0.1672
Epoch: 015/050 | Batch 0350/1289 | Loss: 0.1314
Epoch: 015/050 | Batch 0400/1289 | Loss: 0.1153
Epoch: 015/050 | Batch 0450/1289 | Loss: 0.1482
Epoch: 015/050 | Batch 0500/1289 | Loss: 0.1834
Epoch: 015/050 | Batch 0550/1289 | Loss: 0.1468
Epoch: 015/050 | Batch 0600/1289 | Loss: 0.1191
Epoch: 015/050 | Batch 0650/1289 | Loss: 0.2063
Epoch: 015/050 | Batch 0700/1289 | Loss: 0.1339
Epoch: 015/050 | Batch 0750/1289 | Loss: 0.1321
Epoch: 015/050 | Batch 0800/1289 | Loss: 0.1709
Epoch: 015/050 | Batch 0850/1289 | Loss: 0.1511
Epoch: 015/050 | Batch 0900/1289 | Loss: 0.1301
Epoch: 015/050 | Batch 0950/1289 | Loss: 0.1555
Epoch: 015/050 | Batch 1000/1289 | Loss: 0.1860
Epoch: 015/050 | Batch 1050/1289 | Loss: 0.1384
Epoch: 015/050 | Batch 1100/1289 | Loss: 0.1841
Epoch: 015/050 | Batch 1150/1289 | Loss: 0.1636
Epoch: 015/050 | Batch 1200/1289 | Loss: 0.1694
Epoch: 015/050 | Batch 1250/1289 | Loss: 0.1649
MAE/RMSE/ACC: Current Valid: 3.03/4.06/12.56 Ep. 15 | Best Valid: 3.03/4.06/12.56 | Ep. 15
Time elapsed: 58.65 min
Epoch: 016/050 | Batch 0000/1289 | Loss: 0.1103
Epoch: 016/050 | Batch 0050/1289 | Loss: 0.1464
Epoch: 016/050 | Batch 0100/1289 | Loss: 0.1862
Epoch: 016/050 | Batch 0150/1289 | Loss: 0.1474
Epoch: 016/050 | Batch 0200/1289 | Loss: 0.1553
Epoch: 016/050 | Batch 0250/1289 | Loss: 0.1292
Epoch: 016/050 | Batch 0300/1289 | Loss: 0.1608
Epoch: 016/050 | Batch 0350/1289 | Loss: 0.1398
Epoch: 016/050 | Batch 0400/1289 | Loss: 0.1282
Epoch: 016/050 | Batch 0450/1289 | Loss: 0.1303
Epoch: 016/050 | Batch 0500/1289 | Loss: 0.1283
Epoch: 016/050 | Batch 0550/1289 | Loss: 0.1342
Epoch: 016/050 | Batch 0600/1289 | Loss: 0.1323
Epoch: 016/050 | Batch 0650/1289 | Loss: 0.2164
Epoch: 016/050 | Batch 0700/1289 | Loss: 0.1694
Epoch: 016/050 | Batch 0750/1289 | Loss: 0.1968
Epoch: 016/050 | Batch 0800/1289 | Loss: 0.1740
Epoch: 016/050 | Batch 0850/1289 | Loss: 0.1220
Epoch: 016/050 | Batch 0900/1289 | Loss: 0.0942
Epoch: 016/050 | Batch 0950/1289 | Loss: 0.1407
Epoch: 016/050 | Batch 1000/1289 | Loss: 0.1398
Epoch: 016/050 | Batch 1050/1289 | Loss: 0.1757
Epoch: 016/050 | Batch 1100/1289 | Loss: 0.1250
Epoch: 016/050 | Batch 1150/1289 | Loss: 0.1223
Epoch: 016/050 | Batch 1200/1289 | Loss: 0.1364
Epoch: 016/050 | Batch 1250/1289 | Loss: 0.1572
MAE/RMSE/ACC: Current Valid: 3.32/4.41/12.56 Ep. 16 | Best Valid: 3.03/4.06/12.56 | Ep. 15
Time elapsed: 62.72 min
Epoch: 017/050 | Batch 0000/1289 | Loss: 0.1018
Epoch: 017/050 | Batch 0050/1289 | Loss: 0.1501
Epoch: 017/050 | Batch 0100/1289 | Loss: 0.1590
Epoch: 017/050 | Batch 0150/1289 | Loss: 0.1578
Epoch: 017/050 | Batch 0200/1289 | Loss: 0.1662
Epoch: 017/050 | Batch 0250/1289 | Loss: 0.1146
Epoch: 017/050 | Batch 0300/1289 | Loss: 0.1372
Epoch: 017/050 | Batch 0350/1289 | Loss: 0.1444
Epoch: 017/050 | Batch 0400/1289 | Loss: 0.1444
Epoch: 017/050 | Batch 0450/1289 | Loss: 0.1708
Epoch: 017/050 | Batch 0500/1289 | Loss: 0.1597
Epoch: 017/050 | Batch 0550/1289 | Loss: 0.1304
Epoch: 017/050 | Batch 0600/1289 | Loss: 0.1657
Epoch: 017/050 | Batch 0650/1289 | Loss: 0.1222
Epoch: 017/050 | Batch 0700/1289 | Loss: 0.1452
Epoch: 017/050 | Batch 0750/1289 | Loss: 0.1103
Epoch: 017/050 | Batch 0800/1289 | Loss: 0.1432
Epoch: 017/050 | Batch 0850/1289 | Loss: 0.1418
Epoch: 017/050 | Batch 0900/1289 | Loss: 0.1280
Epoch: 017/050 | Batch 0950/1289 | Loss: 0.1664
Epoch: 017/050 | Batch 1000/1289 | Loss: 0.1450
Epoch: 017/050 | Batch 1050/1289 | Loss: 0.1380
Epoch: 017/050 | Batch 1100/1289 | Loss: 0.1154
Epoch: 017/050 | Batch 1150/1289 | Loss: 0.1629
Epoch: 017/050 | Batch 1200/1289 | Loss: 0.1020
Epoch: 017/050 | Batch 1250/1289 | Loss: 0.1184
MAE/RMSE/ACC: Current Valid: 3.04/4.10/12.56 Ep. 17 | Best Valid: 3.03/4.06/12.56 | Ep. 15
Time elapsed: 66.82 min
Epoch: 018/050 | Batch 0000/1289 | Loss: 0.1466
Epoch: 018/050 | Batch 0050/1289 | Loss: 0.1192
Epoch: 018/050 | Batch 0100/1289 | Loss: 0.1632
Epoch: 018/050 | Batch 0150/1289 | Loss: 0.1459
Epoch: 018/050 | Batch 0200/1289 | Loss: 0.1630
Epoch: 018/050 | Batch 0250/1289 | Loss: 0.1312
Epoch: 018/050 | Batch 0300/1289 | Loss: 0.1117
Epoch: 018/050 | Batch 0350/1289 | Loss: 0.1211
Epoch: 018/050 | Batch 0400/1289 | Loss: 0.1150
Epoch: 018/050 | Batch 0450/1289 | Loss: 0.1284
Epoch: 018/050 | Batch 0500/1289 | Loss: 0.0953
Epoch: 018/050 | Batch 0550/1289 | Loss: 0.1212
Epoch: 018/050 | Batch 0600/1289 | Loss: 0.1469
Epoch: 018/050 | Batch 0650/1289 | Loss: 0.1741
Epoch: 018/050 | Batch 0700/1289 | Loss: 0.1462
Epoch: 018/050 | Batch 0750/1289 | Loss: 0.1524
Epoch: 018/050 | Batch 0800/1289 | Loss: 0.0981
Epoch: 018/050 | Batch 0850/1289 | Loss: 0.1181
Epoch: 018/050 | Batch 0900/1289 | Loss: 0.1625
Epoch: 018/050 | Batch 0950/1289 | Loss: 0.1575
Epoch: 018/050 | Batch 1000/1289 | Loss: 0.1133
Epoch: 018/050 | Batch 1050/1289 | Loss: 0.1975
Epoch: 018/050 | Batch 1100/1289 | Loss: 0.1430
Epoch: 018/050 | Batch 1150/1289 | Loss: 0.1727
Epoch: 018/050 | Batch 1200/1289 | Loss: 0.1225
Epoch: 018/050 | Batch 1250/1289 | Loss: 0.1466
MAE/RMSE/ACC: Current Valid: 3.03/4.02/11.57 Ep. 18 | Best Valid: 3.03/4.02/11.57 | Ep. 18
Time elapsed: 70.89 min
Epoch: 019/050 | Batch 0000/1289 | Loss: 0.1412
Epoch: 019/050 | Batch 0050/1289 | Loss: 0.1173
Epoch: 019/050 | Batch 0100/1289 | Loss: 0.1418
Epoch: 019/050 | Batch 0150/1289 | Loss: 0.1416
Epoch: 019/050 | Batch 0200/1289 | Loss: 0.1701
Epoch: 019/050 | Batch 0250/1289 | Loss: 0.1220
Epoch: 019/050 | Batch 0300/1289 | Loss: 0.1474
Epoch: 019/050 | Batch 0350/1289 | Loss: 0.1311
Epoch: 019/050 | Batch 0400/1289 | Loss: 0.1643
Epoch: 019/050 | Batch 0450/1289 | Loss: 0.1416
Epoch: 019/050 | Batch 0500/1289 | Loss: 0.1791
Epoch: 019/050 | Batch 0550/1289 | Loss: 0.1355
Epoch: 019/050 | Batch 0600/1289 | Loss: 0.1874
Epoch: 019/050 | Batch 0650/1289 | Loss: 0.1474
Epoch: 019/050 | Batch 0700/1289 | Loss: 0.1163
Epoch: 019/050 | Batch 0750/1289 | Loss: 0.1122
Epoch: 019/050 | Batch 0800/1289 | Loss: 0.1535
Epoch: 019/050 | Batch 0850/1289 | Loss: 0.1472
Epoch: 019/050 | Batch 0900/1289 | Loss: 0.1594
Epoch: 019/050 | Batch 0950/1289 | Loss: 0.1399
Epoch: 019/050 | Batch 1000/1289 | Loss: 0.0945
Epoch: 019/050 | Batch 1050/1289 | Loss: 0.1645
Epoch: 019/050 | Batch 1100/1289 | Loss: 0.1201
Epoch: 019/050 | Batch 1150/1289 | Loss: 0.2572
Epoch: 019/050 | Batch 1200/1289 | Loss: 0.1568
Epoch: 019/050 | Batch 1250/1289 | Loss: 0.1287
MAE/RMSE/ACC: Current Valid: 3.05/4.11/11.57 Ep. 19 | Best Valid: 3.03/4.02/11.57 | Ep. 18
Time elapsed: 74.93 min
Epoch: 020/050 | Batch 0000/1289 | Loss: 0.1179
Epoch: 020/050 | Batch 0050/1289 | Loss: 0.1725
Epoch: 020/050 | Batch 0100/1289 | Loss: 0.1599
Epoch: 020/050 | Batch 0150/1289 | Loss: 0.1241
Epoch: 020/050 | Batch 0200/1289 | Loss: 0.1677
Epoch: 020/050 | Batch 0250/1289 | Loss: 0.1485
Epoch: 020/050 | Batch 0300/1289 | Loss: 0.1191
Epoch: 020/050 | Batch 0350/1289 | Loss: 0.1072
Epoch: 020/050 | Batch 0400/1289 | Loss: 0.1556
Epoch: 020/050 | Batch 0450/1289 | Loss: 0.1345
Epoch: 020/050 | Batch 0500/1289 | Loss: 0.1493
Epoch: 020/050 | Batch 0550/1289 | Loss: 0.1098
Epoch: 020/050 | Batch 0600/1289 | Loss: 0.1206
Epoch: 020/050 | Batch 0650/1289 | Loss: 0.1314
Epoch: 020/050 | Batch 0700/1289 | Loss: 0.1279
Epoch: 020/050 | Batch 0750/1289 | Loss: 0.1359
Epoch: 020/050 | Batch 0800/1289 | Loss: 0.1149
Epoch: 020/050 | Batch 0850/1289 | Loss: 0.1363
Epoch: 020/050 | Batch 0900/1289 | Loss: 0.1224
Epoch: 020/050 | Batch 0950/1289 | Loss: 0.1377
Epoch: 020/050 | Batch 1000/1289 | Loss: 0.1315
Epoch: 020/050 | Batch 1050/1289 | Loss: 0.1411
Epoch: 020/050 | Batch 1100/1289 | Loss: 0.1442
Epoch: 020/050 | Batch 1150/1289 | Loss: 0.1365
Epoch: 020/050 | Batch 1200/1289 | Loss: 0.1333
Epoch: 020/050 | Batch 1250/1289 | Loss: 0.1500
MAE/RMSE/ACC: Current Valid: 3.36/4.48/11.57 Ep. 20 | Best Valid: 3.03/4.02/11.57 | Ep. 18
Time elapsed: 78.99 min
Epoch: 021/050 | Batch 0000/1289 | Loss: 0.1339
Epoch: 021/050 | Batch 0050/1289 | Loss: 0.1641
Epoch: 021/050 | Batch 0100/1289 | Loss: 0.2347
Epoch: 021/050 | Batch 0150/1289 | Loss: 0.1540
Epoch: 021/050 | Batch 0200/1289 | Loss: 0.1073
Epoch: 021/050 | Batch 0250/1289 | Loss: 0.1249
Epoch: 021/050 | Batch 0300/1289 | Loss: 0.1385
Epoch: 021/050 | Batch 0350/1289 | Loss: 0.1056
Epoch: 021/050 | Batch 0400/1289 | Loss: 0.1163
Epoch: 021/050 | Batch 0450/1289 | Loss: 0.1429
Epoch: 021/050 | Batch 0500/1289 | Loss: 0.1312
Epoch: 021/050 | Batch 0550/1289 | Loss: 0.1508
Epoch: 021/050 | Batch 0600/1289 | Loss: 0.1388
Epoch: 021/050 | Batch 0650/1289 | Loss: 0.1031
Epoch: 021/050 | Batch 0700/1289 | Loss: 0.1094
Epoch: 021/050 | Batch 0750/1289 | Loss: 0.1245
Epoch: 021/050 | Batch 0800/1289 | Loss: 0.1226
Epoch: 021/050 | Batch 0850/1289 | Loss: 0.1122
Epoch: 021/050 | Batch 0900/1289 | Loss: 0.1501
Epoch: 021/050 | Batch 0950/1289 | Loss: 0.0907
Epoch: 021/050 | Batch 1000/1289 | Loss: 0.1777
Epoch: 021/050 | Batch 1050/1289 | Loss: 0.1609
Epoch: 021/050 | Batch 1100/1289 | Loss: 0.1474
Epoch: 021/050 | Batch 1150/1289 | Loss: 0.1120
Epoch: 021/050 | Batch 1200/1289 | Loss: 0.1142
Epoch: 021/050 | Batch 1250/1289 | Loss: 0.1608
MAE/RMSE/ACC: Current Valid: 3.13/4.18/11.57 Ep. 21 | Best Valid: 3.03/4.02/11.57 | Ep. 18
Time elapsed: 83.05 min
Epoch: 022/050 | Batch 0000/1289 | Loss: 0.1181
Epoch: 022/050 | Batch 0050/1289 | Loss: 0.1250
Epoch: 022/050 | Batch 0100/1289 | Loss: 0.1246
Epoch: 022/050 | Batch 0150/1289 | Loss: 0.1514
Epoch: 022/050 | Batch 0200/1289 | Loss: 0.0878
Epoch: 022/050 | Batch 0250/1289 | Loss: 0.1046
Epoch: 022/050 | Batch 0300/1289 | Loss: 0.1364
Epoch: 022/050 | Batch 0350/1289 | Loss: 0.1492
Epoch: 022/050 | Batch 0400/1289 | Loss: 0.1789
Epoch: 022/050 | Batch 0450/1289 | Loss: 0.1426
Epoch: 022/050 | Batch 0500/1289 | Loss: 0.1260
Epoch: 022/050 | Batch 0550/1289 | Loss: 0.1652
Epoch: 022/050 | Batch 0600/1289 | Loss: 0.1125
Epoch: 022/050 | Batch 0650/1289 | Loss: 0.1272
Epoch: 022/050 | Batch 0700/1289 | Loss: 0.1082
Epoch: 022/050 | Batch 0750/1289 | Loss: 0.1418
Epoch: 022/050 | Batch 0800/1289 | Loss: 0.1377
Epoch: 022/050 | Batch 0850/1289 | Loss: 0.1061
Epoch: 022/050 | Batch 0900/1289 | Loss: 0.1629
Epoch: 022/050 | Batch 0950/1289 | Loss: 0.1313
Epoch: 022/050 | Batch 1000/1289 | Loss: 0.1418
Epoch: 022/050 | Batch 1050/1289 | Loss: 0.1108
Epoch: 022/050 | Batch 1100/1289 | Loss: 0.1512
Epoch: 022/050 | Batch 1150/1289 | Loss: 0.1102
Epoch: 022/050 | Batch 1200/1289 | Loss: 0.1520
Epoch: 022/050 | Batch 1250/1289 | Loss: 0.1073
MAE/RMSE/ACC: Current Valid: 3.11/4.13/11.57 Ep. 22 | Best Valid: 3.03/4.02/11.57 | Ep. 18
Time elapsed: 87.16 min
Epoch: 023/050 | Batch 0000/1289 | Loss: 0.1074
Epoch: 023/050 | Batch 0050/1289 | Loss: 0.1470
Epoch: 023/050 | Batch 0100/1289 | Loss: 0.1309
Epoch: 023/050 | Batch 0150/1289 | Loss: 0.1931
Epoch: 023/050 | Batch 0200/1289 | Loss: 0.1276
Epoch: 023/050 | Batch 0250/1289 | Loss: 0.1135
Epoch: 023/050 | Batch 0300/1289 | Loss: 0.1138
Epoch: 023/050 | Batch 0350/1289 | Loss: 0.1276
Epoch: 023/050 | Batch 0400/1289 | Loss: 0.1247
Epoch: 023/050 | Batch 0450/1289 | Loss: 0.1183
Epoch: 023/050 | Batch 0500/1289 | Loss: 0.0953
Epoch: 023/050 | Batch 0550/1289 | Loss: 0.1471
Epoch: 023/050 | Batch 0600/1289 | Loss: 0.1170
Epoch: 023/050 | Batch 0650/1289 | Loss: 0.1302
Epoch: 023/050 | Batch 0700/1289 | Loss: 0.1809
Epoch: 023/050 | Batch 0750/1289 | Loss: 0.1193
Epoch: 023/050 | Batch 0800/1289 | Loss: 0.1292
Epoch: 023/050 | Batch 0850/1289 | Loss: 0.0928
Epoch: 023/050 | Batch 0900/1289 | Loss: 0.1030
Epoch: 023/050 | Batch 0950/1289 | Loss: 0.0900
Epoch: 023/050 | Batch 1000/1289 | Loss: 0.1364
Epoch: 023/050 | Batch 1050/1289 | Loss: 0.1246
Epoch: 023/050 | Batch 1100/1289 | Loss: 0.1137
Epoch: 023/050 | Batch 1150/1289 | Loss: 0.1081
Epoch: 023/050 | Batch 1200/1289 | Loss: 0.1252
Epoch: 023/050 | Batch 1250/1289 | Loss: 0.1136
MAE/RMSE/ACC: Current Valid: 3.09/4.13/11.57 Ep. 23 | Best Valid: 3.03/4.02/11.57 | Ep. 18
Time elapsed: 91.05 min
Epoch: 024/050 | Batch 0000/1289 | Loss: 0.1100
Epoch: 024/050 | Batch 0050/1289 | Loss: 0.1004
Epoch: 024/050 | Batch 0100/1289 | Loss: 0.1052
Epoch: 024/050 | Batch 0150/1289 | Loss: 0.0961
Epoch: 024/050 | Batch 0200/1289 | Loss: 0.1172
Epoch: 024/050 | Batch 0250/1289 | Loss: 0.1516
Epoch: 024/050 | Batch 0300/1289 | Loss: 0.1141
Epoch: 024/050 | Batch 0350/1289 | Loss: 0.1058
Epoch: 024/050 | Batch 0400/1289 | Loss: 0.1426
Epoch: 024/050 | Batch 0450/1289 | Loss: 0.1023
Epoch: 024/050 | Batch 0500/1289 | Loss: 0.1465
Epoch: 024/050 | Batch 0550/1289 | Loss: 0.1238
Epoch: 024/050 | Batch 0600/1289 | Loss: 0.1061
Epoch: 024/050 | Batch 0650/1289 | Loss: 0.1435
Epoch: 024/050 | Batch 0700/1289 | Loss: 0.1064
Epoch: 024/050 | Batch 0750/1289 | Loss: 0.1115
Epoch: 024/050 | Batch 0800/1289 | Loss: 0.1138
Epoch: 024/050 | Batch 0850/1289 | Loss: 0.1256
Epoch: 024/050 | Batch 0900/1289 | Loss: 0.1251
Epoch: 024/050 | Batch 0950/1289 | Loss: 0.1237
Epoch: 024/050 | Batch 1000/1289 | Loss: 0.1138
Epoch: 024/050 | Batch 1050/1289 | Loss: 0.1003
Epoch: 024/050 | Batch 1100/1289 | Loss: 0.1270
Epoch: 024/050 | Batch 1150/1289 | Loss: 0.1481
Epoch: 024/050 | Batch 1200/1289 | Loss: 0.1159
Epoch: 024/050 | Batch 1250/1289 | Loss: 0.1095
MAE/RMSE/ACC: Current Valid: 3.08/4.17/11.57 Ep. 24 | Best Valid: 3.03/4.02/11.57 | Ep. 18
Time elapsed: 95.07 min
Epoch: 025/050 | Batch 0000/1289 | Loss: 0.1033
Epoch: 025/050 | Batch 0050/1289 | Loss: 0.0987
Epoch: 025/050 | Batch 0100/1289 | Loss: 0.0748
Epoch: 025/050 | Batch 0150/1289 | Loss: 0.0967
Epoch: 025/050 | Batch 0200/1289 | Loss: 0.0977
Epoch: 025/050 | Batch 0250/1289 | Loss: 0.1544
Epoch: 025/050 | Batch 0300/1289 | Loss: 0.0912
Epoch: 025/050 | Batch 0350/1289 | Loss: 0.1173
Epoch: 025/050 | Batch 0400/1289 | Loss: 0.1263
Epoch: 025/050 | Batch 0450/1289 | Loss: 0.1202
Epoch: 025/050 | Batch 0500/1289 | Loss: 0.0915
Epoch: 025/050 | Batch 0550/1289 | Loss: 0.1136
Epoch: 025/050 | Batch 0600/1289 | Loss: 0.1130
Epoch: 025/050 | Batch 0650/1289 | Loss: 0.1430
Epoch: 025/050 | Batch 0700/1289 | Loss: 0.0968
Epoch: 025/050 | Batch 0750/1289 | Loss: 0.1067
Epoch: 025/050 | Batch 0800/1289 | Loss: 0.1686
Epoch: 025/050 | Batch 0850/1289 | Loss: 0.0994
Epoch: 025/050 | Batch 0900/1289 | Loss: 0.1152
Epoch: 025/050 | Batch 0950/1289 | Loss: 0.1169
Epoch: 025/050 | Batch 1000/1289 | Loss: 0.1158
Epoch: 025/050 | Batch 1050/1289 | Loss: 0.0913
Epoch: 025/050 | Batch 1100/1289 | Loss: 0.1134
Epoch: 025/050 | Batch 1150/1289 | Loss: 0.1095
Epoch: 025/050 | Batch 1200/1289 | Loss: 0.1484
Epoch: 025/050 | Batch 1250/1289 | Loss: 0.1021
MAE/RMSE/ACC: Current Valid: 2.99/4.01/12.56 Ep. 25 | Best Valid: 2.99/4.01/12.56 | Ep. 25
Time elapsed: 99.13 min
Epoch: 026/050 | Batch 0000/1289 | Loss: 0.1110
Epoch: 026/050 | Batch 0050/1289 | Loss: 0.1223
Epoch: 026/050 | Batch 0100/1289 | Loss: 0.1061
Epoch: 026/050 | Batch 0150/1289 | Loss: 0.1113
Epoch: 026/050 | Batch 0200/1289 | Loss: 0.0891
Epoch: 026/050 | Batch 0250/1289 | Loss: 0.1042
Epoch: 026/050 | Batch 0300/1289 | Loss: 0.1039
Epoch: 026/050 | Batch 0350/1289 | Loss: 0.1195
Epoch: 026/050 | Batch 0400/1289 | Loss: 0.1285
Epoch: 026/050 | Batch 0450/1289 | Loss: 0.1055
Epoch: 026/050 | Batch 0500/1289 | Loss: 0.1285
Epoch: 026/050 | Batch 0550/1289 | Loss: 0.1055
Epoch: 026/050 | Batch 0600/1289 | Loss: 0.1003
Epoch: 026/050 | Batch 0650/1289 | Loss: 0.1349
Epoch: 026/050 | Batch 0700/1289 | Loss: 0.1364
Epoch: 026/050 | Batch 0750/1289 | Loss: 0.1085
Epoch: 026/050 | Batch 0800/1289 | Loss: 0.1104
Epoch: 026/050 | Batch 0850/1289 | Loss: 0.1019
Epoch: 026/050 | Batch 0900/1289 | Loss: 0.1526
Epoch: 026/050 | Batch 0950/1289 | Loss: 0.1224
Epoch: 026/050 | Batch 1000/1289 | Loss: 0.1186
Epoch: 026/050 | Batch 1050/1289 | Loss: 0.1019
Epoch: 026/050 | Batch 1100/1289 | Loss: 0.0929
Epoch: 026/050 | Batch 1150/1289 | Loss: 0.0954
Epoch: 026/050 | Batch 1200/1289 | Loss: 0.1013
Epoch: 026/050 | Batch 1250/1289 | Loss: 0.1316
MAE/RMSE/ACC: Current Valid: 3.07/4.15/12.56 Ep. 26 | Best Valid: 2.99/4.01/12.56 | Ep. 25
Time elapsed: 103.18 min
Epoch: 027/050 | Batch 0000/1289 | Loss: 0.1146
Epoch: 027/050 | Batch 0050/1289 | Loss: 0.0933
Epoch: 027/050 | Batch 0100/1289 | Loss: 0.0855
Epoch: 027/050 | Batch 0150/1289 | Loss: 0.1064
Epoch: 027/050 | Batch 0200/1289 | Loss: 0.1119
Epoch: 027/050 | Batch 0250/1289 | Loss: 0.1278
Epoch: 027/050 | Batch 0300/1289 | Loss: 0.0775
Epoch: 027/050 | Batch 0350/1289 | Loss: 0.1137
Epoch: 027/050 | Batch 0400/1289 | Loss: 0.1077
Epoch: 027/050 | Batch 0450/1289 | Loss: 0.0973
Epoch: 027/050 | Batch 0500/1289 | Loss: 0.1197
Epoch: 027/050 | Batch 0550/1289 | Loss: 0.1171
Epoch: 027/050 | Batch 0600/1289 | Loss: 0.1142
Epoch: 027/050 | Batch 0650/1289 | Loss: 0.1258
Epoch: 027/050 | Batch 0700/1289 | Loss: 0.0843
Epoch: 027/050 | Batch 0750/1289 | Loss: 0.1128
Epoch: 027/050 | Batch 0800/1289 | Loss: 0.0799
Epoch: 027/050 | Batch 0850/1289 | Loss: 0.1267
Epoch: 027/050 | Batch 0900/1289 | Loss: 0.1105
Epoch: 027/050 | Batch 0950/1289 | Loss: 0.1418
Epoch: 027/050 | Batch 1000/1289 | Loss: 0.0908
Epoch: 027/050 | Batch 1050/1289 | Loss: 0.1083
Epoch: 027/050 | Batch 1100/1289 | Loss: 0.1605
Epoch: 027/050 | Batch 1150/1289 | Loss: 0.1436
Epoch: 027/050 | Batch 1200/1289 | Loss: 0.0869
Epoch: 027/050 | Batch 1250/1289 | Loss: 0.1389
MAE/RMSE/ACC: Current Valid: 3.02/4.05/12.56 Ep. 27 | Best Valid: 2.99/4.01/12.56 | Ep. 25
Time elapsed: 107.23 min
Epoch: 028/050 | Batch 0000/1289 | Loss: 0.1240
Epoch: 028/050 | Batch 0050/1289 | Loss: 0.1022
Epoch: 028/050 | Batch 0100/1289 | Loss: 0.0717
Epoch: 028/050 | Batch 0150/1289 | Loss: 0.1104
Epoch: 028/050 | Batch 0200/1289 | Loss: 0.0817
Epoch: 028/050 | Batch 0250/1289 | Loss: 0.0947
Epoch: 028/050 | Batch 0300/1289 | Loss: 0.0803
Epoch: 028/050 | Batch 0350/1289 | Loss: 0.1092
Epoch: 028/050 | Batch 0400/1289 | Loss: 0.1136
Epoch: 028/050 | Batch 0450/1289 | Loss: 0.1317
Epoch: 028/050 | Batch 0500/1289 | Loss: 0.0803
Epoch: 028/050 | Batch 0550/1289 | Loss: 0.1085
Epoch: 028/050 | Batch 0600/1289 | Loss: 0.1341
Epoch: 028/050 | Batch 0650/1289 | Loss: 0.0909
Epoch: 028/050 | Batch 0700/1289 | Loss: 0.0797
Epoch: 028/050 | Batch 0750/1289 | Loss: 0.1188
Epoch: 028/050 | Batch 0800/1289 | Loss: 0.1129
Epoch: 028/050 | Batch 0850/1289 | Loss: 0.0855
Epoch: 028/050 | Batch 0900/1289 | Loss: 0.1011
Epoch: 028/050 | Batch 0950/1289 | Loss: 0.1023
Epoch: 028/050 | Batch 1000/1289 | Loss: 0.0871
Epoch: 028/050 | Batch 1050/1289 | Loss: 0.0763
Epoch: 028/050 | Batch 1100/1289 | Loss: 0.0734
Epoch: 028/050 | Batch 1150/1289 | Loss: 0.1195
Epoch: 028/050 | Batch 1200/1289 | Loss: 0.1050
Epoch: 028/050 | Batch 1250/1289 | Loss: 0.0941
MAE/RMSE/ACC: Current Valid: 3.10/4.19/12.56 Ep. 28 | Best Valid: 2.99/4.01/12.56 | Ep. 25
Time elapsed: 111.28 min
Epoch: 029/050 | Batch 0000/1289 | Loss: 0.0833
Epoch: 029/050 | Batch 0050/1289 | Loss: 0.1149
Epoch: 029/050 | Batch 0100/1289 | Loss: 0.0688
Epoch: 029/050 | Batch 0150/1289 | Loss: 0.1212
Epoch: 029/050 | Batch 0200/1289 | Loss: 0.1026
Epoch: 029/050 | Batch 0250/1289 | Loss: 0.0985
Epoch: 029/050 | Batch 0300/1289 | Loss: 0.1072
Epoch: 029/050 | Batch 0350/1289 | Loss: 0.0822
Epoch: 029/050 | Batch 0400/1289 | Loss: 0.0955
Epoch: 029/050 | Batch 0450/1289 | Loss: 0.0947
Epoch: 029/050 | Batch 0500/1289 | Loss: 0.0849
Epoch: 029/050 | Batch 0550/1289 | Loss: 0.1354
Epoch: 029/050 | Batch 0600/1289 | Loss: 0.1011
Epoch: 029/050 | Batch 0650/1289 | Loss: 0.1096
Epoch: 029/050 | Batch 0700/1289 | Loss: 0.1164
Epoch: 029/050 | Batch 0750/1289 | Loss: 0.0920
Epoch: 029/050 | Batch 0800/1289 | Loss: 0.0928
Epoch: 029/050 | Batch 0850/1289 | Loss: 0.0755
Epoch: 029/050 | Batch 0900/1289 | Loss: 0.1222
Epoch: 029/050 | Batch 0950/1289 | Loss: 0.1012
Epoch: 029/050 | Batch 1000/1289 | Loss: 0.1049
Epoch: 029/050 | Batch 1050/1289 | Loss: 0.1232
Epoch: 029/050 | Batch 1100/1289 | Loss: 0.0858
Epoch: 029/050 | Batch 1150/1289 | Loss: 0.1243
Epoch: 029/050 | Batch 1200/1289 | Loss: 0.0982
Epoch: 029/050 | Batch 1250/1289 | Loss: 0.0948
MAE/RMSE/ACC: Current Valid: 3.06/4.17/12.56 Ep. 29 | Best Valid: 2.99/4.01/12.56 | Ep. 25
Time elapsed: 115.33 min
Epoch: 030/050 | Batch 0000/1289 | Loss: 0.0860
Epoch: 030/050 | Batch 0050/1289 | Loss: 0.0977
Epoch: 030/050 | Batch 0100/1289 | Loss: 0.0861
Epoch: 030/050 | Batch 0150/1289 | Loss: 0.0596
Epoch: 030/050 | Batch 0200/1289 | Loss: 0.1012
Epoch: 030/050 | Batch 0250/1289 | Loss: 0.0666
Epoch: 030/050 | Batch 0300/1289 | Loss: 0.0548
Epoch: 030/050 | Batch 0350/1289 | Loss: 0.0904
Epoch: 030/050 | Batch 0400/1289 | Loss: 0.0841
Epoch: 030/050 | Batch 0450/1289 | Loss: 0.1010
Epoch: 030/050 | Batch 0500/1289 | Loss: 0.0836
Epoch: 030/050 | Batch 0550/1289 | Loss: 0.0869
Epoch: 030/050 | Batch 0600/1289 | Loss: 0.0874
Epoch: 030/050 | Batch 0650/1289 | Loss: 0.0952
Epoch: 030/050 | Batch 0700/1289 | Loss: 0.0969
Epoch: 030/050 | Batch 0750/1289 | Loss: 0.0881
Epoch: 030/050 | Batch 0800/1289 | Loss: 0.1025
Epoch: 030/050 | Batch 0850/1289 | Loss: 0.0885
Epoch: 030/050 | Batch 0900/1289 | Loss: 0.0780
Epoch: 030/050 | Batch 0950/1289 | Loss: 0.0930
Epoch: 030/050 | Batch 1000/1289 | Loss: 0.0773
Epoch: 030/050 | Batch 1050/1289 | Loss: 0.0988
Epoch: 030/050 | Batch 1100/1289 | Loss: 0.0757
Epoch: 030/050 | Batch 1150/1289 | Loss: 0.0822
Epoch: 030/050 | Batch 1200/1289 | Loss: 0.1042
Epoch: 030/050 | Batch 1250/1289 | Loss: 0.0979
MAE/RMSE/ACC: Current Valid: 3.08/4.22/12.56 Ep. 30 | Best Valid: 2.99/4.01/12.56 | Ep. 25
Time elapsed: 119.39 min
Epoch: 031/050 | Batch 0000/1289 | Loss: 0.0638
Epoch: 031/050 | Batch 0050/1289 | Loss: 0.0814
Epoch: 031/050 | Batch 0100/1289 | Loss: 0.0764
Epoch: 031/050 | Batch 0150/1289 | Loss: 0.0947
Epoch: 031/050 | Batch 0200/1289 | Loss: 0.0813
Epoch: 031/050 | Batch 0250/1289 | Loss: 0.0715
Epoch: 031/050 | Batch 0300/1289 | Loss: 0.1061
Epoch: 031/050 | Batch 0350/1289 | Loss: 0.1224
Epoch: 031/050 | Batch 0400/1289 | Loss: 0.0981
Epoch: 031/050 | Batch 0450/1289 | Loss: 0.0888
Epoch: 031/050 | Batch 0500/1289 | Loss: 0.0754
Epoch: 031/050 | Batch 0550/1289 | Loss: 0.0978
Epoch: 031/050 | Batch 0600/1289 | Loss: 0.0596
Epoch: 031/050 | Batch 0650/1289 | Loss: 0.0742
Epoch: 031/050 | Batch 0700/1289 | Loss: 0.0634
Epoch: 031/050 | Batch 0750/1289 | Loss: 0.0711
Epoch: 031/050 | Batch 0800/1289 | Loss: 0.0744
Epoch: 031/050 | Batch 0850/1289 | Loss: 0.0896
Epoch: 031/050 | Batch 0900/1289 | Loss: 0.0890
Epoch: 031/050 | Batch 0950/1289 | Loss: 0.0624
Epoch: 031/050 | Batch 1000/1289 | Loss: 0.1001
Epoch: 031/050 | Batch 1050/1289 | Loss: 0.0995
Epoch: 031/050 | Batch 1100/1289 | Loss: 0.1105
Epoch: 031/050 | Batch 1150/1289 | Loss: 0.0684
Epoch: 031/050 | Batch 1200/1289 | Loss: 0.1076
Epoch: 031/050 | Batch 1250/1289 | Loss: 0.1221
MAE/RMSE/ACC: Current Valid: 3.01/4.07/12.56 Ep. 31 | Best Valid: 2.99/4.01/12.56 | Ep. 25
Time elapsed: 123.42 min
Epoch: 032/050 | Batch 0000/1289 | Loss: 0.0927
Epoch: 032/050 | Batch 0050/1289 | Loss: 0.0752
Epoch: 032/050 | Batch 0100/1289 | Loss: 0.0863
Epoch: 032/050 | Batch 0150/1289 | Loss: 0.0848
Epoch: 032/050 | Batch 0200/1289 | Loss: 0.0850
Epoch: 032/050 | Batch 0250/1289 | Loss: 0.1054
Epoch: 032/050 | Batch 0300/1289 | Loss: 0.0553
Epoch: 032/050 | Batch 0350/1289 | Loss: 0.0530
Epoch: 032/050 | Batch 0400/1289 | Loss: 0.0703
Epoch: 032/050 | Batch 0450/1289 | Loss: 0.0698
Epoch: 032/050 | Batch 0500/1289 | Loss: 0.0522
Epoch: 032/050 | Batch 0550/1289 | Loss: 0.0873
Epoch: 032/050 | Batch 0600/1289 | Loss: 0.0887
Epoch: 032/050 | Batch 0650/1289 | Loss: 0.0714
Epoch: 032/050 | Batch 0700/1289 | Loss: 0.1241
Epoch: 032/050 | Batch 0750/1289 | Loss: 0.0998
Epoch: 032/050 | Batch 0800/1289 | Loss: 0.0764
Epoch: 032/050 | Batch 0850/1289 | Loss: 0.0600
Epoch: 032/050 | Batch 0900/1289 | Loss: 0.0786
Epoch: 032/050 | Batch 0950/1289 | Loss: 0.0722
Epoch: 032/050 | Batch 1000/1289 | Loss: 0.1065
Epoch: 032/050 | Batch 1050/1289 | Loss: 0.0885
Epoch: 032/050 | Batch 1100/1289 | Loss: 0.0910
Epoch: 032/050 | Batch 1150/1289 | Loss: 0.0719
Epoch: 032/050 | Batch 1200/1289 | Loss: 0.1286
Epoch: 032/050 | Batch 1250/1289 | Loss: 0.0728
MAE/RMSE/ACC: Current Valid: 3.16/4.31/12.56 Ep. 32 | Best Valid: 2.99/4.01/12.56 | Ep. 25
Time elapsed: 127.24 min
Epoch: 033/050 | Batch 0000/1289 | Loss: 0.0572
Epoch: 033/050 | Batch 0050/1289 | Loss: 0.0735
Epoch: 033/050 | Batch 0100/1289 | Loss: 0.0980
Epoch: 033/050 | Batch 0150/1289 | Loss: 0.0800
Epoch: 033/050 | Batch 0200/1289 | Loss: 0.1074
Epoch: 033/050 | Batch 0250/1289 | Loss: 0.0589
Epoch: 033/050 | Batch 0300/1289 | Loss: 0.0574
Epoch: 033/050 | Batch 0350/1289 | Loss: 0.0674
Epoch: 033/050 | Batch 0400/1289 | Loss: 0.0974
Epoch: 033/050 | Batch 0450/1289 | Loss: 0.0668
Epoch: 033/050 | Batch 0500/1289 | Loss: 0.0736
Epoch: 033/050 | Batch 0550/1289 | Loss: 0.0967
Epoch: 033/050 | Batch 0600/1289 | Loss: 0.0727
Epoch: 033/050 | Batch 0650/1289 | Loss: 0.0608
Epoch: 033/050 | Batch 0700/1289 | Loss: 0.0655
Epoch: 033/050 | Batch 0750/1289 | Loss: 0.0565
Epoch: 033/050 | Batch 0800/1289 | Loss: 0.0645
Epoch: 033/050 | Batch 0850/1289 | Loss: 0.0622
Epoch: 033/050 | Batch 0900/1289 | Loss: 0.0865
Epoch: 033/050 | Batch 0950/1289 | Loss: 0.0713
Epoch: 033/050 | Batch 1000/1289 | Loss: 0.0630
Epoch: 033/050 | Batch 1050/1289 | Loss: 0.0939
Epoch: 033/050 | Batch 1100/1289 | Loss: 0.0617
Epoch: 033/050 | Batch 1150/1289 | Loss: 0.0845
Epoch: 033/050 | Batch 1200/1289 | Loss: 0.0879
Epoch: 033/050 | Batch 1250/1289 | Loss: 0.0703
MAE/RMSE/ACC: Current Valid: 3.15/4.28/12.56 Ep. 33 | Best Valid: 2.99/4.01/12.56 | Ep. 25
Time elapsed: 131.25 min
Epoch: 034/050 | Batch 0000/1289 | Loss: 0.0725
Epoch: 034/050 | Batch 0050/1289 | Loss: 0.1041
Epoch: 034/050 | Batch 0100/1289 | Loss: 0.0820
Epoch: 034/050 | Batch 0150/1289 | Loss: 0.0563
Epoch: 034/050 | Batch 0200/1289 | Loss: 0.0724
Epoch: 034/050 | Batch 0250/1289 | Loss: 0.0419
Epoch: 034/050 | Batch 0300/1289 | Loss: 0.0556
Epoch: 034/050 | Batch 0350/1289 | Loss: 0.0620
Epoch: 034/050 | Batch 0400/1289 | Loss: 0.0552
Epoch: 034/050 | Batch 0450/1289 | Loss: 0.0421
Epoch: 034/050 | Batch 0500/1289 | Loss: 0.0536
Epoch: 034/050 | Batch 0550/1289 | Loss: 0.0559
Epoch: 034/050 | Batch 0600/1289 | Loss: 0.0423
Epoch: 034/050 | Batch 0650/1289 | Loss: 0.0457
Epoch: 034/050 | Batch 0700/1289 | Loss: 0.0828
Epoch: 034/050 | Batch 0750/1289 | Loss: 0.0545
Epoch: 034/050 | Batch 0800/1289 | Loss: 0.0656
Epoch: 034/050 | Batch 0850/1289 | Loss: 0.0697
Epoch: 034/050 | Batch 0900/1289 | Loss: 0.0633
Epoch: 034/050 | Batch 0950/1289 | Loss: 0.0658
Epoch: 034/050 | Batch 1000/1289 | Loss: 0.0552
Epoch: 034/050 | Batch 1050/1289 | Loss: 0.0578
Epoch: 034/050 | Batch 1100/1289 | Loss: 0.0856
Epoch: 034/050 | Batch 1150/1289 | Loss: 0.0680
Epoch: 034/050 | Batch 1200/1289 | Loss: 0.0604
Epoch: 034/050 | Batch 1250/1289 | Loss: 0.0414
MAE/RMSE/ACC: Current Valid: 3.24/4.45/12.56 Ep. 34 | Best Valid: 2.99/4.01/12.56 | Ep. 25
Time elapsed: 135.24 min
Epoch: 035/050 | Batch 0000/1289 | Loss: 0.0622
Epoch: 035/050 | Batch 0050/1289 | Loss: 0.0760
Epoch: 035/050 | Batch 0100/1289 | Loss: 0.0778
Epoch: 035/050 | Batch 0150/1289 | Loss: 0.0421
Epoch: 035/050 | Batch 0200/1289 | Loss: 0.0570
Epoch: 035/050 | Batch 0250/1289 | Loss: 0.0426
Epoch: 035/050 | Batch 0300/1289 | Loss: 0.0548
Epoch: 035/050 | Batch 0350/1289 | Loss: 0.0583
Epoch: 035/050 | Batch 0400/1289 | Loss: 0.0571
Epoch: 035/050 | Batch 0450/1289 | Loss: 0.0552
Epoch: 035/050 | Batch 0500/1289 | Loss: 0.0511
Epoch: 035/050 | Batch 0550/1289 | Loss: 0.0635
Epoch: 035/050 | Batch 0600/1289 | Loss: 0.0727
Epoch: 035/050 | Batch 0650/1289 | Loss: 0.0489
Epoch: 035/050 | Batch 0700/1289 | Loss: 0.0533
Epoch: 035/050 | Batch 0750/1289 | Loss: 0.0480
Epoch: 035/050 | Batch 0800/1289 | Loss: 0.0438
Epoch: 035/050 | Batch 0850/1289 | Loss: 0.0573
Epoch: 035/050 | Batch 0900/1289 | Loss: 0.0345
Epoch: 035/050 | Batch 0950/1289 | Loss: 0.0338
Epoch: 035/050 | Batch 1000/1289 | Loss: 0.0690
Epoch: 035/050 | Batch 1050/1289 | Loss: 0.0939
Epoch: 035/050 | Batch 1100/1289 | Loss: 0.0551
Epoch: 035/050 | Batch 1150/1289 | Loss: 0.0547
Epoch: 035/050 | Batch 1200/1289 | Loss: 0.0684
Epoch: 035/050 | Batch 1250/1289 | Loss: 0.1009
MAE/RMSE/ACC: Current Valid: 3.13/4.27/12.56 Ep. 35 | Best Valid: 2.99/4.01/12.56 | Ep. 25
Time elapsed: 139.23 min
Epoch: 036/050 | Batch 0000/1289 | Loss: 0.0411
Epoch: 036/050 | Batch 0050/1289 | Loss: 0.0757
Epoch: 036/050 | Batch 0100/1289 | Loss: 0.0448
Epoch: 036/050 | Batch 0150/1289 | Loss: 0.0673
Epoch: 036/050 | Batch 0200/1289 | Loss: 0.0706
Epoch: 036/050 | Batch 0250/1289 | Loss: 0.0656
Epoch: 036/050 | Batch 0300/1289 | Loss: 0.0444
Epoch: 036/050 | Batch 0350/1289 | Loss: 0.0405
Epoch: 036/050 | Batch 0400/1289 | Loss: 0.0428
Epoch: 036/050 | Batch 0450/1289 | Loss: 0.0359
Epoch: 036/050 | Batch 0500/1289 | Loss: 0.0657
Epoch: 036/050 | Batch 0550/1289 | Loss: 0.0704
Epoch: 036/050 | Batch 0600/1289 | Loss: 0.0576
Epoch: 036/050 | Batch 0650/1289 | Loss: 0.0303
Epoch: 036/050 | Batch 0700/1289 | Loss: 0.0435
Epoch: 036/050 | Batch 0750/1289 | Loss: 0.0424
Epoch: 036/050 | Batch 0800/1289 | Loss: 0.0716
Epoch: 036/050 | Batch 0850/1289 | Loss: 0.0677
Epoch: 036/050 | Batch 0900/1289 | Loss: 0.0691
Epoch: 036/050 | Batch 0950/1289 | Loss: 0.0518
Epoch: 036/050 | Batch 1000/1289 | Loss: 0.0730
Epoch: 036/050 | Batch 1050/1289 | Loss: 0.0728
Epoch: 036/050 | Batch 1100/1289 | Loss: 0.0423
Epoch: 036/050 | Batch 1150/1289 | Loss: 0.0929
Epoch: 036/050 | Batch 1200/1289 | Loss: 0.0391
Epoch: 036/050 | Batch 1250/1289 | Loss: 0.0441
MAE/RMSE/ACC: Current Valid: 3.15/4.32/12.56 Ep. 36 | Best Valid: 2.99/4.01/12.56 | Ep. 25
Time elapsed: 143.22 min
Epoch: 037/050 | Batch 0000/1289 | Loss: 0.0605
Epoch: 037/050 | Batch 0050/1289 | Loss: 0.0472
Epoch: 037/050 | Batch 0100/1289 | Loss: 0.0789
Epoch: 037/050 | Batch 0150/1289 | Loss: 0.0320
Epoch: 037/050 | Batch 0200/1289 | Loss: 0.0615
Epoch: 037/050 | Batch 0250/1289 | Loss: 0.0269
Epoch: 037/050 | Batch 0300/1289 | Loss: 0.0451
Epoch: 037/050 | Batch 0350/1289 | Loss: 0.0327
Epoch: 037/050 | Batch 0400/1289 | Loss: 0.0347
Epoch: 037/050 | Batch 0450/1289 | Loss: 0.0303
Epoch: 037/050 | Batch 0500/1289 | Loss: 0.0816
Epoch: 037/050 | Batch 0550/1289 | Loss: 0.0393
Epoch: 037/050 | Batch 0600/1289 | Loss: 0.0646
Epoch: 037/050 | Batch 0650/1289 | Loss: 0.0698
Epoch: 037/050 | Batch 0700/1289 | Loss: 0.0569
Epoch: 037/050 | Batch 0750/1289 | Loss: 0.0495
Epoch: 037/050 | Batch 0800/1289 | Loss: 0.0459
Epoch: 037/050 | Batch 0850/1289 | Loss: 0.0299
Epoch: 037/050 | Batch 0900/1289 | Loss: 0.0623
Epoch: 037/050 | Batch 0950/1289 | Loss: 0.0440
Epoch: 037/050 | Batch 1000/1289 | Loss: 0.0614
Epoch: 037/050 | Batch 1050/1289 | Loss: 0.0647
Epoch: 037/050 | Batch 1100/1289 | Loss: 0.0756
Epoch: 037/050 | Batch 1150/1289 | Loss: 0.0421
Epoch: 037/050 | Batch 1200/1289 | Loss: 0.0776
Epoch: 037/050 | Batch 1250/1289 | Loss: 0.0540
MAE/RMSE/ACC: Current Valid: 3.16/4.34/12.56 Ep. 37 | Best Valid: 2.99/4.01/12.56 | Ep. 25
Time elapsed: 147.21 min
Epoch: 038/050 | Batch 0000/1289 | Loss: 0.0565
Epoch: 038/050 | Batch 0050/1289 | Loss: 0.0285
Epoch: 038/050 | Batch 0100/1289 | Loss: 0.0261
Epoch: 038/050 | Batch 0150/1289 | Loss: 0.0461
Epoch: 038/050 | Batch 0200/1289 | Loss: 0.0390
Epoch: 038/050 | Batch 0250/1289 | Loss: 0.0511
Epoch: 038/050 | Batch 0300/1289 | Loss: 0.0383
Epoch: 038/050 | Batch 0350/1289 | Loss: 0.0581
Epoch: 038/050 | Batch 0400/1289 | Loss: 0.0358
Epoch: 038/050 | Batch 0450/1289 | Loss: 0.0281
Epoch: 038/050 | Batch 0500/1289 | Loss: 0.0653
Epoch: 038/050 | Batch 0550/1289 | Loss: 0.0759
Epoch: 038/050 | Batch 0600/1289 | Loss: 0.0368
Epoch: 038/050 | Batch 0650/1289 | Loss: 0.0544
Epoch: 038/050 | Batch 0700/1289 | Loss: 0.0636
Epoch: 038/050 | Batch 0750/1289 | Loss: 0.0506
Epoch: 038/050 | Batch 0800/1289 | Loss: 0.0268
Epoch: 038/050 | Batch 0850/1289 | Loss: 0.0699
Epoch: 038/050 | Batch 0900/1289 | Loss: 0.0732
Epoch: 038/050 | Batch 0950/1289 | Loss: 0.0402
Epoch: 038/050 | Batch 1000/1289 | Loss: 0.0350
Epoch: 038/050 | Batch 1050/1289 | Loss: 0.0487
Epoch: 038/050 | Batch 1100/1289 | Loss: 0.0705
Epoch: 038/050 | Batch 1150/1289 | Loss: 0.0627
Epoch: 038/050 | Batch 1200/1289 | Loss: 0.0506
Epoch: 038/050 | Batch 1250/1289 | Loss: 0.0377
MAE/RMSE/ACC: Current Valid: 3.20/4.37/12.56 Ep. 38 | Best Valid: 2.99/4.01/12.56 | Ep. 25
Time elapsed: 151.19 min
Epoch: 039/050 | Batch 0000/1289 | Loss: 0.0225
Epoch: 039/050 | Batch 0050/1289 | Loss: 0.0346
Epoch: 039/050 | Batch 0100/1289 | Loss: 0.0223
Epoch: 039/050 | Batch 0150/1289 | Loss: 0.0234
Epoch: 039/050 | Batch 0200/1289 | Loss: 0.0613
Epoch: 039/050 | Batch 0250/1289 | Loss: 0.0371
Epoch: 039/050 | Batch 0300/1289 | Loss: 0.0389
Epoch: 039/050 | Batch 0350/1289 | Loss: 0.0567
Epoch: 039/050 | Batch 0400/1289 | Loss: 0.0314
Epoch: 039/050 | Batch 0450/1289 | Loss: 0.0373
Epoch: 039/050 | Batch 0500/1289 | Loss: 0.0611
Epoch: 039/050 | Batch 0550/1289 | Loss: 0.0338
Epoch: 039/050 | Batch 0600/1289 | Loss: 0.0278
Epoch: 039/050 | Batch 0650/1289 | Loss: 0.0412
Epoch: 039/050 | Batch 0700/1289 | Loss: 0.0326
Epoch: 039/050 | Batch 0750/1289 | Loss: 0.0262
Epoch: 039/050 | Batch 0800/1289 | Loss: 0.0391
Epoch: 039/050 | Batch 0850/1289 | Loss: 0.0757
Epoch: 039/050 | Batch 0900/1289 | Loss: 0.0351
Epoch: 039/050 | Batch 0950/1289 | Loss: 0.0670
Epoch: 039/050 | Batch 1000/1289 | Loss: 0.0550
Epoch: 039/050 | Batch 1050/1289 | Loss: 0.0394
Epoch: 039/050 | Batch 1100/1289 | Loss: 0.0575
Epoch: 039/050 | Batch 1150/1289 | Loss: 0.0857
Epoch: 039/050 | Batch 1200/1289 | Loss: 0.0527
Epoch: 039/050 | Batch 1250/1289 | Loss: 0.0498
MAE/RMSE/ACC: Current Valid: 3.15/4.26/12.56 Ep. 39 | Best Valid: 2.99/4.01/12.56 | Ep. 25
Time elapsed: 154.96 min
Epoch: 040/050 | Batch 0000/1289 | Loss: 0.0336
Epoch: 040/050 | Batch 0050/1289 | Loss: 0.0223
Epoch: 040/050 | Batch 0100/1289 | Loss: 0.0128
Epoch: 040/050 | Batch 0150/1289 | Loss: 0.0335
Epoch: 040/050 | Batch 0200/1289 | Loss: 0.0216
Epoch: 040/050 | Batch 0250/1289 | Loss: 0.0256
Epoch: 040/050 | Batch 0300/1289 | Loss: 0.0217
Epoch: 040/050 | Batch 0350/1289 | Loss: 0.0370
Epoch: 040/050 | Batch 0400/1289 | Loss: 0.0478
Epoch: 040/050 | Batch 0450/1289 | Loss: 0.0449
Epoch: 040/050 | Batch 0500/1289 | Loss: 0.0404
Epoch: 040/050 | Batch 0550/1289 | Loss: 0.0423
Epoch: 040/050 | Batch 0600/1289 | Loss: 0.0270
Epoch: 040/050 | Batch 0650/1289 | Loss: 0.0397
Epoch: 040/050 | Batch 0700/1289 | Loss: 0.0442
Epoch: 040/050 | Batch 0750/1289 | Loss: 0.0370
Epoch: 040/050 | Batch 0800/1289 | Loss: 0.0301
Epoch: 040/050 | Batch 0850/1289 | Loss: 0.0380
Epoch: 040/050 | Batch 0900/1289 | Loss: 0.0396
Epoch: 040/050 | Batch 0950/1289 | Loss: 0.0570
Epoch: 040/050 | Batch 1000/1289 | Loss: 0.0320
Epoch: 040/050 | Batch 1050/1289 | Loss: 0.0737
Epoch: 040/050 | Batch 1100/1289 | Loss: 0.0248
Epoch: 040/050 | Batch 1150/1289 | Loss: 0.0448
Epoch: 040/050 | Batch 1200/1289 | Loss: 0.0423
Epoch: 040/050 | Batch 1250/1289 | Loss: 0.0304
MAE/RMSE/ACC: Current Valid: 3.17/4.33/12.56 Ep. 40 | Best Valid: 2.99/4.01/12.56 | Ep. 25
Time elapsed: 159.00 min
Epoch: 041/050 | Batch 0000/1289 | Loss: 0.0458
Epoch: 041/050 | Batch 0050/1289 | Loss: 0.0495
Epoch: 041/050 | Batch 0100/1289 | Loss: 0.0167
Epoch: 041/050 | Batch 0150/1289 | Loss: 0.0183
Epoch: 041/050 | Batch 0200/1289 | Loss: 0.0182
Epoch: 041/050 | Batch 0250/1289 | Loss: 0.0252
Epoch: 041/050 | Batch 0300/1289 | Loss: 0.0621
Epoch: 041/050 | Batch 0350/1289 | Loss: 0.0406
Epoch: 041/050 | Batch 0400/1289 | Loss: 0.0195
Epoch: 041/050 | Batch 0450/1289 | Loss: 0.0211
Epoch: 041/050 | Batch 0500/1289 | Loss: 0.0324
Epoch: 041/050 | Batch 0550/1289 | Loss: 0.0580
Epoch: 041/050 | Batch 0600/1289 | Loss: 0.0547
Epoch: 041/050 | Batch 0650/1289 | Loss: 0.0316
Epoch: 041/050 | Batch 0700/1289 | Loss: 0.0616
Epoch: 041/050 | Batch 0750/1289 | Loss: 0.0183
Epoch: 041/050 | Batch 0800/1289 | Loss: 0.0245
Epoch: 041/050 | Batch 0850/1289 | Loss: 0.0217
Epoch: 041/050 | Batch 0900/1289 | Loss: 0.0245
Epoch: 041/050 | Batch 0950/1289 | Loss: 0.0335
Epoch: 041/050 | Batch 1000/1289 | Loss: 0.0328
Epoch: 041/050 | Batch 1050/1289 | Loss: 0.0413
Epoch: 041/050 | Batch 1100/1289 | Loss: 0.0394
Epoch: 041/050 | Batch 1150/1289 | Loss: 0.0629
Epoch: 041/050 | Batch 1200/1289 | Loss: 0.0446
Epoch: 041/050 | Batch 1250/1289 | Loss: 0.0213
MAE/RMSE/ACC: Current Valid: 3.17/4.33/12.56 Ep. 41 | Best Valid: 2.99/4.01/12.56 | Ep. 25
Time elapsed: 163.02 min
Epoch: 042/050 | Batch 0000/1289 | Loss: 0.0175
Epoch: 042/050 | Batch 0050/1289 | Loss: 0.0306
Epoch: 042/050 | Batch 0100/1289 | Loss: 0.0339
Epoch: 042/050 | Batch 0150/1289 | Loss: 0.0288
Epoch: 042/050 | Batch 0200/1289 | Loss: 0.0519
Epoch: 042/050 | Batch 0250/1289 | Loss: 0.0167
Epoch: 042/050 | Batch 0300/1289 | Loss: 0.0324
Epoch: 042/050 | Batch 0350/1289 | Loss: 0.0333
Epoch: 042/050 | Batch 0400/1289 | Loss: 0.0261
Epoch: 042/050 | Batch 0450/1289 | Loss: 0.0282
Epoch: 042/050 | Batch 0500/1289 | Loss: 0.0132
Epoch: 042/050 | Batch 0550/1289 | Loss: 0.0232
Epoch: 042/050 | Batch 0600/1289 | Loss: 0.0451
Epoch: 042/050 | Batch 0650/1289 | Loss: 0.0131
Epoch: 042/050 | Batch 0700/1289 | Loss: 0.0625
Epoch: 042/050 | Batch 0750/1289 | Loss: 0.0247
Epoch: 042/050 | Batch 0800/1289 | Loss: 0.0457
Epoch: 042/050 | Batch 0850/1289 | Loss: 0.0159
Epoch: 042/050 | Batch 0900/1289 | Loss: 0.0445
Epoch: 042/050 | Batch 0950/1289 | Loss: 0.0380
Epoch: 042/050 | Batch 1000/1289 | Loss: 0.0332
Epoch: 042/050 | Batch 1050/1289 | Loss: 0.0354
Epoch: 042/050 | Batch 1100/1289 | Loss: 0.0456
Epoch: 042/050 | Batch 1150/1289 | Loss: 0.0222
Epoch: 042/050 | Batch 1200/1289 | Loss: 0.0254
Epoch: 042/050 | Batch 1250/1289 | Loss: 0.0451
MAE/RMSE/ACC: Current Valid: 3.28/4.50/12.56 Ep. 42 | Best Valid: 2.99/4.01/12.56 | Ep. 25
Time elapsed: 167.04 min
Epoch: 043/050 | Batch 0000/1289 | Loss: 0.0288
Epoch: 043/050 | Batch 0050/1289 | Loss: 0.0277
Epoch: 043/050 | Batch 0100/1289 | Loss: 0.0129
Epoch: 043/050 | Batch 0150/1289 | Loss: 0.0271
Epoch: 043/050 | Batch 0200/1289 | Loss: 0.0162
Epoch: 043/050 | Batch 0250/1289 | Loss: 0.0549
Epoch: 043/050 | Batch 0300/1289 | Loss: 0.0382
Epoch: 043/050 | Batch 0350/1289 | Loss: 0.0621
Epoch: 043/050 | Batch 0400/1289 | Loss: 0.0343
Epoch: 043/050 | Batch 0450/1289 | Loss: 0.0427
Epoch: 043/050 | Batch 0500/1289 | Loss: 0.0348
Epoch: 043/050 | Batch 0550/1289 | Loss: 0.0370
Epoch: 043/050 | Batch 0600/1289 | Loss: 0.0363
Epoch: 043/050 | Batch 0650/1289 | Loss: 0.0363
Epoch: 043/050 | Batch 0700/1289 | Loss: 0.0546
Epoch: 043/050 | Batch 0750/1289 | Loss: 0.0345
Epoch: 043/050 | Batch 0800/1289 | Loss: 0.0584
Epoch: 043/050 | Batch 0850/1289 | Loss: 0.0178
Epoch: 043/050 | Batch 0900/1289 | Loss: 0.0408
Epoch: 043/050 | Batch 0950/1289 | Loss: 0.0403
Epoch: 043/050 | Batch 1000/1289 | Loss: 0.0433
Epoch: 043/050 | Batch 1050/1289 | Loss: 0.0458
Epoch: 043/050 | Batch 1100/1289 | Loss: 0.0250
Epoch: 043/050 | Batch 1150/1289 | Loss: 0.0289
Epoch: 043/050 | Batch 1200/1289 | Loss: 0.0231
Epoch: 043/050 | Batch 1250/1289 | Loss: 0.0390
MAE/RMSE/ACC: Current Valid: 3.17/4.31/12.56 Ep. 43 | Best Valid: 2.99/4.01/12.56 | Ep. 25
Time elapsed: 171.05 min
Epoch: 044/050 | Batch 0000/1289 | Loss: 0.0182
Epoch: 044/050 | Batch 0050/1289 | Loss: 0.0248
Epoch: 044/050 | Batch 0100/1289 | Loss: 0.0290
Epoch: 044/050 | Batch 0150/1289 | Loss: 0.0390
Epoch: 044/050 | Batch 0200/1289 | Loss: 0.0433
Epoch: 044/050 | Batch 0250/1289 | Loss: 0.0268
Epoch: 044/050 | Batch 0300/1289 | Loss: 0.0297
Epoch: 044/050 | Batch 0350/1289 | Loss: 0.0161
Epoch: 044/050 | Batch 0400/1289 | Loss: 0.0203
Epoch: 044/050 | Batch 0450/1289 | Loss: 0.0320
Epoch: 044/050 | Batch 0500/1289 | Loss: 0.0560
Epoch: 044/050 | Batch 0550/1289 | Loss: 0.0290
Epoch: 044/050 | Batch 0600/1289 | Loss: 0.0277
Epoch: 044/050 | Batch 0650/1289 | Loss: 0.0398
Epoch: 044/050 | Batch 0700/1289 | Loss: 0.0255
Epoch: 044/050 | Batch 0750/1289 | Loss: 0.0242
Epoch: 044/050 | Batch 0800/1289 | Loss: 0.0440
Epoch: 044/050 | Batch 0850/1289 | Loss: 0.0468
Epoch: 044/050 | Batch 0900/1289 | Loss: 0.0187
Epoch: 044/050 | Batch 0950/1289 | Loss: 0.0341
Epoch: 044/050 | Batch 1000/1289 | Loss: 0.0255
Epoch: 044/050 | Batch 1050/1289 | Loss: 0.0156
Epoch: 044/050 | Batch 1100/1289 | Loss: 0.0266
Epoch: 044/050 | Batch 1150/1289 | Loss: 0.0255
Epoch: 044/050 | Batch 1200/1289 | Loss: 0.0722
Epoch: 044/050 | Batch 1250/1289 | Loss: 0.0183
MAE/RMSE/ACC: Current Valid: 3.38/4.63/12.56 Ep. 44 | Best Valid: 2.99/4.01/12.56 | Ep. 25
Time elapsed: 175.04 min
Epoch: 045/050 | Batch 0000/1289 | Loss: 0.0713
Epoch: 045/050 | Batch 0050/1289 | Loss: 0.0123
Epoch: 045/050 | Batch 0100/1289 | Loss: 0.0152
Epoch: 045/050 | Batch 0150/1289 | Loss: 0.0146
Epoch: 045/050 | Batch 0200/1289 | Loss: 0.0577
Epoch: 045/050 | Batch 0250/1289 | Loss: 0.0414
Epoch: 045/050 | Batch 0300/1289 | Loss: 0.0242
Epoch: 045/050 | Batch 0350/1289 | Loss: 0.0251
Epoch: 045/050 | Batch 0400/1289 | Loss: 0.0125
Epoch: 045/050 | Batch 0450/1289 | Loss: 0.0169
Epoch: 045/050 | Batch 0500/1289 | Loss: 0.0248
Epoch: 045/050 | Batch 0550/1289 | Loss: 0.0210
Epoch: 045/050 | Batch 0600/1289 | Loss: 0.0197
Epoch: 045/050 | Batch 0650/1289 | Loss: 0.0329
Epoch: 045/050 | Batch 0700/1289 | Loss: 0.0154
Epoch: 045/050 | Batch 0750/1289 | Loss: 0.0237
Epoch: 045/050 | Batch 0800/1289 | Loss: 0.0079
Epoch: 045/050 | Batch 0850/1289 | Loss: 0.0564
Epoch: 045/050 | Batch 0900/1289 | Loss: 0.0130
Epoch: 045/050 | Batch 0950/1289 | Loss: 0.0405
Epoch: 045/050 | Batch 1000/1289 | Loss: 0.0410
Epoch: 045/050 | Batch 1050/1289 | Loss: 0.0255
Epoch: 045/050 | Batch 1100/1289 | Loss: 0.0465
Epoch: 045/050 | Batch 1150/1289 | Loss: 0.0185
Epoch: 045/050 | Batch 1200/1289 | Loss: 0.0224
Epoch: 045/050 | Batch 1250/1289 | Loss: 0.0331
MAE/RMSE/ACC: Current Valid: 3.19/4.40/12.56 Ep. 45 | Best Valid: 2.99/4.01/12.56 | Ep. 25
Time elapsed: 179.00 min
Epoch: 046/050 | Batch 0000/1289 | Loss: 0.0134
Epoch: 046/050 | Batch 0050/1289 | Loss: 0.0378
Epoch: 046/050 | Batch 0100/1289 | Loss: 0.0215
Epoch: 046/050 | Batch 0150/1289 | Loss: 0.0050
Epoch: 046/050 | Batch 0200/1289 | Loss: 0.0242
Epoch: 046/050 | Batch 0250/1289 | Loss: 0.0441
Epoch: 046/050 | Batch 0300/1289 | Loss: 0.0114
Epoch: 046/050 | Batch 0350/1289 | Loss: 0.0064
Epoch: 046/050 | Batch 0400/1289 | Loss: 0.0307
Epoch: 046/050 | Batch 0450/1289 | Loss: 0.0152
Epoch: 046/050 | Batch 0500/1289 | Loss: 0.0153
Epoch: 046/050 | Batch 0550/1289 | Loss: 0.0156
Epoch: 046/050 | Batch 0600/1289 | Loss: 0.0173
Epoch: 046/050 | Batch 0650/1289 | Loss: 0.0166
Epoch: 046/050 | Batch 0700/1289 | Loss: 0.0200
Epoch: 046/050 | Batch 0750/1289 | Loss: 0.0234
Epoch: 046/050 | Batch 0800/1289 | Loss: 0.0251
Epoch: 046/050 | Batch 0850/1289 | Loss: 0.0231
Epoch: 046/050 | Batch 0900/1289 | Loss: 0.0638
Epoch: 046/050 | Batch 0950/1289 | Loss: 0.0485
Epoch: 046/050 | Batch 1000/1289 | Loss: 0.0206
Epoch: 046/050 | Batch 1050/1289 | Loss: 0.0273
Epoch: 046/050 | Batch 1100/1289 | Loss: 0.0281
Epoch: 046/050 | Batch 1150/1289 | Loss: 0.0496
Epoch: 046/050 | Batch 1200/1289 | Loss: 0.0570
Epoch: 046/050 | Batch 1250/1289 | Loss: 0.0220
MAE/RMSE/ACC: Current Valid: 3.23/4.45/12.56 Ep. 46 | Best Valid: 2.99/4.01/12.56 | Ep. 25
Time elapsed: 182.75 min
Epoch: 047/050 | Batch 0000/1289 | Loss: 0.0179
Epoch: 047/050 | Batch 0050/1289 | Loss: 0.0287
Epoch: 047/050 | Batch 0100/1289 | Loss: 0.0212
Epoch: 047/050 | Batch 0150/1289 | Loss: 0.0112
Epoch: 047/050 | Batch 0200/1289 | Loss: 0.0166
Epoch: 047/050 | Batch 0250/1289 | Loss: 0.0087
Epoch: 047/050 | Batch 0300/1289 | Loss: 0.0521
Epoch: 047/050 | Batch 0350/1289 | Loss: 0.0182
Epoch: 047/050 | Batch 0400/1289 | Loss: 0.0488
Epoch: 047/050 | Batch 0450/1289 | Loss: 0.0245
Epoch: 047/050 | Batch 0500/1289 | Loss: 0.0201
Epoch: 047/050 | Batch 0550/1289 | Loss: 0.0095
Epoch: 047/050 | Batch 0600/1289 | Loss: 0.0125
Epoch: 047/050 | Batch 0650/1289 | Loss: 0.0165
Epoch: 047/050 | Batch 0700/1289 | Loss: 0.0077
Epoch: 047/050 | Batch 0750/1289 | Loss: 0.0429
Epoch: 047/050 | Batch 0800/1289 | Loss: 0.0363
Epoch: 047/050 | Batch 0850/1289 | Loss: 0.0043
Epoch: 047/050 | Batch 0900/1289 | Loss: 0.0556
Epoch: 047/050 | Batch 0950/1289 | Loss: 0.0297
Epoch: 047/050 | Batch 1000/1289 | Loss: 0.0246
Epoch: 047/050 | Batch 1050/1289 | Loss: 0.0175
Epoch: 047/050 | Batch 1100/1289 | Loss: 0.0165
Epoch: 047/050 | Batch 1150/1289 | Loss: 0.0588
Epoch: 047/050 | Batch 1200/1289 | Loss: 0.0485
Epoch: 047/050 | Batch 1250/1289 | Loss: 0.0210
MAE/RMSE/ACC: Current Valid: 3.27/4.48/12.56 Ep. 47 | Best Valid: 2.99/4.01/12.56 | Ep. 25
Time elapsed: 186.75 min
Epoch: 048/050 | Batch 0000/1289 | Loss: 0.0225
Epoch: 048/050 | Batch 0050/1289 | Loss: 0.0088
Epoch: 048/050 | Batch 0100/1289 | Loss: 0.0157
Epoch: 048/050 | Batch 0150/1289 | Loss: 0.0223
Epoch: 048/050 | Batch 0200/1289 | Loss: 0.0164
Epoch: 048/050 | Batch 0250/1289 | Loss: 0.0364
Epoch: 048/050 | Batch 0300/1289 | Loss: 0.0382
Epoch: 048/050 | Batch 0350/1289 | Loss: 0.0163
Epoch: 048/050 | Batch 0400/1289 | Loss: 0.0065
Epoch: 048/050 | Batch 0450/1289 | Loss: 0.0109
Epoch: 048/050 | Batch 0500/1289 | Loss: 0.0132
Epoch: 048/050 | Batch 0550/1289 | Loss: 0.0181
Epoch: 048/050 | Batch 0600/1289 | Loss: 0.0114
Epoch: 048/050 | Batch 0650/1289 | Loss: 0.0193
Epoch: 048/050 | Batch 0700/1289 | Loss: 0.0675
Epoch: 048/050 | Batch 0750/1289 | Loss: 0.0274
Epoch: 048/050 | Batch 0800/1289 | Loss: 0.0255
Epoch: 048/050 | Batch 0850/1289 | Loss: 0.0118
Epoch: 048/050 | Batch 0900/1289 | Loss: 0.0239
Epoch: 048/050 | Batch 0950/1289 | Loss: 0.0146
Epoch: 048/050 | Batch 1000/1289 | Loss: 0.0485
Epoch: 048/050 | Batch 1050/1289 | Loss: 0.0061
Epoch: 048/050 | Batch 1100/1289 | Loss: 0.0139
Epoch: 048/050 | Batch 1150/1289 | Loss: 0.0343
Epoch: 048/050 | Batch 1200/1289 | Loss: 0.0093
Epoch: 048/050 | Batch 1250/1289 | Loss: 0.0409
MAE/RMSE/ACC: Current Valid: 3.26/4.54/12.56 Ep. 48 | Best Valid: 2.99/4.01/12.56 | Ep. 25
Time elapsed: 190.75 min
Epoch: 049/050 | Batch 0000/1289 | Loss: 0.0206
Epoch: 049/050 | Batch 0050/1289 | Loss: 0.0172
Epoch: 049/050 | Batch 0100/1289 | Loss: 0.0063
Epoch: 049/050 | Batch 0150/1289 | Loss: 0.0499
Epoch: 049/050 | Batch 0200/1289 | Loss: 0.0349
Epoch: 049/050 | Batch 0250/1289 | Loss: 0.0117
Epoch: 049/050 | Batch 0300/1289 | Loss: 0.0178
Epoch: 049/050 | Batch 0350/1289 | Loss: 0.0332
Epoch: 049/050 | Batch 0400/1289 | Loss: 0.0117
Epoch: 049/050 | Batch 0450/1289 | Loss: 0.0094
Epoch: 049/050 | Batch 0500/1289 | Loss: 0.0122
Epoch: 049/050 | Batch 0550/1289 | Loss: 0.0192
Epoch: 049/050 | Batch 0600/1289 | Loss: 0.0194
Epoch: 049/050 | Batch 0650/1289 | Loss: 0.0229
Epoch: 049/050 | Batch 0700/1289 | Loss: 0.0365
Epoch: 049/050 | Batch 0750/1289 | Loss: 0.0189
Epoch: 049/050 | Batch 0800/1289 | Loss: 0.0074
Epoch: 049/050 | Batch 0850/1289 | Loss: 0.0210
Epoch: 049/050 | Batch 0900/1289 | Loss: 0.0109
Epoch: 049/050 | Batch 0950/1289 | Loss: 0.0341
Epoch: 049/050 | Batch 1000/1289 | Loss: 0.0428
Epoch: 049/050 | Batch 1050/1289 | Loss: 0.0415
Epoch: 049/050 | Batch 1100/1289 | Loss: 0.0243
Epoch: 049/050 | Batch 1150/1289 | Loss: 0.0282
Epoch: 049/050 | Batch 1200/1289 | Loss: 0.0251
Epoch: 049/050 | Batch 1250/1289 | Loss: 0.0354
MAE/RMSE/ACC: Current Valid: 3.27/4.53/12.56 Ep. 49 | Best Valid: 2.99/4.01/12.56 | Ep. 25
Time elapsed: 194.77 min
Epoch: 050/050 | Batch 0000/1289 | Loss: 0.0081
Epoch: 050/050 | Batch 0050/1289 | Loss: 0.0325
Epoch: 050/050 | Batch 0100/1289 | Loss: 0.0115
Epoch: 050/050 | Batch 0150/1289 | Loss: 0.0276
Epoch: 050/050 | Batch 0200/1289 | Loss: 0.0116
Epoch: 050/050 | Batch 0250/1289 | Loss: 0.0064
Epoch: 050/050 | Batch 0300/1289 | Loss: 0.0326
Epoch: 050/050 | Batch 0350/1289 | Loss: 0.0304
Epoch: 050/050 | Batch 0400/1289 | Loss: 0.0557
Epoch: 050/050 | Batch 0450/1289 | Loss: 0.0642
Epoch: 050/050 | Batch 0500/1289 | Loss: 0.0360
Epoch: 050/050 | Batch 0550/1289 | Loss: 0.0310
Epoch: 050/050 | Batch 0600/1289 | Loss: 0.0104
Epoch: 050/050 | Batch 0650/1289 | Loss: 0.0063
Epoch: 050/050 | Batch 0700/1289 | Loss: 0.0125
Epoch: 050/050 | Batch 0750/1289 | Loss: 0.0174
Epoch: 050/050 | Batch 0800/1289 | Loss: 0.0113
Epoch: 050/050 | Batch 0850/1289 | Loss: 0.0205
Epoch: 050/050 | Batch 0900/1289 | Loss: 0.0348
Epoch: 050/050 | Batch 0950/1289 | Loss: 0.0221
Epoch: 050/050 | Batch 1000/1289 | Loss: 0.0065
Epoch: 050/050 | Batch 1050/1289 | Loss: 0.0274
Epoch: 050/050 | Batch 1100/1289 | Loss: 0.0358
Epoch: 050/050 | Batch 1150/1289 | Loss: 0.0286
Epoch: 050/050 | Batch 1200/1289 | Loss: 0.0071
Epoch: 050/050 | Batch 1250/1289 | Loss: 0.0295
MAE/RMSE/ACC: Current Valid: 3.50/4.75/12.56 Ep. 50 | Best Valid: 2.99/4.01/12.56 | Ep. 25
Time elapsed: 198.79 min
MAE/RMSE: | Train: 0.48/1.57 | Valid: 3.50/4.75 | Test: 3.44/4.66
ACC: | Train: 83.95 | Valid: 12.07 | Test: 12.89
Total Running Time: 199.50 min
MAE/RMSE: | Best Train: 1.43/2.12 | Best Valid: 2.99/4.01 | Best Test: 2.96/3.98
ACC: | Best Train: 30.90 | Best Valid: 12.56 | Best Test: 13.05
Total Running Time: 200.23 min
