This script: resnet34_conditional-v3.py
PyTorch Version: 1.8.1
CUDA device: cuda:4
CUDA version: 11.1
Random seed: 3
Learning rate: 0.0005
Epochs: 50
Batch size: 16
Output path: runs/morph2-balanced/resnet34_conditional-v3-imp0-seed3-epochs50-batchsize16_best-rmse
Epoch: 001/050 | Batch 0000/1289 | Loss: 0.6962
Epoch: 001/050 | Batch 0050/1289 | Loss: 0.2258
Epoch: 001/050 | Batch 0100/1289 | Loss: 0.2344
Epoch: 001/050 | Batch 0150/1289 | Loss: 0.1921
Epoch: 001/050 | Batch 0200/1289 | Loss: 0.2793
Epoch: 001/050 | Batch 0250/1289 | Loss: 0.1607
Epoch: 001/050 | Batch 0300/1289 | Loss: 0.2134
Epoch: 001/050 | Batch 0350/1289 | Loss: 0.2496
Epoch: 001/050 | Batch 0400/1289 | Loss: 0.1893
Epoch: 001/050 | Batch 0450/1289 | Loss: 0.2179
Epoch: 001/050 | Batch 0500/1289 | Loss: 0.2073
Epoch: 001/050 | Batch 0550/1289 | Loss: 0.2047
Epoch: 001/050 | Batch 0600/1289 | Loss: 0.2061
Epoch: 001/050 | Batch 0650/1289 | Loss: 0.2048
Epoch: 001/050 | Batch 0700/1289 | Loss: 0.2443
Epoch: 001/050 | Batch 0750/1289 | Loss: 0.2349
Epoch: 001/050 | Batch 0800/1289 | Loss: 0.1704
Epoch: 001/050 | Batch 0850/1289 | Loss: 0.2009
Epoch: 001/050 | Batch 0900/1289 | Loss: 0.1945
Epoch: 001/050 | Batch 0950/1289 | Loss: 0.1950
Epoch: 001/050 | Batch 1000/1289 | Loss: 0.1728
Epoch: 001/050 | Batch 1050/1289 | Loss: 0.1880
Epoch: 001/050 | Batch 1100/1289 | Loss: 0.1698
Epoch: 001/050 | Batch 1150/1289 | Loss: 0.2196
Epoch: 001/050 | Batch 1200/1289 | Loss: 0.1719
Epoch: 001/050 | Batch 1250/1289 | Loss: 0.2381
MAE/RMSE/ACC: Current Valid: 4.54/5.78/6.67 Ep. 1 | Best Valid: 4.54/5.78/6.67 | Ep. 1
Time elapsed: 2.04 min
Epoch: 002/050 | Batch 0000/1289 | Loss: 0.2202
Epoch: 002/050 | Batch 0050/1289 | Loss: 0.1890
Epoch: 002/050 | Batch 0100/1289 | Loss: 0.1636
Epoch: 002/050 | Batch 0150/1289 | Loss: 0.1424
Epoch: 002/050 | Batch 0200/1289 | Loss: 0.1685
Epoch: 002/050 | Batch 0250/1289 | Loss: 0.1881
Epoch: 002/050 | Batch 0300/1289 | Loss: 0.1403
Epoch: 002/050 | Batch 0350/1289 | Loss: 0.1891
Epoch: 002/050 | Batch 0400/1289 | Loss: 0.2510
Epoch: 002/050 | Batch 0450/1289 | Loss: 0.1817
Epoch: 002/050 | Batch 0500/1289 | Loss: 0.2005
Epoch: 002/050 | Batch 0550/1289 | Loss: 0.1728
Epoch: 002/050 | Batch 0600/1289 | Loss: 0.1602
Epoch: 002/050 | Batch 0650/1289 | Loss: 0.1559
Epoch: 002/050 | Batch 0700/1289 | Loss: 0.1742
Epoch: 002/050 | Batch 0750/1289 | Loss: 0.1805
Epoch: 002/050 | Batch 0800/1289 | Loss: 0.1696
Epoch: 002/050 | Batch 0850/1289 | Loss: 0.1522
Epoch: 002/050 | Batch 0900/1289 | Loss: 0.1818
Epoch: 002/050 | Batch 0950/1289 | Loss: 0.2174
Epoch: 002/050 | Batch 1000/1289 | Loss: 0.1574
Epoch: 002/050 | Batch 1050/1289 | Loss: 0.1715
Epoch: 002/050 | Batch 1100/1289 | Loss: 0.1743
Epoch: 002/050 | Batch 1150/1289 | Loss: 0.1880
Epoch: 002/050 | Batch 1200/1289 | Loss: 0.1683
Epoch: 002/050 | Batch 1250/1289 | Loss: 0.1590
MAE/RMSE/ACC: Current Valid: 4.05/5.34/8.58 Ep. 2 | Best Valid: 4.05/5.34/8.58 | Ep. 2
Time elapsed: 4.17 min
Epoch: 003/050 | Batch 0000/1289 | Loss: 0.1632
Epoch: 003/050 | Batch 0050/1289 | Loss: 0.2016
Epoch: 003/050 | Batch 0100/1289 | Loss: 0.2261
Epoch: 003/050 | Batch 0150/1289 | Loss: 0.1724
Epoch: 003/050 | Batch 0200/1289 | Loss: 0.1698
Epoch: 003/050 | Batch 0250/1289 | Loss: 0.1951
Epoch: 003/050 | Batch 0300/1289 | Loss: 0.1684
Epoch: 003/050 | Batch 0350/1289 | Loss: 0.1808
Epoch: 003/050 | Batch 0400/1289 | Loss: 0.1841
Epoch: 003/050 | Batch 0450/1289 | Loss: 0.1433
Epoch: 003/050 | Batch 0500/1289 | Loss: 0.1610
Epoch: 003/050 | Batch 0550/1289 | Loss: 0.1478
Epoch: 003/050 | Batch 0600/1289 | Loss: 0.2430
Epoch: 003/050 | Batch 0650/1289 | Loss: 0.1497
Epoch: 003/050 | Batch 0700/1289 | Loss: 0.1729
Epoch: 003/050 | Batch 0750/1289 | Loss: 0.1585
Epoch: 003/050 | Batch 0800/1289 | Loss: 0.1536
Epoch: 003/050 | Batch 0850/1289 | Loss: 0.2087
Epoch: 003/050 | Batch 0900/1289 | Loss: 0.1505
Epoch: 003/050 | Batch 0950/1289 | Loss: 0.1670
Epoch: 003/050 | Batch 1000/1289 | Loss: 0.1654
Epoch: 003/050 | Batch 1050/1289 | Loss: 0.1453
Epoch: 003/050 | Batch 1100/1289 | Loss: 0.1659
Epoch: 003/050 | Batch 1150/1289 | Loss: 0.1855
Epoch: 003/050 | Batch 1200/1289 | Loss: 0.1585
Epoch: 003/050 | Batch 1250/1289 | Loss: 0.1628
MAE/RMSE/ACC: Current Valid: 3.94/5.10/8.56 Ep. 3 | Best Valid: 3.94/5.10/8.56 | Ep. 3
Time elapsed: 6.30 min
Epoch: 004/050 | Batch 0000/1289 | Loss: 0.1839
Epoch: 004/050 | Batch 0050/1289 | Loss: 0.1631
Epoch: 004/050 | Batch 0100/1289 | Loss: 0.2138
Epoch: 004/050 | Batch 0150/1289 | Loss: 0.1631
Epoch: 004/050 | Batch 0200/1289 | Loss: 0.1374
Epoch: 004/050 | Batch 0250/1289 | Loss: 0.1830
Epoch: 004/050 | Batch 0300/1289 | Loss: 0.1524
Epoch: 004/050 | Batch 0350/1289 | Loss: 0.1630
Epoch: 004/050 | Batch 0400/1289 | Loss: 0.1833
Epoch: 004/050 | Batch 0450/1289 | Loss: 0.1593
Epoch: 004/050 | Batch 0500/1289 | Loss: 0.1490
Epoch: 004/050 | Batch 0550/1289 | Loss: 0.2445
Epoch: 004/050 | Batch 0600/1289 | Loss: 0.1795
Epoch: 004/050 | Batch 0650/1289 | Loss: 0.1399
Epoch: 004/050 | Batch 0700/1289 | Loss: 0.1759
Epoch: 004/050 | Batch 0750/1289 | Loss: 0.2847
Epoch: 004/050 | Batch 0800/1289 | Loss: 0.2114
Epoch: 004/050 | Batch 0850/1289 | Loss: 0.1663
Epoch: 004/050 | Batch 0900/1289 | Loss: 0.1959
Epoch: 004/050 | Batch 0950/1289 | Loss: 0.1518
Epoch: 004/050 | Batch 1000/1289 | Loss: 0.1453
Epoch: 004/050 | Batch 1050/1289 | Loss: 0.1655
Epoch: 004/050 | Batch 1100/1289 | Loss: 0.1500
Epoch: 004/050 | Batch 1150/1289 | Loss: 0.1415
Epoch: 004/050 | Batch 1200/1289 | Loss: 0.1386
Epoch: 004/050 | Batch 1250/1289 | Loss: 0.1480
MAE/RMSE/ACC: Current Valid: 7.58/9.34/8.56 Ep. 4 | Best Valid: 3.94/5.10/8.56 | Ep. 3
Time elapsed: 8.49 min
Epoch: 005/050 | Batch 0000/1289 | Loss: 0.1576
Epoch: 005/050 | Batch 0050/1289 | Loss: 0.1238
Epoch: 005/050 | Batch 0100/1289 | Loss: 0.1717
Epoch: 005/050 | Batch 0150/1289 | Loss: 0.1615
Epoch: 005/050 | Batch 0200/1289 | Loss: 0.1647
Epoch: 005/050 | Batch 0250/1289 | Loss: 0.1562
Epoch: 005/050 | Batch 0300/1289 | Loss: 0.1605
Epoch: 005/050 | Batch 0350/1289 | Loss: 0.1596
Epoch: 005/050 | Batch 0400/1289 | Loss: 0.1840
Epoch: 005/050 | Batch 0450/1289 | Loss: 0.1697
Epoch: 005/050 | Batch 0500/1289 | Loss: 0.1465
Epoch: 005/050 | Batch 0550/1289 | Loss: 0.1431
Epoch: 005/050 | Batch 0600/1289 | Loss: 0.2129
Epoch: 005/050 | Batch 0650/1289 | Loss: 0.2415
Epoch: 005/050 | Batch 0700/1289 | Loss: 0.1628
Epoch: 005/050 | Batch 0750/1289 | Loss: 0.1427
Epoch: 005/050 | Batch 0800/1289 | Loss: 0.1319
Epoch: 005/050 | Batch 0850/1289 | Loss: 0.1638
Epoch: 005/050 | Batch 0900/1289 | Loss: 0.1379
Epoch: 005/050 | Batch 0950/1289 | Loss: 0.2173
Epoch: 005/050 | Batch 1000/1289 | Loss: 0.1604
Epoch: 005/050 | Batch 1050/1289 | Loss: 0.1437
Epoch: 005/050 | Batch 1100/1289 | Loss: 0.1322
Epoch: 005/050 | Batch 1150/1289 | Loss: 0.1692
Epoch: 005/050 | Batch 1200/1289 | Loss: 0.1476
Epoch: 005/050 | Batch 1250/1289 | Loss: 0.1516
MAE/RMSE/ACC: Current Valid: 5.00/6.42/8.56 Ep. 5 | Best Valid: 3.94/5.10/8.56 | Ep. 3
Time elapsed: 10.83 min
Epoch: 006/050 | Batch 0000/1289 | Loss: 0.1733
Epoch: 006/050 | Batch 0050/1289 | Loss: 0.2258
Epoch: 006/050 | Batch 0100/1289 | Loss: 0.1365
Epoch: 006/050 | Batch 0150/1289 | Loss: 0.1892
Epoch: 006/050 | Batch 0200/1289 | Loss: 0.1981
Epoch: 006/050 | Batch 0250/1289 | Loss: 0.1423
Epoch: 006/050 | Batch 0300/1289 | Loss: 0.1529
Epoch: 006/050 | Batch 0350/1289 | Loss: 0.2679
Epoch: 006/050 | Batch 0400/1289 | Loss: 0.1598
Epoch: 006/050 | Batch 0450/1289 | Loss: 0.1380
Epoch: 006/050 | Batch 0500/1289 | Loss: 0.1399
Epoch: 006/050 | Batch 0550/1289 | Loss: 0.1770
Epoch: 006/050 | Batch 0600/1289 | Loss: 0.2012
Epoch: 006/050 | Batch 0650/1289 | Loss: 0.1363
Epoch: 006/050 | Batch 0700/1289 | Loss: 0.1778
Epoch: 006/050 | Batch 0750/1289 | Loss: 0.2360
Epoch: 006/050 | Batch 0800/1289 | Loss: 0.1664
Epoch: 006/050 | Batch 0850/1289 | Loss: 0.1586
Epoch: 006/050 | Batch 0900/1289 | Loss: 0.1679
Epoch: 006/050 | Batch 0950/1289 | Loss: 0.1629
Epoch: 006/050 | Batch 1000/1289 | Loss: 0.1886
Epoch: 006/050 | Batch 1050/1289 | Loss: 0.1365
Epoch: 006/050 | Batch 1100/1289 | Loss: 0.1530
Epoch: 006/050 | Batch 1150/1289 | Loss: 0.1367
Epoch: 006/050 | Batch 1200/1289 | Loss: 0.1419
Epoch: 006/050 | Batch 1250/1289 | Loss: 0.2041
MAE/RMSE/ACC: Current Valid: 3.47/4.56/10.14 Ep. 6 | Best Valid: 3.47/4.56/10.14 | Ep. 6
Time elapsed: 12.93 min
Epoch: 007/050 | Batch 0000/1289 | Loss: 0.1526
Epoch: 007/050 | Batch 0050/1289 | Loss: 0.2270
Epoch: 007/050 | Batch 0100/1289 | Loss: 0.1526
Epoch: 007/050 | Batch 0150/1289 | Loss: 0.1953
Epoch: 007/050 | Batch 0200/1289 | Loss: 0.1811
Epoch: 007/050 | Batch 0250/1289 | Loss: 0.1818
Epoch: 007/050 | Batch 0300/1289 | Loss: 0.1414
Epoch: 007/050 | Batch 0350/1289 | Loss: 0.1475
Epoch: 007/050 | Batch 0400/1289 | Loss: 0.1793
Epoch: 007/050 | Batch 0450/1289 | Loss: 0.1421
Epoch: 007/050 | Batch 0500/1289 | Loss: 0.1686
Epoch: 007/050 | Batch 0550/1289 | Loss: 0.1645
Epoch: 007/050 | Batch 0600/1289 | Loss: 0.1276
Epoch: 007/050 | Batch 0650/1289 | Loss: 0.1446
Epoch: 007/050 | Batch 0700/1289 | Loss: 0.1388
Epoch: 007/050 | Batch 0750/1289 | Loss: 0.1682
Epoch: 007/050 | Batch 0800/1289 | Loss: 0.1731
Epoch: 007/050 | Batch 0850/1289 | Loss: 0.1403
Epoch: 007/050 | Batch 0900/1289 | Loss: 0.1636
Epoch: 007/050 | Batch 0950/1289 | Loss: 0.1342
Epoch: 007/050 | Batch 1000/1289 | Loss: 0.1328
Epoch: 007/050 | Batch 1050/1289 | Loss: 0.1284
Epoch: 007/050 | Batch 1100/1289 | Loss: 0.1571
Epoch: 007/050 | Batch 1150/1289 | Loss: 0.1065
Epoch: 007/050 | Batch 1200/1289 | Loss: 0.1400
Epoch: 007/050 | Batch 1250/1289 | Loss: 0.2584
MAE/RMSE/ACC: Current Valid: 3.86/5.07/10.14 Ep. 7 | Best Valid: 3.47/4.56/10.14 | Ep. 6
Time elapsed: 15.06 min
Epoch: 008/050 | Batch 0000/1289 | Loss: 0.1758
Epoch: 008/050 | Batch 0050/1289 | Loss: 0.1480
Epoch: 008/050 | Batch 0100/1289 | Loss: 0.1438
Epoch: 008/050 | Batch 0150/1289 | Loss: 0.1662
Epoch: 008/050 | Batch 0200/1289 | Loss: 0.1277
Epoch: 008/050 | Batch 0250/1289 | Loss: 0.2006
Epoch: 008/050 | Batch 0300/1289 | Loss: 0.1367
Epoch: 008/050 | Batch 0350/1289 | Loss: 0.1440
Epoch: 008/050 | Batch 0400/1289 | Loss: 0.1447
Epoch: 008/050 | Batch 0450/1289 | Loss: 0.1989
Epoch: 008/050 | Batch 0500/1289 | Loss: 0.1358
Epoch: 008/050 | Batch 0550/1289 | Loss: 0.1606
Epoch: 008/050 | Batch 0600/1289 | Loss: 0.1282
Epoch: 008/050 | Batch 0650/1289 | Loss: 0.1443
Epoch: 008/050 | Batch 0700/1289 | Loss: 0.1808
Epoch: 008/050 | Batch 0750/1289 | Loss: 0.1535
Epoch: 008/050 | Batch 0800/1289 | Loss: 0.1443
Epoch: 008/050 | Batch 0850/1289 | Loss: 0.1658
Epoch: 008/050 | Batch 0900/1289 | Loss: 0.1253
Epoch: 008/050 | Batch 0950/1289 | Loss: 0.2048
Epoch: 008/050 | Batch 1000/1289 | Loss: 0.1463
Epoch: 008/050 | Batch 1050/1289 | Loss: 0.1522
Epoch: 008/050 | Batch 1100/1289 | Loss: 0.1560
Epoch: 008/050 | Batch 1150/1289 | Loss: 0.1443
Epoch: 008/050 | Batch 1200/1289 | Loss: 0.1328
Epoch: 008/050 | Batch 1250/1289 | Loss: 0.1599
MAE/RMSE/ACC: Current Valid: 3.70/4.88/10.14 Ep. 8 | Best Valid: 3.47/4.56/10.14 | Ep. 6
Time elapsed: 17.41 min
Epoch: 009/050 | Batch 0000/1289 | Loss: 0.1585
Epoch: 009/050 | Batch 0050/1289 | Loss: 0.1123
Epoch: 009/050 | Batch 0100/1289 | Loss: 0.1286
Epoch: 009/050 | Batch 0150/1289 | Loss: 0.1637
Epoch: 009/050 | Batch 0200/1289 | Loss: 0.1776
Epoch: 009/050 | Batch 0250/1289 | Loss: 0.1280
Epoch: 009/050 | Batch 0300/1289 | Loss: 0.1837
Epoch: 009/050 | Batch 0350/1289 | Loss: 0.1692
Epoch: 009/050 | Batch 0400/1289 | Loss: 0.1195
Epoch: 009/050 | Batch 0450/1289 | Loss: 0.1556
Epoch: 009/050 | Batch 0500/1289 | Loss: 0.1735
Epoch: 009/050 | Batch 0550/1289 | Loss: 0.1506
Epoch: 009/050 | Batch 0600/1289 | Loss: 0.1288
Epoch: 009/050 | Batch 0650/1289 | Loss: 0.1521
Epoch: 009/050 | Batch 0700/1289 | Loss: 0.1480
Epoch: 009/050 | Batch 0750/1289 | Loss: 0.1725
Epoch: 009/050 | Batch 0800/1289 | Loss: 0.1836
Epoch: 009/050 | Batch 0850/1289 | Loss: 0.1552
Epoch: 009/050 | Batch 0900/1289 | Loss: 0.1589
Epoch: 009/050 | Batch 0950/1289 | Loss: 0.1649
Epoch: 009/050 | Batch 1000/1289 | Loss: 0.1348
Epoch: 009/050 | Batch 1050/1289 | Loss: 0.1399
Epoch: 009/050 | Batch 1100/1289 | Loss: 0.1556
Epoch: 009/050 | Batch 1150/1289 | Loss: 0.1478
Epoch: 009/050 | Batch 1200/1289 | Loss: 0.1362
Epoch: 009/050 | Batch 1250/1289 | Loss: 0.1195
MAE/RMSE/ACC: Current Valid: 3.22/4.24/11.53 Ep. 9 | Best Valid: 3.22/4.24/11.53 | Ep. 9
Time elapsed: 19.52 min
Epoch: 010/050 | Batch 0000/1289 | Loss: 0.1243
Epoch: 010/050 | Batch 0050/1289 | Loss: 0.1515
Epoch: 010/050 | Batch 0100/1289 | Loss: 0.1411
Epoch: 010/050 | Batch 0150/1289 | Loss: 0.1435
Epoch: 010/050 | Batch 0200/1289 | Loss: 0.1493
Epoch: 010/050 | Batch 0250/1289 | Loss: 0.1827
Epoch: 010/050 | Batch 0300/1289 | Loss: 0.1354
Epoch: 010/050 | Batch 0350/1289 | Loss: 0.1602
Epoch: 010/050 | Batch 0400/1289 | Loss: 0.1946
Epoch: 010/050 | Batch 0450/1289 | Loss: 0.1671
Epoch: 010/050 | Batch 0500/1289 | Loss: 0.1358
Epoch: 010/050 | Batch 0550/1289 | Loss: 0.1705
Epoch: 010/050 | Batch 0600/1289 | Loss: 0.1478
Epoch: 010/050 | Batch 0650/1289 | Loss: 0.1411
Epoch: 010/050 | Batch 0700/1289 | Loss: 0.1205
Epoch: 010/050 | Batch 0750/1289 | Loss: 0.1181
Epoch: 010/050 | Batch 0800/1289 | Loss: 0.1537
Epoch: 010/050 | Batch 0850/1289 | Loss: 0.1369
Epoch: 010/050 | Batch 0900/1289 | Loss: 0.1405
Epoch: 010/050 | Batch 0950/1289 | Loss: 0.1699
Epoch: 010/050 | Batch 1000/1289 | Loss: 0.1958
Epoch: 010/050 | Batch 1050/1289 | Loss: 0.1371
Epoch: 010/050 | Batch 1100/1289 | Loss: 0.1678
Epoch: 010/050 | Batch 1150/1289 | Loss: 0.2522
Epoch: 010/050 | Batch 1200/1289 | Loss: 0.1939
Epoch: 010/050 | Batch 1250/1289 | Loss: 0.1352
MAE/RMSE/ACC: Current Valid: 3.21/4.22/10.86 Ep. 10 | Best Valid: 3.21/4.22/10.86 | Ep. 10
Time elapsed: 21.73 min
Epoch: 011/050 | Batch 0000/1289 | Loss: 0.1337
Epoch: 011/050 | Batch 0050/1289 | Loss: 0.1796
Epoch: 011/050 | Batch 0100/1289 | Loss: 0.1383
Epoch: 011/050 | Batch 0150/1289 | Loss: 0.1206
Epoch: 011/050 | Batch 0200/1289 | Loss: 0.1727
Epoch: 011/050 | Batch 0250/1289 | Loss: 0.1636
Epoch: 011/050 | Batch 0300/1289 | Loss: 0.1294
Epoch: 011/050 | Batch 0350/1289 | Loss: 0.1575
Epoch: 011/050 | Batch 0400/1289 | Loss: 0.1340
Epoch: 011/050 | Batch 0450/1289 | Loss: 0.1743
Epoch: 011/050 | Batch 0500/1289 | Loss: 0.1367
Epoch: 011/050 | Batch 0550/1289 | Loss: 0.2073
Epoch: 011/050 | Batch 0600/1289 | Loss: 0.1720
Epoch: 011/050 | Batch 0650/1289 | Loss: 0.2002
Epoch: 011/050 | Batch 0700/1289 | Loss: 0.1756
Epoch: 011/050 | Batch 0750/1289 | Loss: 0.1178
Epoch: 011/050 | Batch 0800/1289 | Loss: 0.1552
Epoch: 011/050 | Batch 0850/1289 | Loss: 0.1864
Epoch: 011/050 | Batch 0900/1289 | Loss: 0.1486
Epoch: 011/050 | Batch 0950/1289 | Loss: 0.1664
Epoch: 011/050 | Batch 1000/1289 | Loss: 0.1647
Epoch: 011/050 | Batch 1050/1289 | Loss: 0.1852
Epoch: 011/050 | Batch 1100/1289 | Loss: 0.1370
Epoch: 011/050 | Batch 1150/1289 | Loss: 0.1255
Epoch: 011/050 | Batch 1200/1289 | Loss: 0.1512
Epoch: 011/050 | Batch 1250/1289 | Loss: 0.1668
MAE/RMSE/ACC: Current Valid: 3.12/4.11/11.64 Ep. 11 | Best Valid: 3.12/4.11/11.64 | Ep. 11
Time elapsed: 23.86 min
Epoch: 012/050 | Batch 0000/1289 | Loss: 0.1516
Epoch: 012/050 | Batch 0050/1289 | Loss: 0.1678
Epoch: 012/050 | Batch 0100/1289 | Loss: 0.1443
Epoch: 012/050 | Batch 0150/1289 | Loss: 0.1539
Epoch: 012/050 | Batch 0200/1289 | Loss: 0.1579
Epoch: 012/050 | Batch 0250/1289 | Loss: 0.1232
Epoch: 012/050 | Batch 0300/1289 | Loss: 0.1296
Epoch: 012/050 | Batch 0350/1289 | Loss: 0.1400
Epoch: 012/050 | Batch 0400/1289 | Loss: 0.1871
Epoch: 012/050 | Batch 0450/1289 | Loss: 0.1359
Epoch: 012/050 | Batch 0500/1289 | Loss: 0.2006
Epoch: 012/050 | Batch 0550/1289 | Loss: 0.1353
Epoch: 012/050 | Batch 0600/1289 | Loss: 0.1639
Epoch: 012/050 | Batch 0650/1289 | Loss: 0.1397
Epoch: 012/050 | Batch 0700/1289 | Loss: 0.1477
Epoch: 012/050 | Batch 0750/1289 | Loss: 0.1362
Epoch: 012/050 | Batch 0800/1289 | Loss: 0.1601
Epoch: 012/050 | Batch 0850/1289 | Loss: 0.1739
Epoch: 012/050 | Batch 0900/1289 | Loss: 0.1947
Epoch: 012/050 | Batch 0950/1289 | Loss: 0.1368
Epoch: 012/050 | Batch 1000/1289 | Loss: 0.1967
Epoch: 012/050 | Batch 1050/1289 | Loss: 0.1710
Epoch: 012/050 | Batch 1100/1289 | Loss: 0.1629
Epoch: 012/050 | Batch 1150/1289 | Loss: 0.1449
Epoch: 012/050 | Batch 1200/1289 | Loss: 0.1715
Epoch: 012/050 | Batch 1250/1289 | Loss: 0.1838
MAE/RMSE/ACC: Current Valid: 3.18/4.09/10.67 Ep. 12 | Best Valid: 3.18/4.09/10.67 | Ep. 12
Time elapsed: 26.04 min
Epoch: 013/050 | Batch 0000/1289 | Loss: 0.1495
Epoch: 013/050 | Batch 0050/1289 | Loss: 0.1312
Epoch: 013/050 | Batch 0100/1289 | Loss: 0.1297
Epoch: 013/050 | Batch 0150/1289 | Loss: 0.1560
Epoch: 013/050 | Batch 0200/1289 | Loss: 0.1291
Epoch: 013/050 | Batch 0250/1289 | Loss: 0.1527
Epoch: 013/050 | Batch 0300/1289 | Loss: 0.1514
Epoch: 013/050 | Batch 0350/1289 | Loss: 0.1444
Epoch: 013/050 | Batch 0400/1289 | Loss: 0.1485
Epoch: 013/050 | Batch 0450/1289 | Loss: 0.1263
Epoch: 013/050 | Batch 0500/1289 | Loss: 0.1387
Epoch: 013/050 | Batch 0550/1289 | Loss: 0.1467
Epoch: 013/050 | Batch 0600/1289 | Loss: 0.1357
Epoch: 013/050 | Batch 0650/1289 | Loss: 0.1225
Epoch: 013/050 | Batch 0700/1289 | Loss: 0.1278
Epoch: 013/050 | Batch 0750/1289 | Loss: 0.1580
Epoch: 013/050 | Batch 0800/1289 | Loss: 0.1350
Epoch: 013/050 | Batch 0850/1289 | Loss: 0.1647
Epoch: 013/050 | Batch 0900/1289 | Loss: 0.1368
Epoch: 013/050 | Batch 0950/1289 | Loss: 0.1452
Epoch: 013/050 | Batch 1000/1289 | Loss: 0.0987
Epoch: 013/050 | Batch 1050/1289 | Loss: 0.1589
Epoch: 013/050 | Batch 1100/1289 | Loss: 0.1744
Epoch: 013/050 | Batch 1150/1289 | Loss: 0.1659
Epoch: 013/050 | Batch 1200/1289 | Loss: 0.1445
Epoch: 013/050 | Batch 1250/1289 | Loss: 0.1394
MAE/RMSE/ACC: Current Valid: 3.04/4.03/12.44 Ep. 13 | Best Valid: 3.04/4.03/12.44 | Ep. 13
Time elapsed: 28.19 min
Epoch: 014/050 | Batch 0000/1289 | Loss: 0.1151
Epoch: 014/050 | Batch 0050/1289 | Loss: 0.1490
Epoch: 014/050 | Batch 0100/1289 | Loss: 0.1228
Epoch: 014/050 | Batch 0150/1289 | Loss: 0.1472
Epoch: 014/050 | Batch 0200/1289 | Loss: 0.2059
Epoch: 014/050 | Batch 0250/1289 | Loss: 0.1622
Epoch: 014/050 | Batch 0300/1289 | Loss: 0.1470
Epoch: 014/050 | Batch 0350/1289 | Loss: 0.1203
Epoch: 014/050 | Batch 0400/1289 | Loss: 0.1422
Epoch: 014/050 | Batch 0450/1289 | Loss: 0.1330
Epoch: 014/050 | Batch 0500/1289 | Loss: 0.1323
Epoch: 014/050 | Batch 0550/1289 | Loss: 0.1671
Epoch: 014/050 | Batch 0600/1289 | Loss: 0.1231
Epoch: 014/050 | Batch 0650/1289 | Loss: 0.1461
Epoch: 014/050 | Batch 0700/1289 | Loss: 0.1887
Epoch: 014/050 | Batch 0750/1289 | Loss: 0.1459
Epoch: 014/050 | Batch 0800/1289 | Loss: 0.1583
Epoch: 014/050 | Batch 0850/1289 | Loss: 0.1236
Epoch: 014/050 | Batch 0900/1289 | Loss: 0.1146
Epoch: 014/050 | Batch 0950/1289 | Loss: 0.1834
Epoch: 014/050 | Batch 1000/1289 | Loss: 0.1492
Epoch: 014/050 | Batch 1050/1289 | Loss: 0.2054
Epoch: 014/050 | Batch 1100/1289 | Loss: 0.1595
Epoch: 014/050 | Batch 1150/1289 | Loss: 0.1334
Epoch: 014/050 | Batch 1200/1289 | Loss: 0.1134
Epoch: 014/050 | Batch 1250/1289 | Loss: 0.1297
MAE/RMSE/ACC: Current Valid: 3.04/3.98/11.32 Ep. 14 | Best Valid: 3.04/3.98/11.32 | Ep. 14
Time elapsed: 30.32 min
Epoch: 015/050 | Batch 0000/1289 | Loss: 0.1583
Epoch: 015/050 | Batch 0050/1289 | Loss: 0.1269
Epoch: 015/050 | Batch 0100/1289 | Loss: 0.0939
Epoch: 015/050 | Batch 0150/1289 | Loss: 0.1350
Epoch: 015/050 | Batch 0200/1289 | Loss: 0.1366
Epoch: 015/050 | Batch 0250/1289 | Loss: 0.1466
Epoch: 015/050 | Batch 0300/1289 | Loss: 0.1611
Epoch: 015/050 | Batch 0350/1289 | Loss: 0.1074
Epoch: 015/050 | Batch 0400/1289 | Loss: 0.1325
Epoch: 015/050 | Batch 0450/1289 | Loss: 0.1329
Epoch: 015/050 | Batch 0500/1289 | Loss: 0.1273
Epoch: 015/050 | Batch 0550/1289 | Loss: 0.1447
Epoch: 015/050 | Batch 0600/1289 | Loss: 0.1656
Epoch: 015/050 | Batch 0650/1289 | Loss: 0.1449
Epoch: 015/050 | Batch 0700/1289 | Loss: 0.1467
Epoch: 015/050 | Batch 0750/1289 | Loss: 0.1440
Epoch: 015/050 | Batch 0800/1289 | Loss: 0.1783
Epoch: 015/050 | Batch 0850/1289 | Loss: 0.1454
Epoch: 015/050 | Batch 0900/1289 | Loss: 0.1372
Epoch: 015/050 | Batch 0950/1289 | Loss: 0.1318
Epoch: 015/050 | Batch 1000/1289 | Loss: 0.1487
Epoch: 015/050 | Batch 1050/1289 | Loss: 0.1315
Epoch: 015/050 | Batch 1100/1289 | Loss: 0.1605
Epoch: 015/050 | Batch 1150/1289 | Loss: 0.1438
Epoch: 015/050 | Batch 1200/1289 | Loss: 0.1381
Epoch: 015/050 | Batch 1250/1289 | Loss: 0.1345
MAE/RMSE/ACC: Current Valid: 3.14/4.17/11.32 Ep. 15 | Best Valid: 3.04/3.98/11.32 | Ep. 14
Time elapsed: 32.46 min
Epoch: 016/050 | Batch 0000/1289 | Loss: 0.1468
Epoch: 016/050 | Batch 0050/1289 | Loss: 0.1603
Epoch: 016/050 | Batch 0100/1289 | Loss: 0.1817
Epoch: 016/050 | Batch 0150/1289 | Loss: 0.1204
Epoch: 016/050 | Batch 0200/1289 | Loss: 0.1344
Epoch: 016/050 | Batch 0250/1289 | Loss: 0.1530
Epoch: 016/050 | Batch 0300/1289 | Loss: 0.1544
Epoch: 016/050 | Batch 0350/1289 | Loss: 0.1284
Epoch: 016/050 | Batch 0400/1289 | Loss: 0.1461
Epoch: 016/050 | Batch 0450/1289 | Loss: 0.1533
Epoch: 016/050 | Batch 0500/1289 | Loss: 0.1613
Epoch: 016/050 | Batch 0550/1289 | Loss: 0.1191
Epoch: 016/050 | Batch 0600/1289 | Loss: 0.1309
Epoch: 016/050 | Batch 0650/1289 | Loss: 0.1714
Epoch: 016/050 | Batch 0700/1289 | Loss: 0.1146
Epoch: 016/050 | Batch 0750/1289 | Loss: 0.2049
Epoch: 016/050 | Batch 0800/1289 | Loss: 0.1245
Epoch: 016/050 | Batch 0850/1289 | Loss: 0.1670
Epoch: 016/050 | Batch 0900/1289 | Loss: 0.1412
Epoch: 016/050 | Batch 0950/1289 | Loss: 0.1327
Epoch: 016/050 | Batch 1000/1289 | Loss: 0.1478
Epoch: 016/050 | Batch 1050/1289 | Loss: 0.1224
Epoch: 016/050 | Batch 1100/1289 | Loss: 0.1552
Epoch: 016/050 | Batch 1150/1289 | Loss: 0.1643
Epoch: 016/050 | Batch 1200/1289 | Loss: 0.1741
Epoch: 016/050 | Batch 1250/1289 | Loss: 0.1259
MAE/RMSE/ACC: Current Valid: 3.39/4.41/11.32 Ep. 16 | Best Valid: 3.04/3.98/11.32 | Ep. 14
Time elapsed: 34.59 min
Epoch: 017/050 | Batch 0000/1289 | Loss: 0.1152
Epoch: 017/050 | Batch 0050/1289 | Loss: 0.1668
Epoch: 017/050 | Batch 0100/1289 | Loss: 0.1225
Epoch: 017/050 | Batch 0150/1289 | Loss: 0.1207
Epoch: 017/050 | Batch 0200/1289 | Loss: 0.1473
Epoch: 017/050 | Batch 0250/1289 | Loss: 0.1413
Epoch: 017/050 | Batch 0300/1289 | Loss: 0.1244
Epoch: 017/050 | Batch 0350/1289 | Loss: 0.1377
Epoch: 017/050 | Batch 0400/1289 | Loss: 0.1603
Epoch: 017/050 | Batch 0450/1289 | Loss: 0.1925
Epoch: 017/050 | Batch 0500/1289 | Loss: 0.1308
Epoch: 017/050 | Batch 0550/1289 | Loss: 0.1081
Epoch: 017/050 | Batch 0600/1289 | Loss: 0.1702
Epoch: 017/050 | Batch 0650/1289 | Loss: 0.1183
Epoch: 017/050 | Batch 0700/1289 | Loss: 0.1337
Epoch: 017/050 | Batch 0750/1289 | Loss: 0.1816
Epoch: 017/050 | Batch 0800/1289 | Loss: 0.1483
Epoch: 017/050 | Batch 0850/1289 | Loss: 0.1463
Epoch: 017/050 | Batch 0900/1289 | Loss: 0.1532
Epoch: 017/050 | Batch 0950/1289 | Loss: 0.1081
Epoch: 017/050 | Batch 1000/1289 | Loss: 0.1552
Epoch: 017/050 | Batch 1050/1289 | Loss: 0.1289
Epoch: 017/050 | Batch 1100/1289 | Loss: 0.1429
Epoch: 017/050 | Batch 1150/1289 | Loss: 0.1495
Epoch: 017/050 | Batch 1200/1289 | Loss: 0.1378
Epoch: 017/050 | Batch 1250/1289 | Loss: 0.1463
MAE/RMSE/ACC: Current Valid: 3.02/4.01/11.32 Ep. 17 | Best Valid: 3.04/3.98/11.32 | Ep. 14
Time elapsed: 36.69 min
Epoch: 018/050 | Batch 0000/1289 | Loss: 0.1447
Epoch: 018/050 | Batch 0050/1289 | Loss: 0.1470
Epoch: 018/050 | Batch 0100/1289 | Loss: 0.1293
Epoch: 018/050 | Batch 0150/1289 | Loss: 0.1252
Epoch: 018/050 | Batch 0200/1289 | Loss: 0.1530
Epoch: 018/050 | Batch 0250/1289 | Loss: 0.1051
Epoch: 018/050 | Batch 0300/1289 | Loss: 0.1276
Epoch: 018/050 | Batch 0350/1289 | Loss: 0.1311
Epoch: 018/050 | Batch 0400/1289 | Loss: 0.1516
Epoch: 018/050 | Batch 0450/1289 | Loss: 0.1875
Epoch: 018/050 | Batch 0500/1289 | Loss: 0.1256
Epoch: 018/050 | Batch 0550/1289 | Loss: 0.1563
Epoch: 018/050 | Batch 0600/1289 | Loss: 0.1504
Epoch: 018/050 | Batch 0650/1289 | Loss: 0.1310
Epoch: 018/050 | Batch 0700/1289 | Loss: 0.1558
Epoch: 018/050 | Batch 0750/1289 | Loss: 0.1142
Epoch: 018/050 | Batch 0800/1289 | Loss: 0.1278
Epoch: 018/050 | Batch 0850/1289 | Loss: 0.1543
Epoch: 018/050 | Batch 0900/1289 | Loss: 0.1381
Epoch: 018/050 | Batch 0950/1289 | Loss: 0.0975
Epoch: 018/050 | Batch 1000/1289 | Loss: 0.1205
Epoch: 018/050 | Batch 1050/1289 | Loss: 0.1087
Epoch: 018/050 | Batch 1100/1289 | Loss: 0.1257
Epoch: 018/050 | Batch 1150/1289 | Loss: 0.1403
Epoch: 018/050 | Batch 1200/1289 | Loss: 0.1257
Epoch: 018/050 | Batch 1250/1289 | Loss: 0.1368
MAE/RMSE/ACC: Current Valid: 3.05/4.09/11.32 Ep. 18 | Best Valid: 3.04/3.98/11.32 | Ep. 14
Time elapsed: 38.85 min
Epoch: 019/050 | Batch 0000/1289 | Loss: 0.1569
Epoch: 019/050 | Batch 0050/1289 | Loss: 0.1156
Epoch: 019/050 | Batch 0100/1289 | Loss: 0.1185
Epoch: 019/050 | Batch 0150/1289 | Loss: 0.1624
Epoch: 019/050 | Batch 0200/1289 | Loss: 0.1365
Epoch: 019/050 | Batch 0250/1289 | Loss: 0.1668
Epoch: 019/050 | Batch 0300/1289 | Loss: 0.0987
Epoch: 019/050 | Batch 0350/1289 | Loss: 0.1264
Epoch: 019/050 | Batch 0400/1289 | Loss: 0.1428
Epoch: 019/050 | Batch 0450/1289 | Loss: 0.1512
Epoch: 019/050 | Batch 0500/1289 | Loss: 0.1295
Epoch: 019/050 | Batch 0550/1289 | Loss: 0.1469
Epoch: 019/050 | Batch 0600/1289 | Loss: 0.1106
Epoch: 019/050 | Batch 0650/1289 | Loss: 0.1095
Epoch: 019/050 | Batch 0700/1289 | Loss: 0.1944
Epoch: 019/050 | Batch 0750/1289 | Loss: 0.1730
Epoch: 019/050 | Batch 0800/1289 | Loss: 0.1693
Epoch: 019/050 | Batch 0850/1289 | Loss: 0.1220
Epoch: 019/050 | Batch 0900/1289 | Loss: 0.1094
Epoch: 019/050 | Batch 0950/1289 | Loss: 0.1209
Epoch: 019/050 | Batch 1000/1289 | Loss: 0.1367
Epoch: 019/050 | Batch 1050/1289 | Loss: 0.1479
Epoch: 019/050 | Batch 1100/1289 | Loss: 0.1192
Epoch: 019/050 | Batch 1150/1289 | Loss: 0.1476
Epoch: 019/050 | Batch 1200/1289 | Loss: 0.1352
Epoch: 019/050 | Batch 1250/1289 | Loss: 0.1004
MAE/RMSE/ACC: Current Valid: 2.95/3.95/12.93 Ep. 19 | Best Valid: 2.95/3.95/12.93 | Ep. 19
Time elapsed: 40.93 min
Epoch: 020/050 | Batch 0000/1289 | Loss: 0.1147
Epoch: 020/050 | Batch 0050/1289 | Loss: 0.1073
Epoch: 020/050 | Batch 0100/1289 | Loss: 0.1405
Epoch: 020/050 | Batch 0150/1289 | Loss: 0.1371
Epoch: 020/050 | Batch 0200/1289 | Loss: 0.1522
Epoch: 020/050 | Batch 0250/1289 | Loss: 0.1663
Epoch: 020/050 | Batch 0300/1289 | Loss: 0.1244
Epoch: 020/050 | Batch 0350/1289 | Loss: 0.1658
Epoch: 020/050 | Batch 0400/1289 | Loss: 0.1210
Epoch: 020/050 | Batch 0450/1289 | Loss: 0.1111
Epoch: 020/050 | Batch 0500/1289 | Loss: 0.1445
Epoch: 020/050 | Batch 0550/1289 | Loss: 0.1634
Epoch: 020/050 | Batch 0600/1289 | Loss: 0.1258
Epoch: 020/050 | Batch 0650/1289 | Loss: 0.1572
Epoch: 020/050 | Batch 0700/1289 | Loss: 0.1211
Epoch: 020/050 | Batch 0750/1289 | Loss: 0.1453
Epoch: 020/050 | Batch 0800/1289 | Loss: 0.1773
Epoch: 020/050 | Batch 0850/1289 | Loss: 0.1377
Epoch: 020/050 | Batch 0900/1289 | Loss: 0.1474
Epoch: 020/050 | Batch 0950/1289 | Loss: 0.1326
Epoch: 020/050 | Batch 1000/1289 | Loss: 0.1412
Epoch: 020/050 | Batch 1050/1289 | Loss: 0.1291
Epoch: 020/050 | Batch 1100/1289 | Loss: 0.1308
Epoch: 020/050 | Batch 1150/1289 | Loss: 0.1320
Epoch: 020/050 | Batch 1200/1289 | Loss: 0.1025
Epoch: 020/050 | Batch 1250/1289 | Loss: 0.1161
MAE/RMSE/ACC: Current Valid: 3.34/4.39/12.93 Ep. 20 | Best Valid: 2.95/3.95/12.93 | Ep. 19
Time elapsed: 43.07 min
Epoch: 021/050 | Batch 0000/1289 | Loss: 0.1663
Epoch: 021/050 | Batch 0050/1289 | Loss: 0.1317
Epoch: 021/050 | Batch 0100/1289 | Loss: 0.1499
Epoch: 021/050 | Batch 0150/1289 | Loss: 0.1294
Epoch: 021/050 | Batch 0200/1289 | Loss: 0.1325
Epoch: 021/050 | Batch 0250/1289 | Loss: 0.1378
Epoch: 021/050 | Batch 0300/1289 | Loss: 0.1020
Epoch: 021/050 | Batch 0350/1289 | Loss: 0.1367
Epoch: 021/050 | Batch 0400/1289 | Loss: 0.1167
Epoch: 021/050 | Batch 0450/1289 | Loss: 0.1644
Epoch: 021/050 | Batch 0500/1289 | Loss: 0.1578
Epoch: 021/050 | Batch 0550/1289 | Loss: 0.1646
Epoch: 021/050 | Batch 0600/1289 | Loss: 0.0959
Epoch: 021/050 | Batch 0650/1289 | Loss: 0.1466
Epoch: 021/050 | Batch 0700/1289 | Loss: 0.2376
Epoch: 021/050 | Batch 0750/1289 | Loss: 0.1009
Epoch: 021/050 | Batch 0800/1289 | Loss: 0.1266
Epoch: 021/050 | Batch 0850/1289 | Loss: 0.0979
Epoch: 021/050 | Batch 0900/1289 | Loss: 0.1683
Epoch: 021/050 | Batch 0950/1289 | Loss: 0.1138
Epoch: 021/050 | Batch 1000/1289 | Loss: 0.1412
Epoch: 021/050 | Batch 1050/1289 | Loss: 0.1482
Epoch: 021/050 | Batch 1100/1289 | Loss: 0.1040
Epoch: 021/050 | Batch 1150/1289 | Loss: 0.1306
Epoch: 021/050 | Batch 1200/1289 | Loss: 0.1295
Epoch: 021/050 | Batch 1250/1289 | Loss: 0.1372
MAE/RMSE/ACC: Current Valid: 2.95/3.94/13.17 Ep. 21 | Best Valid: 2.95/3.94/13.17 | Ep. 21
Time elapsed: 45.30 min
Epoch: 022/050 | Batch 0000/1289 | Loss: 0.1316
Epoch: 022/050 | Batch 0050/1289 | Loss: 0.1542
Epoch: 022/050 | Batch 0100/1289 | Loss: 0.1105
Epoch: 022/050 | Batch 0150/1289 | Loss: 0.1300
Epoch: 022/050 | Batch 0200/1289 | Loss: 0.1091
Epoch: 022/050 | Batch 0250/1289 | Loss: 0.1043
Epoch: 022/050 | Batch 0300/1289 | Loss: 0.0970
Epoch: 022/050 | Batch 0350/1289 | Loss: 0.1402
Epoch: 022/050 | Batch 0400/1289 | Loss: 0.1477
Epoch: 022/050 | Batch 0450/1289 | Loss: 0.1442
Epoch: 022/050 | Batch 0500/1289 | Loss: 0.1075
Epoch: 022/050 | Batch 0550/1289 | Loss: 0.1224
Epoch: 022/050 | Batch 0600/1289 | Loss: 0.1350
Epoch: 022/050 | Batch 0650/1289 | Loss: 0.1827
Epoch: 022/050 | Batch 0700/1289 | Loss: 0.1743
Epoch: 022/050 | Batch 0750/1289 | Loss: 0.1141
Epoch: 022/050 | Batch 0800/1289 | Loss: 0.1185
Epoch: 022/050 | Batch 0850/1289 | Loss: 0.1932
Epoch: 022/050 | Batch 0900/1289 | Loss: 0.1319
Epoch: 022/050 | Batch 0950/1289 | Loss: 0.0952
Epoch: 022/050 | Batch 1000/1289 | Loss: 0.1410
Epoch: 022/050 | Batch 1050/1289 | Loss: 0.0990
Epoch: 022/050 | Batch 1100/1289 | Loss: 0.1558
Epoch: 022/050 | Batch 1150/1289 | Loss: 0.1533
Epoch: 022/050 | Batch 1200/1289 | Loss: 0.1146
Epoch: 022/050 | Batch 1250/1289 | Loss: 0.1252
MAE/RMSE/ACC: Current Valid: 3.00/4.01/13.17 Ep. 22 | Best Valid: 2.95/3.94/13.17 | Ep. 21
Time elapsed: 47.52 min
Epoch: 023/050 | Batch 0000/1289 | Loss: 0.1153
Epoch: 023/050 | Batch 0050/1289 | Loss: 0.0993
Epoch: 023/050 | Batch 0100/1289 | Loss: 0.1316
Epoch: 023/050 | Batch 0150/1289 | Loss: 0.1209
Epoch: 023/050 | Batch 0200/1289 | Loss: 0.1742
Epoch: 023/050 | Batch 0250/1289 | Loss: 0.1296
Epoch: 023/050 | Batch 0300/1289 | Loss: 0.1411
Epoch: 023/050 | Batch 0350/1289 | Loss: 0.1416
Epoch: 023/050 | Batch 0400/1289 | Loss: 0.1403
Epoch: 023/050 | Batch 0450/1289 | Loss: 0.1568
Epoch: 023/050 | Batch 0500/1289 | Loss: 0.1138
Epoch: 023/050 | Batch 0550/1289 | Loss: 0.1600
Epoch: 023/050 | Batch 0600/1289 | Loss: 0.1042
Epoch: 023/050 | Batch 0650/1289 | Loss: 0.1303
Epoch: 023/050 | Batch 0700/1289 | Loss: 0.1569
Epoch: 023/050 | Batch 0750/1289 | Loss: 0.0924
Epoch: 023/050 | Batch 0800/1289 | Loss: 0.1232
Epoch: 023/050 | Batch 0850/1289 | Loss: 0.1471
Epoch: 023/050 | Batch 0900/1289 | Loss: 0.1123
Epoch: 023/050 | Batch 0950/1289 | Loss: 0.1279
Epoch: 023/050 | Batch 1000/1289 | Loss: 0.1340
Epoch: 023/050 | Batch 1050/1289 | Loss: 0.1094
Epoch: 023/050 | Batch 1100/1289 | Loss: 0.1691
Epoch: 023/050 | Batch 1150/1289 | Loss: 0.1275
Epoch: 023/050 | Batch 1200/1289 | Loss: 0.0941
Epoch: 023/050 | Batch 1250/1289 | Loss: 0.1105
MAE/RMSE/ACC: Current Valid: 2.93/3.97/13.17 Ep. 23 | Best Valid: 2.95/3.94/13.17 | Ep. 21
Time elapsed: 49.78 min
Epoch: 024/050 | Batch 0000/1289 | Loss: 0.0952
Epoch: 024/050 | Batch 0050/1289 | Loss: 0.1177
Epoch: 024/050 | Batch 0100/1289 | Loss: 0.1279
Epoch: 024/050 | Batch 0150/1289 | Loss: 0.1379
Epoch: 024/050 | Batch 0200/1289 | Loss: 0.1076
Epoch: 024/050 | Batch 0250/1289 | Loss: 0.1304
Epoch: 024/050 | Batch 0300/1289 | Loss: 0.1527
Epoch: 024/050 | Batch 0350/1289 | Loss: 0.1670
Epoch: 024/050 | Batch 0400/1289 | Loss: 0.1152
Epoch: 024/050 | Batch 0450/1289 | Loss: 0.1460
Epoch: 024/050 | Batch 0500/1289 | Loss: 0.1154
Epoch: 024/050 | Batch 0550/1289 | Loss: 0.1514
Epoch: 024/050 | Batch 0600/1289 | Loss: 0.1460
Epoch: 024/050 | Batch 0650/1289 | Loss: 0.1661
Epoch: 024/050 | Batch 0700/1289 | Loss: 0.1113
Epoch: 024/050 | Batch 0750/1289 | Loss: 0.1113
Epoch: 024/050 | Batch 0800/1289 | Loss: 0.1067
Epoch: 024/050 | Batch 0850/1289 | Loss: 0.1094
Epoch: 024/050 | Batch 0900/1289 | Loss: 0.1400
Epoch: 024/050 | Batch 0950/1289 | Loss: 0.1048
Epoch: 024/050 | Batch 1000/1289 | Loss: 0.1580
Epoch: 024/050 | Batch 1050/1289 | Loss: 0.1194
Epoch: 024/050 | Batch 1100/1289 | Loss: 0.1306
Epoch: 024/050 | Batch 1150/1289 | Loss: 0.1635
Epoch: 024/050 | Batch 1200/1289 | Loss: 0.1329
Epoch: 024/050 | Batch 1250/1289 | Loss: 0.1117
MAE/RMSE/ACC: Current Valid: 3.04/4.04/13.17 Ep. 24 | Best Valid: 2.95/3.94/13.17 | Ep. 21
Time elapsed: 51.86 min
Epoch: 025/050 | Batch 0000/1289 | Loss: 0.1144
Epoch: 025/050 | Batch 0050/1289 | Loss: 0.1287
Epoch: 025/050 | Batch 0100/1289 | Loss: 0.1050
Epoch: 025/050 | Batch 0150/1289 | Loss: 0.1052
Epoch: 025/050 | Batch 0200/1289 | Loss: 0.1486
Epoch: 025/050 | Batch 0250/1289 | Loss: 0.0838
Epoch: 025/050 | Batch 0300/1289 | Loss: 0.0923
Epoch: 025/050 | Batch 0350/1289 | Loss: 0.1256
Epoch: 025/050 | Batch 0400/1289 | Loss: 0.1171
Epoch: 025/050 | Batch 0450/1289 | Loss: 0.1089
Epoch: 025/050 | Batch 0500/1289 | Loss: 0.1078
Epoch: 025/050 | Batch 0550/1289 | Loss: 0.1136
Epoch: 025/050 | Batch 0600/1289 | Loss: 0.1131
Epoch: 025/050 | Batch 0650/1289 | Loss: 0.1391
Epoch: 025/050 | Batch 0700/1289 | Loss: 0.1357
Epoch: 025/050 | Batch 0750/1289 | Loss: 0.1103
Epoch: 025/050 | Batch 0800/1289 | Loss: 0.1038
Epoch: 025/050 | Batch 0850/1289 | Loss: 0.1676
Epoch: 025/050 | Batch 0900/1289 | Loss: 0.1293
Epoch: 025/050 | Batch 0950/1289 | Loss: 0.1132
Epoch: 025/050 | Batch 1000/1289 | Loss: 0.1454
Epoch: 025/050 | Batch 1050/1289 | Loss: 0.1272
Epoch: 025/050 | Batch 1100/1289 | Loss: 0.1055
Epoch: 025/050 | Batch 1150/1289 | Loss: 0.1357
Epoch: 025/050 | Batch 1200/1289 | Loss: 0.1596
Epoch: 025/050 | Batch 1250/1289 | Loss: 0.1268
MAE/RMSE/ACC: Current Valid: 3.04/4.15/13.17 Ep. 25 | Best Valid: 2.95/3.94/13.17 | Ep. 21
Time elapsed: 54.01 min
Epoch: 026/050 | Batch 0000/1289 | Loss: 0.1266
Epoch: 026/050 | Batch 0050/1289 | Loss: 0.1132
Epoch: 026/050 | Batch 0100/1289 | Loss: 0.1008
Epoch: 026/050 | Batch 0150/1289 | Loss: 0.0997
Epoch: 026/050 | Batch 0200/1289 | Loss: 0.1383
Epoch: 026/050 | Batch 0250/1289 | Loss: 0.1035
Epoch: 026/050 | Batch 0300/1289 | Loss: 0.1087
Epoch: 026/050 | Batch 0350/1289 | Loss: 0.1037
Epoch: 026/050 | Batch 0400/1289 | Loss: 0.1116
Epoch: 026/050 | Batch 0450/1289 | Loss: 0.1114
Epoch: 026/050 | Batch 0500/1289 | Loss: 0.1083
Epoch: 026/050 | Batch 0550/1289 | Loss: 0.0978
Epoch: 026/050 | Batch 0600/1289 | Loss: 0.1015
Epoch: 026/050 | Batch 0650/1289 | Loss: 0.0890
Epoch: 026/050 | Batch 0700/1289 | Loss: 0.1312
Epoch: 026/050 | Batch 0750/1289 | Loss: 0.0969
Epoch: 026/050 | Batch 0800/1289 | Loss: 0.1105
Epoch: 026/050 | Batch 0850/1289 | Loss: 0.0920
Epoch: 026/050 | Batch 0900/1289 | Loss: 0.1193
Epoch: 026/050 | Batch 0950/1289 | Loss: 0.1046
Epoch: 026/050 | Batch 1000/1289 | Loss: 0.1146
Epoch: 026/050 | Batch 1050/1289 | Loss: 0.2219
Epoch: 026/050 | Batch 1100/1289 | Loss: 0.0779
Epoch: 026/050 | Batch 1150/1289 | Loss: 0.0925
Epoch: 026/050 | Batch 1200/1289 | Loss: 0.1195
Epoch: 026/050 | Batch 1250/1289 | Loss: 0.1650
MAE/RMSE/ACC: Current Valid: 3.21/4.24/13.17 Ep. 26 | Best Valid: 2.95/3.94/13.17 | Ep. 21
Time elapsed: 56.20 min
Epoch: 027/050 | Batch 0000/1289 | Loss: 0.1327
Epoch: 027/050 | Batch 0050/1289 | Loss: 0.1090
Epoch: 027/050 | Batch 0100/1289 | Loss: 0.1639
Epoch: 027/050 | Batch 0150/1289 | Loss: 0.0964
Epoch: 027/050 | Batch 0200/1289 | Loss: 0.1174
Epoch: 027/050 | Batch 0250/1289 | Loss: 0.1410
Epoch: 027/050 | Batch 0300/1289 | Loss: 0.1257
Epoch: 027/050 | Batch 0350/1289 | Loss: 0.0974
Epoch: 027/050 | Batch 0400/1289 | Loss: 0.1026
Epoch: 027/050 | Batch 0450/1289 | Loss: 0.1183
Epoch: 027/050 | Batch 0500/1289 | Loss: 0.0947
Epoch: 027/050 | Batch 0550/1289 | Loss: 0.1336
Epoch: 027/050 | Batch 0600/1289 | Loss: 0.1245
Epoch: 027/050 | Batch 0650/1289 | Loss: 0.1165
Epoch: 027/050 | Batch 0700/1289 | Loss: 0.1097
Epoch: 027/050 | Batch 0750/1289 | Loss: 0.1390
Epoch: 027/050 | Batch 0800/1289 | Loss: 0.0808
Epoch: 027/050 | Batch 0850/1289 | Loss: 0.0892
Epoch: 027/050 | Batch 0900/1289 | Loss: 0.0999
Epoch: 027/050 | Batch 0950/1289 | Loss: 0.1213
Epoch: 027/050 | Batch 1000/1289 | Loss: 0.1434
Epoch: 027/050 | Batch 1050/1289 | Loss: 0.1107
Epoch: 027/050 | Batch 1100/1289 | Loss: 0.1143
Epoch: 027/050 | Batch 1150/1289 | Loss: 0.1050
Epoch: 027/050 | Batch 1200/1289 | Loss: 0.1068
Epoch: 027/050 | Batch 1250/1289 | Loss: 0.1141
MAE/RMSE/ACC: Current Valid: 3.45/4.65/13.17 Ep. 27 | Best Valid: 2.95/3.94/13.17 | Ep. 21
Time elapsed: 58.27 min
Epoch: 028/050 | Batch 0000/1289 | Loss: 0.0947
Epoch: 028/050 | Batch 0050/1289 | Loss: 0.1241
Epoch: 028/050 | Batch 0100/1289 | Loss: 0.0947
Epoch: 028/050 | Batch 0150/1289 | Loss: 0.1074
Epoch: 028/050 | Batch 0200/1289 | Loss: 0.0969
Epoch: 028/050 | Batch 0250/1289 | Loss: 0.1216
Epoch: 028/050 | Batch 0300/1289 | Loss: 0.1236
Epoch: 028/050 | Batch 0350/1289 | Loss: 0.0834
Epoch: 028/050 | Batch 0400/1289 | Loss: 0.0706
Epoch: 028/050 | Batch 0450/1289 | Loss: 0.1154
Epoch: 028/050 | Batch 0500/1289 | Loss: 0.0545
Epoch: 028/050 | Batch 0550/1289 | Loss: 0.0975
Epoch: 028/050 | Batch 0600/1289 | Loss: 0.1039
Epoch: 028/050 | Batch 0650/1289 | Loss: 0.1116
Epoch: 028/050 | Batch 0700/1289 | Loss: 0.1169
Epoch: 028/050 | Batch 0750/1289 | Loss: 0.1194
Epoch: 028/050 | Batch 0800/1289 | Loss: 0.0992
Epoch: 028/050 | Batch 0850/1289 | Loss: 0.1599
Epoch: 028/050 | Batch 0900/1289 | Loss: 0.0956
Epoch: 028/050 | Batch 0950/1289 | Loss: 0.1469
Epoch: 028/050 | Batch 1000/1289 | Loss: 0.1087
Epoch: 028/050 | Batch 1050/1289 | Loss: 0.1167
Epoch: 028/050 | Batch 1100/1289 | Loss: 0.1570
Epoch: 028/050 | Batch 1150/1289 | Loss: 0.0870
Epoch: 028/050 | Batch 1200/1289 | Loss: 0.1110
Epoch: 028/050 | Batch 1250/1289 | Loss: 0.1324
MAE/RMSE/ACC: Current Valid: 3.00/4.07/13.17 Ep. 28 | Best Valid: 2.95/3.94/13.17 | Ep. 21
Time elapsed: 60.37 min
Epoch: 029/050 | Batch 0000/1289 | Loss: 0.0799
Epoch: 029/050 | Batch 0050/1289 | Loss: 0.0726
Epoch: 029/050 | Batch 0100/1289 | Loss: 0.1005
Epoch: 029/050 | Batch 0150/1289 | Loss: 0.0853
Epoch: 029/050 | Batch 0200/1289 | Loss: 0.0856
Epoch: 029/050 | Batch 0250/1289 | Loss: 0.1059
Epoch: 029/050 | Batch 0300/1289 | Loss: 0.1045
Epoch: 029/050 | Batch 0350/1289 | Loss: 0.1076
Epoch: 029/050 | Batch 0400/1289 | Loss: 0.1085
Epoch: 029/050 | Batch 0450/1289 | Loss: 0.0928
Epoch: 029/050 | Batch 0500/1289 | Loss: 0.0781
Epoch: 029/050 | Batch 0550/1289 | Loss: 0.1369
Epoch: 029/050 | Batch 0600/1289 | Loss: 0.0971
Epoch: 029/050 | Batch 0650/1289 | Loss: 0.1144
Epoch: 029/050 | Batch 0700/1289 | Loss: 0.1128
Epoch: 029/050 | Batch 0750/1289 | Loss: 0.1104
Epoch: 029/050 | Batch 0800/1289 | Loss: 0.0721
Epoch: 029/050 | Batch 0850/1289 | Loss: 0.1224
Epoch: 029/050 | Batch 0900/1289 | Loss: 0.1257
Epoch: 029/050 | Batch 0950/1289 | Loss: 0.1281
Epoch: 029/050 | Batch 1000/1289 | Loss: 0.1042
Epoch: 029/050 | Batch 1050/1289 | Loss: 0.1223
Epoch: 029/050 | Batch 1100/1289 | Loss: 0.0933
Epoch: 029/050 | Batch 1150/1289 | Loss: 0.0972
Epoch: 029/050 | Batch 1200/1289 | Loss: 0.0768
Epoch: 029/050 | Batch 1250/1289 | Loss: 0.0801
MAE/RMSE/ACC: Current Valid: 3.03/4.11/13.17 Ep. 29 | Best Valid: 2.95/3.94/13.17 | Ep. 21
Time elapsed: 62.47 min
Epoch: 030/050 | Batch 0000/1289 | Loss: 0.1187
Epoch: 030/050 | Batch 0050/1289 | Loss: 0.0953
Epoch: 030/050 | Batch 0100/1289 | Loss: 0.0784
Epoch: 030/050 | Batch 0150/1289 | Loss: 0.1191
Epoch: 030/050 | Batch 0200/1289 | Loss: 0.0996
Epoch: 030/050 | Batch 0250/1289 | Loss: 0.0764
Epoch: 030/050 | Batch 0300/1289 | Loss: 0.0851
Epoch: 030/050 | Batch 0350/1289 | Loss: 0.0781
Epoch: 030/050 | Batch 0400/1289 | Loss: 0.1185
Epoch: 030/050 | Batch 0450/1289 | Loss: 0.0713
Epoch: 030/050 | Batch 0500/1289 | Loss: 0.1123
Epoch: 030/050 | Batch 0550/1289 | Loss: 0.1093
Epoch: 030/050 | Batch 0600/1289 | Loss: 0.1119
Epoch: 030/050 | Batch 0650/1289 | Loss: 0.0847
Epoch: 030/050 | Batch 0700/1289 | Loss: 0.1204
Epoch: 030/050 | Batch 0750/1289 | Loss: 0.0856
Epoch: 030/050 | Batch 0800/1289 | Loss: 0.0906
Epoch: 030/050 | Batch 0850/1289 | Loss: 0.0975
Epoch: 030/050 | Batch 0900/1289 | Loss: 0.0798
Epoch: 030/050 | Batch 0950/1289 | Loss: 0.0897
Epoch: 030/050 | Batch 1000/1289 | Loss: 0.0726
Epoch: 030/050 | Batch 1050/1289 | Loss: 0.0921
Epoch: 030/050 | Batch 1100/1289 | Loss: 0.0957
Epoch: 030/050 | Batch 1150/1289 | Loss: 0.0942
Epoch: 030/050 | Batch 1200/1289 | Loss: 0.1025
Epoch: 030/050 | Batch 1250/1289 | Loss: 0.1283
MAE/RMSE/ACC: Current Valid: 2.99/4.07/13.17 Ep. 30 | Best Valid: 2.95/3.94/13.17 | Ep. 21
Time elapsed: 64.74 min
Epoch: 031/050 | Batch 0000/1289 | Loss: 0.1002
Epoch: 031/050 | Batch 0050/1289 | Loss: 0.0828
Epoch: 031/050 | Batch 0100/1289 | Loss: 0.0760
Epoch: 031/050 | Batch 0150/1289 | Loss: 0.0824
Epoch: 031/050 | Batch 0200/1289 | Loss: 0.0923
Epoch: 031/050 | Batch 0250/1289 | Loss: 0.0912
Epoch: 031/050 | Batch 0300/1289 | Loss: 0.1146
Epoch: 031/050 | Batch 0350/1289 | Loss: 0.0807
Epoch: 031/050 | Batch 0400/1289 | Loss: 0.0860
Epoch: 031/050 | Batch 0450/1289 | Loss: 0.1267
Epoch: 031/050 | Batch 0500/1289 | Loss: 0.0776
Epoch: 031/050 | Batch 0550/1289 | Loss: 0.0982
Epoch: 031/050 | Batch 0600/1289 | Loss: 0.0868
Epoch: 031/050 | Batch 0650/1289 | Loss: 0.1346
Epoch: 031/050 | Batch 0700/1289 | Loss: 0.1157
Epoch: 031/050 | Batch 0750/1289 | Loss: 0.0783
Epoch: 031/050 | Batch 0800/1289 | Loss: 0.0900
Epoch: 031/050 | Batch 0850/1289 | Loss: 0.1030
Epoch: 031/050 | Batch 0900/1289 | Loss: 0.0920
Epoch: 031/050 | Batch 0950/1289 | Loss: 0.0918
Epoch: 031/050 | Batch 1000/1289 | Loss: 0.1117
Epoch: 031/050 | Batch 1050/1289 | Loss: 0.1101
Epoch: 031/050 | Batch 1100/1289 | Loss: 0.0789
Epoch: 031/050 | Batch 1150/1289 | Loss: 0.1189
Epoch: 031/050 | Batch 1200/1289 | Loss: 0.0933
Epoch: 031/050 | Batch 1250/1289 | Loss: 0.1091
MAE/RMSE/ACC: Current Valid: 3.48/4.58/13.17 Ep. 31 | Best Valid: 2.95/3.94/13.17 | Ep. 21
Time elapsed: 66.82 min
Epoch: 032/050 | Batch 0000/1289 | Loss: 0.0729
Epoch: 032/050 | Batch 0050/1289 | Loss: 0.0893
Epoch: 032/050 | Batch 0100/1289 | Loss: 0.0608
Epoch: 032/050 | Batch 0150/1289 | Loss: 0.0986
Epoch: 032/050 | Batch 0200/1289 | Loss: 0.1010
Epoch: 032/050 | Batch 0250/1289 | Loss: 0.0992
Epoch: 032/050 | Batch 0300/1289 | Loss: 0.0640
Epoch: 032/050 | Batch 0350/1289 | Loss: 0.0825
Epoch: 032/050 | Batch 0400/1289 | Loss: 0.0676
Epoch: 032/050 | Batch 0450/1289 | Loss: 0.1227
Epoch: 032/050 | Batch 0500/1289 | Loss: 0.0693
Epoch: 032/050 | Batch 0550/1289 | Loss: 0.1087
Epoch: 032/050 | Batch 0600/1289 | Loss: 0.0831
Epoch: 032/050 | Batch 0650/1289 | Loss: 0.1058
Epoch: 032/050 | Batch 0700/1289 | Loss: 0.0595
Epoch: 032/050 | Batch 0750/1289 | Loss: 0.1079
Epoch: 032/050 | Batch 0800/1289 | Loss: 0.0883
Epoch: 032/050 | Batch 0850/1289 | Loss: 0.0864
Epoch: 032/050 | Batch 0900/1289 | Loss: 0.0666
Epoch: 032/050 | Batch 0950/1289 | Loss: 0.0917
Epoch: 032/050 | Batch 1000/1289 | Loss: 0.0821
Epoch: 032/050 | Batch 1050/1289 | Loss: 0.0550
Epoch: 032/050 | Batch 1100/1289 | Loss: 0.1240
Epoch: 032/050 | Batch 1150/1289 | Loss: 0.0799
Epoch: 032/050 | Batch 1200/1289 | Loss: 0.0798
Epoch: 032/050 | Batch 1250/1289 | Loss: 0.0754
MAE/RMSE/ACC: Current Valid: 3.04/4.12/13.17 Ep. 32 | Best Valid: 2.95/3.94/13.17 | Ep. 21
Time elapsed: 68.91 min
Epoch: 033/050 | Batch 0000/1289 | Loss: 0.0478
Epoch: 033/050 | Batch 0050/1289 | Loss: 0.0946
Epoch: 033/050 | Batch 0100/1289 | Loss: 0.0640
Epoch: 033/050 | Batch 0150/1289 | Loss: 0.0760
Epoch: 033/050 | Batch 0200/1289 | Loss: 0.0915
Epoch: 033/050 | Batch 0250/1289 | Loss: 0.0630
Epoch: 033/050 | Batch 0300/1289 | Loss: 0.1259
Epoch: 033/050 | Batch 0350/1289 | Loss: 0.0801
Epoch: 033/050 | Batch 0400/1289 | Loss: 0.0879
Epoch: 033/050 | Batch 0450/1289 | Loss: 0.1083
Epoch: 033/050 | Batch 0500/1289 | Loss: 0.0724
Epoch: 033/050 | Batch 0550/1289 | Loss: 0.0760
Epoch: 033/050 | Batch 0600/1289 | Loss: 0.0529
Epoch: 033/050 | Batch 0650/1289 | Loss: 0.0808
Epoch: 033/050 | Batch 0700/1289 | Loss: 0.1075
Epoch: 033/050 | Batch 0750/1289 | Loss: 0.0817
Epoch: 033/050 | Batch 0800/1289 | Loss: 0.1054
Epoch: 033/050 | Batch 0850/1289 | Loss: 0.0715
Epoch: 033/050 | Batch 0900/1289 | Loss: 0.0728
Epoch: 033/050 | Batch 0950/1289 | Loss: 0.0774
Epoch: 033/050 | Batch 1000/1289 | Loss: 0.1175
Epoch: 033/050 | Batch 1050/1289 | Loss: 0.0925
Epoch: 033/050 | Batch 1100/1289 | Loss: 0.0986
Epoch: 033/050 | Batch 1150/1289 | Loss: 0.0813
Epoch: 033/050 | Batch 1200/1289 | Loss: 0.0831
Epoch: 033/050 | Batch 1250/1289 | Loss: 0.0855
MAE/RMSE/ACC: Current Valid: 3.03/4.18/13.17 Ep. 33 | Best Valid: 2.95/3.94/13.17 | Ep. 21
Time elapsed: 71.17 min
Epoch: 034/050 | Batch 0000/1289 | Loss: 0.0661
Epoch: 034/050 | Batch 0050/1289 | Loss: 0.0681
Epoch: 034/050 | Batch 0100/1289 | Loss: 0.0674
Epoch: 034/050 | Batch 0150/1289 | Loss: 0.0588
Epoch: 034/050 | Batch 0200/1289 | Loss: 0.0511
Epoch: 034/050 | Batch 0250/1289 | Loss: 0.0678
Epoch: 034/050 | Batch 0300/1289 | Loss: 0.0712
Epoch: 034/050 | Batch 0350/1289 | Loss: 0.0678
Epoch: 034/050 | Batch 0400/1289 | Loss: 0.0728
Epoch: 034/050 | Batch 0450/1289 | Loss: 0.0820
Epoch: 034/050 | Batch 0500/1289 | Loss: 0.0735
Epoch: 034/050 | Batch 0550/1289 | Loss: 0.0731
Epoch: 034/050 | Batch 0600/1289 | Loss: 0.1003
Epoch: 034/050 | Batch 0650/1289 | Loss: 0.0750
Epoch: 034/050 | Batch 0700/1289 | Loss: 0.0794
Epoch: 034/050 | Batch 0750/1289 | Loss: 0.0827
Epoch: 034/050 | Batch 0800/1289 | Loss: 0.0787
Epoch: 034/050 | Batch 0850/1289 | Loss: 0.0813
Epoch: 034/050 | Batch 0900/1289 | Loss: 0.0585
Epoch: 034/050 | Batch 0950/1289 | Loss: 0.0737
Epoch: 034/050 | Batch 1000/1289 | Loss: 0.0621
Epoch: 034/050 | Batch 1050/1289 | Loss: 0.0655
Epoch: 034/050 | Batch 1100/1289 | Loss: 0.0793
Epoch: 034/050 | Batch 1150/1289 | Loss: 0.0881
Epoch: 034/050 | Batch 1200/1289 | Loss: 0.0701
Epoch: 034/050 | Batch 1250/1289 | Loss: 0.0985
MAE/RMSE/ACC: Current Valid: 3.11/4.28/13.17 Ep. 34 | Best Valid: 2.95/3.94/13.17 | Ep. 21
Time elapsed: 73.30 min
Epoch: 035/050 | Batch 0000/1289 | Loss: 0.0806
Epoch: 035/050 | Batch 0050/1289 | Loss: 0.0613
Epoch: 035/050 | Batch 0100/1289 | Loss: 0.0637
Epoch: 035/050 | Batch 0150/1289 | Loss: 0.0811
Epoch: 035/050 | Batch 0200/1289 | Loss: 0.0451
Epoch: 035/050 | Batch 0250/1289 | Loss: 0.0387
Epoch: 035/050 | Batch 0300/1289 | Loss: 0.0589
Epoch: 035/050 | Batch 0350/1289 | Loss: 0.0413
Epoch: 035/050 | Batch 0400/1289 | Loss: 0.0709
Epoch: 035/050 | Batch 0450/1289 | Loss: 0.0675
Epoch: 035/050 | Batch 0500/1289 | Loss: 0.0792
Epoch: 035/050 | Batch 0550/1289 | Loss: 0.0370
Epoch: 035/050 | Batch 0600/1289 | Loss: 0.0807
Epoch: 035/050 | Batch 0650/1289 | Loss: 0.1141
Epoch: 035/050 | Batch 0700/1289 | Loss: 0.0477
Epoch: 035/050 | Batch 0750/1289 | Loss: 0.0621
Epoch: 035/050 | Batch 0800/1289 | Loss: 0.0580
Epoch: 035/050 | Batch 0850/1289 | Loss: 0.0726
Epoch: 035/050 | Batch 0900/1289 | Loss: 0.0636
Epoch: 035/050 | Batch 0950/1289 | Loss: 0.0637
Epoch: 035/050 | Batch 1000/1289 | Loss: 0.0544
Epoch: 035/050 | Batch 1050/1289 | Loss: 0.0576
Epoch: 035/050 | Batch 1100/1289 | Loss: 0.0446
Epoch: 035/050 | Batch 1150/1289 | Loss: 0.0737
Epoch: 035/050 | Batch 1200/1289 | Loss: 0.0531
Epoch: 035/050 | Batch 1250/1289 | Loss: 0.0692
MAE/RMSE/ACC: Current Valid: 3.10/4.23/13.17 Ep. 35 | Best Valid: 2.95/3.94/13.17 | Ep. 21
Time elapsed: 75.46 min
Epoch: 036/050 | Batch 0000/1289 | Loss: 0.0633
Epoch: 036/050 | Batch 0050/1289 | Loss: 0.0618
Epoch: 036/050 | Batch 0100/1289 | Loss: 0.0499
Epoch: 036/050 | Batch 0150/1289 | Loss: 0.0448
Epoch: 036/050 | Batch 0200/1289 | Loss: 0.0467
Epoch: 036/050 | Batch 0250/1289 | Loss: 0.0688
Epoch: 036/050 | Batch 0300/1289 | Loss: 0.0356
Epoch: 036/050 | Batch 0350/1289 | Loss: 0.0326
Epoch: 036/050 | Batch 0400/1289 | Loss: 0.0465
Epoch: 036/050 | Batch 0450/1289 | Loss: 0.0747
Epoch: 036/050 | Batch 0500/1289 | Loss: 0.0363
Epoch: 036/050 | Batch 0550/1289 | Loss: 0.0843
Epoch: 036/050 | Batch 0600/1289 | Loss: 0.0534
Epoch: 036/050 | Batch 0650/1289 | Loss: 0.0660
Epoch: 036/050 | Batch 0700/1289 | Loss: 0.0664
Epoch: 036/050 | Batch 0750/1289 | Loss: 0.0583
Epoch: 036/050 | Batch 0800/1289 | Loss: 0.0853
Epoch: 036/050 | Batch 0850/1289 | Loss: 0.0381
Epoch: 036/050 | Batch 0900/1289 | Loss: 0.0588
Epoch: 036/050 | Batch 0950/1289 | Loss: 0.0404
Epoch: 036/050 | Batch 1000/1289 | Loss: 0.0652
Epoch: 036/050 | Batch 1050/1289 | Loss: 0.0430
Epoch: 036/050 | Batch 1100/1289 | Loss: 0.0809
Epoch: 036/050 | Batch 1150/1289 | Loss: 0.0444
Epoch: 036/050 | Batch 1200/1289 | Loss: 0.0706
Epoch: 036/050 | Batch 1250/1289 | Loss: 0.0605
MAE/RMSE/ACC: Current Valid: 3.12/4.25/13.17 Ep. 36 | Best Valid: 2.95/3.94/13.17 | Ep. 21
Time elapsed: 77.66 min
Epoch: 037/050 | Batch 0000/1289 | Loss: 0.0646
Epoch: 037/050 | Batch 0050/1289 | Loss: 0.0612
Epoch: 037/050 | Batch 0100/1289 | Loss: 0.0517
Epoch: 037/050 | Batch 0150/1289 | Loss: 0.0387
Epoch: 037/050 | Batch 0200/1289 | Loss: 0.0475
Epoch: 037/050 | Batch 0250/1289 | Loss: 0.0774
Epoch: 037/050 | Batch 0300/1289 | Loss: 0.0549
Epoch: 037/050 | Batch 0350/1289 | Loss: 0.0732
Epoch: 037/050 | Batch 0400/1289 | Loss: 0.0513
Epoch: 037/050 | Batch 0450/1289 | Loss: 0.0440
Epoch: 037/050 | Batch 0500/1289 | Loss: 0.0642
Epoch: 037/050 | Batch 0550/1289 | Loss: 0.0626
Epoch: 037/050 | Batch 0600/1289 | Loss: 0.0486
Epoch: 037/050 | Batch 0650/1289 | Loss: 0.0723
Epoch: 037/050 | Batch 0700/1289 | Loss: 0.0441
Epoch: 037/050 | Batch 0750/1289 | Loss: 0.0533
Epoch: 037/050 | Batch 0800/1289 | Loss: 0.0909
Epoch: 037/050 | Batch 0850/1289 | Loss: 0.0735
Epoch: 037/050 | Batch 0900/1289 | Loss: 0.0626
Epoch: 037/050 | Batch 0950/1289 | Loss: 0.0744
Epoch: 037/050 | Batch 1000/1289 | Loss: 0.0681
Epoch: 037/050 | Batch 1050/1289 | Loss: 0.0407
Epoch: 037/050 | Batch 1100/1289 | Loss: 0.0862
Epoch: 037/050 | Batch 1150/1289 | Loss: 0.0856
Epoch: 037/050 | Batch 1200/1289 | Loss: 0.0610
Epoch: 037/050 | Batch 1250/1289 | Loss: 0.0504
MAE/RMSE/ACC: Current Valid: 3.04/4.18/13.17 Ep. 37 | Best Valid: 2.95/3.94/13.17 | Ep. 21
Time elapsed: 79.93 min
Epoch: 038/050 | Batch 0000/1289 | Loss: 0.0480
Epoch: 038/050 | Batch 0050/1289 | Loss: 0.0468
Epoch: 038/050 | Batch 0100/1289 | Loss: 0.0504
Epoch: 038/050 | Batch 0150/1289 | Loss: 0.0519
Epoch: 038/050 | Batch 0200/1289 | Loss: 0.0225
Epoch: 038/050 | Batch 0250/1289 | Loss: 0.0440
Epoch: 038/050 | Batch 0300/1289 | Loss: 0.0415
Epoch: 038/050 | Batch 0350/1289 | Loss: 0.0685
Epoch: 038/050 | Batch 0400/1289 | Loss: 0.0494
Epoch: 038/050 | Batch 0450/1289 | Loss: 0.0557
Epoch: 038/050 | Batch 0500/1289 | Loss: 0.0312
Epoch: 038/050 | Batch 0550/1289 | Loss: 0.0487
Epoch: 038/050 | Batch 0600/1289 | Loss: 0.0513
Epoch: 038/050 | Batch 0650/1289 | Loss: 0.0597
Epoch: 038/050 | Batch 0700/1289 | Loss: 0.0524
Epoch: 038/050 | Batch 0750/1289 | Loss: 0.0355
Epoch: 038/050 | Batch 0800/1289 | Loss: 0.0635
Epoch: 038/050 | Batch 0850/1289 | Loss: 0.0992
Epoch: 038/050 | Batch 0900/1289 | Loss: 0.0582
Epoch: 038/050 | Batch 0950/1289 | Loss: 0.0428
Epoch: 038/050 | Batch 1000/1289 | Loss: 0.0477
Epoch: 038/050 | Batch 1050/1289 | Loss: 0.0677
Epoch: 038/050 | Batch 1100/1289 | Loss: 0.0654
Epoch: 038/050 | Batch 1150/1289 | Loss: 0.0644
Epoch: 038/050 | Batch 1200/1289 | Loss: 0.0411
Epoch: 038/050 | Batch 1250/1289 | Loss: 0.0626
MAE/RMSE/ACC: Current Valid: 3.03/4.18/13.17 Ep. 38 | Best Valid: 2.95/3.94/13.17 | Ep. 21
Time elapsed: 82.02 min
Epoch: 039/050 | Batch 0000/1289 | Loss: 0.0452
Epoch: 039/050 | Batch 0050/1289 | Loss: 0.0706
Epoch: 039/050 | Batch 0100/1289 | Loss: 0.0388
Epoch: 039/050 | Batch 0150/1289 | Loss: 0.0364
Epoch: 039/050 | Batch 0200/1289 | Loss: 0.0408
Epoch: 039/050 | Batch 0250/1289 | Loss: 0.0195
Epoch: 039/050 | Batch 0300/1289 | Loss: 0.0313
Epoch: 039/050 | Batch 0350/1289 | Loss: 0.0531
Epoch: 039/050 | Batch 0400/1289 | Loss: 0.0340
Epoch: 039/050 | Batch 0450/1289 | Loss: 0.0555
Epoch: 039/050 | Batch 0500/1289 | Loss: 0.0643
Epoch: 039/050 | Batch 0550/1289 | Loss: 0.0603
Epoch: 039/050 | Batch 0600/1289 | Loss: 0.0312
Epoch: 039/050 | Batch 0650/1289 | Loss: 0.0367
Epoch: 039/050 | Batch 0700/1289 | Loss: 0.0490
Epoch: 039/050 | Batch 0750/1289 | Loss: 0.0641
Epoch: 039/050 | Batch 0800/1289 | Loss: 0.0467
Epoch: 039/050 | Batch 0850/1289 | Loss: 0.0293
Epoch: 039/050 | Batch 0900/1289 | Loss: 0.0622
Epoch: 039/050 | Batch 0950/1289 | Loss: 0.0490
Epoch: 039/050 | Batch 1000/1289 | Loss: 0.0557
Epoch: 039/050 | Batch 1050/1289 | Loss: 0.0489
Epoch: 039/050 | Batch 1100/1289 | Loss: 0.0189
Epoch: 039/050 | Batch 1150/1289 | Loss: 0.0501
Epoch: 039/050 | Batch 1200/1289 | Loss: 0.0649
Epoch: 039/050 | Batch 1250/1289 | Loss: 0.0479
MAE/RMSE/ACC: Current Valid: 3.10/4.24/13.17 Ep. 39 | Best Valid: 2.95/3.94/13.17 | Ep. 21
Time elapsed: 84.15 min
Epoch: 040/050 | Batch 0000/1289 | Loss: 0.0253
Epoch: 040/050 | Batch 0050/1289 | Loss: 0.0278
Epoch: 040/050 | Batch 0100/1289 | Loss: 0.0379
Epoch: 040/050 | Batch 0150/1289 | Loss: 0.0466
Epoch: 040/050 | Batch 0200/1289 | Loss: 0.0158
Epoch: 040/050 | Batch 0250/1289 | Loss: 0.0372
Epoch: 040/050 | Batch 0300/1289 | Loss: 0.0518
Epoch: 040/050 | Batch 0350/1289 | Loss: 0.0359
Epoch: 040/050 | Batch 0400/1289 | Loss: 0.0521
Epoch: 040/050 | Batch 0450/1289 | Loss: 0.0606
Epoch: 040/050 | Batch 0500/1289 | Loss: 0.0489
Epoch: 040/050 | Batch 0550/1289 | Loss: 0.0474
Epoch: 040/050 | Batch 0600/1289 | Loss: 0.0518
Epoch: 040/050 | Batch 0650/1289 | Loss: 0.0344
Epoch: 040/050 | Batch 0700/1289 | Loss: 0.0300
Epoch: 040/050 | Batch 0750/1289 | Loss: 0.0432
Epoch: 040/050 | Batch 0800/1289 | Loss: 0.0324
Epoch: 040/050 | Batch 0850/1289 | Loss: 0.0447
Epoch: 040/050 | Batch 0900/1289 | Loss: 0.0346
Epoch: 040/050 | Batch 0950/1289 | Loss: 0.0589
Epoch: 040/050 | Batch 1000/1289 | Loss: 0.0364
Epoch: 040/050 | Batch 1050/1289 | Loss: 0.0672
Epoch: 040/050 | Batch 1100/1289 | Loss: 0.0366
Epoch: 040/050 | Batch 1150/1289 | Loss: 0.0509
Epoch: 040/050 | Batch 1200/1289 | Loss: 0.0448
Epoch: 040/050 | Batch 1250/1289 | Loss: 0.0278
MAE/RMSE/ACC: Current Valid: 3.17/4.36/13.17 Ep. 40 | Best Valid: 2.95/3.94/13.17 | Ep. 21
Time elapsed: 86.25 min
Epoch: 041/050 | Batch 0000/1289 | Loss: 0.0271
Epoch: 041/050 | Batch 0050/1289 | Loss: 0.0392
Epoch: 041/050 | Batch 0100/1289 | Loss: 0.0430
Epoch: 041/050 | Batch 0150/1289 | Loss: 0.0231
Epoch: 041/050 | Batch 0200/1289 | Loss: 0.0705
Epoch: 041/050 | Batch 0250/1289 | Loss: 0.0611
Epoch: 041/050 | Batch 0300/1289 | Loss: 0.0490
Epoch: 041/050 | Batch 0350/1289 | Loss: 0.0286
Epoch: 041/050 | Batch 0400/1289 | Loss: 0.0352
Epoch: 041/050 | Batch 0450/1289 | Loss: 0.0206
Epoch: 041/050 | Batch 0500/1289 | Loss: 0.0510
Epoch: 041/050 | Batch 0550/1289 | Loss: 0.0618
Epoch: 041/050 | Batch 0600/1289 | Loss: 0.0241
Epoch: 041/050 | Batch 0650/1289 | Loss: 0.0248
Epoch: 041/050 | Batch 0700/1289 | Loss: 0.0694
Epoch: 041/050 | Batch 0750/1289 | Loss: 0.0250
Epoch: 041/050 | Batch 0800/1289 | Loss: 0.0260
Epoch: 041/050 | Batch 0850/1289 | Loss: 0.0221
Epoch: 041/050 | Batch 0900/1289 | Loss: 0.0648
Epoch: 041/050 | Batch 0950/1289 | Loss: 0.0502
Epoch: 041/050 | Batch 1000/1289 | Loss: 0.0325
Epoch: 041/050 | Batch 1050/1289 | Loss: 0.0429
Epoch: 041/050 | Batch 1100/1289 | Loss: 0.0431
Epoch: 041/050 | Batch 1150/1289 | Loss: 0.0494
Epoch: 041/050 | Batch 1200/1289 | Loss: 0.0512
Epoch: 041/050 | Batch 1250/1289 | Loss: 0.0429
MAE/RMSE/ACC: Current Valid: 3.14/4.32/13.17 Ep. 41 | Best Valid: 2.95/3.94/13.17 | Ep. 21
Time elapsed: 88.34 min
Epoch: 042/050 | Batch 0000/1289 | Loss: 0.0415
Epoch: 042/050 | Batch 0050/1289 | Loss: 0.0294
Epoch: 042/050 | Batch 0100/1289 | Loss: 0.0139
Epoch: 042/050 | Batch 0150/1289 | Loss: 0.0463
Epoch: 042/050 | Batch 0200/1289 | Loss: 0.0244
Epoch: 042/050 | Batch 0250/1289 | Loss: 0.0386
Epoch: 042/050 | Batch 0300/1289 | Loss: 0.0497
Epoch: 042/050 | Batch 0350/1289 | Loss: 0.0390
Epoch: 042/050 | Batch 0400/1289 | Loss: 0.0765
Epoch: 042/050 | Batch 0450/1289 | Loss: 0.0406
Epoch: 042/050 | Batch 0500/1289 | Loss: 0.0247
Epoch: 042/050 | Batch 0550/1289 | Loss: 0.0360
Epoch: 042/050 | Batch 0600/1289 | Loss: 0.0493
Epoch: 042/050 | Batch 0650/1289 | Loss: 0.0378
Epoch: 042/050 | Batch 0700/1289 | Loss: 0.0814
Epoch: 042/050 | Batch 0750/1289 | Loss: 0.0643
Epoch: 042/050 | Batch 0800/1289 | Loss: 0.0140
Epoch: 042/050 | Batch 0850/1289 | Loss: 0.0385
Epoch: 042/050 | Batch 0900/1289 | Loss: 0.0561
Epoch: 042/050 | Batch 0950/1289 | Loss: 0.0156
Epoch: 042/050 | Batch 1000/1289 | Loss: 0.0443
Epoch: 042/050 | Batch 1050/1289 | Loss: 0.0761
Epoch: 042/050 | Batch 1100/1289 | Loss: 0.0340
Epoch: 042/050 | Batch 1150/1289 | Loss: 0.0423
Epoch: 042/050 | Batch 1200/1289 | Loss: 0.0430
Epoch: 042/050 | Batch 1250/1289 | Loss: 0.0361
MAE/RMSE/ACC: Current Valid: 3.10/4.20/13.17 Ep. 42 | Best Valid: 2.95/3.94/13.17 | Ep. 21
Time elapsed: 90.46 min
Epoch: 043/050 | Batch 0000/1289 | Loss: 0.0293
Epoch: 043/050 | Batch 0050/1289 | Loss: 0.0518
Epoch: 043/050 | Batch 0100/1289 | Loss: 0.0364
Epoch: 043/050 | Batch 0150/1289 | Loss: 0.0471
Epoch: 043/050 | Batch 0200/1289 | Loss: 0.0502
Epoch: 043/050 | Batch 0250/1289 | Loss: 0.0282
Epoch: 043/050 | Batch 0300/1289 | Loss: 0.0275
Epoch: 043/050 | Batch 0350/1289 | Loss: 0.0252
Epoch: 043/050 | Batch 0400/1289 | Loss: 0.0281
Epoch: 043/050 | Batch 0450/1289 | Loss: 0.0303
Epoch: 043/050 | Batch 0500/1289 | Loss: 0.0242
Epoch: 043/050 | Batch 0550/1289 | Loss: 0.0208
Epoch: 043/050 | Batch 0600/1289 | Loss: 0.0398
Epoch: 043/050 | Batch 0650/1289 | Loss: 0.0234
Epoch: 043/050 | Batch 0700/1289 | Loss: 0.0443
Epoch: 043/050 | Batch 0750/1289 | Loss: 0.0294
Epoch: 043/050 | Batch 0800/1289 | Loss: 0.0339
Epoch: 043/050 | Batch 0850/1289 | Loss: 0.0758
Epoch: 043/050 | Batch 0900/1289 | Loss: 0.0180
Epoch: 043/050 | Batch 0950/1289 | Loss: 0.0511
Epoch: 043/050 | Batch 1000/1289 | Loss: 0.0372
Epoch: 043/050 | Batch 1050/1289 | Loss: 0.0485
Epoch: 043/050 | Batch 1100/1289 | Loss: 0.0361
Epoch: 043/050 | Batch 1150/1289 | Loss: 0.0506
Epoch: 043/050 | Batch 1200/1289 | Loss: 0.0283
Epoch: 043/050 | Batch 1250/1289 | Loss: 0.0432
MAE/RMSE/ACC: Current Valid: 3.16/4.35/13.17 Ep. 43 | Best Valid: 2.95/3.94/13.17 | Ep. 21
Time elapsed: 92.64 min
Epoch: 044/050 | Batch 0000/1289 | Loss: 0.0256
Epoch: 044/050 | Batch 0050/1289 | Loss: 0.0158
Epoch: 044/050 | Batch 0100/1289 | Loss: 0.0120
Epoch: 044/050 | Batch 0150/1289 | Loss: 0.0106
Epoch: 044/050 | Batch 0200/1289 | Loss: 0.0367
Epoch: 044/050 | Batch 0250/1289 | Loss: 0.0537
Epoch: 044/050 | Batch 0300/1289 | Loss: 0.0350
Epoch: 044/050 | Batch 0350/1289 | Loss: 0.0329
Epoch: 044/050 | Batch 0400/1289 | Loss: 0.1067
Epoch: 044/050 | Batch 0450/1289 | Loss: 0.0443
Epoch: 044/050 | Batch 0500/1289 | Loss: 0.0288
Epoch: 044/050 | Batch 0550/1289 | Loss: 0.0179
Epoch: 044/050 | Batch 0600/1289 | Loss: 0.0524
Epoch: 044/050 | Batch 0650/1289 | Loss: 0.0301
Epoch: 044/050 | Batch 0700/1289 | Loss: 0.0226
Epoch: 044/050 | Batch 0750/1289 | Loss: 0.0229
Epoch: 044/050 | Batch 0800/1289 | Loss: 0.0408
Epoch: 044/050 | Batch 0850/1289 | Loss: 0.0244
Epoch: 044/050 | Batch 0900/1289 | Loss: 0.0176
Epoch: 044/050 | Batch 0950/1289 | Loss: 0.0172
Epoch: 044/050 | Batch 1000/1289 | Loss: 0.0181
Epoch: 044/050 | Batch 1050/1289 | Loss: 0.0512
Epoch: 044/050 | Batch 1100/1289 | Loss: 0.0562
Epoch: 044/050 | Batch 1150/1289 | Loss: 0.0227
Epoch: 044/050 | Batch 1200/1289 | Loss: 0.0224
Epoch: 044/050 | Batch 1250/1289 | Loss: 0.0271
MAE/RMSE/ACC: Current Valid: 3.18/4.34/13.17 Ep. 44 | Best Valid: 2.95/3.94/13.17 | Ep. 21
Time elapsed: 94.73 min
Epoch: 045/050 | Batch 0000/1289 | Loss: 0.0319
Epoch: 045/050 | Batch 0050/1289 | Loss: 0.0217
Epoch: 045/050 | Batch 0100/1289 | Loss: 0.0220
Epoch: 045/050 | Batch 0150/1289 | Loss: 0.0085
Epoch: 045/050 | Batch 0200/1289 | Loss: 0.0070
Epoch: 045/050 | Batch 0250/1289 | Loss: 0.0204
Epoch: 045/050 | Batch 0300/1289 | Loss: 0.0175
Epoch: 045/050 | Batch 0350/1289 | Loss: 0.0076
Epoch: 045/050 | Batch 0400/1289 | Loss: 0.0120
Epoch: 045/050 | Batch 0450/1289 | Loss: 0.0136
Epoch: 045/050 | Batch 0500/1289 | Loss: 0.0136
Epoch: 045/050 | Batch 0550/1289 | Loss: 0.0527
Epoch: 045/050 | Batch 0600/1289 | Loss: 0.0334
Epoch: 045/050 | Batch 0650/1289 | Loss: 0.0178
Epoch: 045/050 | Batch 0700/1289 | Loss: 0.0262
Epoch: 045/050 | Batch 0750/1289 | Loss: 0.0222
Epoch: 045/050 | Batch 0800/1289 | Loss: 0.0258
Epoch: 045/050 | Batch 0850/1289 | Loss: 0.0354
Epoch: 045/050 | Batch 0900/1289 | Loss: 0.0403
Epoch: 045/050 | Batch 0950/1289 | Loss: 0.0240
Epoch: 045/050 | Batch 1000/1289 | Loss: 0.0212
Epoch: 045/050 | Batch 1050/1289 | Loss: 0.0163
Epoch: 045/050 | Batch 1100/1289 | Loss: 0.0172
Epoch: 045/050 | Batch 1150/1289 | Loss: 0.0271
Epoch: 045/050 | Batch 1200/1289 | Loss: 0.0249
Epoch: 045/050 | Batch 1250/1289 | Loss: 0.0317
MAE/RMSE/ACC: Current Valid: 3.15/4.31/13.17 Ep. 45 | Best Valid: 2.95/3.94/13.17 | Ep. 21
Time elapsed: 96.83 min
Epoch: 046/050 | Batch 0000/1289 | Loss: 0.0089
Epoch: 046/050 | Batch 0050/1289 | Loss: 0.0221
Epoch: 046/050 | Batch 0100/1289 | Loss: 0.0282
Epoch: 046/050 | Batch 0150/1289 | Loss: 0.0378
Epoch: 046/050 | Batch 0200/1289 | Loss: 0.0368
Epoch: 046/050 | Batch 0250/1289 | Loss: 0.0062
Epoch: 046/050 | Batch 0300/1289 | Loss: 0.0402
Epoch: 046/050 | Batch 0350/1289 | Loss: 0.0256
Epoch: 046/050 | Batch 0400/1289 | Loss: 0.0219
Epoch: 046/050 | Batch 0450/1289 | Loss: 0.0215
Epoch: 046/050 | Batch 0500/1289 | Loss: 0.0291
Epoch: 046/050 | Batch 0550/1289 | Loss: 0.0229
Epoch: 046/050 | Batch 0600/1289 | Loss: 0.0105
Epoch: 046/050 | Batch 0650/1289 | Loss: 0.0286
Epoch: 046/050 | Batch 0700/1289 | Loss: 0.0343
Epoch: 046/050 | Batch 0750/1289 | Loss: 0.0319
Epoch: 046/050 | Batch 0800/1289 | Loss: 0.0206
Epoch: 046/050 | Batch 0850/1289 | Loss: 0.0133
Epoch: 046/050 | Batch 0900/1289 | Loss: 0.0291
Epoch: 046/050 | Batch 0950/1289 | Loss: 0.0044
Epoch: 046/050 | Batch 1000/1289 | Loss: 0.0163
Epoch: 046/050 | Batch 1050/1289 | Loss: 0.0768
Epoch: 046/050 | Batch 1100/1289 | Loss: 0.0182
Epoch: 046/050 | Batch 1150/1289 | Loss: 0.0373
Epoch: 046/050 | Batch 1200/1289 | Loss: 0.0350
Epoch: 046/050 | Batch 1250/1289 | Loss: 0.0247
MAE/RMSE/ACC: Current Valid: 3.17/4.32/13.17 Ep. 46 | Best Valid: 2.95/3.94/13.17 | Ep. 21
Time elapsed: 98.95 min
Epoch: 047/050 | Batch 0000/1289 | Loss: 0.0254
Epoch: 047/050 | Batch 0050/1289 | Loss: 0.0175
Epoch: 047/050 | Batch 0100/1289 | Loss: 0.0141
Epoch: 047/050 | Batch 0150/1289 | Loss: 0.0145
Epoch: 047/050 | Batch 0200/1289 | Loss: 0.0310
Epoch: 047/050 | Batch 0250/1289 | Loss: 0.0201
Epoch: 047/050 | Batch 0300/1289 | Loss: 0.0134
Epoch: 047/050 | Batch 0350/1289 | Loss: 0.0112
Epoch: 047/050 | Batch 0400/1289 | Loss: 0.0166
Epoch: 047/050 | Batch 0450/1289 | Loss: 0.0131
Epoch: 047/050 | Batch 0500/1289 | Loss: 0.0156
Epoch: 047/050 | Batch 0550/1289 | Loss: 0.0513
Epoch: 047/050 | Batch 0600/1289 | Loss: 0.0096
Epoch: 047/050 | Batch 0650/1289 | Loss: 0.0270
Epoch: 047/050 | Batch 0700/1289 | Loss: 0.0154
Epoch: 047/050 | Batch 0750/1289 | Loss: 0.0247
Epoch: 047/050 | Batch 0800/1289 | Loss: 0.0123
Epoch: 047/050 | Batch 0850/1289 | Loss: 0.0291
Epoch: 047/050 | Batch 0900/1289 | Loss: 0.0154
Epoch: 047/050 | Batch 0950/1289 | Loss: 0.0275
Epoch: 047/050 | Batch 1000/1289 | Loss: 0.0159
Epoch: 047/050 | Batch 1050/1289 | Loss: 0.0155
Epoch: 047/050 | Batch 1100/1289 | Loss: 0.0310
Epoch: 047/050 | Batch 1150/1289 | Loss: 0.0112
Epoch: 047/050 | Batch 1200/1289 | Loss: 0.0161
Epoch: 047/050 | Batch 1250/1289 | Loss: 0.0142
MAE/RMSE/ACC: Current Valid: 3.13/4.30/13.17 Ep. 47 | Best Valid: 2.95/3.94/13.17 | Ep. 21
Time elapsed: 101.07 min
Epoch: 048/050 | Batch 0000/1289 | Loss: 0.0235
Epoch: 048/050 | Batch 0050/1289 | Loss: 0.0624
Epoch: 048/050 | Batch 0100/1289 | Loss: 0.0070
Epoch: 048/050 | Batch 0150/1289 | Loss: 0.0166
Epoch: 048/050 | Batch 0200/1289 | Loss: 0.0615
Epoch: 048/050 | Batch 0250/1289 | Loss: 0.0084
Epoch: 048/050 | Batch 0300/1289 | Loss: 0.0202
Epoch: 048/050 | Batch 0350/1289 | Loss: 0.0136
Epoch: 048/050 | Batch 0400/1289 | Loss: 0.0101
Epoch: 048/050 | Batch 0450/1289 | Loss: 0.0310
Epoch: 048/050 | Batch 0500/1289 | Loss: 0.0339
Epoch: 048/050 | Batch 0550/1289 | Loss: 0.0310
Epoch: 048/050 | Batch 0600/1289 | Loss: 0.0305
Epoch: 048/050 | Batch 0650/1289 | Loss: 0.0233
Epoch: 048/050 | Batch 0700/1289 | Loss: 0.0458
Epoch: 048/050 | Batch 0750/1289 | Loss: 0.0282
Epoch: 048/050 | Batch 0800/1289 | Loss: 0.0346
Epoch: 048/050 | Batch 0850/1289 | Loss: 0.0294
Epoch: 048/050 | Batch 0900/1289 | Loss: 0.0165
Epoch: 048/050 | Batch 0950/1289 | Loss: 0.0156
Epoch: 048/050 | Batch 1000/1289 | Loss: 0.0310
Epoch: 048/050 | Batch 1050/1289 | Loss: 0.0226
Epoch: 048/050 | Batch 1100/1289 | Loss: 0.0265
Epoch: 048/050 | Batch 1150/1289 | Loss: 0.0468
Epoch: 048/050 | Batch 1200/1289 | Loss: 0.0494
Epoch: 048/050 | Batch 1250/1289 | Loss: 0.0218
MAE/RMSE/ACC: Current Valid: 3.36/4.66/13.17 Ep. 48 | Best Valid: 2.95/3.94/13.17 | Ep. 21
Time elapsed: 103.22 min
Epoch: 049/050 | Batch 0000/1289 | Loss: 0.0174
Epoch: 049/050 | Batch 0050/1289 | Loss: 0.0158
Epoch: 049/050 | Batch 0100/1289 | Loss: 0.0279
Epoch: 049/050 | Batch 0150/1289 | Loss: 0.0184
Epoch: 049/050 | Batch 0200/1289 | Loss: 0.0585
Epoch: 049/050 | Batch 0250/1289 | Loss: 0.0376
Epoch: 049/050 | Batch 0300/1289 | Loss: 0.0467
Epoch: 049/050 | Batch 0350/1289 | Loss: 0.0129
Epoch: 049/050 | Batch 0400/1289 | Loss: 0.0160
Epoch: 049/050 | Batch 0450/1289 | Loss: 0.0087
Epoch: 049/050 | Batch 0500/1289 | Loss: 0.0228
Epoch: 049/050 | Batch 0550/1289 | Loss: 0.0096
Epoch: 049/050 | Batch 0600/1289 | Loss: 0.0138
Epoch: 049/050 | Batch 0650/1289 | Loss: 0.0192
Epoch: 049/050 | Batch 0700/1289 | Loss: 0.0115
Epoch: 049/050 | Batch 0750/1289 | Loss: 0.0217
Epoch: 049/050 | Batch 0800/1289 | Loss: 0.0745
Epoch: 049/050 | Batch 0850/1289 | Loss: 0.0369
Epoch: 049/050 | Batch 0900/1289 | Loss: 0.0156
Epoch: 049/050 | Batch 0950/1289 | Loss: 0.0116
Epoch: 049/050 | Batch 1000/1289 | Loss: 0.0111
Epoch: 049/050 | Batch 1050/1289 | Loss: 0.0413
Epoch: 049/050 | Batch 1100/1289 | Loss: 0.0303
Epoch: 049/050 | Batch 1150/1289 | Loss: 0.0378
Epoch: 049/050 | Batch 1200/1289 | Loss: 0.0339
Epoch: 049/050 | Batch 1250/1289 | Loss: 0.0295
MAE/RMSE/ACC: Current Valid: 3.22/4.43/13.17 Ep. 49 | Best Valid: 2.95/3.94/13.17 | Ep. 21
Time elapsed: 105.39 min
Epoch: 050/050 | Batch 0000/1289 | Loss: 0.0215
Epoch: 050/050 | Batch 0050/1289 | Loss: 0.0191
Epoch: 050/050 | Batch 0100/1289 | Loss: 0.0283
Epoch: 050/050 | Batch 0150/1289 | Loss: 0.0185
Epoch: 050/050 | Batch 0200/1289 | Loss: 0.0264
Epoch: 050/050 | Batch 0250/1289 | Loss: 0.0623
Epoch: 050/050 | Batch 0300/1289 | Loss: 0.0133
Epoch: 050/050 | Batch 0350/1289 | Loss: 0.0182
Epoch: 050/050 | Batch 0400/1289 | Loss: 0.0334
Epoch: 050/050 | Batch 0450/1289 | Loss: 0.0354
Epoch: 050/050 | Batch 0500/1289 | Loss: 0.0324
Epoch: 050/050 | Batch 0550/1289 | Loss: 0.0372
Epoch: 050/050 | Batch 0600/1289 | Loss: 0.0220
Epoch: 050/050 | Batch 0650/1289 | Loss: 0.0114
Epoch: 050/050 | Batch 0700/1289 | Loss: 0.0246
Epoch: 050/050 | Batch 0750/1289 | Loss: 0.0196
Epoch: 050/050 | Batch 0800/1289 | Loss: 0.0204
Epoch: 050/050 | Batch 0850/1289 | Loss: 0.0772
Epoch: 050/050 | Batch 0900/1289 | Loss: 0.0106
Epoch: 050/050 | Batch 0950/1289 | Loss: 0.0232
Epoch: 050/050 | Batch 1000/1289 | Loss: 0.0384
Epoch: 050/050 | Batch 1050/1289 | Loss: 0.0323
Epoch: 050/050 | Batch 1100/1289 | Loss: 0.0288
Epoch: 050/050 | Batch 1150/1289 | Loss: 0.0096
Epoch: 050/050 | Batch 1200/1289 | Loss: 0.0164
Epoch: 050/050 | Batch 1250/1289 | Loss: 0.0237
MAE/RMSE/ACC: Current Valid: 3.11/4.26/13.17 Ep. 50 | Best Valid: 2.95/3.94/13.17 | Ep. 21
Time elapsed: 107.59 min
MAE/RMSE: | Train: 0.23/0.98 | Valid: 3.11/4.26 | Test: 3.20/4.42
ACC: | Train: 91.39 | Valid: 14.64 | Test: 13.83
Total Running Time: 109.18 min
MAE/RMSE: | Best Train: 1.87/2.60 | Best Valid: 2.95/3.94 | Best Test: 3.00/4.06
ACC: | Best Train: 21.91 | Best Valid: 13.17 | Best Test: 13.66
Total Running Time: 110.78 min
