This script: resnet34_xentr.py
PyTorch Version: 1.8.1
CUDA device: cuda:2
CUDA version: 11.1
Random seed: 2
Learning rate: 0.0005
Epochs: 200
Batch size: 256
Output path: runs/aes/resnet34_xentr-imp0-seed2-epochs200_best-rmse
Epoch: 001/200 | Batch 0000/0043 | Loss: 2.2648
MAE/RMSE/ACC: Current Valid: 0.43/0.69/58.67 Ep. 1 | Best Valid: 0.43/0.69/58.67 | Ep. 1
Time elapsed: 0.34 min
Epoch: 002/200 | Batch 0000/0043 | Loss: 0.9322
MAE/RMSE/ACC: Current Valid: 0.43/0.69/58.67 Ep. 2 | Best Valid: 0.43/0.69/58.67 | Ep. 1
Time elapsed: 0.66 min
Epoch: 003/200 | Batch 0000/0043 | Loss: 0.7677
MAE/RMSE/ACC: Current Valid: 0.43/0.69/58.67 Ep. 3 | Best Valid: 0.43/0.69/58.67 | Ep. 1
Time elapsed: 0.98 min
Epoch: 004/200 | Batch 0000/0043 | Loss: 0.8677
MAE/RMSE/ACC: Current Valid: 0.43/0.69/58.67 Ep. 4 | Best Valid: 0.43/0.69/58.67 | Ep. 1
Time elapsed: 1.31 min
Epoch: 005/200 | Batch 0000/0043 | Loss: 0.8284
MAE/RMSE/ACC: Current Valid: 0.42/0.67/59.73 Ep. 5 | Best Valid: 0.42/0.67/59.73 | Ep. 5
Time elapsed: 1.65 min
Epoch: 006/200 | Batch 0000/0043 | Loss: 0.8075
MAE/RMSE/ACC: Current Valid: 0.48/0.73/59.73 Ep. 6 | Best Valid: 0.42/0.67/59.73 | Ep. 5
Time elapsed: 1.98 min
Epoch: 007/200 | Batch 0000/0043 | Loss: 0.7945
MAE/RMSE/ACC: Current Valid: 0.43/0.68/59.73 Ep. 7 | Best Valid: 0.42/0.67/59.73 | Ep. 5
Time elapsed: 2.31 min
Epoch: 008/200 | Batch 0000/0043 | Loss: 0.8091
MAE/RMSE/ACC: Current Valid: 0.46/0.72/59.73 Ep. 8 | Best Valid: 0.42/0.67/59.73 | Ep. 5
Time elapsed: 2.64 min
Epoch: 009/200 | Batch 0000/0043 | Loss: 0.7835
MAE/RMSE/ACC: Current Valid: 0.42/0.68/59.73 Ep. 9 | Best Valid: 0.42/0.67/59.73 | Ep. 5
Time elapsed: 2.98 min
Epoch: 010/200 | Batch 0000/0043 | Loss: 0.8350
MAE/RMSE/ACC: Current Valid: 0.44/0.69/59.73 Ep. 10 | Best Valid: 0.42/0.67/59.73 | Ep. 5
Time elapsed: 3.31 min
Epoch: 011/200 | Batch 0000/0043 | Loss: 0.6877
MAE/RMSE/ACC: Current Valid: 0.40/0.67/62.28 Ep. 11 | Best Valid: 0.40/0.67/62.28 | Ep. 11
Time elapsed: 3.65 min
Epoch: 012/200 | Batch 0000/0043 | Loss: 0.7486
MAE/RMSE/ACC: Current Valid: 0.46/0.71/62.28 Ep. 12 | Best Valid: 0.40/0.67/62.28 | Ep. 11
Time elapsed: 3.98 min
Epoch: 013/200 | Batch 0000/0043 | Loss: 0.7009
MAE/RMSE/ACC: Current Valid: 0.45/0.72/62.28 Ep. 13 | Best Valid: 0.40/0.67/62.28 | Ep. 11
Time elapsed: 4.32 min
Epoch: 014/200 | Batch 0000/0043 | Loss: 0.5909
MAE/RMSE/ACC: Current Valid: 0.49/0.75/62.28 Ep. 14 | Best Valid: 0.40/0.67/62.28 | Ep. 11
Time elapsed: 4.65 min
Epoch: 015/200 | Batch 0000/0043 | Loss: 0.6317
MAE/RMSE/ACC: Current Valid: 0.51/0.76/62.28 Ep. 15 | Best Valid: 0.40/0.67/62.28 | Ep. 11
Time elapsed: 4.99 min
Epoch: 016/200 | Batch 0000/0043 | Loss: 0.5413
MAE/RMSE/ACC: Current Valid: 0.50/0.75/62.28 Ep. 16 | Best Valid: 0.40/0.67/62.28 | Ep. 11
Time elapsed: 5.32 min
Epoch: 017/200 | Batch 0000/0043 | Loss: 0.5183
MAE/RMSE/ACC: Current Valid: 0.45/0.72/62.28 Ep. 17 | Best Valid: 0.40/0.67/62.28 | Ep. 11
Time elapsed: 5.66 min
Epoch: 018/200 | Batch 0000/0043 | Loss: 0.4264
MAE/RMSE/ACC: Current Valid: 0.47/0.73/62.28 Ep. 18 | Best Valid: 0.40/0.67/62.28 | Ep. 11
Time elapsed: 5.99 min
Epoch: 019/200 | Batch 0000/0043 | Loss: 0.4544
MAE/RMSE/ACC: Current Valid: 0.51/0.78/62.28 Ep. 19 | Best Valid: 0.40/0.67/62.28 | Ep. 11
Time elapsed: 6.33 min
Epoch: 020/200 | Batch 0000/0043 | Loss: 0.3840
MAE/RMSE/ACC: Current Valid: 0.50/0.75/62.28 Ep. 20 | Best Valid: 0.40/0.67/62.28 | Ep. 11
Time elapsed: 6.66 min
Epoch: 021/200 | Batch 0000/0043 | Loss: 0.2494
MAE/RMSE/ACC: Current Valid: 0.48/0.74/62.28 Ep. 21 | Best Valid: 0.40/0.67/62.28 | Ep. 11
Time elapsed: 7.00 min
Epoch: 022/200 | Batch 0000/0043 | Loss: 0.2801
MAE/RMSE/ACC: Current Valid: 0.49/0.75/62.28 Ep. 22 | Best Valid: 0.40/0.67/62.28 | Ep. 11
Time elapsed: 7.33 min
Epoch: 023/200 | Batch 0000/0043 | Loss: 0.2306
MAE/RMSE/ACC: Current Valid: 0.49/0.75/62.28 Ep. 23 | Best Valid: 0.40/0.67/62.28 | Ep. 11
Time elapsed: 7.66 min
Epoch: 024/200 | Batch 0000/0043 | Loss: 0.2353
MAE/RMSE/ACC: Current Valid: 0.49/0.75/62.28 Ep. 24 | Best Valid: 0.40/0.67/62.28 | Ep. 11
Time elapsed: 8.00 min
Epoch: 025/200 | Batch 0000/0043 | Loss: 0.1579
MAE/RMSE/ACC: Current Valid: 0.49/0.75/62.28 Ep. 25 | Best Valid: 0.40/0.67/62.28 | Ep. 11
Time elapsed: 8.33 min
Epoch: 026/200 | Batch 0000/0043 | Loss: 0.1643
MAE/RMSE/ACC: Current Valid: 0.51/0.77/62.28 Ep. 26 | Best Valid: 0.40/0.67/62.28 | Ep. 11
Time elapsed: 8.67 min
Epoch: 027/200 | Batch 0000/0043 | Loss: 0.1544
MAE/RMSE/ACC: Current Valid: 0.50/0.77/62.28 Ep. 27 | Best Valid: 0.40/0.67/62.28 | Ep. 11
Time elapsed: 9.00 min
Epoch: 028/200 | Batch 0000/0043 | Loss: 0.2064
MAE/RMSE/ACC: Current Valid: 0.46/0.73/62.28 Ep. 28 | Best Valid: 0.40/0.67/62.28 | Ep. 11
Time elapsed: 9.33 min
Epoch: 029/200 | Batch 0000/0043 | Loss: 0.1411
MAE/RMSE/ACC: Current Valid: 0.48/0.75/62.28 Ep. 29 | Best Valid: 0.40/0.67/62.28 | Ep. 11
Time elapsed: 9.67 min
Epoch: 030/200 | Batch 0000/0043 | Loss: 0.2191
MAE/RMSE/ACC: Current Valid: 0.47/0.73/62.28 Ep. 30 | Best Valid: 0.40/0.67/62.28 | Ep. 11
Time elapsed: 10.00 min
Epoch: 031/200 | Batch 0000/0043 | Loss: 0.1212
MAE/RMSE/ACC: Current Valid: 0.48/0.75/62.28 Ep. 31 | Best Valid: 0.40/0.67/62.28 | Ep. 11
Time elapsed: 10.34 min
Epoch: 032/200 | Batch 0000/0043 | Loss: 0.1412
MAE/RMSE/ACC: Current Valid: 0.50/0.77/62.28 Ep. 32 | Best Valid: 0.40/0.67/62.28 | Ep. 11
Time elapsed: 10.67 min
Epoch: 033/200 | Batch 0000/0043 | Loss: 0.0774
MAE/RMSE/ACC: Current Valid: 0.49/0.76/62.28 Ep. 33 | Best Valid: 0.40/0.67/62.28 | Ep. 11
Time elapsed: 11.01 min
Epoch: 034/200 | Batch 0000/0043 | Loss: 0.1263
MAE/RMSE/ACC: Current Valid: 0.49/0.75/62.28 Ep. 34 | Best Valid: 0.40/0.67/62.28 | Ep. 11
Time elapsed: 11.35 min
Epoch: 035/200 | Batch 0000/0043 | Loss: 0.1178
MAE/RMSE/ACC: Current Valid: 0.51/0.77/62.28 Ep. 35 | Best Valid: 0.40/0.67/62.28 | Ep. 11
Time elapsed: 11.68 min
Epoch: 036/200 | Batch 0000/0043 | Loss: 0.0733
MAE/RMSE/ACC: Current Valid: 0.50/0.76/62.28 Ep. 36 | Best Valid: 0.40/0.67/62.28 | Ep. 11
Time elapsed: 12.02 min
Epoch: 037/200 | Batch 0000/0043 | Loss: 0.0523
MAE/RMSE/ACC: Current Valid: 0.49/0.75/62.28 Ep. 37 | Best Valid: 0.40/0.67/62.28 | Ep. 11
Time elapsed: 12.35 min
Epoch: 038/200 | Batch 0000/0043 | Loss: 0.0732
MAE/RMSE/ACC: Current Valid: 0.48/0.74/62.28 Ep. 38 | Best Valid: 0.40/0.67/62.28 | Ep. 11
Time elapsed: 12.69 min
Epoch: 039/200 | Batch 0000/0043 | Loss: 0.1037
MAE/RMSE/ACC: Current Valid: 0.49/0.76/62.28 Ep. 39 | Best Valid: 0.40/0.67/62.28 | Ep. 11
Time elapsed: 13.02 min
Epoch: 040/200 | Batch 0000/0043 | Loss: 0.0601
MAE/RMSE/ACC: Current Valid: 0.48/0.75/62.28 Ep. 40 | Best Valid: 0.40/0.67/62.28 | Ep. 11
Time elapsed: 13.36 min
Epoch: 041/200 | Batch 0000/0043 | Loss: 0.1395
MAE/RMSE/ACC: Current Valid: 0.48/0.74/62.28 Ep. 41 | Best Valid: 0.40/0.67/62.28 | Ep. 11
Time elapsed: 13.69 min
Epoch: 042/200 | Batch 0000/0043 | Loss: 0.0268
MAE/RMSE/ACC: Current Valid: 0.48/0.74/62.28 Ep. 42 | Best Valid: 0.40/0.67/62.28 | Ep. 11
Time elapsed: 14.03 min
Epoch: 043/200 | Batch 0000/0043 | Loss: 0.0575
MAE/RMSE/ACC: Current Valid: 0.48/0.75/62.28 Ep. 43 | Best Valid: 0.40/0.67/62.28 | Ep. 11
Time elapsed: 14.37 min
Epoch: 044/200 | Batch 0000/0043 | Loss: 0.0789
MAE/RMSE/ACC: Current Valid: 0.47/0.73/62.28 Ep. 44 | Best Valid: 0.40/0.67/62.28 | Ep. 11
Time elapsed: 14.70 min
Epoch: 045/200 | Batch 0000/0043 | Loss: 0.0432
MAE/RMSE/ACC: Current Valid: 0.49/0.75/62.28 Ep. 45 | Best Valid: 0.40/0.67/62.28 | Ep. 11
Time elapsed: 15.04 min
Epoch: 046/200 | Batch 0000/0043 | Loss: 0.0434
MAE/RMSE/ACC: Current Valid: 0.49/0.76/62.28 Ep. 46 | Best Valid: 0.40/0.67/62.28 | Ep. 11
Time elapsed: 15.37 min
Epoch: 047/200 | Batch 0000/0043 | Loss: 0.0427
MAE/RMSE/ACC: Current Valid: 0.48/0.75/62.28 Ep. 47 | Best Valid: 0.40/0.67/62.28 | Ep. 11
Time elapsed: 15.70 min
Epoch: 048/200 | Batch 0000/0043 | Loss: 0.0413
MAE/RMSE/ACC: Current Valid: 0.49/0.76/62.28 Ep. 48 | Best Valid: 0.40/0.67/62.28 | Ep. 11
Time elapsed: 16.04 min
Epoch: 049/200 | Batch 0000/0043 | Loss: 0.0344
MAE/RMSE/ACC: Current Valid: 0.50/0.77/62.28 Ep. 49 | Best Valid: 0.40/0.67/62.28 | Ep. 11
Time elapsed: 16.38 min
Epoch: 050/200 | Batch 0000/0043 | Loss: 0.0516
MAE/RMSE/ACC: Current Valid: 0.47/0.73/62.28 Ep. 50 | Best Valid: 0.40/0.67/62.28 | Ep. 11
Time elapsed: 16.71 min
Epoch: 051/200 | Batch 0000/0043 | Loss: 0.0589
MAE/RMSE/ACC: Current Valid: 0.48/0.74/62.28 Ep. 51 | Best Valid: 0.40/0.67/62.28 | Ep. 11
Time elapsed: 17.05 min
Epoch: 052/200 | Batch 0000/0043 | Loss: 0.0439
MAE/RMSE/ACC: Current Valid: 0.50/0.76/62.28 Ep. 52 | Best Valid: 0.40/0.67/62.28 | Ep. 11
Time elapsed: 17.38 min
Epoch: 053/200 | Batch 0000/0043 | Loss: 0.0345
MAE/RMSE/ACC: Current Valid: 0.52/0.78/62.28 Ep. 53 | Best Valid: 0.40/0.67/62.28 | Ep. 11
Time elapsed: 17.72 min
Epoch: 054/200 | Batch 0000/0043 | Loss: 0.0214
MAE/RMSE/ACC: Current Valid: 0.49/0.74/62.28 Ep. 54 | Best Valid: 0.40/0.67/62.28 | Ep. 11
Time elapsed: 18.05 min
Epoch: 055/200 | Batch 0000/0043 | Loss: 0.0295
MAE/RMSE/ACC: Current Valid: 0.50/0.75/62.28 Ep. 55 | Best Valid: 0.40/0.67/62.28 | Ep. 11
Time elapsed: 18.38 min
Epoch: 056/200 | Batch 0000/0043 | Loss: 0.0554
MAE/RMSE/ACC: Current Valid: 0.50/0.76/62.28 Ep. 56 | Best Valid: 0.40/0.67/62.28 | Ep. 11
Time elapsed: 18.72 min
Epoch: 057/200 | Batch 0000/0043 | Loss: 0.0364
MAE/RMSE/ACC: Current Valid: 0.48/0.74/62.28 Ep. 57 | Best Valid: 0.40/0.67/62.28 | Ep. 11
Time elapsed: 19.05 min
Epoch: 058/200 | Batch 0000/0043 | Loss: 0.0200
MAE/RMSE/ACC: Current Valid: 0.48/0.75/62.28 Ep. 58 | Best Valid: 0.40/0.67/62.28 | Ep. 11
Time elapsed: 19.39 min
Epoch: 059/200 | Batch 0000/0043 | Loss: 0.0241
MAE/RMSE/ACC: Current Valid: 0.51/0.78/62.28 Ep. 59 | Best Valid: 0.40/0.67/62.28 | Ep. 11
Time elapsed: 19.73 min
Epoch: 060/200 | Batch 0000/0043 | Loss: 0.0774
MAE/RMSE/ACC: Current Valid: 0.51/0.77/62.28 Ep. 60 | Best Valid: 0.40/0.67/62.28 | Ep. 11
Time elapsed: 20.06 min
Epoch: 061/200 | Batch 0000/0043 | Loss: 0.0936
MAE/RMSE/ACC: Current Valid: 0.48/0.75/62.28 Ep. 61 | Best Valid: 0.40/0.67/62.28 | Ep. 11
Time elapsed: 20.39 min
Epoch: 062/200 | Batch 0000/0043 | Loss: 0.0289
MAE/RMSE/ACC: Current Valid: 0.48/0.74/62.28 Ep. 62 | Best Valid: 0.40/0.67/62.28 | Ep. 11
Time elapsed: 20.73 min
Epoch: 063/200 | Batch 0000/0043 | Loss: 0.0357
MAE/RMSE/ACC: Current Valid: 0.49/0.75/62.28 Ep. 63 | Best Valid: 0.40/0.67/62.28 | Ep. 11
Time elapsed: 21.06 min
Epoch: 064/200 | Batch 0000/0043 | Loss: 0.0634
MAE/RMSE/ACC: Current Valid: 0.48/0.75/62.28 Ep. 64 | Best Valid: 0.40/0.67/62.28 | Ep. 11
Time elapsed: 21.40 min
Epoch: 065/200 | Batch 0000/0043 | Loss: 0.0152
MAE/RMSE/ACC: Current Valid: 0.51/0.78/62.28 Ep. 65 | Best Valid: 0.40/0.67/62.28 | Ep. 11
Time elapsed: 21.73 min
Epoch: 066/200 | Batch 0000/0043 | Loss: 0.0376
MAE/RMSE/ACC: Current Valid: 0.48/0.74/62.28 Ep. 66 | Best Valid: 0.40/0.67/62.28 | Ep. 11
Time elapsed: 22.07 min
Epoch: 067/200 | Batch 0000/0043 | Loss: 0.0277
MAE/RMSE/ACC: Current Valid: 0.49/0.75/62.28 Ep. 67 | Best Valid: 0.40/0.67/62.28 | Ep. 11
Time elapsed: 22.40 min
Epoch: 068/200 | Batch 0000/0043 | Loss: 0.0285
MAE/RMSE/ACC: Current Valid: 0.49/0.76/62.28 Ep. 68 | Best Valid: 0.40/0.67/62.28 | Ep. 11
Time elapsed: 22.73 min
Epoch: 069/200 | Batch 0000/0043 | Loss: 0.0177
MAE/RMSE/ACC: Current Valid: 0.49/0.75/62.28 Ep. 69 | Best Valid: 0.40/0.67/62.28 | Ep. 11
Time elapsed: 23.07 min
Epoch: 070/200 | Batch 0000/0043 | Loss: 0.0197
MAE/RMSE/ACC: Current Valid: 0.51/0.77/62.28 Ep. 70 | Best Valid: 0.40/0.67/62.28 | Ep. 11
Time elapsed: 23.41 min
Epoch: 071/200 | Batch 0000/0043 | Loss: 0.0132
MAE/RMSE/ACC: Current Valid: 0.48/0.75/62.28 Ep. 71 | Best Valid: 0.40/0.67/62.28 | Ep. 11
Time elapsed: 23.74 min
Epoch: 072/200 | Batch 0000/0043 | Loss: 0.0251
MAE/RMSE/ACC: Current Valid: 0.51/0.77/62.28 Ep. 72 | Best Valid: 0.40/0.67/62.28 | Ep. 11
Time elapsed: 24.08 min
Epoch: 073/200 | Batch 0000/0043 | Loss: 0.0224
MAE/RMSE/ACC: Current Valid: 0.50/0.75/62.28 Ep. 73 | Best Valid: 0.40/0.67/62.28 | Ep. 11
Time elapsed: 24.41 min
Epoch: 074/200 | Batch 0000/0043 | Loss: 0.0331
MAE/RMSE/ACC: Current Valid: 0.51/0.78/62.28 Ep. 74 | Best Valid: 0.40/0.67/62.28 | Ep. 11
Time elapsed: 24.75 min
Epoch: 075/200 | Batch 0000/0043 | Loss: 0.0279
MAE/RMSE/ACC: Current Valid: 0.48/0.75/62.28 Ep. 75 | Best Valid: 0.40/0.67/62.28 | Ep. 11
Time elapsed: 25.08 min
Epoch: 076/200 | Batch 0000/0043 | Loss: 0.0423
MAE/RMSE/ACC: Current Valid: 0.47/0.73/62.28 Ep. 76 | Best Valid: 0.40/0.67/62.28 | Ep. 11
Time elapsed: 25.42 min
Epoch: 077/200 | Batch 0000/0043 | Loss: 0.0327
MAE/RMSE/ACC: Current Valid: 0.49/0.76/62.28 Ep. 77 | Best Valid: 0.40/0.67/62.28 | Ep. 11
Time elapsed: 25.75 min
Epoch: 078/200 | Batch 0000/0043 | Loss: 0.0858
MAE/RMSE/ACC: Current Valid: 0.49/0.77/62.28 Ep. 78 | Best Valid: 0.40/0.67/62.28 | Ep. 11
Time elapsed: 26.09 min
Epoch: 079/200 | Batch 0000/0043 | Loss: 0.0218
MAE/RMSE/ACC: Current Valid: 0.52/0.78/62.28 Ep. 79 | Best Valid: 0.40/0.67/62.28 | Ep. 11
Time elapsed: 26.42 min
Epoch: 080/200 | Batch 0000/0043 | Loss: 0.0825
MAE/RMSE/ACC: Current Valid: 0.51/0.77/62.28 Ep. 80 | Best Valid: 0.40/0.67/62.28 | Ep. 11
Time elapsed: 26.76 min
Epoch: 081/200 | Batch 0000/0043 | Loss: 0.0264
MAE/RMSE/ACC: Current Valid: 0.48/0.74/62.28 Ep. 81 | Best Valid: 0.40/0.67/62.28 | Ep. 11
Time elapsed: 27.09 min
Epoch: 082/200 | Batch 0000/0043 | Loss: 0.0051
MAE/RMSE/ACC: Current Valid: 0.49/0.75/62.28 Ep. 82 | Best Valid: 0.40/0.67/62.28 | Ep. 11
Time elapsed: 27.43 min
Epoch: 083/200 | Batch 0000/0043 | Loss: 0.0361
MAE/RMSE/ACC: Current Valid: 0.51/0.77/62.28 Ep. 83 | Best Valid: 0.40/0.67/62.28 | Ep. 11
Time elapsed: 27.76 min
Epoch: 084/200 | Batch 0000/0043 | Loss: 0.0418
MAE/RMSE/ACC: Current Valid: 0.50/0.76/62.28 Ep. 84 | Best Valid: 0.40/0.67/62.28 | Ep. 11
Time elapsed: 28.10 min
Epoch: 085/200 | Batch 0000/0043 | Loss: 0.0340
MAE/RMSE/ACC: Current Valid: 0.50/0.77/62.28 Ep. 85 | Best Valid: 0.40/0.67/62.28 | Ep. 11
Time elapsed: 28.43 min
Epoch: 086/200 | Batch 0000/0043 | Loss: 0.0388
MAE/RMSE/ACC: Current Valid: 0.51/0.77/62.28 Ep. 86 | Best Valid: 0.40/0.67/62.28 | Ep. 11
Time elapsed: 28.77 min
Epoch: 087/200 | Batch 0000/0043 | Loss: 0.0103
MAE/RMSE/ACC: Current Valid: 0.48/0.74/62.28 Ep. 87 | Best Valid: 0.40/0.67/62.28 | Ep. 11
Time elapsed: 29.10 min
Epoch: 088/200 | Batch 0000/0043 | Loss: 0.0199
MAE/RMSE/ACC: Current Valid: 0.49/0.76/62.28 Ep. 88 | Best Valid: 0.40/0.67/62.28 | Ep. 11
Time elapsed: 29.44 min
Epoch: 089/200 | Batch 0000/0043 | Loss: 0.0116
MAE/RMSE/ACC: Current Valid: 0.50/0.76/62.28 Ep. 89 | Best Valid: 0.40/0.67/62.28 | Ep. 11
Time elapsed: 29.78 min
Epoch: 090/200 | Batch 0000/0043 | Loss: 0.0210
MAE/RMSE/ACC: Current Valid: 0.49/0.75/62.28 Ep. 90 | Best Valid: 0.40/0.67/62.28 | Ep. 11
Time elapsed: 30.11 min
Epoch: 091/200 | Batch 0000/0043 | Loss: 0.0247
MAE/RMSE/ACC: Current Valid: 0.51/0.77/62.28 Ep. 91 | Best Valid: 0.40/0.67/62.28 | Ep. 11
Time elapsed: 30.45 min
Epoch: 092/200 | Batch 0000/0043 | Loss: 0.0201
MAE/RMSE/ACC: Current Valid: 0.50/0.76/62.28 Ep. 92 | Best Valid: 0.40/0.67/62.28 | Ep. 11
Time elapsed: 30.78 min
Epoch: 093/200 | Batch 0000/0043 | Loss: 0.0343
MAE/RMSE/ACC: Current Valid: 0.49/0.75/62.28 Ep. 93 | Best Valid: 0.40/0.67/62.28 | Ep. 11
Time elapsed: 31.12 min
Epoch: 094/200 | Batch 0000/0043 | Loss: 0.0079
MAE/RMSE/ACC: Current Valid: 0.49/0.75/62.28 Ep. 94 | Best Valid: 0.40/0.67/62.28 | Ep. 11
Time elapsed: 31.45 min
Epoch: 095/200 | Batch 0000/0043 | Loss: 0.0073
MAE/RMSE/ACC: Current Valid: 0.48/0.73/62.28 Ep. 95 | Best Valid: 0.40/0.67/62.28 | Ep. 11
Time elapsed: 31.79 min
Epoch: 096/200 | Batch 0000/0043 | Loss: 0.0321
MAE/RMSE/ACC: Current Valid: 0.50/0.75/62.28 Ep. 96 | Best Valid: 0.40/0.67/62.28 | Ep. 11
Time elapsed: 32.12 min
Epoch: 097/200 | Batch 0000/0043 | Loss: 0.0085
MAE/RMSE/ACC: Current Valid: 0.48/0.74/62.28 Ep. 97 | Best Valid: 0.40/0.67/62.28 | Ep. 11
Time elapsed: 32.46 min
Epoch: 098/200 | Batch 0000/0043 | Loss: 0.0186
MAE/RMSE/ACC: Current Valid: 0.50/0.76/62.28 Ep. 98 | Best Valid: 0.40/0.67/62.28 | Ep. 11
Time elapsed: 32.79 min
Epoch: 099/200 | Batch 0000/0043 | Loss: 0.0142
MAE/RMSE/ACC: Current Valid: 0.48/0.74/62.28 Ep. 99 | Best Valid: 0.40/0.67/62.28 | Ep. 11
Time elapsed: 33.13 min
Epoch: 100/200 | Batch 0000/0043 | Loss: 0.0093
MAE/RMSE/ACC: Current Valid: 0.48/0.74/62.28 Ep. 100 | Best Valid: 0.40/0.67/62.28 | Ep. 11
Time elapsed: 33.46 min
Epoch: 101/200 | Batch 0000/0043 | Loss: 0.0292
MAE/RMSE/ACC: Current Valid: 0.47/0.73/62.28 Ep. 101 | Best Valid: 0.40/0.67/62.28 | Ep. 11
Time elapsed: 33.80 min
Epoch: 102/200 | Batch 0000/0043 | Loss: 0.0239
MAE/RMSE/ACC: Current Valid: 0.50/0.76/62.28 Ep. 102 | Best Valid: 0.40/0.67/62.28 | Ep. 11
Time elapsed: 34.13 min
Epoch: 103/200 | Batch 0000/0043 | Loss: 0.0415
MAE/RMSE/ACC: Current Valid: 0.50/0.76/62.28 Ep. 103 | Best Valid: 0.40/0.67/62.28 | Ep. 11
Time elapsed: 34.46 min
Epoch: 104/200 | Batch 0000/0043 | Loss: 0.0056
MAE/RMSE/ACC: Current Valid: 0.50/0.76/62.28 Ep. 104 | Best Valid: 0.40/0.67/62.28 | Ep. 11
Time elapsed: 34.80 min
Epoch: 105/200 | Batch 0000/0043 | Loss: 0.0309
MAE/RMSE/ACC: Current Valid: 0.50/0.75/62.28 Ep. 105 | Best Valid: 0.40/0.67/62.28 | Ep. 11
Time elapsed: 35.13 min
Epoch: 106/200 | Batch 0000/0043 | Loss: 0.0492
MAE/RMSE/ACC: Current Valid: 0.51/0.77/62.28 Ep. 106 | Best Valid: 0.40/0.67/62.28 | Ep. 11
Time elapsed: 35.46 min
Epoch: 107/200 | Batch 0000/0043 | Loss: 0.0560
MAE/RMSE/ACC: Current Valid: 0.47/0.73/62.28 Ep. 107 | Best Valid: 0.40/0.67/62.28 | Ep. 11
Time elapsed: 35.80 min
Epoch: 108/200 | Batch 0000/0043 | Loss: 0.0417
MAE/RMSE/ACC: Current Valid: 0.52/0.78/62.28 Ep. 108 | Best Valid: 0.40/0.67/62.28 | Ep. 11
Time elapsed: 36.14 min
Epoch: 109/200 | Batch 0000/0043 | Loss: 0.0333
MAE/RMSE/ACC: Current Valid: 0.49/0.75/62.28 Ep. 109 | Best Valid: 0.40/0.67/62.28 | Ep. 11
Time elapsed: 36.47 min
Epoch: 110/200 | Batch 0000/0043 | Loss: 0.0046
MAE/RMSE/ACC: Current Valid: 0.48/0.74/62.28 Ep. 110 | Best Valid: 0.40/0.67/62.28 | Ep. 11
Time elapsed: 36.80 min
Epoch: 111/200 | Batch 0000/0043 | Loss: 0.0241
MAE/RMSE/ACC: Current Valid: 0.51/0.77/62.28 Ep. 111 | Best Valid: 0.40/0.67/62.28 | Ep. 11
Time elapsed: 37.14 min
Epoch: 112/200 | Batch 0000/0043 | Loss: 0.0204
MAE/RMSE/ACC: Current Valid: 0.49/0.74/62.28 Ep. 112 | Best Valid: 0.40/0.67/62.28 | Ep. 11
Time elapsed: 37.48 min
Epoch: 113/200 | Batch 0000/0043 | Loss: 0.0091
MAE/RMSE/ACC: Current Valid: 0.52/0.76/62.28 Ep. 113 | Best Valid: 0.40/0.67/62.28 | Ep. 11
Time elapsed: 37.81 min
Epoch: 114/200 | Batch 0000/0043 | Loss: 0.0200
MAE/RMSE/ACC: Current Valid: 0.52/0.78/62.28 Ep. 114 | Best Valid: 0.40/0.67/62.28 | Ep. 11
Time elapsed: 38.14 min
Epoch: 115/200 | Batch 0000/0043 | Loss: 0.0331
MAE/RMSE/ACC: Current Valid: 0.52/0.77/62.28 Ep. 115 | Best Valid: 0.40/0.67/62.28 | Ep. 11
Time elapsed: 38.48 min
Epoch: 116/200 | Batch 0000/0043 | Loss: 0.0235
MAE/RMSE/ACC: Current Valid: 0.53/0.78/62.28 Ep. 116 | Best Valid: 0.40/0.67/62.28 | Ep. 11
Time elapsed: 38.81 min
Epoch: 117/200 | Batch 0000/0043 | Loss: 0.0265
MAE/RMSE/ACC: Current Valid: 0.50/0.76/62.28 Ep. 117 | Best Valid: 0.40/0.67/62.28 | Ep. 11
Time elapsed: 39.15 min
Epoch: 118/200 | Batch 0000/0043 | Loss: 0.0130
MAE/RMSE/ACC: Current Valid: 0.48/0.75/62.28 Ep. 118 | Best Valid: 0.40/0.67/62.28 | Ep. 11
Time elapsed: 39.48 min
Epoch: 119/200 | Batch 0000/0043 | Loss: 0.0152
MAE/RMSE/ACC: Current Valid: 0.53/0.79/62.28 Ep. 119 | Best Valid: 0.40/0.67/62.28 | Ep. 11
Time elapsed: 39.82 min
Epoch: 120/200 | Batch 0000/0043 | Loss: 0.0249
MAE/RMSE/ACC: Current Valid: 0.50/0.76/62.28 Ep. 120 | Best Valid: 0.40/0.67/62.28 | Ep. 11
Time elapsed: 40.16 min
Epoch: 121/200 | Batch 0000/0043 | Loss: 0.0068
MAE/RMSE/ACC: Current Valid: 0.48/0.74/62.28 Ep. 121 | Best Valid: 0.40/0.67/62.28 | Ep. 11
Time elapsed: 40.49 min
Epoch: 122/200 | Batch 0000/0043 | Loss: 0.0122
MAE/RMSE/ACC: Current Valid: 0.50/0.76/62.28 Ep. 122 | Best Valid: 0.40/0.67/62.28 | Ep. 11
Time elapsed: 40.83 min
Epoch: 123/200 | Batch 0000/0043 | Loss: 0.0351
MAE/RMSE/ACC: Current Valid: 0.52/0.78/62.28 Ep. 123 | Best Valid: 0.40/0.67/62.28 | Ep. 11
Time elapsed: 41.16 min
Epoch: 124/200 | Batch 0000/0043 | Loss: 0.0134
MAE/RMSE/ACC: Current Valid: 0.48/0.74/62.28 Ep. 124 | Best Valid: 0.40/0.67/62.28 | Ep. 11
Time elapsed: 41.50 min
Epoch: 125/200 | Batch 0000/0043 | Loss: 0.0290
MAE/RMSE/ACC: Current Valid: 0.49/0.74/62.28 Ep. 125 | Best Valid: 0.40/0.67/62.28 | Ep. 11
Time elapsed: 41.83 min
Epoch: 126/200 | Batch 0000/0043 | Loss: 0.0127
MAE/RMSE/ACC: Current Valid: 0.50/0.75/62.28 Ep. 126 | Best Valid: 0.40/0.67/62.28 | Ep. 11
Time elapsed: 42.17 min
Epoch: 127/200 | Batch 0000/0043 | Loss: 0.0600
MAE/RMSE/ACC: Current Valid: 0.49/0.76/62.28 Ep. 127 | Best Valid: 0.40/0.67/62.28 | Ep. 11
Time elapsed: 42.50 min
Epoch: 128/200 | Batch 0000/0043 | Loss: 0.0143
MAE/RMSE/ACC: Current Valid: 0.52/0.79/62.28 Ep. 128 | Best Valid: 0.40/0.67/62.28 | Ep. 11
Time elapsed: 42.84 min
Epoch: 129/200 | Batch 0000/0043 | Loss: 0.0225
MAE/RMSE/ACC: Current Valid: 0.49/0.75/62.28 Ep. 129 | Best Valid: 0.40/0.67/62.28 | Ep. 11
Time elapsed: 43.17 min
Epoch: 130/200 | Batch 0000/0043 | Loss: 0.0311
MAE/RMSE/ACC: Current Valid: 0.51/0.76/62.28 Ep. 130 | Best Valid: 0.40/0.67/62.28 | Ep. 11
Time elapsed: 43.51 min
Epoch: 131/200 | Batch 0000/0043 | Loss: 0.0170
MAE/RMSE/ACC: Current Valid: 0.50/0.75/62.28 Ep. 131 | Best Valid: 0.40/0.67/62.28 | Ep. 11
Time elapsed: 43.85 min
Epoch: 132/200 | Batch 0000/0043 | Loss: 0.0132
MAE/RMSE/ACC: Current Valid: 0.50/0.75/62.28 Ep. 132 | Best Valid: 0.40/0.67/62.28 | Ep. 11
Time elapsed: 44.18 min
Epoch: 133/200 | Batch 0000/0043 | Loss: 0.0049
MAE/RMSE/ACC: Current Valid: 0.49/0.75/62.28 Ep. 133 | Best Valid: 0.40/0.67/62.28 | Ep. 11
Time elapsed: 44.52 min
Epoch: 134/200 | Batch 0000/0043 | Loss: 0.0259
MAE/RMSE/ACC: Current Valid: 0.49/0.76/62.28 Ep. 134 | Best Valid: 0.40/0.67/62.28 | Ep. 11
Time elapsed: 44.85 min
Epoch: 135/200 | Batch 0000/0043 | Loss: 0.0157
MAE/RMSE/ACC: Current Valid: 0.51/0.77/62.28 Ep. 135 | Best Valid: 0.40/0.67/62.28 | Ep. 11
Time elapsed: 45.18 min
Epoch: 136/200 | Batch 0000/0043 | Loss: 0.0108
MAE/RMSE/ACC: Current Valid: 0.48/0.73/62.28 Ep. 136 | Best Valid: 0.40/0.67/62.28 | Ep. 11
Time elapsed: 45.52 min
Epoch: 137/200 | Batch 0000/0043 | Loss: 0.0160
MAE/RMSE/ACC: Current Valid: 0.51/0.77/62.28 Ep. 137 | Best Valid: 0.40/0.67/62.28 | Ep. 11
Time elapsed: 45.85 min
Epoch: 138/200 | Batch 0000/0043 | Loss: 0.0453
MAE/RMSE/ACC: Current Valid: 0.50/0.76/62.28 Ep. 138 | Best Valid: 0.40/0.67/62.28 | Ep. 11
Time elapsed: 46.18 min
Epoch: 139/200 | Batch 0000/0043 | Loss: 0.0122
MAE/RMSE/ACC: Current Valid: 0.48/0.74/62.28 Ep. 139 | Best Valid: 0.40/0.67/62.28 | Ep. 11
Time elapsed: 46.52 min
Epoch: 140/200 | Batch 0000/0043 | Loss: 0.0383
MAE/RMSE/ACC: Current Valid: 0.47/0.73/62.28 Ep. 140 | Best Valid: 0.40/0.67/62.28 | Ep. 11
Time elapsed: 46.85 min
Epoch: 141/200 | Batch 0000/0043 | Loss: 0.0235
MAE/RMSE/ACC: Current Valid: 0.48/0.74/62.28 Ep. 141 | Best Valid: 0.40/0.67/62.28 | Ep. 11
Time elapsed: 47.19 min
Epoch: 142/200 | Batch 0000/0043 | Loss: 0.0359
MAE/RMSE/ACC: Current Valid: 0.47/0.73/62.28 Ep. 142 | Best Valid: 0.40/0.67/62.28 | Ep. 11
Time elapsed: 47.52 min
Epoch: 143/200 | Batch 0000/0043 | Loss: 0.0132
MAE/RMSE/ACC: Current Valid: 0.49/0.75/62.28 Ep. 143 | Best Valid: 0.40/0.67/62.28 | Ep. 11
Time elapsed: 47.86 min
Epoch: 144/200 | Batch 0000/0043 | Loss: 0.0260
MAE/RMSE/ACC: Current Valid: 0.47/0.73/62.28 Ep. 144 | Best Valid: 0.40/0.67/62.28 | Ep. 11
Time elapsed: 48.19 min
Epoch: 145/200 | Batch 0000/0043 | Loss: 0.0272
MAE/RMSE/ACC: Current Valid: 0.53/0.79/62.28 Ep. 145 | Best Valid: 0.40/0.67/62.28 | Ep. 11
Time elapsed: 48.53 min
Epoch: 146/200 | Batch 0000/0043 | Loss: 0.0298
MAE/RMSE/ACC: Current Valid: 0.47/0.73/62.28 Ep. 146 | Best Valid: 0.40/0.67/62.28 | Ep. 11
Time elapsed: 48.86 min
Epoch: 147/200 | Batch 0000/0043 | Loss: 0.0066
MAE/RMSE/ACC: Current Valid: 0.48/0.73/62.28 Ep. 147 | Best Valid: 0.40/0.67/62.28 | Ep. 11
Time elapsed: 49.20 min
Epoch: 148/200 | Batch 0000/0043 | Loss: 0.0208
MAE/RMSE/ACC: Current Valid: 0.48/0.74/62.28 Ep. 148 | Best Valid: 0.40/0.67/62.28 | Ep. 11
Time elapsed: 49.53 min
Epoch: 149/200 | Batch 0000/0043 | Loss: 0.0082
MAE/RMSE/ACC: Current Valid: 0.49/0.75/62.28 Ep. 149 | Best Valid: 0.40/0.67/62.28 | Ep. 11
Time elapsed: 49.87 min
Epoch: 150/200 | Batch 0000/0043 | Loss: 0.0366
MAE/RMSE/ACC: Current Valid: 0.49/0.75/62.28 Ep. 150 | Best Valid: 0.40/0.67/62.28 | Ep. 11
Time elapsed: 50.20 min
Epoch: 151/200 | Batch 0000/0043 | Loss: 0.0129
MAE/RMSE/ACC: Current Valid: 0.49/0.75/62.28 Ep. 151 | Best Valid: 0.40/0.67/62.28 | Ep. 11
Time elapsed: 50.54 min
Epoch: 152/200 | Batch 0000/0043 | Loss: 0.0405
MAE/RMSE/ACC: Current Valid: 0.50/0.75/62.28 Ep. 152 | Best Valid: 0.40/0.67/62.28 | Ep. 11
Time elapsed: 50.88 min
Epoch: 153/200 | Batch 0000/0043 | Loss: 0.0105
MAE/RMSE/ACC: Current Valid: 0.49/0.75/62.28 Ep. 153 | Best Valid: 0.40/0.67/62.28 | Ep. 11
Time elapsed: 51.21 min
Epoch: 154/200 | Batch 0000/0043 | Loss: 0.0223
MAE/RMSE/ACC: Current Valid: 0.48/0.74/62.28 Ep. 154 | Best Valid: 0.40/0.67/62.28 | Ep. 11
Time elapsed: 51.54 min
Epoch: 155/200 | Batch 0000/0043 | Loss: 0.0164
MAE/RMSE/ACC: Current Valid: 0.49/0.74/62.28 Ep. 155 | Best Valid: 0.40/0.67/62.28 | Ep. 11
Time elapsed: 51.88 min
Epoch: 156/200 | Batch 0000/0043 | Loss: 0.0245
MAE/RMSE/ACC: Current Valid: 0.51/0.77/62.28 Ep. 156 | Best Valid: 0.40/0.67/62.28 | Ep. 11
Time elapsed: 52.21 min
Epoch: 157/200 | Batch 0000/0043 | Loss: 0.0229
MAE/RMSE/ACC: Current Valid: 0.48/0.74/62.28 Ep. 157 | Best Valid: 0.40/0.67/62.28 | Ep. 11
Time elapsed: 52.55 min
Epoch: 158/200 | Batch 0000/0043 | Loss: 0.0116
MAE/RMSE/ACC: Current Valid: 0.50/0.76/62.28 Ep. 158 | Best Valid: 0.40/0.67/62.28 | Ep. 11
Time elapsed: 52.89 min
Epoch: 159/200 | Batch 0000/0043 | Loss: 0.0102
MAE/RMSE/ACC: Current Valid: 0.51/0.77/62.28 Ep. 159 | Best Valid: 0.40/0.67/62.28 | Ep. 11
Time elapsed: 53.22 min
Epoch: 160/200 | Batch 0000/0043 | Loss: 0.0134
MAE/RMSE/ACC: Current Valid: 0.50/0.75/62.28 Ep. 160 | Best Valid: 0.40/0.67/62.28 | Ep. 11
Time elapsed: 53.56 min
Epoch: 161/200 | Batch 0000/0043 | Loss: 0.0329
MAE/RMSE/ACC: Current Valid: 0.50/0.76/62.28 Ep. 161 | Best Valid: 0.40/0.67/62.28 | Ep. 11
Time elapsed: 53.89 min
Epoch: 162/200 | Batch 0000/0043 | Loss: 0.0111
MAE/RMSE/ACC: Current Valid: 0.51/0.77/62.28 Ep. 162 | Best Valid: 0.40/0.67/62.28 | Ep. 11
Time elapsed: 54.23 min
Epoch: 163/200 | Batch 0000/0043 | Loss: 0.0212
MAE/RMSE/ACC: Current Valid: 0.47/0.73/62.28 Ep. 163 | Best Valid: 0.40/0.67/62.28 | Ep. 11
Time elapsed: 54.56 min
Epoch: 164/200 | Batch 0000/0043 | Loss: 0.0047
MAE/RMSE/ACC: Current Valid: 0.49/0.75/62.28 Ep. 164 | Best Valid: 0.40/0.67/62.28 | Ep. 11
Time elapsed: 54.90 min
Epoch: 165/200 | Batch 0000/0043 | Loss: 0.0237
MAE/RMSE/ACC: Current Valid: 0.49/0.75/62.28 Ep. 165 | Best Valid: 0.40/0.67/62.28 | Ep. 11
Time elapsed: 55.23 min
Epoch: 166/200 | Batch 0000/0043 | Loss: 0.0056
MAE/RMSE/ACC: Current Valid: 0.50/0.75/62.28 Ep. 166 | Best Valid: 0.40/0.67/62.28 | Ep. 11
Time elapsed: 55.57 min
Epoch: 167/200 | Batch 0000/0043 | Loss: 0.0276
MAE/RMSE/ACC: Current Valid: 0.49/0.74/62.28 Ep. 167 | Best Valid: 0.40/0.67/62.28 | Ep. 11
Time elapsed: 55.90 min
Epoch: 168/200 | Batch 0000/0043 | Loss: 0.0232
MAE/RMSE/ACC: Current Valid: 0.49/0.74/62.28 Ep. 168 | Best Valid: 0.40/0.67/62.28 | Ep. 11
Time elapsed: 56.23 min
Epoch: 169/200 | Batch 0000/0043 | Loss: 0.0104
MAE/RMSE/ACC: Current Valid: 0.47/0.73/62.28 Ep. 169 | Best Valid: 0.40/0.67/62.28 | Ep. 11
Time elapsed: 56.57 min
Epoch: 170/200 | Batch 0000/0043 | Loss: 0.0134
MAE/RMSE/ACC: Current Valid: 0.46/0.72/62.28 Ep. 170 | Best Valid: 0.40/0.67/62.28 | Ep. 11
Time elapsed: 56.90 min
Epoch: 171/200 | Batch 0000/0043 | Loss: 0.0287
MAE/RMSE/ACC: Current Valid: 0.51/0.78/62.28 Ep. 171 | Best Valid: 0.40/0.67/62.28 | Ep. 11
Time elapsed: 57.24 min
Epoch: 172/200 | Batch 0000/0043 | Loss: 0.0038
MAE/RMSE/ACC: Current Valid: 0.50/0.75/62.28 Ep. 172 | Best Valid: 0.40/0.67/62.28 | Ep. 11
Time elapsed: 57.57 min
Epoch: 173/200 | Batch 0000/0043 | Loss: 0.0043
MAE/RMSE/ACC: Current Valid: 0.50/0.76/62.28 Ep. 173 | Best Valid: 0.40/0.67/62.28 | Ep. 11
Time elapsed: 57.91 min
Epoch: 174/200 | Batch 0000/0043 | Loss: 0.0148
MAE/RMSE/ACC: Current Valid: 0.48/0.74/62.28 Ep. 174 | Best Valid: 0.40/0.67/62.28 | Ep. 11
Time elapsed: 58.24 min
Epoch: 175/200 | Batch 0000/0043 | Loss: 0.0212
MAE/RMSE/ACC: Current Valid: 0.49/0.75/62.28 Ep. 175 | Best Valid: 0.40/0.67/62.28 | Ep. 11
Time elapsed: 58.58 min
Epoch: 176/200 | Batch 0000/0043 | Loss: 0.0119
MAE/RMSE/ACC: Current Valid: 0.50/0.76/62.28 Ep. 176 | Best Valid: 0.40/0.67/62.28 | Ep. 11
Time elapsed: 58.91 min
Epoch: 177/200 | Batch 0000/0043 | Loss: 0.0091
MAE/RMSE/ACC: Current Valid: 0.47/0.73/62.28 Ep. 177 | Best Valid: 0.40/0.67/62.28 | Ep. 11
Time elapsed: 59.24 min
Epoch: 178/200 | Batch 0000/0043 | Loss: 0.0062
MAE/RMSE/ACC: Current Valid: 0.49/0.75/62.28 Ep. 178 | Best Valid: 0.40/0.67/62.28 | Ep. 11
Time elapsed: 59.58 min
Epoch: 179/200 | Batch 0000/0043 | Loss: 0.0425
MAE/RMSE/ACC: Current Valid: 0.48/0.74/62.28 Ep. 179 | Best Valid: 0.40/0.67/62.28 | Ep. 11
Time elapsed: 59.91 min
Epoch: 180/200 | Batch 0000/0043 | Loss: 0.0242
MAE/RMSE/ACC: Current Valid: 0.49/0.75/62.28 Ep. 180 | Best Valid: 0.40/0.67/62.28 | Ep. 11
Time elapsed: 60.24 min
Epoch: 181/200 | Batch 0000/0043 | Loss: 0.0406
MAE/RMSE/ACC: Current Valid: 0.49/0.75/62.28 Ep. 181 | Best Valid: 0.40/0.67/62.28 | Ep. 11
Time elapsed: 60.57 min
Epoch: 182/200 | Batch 0000/0043 | Loss: 0.0127
MAE/RMSE/ACC: Current Valid: 0.49/0.75/62.28 Ep. 182 | Best Valid: 0.40/0.67/62.28 | Ep. 11
Time elapsed: 60.91 min
Epoch: 183/200 | Batch 0000/0043 | Loss: 0.0081
MAE/RMSE/ACC: Current Valid: 0.50/0.76/62.28 Ep. 183 | Best Valid: 0.40/0.67/62.28 | Ep. 11
Time elapsed: 61.24 min
Epoch: 184/200 | Batch 0000/0043 | Loss: 0.0055
MAE/RMSE/ACC: Current Valid: 0.50/0.76/62.28 Ep. 184 | Best Valid: 0.40/0.67/62.28 | Ep. 11
Time elapsed: 61.59 min
Epoch: 185/200 | Batch 0000/0043 | Loss: 0.0258
MAE/RMSE/ACC: Current Valid: 0.49/0.75/62.28 Ep. 185 | Best Valid: 0.40/0.67/62.28 | Ep. 11
Time elapsed: 61.92 min
Epoch: 186/200 | Batch 0000/0043 | Loss: 0.0032
MAE/RMSE/ACC: Current Valid: 0.48/0.74/62.28 Ep. 186 | Best Valid: 0.40/0.67/62.28 | Ep. 11
Time elapsed: 62.26 min
Epoch: 187/200 | Batch 0000/0043 | Loss: 0.0149
MAE/RMSE/ACC: Current Valid: 0.49/0.75/62.28 Ep. 187 | Best Valid: 0.40/0.67/62.28 | Ep. 11
Time elapsed: 62.59 min
Epoch: 188/200 | Batch 0000/0043 | Loss: 0.0305
MAE/RMSE/ACC: Current Valid: 0.51/0.76/62.28 Ep. 188 | Best Valid: 0.40/0.67/62.28 | Ep. 11
Time elapsed: 62.92 min
Epoch: 189/200 | Batch 0000/0043 | Loss: 0.0293
MAE/RMSE/ACC: Current Valid: 0.47/0.73/62.28 Ep. 189 | Best Valid: 0.40/0.67/62.28 | Ep. 11
Time elapsed: 63.26 min
Epoch: 190/200 | Batch 0000/0043 | Loss: 0.0034
MAE/RMSE/ACC: Current Valid: 0.47/0.73/62.28 Ep. 190 | Best Valid: 0.40/0.67/62.28 | Ep. 11
Time elapsed: 63.59 min
Epoch: 191/200 | Batch 0000/0043 | Loss: 0.0157
MAE/RMSE/ACC: Current Valid: 0.52/0.79/62.28 Ep. 191 | Best Valid: 0.40/0.67/62.28 | Ep. 11
Time elapsed: 63.92 min
Epoch: 192/200 | Batch 0000/0043 | Loss: 0.0200
MAE/RMSE/ACC: Current Valid: 0.50/0.76/62.28 Ep. 192 | Best Valid: 0.40/0.67/62.28 | Ep. 11
Time elapsed: 64.26 min
Epoch: 193/200 | Batch 0000/0043 | Loss: 0.0433
MAE/RMSE/ACC: Current Valid: 0.48/0.74/62.28 Ep. 193 | Best Valid: 0.40/0.67/62.28 | Ep. 11
Time elapsed: 64.59 min
Epoch: 194/200 | Batch 0000/0043 | Loss: 0.0295
MAE/RMSE/ACC: Current Valid: 0.49/0.75/62.28 Ep. 194 | Best Valid: 0.40/0.67/62.28 | Ep. 11
Time elapsed: 64.93 min
Epoch: 195/200 | Batch 0000/0043 | Loss: 0.0064
MAE/RMSE/ACC: Current Valid: 0.51/0.77/62.28 Ep. 195 | Best Valid: 0.40/0.67/62.28 | Ep. 11
Time elapsed: 65.26 min
Epoch: 196/200 | Batch 0000/0043 | Loss: 0.0088
MAE/RMSE/ACC: Current Valid: 0.49/0.75/62.28 Ep. 196 | Best Valid: 0.40/0.67/62.28 | Ep. 11
Time elapsed: 65.60 min
Epoch: 197/200 | Batch 0000/0043 | Loss: 0.0398
MAE/RMSE/ACC: Current Valid: 0.48/0.74/62.28 Ep. 197 | Best Valid: 0.40/0.67/62.28 | Ep. 11
Time elapsed: 65.93 min
Epoch: 198/200 | Batch 0000/0043 | Loss: 0.0157
MAE/RMSE/ACC: Current Valid: 0.49/0.75/62.28 Ep. 198 | Best Valid: 0.40/0.67/62.28 | Ep. 11
Time elapsed: 66.26 min
Epoch: 199/200 | Batch 0000/0043 | Loss: 0.0045
MAE/RMSE/ACC: Current Valid: 0.49/0.75/62.28 Ep. 199 | Best Valid: 0.40/0.67/62.28 | Ep. 11
Time elapsed: 66.59 min
Epoch: 200/200 | Batch 0000/0043 | Loss: 0.0098
MAE/RMSE/ACC: Current Valid: 0.48/0.74/62.28 Ep. 200 | Best Valid: 0.40/0.67/62.28 | Ep. 11
Time elapsed: 66.93 min
MAE/RMSE: | Train: 0.00/0.07 | Valid: 0.48/0.74 | Test: 0.47/0.72
ACC: | Train: 99.56 | Valid: 55.74 | Test: 55.56
Total Running Time: 67.56 min
MAE/RMSE: | Best Train: 0.32/0.59 | Best Valid: 0.40/0.67 | Best Test: 0.45/0.71
ACC: | Best Train: 69.61 | Best Valid: 62.28 | Best Test: 57.86
Total Running Time: 68.18 min
